[2024-12-05T18:08:45.341+0000] {local_task_job_runner.py:123} INFO - ::group::Pre task execution logs
[2024-12-05T18:08:45.358+0000] {taskinstance.py:2613} INFO - Dependencies all met for dep_context=non-requeueable deps ti=<TaskInstance: LocalIngestionDag.wget scheduled__2022-06-02T06:00:00+00:00 [queued]>
[2024-12-05T18:08:45.367+0000] {taskinstance.py:2613} INFO - Dependencies all met for dep_context=requeueable deps ti=<TaskInstance: LocalIngestionDag.wget scheduled__2022-06-02T06:00:00+00:00 [queued]>
[2024-12-05T18:08:45.367+0000] {taskinstance.py:2866} INFO - Starting attempt 1 of 1
[2024-12-05T18:08:45.379+0000] {taskinstance.py:2889} INFO - Executing <Task(BashOperator): wget> on 2022-06-02 06:00:00+00:00
[2024-12-05T18:08:45.384+0000] {warnings.py:112} WARNING - /home/***/.local/lib/python3.12/site-packages/***/task/task_runner/standard_task_runner.py:70: DeprecationWarning: This process (pid=1662) is multi-threaded, use of fork() may lead to deadlocks in the child.
  pid = os.fork()

[2024-12-05T18:08:45.387+0000] {standard_task_runner.py:72} INFO - Started process 1671 to run task
[2024-12-05T18:08:45.386+0000] {standard_task_runner.py:104} INFO - Running: ['***', 'tasks', 'run', 'LocalIngestionDag', 'wget', 'scheduled__2022-06-02T06:00:00+00:00', '--job-id', '190', '--raw', '--subdir', 'DAGS_FOLDER/data_ingestion_local.py', '--cfg-path', '/tmp/tmp_o25fegz']
[2024-12-05T18:08:45.389+0000] {standard_task_runner.py:105} INFO - Job 190: Subtask wget
[2024-12-05T18:08:45.461+0000] {task_command.py:467} INFO - Running <TaskInstance: LocalIngestionDag.wget scheduled__2022-06-02T06:00:00+00:00 [running]> on host 073dea24e113
[2024-12-05T18:08:45.552+0000] {taskinstance.py:3132} INFO - Exporting env vars: AIRFLOW_CTX_DAG_OWNER='***' AIRFLOW_CTX_DAG_ID='LocalIngestionDag' AIRFLOW_CTX_TASK_ID='wget' AIRFLOW_CTX_EXECUTION_DATE='2022-06-02T06:00:00+00:00' AIRFLOW_CTX_TRY_NUMBER='1' AIRFLOW_CTX_DAG_RUN_ID='scheduled__2022-06-02T06:00:00+00:00'
[2024-12-05T18:08:45.554+0000] {taskinstance.py:731} INFO - ::endgroup::
[2024-12-05T18:08:45.565+0000] {subprocess.py:78} INFO - Tmp dir root location: /tmp
[2024-12-05T18:08:45.566+0000] {subprocess.py:88} INFO - Running command: ['/usr/bin/bash', '-c', 'echo "hello world"']
[2024-12-05T18:08:45.575+0000] {subprocess.py:99} INFO - Output:
[2024-12-05T18:08:45.577+0000] {subprocess.py:106} INFO - hello world
[2024-12-05T18:08:45.580+0000] {subprocess.py:110} INFO - Command exited with return code 0
[2024-12-05T18:08:45.609+0000] {taskinstance.py:340} INFO - ::group::Post task execution logs
[2024-12-05T18:08:45.609+0000] {taskinstance.py:352} INFO - Marking task as SUCCESS. dag_id=LocalIngestionDag, task_id=wget, run_id=scheduled__2022-06-02T06:00:00+00:00, execution_date=20220602T060000, start_date=20241205T180845, end_date=20241205T180845
[2024-12-05T18:08:45.643+0000] {local_task_job_runner.py:266} INFO - Task exited with return code 0
[2024-12-05T18:08:45.704+0000] {taskinstance.py:3895} INFO - 1 downstream tasks scheduled from follow-on schedule check
[2024-12-05T18:08:45.706+0000] {local_task_job_runner.py:245} INFO - ::endgroup::
