[2024-12-06T17:46:38.760+0000] {local_task_job_runner.py:123} INFO - ::group::Pre task execution logs
[2024-12-06T17:46:38.774+0000] {taskinstance.py:2613} INFO - Dependencies all met for dep_context=non-requeueable deps ti=<TaskInstance: LocalIngestionDag_v02.ingest scheduled__2021-08-02T06:00:00+00:00 [queued]>
[2024-12-06T17:46:38.783+0000] {taskinstance.py:2613} INFO - Dependencies all met for dep_context=requeueable deps ti=<TaskInstance: LocalIngestionDag_v02.ingest scheduled__2021-08-02T06:00:00+00:00 [queued]>
[2024-12-06T17:46:38.783+0000] {taskinstance.py:2866} INFO - Starting attempt 1 of 1
[2024-12-06T17:46:38.794+0000] {taskinstance.py:2889} INFO - Executing <Task(PythonOperator): ingest> on 2021-08-02 06:00:00+00:00
[2024-12-06T17:46:38.799+0000] {warnings.py:112} WARNING - /home/***/.local/lib/python3.12/site-packages/***/task/task_runner/standard_task_runner.py:70: DeprecationWarning: This process (pid=2218) is multi-threaded, use of fork() may lead to deadlocks in the child.
  pid = os.fork()

[2024-12-06T17:46:38.801+0000] {standard_task_runner.py:72} INFO - Started process 2223 to run task
[2024-12-06T17:46:38.802+0000] {standard_task_runner.py:104} INFO - Running: ['***', 'tasks', 'run', 'LocalIngestionDag_v02', 'ingest', 'scheduled__2021-08-02T06:00:00+00:00', '--job-id', '50', '--raw', '--subdir', 'DAGS_FOLDER/data_ingestion_local.py', '--cfg-path', '/tmp/tmpmz74gs77']
[2024-12-06T17:46:38.805+0000] {standard_task_runner.py:105} INFO - Job 50: Subtask ingest
[2024-12-06T17:46:38.839+0000] {task_command.py:467} INFO - Running <TaskInstance: LocalIngestionDag_v02.ingest scheduled__2021-08-02T06:00:00+00:00 [running]> on host 39ecaeffba2c
[2024-12-06T17:46:39.247+0000] {taskinstance.py:3132} INFO - Exporting env vars: AIRFLOW_CTX_DAG_OWNER='***' AIRFLOW_CTX_DAG_ID='LocalIngestionDag_v02' AIRFLOW_CTX_TASK_ID='ingest' AIRFLOW_CTX_EXECUTION_DATE='2021-08-02T06:00:00+00:00' AIRFLOW_CTX_TRY_NUMBER='1' AIRFLOW_CTX_DAG_RUN_ID='scheduled__2021-08-02T06:00:00+00:00'
[2024-12-06T17:46:39.248+0000] {taskinstance.py:731} INFO - ::endgroup::
[2024-12-06T17:46:39.260+0000] {logging_mixin.py:190} INFO - root root pgdatabase 5432 ny_taxi yellow_taxi_2021_08 /opt/***/output_2021-08.parquet
[2024-12-06T17:46:39.271+0000] {logging_mixin.py:190} INFO - connection established, inserting data...
[2024-12-06T17:46:47.254+0000] {logging_mixin.py:190} INFO - inserted, took 7.980 second
[2024-12-06T17:46:47.431+0000] {python.py:240} INFO - Done. Returned value was: None
[2024-12-06T17:46:47.545+0000] {taskinstance.py:340} INFO - ::group::Post task execution logs
[2024-12-06T17:46:47.546+0000] {taskinstance.py:352} INFO - Marking task as SUCCESS. dag_id=LocalIngestionDag_v02, task_id=ingest, run_id=scheduled__2021-08-02T06:00:00+00:00, execution_date=20210802T060000, start_date=20241206T174638, end_date=20241206T174647
[2024-12-06T17:46:47.669+0000] {local_task_job_runner.py:266} INFO - Task exited with return code 0
[2024-12-06T17:46:47.805+0000] {taskinstance.py:3895} INFO - 0 downstream tasks scheduled from follow-on schedule check
[2024-12-06T17:46:47.809+0000] {local_task_job_runner.py:245} INFO - ::endgroup::
