[2024-12-06T17:46:38.767+0000] {local_task_job_runner.py:123} INFO - ::group::Pre task execution logs
[2024-12-06T17:46:38.778+0000] {taskinstance.py:2613} INFO - Dependencies all met for dep_context=non-requeueable deps ti=<TaskInstance: LocalIngestionDag_v02.ingest scheduled__2021-09-02T06:00:00+00:00 [queued]>
[2024-12-06T17:46:38.785+0000] {taskinstance.py:2613} INFO - Dependencies all met for dep_context=requeueable deps ti=<TaskInstance: LocalIngestionDag_v02.ingest scheduled__2021-09-02T06:00:00+00:00 [queued]>
[2024-12-06T17:46:38.785+0000] {taskinstance.py:2866} INFO - Starting attempt 1 of 1
[2024-12-06T17:46:39.029+0000] {taskinstance.py:2889} INFO - Executing <Task(PythonOperator): ingest> on 2021-09-02 06:00:00+00:00
[2024-12-06T17:46:39.035+0000] {warnings.py:112} WARNING - /home/***/.local/lib/python3.12/site-packages/***/task/task_runner/standard_task_runner.py:70: DeprecationWarning: This process (pid=2220) is multi-threaded, use of fork() may lead to deadlocks in the child.
  pid = os.fork()

[2024-12-06T17:46:39.037+0000] {standard_task_runner.py:72} INFO - Started process 2225 to run task
[2024-12-06T17:46:39.037+0000] {standard_task_runner.py:104} INFO - Running: ['***', 'tasks', 'run', 'LocalIngestionDag_v02', 'ingest', 'scheduled__2021-09-02T06:00:00+00:00', '--job-id', '51', '--raw', '--subdir', 'DAGS_FOLDER/data_ingestion_local.py', '--cfg-path', '/tmp/tmpwdnzpqi5']
[2024-12-06T17:46:39.039+0000] {standard_task_runner.py:105} INFO - Job 51: Subtask ingest
[2024-12-06T17:46:39.104+0000] {task_command.py:467} INFO - Running <TaskInstance: LocalIngestionDag_v02.ingest scheduled__2021-09-02T06:00:00+00:00 [running]> on host 39ecaeffba2c
[2024-12-06T17:46:39.262+0000] {taskinstance.py:3132} INFO - Exporting env vars: AIRFLOW_CTX_DAG_OWNER='***' AIRFLOW_CTX_DAG_ID='LocalIngestionDag_v02' AIRFLOW_CTX_TASK_ID='ingest' AIRFLOW_CTX_EXECUTION_DATE='2021-09-02T06:00:00+00:00' AIRFLOW_CTX_TRY_NUMBER='1' AIRFLOW_CTX_DAG_RUN_ID='scheduled__2021-09-02T06:00:00+00:00'
[2024-12-06T17:46:39.263+0000] {taskinstance.py:731} INFO - ::endgroup::
[2024-12-06T17:46:39.276+0000] {logging_mixin.py:190} INFO - root root pgdatabase 5432 ny_taxi yellow_taxi_2021_09 /opt/***/output_2021-09.parquet
[2024-12-06T17:46:39.287+0000] {logging_mixin.py:190} INFO - connection established, inserting data...
[2024-12-06T17:46:47.269+0000] {logging_mixin.py:190} INFO - inserted, took 7.977 second
[2024-12-06T17:46:47.494+0000] {python.py:240} INFO - Done. Returned value was: None
[2024-12-06T17:46:47.571+0000] {taskinstance.py:340} INFO - ::group::Post task execution logs
[2024-12-06T17:46:47.573+0000] {taskinstance.py:352} INFO - Marking task as SUCCESS. dag_id=LocalIngestionDag_v02, task_id=ingest, run_id=scheduled__2021-09-02T06:00:00+00:00, execution_date=20210902T060000, start_date=20241206T174638, end_date=20241206T174647
[2024-12-06T17:46:47.781+0000] {local_task_job_runner.py:266} INFO - Task exited with return code 0
[2024-12-06T17:46:47.876+0000] {taskinstance.py:3895} INFO - 0 downstream tasks scheduled from follow-on schedule check
[2024-12-06T17:46:47.886+0000] {local_task_job_runner.py:245} INFO - ::endgroup::
