[2024-12-09T23:56:50.741+0000] {local_task_job_runner.py:123} INFO - ::group::Pre task execution logs
[2024-12-09T23:56:50.777+0000] {taskinstance.py:2613} INFO - Dependencies all met for dep_context=non-requeueable deps ti=<TaskInstance: homework_dag_v2.download_dataset scheduled__2022-07-01T00:00:00+00:00 [queued]>
[2024-12-09T23:56:50.791+0000] {taskinstance.py:2613} INFO - Dependencies all met for dep_context=requeueable deps ti=<TaskInstance: homework_dag_v2.download_dataset scheduled__2022-07-01T00:00:00+00:00 [queued]>
[2024-12-09T23:56:50.792+0000] {taskinstance.py:2866} INFO - Starting attempt 1 of 1
[2024-12-09T23:56:50.804+0000] {taskinstance.py:2889} INFO - Executing <Task(BashOperator): download_dataset> on 2022-07-01 00:00:00+00:00
[2024-12-09T23:56:50.819+0000] {warnings.py:112} WARNING - /home/***/.local/lib/python3.12/site-packages/***/task/task_runner/standard_task_runner.py:70: DeprecationWarning: This process (pid=12132) is multi-threaded, use of fork() may lead to deadlocks in the child.
  pid = os.fork()

[2024-12-09T23:56:50.821+0000] {standard_task_runner.py:72} INFO - Started process 12153 to run task
[2024-12-09T23:56:50.824+0000] {standard_task_runner.py:104} INFO - Running: ['***', 'tasks', 'run', 'homework_dag_v2', 'download_dataset', 'scheduled__2022-07-01T00:00:00+00:00', '--job-id', '207', '--raw', '--subdir', 'DAGS_FOLDER/homework_dag_v2.py', '--cfg-path', '/tmp/tmprmw5du85']
[2024-12-09T23:56:50.827+0000] {standard_task_runner.py:105} INFO - Job 207: Subtask download_dataset
[2024-12-09T23:56:50.910+0000] {task_command.py:467} INFO - Running <TaskInstance: homework_dag_v2.download_dataset scheduled__2022-07-01T00:00:00+00:00 [running]> on host 39ecaeffba2c
[2024-12-09T23:56:50.992+0000] {taskinstance.py:3132} INFO - Exporting env vars: AIRFLOW_CTX_DAG_OWNER='***' AIRFLOW_CTX_DAG_ID='homework_dag_v2' AIRFLOW_CTX_TASK_ID='download_dataset' AIRFLOW_CTX_EXECUTION_DATE='2022-07-01T00:00:00+00:00' AIRFLOW_CTX_TRY_NUMBER='1' AIRFLOW_CTX_DAG_RUN_ID='scheduled__2022-07-01T00:00:00+00:00'
[2024-12-09T23:56:50.993+0000] {taskinstance.py:731} INFO - ::endgroup::
[2024-12-09T23:56:51.005+0000] {subprocess.py:78} INFO - Tmp dir root location: /tmp
[2024-12-09T23:56:51.005+0000] {subprocess.py:88} INFO - Running command: ['/usr/bin/bash', '-c', 'wget https://d37ci6vzurychx.cloudfront.net/trip-data/green_tripdata_2022-07.parquet -O /opt/***/green_tripdata_2022-07.parquet']
[2024-12-09T23:56:51.013+0000] {subprocess.py:99} INFO - Output:
[2024-12-09T23:56:51.016+0000] {subprocess.py:106} INFO - --2024-12-09 23:56:51--  https://d37ci6vzurychx.cloudfront.net/trip-data/green_tripdata_2022-07.parquet
[2024-12-09T23:56:51.032+0000] {subprocess.py:106} INFO - Resolving d37ci6vzurychx.cloudfront.net (d37ci6vzurychx.cloudfront.net)... 18.173.251.90, 18.173.251.37, 18.173.251.156, ...
[2024-12-09T23:56:51.081+0000] {subprocess.py:106} INFO - Connecting to d37ci6vzurychx.cloudfront.net (d37ci6vzurychx.cloudfront.net)|18.173.251.90|:443... connected.
[2024-12-09T23:56:51.547+0000] {subprocess.py:106} INFO - HTTP request sent, awaiting response... 200 OK
[2024-12-09T23:56:51.548+0000] {subprocess.py:106} INFO - Length: 1312353 (1.3M) [binary/octet-stream]
[2024-12-09T23:56:51.548+0000] {subprocess.py:106} INFO - Saving to: ‘/opt/***/green_tripdata_2022-07.parquet’
[2024-12-09T23:56:51.552+0000] {subprocess.py:106} INFO - 
[2024-12-09T23:56:51.666+0000] {subprocess.py:106} INFO -      0K .......... .......... .......... .......... ..........  3%  728K 2s
[2024-12-09T23:56:51.686+0000] {subprocess.py:106} INFO -     50K .......... .......... .......... .......... ..........  7%  717K 2s
[2024-12-09T23:56:51.722+0000] {subprocess.py:106} INFO -    100K .......... .......... .......... .......... .......... 11% 1.35M 1s
[2024-12-09T23:56:51.746+0000] {subprocess.py:106} INFO -    150K .......... .......... .......... .......... .......... 15% 2.05M 1s
[2024-12-09T23:56:51.762+0000] {subprocess.py:106} INFO -    200K .......... .......... .......... .......... .......... 19% 2.97M 1s
[2024-12-09T23:56:51.772+0000] {subprocess.py:106} INFO -    250K .......... .......... .......... .......... .......... 23% 5.30M 1s
[2024-12-09T23:56:51.786+0000] {subprocess.py:106} INFO -    300K .......... .......... .......... .......... .......... 27% 3.49M 1s
[2024-12-09T23:56:51.797+0000] {subprocess.py:106} INFO -    350K .......... .......... .......... .......... .......... 31% 4.53M 1s
[2024-12-09T23:56:51.808+0000] {subprocess.py:106} INFO -    400K .......... .......... .......... .......... .......... 35% 4.23M 0s
[2024-12-09T23:56:51.814+0000] {subprocess.py:106} INFO -    450K .......... .......... .......... .......... .......... 39% 8.39M 0s
[2024-12-09T23:56:51.819+0000] {subprocess.py:106} INFO -    500K .......... .......... .......... .......... .......... 42% 8.49M 0s
[2024-12-09T23:56:51.825+0000] {subprocess.py:106} INFO -    550K .......... .......... .......... .......... .......... 46% 8.89M 0s
[2024-12-09T23:56:51.832+0000] {subprocess.py:106} INFO -    600K .......... .......... .......... .......... .......... 50% 6.53M 0s
[2024-12-09T23:56:51.837+0000] {subprocess.py:106} INFO -    650K .......... .......... .......... .......... .......... 54% 10.9M 0s
[2024-12-09T23:56:51.843+0000] {subprocess.py:106} INFO -    700K .......... .......... .......... .......... .......... 58% 7.38M 0s
[2024-12-09T23:56:51.847+0000] {subprocess.py:106} INFO -    750K .......... .......... .......... .......... .......... 62% 14.0M 0s
[2024-12-09T23:56:51.852+0000] {subprocess.py:106} INFO -    800K .......... .......... .......... .......... .......... 66% 10.2M 0s
[2024-12-09T23:56:51.856+0000] {subprocess.py:106} INFO -    850K .......... .......... .......... .......... .......... 70% 10.4M 0s
[2024-12-09T23:56:51.861+0000] {subprocess.py:106} INFO -    900K .......... .......... .......... .......... .......... 74% 10.9M 0s
[2024-12-09T23:56:51.864+0000] {subprocess.py:106} INFO -    950K .......... .......... .......... .......... .......... 78% 19.4M 0s
[2024-12-09T23:56:51.899+0000] {subprocess.py:106} INFO -   1000K .......... .......... .......... .......... .......... 81% 1.43M 0s
[2024-12-09T23:56:51.912+0000] {subprocess.py:106} INFO -   1050K .......... .......... .......... .......... .......... 85% 5.11M 0s
[2024-12-09T23:56:51.913+0000] {subprocess.py:106} INFO -   1100K .......... .......... .......... .......... .......... 89% 9.86M 0s
[2024-12-09T23:56:51.916+0000] {subprocess.py:106} INFO -   1150K .......... .......... .......... .......... .......... 93% 19.4M 0s
[2024-12-09T23:56:51.919+0000] {subprocess.py:106} INFO -   1200K .......... .......... .......... .......... .......... 97% 24.4M 0s
[2024-12-09T23:56:51.921+0000] {subprocess.py:106} INFO -   1250K .......... .......... .......... .                    100%  148M=0.4s
[2024-12-09T23:56:51.922+0000] {subprocess.py:106} INFO - 
[2024-12-09T23:56:51.924+0000] {subprocess.py:106} INFO - 2024-12-09 23:56:51 (3.39 MB/s) - ‘/opt/***/green_tripdata_2022-07.parquet’ saved [1312353/1312353]
[2024-12-09T23:56:51.926+0000] {subprocess.py:106} INFO - 
[2024-12-09T23:56:51.930+0000] {subprocess.py:110} INFO - Command exited with return code 0
[2024-12-09T23:56:52.020+0000] {taskinstance.py:340} INFO - ::group::Post task execution logs
[2024-12-09T23:56:52.030+0000] {taskinstance.py:352} INFO - Marking task as SUCCESS. dag_id=homework_dag_v2, task_id=download_dataset, run_id=scheduled__2022-07-01T00:00:00+00:00, execution_date=20220701T000000, start_date=20241209T235650, end_date=20241209T235652
[2024-12-09T23:56:52.136+0000] {local_task_job_runner.py:266} INFO - Task exited with return code 0
[2024-12-09T23:56:52.169+0000] {taskinstance.py:3895} INFO - 1 downstream tasks scheduled from follow-on schedule check
[2024-12-09T23:56:52.172+0000] {local_task_job_runner.py:245} INFO - ::endgroup::
