[2024-12-09T23:58:09.334+0000] {local_task_job_runner.py:123} INFO - ::group::Pre task execution logs
[2024-12-09T23:58:09.394+0000] {taskinstance.py:2613} INFO - Dependencies all met for dep_context=non-requeueable deps ti=<TaskInstance: homework_dag_v2.download_dataset scheduled__2022-07-01T00:00:00+00:00 [queued]>
[2024-12-09T23:58:09.444+0000] {taskinstance.py:2613} INFO - Dependencies all met for dep_context=requeueable deps ti=<TaskInstance: homework_dag_v2.download_dataset scheduled__2022-07-01T00:00:00+00:00 [queued]>
[2024-12-09T23:58:09.445+0000] {taskinstance.py:2866} INFO - Starting attempt 2 of 2
[2024-12-09T23:58:09.479+0000] {taskinstance.py:2889} INFO - Executing <Task(BashOperator): download_dataset> on 2022-07-01 00:00:00+00:00
[2024-12-09T23:58:09.489+0000] {warnings.py:112} WARNING - /home/***/.local/lib/python3.12/site-packages/***/task/task_runner/standard_task_runner.py:70: DeprecationWarning: This process (pid=12284) is multi-threaded, use of fork() may lead to deadlocks in the child.
  pid = os.fork()

[2024-12-09T23:58:09.494+0000] {standard_task_runner.py:72} INFO - Started process 12290 to run task
[2024-12-09T23:58:09.496+0000] {standard_task_runner.py:104} INFO - Running: ['***', 'tasks', 'run', 'homework_dag_v2', 'download_dataset', 'scheduled__2022-07-01T00:00:00+00:00', '--job-id', '238', '--raw', '--subdir', 'DAGS_FOLDER/homework_dag_v2.py', '--cfg-path', '/tmp/tmptf7if8ur']
[2024-12-09T23:58:09.504+0000] {standard_task_runner.py:105} INFO - Job 238: Subtask download_dataset
[2024-12-09T23:58:09.590+0000] {task_command.py:467} INFO - Running <TaskInstance: homework_dag_v2.download_dataset scheduled__2022-07-01T00:00:00+00:00 [running]> on host 39ecaeffba2c
[2024-12-09T23:58:09.714+0000] {taskinstance.py:3132} INFO - Exporting env vars: AIRFLOW_CTX_DAG_OWNER='***' AIRFLOW_CTX_DAG_ID='homework_dag_v2' AIRFLOW_CTX_TASK_ID='download_dataset' AIRFLOW_CTX_EXECUTION_DATE='2022-07-01T00:00:00+00:00' AIRFLOW_CTX_TRY_NUMBER='2' AIRFLOW_CTX_DAG_RUN_ID='scheduled__2022-07-01T00:00:00+00:00'
[2024-12-09T23:58:09.716+0000] {taskinstance.py:731} INFO - ::endgroup::
[2024-12-09T23:58:09.731+0000] {subprocess.py:78} INFO - Tmp dir root location: /tmp
[2024-12-09T23:58:09.731+0000] {subprocess.py:88} INFO - Running command: ['/usr/bin/bash', '-c', 'wget https://d37ci6vzurychx.cloudfront.net/trip-data/green_tripdata_2022-07.parquet -O /opt/***/green_tripdata_2022-07.parquet']
[2024-12-09T23:58:09.745+0000] {subprocess.py:99} INFO - Output:
[2024-12-09T23:58:09.748+0000] {subprocess.py:106} INFO - --2024-12-09 23:58:09--  https://d37ci6vzurychx.cloudfront.net/trip-data/green_tripdata_2022-07.parquet
[2024-12-09T23:58:09.773+0000] {subprocess.py:106} INFO - Resolving d37ci6vzurychx.cloudfront.net (d37ci6vzurychx.cloudfront.net)... 52.85.39.117, 52.85.39.153, 52.85.39.65, ...
[2024-12-09T23:58:09.805+0000] {subprocess.py:106} INFO - Connecting to d37ci6vzurychx.cloudfront.net (d37ci6vzurychx.cloudfront.net)|52.85.39.117|:443... connected.
[2024-12-09T23:58:10.268+0000] {subprocess.py:106} INFO - HTTP request sent, awaiting response... 200 OK
[2024-12-09T23:58:10.269+0000] {subprocess.py:106} INFO - Length: 1312353 (1.3M) [binary/octet-stream]
[2024-12-09T23:58:10.270+0000] {subprocess.py:106} INFO - Saving to: ‘/opt/***/green_tripdata_2022-07.parquet’
[2024-12-09T23:58:10.271+0000] {subprocess.py:106} INFO - 
[2024-12-09T23:58:10.392+0000] {subprocess.py:106} INFO -      0K .......... .......... .......... .......... ..........  3%  728K 2s
[2024-12-09T23:58:10.402+0000] {subprocess.py:106} INFO -     50K .......... .......... .......... .......... ..........  7%  763K 2s
[2024-12-09T23:58:10.453+0000] {subprocess.py:106} INFO -    100K .......... .......... .......... .......... .......... 11%  983K 1s
[2024-12-09T23:58:10.461+0000] {subprocess.py:106} INFO -    150K .......... .......... .......... .......... .......... 15% 6.35M 1s
[2024-12-09T23:58:10.468+0000] {subprocess.py:106} INFO -    200K .......... .......... .......... .......... .......... 19% 7.39M 1s
[2024-12-09T23:58:10.537+0000] {subprocess.py:106} INFO -    250K .......... .......... .......... .......... .......... 23%  770K 1s
[2024-12-09T23:58:10.559+0000] {subprocess.py:106} INFO -    300K .......... .......... .......... .......... .......... 27% 1.85M 1s
[2024-12-09T23:58:10.598+0000] {subprocess.py:106} INFO -    350K .......... .......... .......... .......... .......... 31% 1.27M 1s
[2024-12-09T23:58:10.619+0000] {subprocess.py:106} INFO -    400K .......... .......... .......... .......... .......... 35% 2.34M 1s
[2024-12-09T23:58:10.623+0000] {subprocess.py:106} INFO -    450K .......... .......... .......... .......... .......... 39% 12.6M 1s
[2024-12-09T23:58:10.649+0000] {subprocess.py:106} INFO -    500K .......... .......... .......... .......... .......... 42% 2.01M 1s
[2024-12-09T23:58:10.654+0000] {subprocess.py:106} INFO -    550K .......... .......... .......... .......... .......... 46% 6.71M 0s
[2024-12-09T23:58:10.658+0000] {subprocess.py:106} INFO -    600K .......... .......... .......... .......... .......... 50% 11.8M 0s
[2024-12-09T23:58:10.661+0000] {subprocess.py:106} INFO -    650K .......... .......... .......... .......... .......... 54% 14.5M 0s
[2024-12-09T23:58:10.665+0000] {subprocess.py:106} INFO -    700K .......... .......... .......... .......... .......... 58% 11.5M 0s
[2024-12-09T23:58:10.670+0000] {subprocess.py:106} INFO -    750K .......... .......... .......... .......... .......... 62% 11.2M 0s
[2024-12-09T23:58:10.673+0000] {subprocess.py:106} INFO -    800K .......... .......... .......... .......... .......... 66% 12.7M 0s
[2024-12-09T23:58:10.678+0000] {subprocess.py:106} INFO -    850K .......... .......... .......... .......... .......... 70% 12.2M 0s
[2024-12-09T23:58:10.681+0000] {subprocess.py:106} INFO -    900K .......... .......... .......... .......... .......... 74% 12.5M 0s
[2024-12-09T23:58:10.685+0000] {subprocess.py:106} INFO -    950K .......... .......... .......... .......... .......... 78% 15.8M 0s
[2024-12-09T23:58:10.690+0000] {subprocess.py:106} INFO -   1000K .......... .......... .......... .......... .......... 81% 15.0M 0s
[2024-12-09T23:58:10.691+0000] {subprocess.py:106} INFO -   1050K .......... .......... .......... .......... .......... 85% 16.5M 0s
[2024-12-09T23:58:10.694+0000] {subprocess.py:106} INFO -   1100K .......... .......... .......... .......... .......... 89% 16.1M 0s
[2024-12-09T23:58:10.697+0000] {subprocess.py:106} INFO -   1150K .......... .......... .......... .......... .......... 93% 16.8M 0s
[2024-12-09T23:58:10.699+0000] {subprocess.py:106} INFO -   1200K .......... .......... .......... .......... .......... 97% 18.6M 0s
[2024-12-09T23:58:10.701+0000] {subprocess.py:106} INFO -   1250K .......... .......... .......... .                    100% 17.8M=0.4s
[2024-12-09T23:58:10.701+0000] {subprocess.py:106} INFO - 
[2024-12-09T23:58:10.702+0000] {subprocess.py:106} INFO - 2024-12-09 23:58:10 (2.89 MB/s) - ‘/opt/***/green_tripdata_2022-07.parquet’ saved [1312353/1312353]
[2024-12-09T23:58:10.702+0000] {subprocess.py:106} INFO - 
[2024-12-09T23:58:10.703+0000] {subprocess.py:110} INFO - Command exited with return code 0
[2024-12-09T23:58:10.733+0000] {taskinstance.py:340} INFO - ::group::Post task execution logs
[2024-12-09T23:58:10.736+0000] {taskinstance.py:352} INFO - Marking task as SUCCESS. dag_id=homework_dag_v2, task_id=download_dataset, run_id=scheduled__2022-07-01T00:00:00+00:00, execution_date=20220701T000000, start_date=20241209T235809, end_date=20241209T235810
[2024-12-09T23:58:10.798+0000] {local_task_job_runner.py:266} INFO - Task exited with return code 0
[2024-12-09T23:58:10.841+0000] {taskinstance.py:3895} INFO - 1 downstream tasks scheduled from follow-on schedule check
[2024-12-09T23:58:10.842+0000] {local_task_job_runner.py:245} INFO - ::endgroup::
