[2024-12-09T23:56:50.104+0000] {local_task_job_runner.py:123} INFO - ::group::Pre task execution logs
[2024-12-09T23:56:50.142+0000] {taskinstance.py:2613} INFO - Dependencies all met for dep_context=non-requeueable deps ti=<TaskInstance: homework_dag_v2.download_dataset scheduled__2022-01-01T00:00:00+00:00 [queued]>
[2024-12-09T23:56:50.162+0000] {taskinstance.py:2613} INFO - Dependencies all met for dep_context=requeueable deps ti=<TaskInstance: homework_dag_v2.download_dataset scheduled__2022-01-01T00:00:00+00:00 [queued]>
[2024-12-09T23:56:50.163+0000] {taskinstance.py:2866} INFO - Starting attempt 1 of 1
[2024-12-09T23:56:50.200+0000] {taskinstance.py:2889} INFO - Executing <Task(BashOperator): download_dataset> on 2022-01-01 00:00:00+00:00
[2024-12-09T23:56:50.221+0000] {warnings.py:112} WARNING - /home/***/.local/lib/python3.12/site-packages/***/task/task_runner/standard_task_runner.py:70: DeprecationWarning: This process (pid=12126) is multi-threaded, use of fork() may lead to deadlocks in the child.
  pid = os.fork()

[2024-12-09T23:56:50.224+0000] {standard_task_runner.py:72} INFO - Started process 12140 to run task
[2024-12-09T23:56:50.226+0000] {standard_task_runner.py:104} INFO - Running: ['***', 'tasks', 'run', 'homework_dag_v2', 'download_dataset', 'scheduled__2022-01-01T00:00:00+00:00', '--job-id', '202', '--raw', '--subdir', 'DAGS_FOLDER/homework_dag_v2.py', '--cfg-path', '/tmp/tmpueyla93i']
[2024-12-09T23:56:50.233+0000] {standard_task_runner.py:105} INFO - Job 202: Subtask download_dataset
[2024-12-09T23:56:50.365+0000] {task_command.py:467} INFO - Running <TaskInstance: homework_dag_v2.download_dataset scheduled__2022-01-01T00:00:00+00:00 [running]> on host 39ecaeffba2c
[2024-12-09T23:56:50.500+0000] {taskinstance.py:3132} INFO - Exporting env vars: AIRFLOW_CTX_DAG_OWNER='***' AIRFLOW_CTX_DAG_ID='homework_dag_v2' AIRFLOW_CTX_TASK_ID='download_dataset' AIRFLOW_CTX_EXECUTION_DATE='2022-01-01T00:00:00+00:00' AIRFLOW_CTX_TRY_NUMBER='1' AIRFLOW_CTX_DAG_RUN_ID='scheduled__2022-01-01T00:00:00+00:00'
[2024-12-09T23:56:50.504+0000] {taskinstance.py:731} INFO - ::endgroup::
[2024-12-09T23:56:50.541+0000] {subprocess.py:78} INFO - Tmp dir root location: /tmp
[2024-12-09T23:56:50.552+0000] {subprocess.py:88} INFO - Running command: ['/usr/bin/bash', '-c', 'wget https://d37ci6vzurychx.cloudfront.net/trip-data/green_tripdata_2022-01.parquet -O /opt/***/green_tripdata_2022-01.parquet']
[2024-12-09T23:56:50.567+0000] {subprocess.py:99} INFO - Output:
[2024-12-09T23:56:50.571+0000] {subprocess.py:106} INFO - --2024-12-09 23:56:50--  https://d37ci6vzurychx.cloudfront.net/trip-data/green_tripdata_2022-01.parquet
[2024-12-09T23:56:50.636+0000] {subprocess.py:106} INFO - Resolving d37ci6vzurychx.cloudfront.net (d37ci6vzurychx.cloudfront.net)... 18.173.251.90, 18.173.251.37, 18.173.251.156, ...
[2024-12-09T23:56:50.695+0000] {subprocess.py:106} INFO - Connecting to d37ci6vzurychx.cloudfront.net (d37ci6vzurychx.cloudfront.net)|18.173.251.90|:443... connected.
[2024-12-09T23:56:51.224+0000] {subprocess.py:106} INFO - HTTP request sent, awaiting response... 200 OK
[2024-12-09T23:56:51.224+0000] {subprocess.py:106} INFO - Length: 1254291 (1.2M) [binary/octet-stream]
[2024-12-09T23:56:51.225+0000] {subprocess.py:106} INFO - Saving to: ‘/opt/***/green_tripdata_2022-01.parquet’
[2024-12-09T23:56:51.226+0000] {subprocess.py:106} INFO - 
[2024-12-09T23:56:51.344+0000] {subprocess.py:106} INFO -      0K .......... .......... .......... .......... ..........  4%  702K 2s
[2024-12-09T23:56:51.364+0000] {subprocess.py:106} INFO -     50K .......... .......... .......... .......... ..........  8%  726K 2s
[2024-12-09T23:56:51.415+0000] {subprocess.py:106} INFO -    100K .......... .......... .......... .......... .......... 12%  970K 1s
[2024-12-09T23:56:51.434+0000] {subprocess.py:106} INFO -    150K .......... .......... .......... .......... .......... 16% 2.56M 1s
[2024-12-09T23:56:51.455+0000] {subprocess.py:106} INFO -    200K .......... .......... .......... .......... .......... 20% 2.38M 1s
[2024-12-09T23:56:51.470+0000] {subprocess.py:106} INFO -    250K .......... .......... .......... .......... .......... 24% 3.13M 1s
[2024-12-09T23:56:51.485+0000] {subprocess.py:106} INFO -    300K .......... .......... .......... .......... .......... 28% 3.24M 1s
[2024-12-09T23:56:51.498+0000] {subprocess.py:106} INFO -    350K .......... .......... .......... .......... .......... 32% 3.90M 1s
[2024-12-09T23:56:51.505+0000] {subprocess.py:106} INFO -    400K .......... .......... .......... .......... .......... 36% 7.01M 0s
[2024-12-09T23:56:51.512+0000] {subprocess.py:106} INFO -    450K .......... .......... .......... .......... .......... 40% 7.04M 0s
[2024-12-09T23:56:51.518+0000] {subprocess.py:106} INFO -    500K .......... .......... .......... .......... .......... 44% 7.72M 0s
[2024-12-09T23:56:51.526+0000] {subprocess.py:106} INFO -    550K .......... .......... .......... .......... .......... 48% 6.60M 0s
[2024-12-09T23:56:51.531+0000] {subprocess.py:106} INFO -    600K .......... .......... .......... .......... .......... 53% 8.82M 0s
[2024-12-09T23:56:51.537+0000] {subprocess.py:106} INFO -    650K .......... .......... .......... .......... .......... 57% 8.26M 0s
[2024-12-09T23:56:51.543+0000] {subprocess.py:106} INFO -    700K .......... .......... .......... .......... .......... 61% 7.90M 0s
[2024-12-09T23:56:51.549+0000] {subprocess.py:106} INFO -    750K .......... .......... .......... .......... .......... 65% 8.96M 0s
[2024-12-09T23:56:51.553+0000] {subprocess.py:106} INFO -    800K .......... .......... .......... .......... .......... 69% 12.5M 0s
[2024-12-09T23:56:51.558+0000] {subprocess.py:106} INFO -    850K .......... .......... .......... .......... .......... 73% 8.68M 0s
[2024-12-09T23:56:51.563+0000] {subprocess.py:106} INFO -    900K .......... .......... .......... .......... .......... 77% 11.1M 0s
[2024-12-09T23:56:51.566+0000] {subprocess.py:106} INFO -    950K .......... .......... .......... .......... .......... 81% 13.0M 0s
[2024-12-09T23:56:51.570+0000] {subprocess.py:106} INFO -   1000K .......... .......... .......... .......... .......... 85% 13.4M 0s
[2024-12-09T23:56:51.575+0000] {subprocess.py:106} INFO -   1050K .......... .......... .......... .......... .......... 89% 10.5M 0s
[2024-12-09T23:56:51.580+0000] {subprocess.py:106} INFO -   1100K .......... .......... .......... .......... .......... 93% 8.98M 0s
[2024-12-09T23:56:51.586+0000] {subprocess.py:106} INFO -   1150K .......... .......... .......... .......... .......... 97% 8.34M 0s
[2024-12-09T23:56:51.588+0000] {subprocess.py:106} INFO -   1200K .......... .......... ....                            100% 9.83M=0.4s
[2024-12-09T23:56:51.589+0000] {subprocess.py:106} INFO - 
[2024-12-09T23:56:51.589+0000] {subprocess.py:106} INFO - 2024-12-09 23:56:51 (3.28 MB/s) - ‘/opt/***/green_tripdata_2022-01.parquet’ saved [1254291/1254291]
[2024-12-09T23:56:51.589+0000] {subprocess.py:106} INFO - 
[2024-12-09T23:56:51.590+0000] {subprocess.py:110} INFO - Command exited with return code 0
[2024-12-09T23:56:51.606+0000] {taskinstance.py:340} INFO - ::group::Post task execution logs
[2024-12-09T23:56:51.606+0000] {taskinstance.py:352} INFO - Marking task as SUCCESS. dag_id=homework_dag_v2, task_id=download_dataset, run_id=scheduled__2022-01-01T00:00:00+00:00, execution_date=20220101T000000, start_date=20241209T235650, end_date=20241209T235651
[2024-12-09T23:56:51.642+0000] {local_task_job_runner.py:266} INFO - Task exited with return code 0
[2024-12-09T23:56:51.661+0000] {taskinstance.py:3895} INFO - 1 downstream tasks scheduled from follow-on schedule check
[2024-12-09T23:56:51.663+0000] {local_task_job_runner.py:245} INFO - ::endgroup::
