[2024-12-09T23:58:09.373+0000] {local_task_job_runner.py:123} INFO - ::group::Pre task execution logs
[2024-12-09T23:58:09.411+0000] {taskinstance.py:2613} INFO - Dependencies all met for dep_context=non-requeueable deps ti=<TaskInstance: homework_dag_v2.download_dataset scheduled__2022-01-01T00:00:00+00:00 [queued]>
[2024-12-09T23:58:09.442+0000] {taskinstance.py:2613} INFO - Dependencies all met for dep_context=requeueable deps ti=<TaskInstance: homework_dag_v2.download_dataset scheduled__2022-01-01T00:00:00+00:00 [queued]>
[2024-12-09T23:58:09.443+0000] {taskinstance.py:2866} INFO - Starting attempt 2 of 2
[2024-12-09T23:58:09.472+0000] {taskinstance.py:2889} INFO - Executing <Task(BashOperator): download_dataset> on 2022-01-01 00:00:00+00:00
[2024-12-09T23:58:09.482+0000] {warnings.py:112} WARNING - /home/***/.local/lib/python3.12/site-packages/***/task/task_runner/standard_task_runner.py:70: DeprecationWarning: This process (pid=12281) is multi-threaded, use of fork() may lead to deadlocks in the child.
  pid = os.fork()

[2024-12-09T23:58:09.490+0000] {standard_task_runner.py:72} INFO - Started process 12289 to run task
[2024-12-09T23:58:09.501+0000] {standard_task_runner.py:104} INFO - Running: ['***', 'tasks', 'run', 'homework_dag_v2', 'download_dataset', 'scheduled__2022-01-01T00:00:00+00:00', '--job-id', '240', '--raw', '--subdir', 'DAGS_FOLDER/homework_dag_v2.py', '--cfg-path', '/tmp/tmpcph0liry']
[2024-12-09T23:58:09.524+0000] {standard_task_runner.py:105} INFO - Job 240: Subtask download_dataset
[2024-12-09T23:58:09.632+0000] {task_command.py:467} INFO - Running <TaskInstance: homework_dag_v2.download_dataset scheduled__2022-01-01T00:00:00+00:00 [running]> on host 39ecaeffba2c
[2024-12-09T23:58:09.717+0000] {taskinstance.py:3132} INFO - Exporting env vars: AIRFLOW_CTX_DAG_OWNER='***' AIRFLOW_CTX_DAG_ID='homework_dag_v2' AIRFLOW_CTX_TASK_ID='download_dataset' AIRFLOW_CTX_EXECUTION_DATE='2022-01-01T00:00:00+00:00' AIRFLOW_CTX_TRY_NUMBER='2' AIRFLOW_CTX_DAG_RUN_ID='scheduled__2022-01-01T00:00:00+00:00'
[2024-12-09T23:58:09.720+0000] {taskinstance.py:731} INFO - ::endgroup::
[2024-12-09T23:58:09.741+0000] {subprocess.py:78} INFO - Tmp dir root location: /tmp
[2024-12-09T23:58:09.745+0000] {subprocess.py:88} INFO - Running command: ['/usr/bin/bash', '-c', 'wget https://d37ci6vzurychx.cloudfront.net/trip-data/green_tripdata_2022-01.parquet -O /opt/***/green_tripdata_2022-01.parquet']
[2024-12-09T23:58:09.760+0000] {subprocess.py:99} INFO - Output:
[2024-12-09T23:58:09.770+0000] {subprocess.py:106} INFO - --2024-12-09 23:58:09--  https://d37ci6vzurychx.cloudfront.net/trip-data/green_tripdata_2022-01.parquet
[2024-12-09T23:58:09.793+0000] {subprocess.py:106} INFO - Resolving d37ci6vzurychx.cloudfront.net (d37ci6vzurychx.cloudfront.net)... 52.85.39.117, 52.85.39.153, 52.85.39.65, ...
[2024-12-09T23:58:09.828+0000] {subprocess.py:106} INFO - Connecting to d37ci6vzurychx.cloudfront.net (d37ci6vzurychx.cloudfront.net)|52.85.39.117|:443... connected.
[2024-12-09T23:58:10.276+0000] {subprocess.py:106} INFO - HTTP request sent, awaiting response... 200 OK
[2024-12-09T23:58:10.277+0000] {subprocess.py:106} INFO - Length: 1254291 (1.2M) [binary/octet-stream]
[2024-12-09T23:58:10.277+0000] {subprocess.py:106} INFO - Saving to: ‘/opt/***/green_tripdata_2022-01.parquet’
[2024-12-09T23:58:10.277+0000] {subprocess.py:106} INFO - 
[2024-12-09T23:58:10.395+0000] {subprocess.py:106} INFO -      0K .......... .......... .......... .......... ..........  4%  792K 1s
[2024-12-09T23:58:10.406+0000] {subprocess.py:106} INFO -     50K .......... .......... .......... .......... ..........  8%  749K 1s
[2024-12-09T23:58:10.453+0000] {subprocess.py:106} INFO -    100K .......... .......... .......... .......... .......... 12% 1.04M 1s
[2024-12-09T23:58:10.460+0000] {subprocess.py:106} INFO -    150K .......... .......... .......... .......... .......... 16% 6.84M 1s
[2024-12-09T23:58:10.468+0000] {subprocess.py:106} INFO -    200K .......... .......... .......... .......... .......... 20% 6.68M 1s
[2024-12-09T23:58:10.484+0000] {subprocess.py:106} INFO -    250K .......... .......... .......... .......... .......... 24% 3.10M 1s
[2024-12-09T23:58:10.538+0000] {subprocess.py:106} INFO -    300K .......... .......... .......... .......... .......... 28%  925K 1s
[2024-12-09T23:58:10.647+0000] {subprocess.py:106} INFO -    350K .......... .......... .......... .......... .......... 32%  456K 1s
[2024-12-09T23:58:10.653+0000] {subprocess.py:106} INFO -    400K .......... .......... .......... .......... .......... 36% 7.92M 1s
[2024-12-09T23:58:10.657+0000] {subprocess.py:106} INFO -    450K .......... .......... .......... .......... .......... 40% 12.8M 1s
[2024-12-09T23:58:10.661+0000] {subprocess.py:106} INFO -    500K .......... .......... .......... .......... .......... 44% 12.5M 0s
[2024-12-09T23:58:10.665+0000] {subprocess.py:106} INFO -    550K .......... .......... .......... .......... .......... 48% 12.3M 0s
[2024-12-09T23:58:10.670+0000] {subprocess.py:106} INFO -    600K .......... .......... .......... .......... .......... 53% 9.31M 0s
[2024-12-09T23:58:10.674+0000] {subprocess.py:106} INFO -    650K .......... .......... .......... .......... .......... 57% 13.5M 0s
[2024-12-09T23:58:10.677+0000] {subprocess.py:106} INFO -    700K .......... .......... .......... .......... .......... 61% 14.8M 0s
[2024-12-09T23:58:10.681+0000] {subprocess.py:106} INFO -    750K .......... .......... .......... .......... .......... 65% 12.7M 0s
[2024-12-09T23:58:10.685+0000] {subprocess.py:106} INFO -    800K .......... .......... .......... .......... .......... 69% 12.2M 0s
[2024-12-09T23:58:10.688+0000] {subprocess.py:106} INFO -    850K .......... .......... .......... .......... .......... 73% 18.3M 0s
[2024-12-09T23:58:10.691+0000] {subprocess.py:106} INFO -    900K .......... .......... .......... .......... .......... 77% 18.1M 0s
[2024-12-09T23:58:10.694+0000] {subprocess.py:106} INFO -    950K .......... .......... .......... .......... .......... 81% 12.5M 0s
[2024-12-09T23:58:10.697+0000] {subprocess.py:106} INFO -   1000K .......... .......... .......... .......... .......... 85% 20.8M 0s
[2024-12-09T23:58:10.700+0000] {subprocess.py:106} INFO -   1050K .......... .......... .......... .......... .......... 89% 13.5M 0s
[2024-12-09T23:58:10.703+0000] {subprocess.py:106} INFO -   1100K .......... .......... .......... .......... .......... 93% 18.1M 0s
[2024-12-09T23:58:10.707+0000] {subprocess.py:106} INFO -   1150K .......... .......... .......... .......... .......... 97% 11.2M 0s
[2024-12-09T23:58:10.709+0000] {subprocess.py:106} INFO -   1200K .......... .......... ....                            100% 22.3M=0.4s
[2024-12-09T23:58:10.709+0000] {subprocess.py:106} INFO - 
[2024-12-09T23:58:10.710+0000] {subprocess.py:106} INFO - 2024-12-09 23:58:10 (2.77 MB/s) - ‘/opt/***/green_tripdata_2022-01.parquet’ saved [1254291/1254291]
[2024-12-09T23:58:10.711+0000] {subprocess.py:106} INFO - 
[2024-12-09T23:58:10.712+0000] {subprocess.py:110} INFO - Command exited with return code 0
[2024-12-09T23:58:10.737+0000] {taskinstance.py:340} INFO - ::group::Post task execution logs
[2024-12-09T23:58:10.737+0000] {taskinstance.py:352} INFO - Marking task as SUCCESS. dag_id=homework_dag_v2, task_id=download_dataset, run_id=scheduled__2022-01-01T00:00:00+00:00, execution_date=20220101T000000, start_date=20241209T235809, end_date=20241209T235810
[2024-12-09T23:58:10.794+0000] {local_task_job_runner.py:266} INFO - Task exited with return code 0
[2024-12-09T23:58:10.821+0000] {taskinstance.py:3895} INFO - 1 downstream tasks scheduled from follow-on schedule check
[2024-12-09T23:58:10.827+0000] {local_task_job_runner.py:245} INFO - ::endgroup::
