[2024-11-28T00:11:12.044+0000] {processor.py:186} INFO - Started process (PID=56659) to work on /opt/airflow/dags/data_ingestion_gcs_dag.py
[2024-11-28T00:11:12.045+0000] {processor.py:914} INFO - Processing file /opt/airflow/dags/data_ingestion_gcs_dag.py for tasks to queue
[2024-11-28T00:11:12.046+0000] {logging_mixin.py:190} INFO - [2024-11-28T00:11:12.045+0000] {dagbag.py:588} INFO - Filling up the DagBag from /opt/airflow/dags/data_ingestion_gcs_dag.py
[2024-11-28T00:11:12.059+0000] {processor.py:925} INFO - DAG(s) 'data_ingestion_gcs_dag' retrieved from /opt/airflow/dags/data_ingestion_gcs_dag.py
[2024-11-28T00:11:12.352+0000] {logging_mixin.py:190} INFO - [2024-11-28T00:11:12.352+0000] {dag.py:3239} INFO - Sync 1 DAGs
[2024-11-28T00:11:12.371+0000] {processor.py:208} INFO - Processing /opt/airflow/dags/data_ingestion_gcs_dag.py took 0.330 seconds
[2024-11-28T00:25:34.066+0000] {processor.py:186} INFO - Started process (PID=56666) to work on /opt/airflow/dags/data_ingestion_gcs_dag.py
[2024-11-28T00:25:34.068+0000] {processor.py:914} INFO - Processing file /opt/airflow/dags/data_ingestion_gcs_dag.py for tasks to queue
[2024-11-28T00:25:34.071+0000] {logging_mixin.py:190} INFO - [2024-11-28T00:25:34.070+0000] {dagbag.py:588} INFO - Filling up the DagBag from /opt/airflow/dags/data_ingestion_gcs_dag.py
[2024-11-28T00:25:34.114+0000] {processor.py:925} INFO - DAG(s) 'data_ingestion_gcs_dag' retrieved from /opt/airflow/dags/data_ingestion_gcs_dag.py
[2024-11-28T00:25:34.164+0000] {logging_mixin.py:190} INFO - [2024-11-28T00:25:34.164+0000] {dag.py:3239} INFO - Sync 1 DAGs
[2024-11-28T00:25:34.194+0000] {processor.py:208} INFO - Processing /opt/airflow/dags/data_ingestion_gcs_dag.py took 0.140 seconds
[2024-11-28T00:43:16.159+0000] {processor.py:186} INFO - Started process (PID=56672) to work on /opt/airflow/dags/data_ingestion_gcs_dag.py
[2024-11-28T00:43:16.159+0000] {processor.py:914} INFO - Processing file /opt/airflow/dags/data_ingestion_gcs_dag.py for tasks to queue
[2024-11-28T00:43:16.161+0000] {logging_mixin.py:190} INFO - [2024-11-28T00:43:16.160+0000] {dagbag.py:588} INFO - Filling up the DagBag from /opt/airflow/dags/data_ingestion_gcs_dag.py
[2024-11-28T00:43:16.189+0000] {processor.py:925} INFO - DAG(s) 'data_ingestion_gcs_dag' retrieved from /opt/airflow/dags/data_ingestion_gcs_dag.py
[2024-11-28T00:43:16.209+0000] {logging_mixin.py:190} INFO - [2024-11-28T00:43:16.209+0000] {dag.py:3239} INFO - Sync 1 DAGs
[2024-11-28T00:43:16.451+0000] {logging_mixin.py:190} INFO - [2024-11-28T00:43:16.451+0000] {dag.py:4180} INFO - Setting next_dagrun for data_ingestion_gcs_dag to 2024-11-28 00:00:00+00:00, run_after=2024-11-29 00:00:00+00:00
[2024-11-28T00:43:16.459+0000] {processor.py:208} INFO - Processing /opt/airflow/dags/data_ingestion_gcs_dag.py took 0.308 seconds
[2024-11-28T01:06:39.344+0000] {processor.py:186} INFO - Started process (PID=56679) to work on /opt/airflow/dags/data_ingestion_gcs_dag.py
[2024-11-28T01:06:39.346+0000] {processor.py:914} INFO - Processing file /opt/airflow/dags/data_ingestion_gcs_dag.py for tasks to queue
[2024-11-28T01:06:39.348+0000] {logging_mixin.py:190} INFO - [2024-11-28T01:06:39.347+0000] {dagbag.py:588} INFO - Filling up the DagBag from /opt/airflow/dags/data_ingestion_gcs_dag.py
[2024-11-28T01:06:39.394+0000] {processor.py:925} INFO - DAG(s) 'data_ingestion_gcs_dag' retrieved from /opt/airflow/dags/data_ingestion_gcs_dag.py
[2024-11-28T01:06:39.424+0000] {logging_mixin.py:190} INFO - [2024-11-28T01:06:39.424+0000] {dag.py:3239} INFO - Sync 1 DAGs
[2024-11-28T01:06:39.818+0000] {logging_mixin.py:190} INFO - [2024-11-28T01:06:39.817+0000] {dag.py:4180} INFO - Setting next_dagrun for data_ingestion_gcs_dag to 2024-11-28 00:00:00+00:00, run_after=2024-11-29 00:00:00+00:00
[2024-11-28T01:06:39.851+0000] {processor.py:208} INFO - Processing /opt/airflow/dags/data_ingestion_gcs_dag.py took 0.527 seconds
[2024-11-28T01:22:45.148+0000] {processor.py:186} INFO - Started process (PID=56686) to work on /opt/airflow/dags/data_ingestion_gcs_dag.py
[2024-11-28T01:22:45.149+0000] {processor.py:914} INFO - Processing file /opt/airflow/dags/data_ingestion_gcs_dag.py for tasks to queue
[2024-11-28T01:22:45.151+0000] {logging_mixin.py:190} INFO - [2024-11-28T01:22:45.150+0000] {dagbag.py:588} INFO - Filling up the DagBag from /opt/airflow/dags/data_ingestion_gcs_dag.py
[2024-11-28T01:22:45.201+0000] {processor.py:925} INFO - DAG(s) 'data_ingestion_gcs_dag' retrieved from /opt/airflow/dags/data_ingestion_gcs_dag.py
[2024-11-28T01:22:45.230+0000] {logging_mixin.py:190} INFO - [2024-11-28T01:22:45.230+0000] {dag.py:3239} INFO - Sync 1 DAGs
[2024-11-28T01:22:45.256+0000] {logging_mixin.py:190} INFO - [2024-11-28T01:22:45.255+0000] {dag.py:4180} INFO - Setting next_dagrun for data_ingestion_gcs_dag to 2024-11-28 00:00:00+00:00, run_after=2024-11-29 00:00:00+00:00
[2024-11-28T01:22:45.268+0000] {processor.py:208} INFO - Processing /opt/airflow/dags/data_ingestion_gcs_dag.py took 0.133 seconds
[2024-11-28T01:23:31.475+0000] {processor.py:186} INFO - Started process (PID=56693) to work on /opt/airflow/dags/data_ingestion_gcs_dag.py
[2024-11-28T01:23:31.477+0000] {processor.py:914} INFO - Processing file /opt/airflow/dags/data_ingestion_gcs_dag.py for tasks to queue
[2024-11-28T01:23:31.479+0000] {logging_mixin.py:190} INFO - [2024-11-28T01:23:31.478+0000] {dagbag.py:588} INFO - Filling up the DagBag from /opt/airflow/dags/data_ingestion_gcs_dag.py
[2024-11-28T01:23:31.524+0000] {processor.py:925} INFO - DAG(s) 'data_ingestion_gcs_dag' retrieved from /opt/airflow/dags/data_ingestion_gcs_dag.py
[2024-11-28T01:23:31.542+0000] {logging_mixin.py:190} INFO - [2024-11-28T01:23:31.542+0000] {dag.py:3239} INFO - Sync 1 DAGs
[2024-11-28T01:23:31.557+0000] {logging_mixin.py:190} INFO - [2024-11-28T01:23:31.557+0000] {dag.py:4180} INFO - Setting next_dagrun for data_ingestion_gcs_dag to 2024-11-28 00:00:00+00:00, run_after=2024-11-29 00:00:00+00:00
[2024-11-28T01:23:31.566+0000] {processor.py:208} INFO - Processing /opt/airflow/dags/data_ingestion_gcs_dag.py took 0.103 seconds
[2024-11-28T02:14:05.529+0000] {processor.py:186} INFO - Started process (PID=56700) to work on /opt/airflow/dags/data_ingestion_gcs_dag.py
[2024-11-28T02:14:05.530+0000] {processor.py:914} INFO - Processing file /opt/airflow/dags/data_ingestion_gcs_dag.py for tasks to queue
[2024-11-28T02:14:05.531+0000] {logging_mixin.py:190} INFO - [2024-11-28T02:14:05.531+0000] {dagbag.py:588} INFO - Filling up the DagBag from /opt/airflow/dags/data_ingestion_gcs_dag.py
[2024-11-28T02:14:05.558+0000] {processor.py:925} INFO - DAG(s) 'data_ingestion_gcs_dag' retrieved from /opt/airflow/dags/data_ingestion_gcs_dag.py
[2024-11-28T02:14:05.574+0000] {logging_mixin.py:190} INFO - [2024-11-28T02:14:05.574+0000] {dag.py:3239} INFO - Sync 1 DAGs
[2024-11-28T02:14:05.593+0000] {logging_mixin.py:190} INFO - [2024-11-28T02:14:05.593+0000] {dag.py:4180} INFO - Setting next_dagrun for data_ingestion_gcs_dag to 2024-11-28 00:00:00+00:00, run_after=2024-11-29 00:00:00+00:00
[2024-11-28T02:14:05.845+0000] {processor.py:208} INFO - Processing /opt/airflow/dags/data_ingestion_gcs_dag.py took 0.325 seconds
[2024-11-28T02:29:41.843+0000] {processor.py:186} INFO - Started process (PID=56707) to work on /opt/airflow/dags/data_ingestion_gcs_dag.py
[2024-11-28T02:29:41.844+0000] {processor.py:914} INFO - Processing file /opt/airflow/dags/data_ingestion_gcs_dag.py for tasks to queue
[2024-11-28T02:29:41.845+0000] {logging_mixin.py:190} INFO - [2024-11-28T02:29:41.844+0000] {dagbag.py:588} INFO - Filling up the DagBag from /opt/airflow/dags/data_ingestion_gcs_dag.py
[2024-11-28T02:29:41.868+0000] {processor.py:925} INFO - DAG(s) 'data_ingestion_gcs_dag' retrieved from /opt/airflow/dags/data_ingestion_gcs_dag.py
[2024-11-28T02:29:41.886+0000] {logging_mixin.py:190} INFO - [2024-11-28T02:29:41.886+0000] {dag.py:3239} INFO - Sync 1 DAGs
[2024-11-28T02:29:42.042+0000] {logging_mixin.py:190} INFO - [2024-11-28T02:29:42.042+0000] {dag.py:4180} INFO - Setting next_dagrun for data_ingestion_gcs_dag to 2024-11-28 00:00:00+00:00, run_after=2024-11-29 00:00:00+00:00
[2024-11-28T02:29:42.050+0000] {processor.py:208} INFO - Processing /opt/airflow/dags/data_ingestion_gcs_dag.py took 0.213 seconds
[2024-11-28T02:30:12.308+0000] {processor.py:186} INFO - Started process (PID=56714) to work on /opt/airflow/dags/data_ingestion_gcs_dag.py
[2024-11-28T02:30:12.311+0000] {processor.py:914} INFO - Processing file /opt/airflow/dags/data_ingestion_gcs_dag.py for tasks to queue
[2024-11-28T02:30:12.314+0000] {logging_mixin.py:190} INFO - [2024-11-28T02:30:12.313+0000] {dagbag.py:588} INFO - Filling up the DagBag from /opt/airflow/dags/data_ingestion_gcs_dag.py
[2024-11-28T02:30:12.356+0000] {processor.py:925} INFO - DAG(s) 'data_ingestion_gcs_dag' retrieved from /opt/airflow/dags/data_ingestion_gcs_dag.py
[2024-11-28T02:30:12.596+0000] {logging_mixin.py:190} INFO - [2024-11-28T02:30:12.595+0000] {dag.py:3239} INFO - Sync 1 DAGs
[2024-11-28T02:30:12.607+0000] {logging_mixin.py:190} INFO - [2024-11-28T02:30:12.607+0000] {dag.py:4180} INFO - Setting next_dagrun for data_ingestion_gcs_dag to 2024-11-28 00:00:00+00:00, run_after=2024-11-29 00:00:00+00:00
[2024-11-28T02:30:12.617+0000] {processor.py:208} INFO - Processing /opt/airflow/dags/data_ingestion_gcs_dag.py took 0.326 seconds
[2024-11-28T03:32:05.979+0000] {processor.py:186} INFO - Started process (PID=56721) to work on /opt/airflow/dags/data_ingestion_gcs_dag.py
[2024-11-28T03:32:05.980+0000] {processor.py:914} INFO - Processing file /opt/airflow/dags/data_ingestion_gcs_dag.py for tasks to queue
[2024-11-28T03:32:05.982+0000] {logging_mixin.py:190} INFO - [2024-11-28T03:32:05.981+0000] {dagbag.py:588} INFO - Filling up the DagBag from /opt/airflow/dags/data_ingestion_gcs_dag.py
[2024-11-28T03:32:06.025+0000] {processor.py:925} INFO - DAG(s) 'data_ingestion_gcs_dag' retrieved from /opt/airflow/dags/data_ingestion_gcs_dag.py
[2024-11-28T03:32:06.049+0000] {logging_mixin.py:190} INFO - [2024-11-28T03:32:06.049+0000] {dag.py:3239} INFO - Sync 1 DAGs
[2024-11-28T03:32:06.066+0000] {logging_mixin.py:190} INFO - [2024-11-28T03:32:06.066+0000] {dag.py:4180} INFO - Setting next_dagrun for data_ingestion_gcs_dag to 2024-11-28 00:00:00+00:00, run_after=2024-11-29 00:00:00+00:00
[2024-11-28T03:32:06.076+0000] {processor.py:208} INFO - Processing /opt/airflow/dags/data_ingestion_gcs_dag.py took 0.104 seconds
[2024-11-28T03:48:30.395+0000] {processor.py:186} INFO - Started process (PID=56728) to work on /opt/airflow/dags/data_ingestion_gcs_dag.py
[2024-11-28T03:48:30.396+0000] {processor.py:914} INFO - Processing file /opt/airflow/dags/data_ingestion_gcs_dag.py for tasks to queue
[2024-11-28T03:48:30.397+0000] {logging_mixin.py:190} INFO - [2024-11-28T03:48:30.396+0000] {dagbag.py:588} INFO - Filling up the DagBag from /opt/airflow/dags/data_ingestion_gcs_dag.py
[2024-11-28T03:48:30.423+0000] {processor.py:925} INFO - DAG(s) 'data_ingestion_gcs_dag' retrieved from /opt/airflow/dags/data_ingestion_gcs_dag.py
[2024-11-28T03:48:30.442+0000] {logging_mixin.py:190} INFO - [2024-11-28T03:48:30.442+0000] {dag.py:3239} INFO - Sync 1 DAGs
[2024-11-28T03:48:30.457+0000] {logging_mixin.py:190} INFO - [2024-11-28T03:48:30.457+0000] {dag.py:4180} INFO - Setting next_dagrun for data_ingestion_gcs_dag to 2024-11-28 00:00:00+00:00, run_after=2024-11-29 00:00:00+00:00
[2024-11-28T03:48:30.466+0000] {processor.py:208} INFO - Processing /opt/airflow/dags/data_ingestion_gcs_dag.py took 0.079 seconds
[2024-11-28T04:34:55.650+0000] {processor.py:186} INFO - Started process (PID=56735) to work on /opt/airflow/dags/data_ingestion_gcs_dag.py
[2024-11-28T04:34:55.651+0000] {processor.py:914} INFO - Processing file /opt/airflow/dags/data_ingestion_gcs_dag.py for tasks to queue
[2024-11-28T04:34:55.652+0000] {logging_mixin.py:190} INFO - [2024-11-28T04:34:55.651+0000] {dagbag.py:588} INFO - Filling up the DagBag from /opt/airflow/dags/data_ingestion_gcs_dag.py
[2024-11-28T04:34:55.670+0000] {processor.py:925} INFO - DAG(s) 'data_ingestion_gcs_dag' retrieved from /opt/airflow/dags/data_ingestion_gcs_dag.py
[2024-11-28T04:34:55.685+0000] {logging_mixin.py:190} INFO - [2024-11-28T04:34:55.685+0000] {dag.py:3239} INFO - Sync 1 DAGs
[2024-11-28T04:34:55.697+0000] {logging_mixin.py:190} INFO - [2024-11-28T04:34:55.697+0000] {dag.py:4180} INFO - Setting next_dagrun for data_ingestion_gcs_dag to 2024-11-28 00:00:00+00:00, run_after=2024-11-29 00:00:00+00:00
[2024-11-28T04:34:55.880+0000] {processor.py:208} INFO - Processing /opt/airflow/dags/data_ingestion_gcs_dag.py took 0.236 seconds
[2024-11-28T05:00:28.591+0000] {processor.py:186} INFO - Started process (PID=56742) to work on /opt/airflow/dags/data_ingestion_gcs_dag.py
[2024-11-28T05:00:28.593+0000] {processor.py:914} INFO - Processing file /opt/airflow/dags/data_ingestion_gcs_dag.py for tasks to queue
[2024-11-28T05:00:28.597+0000] {logging_mixin.py:190} INFO - [2024-11-28T05:00:28.595+0000] {dagbag.py:588} INFO - Filling up the DagBag from /opt/airflow/dags/data_ingestion_gcs_dag.py
[2024-11-28T05:00:28.633+0000] {processor.py:925} INFO - DAG(s) 'data_ingestion_gcs_dag' retrieved from /opt/airflow/dags/data_ingestion_gcs_dag.py
[2024-11-28T05:00:28.650+0000] {logging_mixin.py:190} INFO - [2024-11-28T05:00:28.650+0000] {dag.py:3239} INFO - Sync 1 DAGs
[2024-11-28T05:00:28.887+0000] {logging_mixin.py:190} INFO - [2024-11-28T05:00:28.886+0000] {dag.py:4180} INFO - Setting next_dagrun for data_ingestion_gcs_dag to 2024-11-28 00:00:00+00:00, run_after=2024-11-29 00:00:00+00:00
[2024-11-28T05:00:28.896+0000] {processor.py:208} INFO - Processing /opt/airflow/dags/data_ingestion_gcs_dag.py took 0.342 seconds
[2024-11-28T05:45:20.144+0000] {processor.py:186} INFO - Started process (PID=56749) to work on /opt/airflow/dags/data_ingestion_gcs_dag.py
[2024-11-28T05:45:20.145+0000] {processor.py:914} INFO - Processing file /opt/airflow/dags/data_ingestion_gcs_dag.py for tasks to queue
[2024-11-28T05:45:20.146+0000] {logging_mixin.py:190} INFO - [2024-11-28T05:45:20.145+0000] {dagbag.py:588} INFO - Filling up the DagBag from /opt/airflow/dags/data_ingestion_gcs_dag.py
[2024-11-28T05:45:20.178+0000] {processor.py:925} INFO - DAG(s) 'data_ingestion_gcs_dag' retrieved from /opt/airflow/dags/data_ingestion_gcs_dag.py
[2024-11-28T05:45:20.468+0000] {logging_mixin.py:190} INFO - [2024-11-28T05:45:20.467+0000] {dag.py:3239} INFO - Sync 1 DAGs
[2024-11-28T05:45:20.477+0000] {logging_mixin.py:190} INFO - [2024-11-28T05:45:20.476+0000] {dag.py:4180} INFO - Setting next_dagrun for data_ingestion_gcs_dag to 2024-11-28 00:00:00+00:00, run_after=2024-11-29 00:00:00+00:00
[2024-11-28T05:45:20.483+0000] {processor.py:208} INFO - Processing /opt/airflow/dags/data_ingestion_gcs_dag.py took 0.354 seconds
[2024-11-28T06:01:32.925+0000] {processor.py:186} INFO - Started process (PID=56756) to work on /opt/airflow/dags/data_ingestion_gcs_dag.py
[2024-11-28T06:01:32.926+0000] {processor.py:914} INFO - Processing file /opt/airflow/dags/data_ingestion_gcs_dag.py for tasks to queue
[2024-11-28T06:01:32.927+0000] {logging_mixin.py:190} INFO - [2024-11-28T06:01:32.927+0000] {dagbag.py:588} INFO - Filling up the DagBag from /opt/airflow/dags/data_ingestion_gcs_dag.py
[2024-11-28T06:01:33.003+0000] {processor.py:925} INFO - DAG(s) 'data_ingestion_gcs_dag' retrieved from /opt/airflow/dags/data_ingestion_gcs_dag.py
[2024-11-28T06:01:33.031+0000] {logging_mixin.py:190} INFO - [2024-11-28T06:01:33.031+0000] {dag.py:3239} INFO - Sync 1 DAGs
[2024-11-28T06:01:33.051+0000] {logging_mixin.py:190} INFO - [2024-11-28T06:01:33.051+0000] {dag.py:4180} INFO - Setting next_dagrun for data_ingestion_gcs_dag to 2024-11-28 00:00:00+00:00, run_after=2024-11-29 00:00:00+00:00
[2024-11-28T06:01:33.062+0000] {processor.py:208} INFO - Processing /opt/airflow/dags/data_ingestion_gcs_dag.py took 0.145 seconds
[2024-11-28T07:00:42.715+0000] {processor.py:186} INFO - Started process (PID=56763) to work on /opt/airflow/dags/data_ingestion_gcs_dag.py
[2024-11-28T07:00:42.716+0000] {processor.py:914} INFO - Processing file /opt/airflow/dags/data_ingestion_gcs_dag.py for tasks to queue
[2024-11-28T07:00:42.717+0000] {logging_mixin.py:190} INFO - [2024-11-28T07:00:42.717+0000] {dagbag.py:588} INFO - Filling up the DagBag from /opt/airflow/dags/data_ingestion_gcs_dag.py
[2024-11-28T07:00:42.754+0000] {processor.py:925} INFO - DAG(s) 'data_ingestion_gcs_dag' retrieved from /opt/airflow/dags/data_ingestion_gcs_dag.py
[2024-11-28T07:00:42.790+0000] {logging_mixin.py:190} INFO - [2024-11-28T07:00:42.790+0000] {dag.py:3239} INFO - Sync 1 DAGs
[2024-11-28T07:00:42.811+0000] {logging_mixin.py:190} INFO - [2024-11-28T07:00:42.811+0000] {dag.py:4180} INFO - Setting next_dagrun for data_ingestion_gcs_dag to 2024-11-28 00:00:00+00:00, run_after=2024-11-29 00:00:00+00:00
[2024-11-28T07:00:42.824+0000] {processor.py:208} INFO - Processing /opt/airflow/dags/data_ingestion_gcs_dag.py took 0.119 seconds
[2024-11-28T07:19:07.951+0000] {processor.py:186} INFO - Started process (PID=56770) to work on /opt/airflow/dags/data_ingestion_gcs_dag.py
[2024-11-28T07:19:07.952+0000] {processor.py:914} INFO - Processing file /opt/airflow/dags/data_ingestion_gcs_dag.py for tasks to queue
[2024-11-28T07:19:07.954+0000] {logging_mixin.py:190} INFO - [2024-11-28T07:19:07.953+0000] {dagbag.py:588} INFO - Filling up the DagBag from /opt/airflow/dags/data_ingestion_gcs_dag.py
[2024-11-28T07:19:08.255+0000] {processor.py:925} INFO - DAG(s) 'data_ingestion_gcs_dag' retrieved from /opt/airflow/dags/data_ingestion_gcs_dag.py
[2024-11-28T07:19:08.290+0000] {logging_mixin.py:190} INFO - [2024-11-28T07:19:08.290+0000] {dag.py:3239} INFO - Sync 1 DAGs
[2024-11-28T07:19:08.618+0000] {logging_mixin.py:190} INFO - [2024-11-28T07:19:08.618+0000] {dag.py:4180} INFO - Setting next_dagrun for data_ingestion_gcs_dag to 2024-11-28 00:00:00+00:00, run_after=2024-11-29 00:00:00+00:00
[2024-11-28T07:19:08.626+0000] {processor.py:208} INFO - Processing /opt/airflow/dags/data_ingestion_gcs_dag.py took 0.682 seconds
[2024-11-28T08:03:09.655+0000] {processor.py:186} INFO - Started process (PID=56777) to work on /opt/airflow/dags/data_ingestion_gcs_dag.py
[2024-11-28T08:03:09.657+0000] {processor.py:914} INFO - Processing file /opt/airflow/dags/data_ingestion_gcs_dag.py for tasks to queue
[2024-11-28T08:03:09.659+0000] {logging_mixin.py:190} INFO - [2024-11-28T08:03:09.658+0000] {dagbag.py:588} INFO - Filling up the DagBag from /opt/airflow/dags/data_ingestion_gcs_dag.py
[2024-11-28T08:03:09.734+0000] {processor.py:925} INFO - DAG(s) 'data_ingestion_gcs_dag' retrieved from /opt/airflow/dags/data_ingestion_gcs_dag.py
[2024-11-28T08:03:09.786+0000] {logging_mixin.py:190} INFO - [2024-11-28T08:03:09.786+0000] {dag.py:3239} INFO - Sync 1 DAGs
[2024-11-28T08:03:10.135+0000] {logging_mixin.py:190} INFO - [2024-11-28T08:03:10.135+0000] {dag.py:4180} INFO - Setting next_dagrun for data_ingestion_gcs_dag to 2024-11-28 00:00:00+00:00, run_after=2024-11-29 00:00:00+00:00
[2024-11-28T08:03:10.142+0000] {processor.py:208} INFO - Processing /opt/airflow/dags/data_ingestion_gcs_dag.py took 0.497 seconds
[2024-11-28T08:52:04.965+0000] {processor.py:186} INFO - Started process (PID=56784) to work on /opt/airflow/dags/data_ingestion_gcs_dag.py
[2024-11-28T08:52:04.966+0000] {processor.py:914} INFO - Processing file /opt/airflow/dags/data_ingestion_gcs_dag.py for tasks to queue
[2024-11-28T08:52:04.968+0000] {logging_mixin.py:190} INFO - [2024-11-28T08:52:04.967+0000] {dagbag.py:588} INFO - Filling up the DagBag from /opt/airflow/dags/data_ingestion_gcs_dag.py
[2024-11-28T08:52:04.998+0000] {processor.py:925} INFO - DAG(s) 'data_ingestion_gcs_dag' retrieved from /opt/airflow/dags/data_ingestion_gcs_dag.py
[2024-11-28T08:52:05.211+0000] {logging_mixin.py:190} INFO - [2024-11-28T08:52:05.211+0000] {dag.py:3239} INFO - Sync 1 DAGs
[2024-11-28T08:52:05.222+0000] {logging_mixin.py:190} INFO - [2024-11-28T08:52:05.222+0000] {dag.py:4180} INFO - Setting next_dagrun for data_ingestion_gcs_dag to 2024-11-28 00:00:00+00:00, run_after=2024-11-29 00:00:00+00:00
[2024-11-28T08:52:05.229+0000] {processor.py:208} INFO - Processing /opt/airflow/dags/data_ingestion_gcs_dag.py took 0.274 seconds
[2024-11-28T09:08:47.012+0000] {processor.py:186} INFO - Started process (PID=56791) to work on /opt/airflow/dags/data_ingestion_gcs_dag.py
[2024-11-28T09:08:47.013+0000] {processor.py:914} INFO - Processing file /opt/airflow/dags/data_ingestion_gcs_dag.py for tasks to queue
[2024-11-28T09:08:47.015+0000] {logging_mixin.py:190} INFO - [2024-11-28T09:08:47.014+0000] {dagbag.py:588} INFO - Filling up the DagBag from /opt/airflow/dags/data_ingestion_gcs_dag.py
[2024-11-28T09:08:47.037+0000] {processor.py:925} INFO - DAG(s) 'data_ingestion_gcs_dag' retrieved from /opt/airflow/dags/data_ingestion_gcs_dag.py
[2024-11-28T09:08:47.049+0000] {logging_mixin.py:190} INFO - [2024-11-28T09:08:47.049+0000] {dag.py:3239} INFO - Sync 1 DAGs
[2024-11-28T09:08:47.059+0000] {logging_mixin.py:190} INFO - [2024-11-28T09:08:47.059+0000] {dag.py:4180} INFO - Setting next_dagrun for data_ingestion_gcs_dag to 2024-11-28 00:00:00+00:00, run_after=2024-11-29 00:00:00+00:00
[2024-11-28T09:08:47.066+0000] {processor.py:208} INFO - Processing /opt/airflow/dags/data_ingestion_gcs_dag.py took 0.064 seconds
[2024-11-28T10:15:38.916+0000] {processor.py:186} INFO - Started process (PID=56798) to work on /opt/airflow/dags/data_ingestion_gcs_dag.py
[2024-11-28T10:15:38.917+0000] {processor.py:914} INFO - Processing file /opt/airflow/dags/data_ingestion_gcs_dag.py for tasks to queue
[2024-11-28T10:15:38.919+0000] {logging_mixin.py:190} INFO - [2024-11-28T10:15:38.918+0000] {dagbag.py:588} INFO - Filling up the DagBag from /opt/airflow/dags/data_ingestion_gcs_dag.py
[2024-11-28T10:15:38.966+0000] {processor.py:925} INFO - DAG(s) 'data_ingestion_gcs_dag' retrieved from /opt/airflow/dags/data_ingestion_gcs_dag.py
[2024-11-28T10:15:38.985+0000] {logging_mixin.py:190} INFO - [2024-11-28T10:15:38.984+0000] {dag.py:3239} INFO - Sync 1 DAGs
[2024-11-28T10:15:39.000+0000] {logging_mixin.py:190} INFO - [2024-11-28T10:15:39.000+0000] {dag.py:4180} INFO - Setting next_dagrun for data_ingestion_gcs_dag to 2024-11-28 00:00:00+00:00, run_after=2024-11-29 00:00:00+00:00
[2024-11-28T10:15:39.012+0000] {processor.py:208} INFO - Processing /opt/airflow/dags/data_ingestion_gcs_dag.py took 0.102 seconds
[2024-11-28T10:31:07.962+0000] {processor.py:186} INFO - Started process (PID=56805) to work on /opt/airflow/dags/data_ingestion_gcs_dag.py
[2024-11-28T10:31:07.963+0000] {processor.py:914} INFO - Processing file /opt/airflow/dags/data_ingestion_gcs_dag.py for tasks to queue
[2024-11-28T10:31:07.964+0000] {logging_mixin.py:190} INFO - [2024-11-28T10:31:07.964+0000] {dagbag.py:588} INFO - Filling up the DagBag from /opt/airflow/dags/data_ingestion_gcs_dag.py
[2024-11-28T10:31:08.288+0000] {processor.py:925} INFO - DAG(s) 'data_ingestion_gcs_dag' retrieved from /opt/airflow/dags/data_ingestion_gcs_dag.py
[2024-11-28T10:31:08.323+0000] {logging_mixin.py:190} INFO - [2024-11-28T10:31:08.323+0000] {dag.py:3239} INFO - Sync 1 DAGs
[2024-11-28T10:31:08.672+0000] {logging_mixin.py:190} INFO - [2024-11-28T10:31:08.672+0000] {dag.py:4180} INFO - Setting next_dagrun for data_ingestion_gcs_dag to 2024-11-28 00:00:00+00:00, run_after=2024-11-29 00:00:00+00:00
[2024-11-28T10:31:08.681+0000] {processor.py:208} INFO - Processing /opt/airflow/dags/data_ingestion_gcs_dag.py took 0.727 seconds
[2024-11-28T11:23:23.702+0000] {processor.py:186} INFO - Started process (PID=56812) to work on /opt/airflow/dags/data_ingestion_gcs_dag.py
[2024-11-28T11:23:23.704+0000] {processor.py:914} INFO - Processing file /opt/airflow/dags/data_ingestion_gcs_dag.py for tasks to queue
[2024-11-28T11:23:23.705+0000] {logging_mixin.py:190} INFO - [2024-11-28T11:23:23.705+0000] {dagbag.py:588} INFO - Filling up the DagBag from /opt/airflow/dags/data_ingestion_gcs_dag.py
[2024-11-28T11:23:23.745+0000] {processor.py:925} INFO - DAG(s) 'data_ingestion_gcs_dag' retrieved from /opt/airflow/dags/data_ingestion_gcs_dag.py
[2024-11-28T11:23:23.767+0000] {logging_mixin.py:190} INFO - [2024-11-28T11:23:23.767+0000] {dag.py:3239} INFO - Sync 1 DAGs
[2024-11-28T11:23:23.992+0000] {logging_mixin.py:190} INFO - [2024-11-28T11:23:23.992+0000] {dag.py:4180} INFO - Setting next_dagrun for data_ingestion_gcs_dag to 2024-11-28 00:00:00+00:00, run_after=2024-11-29 00:00:00+00:00
[2024-11-28T11:23:24.001+0000] {processor.py:208} INFO - Processing /opt/airflow/dags/data_ingestion_gcs_dag.py took 0.307 seconds
[2024-11-28T12:13:12.517+0000] {processor.py:186} INFO - Started process (PID=56819) to work on /opt/airflow/dags/data_ingestion_gcs_dag.py
[2024-11-28T12:13:12.518+0000] {processor.py:914} INFO - Processing file /opt/airflow/dags/data_ingestion_gcs_dag.py for tasks to queue
[2024-11-28T12:13:12.519+0000] {logging_mixin.py:190} INFO - [2024-11-28T12:13:12.519+0000] {dagbag.py:588} INFO - Filling up the DagBag from /opt/airflow/dags/data_ingestion_gcs_dag.py
[2024-11-28T12:13:12.546+0000] {processor.py:925} INFO - DAG(s) 'data_ingestion_gcs_dag' retrieved from /opt/airflow/dags/data_ingestion_gcs_dag.py
[2024-11-28T12:13:12.726+0000] {logging_mixin.py:190} INFO - [2024-11-28T12:13:12.726+0000] {dag.py:3239} INFO - Sync 1 DAGs
[2024-11-28T12:13:12.746+0000] {logging_mixin.py:190} INFO - [2024-11-28T12:13:12.746+0000] {dag.py:4180} INFO - Setting next_dagrun for data_ingestion_gcs_dag to 2024-11-28 00:00:00+00:00, run_after=2024-11-29 00:00:00+00:00
[2024-11-28T12:13:12.756+0000] {processor.py:208} INFO - Processing /opt/airflow/dags/data_ingestion_gcs_dag.py took 0.246 seconds
[2024-11-28T12:30:09.479+0000] {processor.py:186} INFO - Started process (PID=56826) to work on /opt/airflow/dags/data_ingestion_gcs_dag.py
[2024-11-28T12:30:09.480+0000] {processor.py:914} INFO - Processing file /opt/airflow/dags/data_ingestion_gcs_dag.py for tasks to queue
[2024-11-28T12:30:09.482+0000] {logging_mixin.py:190} INFO - [2024-11-28T12:30:09.481+0000] {dagbag.py:588} INFO - Filling up the DagBag from /opt/airflow/dags/data_ingestion_gcs_dag.py
[2024-11-28T12:30:09.531+0000] {processor.py:925} INFO - DAG(s) 'data_ingestion_gcs_dag' retrieved from /opt/airflow/dags/data_ingestion_gcs_dag.py
[2024-11-28T12:30:09.555+0000] {logging_mixin.py:190} INFO - [2024-11-28T12:30:09.555+0000] {dag.py:3239} INFO - Sync 1 DAGs
[2024-11-28T12:30:09.570+0000] {logging_mixin.py:190} INFO - [2024-11-28T12:30:09.570+0000] {dag.py:4180} INFO - Setting next_dagrun for data_ingestion_gcs_dag to 2024-11-28 00:00:00+00:00, run_after=2024-11-29 00:00:00+00:00
[2024-11-28T12:30:09.580+0000] {processor.py:208} INFO - Processing /opt/airflow/dags/data_ingestion_gcs_dag.py took 0.111 seconds
[2024-11-28T13:37:12.810+0000] {processor.py:186} INFO - Started process (PID=56833) to work on /opt/airflow/dags/data_ingestion_gcs_dag.py
[2024-11-28T13:37:12.811+0000] {processor.py:914} INFO - Processing file /opt/airflow/dags/data_ingestion_gcs_dag.py for tasks to queue
[2024-11-28T13:37:12.812+0000] {logging_mixin.py:190} INFO - [2024-11-28T13:37:12.812+0000] {dagbag.py:588} INFO - Filling up the DagBag from /opt/airflow/dags/data_ingestion_gcs_dag.py
[2024-11-28T13:37:12.836+0000] {processor.py:925} INFO - DAG(s) 'data_ingestion_gcs_dag' retrieved from /opt/airflow/dags/data_ingestion_gcs_dag.py
[2024-11-28T13:37:12.853+0000] {logging_mixin.py:190} INFO - [2024-11-28T13:37:12.853+0000] {dag.py:3239} INFO - Sync 1 DAGs
[2024-11-28T13:37:12.868+0000] {logging_mixin.py:190} INFO - [2024-11-28T13:37:12.868+0000] {dag.py:4180} INFO - Setting next_dagrun for data_ingestion_gcs_dag to 2024-11-28 00:00:00+00:00, run_after=2024-11-29 00:00:00+00:00
[2024-11-28T13:37:12.880+0000] {processor.py:208} INFO - Processing /opt/airflow/dags/data_ingestion_gcs_dag.py took 0.079 seconds
[2024-11-28T14:37:48.613+0000] {processor.py:186} INFO - Started process (PID=56840) to work on /opt/airflow/dags/data_ingestion_gcs_dag.py
[2024-11-28T14:37:48.614+0000] {processor.py:914} INFO - Processing file /opt/airflow/dags/data_ingestion_gcs_dag.py for tasks to queue
[2024-11-28T14:37:48.615+0000] {logging_mixin.py:190} INFO - [2024-11-28T14:37:48.615+0000] {dagbag.py:588} INFO - Filling up the DagBag from /opt/airflow/dags/data_ingestion_gcs_dag.py
[2024-11-28T14:37:48.664+0000] {processor.py:925} INFO - DAG(s) 'data_ingestion_gcs_dag' retrieved from /opt/airflow/dags/data_ingestion_gcs_dag.py
[2024-11-28T14:37:48.686+0000] {logging_mixin.py:190} INFO - [2024-11-28T14:37:48.686+0000] {dag.py:3239} INFO - Sync 1 DAGs
[2024-11-28T14:37:49.262+0000] {logging_mixin.py:190} INFO - [2024-11-28T14:37:49.262+0000] {dag.py:4180} INFO - Setting next_dagrun for data_ingestion_gcs_dag to 2024-11-28 00:00:00+00:00, run_after=2024-11-29 00:00:00+00:00
[2024-11-28T14:37:49.272+0000] {processor.py:208} INFO - Processing /opt/airflow/dags/data_ingestion_gcs_dag.py took 0.666 seconds
[2024-11-28T14:55:11.003+0000] {processor.py:186} INFO - Started process (PID=56847) to work on /opt/airflow/dags/data_ingestion_gcs_dag.py
[2024-11-28T14:55:11.005+0000] {processor.py:914} INFO - Processing file /opt/airflow/dags/data_ingestion_gcs_dag.py for tasks to queue
[2024-11-28T14:55:11.008+0000] {logging_mixin.py:190} INFO - [2024-11-28T14:55:11.007+0000] {dagbag.py:588} INFO - Filling up the DagBag from /opt/airflow/dags/data_ingestion_gcs_dag.py
[2024-11-28T14:55:11.079+0000] {processor.py:925} INFO - DAG(s) 'data_ingestion_gcs_dag' retrieved from /opt/airflow/dags/data_ingestion_gcs_dag.py
[2024-11-28T14:55:11.104+0000] {logging_mixin.py:190} INFO - [2024-11-28T14:55:11.104+0000] {dag.py:3239} INFO - Sync 1 DAGs
[2024-11-28T14:55:11.336+0000] {logging_mixin.py:190} INFO - [2024-11-28T14:55:11.336+0000] {dag.py:4180} INFO - Setting next_dagrun for data_ingestion_gcs_dag to 2024-11-28 00:00:00+00:00, run_after=2024-11-29 00:00:00+00:00
[2024-11-28T14:55:11.343+0000] {processor.py:208} INFO - Processing /opt/airflow/dags/data_ingestion_gcs_dag.py took 0.357 seconds
[2024-11-28T15:59:49.537+0000] {processor.py:186} INFO - Started process (PID=56854) to work on /opt/airflow/dags/data_ingestion_gcs_dag.py
[2024-11-28T15:59:49.538+0000] {processor.py:914} INFO - Processing file /opt/airflow/dags/data_ingestion_gcs_dag.py for tasks to queue
[2024-11-28T15:59:49.539+0000] {logging_mixin.py:190} INFO - [2024-11-28T15:59:49.539+0000] {dagbag.py:588} INFO - Filling up the DagBag from /opt/airflow/dags/data_ingestion_gcs_dag.py
[2024-11-28T15:59:49.573+0000] {processor.py:925} INFO - DAG(s) 'data_ingestion_gcs_dag' retrieved from /opt/airflow/dags/data_ingestion_gcs_dag.py
[2024-11-28T15:59:49.859+0000] {logging_mixin.py:190} INFO - [2024-11-28T15:59:49.859+0000] {dag.py:3239} INFO - Sync 1 DAGs
[2024-11-28T15:59:49.870+0000] {logging_mixin.py:190} INFO - [2024-11-28T15:59:49.870+0000] {dag.py:4180} INFO - Setting next_dagrun for data_ingestion_gcs_dag to 2024-11-28 00:00:00+00:00, run_after=2024-11-29 00:00:00+00:00
[2024-11-28T15:59:49.877+0000] {processor.py:208} INFO - Processing /opt/airflow/dags/data_ingestion_gcs_dag.py took 0.359 seconds
[2024-11-28T16:34:22.901+0000] {processor.py:186} INFO - Started process (PID=56861) to work on /opt/airflow/dags/data_ingestion_gcs_dag.py
[2024-11-28T16:34:22.902+0000] {processor.py:914} INFO - Processing file /opt/airflow/dags/data_ingestion_gcs_dag.py for tasks to queue
[2024-11-28T16:34:22.903+0000] {logging_mixin.py:190} INFO - [2024-11-28T16:34:22.902+0000] {dagbag.py:588} INFO - Filling up the DagBag from /opt/airflow/dags/data_ingestion_gcs_dag.py
[2024-11-28T16:34:22.921+0000] {processor.py:925} INFO - DAG(s) 'data_ingestion_gcs_dag' retrieved from /opt/airflow/dags/data_ingestion_gcs_dag.py
[2024-11-28T16:34:22.937+0000] {logging_mixin.py:190} INFO - [2024-11-28T16:34:22.936+0000] {dag.py:3239} INFO - Sync 1 DAGs
[2024-11-28T16:34:22.950+0000] {logging_mixin.py:190} INFO - [2024-11-28T16:34:22.950+0000] {dag.py:4180} INFO - Setting next_dagrun for data_ingestion_gcs_dag to 2024-11-28 00:00:00+00:00, run_after=2024-11-29 00:00:00+00:00
[2024-11-28T16:34:22.959+0000] {processor.py:208} INFO - Processing /opt/airflow/dags/data_ingestion_gcs_dag.py took 0.064 seconds
[2024-11-28T17:41:26.985+0000] {processor.py:186} INFO - Started process (PID=56868) to work on /opt/airflow/dags/data_ingestion_gcs_dag.py
[2024-11-28T17:41:26.986+0000] {processor.py:914} INFO - Processing file /opt/airflow/dags/data_ingestion_gcs_dag.py for tasks to queue
[2024-11-28T17:41:26.987+0000] {logging_mixin.py:190} INFO - [2024-11-28T17:41:26.987+0000] {dagbag.py:588} INFO - Filling up the DagBag from /opt/airflow/dags/data_ingestion_gcs_dag.py
[2024-11-28T17:41:27.022+0000] {processor.py:925} INFO - DAG(s) 'data_ingestion_gcs_dag' retrieved from /opt/airflow/dags/data_ingestion_gcs_dag.py
[2024-11-28T17:41:27.043+0000] {logging_mixin.py:190} INFO - [2024-11-28T17:41:27.043+0000] {dag.py:3239} INFO - Sync 1 DAGs
[2024-11-28T17:41:27.062+0000] {logging_mixin.py:190} INFO - [2024-11-28T17:41:27.062+0000] {dag.py:4180} INFO - Setting next_dagrun for data_ingestion_gcs_dag to 2024-11-28 00:00:00+00:00, run_after=2024-11-29 00:00:00+00:00
[2024-11-28T17:41:27.298+0000] {processor.py:208} INFO - Processing /opt/airflow/dags/data_ingestion_gcs_dag.py took 0.320 seconds
[2024-11-28T17:41:57.404+0000] {processor.py:186} INFO - Started process (PID=56875) to work on /opt/airflow/dags/data_ingestion_gcs_dag.py
[2024-11-28T17:41:57.406+0000] {processor.py:914} INFO - Processing file /opt/airflow/dags/data_ingestion_gcs_dag.py for tasks to queue
[2024-11-28T17:41:57.407+0000] {logging_mixin.py:190} INFO - [2024-11-28T17:41:57.407+0000] {dagbag.py:588} INFO - Filling up the DagBag from /opt/airflow/dags/data_ingestion_gcs_dag.py
[2024-11-28T17:41:57.438+0000] {processor.py:925} INFO - DAG(s) 'data_ingestion_gcs_dag' retrieved from /opt/airflow/dags/data_ingestion_gcs_dag.py
[2024-11-28T17:41:57.454+0000] {logging_mixin.py:190} INFO - [2024-11-28T17:41:57.454+0000] {dag.py:3239} INFO - Sync 1 DAGs
[2024-11-28T17:41:57.588+0000] {logging_mixin.py:190} INFO - [2024-11-28T17:41:57.588+0000] {dag.py:4180} INFO - Setting next_dagrun for data_ingestion_gcs_dag to 2024-11-28 00:00:00+00:00, run_after=2024-11-29 00:00:00+00:00
[2024-11-28T17:41:57.594+0000] {processor.py:208} INFO - Processing /opt/airflow/dags/data_ingestion_gcs_dag.py took 0.199 seconds
[2024-11-28T17:42:27.748+0000] {processor.py:186} INFO - Started process (PID=56882) to work on /opt/airflow/dags/data_ingestion_gcs_dag.py
[2024-11-28T17:42:27.749+0000] {processor.py:914} INFO - Processing file /opt/airflow/dags/data_ingestion_gcs_dag.py for tasks to queue
[2024-11-28T17:42:27.751+0000] {logging_mixin.py:190} INFO - [2024-11-28T17:42:27.750+0000] {dagbag.py:588} INFO - Filling up the DagBag from /opt/airflow/dags/data_ingestion_gcs_dag.py
[2024-11-28T17:42:27.799+0000] {processor.py:925} INFO - DAG(s) 'data_ingestion_gcs_dag' retrieved from /opt/airflow/dags/data_ingestion_gcs_dag.py
[2024-11-28T17:42:27.845+0000] {logging_mixin.py:190} INFO - [2024-11-28T17:42:27.845+0000] {dag.py:3239} INFO - Sync 1 DAGs
[2024-11-28T17:42:28.105+0000] {logging_mixin.py:190} INFO - [2024-11-28T17:42:28.105+0000] {dag.py:4180} INFO - Setting next_dagrun for data_ingestion_gcs_dag to 2024-11-28 00:00:00+00:00, run_after=2024-11-29 00:00:00+00:00
[2024-11-28T17:42:28.116+0000] {processor.py:208} INFO - Processing /opt/airflow/dags/data_ingestion_gcs_dag.py took 0.374 seconds
[2024-11-28T17:52:53.661+0000] {processor.py:186} INFO - Started process (PID=56889) to work on /opt/airflow/dags/data_ingestion_gcs_dag.py
[2024-11-28T17:52:53.662+0000] {processor.py:914} INFO - Processing file /opt/airflow/dags/data_ingestion_gcs_dag.py for tasks to queue
[2024-11-28T17:52:53.663+0000] {logging_mixin.py:190} INFO - [2024-11-28T17:52:53.663+0000] {dagbag.py:588} INFO - Filling up the DagBag from /opt/airflow/dags/data_ingestion_gcs_dag.py
[2024-11-28T17:52:53.683+0000] {processor.py:925} INFO - DAG(s) 'data_ingestion_gcs_dag' retrieved from /opt/airflow/dags/data_ingestion_gcs_dag.py
[2024-11-28T17:52:53.834+0000] {logging_mixin.py:190} INFO - [2024-11-28T17:52:53.834+0000] {dag.py:3239} INFO - Sync 1 DAGs
[2024-11-28T17:52:53.845+0000] {logging_mixin.py:190} INFO - [2024-11-28T17:52:53.845+0000] {dag.py:4180} INFO - Setting next_dagrun for data_ingestion_gcs_dag to 2024-11-28 00:00:00+00:00, run_after=2024-11-29 00:00:00+00:00
[2024-11-28T17:52:53.853+0000] {processor.py:208} INFO - Processing /opt/airflow/dags/data_ingestion_gcs_dag.py took 0.197 seconds
[2024-11-28T18:31:44.387+0000] {processor.py:186} INFO - Started process (PID=56896) to work on /opt/airflow/dags/data_ingestion_gcs_dag.py
[2024-11-28T18:31:44.389+0000] {processor.py:914} INFO - Processing file /opt/airflow/dags/data_ingestion_gcs_dag.py for tasks to queue
[2024-11-28T18:31:44.391+0000] {logging_mixin.py:190} INFO - [2024-11-28T18:31:44.390+0000] {dagbag.py:588} INFO - Filling up the DagBag from /opt/airflow/dags/data_ingestion_gcs_dag.py
[2024-11-28T18:31:44.472+0000] {processor.py:925} INFO - DAG(s) 'data_ingestion_gcs_dag' retrieved from /opt/airflow/dags/data_ingestion_gcs_dag.py
[2024-11-28T18:31:44.502+0000] {logging_mixin.py:190} INFO - [2024-11-28T18:31:44.502+0000] {dag.py:3239} INFO - Sync 1 DAGs
[2024-11-28T18:31:44.537+0000] {logging_mixin.py:190} INFO - [2024-11-28T18:31:44.537+0000] {dag.py:4180} INFO - Setting next_dagrun for data_ingestion_gcs_dag to 2024-11-28 00:00:00+00:00, run_after=2024-11-29 00:00:00+00:00
[2024-11-28T18:31:44.560+0000] {processor.py:208} INFO - Processing /opt/airflow/dags/data_ingestion_gcs_dag.py took 0.197 seconds
[2024-11-28T18:48:32.377+0000] {processor.py:186} INFO - Started process (PID=56903) to work on /opt/airflow/dags/data_ingestion_gcs_dag.py
[2024-11-28T18:48:32.378+0000] {processor.py:914} INFO - Processing file /opt/airflow/dags/data_ingestion_gcs_dag.py for tasks to queue
[2024-11-28T18:48:32.380+0000] {logging_mixin.py:190} INFO - [2024-11-28T18:48:32.380+0000] {dagbag.py:588} INFO - Filling up the DagBag from /opt/airflow/dags/data_ingestion_gcs_dag.py
[2024-11-28T18:48:32.426+0000] {processor.py:925} INFO - DAG(s) 'data_ingestion_gcs_dag' retrieved from /opt/airflow/dags/data_ingestion_gcs_dag.py
[2024-11-28T18:48:32.459+0000] {logging_mixin.py:190} INFO - [2024-11-28T18:48:32.459+0000] {dag.py:3239} INFO - Sync 1 DAGs
[2024-11-28T18:48:32.481+0000] {logging_mixin.py:190} INFO - [2024-11-28T18:48:32.480+0000] {dag.py:4180} INFO - Setting next_dagrun for data_ingestion_gcs_dag to 2024-11-28 00:00:00+00:00, run_after=2024-11-29 00:00:00+00:00
[2024-11-28T18:48:32.858+0000] {processor.py:208} INFO - Processing /opt/airflow/dags/data_ingestion_gcs_dag.py took 0.519 seconds
[2024-11-28T19:27:24.398+0000] {processor.py:186} INFO - Started process (PID=56910) to work on /opt/airflow/dags/data_ingestion_gcs_dag.py
[2024-11-28T19:27:24.399+0000] {processor.py:914} INFO - Processing file /opt/airflow/dags/data_ingestion_gcs_dag.py for tasks to queue
[2024-11-28T19:27:24.401+0000] {logging_mixin.py:190} INFO - [2024-11-28T19:27:24.401+0000] {dagbag.py:588} INFO - Filling up the DagBag from /opt/airflow/dags/data_ingestion_gcs_dag.py
[2024-11-28T19:27:24.450+0000] {processor.py:925} INFO - DAG(s) 'data_ingestion_gcs_dag' retrieved from /opt/airflow/dags/data_ingestion_gcs_dag.py
[2024-11-28T19:27:24.501+0000] {logging_mixin.py:190} INFO - [2024-11-28T19:27:24.500+0000] {dag.py:3239} INFO - Sync 1 DAGs
[2024-11-28T19:27:24.876+0000] {logging_mixin.py:190} INFO - [2024-11-28T19:27:24.876+0000] {dag.py:4180} INFO - Setting next_dagrun for data_ingestion_gcs_dag to 2024-11-28 00:00:00+00:00, run_after=2024-11-29 00:00:00+00:00
[2024-11-28T19:27:24.884+0000] {processor.py:208} INFO - Processing /opt/airflow/dags/data_ingestion_gcs_dag.py took 0.497 seconds
[2024-11-28T19:54:47.432+0000] {processor.py:186} INFO - Started process (PID=56917) to work on /opt/airflow/dags/data_ingestion_gcs_dag.py
[2024-11-28T19:54:47.436+0000] {processor.py:914} INFO - Processing file /opt/airflow/dags/data_ingestion_gcs_dag.py for tasks to queue
[2024-11-28T19:54:47.446+0000] {logging_mixin.py:190} INFO - [2024-11-28T19:54:47.443+0000] {dagbag.py:588} INFO - Filling up the DagBag from /opt/airflow/dags/data_ingestion_gcs_dag.py
[2024-11-28T19:54:47.501+0000] {processor.py:925} INFO - DAG(s) 'data_ingestion_gcs_dag' retrieved from /opt/airflow/dags/data_ingestion_gcs_dag.py
[2024-11-28T19:54:47.825+0000] {logging_mixin.py:190} INFO - [2024-11-28T19:54:47.825+0000] {dag.py:3239} INFO - Sync 1 DAGs
[2024-11-28T19:54:47.837+0000] {logging_mixin.py:190} INFO - [2024-11-28T19:54:47.837+0000] {dag.py:4180} INFO - Setting next_dagrun for data_ingestion_gcs_dag to 2024-11-28 00:00:00+00:00, run_after=2024-11-29 00:00:00+00:00
[2024-11-28T19:54:47.846+0000] {processor.py:208} INFO - Processing /opt/airflow/dags/data_ingestion_gcs_dag.py took 0.433 seconds
[2024-11-28T20:53:23.795+0000] {processor.py:186} INFO - Started process (PID=56924) to work on /opt/airflow/dags/data_ingestion_gcs_dag.py
[2024-11-28T20:53:23.797+0000] {processor.py:914} INFO - Processing file /opt/airflow/dags/data_ingestion_gcs_dag.py for tasks to queue
[2024-11-28T20:53:23.798+0000] {logging_mixin.py:190} INFO - [2024-11-28T20:53:23.798+0000] {dagbag.py:588} INFO - Filling up the DagBag from /opt/airflow/dags/data_ingestion_gcs_dag.py
[2024-11-28T20:53:23.849+0000] {processor.py:925} INFO - DAG(s) 'data_ingestion_gcs_dag' retrieved from /opt/airflow/dags/data_ingestion_gcs_dag.py
[2024-11-28T20:53:24.179+0000] {logging_mixin.py:190} INFO - [2024-11-28T20:53:24.179+0000] {dag.py:3239} INFO - Sync 1 DAGs
[2024-11-28T20:53:24.192+0000] {logging_mixin.py:190} INFO - [2024-11-28T20:53:24.191+0000] {dag.py:4180} INFO - Setting next_dagrun for data_ingestion_gcs_dag to 2024-11-28 00:00:00+00:00, run_after=2024-11-29 00:00:00+00:00
[2024-11-28T20:53:24.200+0000] {processor.py:208} INFO - Processing /opt/airflow/dags/data_ingestion_gcs_dag.py took 0.421 seconds
[2024-11-28T20:55:26.697+0000] {processor.py:186} INFO - Started process (PID=56931) to work on /opt/airflow/dags/data_ingestion_gcs_dag.py
[2024-11-28T20:55:26.698+0000] {processor.py:914} INFO - Processing file /opt/airflow/dags/data_ingestion_gcs_dag.py for tasks to queue
[2024-11-28T20:55:26.698+0000] {logging_mixin.py:190} INFO - [2024-11-28T20:55:26.698+0000] {dagbag.py:588} INFO - Filling up the DagBag from /opt/airflow/dags/data_ingestion_gcs_dag.py
[2024-11-28T20:55:26.717+0000] {processor.py:925} INFO - DAG(s) 'data_ingestion_gcs_dag' retrieved from /opt/airflow/dags/data_ingestion_gcs_dag.py
[2024-11-28T20:55:26.739+0000] {logging_mixin.py:190} INFO - [2024-11-28T20:55:26.738+0000] {dag.py:3239} INFO - Sync 1 DAGs
[2024-11-28T20:55:26.758+0000] {logging_mixin.py:190} INFO - [2024-11-28T20:55:26.758+0000] {dag.py:4180} INFO - Setting next_dagrun for data_ingestion_gcs_dag to 2024-11-28 00:00:00+00:00, run_after=2024-11-29 00:00:00+00:00
[2024-11-28T20:55:26.769+0000] {processor.py:208} INFO - Processing /opt/airflow/dags/data_ingestion_gcs_dag.py took 0.078 seconds
[2024-11-28T20:55:57.128+0000] {processor.py:186} INFO - Started process (PID=56938) to work on /opt/airflow/dags/data_ingestion_gcs_dag.py
[2024-11-28T20:55:57.129+0000] {processor.py:914} INFO - Processing file /opt/airflow/dags/data_ingestion_gcs_dag.py for tasks to queue
[2024-11-28T20:55:57.131+0000] {logging_mixin.py:190} INFO - [2024-11-28T20:55:57.130+0000] {dagbag.py:588} INFO - Filling up the DagBag from /opt/airflow/dags/data_ingestion_gcs_dag.py
[2024-11-28T20:55:57.175+0000] {processor.py:925} INFO - DAG(s) 'data_ingestion_gcs_dag' retrieved from /opt/airflow/dags/data_ingestion_gcs_dag.py
[2024-11-28T20:55:57.202+0000] {logging_mixin.py:190} INFO - [2024-11-28T20:55:57.202+0000] {dag.py:3239} INFO - Sync 1 DAGs
[2024-11-28T20:55:57.222+0000] {logging_mixin.py:190} INFO - [2024-11-28T20:55:57.222+0000] {dag.py:4180} INFO - Setting next_dagrun for data_ingestion_gcs_dag to 2024-11-28 00:00:00+00:00, run_after=2024-11-29 00:00:00+00:00
[2024-11-28T20:55:57.534+0000] {processor.py:208} INFO - Processing /opt/airflow/dags/data_ingestion_gcs_dag.py took 0.416 seconds
[2024-11-28T20:56:27.972+0000] {processor.py:186} INFO - Started process (PID=56945) to work on /opt/airflow/dags/data_ingestion_gcs_dag.py
[2024-11-28T20:56:27.974+0000] {processor.py:914} INFO - Processing file /opt/airflow/dags/data_ingestion_gcs_dag.py for tasks to queue
[2024-11-28T20:56:27.975+0000] {logging_mixin.py:190} INFO - [2024-11-28T20:56:27.974+0000] {dagbag.py:588} INFO - Filling up the DagBag from /opt/airflow/dags/data_ingestion_gcs_dag.py
[2024-11-28T20:56:27.994+0000] {processor.py:925} INFO - DAG(s) 'data_ingestion_gcs_dag' retrieved from /opt/airflow/dags/data_ingestion_gcs_dag.py
[2024-11-28T20:56:28.009+0000] {logging_mixin.py:190} INFO - [2024-11-28T20:56:28.009+0000] {dag.py:3239} INFO - Sync 1 DAGs
[2024-11-28T20:56:28.162+0000] {logging_mixin.py:190} INFO - [2024-11-28T20:56:28.162+0000] {dag.py:4180} INFO - Setting next_dagrun for data_ingestion_gcs_dag to 2024-11-28 00:00:00+00:00, run_after=2024-11-29 00:00:00+00:00
[2024-11-28T20:56:28.170+0000] {processor.py:208} INFO - Processing /opt/airflow/dags/data_ingestion_gcs_dag.py took 0.205 seconds
[2024-11-28T20:56:58.397+0000] {processor.py:186} INFO - Started process (PID=56952) to work on /opt/airflow/dags/data_ingestion_gcs_dag.py
[2024-11-28T20:56:58.398+0000] {processor.py:914} INFO - Processing file /opt/airflow/dags/data_ingestion_gcs_dag.py for tasks to queue
[2024-11-28T20:56:58.400+0000] {logging_mixin.py:190} INFO - [2024-11-28T20:56:58.399+0000] {dagbag.py:588} INFO - Filling up the DagBag from /opt/airflow/dags/data_ingestion_gcs_dag.py
[2024-11-28T20:56:58.511+0000] {processor.py:925} INFO - DAG(s) 'data_ingestion_gcs_dag' retrieved from /opt/airflow/dags/data_ingestion_gcs_dag.py
[2024-11-28T20:56:58.545+0000] {logging_mixin.py:190} INFO - [2024-11-28T20:56:58.545+0000] {dag.py:3239} INFO - Sync 1 DAGs
[2024-11-28T20:56:58.828+0000] {logging_mixin.py:190} INFO - [2024-11-28T20:56:58.828+0000] {dag.py:4180} INFO - Setting next_dagrun for data_ingestion_gcs_dag to 2024-11-28 00:00:00+00:00, run_after=2024-11-29 00:00:00+00:00
[2024-11-28T20:56:58.839+0000] {processor.py:208} INFO - Processing /opt/airflow/dags/data_ingestion_gcs_dag.py took 0.455 seconds
[2024-11-28T22:00:46.908+0000] {processor.py:186} INFO - Started process (PID=56959) to work on /opt/airflow/dags/data_ingestion_gcs_dag.py
[2024-11-28T22:00:46.913+0000] {processor.py:914} INFO - Processing file /opt/airflow/dags/data_ingestion_gcs_dag.py for tasks to queue
[2024-11-28T22:00:46.914+0000] {logging_mixin.py:190} INFO - [2024-11-28T22:00:46.914+0000] {dagbag.py:588} INFO - Filling up the DagBag from /opt/airflow/dags/data_ingestion_gcs_dag.py
[2024-11-28T22:00:46.957+0000] {processor.py:925} INFO - DAG(s) 'data_ingestion_gcs_dag' retrieved from /opt/airflow/dags/data_ingestion_gcs_dag.py
[2024-11-28T22:00:47.269+0000] {logging_mixin.py:190} INFO - [2024-11-28T22:00:47.269+0000] {dag.py:3239} INFO - Sync 1 DAGs
[2024-11-28T22:00:47.281+0000] {logging_mixin.py:190} INFO - [2024-11-28T22:00:47.281+0000] {dag.py:4180} INFO - Setting next_dagrun for data_ingestion_gcs_dag to 2024-11-28 00:00:00+00:00, run_after=2024-11-29 00:00:00+00:00
[2024-11-28T22:00:47.288+0000] {processor.py:208} INFO - Processing /opt/airflow/dags/data_ingestion_gcs_dag.py took 0.396 seconds
[2024-11-28T22:05:44.144+0000] {processor.py:186} INFO - Started process (PID=56966) to work on /opt/airflow/dags/data_ingestion_gcs_dag.py
[2024-11-28T22:05:44.145+0000] {processor.py:914} INFO - Processing file /opt/airflow/dags/data_ingestion_gcs_dag.py for tasks to queue
[2024-11-28T22:05:44.147+0000] {logging_mixin.py:190} INFO - [2024-11-28T22:05:44.146+0000] {dagbag.py:588} INFO - Filling up the DagBag from /opt/airflow/dags/data_ingestion_gcs_dag.py
[2024-11-28T22:05:44.361+0000] {processor.py:925} INFO - DAG(s) 'data_ingestion_gcs_dag' retrieved from /opt/airflow/dags/data_ingestion_gcs_dag.py
[2024-11-28T22:05:44.372+0000] {logging_mixin.py:190} INFO - [2024-11-28T22:05:44.372+0000] {dag.py:3239} INFO - Sync 1 DAGs
[2024-11-28T22:05:44.382+0000] {logging_mixin.py:190} INFO - [2024-11-28T22:05:44.382+0000] {dag.py:4180} INFO - Setting next_dagrun for data_ingestion_gcs_dag to 2024-11-28 00:00:00+00:00, run_after=2024-11-29 00:00:00+00:00
[2024-11-28T22:05:44.391+0000] {processor.py:208} INFO - Processing /opt/airflow/dags/data_ingestion_gcs_dag.py took 0.256 seconds
[2024-11-28T22:20:51.678+0000] {processor.py:186} INFO - Started process (PID=56973) to work on /opt/airflow/dags/data_ingestion_gcs_dag.py
[2024-11-28T22:20:51.678+0000] {processor.py:914} INFO - Processing file /opt/airflow/dags/data_ingestion_gcs_dag.py for tasks to queue
[2024-11-28T22:20:51.680+0000] {logging_mixin.py:190} INFO - [2024-11-28T22:20:51.680+0000] {dagbag.py:588} INFO - Filling up the DagBag from /opt/airflow/dags/data_ingestion_gcs_dag.py
[2024-11-28T22:20:51.695+0000] {processor.py:925} INFO - DAG(s) 'data_ingestion_gcs_dag' retrieved from /opt/airflow/dags/data_ingestion_gcs_dag.py
[2024-11-28T22:20:51.711+0000] {logging_mixin.py:190} INFO - [2024-11-28T22:20:51.711+0000] {dag.py:3239} INFO - Sync 1 DAGs
[2024-11-28T22:20:51.727+0000] {logging_mixin.py:190} INFO - [2024-11-28T22:20:51.727+0000] {dag.py:4180} INFO - Setting next_dagrun for data_ingestion_gcs_dag to 2024-11-28 00:00:00+00:00, run_after=2024-11-29 00:00:00+00:00
[2024-11-28T22:20:51.934+0000] {processor.py:208} INFO - Processing /opt/airflow/dags/data_ingestion_gcs_dag.py took 0.260 seconds
[2024-11-28T22:40:50.522+0000] {processor.py:186} INFO - Started process (PID=56980) to work on /opt/airflow/dags/data_ingestion_gcs_dag.py
[2024-11-28T22:40:50.523+0000] {processor.py:914} INFO - Processing file /opt/airflow/dags/data_ingestion_gcs_dag.py for tasks to queue
[2024-11-28T22:40:50.525+0000] {logging_mixin.py:190} INFO - [2024-11-28T22:40:50.524+0000] {dagbag.py:588} INFO - Filling up the DagBag from /opt/airflow/dags/data_ingestion_gcs_dag.py
[2024-11-28T22:40:50.590+0000] {processor.py:925} INFO - DAG(s) 'data_ingestion_gcs_dag' retrieved from /opt/airflow/dags/data_ingestion_gcs_dag.py
[2024-11-28T22:40:50.616+0000] {logging_mixin.py:190} INFO - [2024-11-28T22:40:50.616+0000] {dag.py:3239} INFO - Sync 1 DAGs
[2024-11-28T22:40:50.881+0000] {logging_mixin.py:190} INFO - [2024-11-28T22:40:50.881+0000] {dag.py:4180} INFO - Setting next_dagrun for data_ingestion_gcs_dag to 2024-11-28 00:00:00+00:00, run_after=2024-11-29 00:00:00+00:00
[2024-11-28T22:40:50.888+0000] {processor.py:208} INFO - Processing /opt/airflow/dags/data_ingestion_gcs_dag.py took 0.379 seconds
[2024-11-28T23:00:44.281+0000] {processor.py:186} INFO - Started process (PID=56987) to work on /opt/airflow/dags/data_ingestion_gcs_dag.py
[2024-11-28T23:00:44.282+0000] {processor.py:914} INFO - Processing file /opt/airflow/dags/data_ingestion_gcs_dag.py for tasks to queue
[2024-11-28T23:00:44.283+0000] {logging_mixin.py:190} INFO - [2024-11-28T23:00:44.283+0000] {dagbag.py:588} INFO - Filling up the DagBag from /opt/airflow/dags/data_ingestion_gcs_dag.py
[2024-11-28T23:00:44.311+0000] {processor.py:925} INFO - DAG(s) 'data_ingestion_gcs_dag' retrieved from /opt/airflow/dags/data_ingestion_gcs_dag.py
[2024-11-28T23:00:44.483+0000] {logging_mixin.py:190} INFO - [2024-11-28T23:00:44.483+0000] {dag.py:3239} INFO - Sync 1 DAGs
[2024-11-28T23:00:44.493+0000] {logging_mixin.py:190} INFO - [2024-11-28T23:00:44.493+0000] {dag.py:4180} INFO - Setting next_dagrun for data_ingestion_gcs_dag to 2024-11-28 00:00:00+00:00, run_after=2024-11-29 00:00:00+00:00
[2024-11-28T23:00:44.501+0000] {processor.py:208} INFO - Processing /opt/airflow/dags/data_ingestion_gcs_dag.py took 0.226 seconds
[2024-11-28T23:06:07.625+0000] {processor.py:186} INFO - Started process (PID=56994) to work on /opt/airflow/dags/data_ingestion_gcs_dag.py
[2024-11-28T23:06:07.626+0000] {processor.py:914} INFO - Processing file /opt/airflow/dags/data_ingestion_gcs_dag.py for tasks to queue
[2024-11-28T23:06:07.628+0000] {logging_mixin.py:190} INFO - [2024-11-28T23:06:07.627+0000] {dagbag.py:588} INFO - Filling up the DagBag from /opt/airflow/dags/data_ingestion_gcs_dag.py
[2024-11-28T23:06:07.655+0000] {processor.py:925} INFO - DAG(s) 'data_ingestion_gcs_dag' retrieved from /opt/airflow/dags/data_ingestion_gcs_dag.py
[2024-11-28T23:06:07.921+0000] {logging_mixin.py:190} INFO - [2024-11-28T23:06:07.921+0000] {dag.py:3239} INFO - Sync 1 DAGs
[2024-11-28T23:06:07.931+0000] {logging_mixin.py:190} INFO - [2024-11-28T23:06:07.931+0000] {dag.py:4180} INFO - Setting next_dagrun for data_ingestion_gcs_dag to 2024-11-28 00:00:00+00:00, run_after=2024-11-29 00:00:00+00:00
[2024-11-28T23:06:07.937+0000] {processor.py:208} INFO - Processing /opt/airflow/dags/data_ingestion_gcs_dag.py took 0.320 seconds
[2024-11-28T23:06:38.010+0000] {processor.py:186} INFO - Started process (PID=57001) to work on /opt/airflow/dags/data_ingestion_gcs_dag.py
[2024-11-28T23:06:38.011+0000] {processor.py:914} INFO - Processing file /opt/airflow/dags/data_ingestion_gcs_dag.py for tasks to queue
[2024-11-28T23:06:38.013+0000] {logging_mixin.py:190} INFO - [2024-11-28T23:06:38.013+0000] {dagbag.py:588} INFO - Filling up the DagBag from /opt/airflow/dags/data_ingestion_gcs_dag.py
[2024-11-28T23:06:38.177+0000] {processor.py:925} INFO - DAG(s) 'data_ingestion_gcs_dag' retrieved from /opt/airflow/dags/data_ingestion_gcs_dag.py
[2024-11-28T23:06:38.189+0000] {logging_mixin.py:190} INFO - [2024-11-28T23:06:38.189+0000] {dag.py:3239} INFO - Sync 1 DAGs
[2024-11-28T23:06:38.200+0000] {logging_mixin.py:190} INFO - [2024-11-28T23:06:38.200+0000] {dag.py:4180} INFO - Setting next_dagrun for data_ingestion_gcs_dag to 2024-11-28 00:00:00+00:00, run_after=2024-11-29 00:00:00+00:00
[2024-11-28T23:06:38.209+0000] {processor.py:208} INFO - Processing /opt/airflow/dags/data_ingestion_gcs_dag.py took 0.206 seconds
[2024-11-28T23:15:45.613+0000] {processor.py:186} INFO - Started process (PID=57008) to work on /opt/airflow/dags/data_ingestion_gcs_dag.py
[2024-11-28T23:15:45.614+0000] {processor.py:914} INFO - Processing file /opt/airflow/dags/data_ingestion_gcs_dag.py for tasks to queue
[2024-11-28T23:15:45.616+0000] {logging_mixin.py:190} INFO - [2024-11-28T23:15:45.615+0000] {dagbag.py:588} INFO - Filling up the DagBag from /opt/airflow/dags/data_ingestion_gcs_dag.py
[2024-11-28T23:15:45.643+0000] {processor.py:925} INFO - DAG(s) 'data_ingestion_gcs_dag' retrieved from /opt/airflow/dags/data_ingestion_gcs_dag.py
[2024-11-28T23:15:45.656+0000] {logging_mixin.py:190} INFO - [2024-11-28T23:15:45.656+0000] {dag.py:3239} INFO - Sync 1 DAGs
[2024-11-28T23:15:45.668+0000] {logging_mixin.py:190} INFO - [2024-11-28T23:15:45.668+0000] {dag.py:4180} INFO - Setting next_dagrun for data_ingestion_gcs_dag to 2024-11-28 00:00:00+00:00, run_after=2024-11-29 00:00:00+00:00
[2024-11-28T23:15:45.675+0000] {processor.py:208} INFO - Processing /opt/airflow/dags/data_ingestion_gcs_dag.py took 0.069 seconds
[2024-11-28T23:30:44.437+0000] {processor.py:186} INFO - Started process (PID=57015) to work on /opt/airflow/dags/data_ingestion_gcs_dag.py
[2024-11-28T23:30:44.438+0000] {processor.py:914} INFO - Processing file /opt/airflow/dags/data_ingestion_gcs_dag.py for tasks to queue
[2024-11-28T23:30:44.440+0000] {logging_mixin.py:190} INFO - [2024-11-28T23:30:44.439+0000] {dagbag.py:588} INFO - Filling up the DagBag from /opt/airflow/dags/data_ingestion_gcs_dag.py
[2024-11-28T23:30:44.467+0000] {processor.py:925} INFO - DAG(s) 'data_ingestion_gcs_dag' retrieved from /opt/airflow/dags/data_ingestion_gcs_dag.py
[2024-11-28T23:30:44.483+0000] {logging_mixin.py:190} INFO - [2024-11-28T23:30:44.483+0000] {dag.py:3239} INFO - Sync 1 DAGs
[2024-11-28T23:30:44.502+0000] {logging_mixin.py:190} INFO - [2024-11-28T23:30:44.502+0000] {dag.py:4180} INFO - Setting next_dagrun for data_ingestion_gcs_dag to 2024-11-28 00:00:00+00:00, run_after=2024-11-29 00:00:00+00:00
[2024-11-28T23:30:44.514+0000] {processor.py:208} INFO - Processing /opt/airflow/dags/data_ingestion_gcs_dag.py took 0.083 seconds
[2024-11-28T23:45:46.592+0000] {processor.py:186} INFO - Started process (PID=57022) to work on /opt/airflow/dags/data_ingestion_gcs_dag.py
[2024-11-28T23:45:46.593+0000] {processor.py:914} INFO - Processing file /opt/airflow/dags/data_ingestion_gcs_dag.py for tasks to queue
[2024-11-28T23:45:46.594+0000] {logging_mixin.py:190} INFO - [2024-11-28T23:45:46.594+0000] {dagbag.py:588} INFO - Filling up the DagBag from /opt/airflow/dags/data_ingestion_gcs_dag.py
[2024-11-28T23:45:46.628+0000] {processor.py:925} INFO - DAG(s) 'data_ingestion_gcs_dag' retrieved from /opt/airflow/dags/data_ingestion_gcs_dag.py
[2024-11-28T23:45:46.648+0000] {logging_mixin.py:190} INFO - [2024-11-28T23:45:46.648+0000] {dag.py:3239} INFO - Sync 1 DAGs
[2024-11-28T23:45:46.665+0000] {logging_mixin.py:190} INFO - [2024-11-28T23:45:46.665+0000] {dag.py:4180} INFO - Setting next_dagrun for data_ingestion_gcs_dag to 2024-11-28 00:00:00+00:00, run_after=2024-11-29 00:00:00+00:00
[2024-11-28T23:45:46.683+0000] {processor.py:208} INFO - Processing /opt/airflow/dags/data_ingestion_gcs_dag.py took 0.097 seconds
