[2024-12-04T20:36:37.444+0000] {local_task_job_runner.py:123} INFO - ::group::Pre task execution logs
[2024-12-04T20:36:37.455+0000] {taskinstance.py:2613} INFO - Dependencies all met for dep_context=non-requeueable deps ti=<TaskInstance: data_ingestion_gcs_dag.download_dataset_task manual__2024-12-04T20:36:35.859817+00:00 [queued]>
[2024-12-04T20:36:37.460+0000] {taskinstance.py:2613} INFO - Dependencies all met for dep_context=requeueable deps ti=<TaskInstance: data_ingestion_gcs_dag.download_dataset_task manual__2024-12-04T20:36:35.859817+00:00 [queued]>
[2024-12-04T20:36:37.460+0000] {taskinstance.py:2866} INFO - Starting attempt 1 of 2
[2024-12-04T20:36:37.467+0000] {taskinstance.py:2889} INFO - Executing <Task(BashOperator): download_dataset_task> on 2024-12-04 20:36:35.859817+00:00
[2024-12-04T20:36:37.473+0000] {warnings.py:112} WARNING - /home/***/.local/lib/python3.12/site-packages/***/task/task_runner/standard_task_runner.py:70: DeprecationWarning: This process (pid=72949) is multi-threaded, use of fork() may lead to deadlocks in the child.
  pid = os.fork()

[2024-12-04T20:36:37.475+0000] {standard_task_runner.py:72} INFO - Started process 72956 to run task
[2024-12-04T20:36:37.474+0000] {standard_task_runner.py:104} INFO - Running: ['***', 'tasks', 'run', 'data_ingestion_gcs_dag', 'download_dataset_task', 'manual__2024-12-04T20:36:35.859817+00:00', '--job-id', '150', '--raw', '--subdir', 'DAGS_FOLDER/data_ingestion_gcs_dag.py', '--cfg-path', '/tmp/tmp641l6afx']
[2024-12-04T20:36:37.477+0000] {standard_task_runner.py:105} INFO - Job 150: Subtask download_dataset_task
[2024-12-04T20:36:37.513+0000] {task_command.py:467} INFO - Running <TaskInstance: data_ingestion_gcs_dag.download_dataset_task manual__2024-12-04T20:36:35.859817+00:00 [running]> on host 4cef807186dc
[2024-12-04T20:36:37.582+0000] {taskinstance.py:3132} INFO - Exporting env vars: AIRFLOW_CTX_DAG_OWNER='***' AIRFLOW_CTX_DAG_ID='data_ingestion_gcs_dag' AIRFLOW_CTX_TASK_ID='download_dataset_task' AIRFLOW_CTX_EXECUTION_DATE='2024-12-04T20:36:35.859817+00:00' AIRFLOW_CTX_TRY_NUMBER='1' AIRFLOW_CTX_DAG_RUN_ID='manual__2024-12-04T20:36:35.859817+00:00'
[2024-12-04T20:36:37.584+0000] {taskinstance.py:731} INFO - ::endgroup::
[2024-12-04T20:36:37.593+0000] {subprocess.py:78} INFO - Tmp dir root location: /tmp
[2024-12-04T20:36:37.594+0000] {subprocess.py:88} INFO - Running command: ['/usr/bin/bash', '-c', 'curl -sSL https://github.com/DataTalksClub/nyc-tlc-data/releases/download/yellow/yellow_tripdata_2021-01.csv.gz > /opt/***/yellow_tripdata_2021-01.csv.gz']
[2024-12-04T20:36:37.601+0000] {subprocess.py:99} INFO - Output:
[2024-12-04T20:36:42.125+0000] {subprocess.py:110} INFO - Command exited with return code 0
[2024-12-04T20:36:42.172+0000] {taskinstance.py:340} INFO - ::group::Post task execution logs
[2024-12-04T20:36:42.173+0000] {taskinstance.py:352} INFO - Marking task as SUCCESS. dag_id=data_ingestion_gcs_dag, task_id=download_dataset_task, run_id=manual__2024-12-04T20:36:35.859817+00:00, execution_date=20241204T203635, start_date=20241204T203637, end_date=20241204T203642
[2024-12-04T20:36:42.199+0000] {local_task_job_runner.py:266} INFO - Task exited with return code 0
[2024-12-04T20:36:42.225+0000] {taskinstance.py:3895} INFO - 1 downstream tasks scheduled from follow-on schedule check
[2024-12-04T20:36:42.226+0000] {local_task_job_runner.py:245} INFO - ::endgroup::
