[2024-12-04T23:52:16.409+0000] {processor.py:186} INFO - Started process (PID=107) to work on /opt/airflow/dags/data_ingestion_local.py
[2024-12-04T23:52:16.409+0000] {processor.py:914} INFO - Processing file /opt/airflow/dags/data_ingestion_local.py for tasks to queue
[2024-12-04T23:52:16.413+0000] {logging_mixin.py:190} INFO - [2024-12-04T23:52:16.412+0000] {dagbag.py:588} INFO - Filling up the DagBag from /opt/airflow/dags/data_ingestion_local.py
[2024-12-04T23:52:16.419+0000] {processor.py:927} WARNING - No viable dags retrieved from /opt/airflow/dags/data_ingestion_local.py
[2024-12-04T23:52:16.429+0000] {processor.py:208} INFO - Processing /opt/airflow/dags/data_ingestion_local.py took 0.026 seconds
[2024-12-04T23:52:46.820+0000] {processor.py:186} INFO - Started process (PID=114) to work on /opt/airflow/dags/data_ingestion_local.py
[2024-12-04T23:52:46.822+0000] {processor.py:914} INFO - Processing file /opt/airflow/dags/data_ingestion_local.py for tasks to queue
[2024-12-04T23:52:46.826+0000] {logging_mixin.py:190} INFO - [2024-12-04T23:52:46.826+0000] {dagbag.py:588} INFO - Filling up the DagBag from /opt/airflow/dags/data_ingestion_local.py
[2024-12-04T23:52:46.831+0000] {processor.py:927} WARNING - No viable dags retrieved from /opt/airflow/dags/data_ingestion_local.py
[2024-12-04T23:52:46.857+0000] {processor.py:208} INFO - Processing /opt/airflow/dags/data_ingestion_local.py took 0.049 seconds
[2024-12-04T23:53:17.173+0000] {processor.py:186} INFO - Started process (PID=121) to work on /opt/airflow/dags/data_ingestion_local.py
[2024-12-04T23:53:17.174+0000] {processor.py:914} INFO - Processing file /opt/airflow/dags/data_ingestion_local.py for tasks to queue
[2024-12-04T23:53:17.176+0000] {logging_mixin.py:190} INFO - [2024-12-04T23:53:17.176+0000] {dagbag.py:588} INFO - Filling up the DagBag from /opt/airflow/dags/data_ingestion_local.py
[2024-12-04T23:53:17.180+0000] {processor.py:927} WARNING - No viable dags retrieved from /opt/airflow/dags/data_ingestion_local.py
[2024-12-04T23:53:17.193+0000] {processor.py:208} INFO - Processing /opt/airflow/dags/data_ingestion_local.py took 0.027 seconds
[2024-12-04T23:53:47.597+0000] {processor.py:186} INFO - Started process (PID=128) to work on /opt/airflow/dags/data_ingestion_local.py
[2024-12-04T23:53:47.599+0000] {processor.py:914} INFO - Processing file /opt/airflow/dags/data_ingestion_local.py for tasks to queue
[2024-12-04T23:53:47.809+0000] {logging_mixin.py:190} INFO - [2024-12-04T23:53:47.809+0000] {dagbag.py:588} INFO - Filling up the DagBag from /opt/airflow/dags/data_ingestion_local.py
[2024-12-04T23:53:47.812+0000] {processor.py:927} WARNING - No viable dags retrieved from /opt/airflow/dags/data_ingestion_local.py
[2024-12-04T23:53:47.821+0000] {processor.py:208} INFO - Processing /opt/airflow/dags/data_ingestion_local.py took 0.237 seconds
[2024-12-04T23:54:18.546+0000] {processor.py:186} INFO - Started process (PID=135) to work on /opt/airflow/dags/data_ingestion_local.py
[2024-12-04T23:54:18.553+0000] {processor.py:914} INFO - Processing file /opt/airflow/dags/data_ingestion_local.py for tasks to queue
[2024-12-04T23:54:18.573+0000] {logging_mixin.py:190} INFO - [2024-12-04T23:54:18.572+0000] {dagbag.py:588} INFO - Filling up the DagBag from /opt/airflow/dags/data_ingestion_local.py
[2024-12-04T23:54:18.582+0000] {processor.py:927} WARNING - No viable dags retrieved from /opt/airflow/dags/data_ingestion_local.py
[2024-12-04T23:54:18.645+0000] {processor.py:208} INFO - Processing /opt/airflow/dags/data_ingestion_local.py took 0.139 seconds
[2024-12-04T23:54:48.954+0000] {processor.py:186} INFO - Started process (PID=142) to work on /opt/airflow/dags/data_ingestion_local.py
[2024-12-04T23:54:48.956+0000] {processor.py:914} INFO - Processing file /opt/airflow/dags/data_ingestion_local.py for tasks to queue
[2024-12-04T23:54:48.964+0000] {logging_mixin.py:190} INFO - [2024-12-04T23:54:48.963+0000] {dagbag.py:588} INFO - Filling up the DagBag from /opt/airflow/dags/data_ingestion_local.py
[2024-12-04T23:54:48.968+0000] {processor.py:927} WARNING - No viable dags retrieved from /opt/airflow/dags/data_ingestion_local.py
[2024-12-04T23:54:48.982+0000] {processor.py:208} INFO - Processing /opt/airflow/dags/data_ingestion_local.py took 0.041 seconds
[2024-12-04T23:55:19.283+0000] {processor.py:186} INFO - Started process (PID=149) to work on /opt/airflow/dags/data_ingestion_local.py
[2024-12-04T23:55:19.284+0000] {processor.py:914} INFO - Processing file /opt/airflow/dags/data_ingestion_local.py for tasks to queue
[2024-12-04T23:55:19.289+0000] {logging_mixin.py:190} INFO - [2024-12-04T23:55:19.288+0000] {dagbag.py:588} INFO - Filling up the DagBag from /opt/airflow/dags/data_ingestion_local.py
[2024-12-04T23:55:19.293+0000] {processor.py:927} WARNING - No viable dags retrieved from /opt/airflow/dags/data_ingestion_local.py
[2024-12-04T23:55:19.306+0000] {processor.py:208} INFO - Processing /opt/airflow/dags/data_ingestion_local.py took 0.036 seconds
[2024-12-04T23:55:49.556+0000] {processor.py:186} INFO - Started process (PID=156) to work on /opt/airflow/dags/data_ingestion_local.py
[2024-12-04T23:55:49.558+0000] {processor.py:914} INFO - Processing file /opt/airflow/dags/data_ingestion_local.py for tasks to queue
[2024-12-04T23:55:49.561+0000] {logging_mixin.py:190} INFO - [2024-12-04T23:55:49.561+0000] {dagbag.py:588} INFO - Filling up the DagBag from /opt/airflow/dags/data_ingestion_local.py
[2024-12-04T23:55:49.566+0000] {processor.py:927} WARNING - No viable dags retrieved from /opt/airflow/dags/data_ingestion_local.py
[2024-12-04T23:55:49.576+0000] {processor.py:208} INFO - Processing /opt/airflow/dags/data_ingestion_local.py took 0.027 seconds
[2024-12-04T23:56:19.820+0000] {processor.py:186} INFO - Started process (PID=163) to work on /opt/airflow/dags/data_ingestion_local.py
[2024-12-04T23:56:19.821+0000] {processor.py:914} INFO - Processing file /opt/airflow/dags/data_ingestion_local.py for tasks to queue
[2024-12-04T23:56:19.825+0000] {logging_mixin.py:190} INFO - [2024-12-04T23:56:19.824+0000] {dagbag.py:588} INFO - Filling up the DagBag from /opt/airflow/dags/data_ingestion_local.py
[2024-12-04T23:56:19.828+0000] {processor.py:927} WARNING - No viable dags retrieved from /opt/airflow/dags/data_ingestion_local.py
[2024-12-04T23:56:19.839+0000] {processor.py:208} INFO - Processing /opt/airflow/dags/data_ingestion_local.py took 0.027 seconds
[2024-12-04T23:56:50.140+0000] {processor.py:186} INFO - Started process (PID=170) to work on /opt/airflow/dags/data_ingestion_local.py
[2024-12-04T23:56:50.140+0000] {processor.py:914} INFO - Processing file /opt/airflow/dags/data_ingestion_local.py for tasks to queue
[2024-12-04T23:56:50.143+0000] {logging_mixin.py:190} INFO - [2024-12-04T23:56:50.143+0000] {dagbag.py:588} INFO - Filling up the DagBag from /opt/airflow/dags/data_ingestion_local.py
[2024-12-04T23:56:50.147+0000] {processor.py:927} WARNING - No viable dags retrieved from /opt/airflow/dags/data_ingestion_local.py
[2024-12-04T23:56:50.156+0000] {processor.py:208} INFO - Processing /opt/airflow/dags/data_ingestion_local.py took 0.024 seconds
[2024-12-04T23:57:20.528+0000] {processor.py:186} INFO - Started process (PID=177) to work on /opt/airflow/dags/data_ingestion_local.py
[2024-12-04T23:57:20.530+0000] {processor.py:914} INFO - Processing file /opt/airflow/dags/data_ingestion_local.py for tasks to queue
[2024-12-04T23:57:20.535+0000] {logging_mixin.py:190} INFO - [2024-12-04T23:57:20.535+0000] {dagbag.py:588} INFO - Filling up the DagBag from /opt/airflow/dags/data_ingestion_local.py
[2024-12-04T23:57:20.539+0000] {processor.py:927} WARNING - No viable dags retrieved from /opt/airflow/dags/data_ingestion_local.py
[2024-12-04T23:57:20.553+0000] {processor.py:208} INFO - Processing /opt/airflow/dags/data_ingestion_local.py took 0.038 seconds
[2024-12-04T23:57:50.895+0000] {processor.py:186} INFO - Started process (PID=184) to work on /opt/airflow/dags/data_ingestion_local.py
[2024-12-04T23:57:50.896+0000] {processor.py:914} INFO - Processing file /opt/airflow/dags/data_ingestion_local.py for tasks to queue
[2024-12-04T23:57:50.901+0000] {logging_mixin.py:190} INFO - [2024-12-04T23:57:50.900+0000] {dagbag.py:588} INFO - Filling up the DagBag from /opt/airflow/dags/data_ingestion_local.py
[2024-12-04T23:57:50.905+0000] {processor.py:927} WARNING - No viable dags retrieved from /opt/airflow/dags/data_ingestion_local.py
[2024-12-04T23:57:50.919+0000] {processor.py:208} INFO - Processing /opt/airflow/dags/data_ingestion_local.py took 0.033 seconds
[2024-12-04T23:58:21.322+0000] {processor.py:186} INFO - Started process (PID=191) to work on /opt/airflow/dags/data_ingestion_local.py
[2024-12-04T23:58:21.323+0000] {processor.py:914} INFO - Processing file /opt/airflow/dags/data_ingestion_local.py for tasks to queue
[2024-12-04T23:58:21.327+0000] {logging_mixin.py:190} INFO - [2024-12-04T23:58:21.326+0000] {dagbag.py:588} INFO - Filling up the DagBag from /opt/airflow/dags/data_ingestion_local.py
[2024-12-04T23:58:21.330+0000] {processor.py:927} WARNING - No viable dags retrieved from /opt/airflow/dags/data_ingestion_local.py
[2024-12-04T23:58:21.344+0000] {processor.py:208} INFO - Processing /opt/airflow/dags/data_ingestion_local.py took 0.046 seconds
[2024-12-04T23:58:51.683+0000] {processor.py:186} INFO - Started process (PID=198) to work on /opt/airflow/dags/data_ingestion_local.py
[2024-12-04T23:58:51.685+0000] {processor.py:914} INFO - Processing file /opt/airflow/dags/data_ingestion_local.py for tasks to queue
[2024-12-04T23:58:51.694+0000] {logging_mixin.py:190} INFO - [2024-12-04T23:58:51.692+0000] {dagbag.py:588} INFO - Filling up the DagBag from /opt/airflow/dags/data_ingestion_local.py
[2024-12-04T23:58:51.700+0000] {processor.py:927} WARNING - No viable dags retrieved from /opt/airflow/dags/data_ingestion_local.py
[2024-12-04T23:58:51.711+0000] {processor.py:208} INFO - Processing /opt/airflow/dags/data_ingestion_local.py took 0.049 seconds
[2024-12-04T23:59:22.002+0000] {processor.py:186} INFO - Started process (PID=211) to work on /opt/airflow/dags/data_ingestion_local.py
[2024-12-04T23:59:22.004+0000] {processor.py:914} INFO - Processing file /opt/airflow/dags/data_ingestion_local.py for tasks to queue
[2024-12-04T23:59:22.007+0000] {logging_mixin.py:190} INFO - [2024-12-04T23:59:22.007+0000] {dagbag.py:588} INFO - Filling up the DagBag from /opt/airflow/dags/data_ingestion_local.py
[2024-12-04T23:59:22.011+0000] {processor.py:927} WARNING - No viable dags retrieved from /opt/airflow/dags/data_ingestion_local.py
[2024-12-04T23:59:22.024+0000] {processor.py:208} INFO - Processing /opt/airflow/dags/data_ingestion_local.py took 0.032 seconds
[2024-12-04T23:59:52.315+0000] {processor.py:186} INFO - Started process (PID=218) to work on /opt/airflow/dags/data_ingestion_local.py
[2024-12-04T23:59:52.316+0000] {processor.py:914} INFO - Processing file /opt/airflow/dags/data_ingestion_local.py for tasks to queue
[2024-12-04T23:59:52.318+0000] {logging_mixin.py:190} INFO - [2024-12-04T23:59:52.317+0000] {dagbag.py:588} INFO - Filling up the DagBag from /opt/airflow/dags/data_ingestion_local.py
[2024-12-04T23:59:52.320+0000] {processor.py:927} WARNING - No viable dags retrieved from /opt/airflow/dags/data_ingestion_local.py
[2024-12-04T23:59:52.330+0000] {processor.py:208} INFO - Processing /opt/airflow/dags/data_ingestion_local.py took 0.023 seconds
