[2024-12-05T20:39:48.451+0000] {local_task_job_runner.py:123} INFO - ::group::Pre task execution logs
[2024-12-05T20:39:48.505+0000] {taskinstance.py:2613} INFO - Dependencies all met for dep_context=non-requeueable deps ti=<TaskInstance: LocalIngestionDag.ingest scheduled__2021-02-02T06:00:00+00:00 [queued]>
[2024-12-05T20:39:48.513+0000] {taskinstance.py:2613} INFO - Dependencies all met for dep_context=requeueable deps ti=<TaskInstance: LocalIngestionDag.ingest scheduled__2021-02-02T06:00:00+00:00 [queued]>
[2024-12-05T20:39:48.514+0000] {taskinstance.py:2866} INFO - Starting attempt 2 of 2
[2024-12-05T20:39:48.525+0000] {taskinstance.py:2889} INFO - Executing <Task(BashOperator): ingest> on 2021-02-02 06:00:00+00:00
[2024-12-05T20:39:48.533+0000] {warnings.py:112} WARNING - /home/***/.local/lib/python3.12/site-packages/***/task/task_runner/standard_task_runner.py:70: DeprecationWarning: This process (pid=787) is multi-threaded, use of fork() may lead to deadlocks in the child.
  pid = os.fork()

[2024-12-05T20:39:48.535+0000] {standard_task_runner.py:72} INFO - Started process 788 to run task
[2024-12-05T20:39:48.537+0000] {standard_task_runner.py:104} INFO - Running: ['***', 'tasks', 'run', 'LocalIngestionDag', 'ingest', 'scheduled__2021-02-02T06:00:00+00:00', '--job-id', '31', '--raw', '--subdir', 'DAGS_FOLDER/data_ingestion_local.py', '--cfg-path', '/tmp/tmprb5ldeba']
[2024-12-05T20:39:48.538+0000] {standard_task_runner.py:105} INFO - Job 31: Subtask ingest
[2024-12-05T20:39:48.608+0000] {task_command.py:467} INFO - Running <TaskInstance: LocalIngestionDag.ingest scheduled__2021-02-02T06:00:00+00:00 [running]> on host cf87bc668ac5
[2024-12-05T20:39:48.670+0000] {taskinstance.py:3132} INFO - Exporting env vars: AIRFLOW_CTX_DAG_OWNER='***' AIRFLOW_CTX_DAG_ID='LocalIngestionDag' AIRFLOW_CTX_TASK_ID='ingest' AIRFLOW_CTX_EXECUTION_DATE='2021-02-02T06:00:00+00:00' AIRFLOW_CTX_TRY_NUMBER='2' AIRFLOW_CTX_DAG_RUN_ID='scheduled__2021-02-02T06:00:00+00:00'
[2024-12-05T20:39:48.671+0000] {taskinstance.py:731} INFO - ::endgroup::
[2024-12-05T20:39:48.742+0000] {subprocess.py:78} INFO - Tmp dir root location: /tmp
[2024-12-05T20:39:48.744+0000] {subprocess.py:88} INFO - Running command: ['/usr/bin/bash', '-c', 'ls /opt/***']
[2024-12-05T20:39:48.753+0000] {subprocess.py:99} INFO - Output:
[2024-12-05T20:39:48.758+0000] {subprocess.py:106} INFO - ***.cfg
[2024-12-05T20:39:48.758+0000] {subprocess.py:106} INFO - config
[2024-12-05T20:39:48.758+0000] {subprocess.py:106} INFO - dags
[2024-12-05T20:39:48.759+0000] {subprocess.py:106} INFO - logs
[2024-12-05T20:39:48.759+0000] {subprocess.py:106} INFO - output.parquet
[2024-12-05T20:39:48.759+0000] {subprocess.py:106} INFO - output_2021-01.parquet
[2024-12-05T20:39:48.759+0000] {subprocess.py:106} INFO - output_2021-02.parquet
[2024-12-05T20:39:48.759+0000] {subprocess.py:106} INFO - output_2021-03.parquet
[2024-12-05T20:39:48.759+0000] {subprocess.py:106} INFO - output_2021-04.parquet
[2024-12-05T20:39:48.759+0000] {subprocess.py:106} INFO - output_2021-05.parquet
[2024-12-05T20:39:48.760+0000] {subprocess.py:106} INFO - plugins
[2024-12-05T20:39:48.760+0000] {subprocess.py:106} INFO - requirements.txt
[2024-12-05T20:39:48.760+0000] {subprocess.py:106} INFO - webserver_config.py
[2024-12-05T20:39:48.760+0000] {subprocess.py:110} INFO - Command exited with return code 0
[2024-12-05T20:39:48.777+0000] {taskinstance.py:340} INFO - ::group::Post task execution logs
[2024-12-05T20:39:48.778+0000] {taskinstance.py:352} INFO - Marking task as SUCCESS. dag_id=LocalIngestionDag, task_id=ingest, run_id=scheduled__2021-02-02T06:00:00+00:00, execution_date=20210202T060000, start_date=20241205T203948, end_date=20241205T203948
[2024-12-05T20:39:48.805+0000] {local_task_job_runner.py:266} INFO - Task exited with return code 0
[2024-12-05T20:39:48.815+0000] {taskinstance.py:3895} INFO - 0 downstream tasks scheduled from follow-on schedule check
[2024-12-05T20:39:48.816+0000] {local_task_job_runner.py:245} INFO - ::endgroup::
[2024-12-05T23:58:39.215+0000] {local_task_job_runner.py:123} INFO - ::group::Pre task execution logs
[2024-12-05T23:58:39.230+0000] {taskinstance.py:2613} INFO - Dependencies all met for dep_context=non-requeueable deps ti=<TaskInstance: LocalIngestionDag.ingest scheduled__2021-02-02T06:00:00+00:00 [queued]>
[2024-12-05T23:58:39.240+0000] {taskinstance.py:2613} INFO - Dependencies all met for dep_context=requeueable deps ti=<TaskInstance: LocalIngestionDag.ingest scheduled__2021-02-02T06:00:00+00:00 [queued]>
[2024-12-05T23:58:39.241+0000] {taskinstance.py:2866} INFO - Starting attempt 2 of 2
[2024-12-05T23:58:39.254+0000] {taskinstance.py:2889} INFO - Executing <Task(PythonOperator): ingest> on 2021-02-02 06:00:00+00:00
[2024-12-05T23:58:39.259+0000] {warnings.py:112} WARNING - /home/***/.local/lib/python3.12/site-packages/***/task/task_runner/standard_task_runner.py:70: DeprecationWarning: This process (pid=794) is multi-threaded, use of fork() may lead to deadlocks in the child.
  pid = os.fork()

[2024-12-05T23:58:39.261+0000] {standard_task_runner.py:72} INFO - Started process 796 to run task
[2024-12-05T23:58:39.261+0000] {standard_task_runner.py:104} INFO - Running: ['***', 'tasks', 'run', 'LocalIngestionDag', 'ingest', 'scheduled__2021-02-02T06:00:00+00:00', '--job-id', '25', '--raw', '--subdir', 'DAGS_FOLDER/data_ingestion_local.py', '--cfg-path', '/tmp/tmpvihtun7f']
[2024-12-05T23:58:39.263+0000] {standard_task_runner.py:105} INFO - Job 25: Subtask ingest
[2024-12-05T23:58:39.308+0000] {task_command.py:467} INFO - Running <TaskInstance: LocalIngestionDag.ingest scheduled__2021-02-02T06:00:00+00:00 [running]> on host 39ecaeffba2c
[2024-12-05T23:58:39.741+0000] {taskinstance.py:3132} INFO - Exporting env vars: AIRFLOW_CTX_DAG_OWNER='***' AIRFLOW_CTX_DAG_ID='LocalIngestionDag' AIRFLOW_CTX_TASK_ID='ingest' AIRFLOW_CTX_EXECUTION_DATE='2021-02-02T06:00:00+00:00' AIRFLOW_CTX_TRY_NUMBER='2' AIRFLOW_CTX_DAG_RUN_ID='scheduled__2021-02-02T06:00:00+00:00'
[2024-12-05T23:58:39.742+0000] {taskinstance.py:731} INFO - ::endgroup::
[2024-12-05T23:58:39.749+0000] {logging_mixin.py:190} INFO - root root pgdatabase 5432 ny_taxi yellow_taxi_2021_02 /opt/***/output_2021-02.parquet
[2024-12-05T23:58:39.755+0000] {logging_mixin.py:190} INFO - connection established, inserting data...
[2024-12-05T23:58:58.261+0000] {job.py:229} INFO - Heartbeat recovered after 13.96 seconds
[2024-12-05T23:58:58.365+0000] {local_task_job_runner.py:266} INFO - Task exited with return code -9. For more information, see https://***.apache.org/docs/apache-***/stable/troubleshooting.html#LocalTaskJob-killed
[2024-12-05T23:58:58.408+0000] {taskinstance.py:3895} INFO - 0 downstream tasks scheduled from follow-on schedule check
[2024-12-05T23:58:58.409+0000] {local_task_job_runner.py:245} INFO - ::endgroup::
