[2024-12-05T18:08:54.940+0000] {local_task_job_runner.py:123} INFO - ::group::Pre task execution logs
[2024-12-05T18:08:54.953+0000] {taskinstance.py:2613} INFO - Dependencies all met for dep_context=non-requeueable deps ti=<TaskInstance: LocalIngestionDag.wget scheduled__2024-10-02T06:00:00+00:00 [queued]>
[2024-12-05T18:08:54.963+0000] {taskinstance.py:2613} INFO - Dependencies all met for dep_context=requeueable deps ti=<TaskInstance: LocalIngestionDag.wget scheduled__2024-10-02T06:00:00+00:00 [queued]>
[2024-12-05T18:08:54.966+0000] {taskinstance.py:2866} INFO - Starting attempt 1 of 1
[2024-12-05T18:08:54.978+0000] {taskinstance.py:2889} INFO - Executing <Task(BashOperator): wget> on 2024-10-02 06:00:00+00:00
[2024-12-05T18:08:54.983+0000] {warnings.py:112} WARNING - /home/***/.local/lib/python3.12/site-packages/***/task/task_runner/standard_task_runner.py:70: DeprecationWarning: This process (pid=1872) is multi-threaded, use of fork() may lead to deadlocks in the child.
  pid = os.fork()

[2024-12-05T18:08:54.985+0000] {standard_task_runner.py:72} INFO - Started process 1885 to run task
[2024-12-05T18:08:54.985+0000] {standard_task_runner.py:104} INFO - Running: ['***', 'tasks', 'run', 'LocalIngestionDag', 'wget', 'scheduled__2024-10-02T06:00:00+00:00', '--job-id', '244', '--raw', '--subdir', 'DAGS_FOLDER/data_ingestion_local.py', '--cfg-path', '/tmp/tmp47axjx_4']
[2024-12-05T18:08:54.986+0000] {standard_task_runner.py:105} INFO - Job 244: Subtask wget
[2024-12-05T18:08:55.024+0000] {task_command.py:467} INFO - Running <TaskInstance: LocalIngestionDag.wget scheduled__2024-10-02T06:00:00+00:00 [running]> on host 073dea24e113
[2024-12-05T18:08:55.085+0000] {taskinstance.py:3132} INFO - Exporting env vars: AIRFLOW_CTX_DAG_OWNER='***' AIRFLOW_CTX_DAG_ID='LocalIngestionDag' AIRFLOW_CTX_TASK_ID='wget' AIRFLOW_CTX_EXECUTION_DATE='2024-10-02T06:00:00+00:00' AIRFLOW_CTX_TRY_NUMBER='1' AIRFLOW_CTX_DAG_RUN_ID='scheduled__2024-10-02T06:00:00+00:00'
[2024-12-05T18:08:55.085+0000] {taskinstance.py:731} INFO - ::endgroup::
[2024-12-05T18:08:55.097+0000] {subprocess.py:78} INFO - Tmp dir root location: /tmp
[2024-12-05T18:08:55.100+0000] {subprocess.py:88} INFO - Running command: ['/usr/bin/bash', '-c', 'echo "hello world"']
[2024-12-05T18:08:55.108+0000] {subprocess.py:99} INFO - Output:
[2024-12-05T18:08:55.109+0000] {subprocess.py:106} INFO - hello world
[2024-12-05T18:08:55.111+0000] {subprocess.py:110} INFO - Command exited with return code 0
[2024-12-05T18:08:55.136+0000] {taskinstance.py:340} INFO - ::group::Post task execution logs
[2024-12-05T18:08:55.137+0000] {taskinstance.py:352} INFO - Marking task as SUCCESS. dag_id=LocalIngestionDag, task_id=wget, run_id=scheduled__2024-10-02T06:00:00+00:00, execution_date=20241002T060000, start_date=20241205T180854, end_date=20241205T180855
[2024-12-05T18:08:55.176+0000] {local_task_job_runner.py:266} INFO - Task exited with return code 0
[2024-12-05T18:08:55.187+0000] {local_task_job_runner.py:245} INFO - ::endgroup::
