[2024-12-09T23:56:51.371+0000] {local_task_job_runner.py:123} INFO - ::group::Pre task execution logs
[2024-12-09T23:56:51.380+0000] {taskinstance.py:2613} INFO - Dependencies all met for dep_context=non-requeueable deps ti=<TaskInstance: homework_dag_v2.download_dataset scheduled__2022-12-01T00:00:00+00:00 [queued]>
[2024-12-09T23:56:51.385+0000] {taskinstance.py:2613} INFO - Dependencies all met for dep_context=requeueable deps ti=<TaskInstance: homework_dag_v2.download_dataset scheduled__2022-12-01T00:00:00+00:00 [queued]>
[2024-12-09T23:56:51.385+0000] {taskinstance.py:2866} INFO - Starting attempt 1 of 1
[2024-12-09T23:56:51.393+0000] {taskinstance.py:2889} INFO - Executing <Task(BashOperator): download_dataset> on 2022-12-01 00:00:00+00:00
[2024-12-09T23:56:51.399+0000] {warnings.py:112} WARNING - /home/***/.local/lib/python3.12/site-packages/***/task/task_runner/standard_task_runner.py:70: DeprecationWarning: This process (pid=12137) is multi-threaded, use of fork() may lead to deadlocks in the child.
  pid = os.fork()

[2024-12-09T23:56:51.401+0000] {standard_task_runner.py:72} INFO - Started process 12171 to run task
[2024-12-09T23:56:51.400+0000] {standard_task_runner.py:104} INFO - Running: ['***', 'tasks', 'run', 'homework_dag_v2', 'download_dataset', 'scheduled__2022-12-01T00:00:00+00:00', '--job-id', '212', '--raw', '--subdir', 'DAGS_FOLDER/homework_dag_v2.py', '--cfg-path', '/tmp/tmp16p862uq']
[2024-12-09T23:56:51.403+0000] {standard_task_runner.py:105} INFO - Job 212: Subtask download_dataset
[2024-12-09T23:56:51.439+0000] {task_command.py:467} INFO - Running <TaskInstance: homework_dag_v2.download_dataset scheduled__2022-12-01T00:00:00+00:00 [running]> on host 39ecaeffba2c
[2024-12-09T23:56:51.490+0000] {taskinstance.py:3132} INFO - Exporting env vars: AIRFLOW_CTX_DAG_OWNER='***' AIRFLOW_CTX_DAG_ID='homework_dag_v2' AIRFLOW_CTX_TASK_ID='download_dataset' AIRFLOW_CTX_EXECUTION_DATE='2022-12-01T00:00:00+00:00' AIRFLOW_CTX_TRY_NUMBER='1' AIRFLOW_CTX_DAG_RUN_ID='scheduled__2022-12-01T00:00:00+00:00'
[2024-12-09T23:56:51.492+0000] {taskinstance.py:731} INFO - ::endgroup::
[2024-12-09T23:56:51.518+0000] {subprocess.py:78} INFO - Tmp dir root location: /tmp
[2024-12-09T23:56:51.520+0000] {subprocess.py:88} INFO - Running command: ['/usr/bin/bash', '-c', 'wget https://d37ci6vzurychx.cloudfront.net/trip-data/green_tripdata_2022-12.parquet -O /opt/***/green_tripdata_2022-12.parquet']
[2024-12-09T23:56:51.530+0000] {subprocess.py:99} INFO - Output:
[2024-12-09T23:56:51.532+0000] {subprocess.py:106} INFO - --2024-12-09 23:56:51--  https://d37ci6vzurychx.cloudfront.net/trip-data/green_tripdata_2022-12.parquet
[2024-12-09T23:56:51.543+0000] {subprocess.py:106} INFO - Resolving d37ci6vzurychx.cloudfront.net (d37ci6vzurychx.cloudfront.net)... 18.173.251.90, 18.173.251.37, 18.173.251.156, ...
[2024-12-09T23:56:51.584+0000] {subprocess.py:106} INFO - Connecting to d37ci6vzurychx.cloudfront.net (d37ci6vzurychx.cloudfront.net)|18.173.251.90|:443... connected.
[2024-12-09T23:56:52.069+0000] {subprocess.py:106} INFO - HTTP request sent, awaiting response... 200 OK
[2024-12-09T23:56:52.071+0000] {subprocess.py:106} INFO - Length: 1519259 (1.4M) [binary/octet-stream]
[2024-12-09T23:56:52.072+0000] {subprocess.py:106} INFO - Saving to: ‘/opt/***/green_tripdata_2022-12.parquet’
[2024-12-09T23:56:52.074+0000] {subprocess.py:106} INFO - 
[2024-12-09T23:56:52.183+0000] {subprocess.py:106} INFO -      0K .......... .......... .......... .......... ..........  3%  795K 2s
[2024-12-09T23:56:52.200+0000] {subprocess.py:106} INFO -     50K .......... .......... .......... .......... ..........  6%  785K 2s
[2024-12-09T23:56:52.245+0000] {subprocess.py:106} INFO -    100K .......... .......... .......... .......... .......... 10%  995K 2s
[2024-12-09T23:56:52.261+0000] {subprocess.py:106} INFO -    150K .......... .......... .......... .......... .......... 13% 3.03M 1s
[2024-12-09T23:56:52.273+0000] {subprocess.py:106} INFO -    200K .......... .......... .......... .......... .......... 16% 4.14M 1s
[2024-12-09T23:56:52.299+0000] {subprocess.py:106} INFO -    250K .......... .......... .......... .......... .......... 20% 1.85M 1s
[2024-12-09T23:56:52.310+0000] {subprocess.py:106} INFO -    300K .......... .......... .......... .......... .......... 23% 4.33M 1s
[2024-12-09T23:56:52.317+0000] {subprocess.py:106} INFO -    350K .......... .......... .......... .......... .......... 26% 7.37M 1s
[2024-12-09T23:56:52.322+0000] {subprocess.py:106} INFO -    400K .......... .......... .......... .......... .......... 30% 9.27M 1s
[2024-12-09T23:56:52.328+0000] {subprocess.py:106} INFO -    450K .......... .......... .......... .......... .......... 33% 8.99M 1s
[2024-12-09T23:56:52.333+0000] {subprocess.py:106} INFO -    500K .......... .......... .......... .......... .......... 37% 9.42M 0s
[2024-12-09T23:56:52.355+0000] {subprocess.py:106} INFO -    550K .......... .......... .......... .......... .......... 40% 2.17M 0s
[2024-12-09T23:56:52.360+0000] {subprocess.py:106} INFO -    600K .......... .......... .......... .......... .......... 43% 9.54M 0s
[2024-12-09T23:56:52.365+0000] {subprocess.py:106} INFO -    650K .......... .......... .......... .......... .......... 47% 11.3M 0s
[2024-12-09T23:56:52.370+0000] {subprocess.py:106} INFO -    700K .......... .......... .......... .......... .......... 50% 13.5M 0s
[2024-12-09T23:56:52.373+0000] {subprocess.py:106} INFO -    750K .......... .......... .......... .......... .......... 53% 11.5M 0s
[2024-12-09T23:56:52.382+0000] {subprocess.py:106} INFO -    800K .......... .......... .......... .......... .......... 57% 4.95M 0s
[2024-12-09T23:56:52.397+0000] {subprocess.py:106} INFO -    850K .......... .......... .......... .......... .......... 60% 3.42M 0s
[2024-12-09T23:56:52.399+0000] {subprocess.py:106} INFO -    900K .......... .......... .......... .......... .......... 64% 21.6M 0s
[2024-12-09T23:56:52.402+0000] {subprocess.py:106} INFO -    950K .......... .......... .......... .......... .......... 67% 23.3M 0s
[2024-12-09T23:56:52.404+0000] {subprocess.py:106} INFO -   1000K .......... .......... .......... .......... .......... 70% 15.6M 0s
[2024-12-09T23:56:52.406+0000] {subprocess.py:106} INFO -   1050K .......... .......... .......... .......... .......... 74% 21.1M 0s
[2024-12-09T23:56:52.410+0000] {subprocess.py:106} INFO -   1100K .......... .......... .......... .......... .......... 77% 14.8M 0s
[2024-12-09T23:56:52.412+0000] {subprocess.py:106} INFO -   1150K .......... .......... .......... .......... .......... 80% 23.2M 0s
[2024-12-09T23:56:52.415+0000] {subprocess.py:106} INFO -   1200K .......... .......... .......... .......... .......... 84% 16.4M 0s
[2024-12-09T23:56:52.418+0000] {subprocess.py:106} INFO -   1250K .......... .......... .......... .......... .......... 87% 16.9M 0s
[2024-12-09T23:56:52.421+0000] {subprocess.py:106} INFO -   1300K .......... .......... .......... .......... .......... 90% 16.7M 0s
[2024-12-09T23:56:52.424+0000] {subprocess.py:106} INFO -   1350K .......... .......... .......... .......... .......... 94% 18.6M 0s
[2024-12-09T23:56:52.427+0000] {subprocess.py:106} INFO -   1400K .......... .......... .......... .......... .......... 97% 12.4M 0s
[2024-12-09T23:56:52.428+0000] {subprocess.py:106} INFO -   1450K .......... .......... .......... ...                  100% 29.7M=0.4s
[2024-12-09T23:56:52.432+0000] {subprocess.py:106} INFO - 
[2024-12-09T23:56:52.434+0000] {subprocess.py:106} INFO - 2024-12-09 23:56:52 (4.02 MB/s) - ‘/opt/***/green_tripdata_2022-12.parquet’ saved [1519259/1519259]
[2024-12-09T23:56:52.435+0000] {subprocess.py:106} INFO - 
[2024-12-09T23:56:52.436+0000] {subprocess.py:110} INFO - Command exited with return code 0
[2024-12-09T23:56:52.485+0000] {taskinstance.py:340} INFO - ::group::Post task execution logs
[2024-12-09T23:56:52.489+0000] {taskinstance.py:352} INFO - Marking task as SUCCESS. dag_id=homework_dag_v2, task_id=download_dataset, run_id=scheduled__2022-12-01T00:00:00+00:00, execution_date=20221201T000000, start_date=20241209T235651, end_date=20241209T235652
[2024-12-09T23:56:52.589+0000] {local_task_job_runner.py:266} INFO - Task exited with return code 0
[2024-12-09T23:56:52.694+0000] {taskinstance.py:3895} INFO - 1 downstream tasks scheduled from follow-on schedule check
[2024-12-09T23:56:52.707+0000] {local_task_job_runner.py:245} INFO - ::endgroup::
