[2024-12-05T20:40:37.060+0000] {local_task_job_runner.py:123} INFO - ::group::Pre task execution logs
[2024-12-05T20:40:37.073+0000] {taskinstance.py:2613} INFO - Dependencies all met for dep_context=non-requeueable deps ti=<TaskInstance: LocalIngestionDag.wget scheduled__2021-04-02T06:00:00+00:00 [queued]>
[2024-12-05T20:40:37.079+0000] {taskinstance.py:2613} INFO - Dependencies all met for dep_context=requeueable deps ti=<TaskInstance: LocalIngestionDag.wget scheduled__2021-04-02T06:00:00+00:00 [queued]>
[2024-12-05T20:40:37.079+0000] {taskinstance.py:2866} INFO - Starting attempt 3 of 3
[2024-12-05T20:40:37.089+0000] {taskinstance.py:2889} INFO - Executing <Task(BashOperator): wget> on 2021-04-02 06:00:00+00:00
[2024-12-05T20:40:37.100+0000] {standard_task_runner.py:104} INFO - Running: ['***', 'tasks', 'run', 'LocalIngestionDag', 'wget', 'scheduled__2021-04-02T06:00:00+00:00', '--job-id', '37', '--raw', '--subdir', 'DAGS_FOLDER/data_ingestion_local.py', '--cfg-path', '/tmp/tmpv6xtn7rs']
[2024-12-05T20:40:37.101+0000] {standard_task_runner.py:105} INFO - Job 37: Subtask wget
[2024-12-05T20:40:37.097+0000] {warnings.py:112} WARNING - /home/***/.local/lib/python3.12/site-packages/***/task/task_runner/standard_task_runner.py:70: DeprecationWarning: This process (pid=806) is multi-threaded, use of fork() may lead to deadlocks in the child.
  pid = os.fork()

[2024-12-05T20:40:37.103+0000] {standard_task_runner.py:72} INFO - Started process 816 to run task
[2024-12-05T20:40:37.136+0000] {task_command.py:467} INFO - Running <TaskInstance: LocalIngestionDag.wget scheduled__2021-04-02T06:00:00+00:00 [running]> on host cf87bc668ac5
[2024-12-05T20:40:37.182+0000] {taskinstance.py:3132} INFO - Exporting env vars: AIRFLOW_CTX_DAG_OWNER='***' AIRFLOW_CTX_DAG_ID='LocalIngestionDag' AIRFLOW_CTX_TASK_ID='wget' AIRFLOW_CTX_EXECUTION_DATE='2021-04-02T06:00:00+00:00' AIRFLOW_CTX_TRY_NUMBER='3' AIRFLOW_CTX_DAG_RUN_ID='scheduled__2021-04-02T06:00:00+00:00'
[2024-12-05T20:40:37.183+0000] {taskinstance.py:731} INFO - ::endgroup::
[2024-12-05T20:40:37.192+0000] {subprocess.py:78} INFO - Tmp dir root location: /tmp
[2024-12-05T20:40:37.194+0000] {subprocess.py:88} INFO - Running command: ['/usr/bin/bash', '-c', 'wget https://d37ci6vzurychx.cloudfront.net/trip-data/yellow_tripdata_2021-04.parquet -O /opt/***/output_2021-04.parquet']
[2024-12-05T20:40:37.203+0000] {subprocess.py:99} INFO - Output:
[2024-12-05T20:40:37.215+0000] {subprocess.py:106} INFO - --2024-12-05 20:40:37--  https://d37ci6vzurychx.cloudfront.net/trip-data/yellow_tripdata_2021-04.parquet
[2024-12-05T20:40:37.234+0000] {subprocess.py:106} INFO - Resolving d37ci6vzurychx.cloudfront.net (d37ci6vzurychx.cloudfront.net)... 52.85.39.153, 52.85.39.117, 52.85.39.65, ...
[2024-12-05T20:40:37.252+0000] {subprocess.py:106} INFO - Connecting to d37ci6vzurychx.cloudfront.net (d37ci6vzurychx.cloudfront.net)|52.85.39.153|:443... connected.
[2024-12-05T20:40:37.300+0000] {subprocess.py:106} INFO - HTTP request sent, awaiting response... 200 OK
[2024-12-05T20:40:37.301+0000] {subprocess.py:106} INFO - Length: 34018560 (32M) [application/x-www-form-urlencoded]
[2024-12-05T20:40:37.301+0000] {subprocess.py:106} INFO - Saving to: ‘/opt/***/output_2021-04.parquet’
[2024-12-05T20:40:37.302+0000] {subprocess.py:106} INFO - 
[2024-12-05T20:40:37.316+0000] {subprocess.py:106} INFO -      0K .......... .......... .......... .......... ..........  0% 3.17M 10s
[2024-12-05T20:40:37.322+0000] {subprocess.py:106} INFO -     50K .......... .......... .......... .......... ..........  0% 7.69M 7s
[2024-12-05T20:40:37.332+0000] {subprocess.py:106} INFO -    100K .......... .......... .......... .......... ..........  0% 5.98M 7s
[2024-12-05T20:40:37.337+0000] {subprocess.py:106} INFO -    150K .......... .......... .......... .......... ..........  0% 7.54M 6s
[2024-12-05T20:40:37.341+0000] {subprocess.py:106} INFO -    200K .......... .......... .......... .......... ..........  0% 11.8M 5s
[2024-12-05T20:40:37.344+0000] {subprocess.py:106} INFO -    250K .......... .......... .......... .......... ..........  0% 14.9M 5s
[2024-12-05T20:40:37.347+0000] {subprocess.py:106} INFO -    300K .......... .......... .......... .......... ..........  1% 17.1M 4s
[2024-12-05T20:40:37.350+0000] {subprocess.py:106} INFO -    350K .......... .......... .......... .......... ..........  1% 18.5M 4s
[2024-12-05T20:40:37.352+0000] {subprocess.py:106} INFO -    400K .......... .......... .......... .......... ..........  1% 24.4M 4s
[2024-12-05T20:40:37.354+0000] {subprocess.py:106} INFO -    450K .......... .......... .......... .......... ..........  1% 20.4M 4s
[2024-12-05T20:40:37.358+0000] {subprocess.py:106} INFO -    500K .......... .......... .......... .......... ..........  1% 14.4M 3s
[2024-12-05T20:40:37.361+0000] {subprocess.py:106} INFO -    550K .......... .......... .......... .......... ..........  1% 17.2M 3s
[2024-12-05T20:40:37.363+0000] {subprocess.py:106} INFO -    600K .......... .......... .......... .......... ..........  1% 47.5M 3s
[2024-12-05T20:40:37.363+0000] {subprocess.py:106} INFO -    650K .......... .......... .......... .......... ..........  2% 36.0M 3s
[2024-12-05T20:40:37.379+0000] {subprocess.py:106} INFO -    700K .......... .......... .......... .......... ..........  2% 3.09M 3s
[2024-12-05T20:40:37.381+0000] {subprocess.py:106} INFO -    750K .......... .......... .......... .......... ..........  2% 25.4M 3s
[2024-12-05T20:40:37.381+0000] {subprocess.py:106} INFO -    800K .......... .......... .......... .......... ..........  2%  159M 3s
[2024-12-05T20:40:37.382+0000] {subprocess.py:106} INFO -    850K .......... .......... .......... .......... ..........  2% 37.3M 3s
[2024-12-05T20:40:37.384+0000] {subprocess.py:106} INFO -    900K .......... .......... .......... .......... ..........  2% 35.7M 3s
[2024-12-05T20:40:37.386+0000] {subprocess.py:106} INFO -    950K .......... .......... .......... .......... ..........  3% 19.3M 3s
[2024-12-05T20:40:37.387+0000] {subprocess.py:106} INFO -   1000K .......... .......... .......... .......... ..........  3% 45.9M 3s
[2024-12-05T20:40:37.390+0000] {subprocess.py:106} INFO -   1050K .......... .......... .......... .......... ..........  3% 15.6M 3s
[2024-12-05T20:40:37.391+0000] {subprocess.py:106} INFO -   1100K .......... .......... .......... .......... ..........  3%  140M 3s
[2024-12-05T20:40:37.393+0000] {subprocess.py:106} INFO -   1150K .......... .......... .......... .......... ..........  3% 18.8M 2s
[2024-12-05T20:40:37.409+0000] {subprocess.py:106} INFO -   1200K .......... .......... .......... .......... ..........  3% 3.04M 3s
[2024-12-05T20:40:37.414+0000] {subprocess.py:106} INFO -   1250K .......... .......... .......... .......... ..........  3% 32.5M 3s
[2024-12-05T20:40:37.415+0000] {subprocess.py:106} INFO -   1300K .......... .......... .......... .......... ..........  4% 49.8M 3s
[2024-12-05T20:40:37.443+0000] {subprocess.py:106} INFO -   1350K .......... .......... .......... .......... ..........  4% 1.57M 3s
[2024-12-05T20:40:37.445+0000] {subprocess.py:106} INFO -   1400K .......... .......... .......... .......... ..........  4%  140M 3s
[2024-12-05T20:40:37.445+0000] {subprocess.py:106} INFO -   1450K .......... .......... .......... .......... ..........  4%  200M 3s
[2024-12-05T20:40:37.446+0000] {subprocess.py:106} INFO -   1500K .......... .......... .......... .......... ..........  4%  145M 3s
[2024-12-05T20:40:37.452+0000] {subprocess.py:106} INFO -   1550K .......... .......... .......... .......... ..........  4%  197M 3s
[2024-12-05T20:40:37.452+0000] {subprocess.py:106} INFO -   1600K .......... .......... .......... .......... ..........  4%  270M 3s
[2024-12-05T20:40:37.455+0000] {subprocess.py:106} INFO -   1650K .......... .......... .......... .......... ..........  5%  279M 3s
[2024-12-05T20:40:37.455+0000] {subprocess.py:106} INFO -   1700K .......... .......... .......... .......... ..........  5%  176M 3s
[2024-12-05T20:40:37.456+0000] {subprocess.py:106} INFO -   1750K .......... .......... .......... .......... ..........  5% 35.4M 3s
[2024-12-05T20:40:37.457+0000] {subprocess.py:106} INFO -   1800K .......... .......... .......... .......... ..........  5%  130M 2s
[2024-12-05T20:40:37.459+0000] {subprocess.py:106} INFO -   1850K .......... .......... .......... .......... ..........  5% 69.3M 2s
[2024-12-05T20:40:37.460+0000] {subprocess.py:106} INFO -   1900K .......... .......... .......... .......... ..........  5% 37.4M 2s
[2024-12-05T20:40:37.461+0000] {subprocess.py:106} INFO -   1950K .......... .......... .......... .......... ..........  6% 49.6M 2s
[2024-12-05T20:40:37.462+0000] {subprocess.py:106} INFO -   2000K .......... .......... .......... .......... ..........  6% 90.2M 2s
[2024-12-05T20:40:37.462+0000] {subprocess.py:106} INFO -   2050K .......... .......... .......... .......... ..........  6%  114M 2s
[2024-12-05T20:40:37.465+0000] {subprocess.py:106} INFO -   2100K .......... .......... .......... .......... ..........  6%  272M 2s
[2024-12-05T20:40:37.468+0000] {subprocess.py:106} INFO -   2150K .......... .......... .......... .......... ..........  6% 53.2M 2s
[2024-12-05T20:40:37.470+0000] {subprocess.py:106} INFO -   2200K .......... .......... .......... .......... ..........  6%  106M 2s
[2024-12-05T20:40:37.474+0000] {subprocess.py:106} INFO -   2250K .......... .......... .......... .......... ..........  6% 46.5M 2s
[2024-12-05T20:40:37.475+0000] {subprocess.py:106} INFO -   2300K .......... .......... .......... .......... ..........  7% 41.3M 2s
[2024-12-05T20:40:37.476+0000] {subprocess.py:106} INFO -   2350K .......... .......... .......... .......... ..........  7% 26.3M 2s
[2024-12-05T20:40:37.477+0000] {subprocess.py:106} INFO -   2400K .......... .......... .......... .......... ..........  7% 33.3M 2s
[2024-12-05T20:40:37.477+0000] {subprocess.py:106} INFO -   2450K .......... .......... .......... .......... ..........  7% 81.2M 2s
[2024-12-05T20:40:37.478+0000] {subprocess.py:106} INFO -   2500K .......... .......... .......... .......... ..........  7% 44.9M 2s
[2024-12-05T20:40:37.478+0000] {subprocess.py:106} INFO -   2550K .......... .......... .......... .......... ..........  7% 17.8M 2s
[2024-12-05T20:40:37.479+0000] {subprocess.py:106} INFO -   2600K .......... .......... .......... .......... ..........  7% 15.9M 2s
[2024-12-05T20:40:37.479+0000] {subprocess.py:106} INFO -   2650K .......... .......... .......... .......... ..........  8% 24.4M 2s
[2024-12-05T20:40:37.480+0000] {subprocess.py:106} INFO -   2700K .......... .......... .......... .......... ..........  8% 13.9M 2s
[2024-12-05T20:40:37.480+0000] {subprocess.py:106} INFO -   2750K .......... .......... .......... .......... ..........  8% 24.7M 2s
[2024-12-05T20:40:37.483+0000] {subprocess.py:106} INFO -   2800K .......... .......... .......... .......... ..........  8% 4.78M 2s
[2024-12-05T20:40:37.484+0000] {subprocess.py:106} INFO -   2850K .......... .......... .......... .......... ..........  8% 42.6M 2s
[2024-12-05T20:40:37.485+0000] {subprocess.py:106} INFO -   2900K .......... .......... .......... .......... ..........  8% 98.9M 2s
[2024-12-05T20:40:37.485+0000] {subprocess.py:106} INFO -   2950K .......... .......... .......... .......... ..........  9%  171M 2s
[2024-12-05T20:40:37.485+0000] {subprocess.py:106} INFO -   3000K .......... .......... .......... .......... ..........  9%  219M 2s
[2024-12-05T20:40:37.494+0000] {subprocess.py:106} INFO -   3050K .......... .......... .......... .......... ..........  9% 5.50M 2s
[2024-12-05T20:40:37.495+0000] {subprocess.py:106} INFO -   3100K .......... .......... .......... .......... ..........  9% 39.7M 2s
[2024-12-05T20:40:37.497+0000] {subprocess.py:106} INFO -   3150K .......... .......... .......... .......... ..........  9% 29.5M 2s
[2024-12-05T20:40:37.497+0000] {subprocess.py:106} INFO -   3200K .......... .......... .......... .......... ..........  9% 53.3M 2s
[2024-12-05T20:40:37.520+0000] {subprocess.py:106} INFO -   3250K .......... .......... .......... .......... ..........  9% 2.22M 2s
[2024-12-05T20:40:37.525+0000] {subprocess.py:106} INFO -   3300K .......... .......... .......... .......... .......... 10% 51.4M 2s
[2024-12-05T20:40:37.525+0000] {subprocess.py:106} INFO -   3350K .......... .......... .......... .......... .......... 10% 83.9M 2s
[2024-12-05T20:40:37.527+0000] {subprocess.py:106} INFO -   3400K .......... .......... .......... .......... .......... 10%  136M 2s
[2024-12-05T20:40:37.529+0000] {subprocess.py:106} INFO -   3450K .......... .......... .......... .......... .......... 10% 65.2M 2s
[2024-12-05T20:40:37.530+0000] {subprocess.py:106} INFO -   3500K .......... .......... .......... .......... .......... 10% 79.3M 2s
[2024-12-05T20:40:37.530+0000] {subprocess.py:106} INFO -   3550K .......... .......... .......... .......... .......... 10%  126M 2s
[2024-12-05T20:40:37.530+0000] {subprocess.py:106} INFO -   3600K .......... .......... .......... .......... .......... 10%  107M 2s
[2024-12-05T20:40:37.530+0000] {subprocess.py:106} INFO -   3650K .......... .......... .......... .......... .......... 11% 77.2M 2s
[2024-12-05T20:40:37.531+0000] {subprocess.py:106} INFO -   3700K .......... .......... .......... .......... .......... 11%  148M 2s
[2024-12-05T20:40:37.531+0000] {subprocess.py:106} INFO -   3750K .......... .......... .......... .......... .......... 11%  149M 2s
[2024-12-05T20:40:37.531+0000] {subprocess.py:106} INFO -   3800K .......... .......... .......... .......... .......... 11% 31.8M 2s
[2024-12-05T20:40:37.532+0000] {subprocess.py:106} INFO -   3850K .......... .......... .......... .......... .......... 11%  117M 2s
[2024-12-05T20:40:37.532+0000] {subprocess.py:106} INFO -   3900K .......... .......... .......... .......... .......... 11%  153M 2s
[2024-12-05T20:40:37.533+0000] {subprocess.py:106} INFO -   3950K .......... .......... .......... .......... .......... 12% 8.20M 2s
[2024-12-05T20:40:37.534+0000] {subprocess.py:106} INFO -   4000K .......... .......... .......... .......... .......... 12% 53.2M 2s
[2024-12-05T20:40:37.535+0000] {subprocess.py:106} INFO -   4050K .......... .......... .......... .......... .......... 12% 37.3M 2s
[2024-12-05T20:40:37.540+0000] {subprocess.py:106} INFO -   4100K .......... .......... .......... .......... .......... 12%  203M 2s
[2024-12-05T20:40:37.543+0000] {subprocess.py:106} INFO -   4150K .......... .......... .......... .......... .......... 12% 7.09M 2s
[2024-12-05T20:40:37.543+0000] {subprocess.py:106} INFO -   4200K .......... .......... .......... .......... .......... 12% 60.9M 2s
[2024-12-05T20:40:37.544+0000] {subprocess.py:106} INFO -   4250K .......... .......... .......... .......... .......... 12%  215M 2s
[2024-12-05T20:40:37.546+0000] {subprocess.py:106} INFO -   4300K .......... .......... .......... .......... .......... 13% 17.7M 2s
[2024-12-05T20:40:37.547+0000] {subprocess.py:106} INFO -   4350K .......... .......... .......... .......... .......... 13% 64.8M 2s
[2024-12-05T20:40:37.550+0000] {subprocess.py:106} INFO -   4400K .......... .......... .......... .......... .......... 13% 18.3M 2s
[2024-12-05T20:40:37.550+0000] {subprocess.py:106} INFO -   4450K .......... .......... .......... .......... .......... 13% 97.8M 2s
[2024-12-05T20:40:37.551+0000] {subprocess.py:106} INFO -   4500K .......... .......... .......... .......... .......... 13%  199M 2s
[2024-12-05T20:40:37.562+0000] {subprocess.py:106} INFO -   4550K .......... .......... .......... .......... .......... 13% 4.14M 2s
[2024-12-05T20:40:37.563+0000] {subprocess.py:106} INFO -   4600K .......... .......... .......... .......... .......... 13%  101M 2s
[2024-12-05T20:40:37.564+0000] {subprocess.py:106} INFO -   4650K .......... .......... .......... .......... .......... 14%  217M 2s
[2024-12-05T20:40:37.566+0000] {subprocess.py:106} INFO -   4700K .......... .......... .......... .......... .......... 14% 15.5M 2s
[2024-12-05T20:40:37.570+0000] {subprocess.py:106} INFO -   4750K .......... .......... .......... .......... .......... 14% 12.4M 2s
[2024-12-05T20:40:37.570+0000] {subprocess.py:106} INFO -   4800K .......... .......... .......... .......... .......... 14%  186M 2s
[2024-12-05T20:40:37.600+0000] {subprocess.py:106} INFO -   4850K .......... .......... .......... .......... .......... 14% 1.64M 2s
[2024-12-05T20:40:37.602+0000] {subprocess.py:106} INFO -   4900K .......... .......... .......... .......... .......... 14%  111M 2s
[2024-12-05T20:40:37.602+0000] {subprocess.py:106} INFO -   4950K .......... .......... .......... .......... .......... 15%  130M 2s
[2024-12-05T20:40:37.603+0000] {subprocess.py:106} INFO -   5000K .......... .......... .......... .......... .......... 15%  173M 2s
[2024-12-05T20:40:37.603+0000] {subprocess.py:106} INFO -   5050K .......... .......... .......... .......... .......... 15% 80.6M 2s
[2024-12-05T20:40:37.603+0000] {subprocess.py:106} INFO -   5100K .......... .......... .......... .......... .......... 15%  204M 2s
[2024-12-05T20:40:37.604+0000] {subprocess.py:106} INFO -   5150K .......... .......... .......... .......... .......... 15%  146M 2s
[2024-12-05T20:40:37.604+0000] {subprocess.py:106} INFO -   5200K .......... .......... .......... .......... .......... 15%  258M 2s
[2024-12-05T20:40:37.605+0000] {subprocess.py:106} INFO -   5250K .......... .......... .......... .......... .......... 15%  186M 2s
[2024-12-05T20:40:37.605+0000] {subprocess.py:106} INFO -   5300K .......... .......... .......... .......... .......... 16%  216M 2s
[2024-12-05T20:40:37.606+0000] {subprocess.py:106} INFO -   5350K .......... .......... .......... .......... .......... 16%  155M 2s
[2024-12-05T20:40:37.607+0000] {subprocess.py:106} INFO -   5400K .......... .......... .......... .......... .......... 16%  235M 2s
[2024-12-05T20:40:37.608+0000] {subprocess.py:106} INFO -   5450K .......... .......... .......... .......... .......... 16%  130M 2s
[2024-12-05T20:40:37.608+0000] {subprocess.py:106} INFO -   5500K .......... .......... .......... .......... .......... 16%  249M 2s
[2024-12-05T20:40:37.608+0000] {subprocess.py:106} INFO -   5550K .......... .......... .......... .......... .......... 16%  262M 1s
[2024-12-05T20:40:37.609+0000] {subprocess.py:106} INFO -   5600K .......... .......... .......... .......... .......... 17% 16.0M 1s
[2024-12-05T20:40:37.609+0000] {subprocess.py:106} INFO -   5650K .......... .......... .......... .......... .......... 17%  241M 1s
[2024-12-05T20:40:37.609+0000] {subprocess.py:106} INFO -   5700K .......... .......... .......... .......... .......... 17%  233M 1s
[2024-12-05T20:40:37.609+0000] {subprocess.py:106} INFO -   5750K .......... .......... .......... .......... .......... 17%  243M 1s
[2024-12-05T20:40:37.612+0000] {subprocess.py:106} INFO -   5800K .......... .......... .......... .......... .......... 17% 13.2M 1s
[2024-12-05T20:40:37.613+0000] {subprocess.py:106} INFO -   5850K .......... .......... .......... .......... .......... 17% 58.4M 1s
[2024-12-05T20:40:37.614+0000] {subprocess.py:106} INFO -   5900K .......... .......... .......... .......... .......... 17% 36.1M 1s
[2024-12-05T20:40:37.615+0000] {subprocess.py:106} INFO -   5950K .......... .......... .......... .......... .......... 18% 55.2M 1s
[2024-12-05T20:40:37.622+0000] {subprocess.py:106} INFO -   6000K .......... .......... .......... .......... .......... 18% 7.40M 1s
[2024-12-05T20:40:37.624+0000] {subprocess.py:106} INFO -   6050K .......... .......... .......... .......... .......... 18% 30.2M 1s
[2024-12-05T20:40:37.625+0000] {subprocess.py:106} INFO -   6100K .......... .......... .......... .......... .......... 18% 48.7M 1s
[2024-12-05T20:40:37.640+0000] {subprocess.py:106} INFO -   6150K .......... .......... .......... .......... .......... 18% 3.23M 1s
[2024-12-05T20:40:37.641+0000] {subprocess.py:106} INFO -   6200K .......... .......... .......... .......... .......... 18%  123M 1s
[2024-12-05T20:40:37.641+0000] {subprocess.py:106} INFO -   6250K .......... .......... .......... .......... .......... 18% 64.8M 1s
[2024-12-05T20:40:37.642+0000] {subprocess.py:106} INFO -   6300K .......... .......... .......... .......... .......... 19% 72.6M 1s
[2024-12-05T20:40:37.643+0000] {subprocess.py:106} INFO -   6350K .......... .......... .......... .......... .......... 19% 74.7M 1s
[2024-12-05T20:40:37.643+0000] {subprocess.py:106} INFO -   6400K .......... .......... .......... .......... .......... 19% 40.4M 1s
[2024-12-05T20:40:37.644+0000] {subprocess.py:106} INFO -   6450K .......... .......... .......... .......... .......... 19% 67.5M 1s
[2024-12-05T20:40:37.645+0000] {subprocess.py:106} INFO -   6500K .......... .......... .......... .......... .......... 19%  174M 1s
[2024-12-05T20:40:37.645+0000] {subprocess.py:106} INFO -   6550K .......... .......... .......... .......... .......... 19% 43.5M 1s
[2024-12-05T20:40:37.646+0000] {subprocess.py:106} INFO -   6600K .......... .......... .......... .......... .......... 20%  105M 1s
[2024-12-05T20:40:37.648+0000] {subprocess.py:106} INFO -   6650K .......... .......... .......... .......... .......... 20% 75.4M 1s
[2024-12-05T20:40:37.657+0000] {subprocess.py:106} INFO -   6700K .......... .......... .......... .......... .......... 20% 4.44M 1s
[2024-12-05T20:40:37.658+0000] {subprocess.py:106} INFO -   6750K .......... .......... .......... .......... .......... 20% 95.8M 1s
[2024-12-05T20:40:37.659+0000] {subprocess.py:106} INFO -   6800K .......... .......... .......... .......... .......... 20% 33.1M 1s
[2024-12-05T20:40:37.660+0000] {subprocess.py:106} INFO -   6850K .......... .......... .......... .......... .......... 20% 68.7M 1s
[2024-12-05T20:40:37.661+0000] {subprocess.py:106} INFO -   6900K .......... .......... .......... .......... .......... 20%  171M 1s
[2024-12-05T20:40:37.663+0000] {subprocess.py:106} INFO -   6950K .......... .......... .......... .......... .......... 21% 98.9M 1s
[2024-12-05T20:40:37.663+0000] {subprocess.py:106} INFO -   7000K .......... .......... .......... .......... .......... 21% 56.6M 1s
[2024-12-05T20:40:37.667+0000] {subprocess.py:106} INFO -   7050K .......... .......... .......... .......... .......... 21% 9.01M 1s
[2024-12-05T20:40:37.670+0000] {subprocess.py:106} INFO -   7100K .......... .......... .......... .......... .......... 21% 17.4M 1s
[2024-12-05T20:40:37.671+0000] {subprocess.py:106} INFO -   7150K .......... .......... .......... .......... .......... 21% 40.2M 1s
[2024-12-05T20:40:37.674+0000] {subprocess.py:106} INFO -   7200K .......... .......... .......... .......... .......... 21% 46.2M 1s
[2024-12-05T20:40:37.698+0000] {subprocess.py:106} INFO -   7250K .......... .......... .......... .......... .......... 21% 1.88M 1s
[2024-12-05T20:40:37.699+0000] {subprocess.py:106} INFO -   7300K .......... .......... .......... .......... .......... 22% 43.9M 1s
[2024-12-05T20:40:37.700+0000] {subprocess.py:106} INFO -   7350K .......... .......... .......... .......... .......... 22%  188M 1s
[2024-12-05T20:40:37.700+0000] {subprocess.py:106} INFO -   7400K .......... .......... .......... .......... .......... 22%  221M 1s
[2024-12-05T20:40:37.701+0000] {subprocess.py:106} INFO -   7450K .......... .......... .......... .......... .......... 22% 56.6M 1s
[2024-12-05T20:40:37.703+0000] {subprocess.py:106} INFO -   7500K .......... .......... .......... .......... .......... 22%  139M 1s
[2024-12-05T20:40:37.703+0000] {subprocess.py:106} INFO -   7550K .......... .......... .......... .......... .......... 22%  115M 1s
[2024-12-05T20:40:37.705+0000] {subprocess.py:106} INFO -   7600K .......... .......... .......... .......... .......... 23% 71.5M 1s
[2024-12-05T20:40:37.705+0000] {subprocess.py:106} INFO -   7650K .......... .......... .......... .......... .......... 23%  112M 1s
[2024-12-05T20:40:37.705+0000] {subprocess.py:106} INFO -   7700K .......... .......... .......... .......... .......... 23% 64.9M 1s
[2024-12-05T20:40:37.706+0000] {subprocess.py:106} INFO -   7750K .......... .......... .......... .......... .......... 23%  173M 1s
[2024-12-05T20:40:37.706+0000] {subprocess.py:106} INFO -   7800K .......... .......... .......... .......... .......... 23% 85.5M 1s
[2024-12-05T20:40:37.719+0000] {subprocess.py:106} INFO -   7850K .......... .......... .......... .......... .......... 23% 3.16M 1s
[2024-12-05T20:40:37.720+0000] {subprocess.py:106} INFO -   7900K .......... .......... .......... .......... .......... 23% 85.3M 1s
[2024-12-05T20:40:37.724+0000] {subprocess.py:106} INFO -   7950K .......... .......... .......... .......... .......... 24%  239M 1s
[2024-12-05T20:40:37.725+0000] {subprocess.py:106} INFO -   8000K .......... .......... .......... .......... .......... 24% 84.9M 1s
[2024-12-05T20:40:37.725+0000] {subprocess.py:106} INFO -   8050K .......... .......... .......... .......... .......... 24% 60.8M 1s
[2024-12-05T20:40:37.726+0000] {subprocess.py:106} INFO -   8100K .......... .......... .......... .......... .......... 24% 76.3M 1s
[2024-12-05T20:40:37.727+0000] {subprocess.py:106} INFO -   8150K .......... .......... .......... .......... .......... 24% 33.7M 1s
[2024-12-05T20:40:37.727+0000] {subprocess.py:106} INFO -   8200K .......... .......... .......... .......... .......... 24% 43.4M 1s
[2024-12-05T20:40:37.728+0000] {subprocess.py:106} INFO -   8250K .......... .......... .......... .......... .......... 24%  203M 1s
[2024-12-05T20:40:37.728+0000] {subprocess.py:106} INFO -   8300K .......... .......... .......... .......... .......... 25% 32.3M 1s
[2024-12-05T20:40:37.734+0000] {subprocess.py:106} INFO -   8350K .......... .......... .......... .......... .......... 25% 6.61M 1s
[2024-12-05T20:40:37.735+0000] {subprocess.py:106} INFO -   8400K .......... .......... .......... .......... .......... 25% 97.9M 1s
[2024-12-05T20:40:37.736+0000] {subprocess.py:106} INFO -   8450K .......... .......... .......... .......... .......... 25%  170M 1s
[2024-12-05T20:40:37.738+0000] {subprocess.py:106} INFO -   8500K .......... .......... .......... .......... .......... 25%  200M 1s
[2024-12-05T20:40:37.739+0000] {subprocess.py:106} INFO -   8550K .......... .......... .......... .......... .......... 25%  210M 1s
[2024-12-05T20:40:37.740+0000] {subprocess.py:106} INFO -   8600K .......... .......... .......... .......... .......... 26%  122M 1s
[2024-12-05T20:40:37.740+0000] {subprocess.py:106} INFO -   8650K .......... .......... .......... .......... .......... 26%  238M 1s
[2024-12-05T20:40:37.741+0000] {subprocess.py:106} INFO -   8700K .......... .......... .......... .......... .......... 26%  154M 1s
[2024-12-05T20:40:37.741+0000] {subprocess.py:106} INFO -   8750K .......... .......... .......... .......... .......... 26% 66.7M 1s
[2024-12-05T20:40:37.742+0000] {subprocess.py:106} INFO -   8800K .......... .......... .......... .......... .......... 26% 24.3M 1s
[2024-12-05T20:40:37.744+0000] {subprocess.py:106} INFO -   8850K .......... .......... .......... .......... .......... 26% 29.3M 1s
[2024-12-05T20:40:37.745+0000] {subprocess.py:106} INFO -   8900K .......... .......... .......... .......... .......... 26% 55.4M 1s
[2024-12-05T20:40:37.746+0000] {subprocess.py:106} INFO -   8950K .......... .......... .......... .......... .......... 27% 41.8M 1s
[2024-12-05T20:40:37.753+0000] {subprocess.py:106} INFO -   9000K .......... .......... .......... .......... .......... 27% 4.79M 1s
[2024-12-05T20:40:37.757+0000] {subprocess.py:106} INFO -   9050K .......... .......... .......... .......... .......... 27%  206M 1s
[2024-12-05T20:40:37.758+0000] {subprocess.py:106} INFO -   9100K .......... .......... .......... .......... .......... 27% 30.9M 1s
[2024-12-05T20:40:37.761+0000] {subprocess.py:106} INFO -   9150K .......... .......... .......... .......... .......... 27%  101M 1s
[2024-12-05T20:40:37.762+0000] {subprocess.py:106} INFO -   9200K .......... .......... .......... .......... .......... 27% 74.0M 1s
[2024-12-05T20:40:37.762+0000] {subprocess.py:106} INFO -   9250K .......... .......... .......... .......... .......... 27% 64.0M 1s
[2024-12-05T20:40:37.763+0000] {subprocess.py:106} INFO -   9300K .......... .......... .......... .......... .......... 28%  152M 1s
[2024-12-05T20:40:37.764+0000] {subprocess.py:106} INFO -   9350K .......... .......... .......... .......... .......... 28% 66.5M 1s
[2024-12-05T20:40:37.764+0000] {subprocess.py:106} INFO -   9400K .......... .......... .......... .......... .......... 28%  151M 1s
[2024-12-05T20:40:37.765+0000] {subprocess.py:106} INFO -   9450K .......... .......... .......... .......... .......... 28% 35.5M 1s
[2024-12-05T20:40:37.765+0000] {subprocess.py:106} INFO -   9500K .......... .......... .......... .......... .......... 28%  187M 1s
[2024-12-05T20:40:37.766+0000] {subprocess.py:106} INFO -   9550K .......... .......... .......... .......... .......... 28% 17.2M 1s
[2024-12-05T20:40:37.766+0000] {subprocess.py:106} INFO -   9600K .......... .......... .......... .......... .......... 29%  130M 1s
[2024-12-05T20:40:37.766+0000] {subprocess.py:106} INFO -   9650K .......... .......... .......... .......... .......... 29%  144M 1s
[2024-12-05T20:40:37.780+0000] {subprocess.py:106} INFO -   9700K .......... .......... .......... .......... .......... 29% 2.85M 1s
[2024-12-05T20:40:37.798+0000] {subprocess.py:106} INFO -   9750K .......... .......... .......... .......... .......... 29% 2.96M 1s
[2024-12-05T20:40:37.800+0000] {subprocess.py:106} INFO -   9800K .......... .......... .......... .......... .......... 29% 14.3M 1s
[2024-12-05T20:40:37.819+0000] {subprocess.py:106} INFO -   9850K .......... .......... .......... .......... .......... 29% 2.57M 1s
[2024-12-05T20:40:37.822+0000] {subprocess.py:106} INFO -   9900K .......... .......... .......... .......... .......... 29% 55.5M 1s
[2024-12-05T20:40:37.823+0000] {subprocess.py:106} INFO -   9950K .......... .......... .......... .......... .......... 30% 32.7M 1s
[2024-12-05T20:40:37.826+0000] {subprocess.py:106} INFO -  10000K .......... .......... .......... .......... .......... 30% 11.1M 1s
[2024-12-05T20:40:37.834+0000] {subprocess.py:106} INFO -  10050K .......... .......... .......... .......... .......... 30% 6.57M 1s
[2024-12-05T20:40:37.839+0000] {subprocess.py:106} INFO -  10100K .......... .......... .......... .......... .......... 30% 22.5M 1s
[2024-12-05T20:40:37.840+0000] {subprocess.py:106} INFO -  10150K .......... .......... .......... .......... .......... 30% 96.2M 1s
[2024-12-05T20:40:37.841+0000] {subprocess.py:106} INFO -  10200K .......... .......... .......... .......... .......... 30%  297M 1s
[2024-12-05T20:40:37.843+0000] {subprocess.py:106} INFO -  10250K .......... .......... .......... .......... .......... 31% 27.7M 1s
[2024-12-05T20:40:37.845+0000] {subprocess.py:106} INFO -  10300K .......... .......... .......... .......... .......... 31%  293M 1s
[2024-12-05T20:40:37.847+0000] {subprocess.py:106} INFO -  10350K .......... .......... .......... .......... .......... 31%  190M 1s
[2024-12-05T20:40:37.848+0000] {subprocess.py:106} INFO -  10400K .......... .......... .......... .......... .......... 31%  147M 1s
[2024-12-05T20:40:37.849+0000] {subprocess.py:106} INFO -  10450K .......... .......... .......... .......... .......... 31%  169M 1s
[2024-12-05T20:40:37.852+0000] {subprocess.py:106} INFO -  10500K .......... .......... .......... .......... .......... 31%  155M 1s
[2024-12-05T20:40:37.854+0000] {subprocess.py:106} INFO -  10550K .......... .......... .......... .......... .......... 31%  173M 1s
[2024-12-05T20:40:37.855+0000] {subprocess.py:106} INFO -  10600K .......... .......... .......... .......... .......... 32% 9.92M 1s
[2024-12-05T20:40:37.862+0000] {subprocess.py:106} INFO -  10650K .......... .......... .......... .......... .......... 32% 41.7M 1s
[2024-12-05T20:40:37.864+0000] {subprocess.py:106} INFO -  10700K .......... .......... .......... .......... .......... 32% 73.1M 1s
[2024-12-05T20:40:37.866+0000] {subprocess.py:106} INFO -  10750K .......... .......... .......... .......... .......... 32%  134M 1s
[2024-12-05T20:40:37.867+0000] {subprocess.py:106} INFO -  10800K .......... .......... .......... .......... .......... 32% 6.16M 1s
[2024-12-05T20:40:37.868+0000] {subprocess.py:106} INFO -  10850K .......... .......... .......... .......... .......... 32%  203M 1s
[2024-12-05T20:40:37.869+0000] {subprocess.py:106} INFO -  10900K .......... .......... .......... .......... .......... 32% 5.02M 1s
[2024-12-05T20:40:37.876+0000] {subprocess.py:106} INFO -  10950K .......... .......... .......... .......... .......... 33% 14.2M 1s
[2024-12-05T20:40:37.882+0000] {subprocess.py:106} INFO -  11000K .......... .......... .......... .......... .......... 33%  225M 1s
[2024-12-05T20:40:37.885+0000] {subprocess.py:106} INFO -  11050K .......... .......... .......... .......... .......... 33%  167M 1s
[2024-12-05T20:40:37.888+0000] {subprocess.py:106} INFO -  11100K .......... .......... .......... .......... .......... 33% 6.86M 1s
[2024-12-05T20:40:37.889+0000] {subprocess.py:106} INFO -  11150K .......... .......... .......... .......... .......... 33% 36.7M 1s
[2024-12-05T20:40:37.891+0000] {subprocess.py:106} INFO -  11200K .......... .......... .......... .......... .......... 33% 22.2M 1s
[2024-12-05T20:40:37.892+0000] {subprocess.py:106} INFO -  11250K .......... .......... .......... .......... .......... 34% 50.3M 1s
[2024-12-05T20:40:37.893+0000] {subprocess.py:106} INFO -  11300K .......... .......... .......... .......... .......... 34% 18.8M 1s
[2024-12-05T20:40:37.895+0000] {subprocess.py:106} INFO -  11350K .......... .......... .......... .......... .......... 34% 78.0M 1s
[2024-12-05T20:40:37.896+0000] {subprocess.py:106} INFO -  11400K .......... .......... .......... .......... .......... 34% 78.0M 1s
[2024-12-05T20:40:37.896+0000] {subprocess.py:106} INFO -  11450K .......... .......... .......... .......... .......... 34%  156M 1s
[2024-12-05T20:40:37.897+0000] {subprocess.py:106} INFO -  11500K .......... .......... .......... .......... .......... 34%  152M 1s
[2024-12-05T20:40:37.897+0000] {subprocess.py:106} INFO -  11550K .......... .......... .......... .......... .......... 34%  175M 1s
[2024-12-05T20:40:37.897+0000] {subprocess.py:106} INFO -  11600K .......... .......... .......... .......... .......... 35% 40.9M 1s
[2024-12-05T20:40:37.898+0000] {subprocess.py:106} INFO -  11650K .......... .......... .......... .......... .......... 35%  155M 1s
[2024-12-05T20:40:37.898+0000] {subprocess.py:106} INFO -  11700K .......... .......... .......... .......... .......... 35% 21.6M 1s
[2024-12-05T20:40:37.898+0000] {subprocess.py:106} INFO -  11750K .......... .......... .......... .......... .......... 35% 41.8M 1s
[2024-12-05T20:40:37.898+0000] {subprocess.py:106} INFO -  11800K .......... .......... .......... .......... .......... 35% 28.4M 1s
[2024-12-05T20:40:37.899+0000] {subprocess.py:106} INFO -  11850K .......... .......... .......... .......... .......... 35%  120M 1s
[2024-12-05T20:40:37.899+0000] {subprocess.py:106} INFO -  11900K .......... .......... .......... .......... .......... 35% 29.4M 1s
[2024-12-05T20:40:37.925+0000] {subprocess.py:106} INFO -  11950K .......... .......... .......... .......... .......... 36% 1.54M 1s
[2024-12-05T20:40:37.928+0000] {subprocess.py:106} INFO -  12000K .......... .......... .......... .......... .......... 36% 47.5M 1s
[2024-12-05T20:40:37.931+0000] {subprocess.py:106} INFO -  12050K .......... .......... .......... .......... .......... 36% 22.2M 1s
[2024-12-05T20:40:37.933+0000] {subprocess.py:106} INFO -  12100K .......... .......... .......... .......... .......... 36% 29.7M 1s
[2024-12-05T20:40:37.936+0000] {subprocess.py:106} INFO -  12150K .......... .......... .......... .......... .......... 36% 23.7M 1s
[2024-12-05T20:40:37.941+0000] {subprocess.py:106} INFO -  12200K .......... .......... .......... .......... .......... 36%  137M 1s
[2024-12-05T20:40:37.945+0000] {subprocess.py:106} INFO -  12250K .......... .......... .......... .......... .......... 37% 27.0M 1s
[2024-12-05T20:40:37.946+0000] {subprocess.py:106} INFO -  12300K .......... .......... .......... .......... .......... 37% 76.4M 1s
[2024-12-05T20:40:37.947+0000] {subprocess.py:106} INFO -  12350K .......... .......... .......... .......... .......... 37% 27.9M 1s
[2024-12-05T20:40:37.947+0000] {subprocess.py:106} INFO -  12400K .......... .......... .......... .......... .......... 37% 58.0M 1s
[2024-12-05T20:40:37.948+0000] {subprocess.py:106} INFO -  12450K .......... .......... .......... .......... .......... 37% 42.8M 1s
[2024-12-05T20:40:37.950+0000] {subprocess.py:106} INFO -  12500K .......... .......... .......... .......... .......... 37% 31.0M 1s
[2024-12-05T20:40:37.952+0000] {subprocess.py:106} INFO -  12550K .......... .......... .......... .......... .......... 37% 31.5M 1s
[2024-12-05T20:40:37.956+0000] {subprocess.py:106} INFO -  12600K .......... .......... .......... .......... .......... 38% 74.0M 1s
[2024-12-05T20:40:37.957+0000] {subprocess.py:106} INFO -  12650K .......... .......... .......... .......... .......... 38% 24.7M 1s
[2024-12-05T20:40:37.959+0000] {subprocess.py:106} INFO -  12700K .......... .......... .......... .......... .......... 38% 36.2M 1s
[2024-12-05T20:40:37.959+0000] {subprocess.py:106} INFO -  12750K .......... .......... .......... .......... .......... 38% 60.8M 1s
[2024-12-05T20:40:37.960+0000] {subprocess.py:106} INFO -  12800K .......... .......... .......... .......... .......... 38% 18.1M 1s
[2024-12-05T20:40:37.961+0000] {subprocess.py:106} INFO -  12850K .......... .......... .......... .......... .......... 38% 43.6M 1s
[2024-12-05T20:40:37.964+0000] {subprocess.py:106} INFO -  12900K .......... .......... .......... .......... .......... 38% 15.1M 1s
[2024-12-05T20:40:37.965+0000] {subprocess.py:106} INFO -  12950K .......... .......... .......... .......... .......... 39% 42.8M 1s
[2024-12-05T20:40:37.966+0000] {subprocess.py:106} INFO -  13000K .......... .......... .......... .......... .......... 39% 26.4M 1s
[2024-12-05T20:40:37.966+0000] {subprocess.py:106} INFO -  13050K .......... .......... .......... .......... .......... 39% 24.7M 1s
[2024-12-05T20:40:37.967+0000] {subprocess.py:106} INFO -  13100K .......... .......... .......... .......... .......... 39% 62.3M 1s
[2024-12-05T20:40:37.967+0000] {subprocess.py:106} INFO -  13150K .......... .......... .......... .......... .......... 39% 41.0M 1s
[2024-12-05T20:40:37.968+0000] {subprocess.py:106} INFO -  13200K .......... .......... .......... .......... .......... 39%  107M 1s
[2024-12-05T20:40:37.968+0000] {subprocess.py:106} INFO -  13250K .......... .......... .......... .......... .......... 40% 25.2M 1s
[2024-12-05T20:40:37.969+0000] {subprocess.py:106} INFO -  13300K .......... .......... .......... .......... .......... 40% 20.3M 1s
[2024-12-05T20:40:37.969+0000] {subprocess.py:106} INFO -  13350K .......... .......... .......... .......... .......... 40%  150M 1s
[2024-12-05T20:40:37.969+0000] {subprocess.py:106} INFO -  13400K .......... .......... .......... .......... .......... 40%  184M 1s
[2024-12-05T20:40:37.970+0000] {subprocess.py:106} INFO -  13450K .......... .......... .......... .......... .......... 40%  219M 1s
[2024-12-05T20:40:37.970+0000] {subprocess.py:106} INFO -  13500K .......... .......... .......... .......... .......... 40% 77.4M 1s
[2024-12-05T20:40:37.978+0000] {subprocess.py:106} INFO -  13550K .......... .......... .......... .......... .......... 40% 4.51M 1s
[2024-12-05T20:40:37.981+0000] {subprocess.py:106} INFO -  13600K .......... .......... .......... .......... .......... 41% 23.1M 1s
[2024-12-05T20:40:37.982+0000] {subprocess.py:106} INFO -  13650K .......... .......... .......... .......... .......... 41%  101M 1s
[2024-12-05T20:40:37.982+0000] {subprocess.py:106} INFO -  13700K .......... .......... .......... .......... .......... 41% 42.3M 1s
[2024-12-05T20:40:37.983+0000] {subprocess.py:106} INFO -  13750K .......... .......... .......... .......... .......... 41%  166M 1s
[2024-12-05T20:40:37.983+0000] {subprocess.py:106} INFO -  13800K .......... .......... .......... .......... .......... 41%  187M 1s
[2024-12-05T20:40:37.988+0000] {subprocess.py:106} INFO -  13850K .......... .......... .......... .......... .......... 41% 8.16M 1s
[2024-12-05T20:40:38.082+0000] {subprocess.py:106} INFO -  13900K .......... .......... .......... .......... .......... 41%  561K 1s
[2024-12-05T20:40:38.084+0000] {subprocess.py:106} INFO -  13950K .......... .......... .......... .......... .......... 42% 8.77M 1s
[2024-12-05T20:40:38.085+0000] {subprocess.py:106} INFO -  14000K .......... .......... .......... .......... .......... 42% 25.0M 1s
[2024-12-05T20:40:38.092+0000] {subprocess.py:106} INFO -  14050K .......... .......... .......... .......... .......... 42% 6.49M 1s
[2024-12-05T20:40:38.098+0000] {subprocess.py:106} INFO -  14100K .......... .......... .......... .......... .......... 42% 12.9M 1s
[2024-12-05T20:40:38.100+0000] {subprocess.py:106} INFO -  14150K .......... .......... .......... .......... .......... 42% 38.4M 1s
[2024-12-05T20:40:38.100+0000] {subprocess.py:106} INFO -  14200K .......... .......... .......... .......... .......... 42%  228M 1s
[2024-12-05T20:40:38.102+0000] {subprocess.py:106} INFO -  14250K .......... .......... .......... .......... .......... 43% 24.9M 1s
[2024-12-05T20:40:38.108+0000] {subprocess.py:106} INFO -  14300K .......... .......... .......... .......... .......... 43% 75.0M 1s
[2024-12-05T20:40:38.126+0000] {subprocess.py:106} INFO -  14350K .......... .......... .......... .......... .......... 43% 47.6M 1s
[2024-12-05T20:40:38.129+0000] {subprocess.py:106} INFO -  14400K .......... .......... .......... .......... .......... 43%  123M 1s
[2024-12-05T20:40:38.135+0000] {subprocess.py:106} INFO -  14450K .......... .......... .......... .......... .......... 43% 71.1M 1s
[2024-12-05T20:40:38.137+0000] {subprocess.py:106} INFO -  14500K .......... .......... .......... .......... .......... 43% 27.0M 1s
[2024-12-05T20:40:38.141+0000] {subprocess.py:106} INFO -  14550K .......... .......... .......... .......... .......... 43% 66.4M 1s
[2024-12-05T20:40:38.152+0000] {subprocess.py:106} INFO -  14600K .......... .......... .......... .......... .......... 44% 26.1M 1s
[2024-12-05T20:40:38.155+0000] {subprocess.py:106} INFO -  14650K .......... .......... .......... .......... .......... 44% 6.16M 1s
[2024-12-05T20:40:38.159+0000] {subprocess.py:106} INFO -  14700K .......... .......... .......... .......... .......... 44%  171M 1s
[2024-12-05T20:40:38.163+0000] {subprocess.py:106} INFO -  14750K .......... .......... .......... .......... .......... 44% 45.3M 1s
[2024-12-05T20:40:38.184+0000] {subprocess.py:106} INFO -  14800K .......... .......... .......... .......... .......... 44% 3.14M 1s
[2024-12-05T20:40:38.190+0000] {subprocess.py:106} INFO -  14850K .......... .......... .......... .......... .......... 44% 8.17M 1s
[2024-12-05T20:40:38.191+0000] {subprocess.py:106} INFO -  14900K .......... .......... .......... .......... .......... 45% 19.4M 1s
[2024-12-05T20:40:38.192+0000] {subprocess.py:106} INFO -  14950K .......... .......... .......... .......... .......... 45% 16.8M 1s
[2024-12-05T20:40:38.195+0000] {subprocess.py:106} INFO -  15000K .......... .......... .......... .......... .......... 45%  102M 1s
[2024-12-05T20:40:38.207+0000] {subprocess.py:106} INFO -  15050K .......... .......... .......... .......... .......... 45%  779K 1s
[2024-12-05T20:40:38.234+0000] {subprocess.py:106} INFO -  15100K .......... .......... .......... .......... .......... 45% 1.87M 1s
[2024-12-05T20:40:38.253+0000] {subprocess.py:106} INFO -  15150K .......... .......... .......... .......... .......... 45% 2.61M 1s
[2024-12-05T20:40:38.342+0000] {subprocess.py:106} INFO -  15200K .......... .......... .......... .......... .......... 45%  562K 1s
[2024-12-05T20:40:38.689+0000] {subprocess.py:106} INFO -  15250K .......... .......... .......... .......... .......... 46%  144K 2s
[2024-12-05T20:40:38.821+0000] {subprocess.py:106} INFO -  15300K .......... .......... .......... .......... .......... 46%  378K 2s
[2024-12-05T20:40:38.826+0000] {subprocess.py:106} INFO -  15350K .......... .......... .......... .......... .......... 46% 9.99M 2s
[2024-12-05T20:40:38.831+0000] {subprocess.py:106} INFO -  15400K .......... .......... .......... .......... .......... 46%  185M 2s
[2024-12-05T20:40:38.832+0000] {subprocess.py:106} INFO -  15450K .......... .......... .......... .......... .......... 46%  156M 2s
[2024-12-05T20:40:38.852+0000] {subprocess.py:106} INFO -  15500K .......... .......... .......... .......... .......... 46% 1.90M 2s
[2024-12-05T20:40:38.856+0000] {subprocess.py:106} INFO -  15550K .......... .......... .......... .......... .......... 46% 12.8M 2s
[2024-12-05T20:40:38.860+0000] {subprocess.py:106} INFO -  15600K .......... .......... .......... .......... .......... 47%  146M 2s
[2024-12-05T20:40:38.861+0000] {subprocess.py:106} INFO -  15650K .......... .......... .......... .......... .......... 47%  174M 2s
[2024-12-05T20:40:38.866+0000] {subprocess.py:106} INFO -  15700K .......... .......... .......... .......... .......... 47% 5.21M 2s
[2024-12-05T20:40:38.879+0000] {subprocess.py:106} INFO -  15750K .......... .......... .......... .......... .......... 47% 3.73M 2s
[2024-12-05T20:40:38.884+0000] {subprocess.py:106} INFO -  15800K .......... .......... .......... .......... .......... 47% 10.9M 2s
[2024-12-05T20:40:38.884+0000] {subprocess.py:106} INFO -  15850K .......... .......... .......... .......... .......... 47%  147M 2s
[2024-12-05T20:40:38.885+0000] {subprocess.py:106} INFO -  15900K .......... .......... .......... .......... .......... 48%  276M 2s
[2024-12-05T20:40:38.888+0000] {subprocess.py:106} INFO -  15950K .......... .......... .......... .......... .......... 48%  233M 2s
[2024-12-05T20:40:38.889+0000] {subprocess.py:106} INFO -  16000K .......... .......... .......... .......... .......... 48%  245M 2s
[2024-12-05T20:40:38.893+0000] {subprocess.py:106} INFO -  16050K .......... .......... .......... .......... .......... 48%  146M 2s
[2024-12-05T20:40:38.899+0000] {subprocess.py:106} INFO -  16100K .......... .......... .......... .......... .......... 48%  224M 2s
[2024-12-05T20:40:38.900+0000] {subprocess.py:106} INFO -  16150K .......... .......... .......... .......... .......... 48%  217M 2s
[2024-12-05T20:40:38.901+0000] {subprocess.py:106} INFO -  16200K .......... .......... .......... .......... .......... 48%  221M 2s
[2024-12-05T20:40:38.902+0000] {subprocess.py:106} INFO -  16250K .......... .......... .......... .......... .......... 49%  246M 2s
[2024-12-05T20:40:38.903+0000] {subprocess.py:106} INFO -  16300K .......... .......... .......... .......... .......... 49%  251M 2s
[2024-12-05T20:40:38.903+0000] {subprocess.py:106} INFO -  16350K .......... .......... .......... .......... .......... 49%  188M 2s
[2024-12-05T20:40:38.903+0000] {subprocess.py:106} INFO -  16400K .......... .......... .......... .......... .......... 49%  178M 2s
[2024-12-05T20:40:38.904+0000] {subprocess.py:106} INFO -  16450K .......... .......... .......... .......... .......... 49%  134M 2s
[2024-12-05T20:40:38.904+0000] {subprocess.py:106} INFO -  16500K .......... .......... .......... .......... .......... 49%  168M 2s
[2024-12-05T20:40:38.905+0000] {subprocess.py:106} INFO -  16550K .......... .......... .......... .......... .......... 49%  167M 2s
[2024-12-05T20:40:38.906+0000] {subprocess.py:106} INFO -  16600K .......... .......... .......... .......... .......... 50%  148M 2s
[2024-12-05T20:40:38.906+0000] {subprocess.py:106} INFO -  16650K .......... .......... .......... .......... .......... 50%  164M 2s
[2024-12-05T20:40:38.907+0000] {subprocess.py:106} INFO -  16700K .......... .......... .......... .......... .......... 50%  185M 2s
[2024-12-05T20:40:38.908+0000] {subprocess.py:106} INFO -  16750K .......... .......... .......... .......... .......... 50%  176M 2s
[2024-12-05T20:40:38.909+0000] {subprocess.py:106} INFO -  16800K .......... .......... .......... .......... .......... 50%  198M 2s
[2024-12-05T20:40:38.913+0000] {subprocess.py:106} INFO -  16850K .......... .......... .......... .......... .......... 50%  129M 2s
[2024-12-05T20:40:38.915+0000] {subprocess.py:106} INFO -  16900K .......... .......... .......... .......... .......... 51%  242M 2s
[2024-12-05T20:40:38.916+0000] {subprocess.py:106} INFO -  16950K .......... .......... .......... .......... .......... 51%  261M 2s
[2024-12-05T20:40:38.917+0000] {subprocess.py:106} INFO -  17000K .......... .......... .......... .......... .......... 51% 69.1M 2s
[2024-12-05T20:40:38.919+0000] {subprocess.py:106} INFO -  17050K .......... .......... .......... .......... .......... 51%  216M 1s
[2024-12-05T20:40:38.920+0000] {subprocess.py:106} INFO -  17100K .......... .......... .......... .......... .......... 51%  240M 1s
[2024-12-05T20:40:38.920+0000] {subprocess.py:106} INFO -  17150K .......... .......... .......... .......... .......... 51%  235M 1s
[2024-12-05T20:40:38.920+0000] {subprocess.py:106} INFO -  17200K .......... .......... .......... .......... .......... 51%  137M 1s
[2024-12-05T20:40:38.920+0000] {subprocess.py:106} INFO -  17250K .......... .......... .......... .......... .......... 52%  191M 1s
[2024-12-05T20:40:38.923+0000] {subprocess.py:106} INFO -  17300K .......... .......... .......... .......... .......... 52%  265M 1s
[2024-12-05T20:40:38.924+0000] {subprocess.py:106} INFO -  17350K .......... .......... .......... .......... .......... 52%  253M 1s
[2024-12-05T20:40:38.924+0000] {subprocess.py:106} INFO -  17400K .......... .......... .......... .......... .......... 52%  284M 1s
[2024-12-05T20:40:38.925+0000] {subprocess.py:106} INFO -  17450K .......... .......... .......... .......... .......... 52%  259M 1s
[2024-12-05T20:40:38.925+0000] {subprocess.py:106} INFO -  17500K .......... .......... .......... .......... .......... 52%  156M 1s
[2024-12-05T20:40:38.926+0000] {subprocess.py:106} INFO -  17550K .......... .......... .......... .......... .......... 52%  191M 1s
[2024-12-05T20:40:38.928+0000] {subprocess.py:106} INFO -  17600K .......... .......... .......... .......... .......... 53%  210M 1s
[2024-12-05T20:40:38.928+0000] {subprocess.py:106} INFO -  17650K .......... .......... .......... .......... .......... 53%  176M 1s
[2024-12-05T20:40:38.930+0000] {subprocess.py:106} INFO -  17700K .......... .......... .......... .......... .......... 53%  225M 1s
[2024-12-05T20:40:38.937+0000] {subprocess.py:106} INFO -  17750K .......... .......... .......... .......... .......... 53%  277M 1s
[2024-12-05T20:40:38.940+0000] {subprocess.py:106} INFO -  17800K .......... .......... .......... .......... .......... 53%  130M 1s
[2024-12-05T20:40:38.941+0000] {subprocess.py:106} INFO -  17850K .......... .......... .......... .......... .......... 53%  207M 1s
[2024-12-05T20:40:38.942+0000] {subprocess.py:106} INFO -  17900K .......... .......... .......... .......... .......... 54%  259M 1s
[2024-12-05T20:40:38.943+0000] {subprocess.py:106} INFO -  17950K .......... .......... .......... .......... .......... 54%  274M 1s
[2024-12-05T20:40:38.943+0000] {subprocess.py:106} INFO -  18000K .......... .......... .......... .......... .......... 54%  185M 1s
[2024-12-05T20:40:38.944+0000] {subprocess.py:106} INFO -  18050K .......... .......... .......... .......... .......... 54%  148M 1s
[2024-12-05T20:40:38.944+0000] {subprocess.py:106} INFO -  18100K .......... .......... .......... .......... .......... 54%  263M 1s
[2024-12-05T20:40:38.949+0000] {subprocess.py:106} INFO -  18150K .......... .......... .......... .......... .......... 54%  295M 1s
[2024-12-05T20:40:38.950+0000] {subprocess.py:106} INFO -  18200K .......... .......... .......... .......... .......... 54%  274M 1s
[2024-12-05T20:40:38.951+0000] {subprocess.py:106} INFO -  18250K .......... .......... .......... .......... .......... 55%  257M 1s
[2024-12-05T20:40:38.953+0000] {subprocess.py:106} INFO -  18300K .......... .......... .......... .......... .......... 55%  255M 1s
[2024-12-05T20:40:38.953+0000] {subprocess.py:106} INFO -  18350K .......... .......... .......... .......... .......... 55%  256M 1s
[2024-12-05T20:40:38.955+0000] {subprocess.py:106} INFO -  18400K .......... .......... .......... .......... .......... 55%  303M 1s
[2024-12-05T20:40:38.957+0000] {subprocess.py:106} INFO -  18450K .......... .......... .......... .......... .......... 55%  219M 1s
[2024-12-05T20:40:38.958+0000] {subprocess.py:106} INFO -  18500K .......... .......... .......... .......... .......... 55%  289M 1s
[2024-12-05T20:40:38.968+0000] {subprocess.py:106} INFO -  18550K .......... .......... .......... .......... .......... 55%  256M 1s
[2024-12-05T20:40:38.970+0000] {subprocess.py:106} INFO -  18600K .......... .......... .......... .......... .......... 56%  217M 1s
[2024-12-05T20:40:38.971+0000] {subprocess.py:106} INFO -  18650K .......... .......... .......... .......... .......... 56%  162M 1s
[2024-12-05T20:40:38.971+0000] {subprocess.py:106} INFO -  18700K .......... .......... .......... .......... .......... 56%  272M 1s
[2024-12-05T20:40:38.971+0000] {subprocess.py:106} INFO -  18750K .......... .......... .......... .......... .......... 56%  270M 1s
[2024-12-05T20:40:38.972+0000] {subprocess.py:106} INFO -  18800K .......... .......... .......... .......... .......... 56%  105M 1s
[2024-12-05T20:40:38.973+0000] {subprocess.py:106} INFO -  18850K .......... .......... .......... .......... .......... 56% 31.3M 1s
[2024-12-05T20:40:38.974+0000] {subprocess.py:106} INFO -  18900K .......... .......... .......... .......... .......... 57% 17.4M 1s
[2024-12-05T20:40:38.975+0000] {subprocess.py:106} INFO -  18950K .......... .......... .......... .......... .......... 57%  115M 1s
[2024-12-05T20:40:38.977+0000] {subprocess.py:106} INFO -  19000K .......... .......... .......... .......... .......... 57%  119M 1s
[2024-12-05T20:40:38.977+0000] {subprocess.py:106} INFO -  19050K .......... .......... .......... .......... .......... 57% 39.1M 1s
[2024-12-05T20:40:38.980+0000] {subprocess.py:106} INFO -  19100K .......... .......... .......... .......... .......... 57%  222M 1s
[2024-12-05T20:40:38.981+0000] {subprocess.py:106} INFO -  19150K .......... .......... .......... .......... .......... 57% 26.4M 1s
[2024-12-05T20:40:38.984+0000] {subprocess.py:106} INFO -  19200K .......... .......... .......... .......... .......... 57% 75.1M 1s
[2024-12-05T20:40:38.986+0000] {subprocess.py:106} INFO -  19250K .......... .......... .......... .......... .......... 58% 2.81M 1s
[2024-12-05T20:40:38.986+0000] {subprocess.py:106} INFO -  19300K .......... .......... .......... .......... .......... 58% 61.4M 1s
[2024-12-05T20:40:38.987+0000] {subprocess.py:106} INFO -  19350K .......... .......... .......... .......... .......... 58% 2.68M 1s
[2024-12-05T20:40:38.987+0000] {subprocess.py:106} INFO -  19400K .......... .......... .......... .......... .......... 58%  205M 1s
[2024-12-05T20:40:38.988+0000] {subprocess.py:106} INFO -  19450K .......... .......... .......... .......... .......... 58%  155M 1s
[2024-12-05T20:40:38.989+0000] {subprocess.py:106} INFO -  19500K .......... .......... .......... .......... .......... 58%  128M 1s
[2024-12-05T20:40:38.990+0000] {subprocess.py:106} INFO -  19550K .......... .......... .......... .......... .......... 58%  172M 1s
[2024-12-05T20:40:38.990+0000] {subprocess.py:106} INFO -  19600K .......... .......... .......... .......... .......... 59% 73.2M 1s
[2024-12-05T20:40:38.992+0000] {subprocess.py:106} INFO -  19650K .......... .......... .......... .......... .......... 59% 60.4M 1s
[2024-12-05T20:40:38.996+0000] {subprocess.py:106} INFO -  19700K .......... .......... .......... .......... .......... 59% 89.5M 1s
[2024-12-05T20:40:38.997+0000] {subprocess.py:106} INFO -  19750K .......... .......... .......... .......... .......... 59% 95.9M 1s
[2024-12-05T20:40:38.998+0000] {subprocess.py:106} INFO -  19800K .......... .......... .......... .......... .......... 59% 97.2M 1s
[2024-12-05T20:40:38.999+0000] {subprocess.py:106} INFO -  19850K .......... .......... .......... .......... .......... 59%  148M 1s
[2024-12-05T20:40:38.999+0000] {subprocess.py:106} INFO -  19900K .......... .......... .......... .......... .......... 60%  128M 1s
[2024-12-05T20:40:39.000+0000] {subprocess.py:106} INFO -  19950K .......... .......... .......... .......... .......... 60%  211M 1s
[2024-12-05T20:40:39.001+0000] {subprocess.py:106} INFO -  20000K .......... .......... .......... .......... .......... 60%  193M 1s
[2024-12-05T20:40:39.001+0000] {subprocess.py:106} INFO -  20050K .......... .......... .......... .......... .......... 60%  154M 1s
[2024-12-05T20:40:39.002+0000] {subprocess.py:106} INFO -  20100K .......... .......... .......... .......... .......... 60%  260M 1s
[2024-12-05T20:40:39.003+0000] {subprocess.py:106} INFO -  20150K .......... .......... .......... .......... .......... 60%  247M 1s
[2024-12-05T20:40:39.003+0000] {subprocess.py:106} INFO -  20200K .......... .......... .......... .......... .......... 60%  119M 1s
[2024-12-05T20:40:39.004+0000] {subprocess.py:106} INFO -  20250K .......... .......... .......... .......... .......... 61% 96.6M 1s
[2024-12-05T20:40:39.005+0000] {subprocess.py:106} INFO -  20300K .......... .......... .......... .......... .......... 61% 41.2M 1s
[2024-12-05T20:40:39.008+0000] {subprocess.py:106} INFO -  20350K .......... .......... .......... .......... .......... 61% 98.6M 1s
[2024-12-05T20:40:39.009+0000] {subprocess.py:106} INFO -  20400K .......... .......... .......... .......... .......... 61%  159M 1s
[2024-12-05T20:40:39.009+0000] {subprocess.py:106} INFO -  20450K .......... .......... .......... .......... .......... 61% 53.0M 1s
[2024-12-05T20:40:39.010+0000] {subprocess.py:106} INFO -  20500K .......... .......... .......... .......... .......... 61% 63.7M 1s
[2024-12-05T20:40:39.010+0000] {subprocess.py:106} INFO -  20550K .......... .......... .......... .......... .......... 62%  114M 1s
[2024-12-05T20:40:39.011+0000] {subprocess.py:106} INFO -  20600K .......... .......... .......... .......... .......... 62% 24.1M 1s
[2024-12-05T20:40:39.012+0000] {subprocess.py:106} INFO -  20650K .......... .......... .......... .......... .......... 62% 74.3M 1s
[2024-12-05T20:40:39.013+0000] {subprocess.py:106} INFO -  20700K .......... .......... .......... .......... .......... 62% 81.6M 1s
[2024-12-05T20:40:39.013+0000] {subprocess.py:106} INFO -  20750K .......... .......... .......... .......... .......... 62%  244M 1s
[2024-12-05T20:40:39.014+0000] {subprocess.py:106} INFO -  20800K .......... .......... .......... .......... .......... 62% 42.7M 1s
[2024-12-05T20:40:39.015+0000] {subprocess.py:106} INFO -  20850K .......... .......... .......... .......... .......... 62% 51.3M 1s
[2024-12-05T20:40:39.016+0000] {subprocess.py:106} INFO -  20900K .......... .......... .......... .......... .......... 63%  250M 1s
[2024-12-05T20:40:39.016+0000] {subprocess.py:106} INFO -  20950K .......... .......... .......... .......... .......... 63% 78.8M 1s
[2024-12-05T20:40:39.017+0000] {subprocess.py:106} INFO -  21000K .......... .......... .......... .......... .......... 63% 91.0M 1s
[2024-12-05T20:40:39.018+0000] {subprocess.py:106} INFO -  21050K .......... .......... .......... .......... .......... 63% 76.3M 1s
[2024-12-05T20:40:39.019+0000] {subprocess.py:106} INFO -  21100K .......... .......... .......... .......... .......... 63%  196M 1s
[2024-12-05T20:40:39.019+0000] {subprocess.py:106} INFO -  21150K .......... .......... .......... .......... .......... 63%  211M 1s
[2024-12-05T20:40:39.020+0000] {subprocess.py:106} INFO -  21200K .......... .......... .......... .......... .......... 63%  140M 1s
[2024-12-05T20:40:39.021+0000] {subprocess.py:106} INFO -  21250K .......... .......... .......... .......... .......... 64% 91.5M 1s
[2024-12-05T20:40:39.021+0000] {subprocess.py:106} INFO -  21300K .......... .......... .......... .......... .......... 64%  120M 1s
[2024-12-05T20:40:39.022+0000] {subprocess.py:106} INFO -  21350K .......... .......... .......... .......... .......... 64% 62.3M 1s
[2024-12-05T20:40:39.024+0000] {subprocess.py:106} INFO -  21400K .......... .......... .......... .......... .......... 64%  220M 1s
[2024-12-05T20:40:39.026+0000] {subprocess.py:106} INFO -  21450K .......... .......... .......... .......... .......... 64%  135M 1s
[2024-12-05T20:40:39.027+0000] {subprocess.py:106} INFO -  21500K .......... .......... .......... .......... .......... 64%  246M 1s
[2024-12-05T20:40:39.029+0000] {subprocess.py:106} INFO -  21550K .......... .......... .......... .......... .......... 65%  211M 1s
[2024-12-05T20:40:39.032+0000] {subprocess.py:106} INFO -  21600K .......... .......... .......... .......... .......... 65%  211M 1s
[2024-12-05T20:40:39.033+0000] {subprocess.py:106} INFO -  21650K .......... .......... .......... .......... .......... 65%  217M 1s
[2024-12-05T20:40:39.039+0000] {subprocess.py:106} INFO -  21700K .......... .......... .......... .......... .......... 65%  234M 1s
[2024-12-05T20:40:39.041+0000] {subprocess.py:106} INFO -  21750K .......... .......... .......... .......... .......... 65%  237M 1s
[2024-12-05T20:40:39.043+0000] {subprocess.py:106} INFO -  21800K .......... .......... .......... .......... .......... 65%  242M 1s
[2024-12-05T20:40:39.048+0000] {subprocess.py:106} INFO -  21850K .......... .......... .......... .......... .......... 65%  278M 1s
[2024-12-05T20:40:39.050+0000] {subprocess.py:106} INFO -  21900K .......... .......... .......... .......... .......... 66%  278M 1s
[2024-12-05T20:40:39.052+0000] {subprocess.py:106} INFO -  21950K .......... .......... .......... .......... .......... 66%  334M 1s
[2024-12-05T20:40:39.058+0000] {subprocess.py:106} INFO -  22000K .......... .......... .......... .......... .......... 66%  338M 1s
[2024-12-05T20:40:39.062+0000] {subprocess.py:106} INFO -  22050K .......... .......... .......... .......... .......... 66%  203M 1s
[2024-12-05T20:40:39.069+0000] {subprocess.py:106} INFO -  22100K .......... .......... .......... .......... .......... 66%  325M 1s
[2024-12-05T20:40:39.072+0000] {subprocess.py:106} INFO -  22150K .......... .......... .......... .......... .......... 66%  146M 1s
[2024-12-05T20:40:39.073+0000] {subprocess.py:106} INFO -  22200K .......... .......... .......... .......... .......... 66% 28.0M 1s
[2024-12-05T20:40:39.076+0000] {subprocess.py:106} INFO -  22250K .......... .......... .......... .......... .......... 67% 36.1M 1s
[2024-12-05T20:40:39.077+0000] {subprocess.py:106} INFO -  22300K .......... .......... .......... .......... .......... 67% 26.7M 1s
[2024-12-05T20:40:39.078+0000] {subprocess.py:106} INFO -  22350K .......... .......... .......... .......... .......... 67% 35.0M 1s
[2024-12-05T20:40:39.078+0000] {subprocess.py:106} INFO -  22400K .......... .......... .......... .......... .......... 67% 53.4M 1s
[2024-12-05T20:40:39.079+0000] {subprocess.py:106} INFO -  22450K .......... .......... .......... .......... .......... 67% 24.1M 1s
[2024-12-05T20:40:39.079+0000] {subprocess.py:106} INFO -  22500K .......... .......... .......... .......... .......... 67% 22.4M 1s
[2024-12-05T20:40:39.080+0000] {subprocess.py:106} INFO -  22550K .......... .......... .......... .......... .......... 68% 73.2M 1s
[2024-12-05T20:40:39.080+0000] {subprocess.py:106} INFO -  22600K .......... .......... .......... .......... .......... 68% 34.8M 1s
[2024-12-05T20:40:39.082+0000] {subprocess.py:106} INFO -  22650K .......... .......... .......... .......... .......... 68% 17.3M 1s
[2024-12-05T20:40:39.082+0000] {subprocess.py:106} INFO -  22700K .......... .......... .......... .......... .......... 68%  133M 1s
[2024-12-05T20:40:39.084+0000] {subprocess.py:106} INFO -  22750K .......... .......... .......... .......... .......... 68% 63.3M 1s
[2024-12-05T20:40:39.085+0000] {subprocess.py:106} INFO -  22800K .......... .......... .......... .......... .......... 68% 42.2M 1s
[2024-12-05T20:40:39.085+0000] {subprocess.py:106} INFO -  22850K .......... .......... .......... .......... .......... 68% 27.7M 1s
[2024-12-05T20:40:39.086+0000] {subprocess.py:106} INFO -  22900K .......... .......... .......... .......... .......... 69% 34.5M 1s
[2024-12-05T20:40:39.086+0000] {subprocess.py:106} INFO -  22950K .......... .......... .......... .......... .......... 69% 36.8M 1s
[2024-12-05T20:40:39.086+0000] {subprocess.py:106} INFO -  23000K .......... .......... .......... .......... .......... 69% 31.9M 1s
[2024-12-05T20:40:39.086+0000] {subprocess.py:106} INFO -  23050K .......... .......... .......... .......... .......... 69% 28.8M 1s
[2024-12-05T20:40:39.087+0000] {subprocess.py:106} INFO -  23100K .......... .......... .......... .......... .......... 69% 25.2M 1s
[2024-12-05T20:40:39.087+0000] {subprocess.py:106} INFO -  23150K .......... .......... .......... .......... .......... 69% 28.4M 1s
[2024-12-05T20:40:39.087+0000] {subprocess.py:106} INFO -  23200K .......... .......... .......... .......... .......... 69% 79.1M 1s
[2024-12-05T20:40:39.087+0000] {subprocess.py:106} INFO -  23250K .......... .......... .......... .......... .......... 70% 22.0M 1s
[2024-12-05T20:40:39.087+0000] {subprocess.py:106} INFO -  23300K .......... .......... .......... .......... .......... 70%  113M 1s
[2024-12-05T20:40:39.088+0000] {subprocess.py:106} INFO -  23350K .......... .......... .......... .......... .......... 70% 29.4M 1s
[2024-12-05T20:40:39.088+0000] {subprocess.py:106} INFO -  23400K .......... .......... .......... .......... .......... 70% 92.6M 1s
[2024-12-05T20:40:39.088+0000] {subprocess.py:106} INFO -  23450K .......... .......... .......... .......... .......... 70% 20.0M 1s
[2024-12-05T20:40:39.089+0000] {subprocess.py:106} INFO -  23500K .......... .......... .......... .......... .......... 70% 68.1M 1s
[2024-12-05T20:40:39.089+0000] {subprocess.py:106} INFO -  23550K .......... .......... .......... .......... .......... 71% 24.7M 1s
[2024-12-05T20:40:39.090+0000] {subprocess.py:106} INFO -  23600K .......... .......... .......... .......... .......... 71% 35.7M 1s
[2024-12-05T20:40:39.090+0000] {subprocess.py:106} INFO -  23650K .......... .......... .......... .......... .......... 71% 18.1M 1s
[2024-12-05T20:40:39.091+0000] {subprocess.py:106} INFO -  23700K .......... .......... .......... .......... .......... 71% 50.1M 1s
[2024-12-05T20:40:39.091+0000] {subprocess.py:106} INFO -  23750K .......... .......... .......... .......... .......... 71% 33.6M 1s
[2024-12-05T20:40:39.091+0000] {subprocess.py:106} INFO -  23800K .......... .......... .......... .......... .......... 71% 46.3M 1s
[2024-12-05T20:40:39.092+0000] {subprocess.py:106} INFO -  23850K .......... .......... .......... .......... .......... 71% 42.7M 1s
[2024-12-05T20:40:39.092+0000] {subprocess.py:106} INFO -  23900K .......... .......... .......... .......... .......... 72% 39.1M 1s
[2024-12-05T20:40:39.092+0000] {subprocess.py:106} INFO -  23950K .......... .......... .......... .......... .......... 72% 31.5M 1s
[2024-12-05T20:40:39.092+0000] {subprocess.py:106} INFO -  24000K .......... .......... .......... .......... .......... 72% 47.5M 1s
[2024-12-05T20:40:39.093+0000] {subprocess.py:106} INFO -  24050K .......... .......... .......... .......... .......... 72% 18.9M 1s
[2024-12-05T20:40:39.093+0000] {subprocess.py:106} INFO -  24100K .......... .......... .......... .......... .......... 72% 21.6M 1s
[2024-12-05T20:40:39.093+0000] {subprocess.py:106} INFO -  24150K .......... .......... .......... .......... .......... 72% 79.6M 1s
[2024-12-05T20:40:39.094+0000] {subprocess.py:106} INFO -  24200K .......... .......... .......... .......... .......... 72%  190M 1s
[2024-12-05T20:40:39.094+0000] {subprocess.py:106} INFO -  24250K .......... .......... .......... .......... .......... 73%  249M 1s
[2024-12-05T20:40:39.094+0000] {subprocess.py:106} INFO -  24300K .......... .......... .......... .......... .......... 73% 21.1M 1s
[2024-12-05T20:40:39.094+0000] {subprocess.py:106} INFO -  24350K .......... .......... .......... .......... .......... 73% 25.1M 1s
[2024-12-05T20:40:39.095+0000] {subprocess.py:106} INFO -  24400K .......... .......... .......... .......... .......... 73% 78.9M 1s
[2024-12-05T20:40:39.095+0000] {subprocess.py:106} INFO -  24450K .......... .......... .......... .......... .......... 73%  179M 1s
[2024-12-05T20:40:39.095+0000] {subprocess.py:106} INFO -  24500K .......... .......... .......... .......... .......... 73% 21.5M 1s
[2024-12-05T20:40:39.096+0000] {subprocess.py:106} INFO -  24550K .......... .......... .......... .......... .......... 74% 18.5M 1s
[2024-12-05T20:40:39.096+0000] {subprocess.py:106} INFO -  24600K .......... .......... .......... .......... .......... 74% 31.7M 1s
[2024-12-05T20:40:39.096+0000] {subprocess.py:106} INFO -  24650K .......... .......... .......... .......... .......... 74% 35.5M 1s
[2024-12-05T20:40:39.096+0000] {subprocess.py:106} INFO -  24700K .......... .......... .......... .......... .......... 74% 13.3M 1s
[2024-12-05T20:40:39.097+0000] {subprocess.py:106} INFO -  24750K .......... .......... .......... .......... .......... 74%  113M 1s
[2024-12-05T20:40:39.097+0000] {subprocess.py:106} INFO -  24800K .......... .......... .......... .......... .......... 74%  173M 1s
[2024-12-05T20:40:39.097+0000] {subprocess.py:106} INFO -  24850K .......... .......... .......... .......... .......... 74% 12.8M 1s
[2024-12-05T20:40:39.098+0000] {subprocess.py:106} INFO -  24900K .......... .......... .......... .......... .......... 75% 15.3M 1s
[2024-12-05T20:40:39.101+0000] {subprocess.py:106} INFO -  24950K .......... .......... .......... .......... .......... 75%  119M 1s
[2024-12-05T20:40:39.101+0000] {subprocess.py:106} INFO -  25000K .......... .......... .......... .......... .......... 75% 8.50M 1s
[2024-12-05T20:40:39.108+0000] {subprocess.py:106} INFO -  25050K .......... .......... .......... .......... .......... 75% 63.6M 1s
[2024-12-05T20:40:39.110+0000] {subprocess.py:106} INFO -  25100K .......... .......... .......... .......... .......... 75% 46.0M 1s
[2024-12-05T20:40:39.113+0000] {subprocess.py:106} INFO -  25150K .......... .......... .......... .......... .......... 75% 96.7M 1s
[2024-12-05T20:40:39.115+0000] {subprocess.py:106} INFO -  25200K .......... .......... .......... .......... .......... 76% 22.7M 1s
[2024-12-05T20:40:39.117+0000] {subprocess.py:106} INFO -  25250K .......... .......... .......... .......... .......... 76%  290M 1s
[2024-12-05T20:40:39.117+0000] {subprocess.py:106} INFO -  25300K .......... .......... .......... .......... .......... 76%  231M 1s
[2024-12-05T20:40:39.119+0000] {subprocess.py:106} INFO -  25350K .......... .......... .......... .......... .......... 76%  318M 1s
[2024-12-05T20:40:39.119+0000] {subprocess.py:106} INFO -  25400K .......... .......... .......... .......... .......... 76%  301M 1s
[2024-12-05T20:40:39.120+0000] {subprocess.py:106} INFO -  25450K .......... .......... .......... .......... .......... 76% 11.4M 1s
[2024-12-05T20:40:39.120+0000] {subprocess.py:106} INFO -  25500K .......... .......... .......... .......... .......... 76% 25.8M 1s
[2024-12-05T20:40:39.121+0000] {subprocess.py:106} INFO -  25550K .......... .......... .......... .......... .......... 77%  193M 1s
[2024-12-05T20:40:39.122+0000] {subprocess.py:106} INFO -  25600K .......... .......... .......... .......... .......... 77%  196M 1s
[2024-12-05T20:40:39.123+0000] {subprocess.py:106} INFO -  25650K .......... .......... .......... .......... .......... 77%  203M 1s
[2024-12-05T20:40:39.125+0000] {subprocess.py:106} INFO -  25700K .......... .......... .......... .......... .......... 77%  231M 1s
[2024-12-05T20:40:39.126+0000] {subprocess.py:106} INFO -  25750K .......... .......... .......... .......... .......... 77% 37.3M 1s
[2024-12-05T20:40:39.127+0000] {subprocess.py:106} INFO -  25800K .......... .......... .......... .......... .......... 77%  241M 1s
[2024-12-05T20:40:39.127+0000] {subprocess.py:106} INFO -  25850K .......... .......... .......... .......... .......... 77%  195M 1s
[2024-12-05T20:40:39.129+0000] {subprocess.py:106} INFO -  25900K .......... .......... .......... .......... .......... 78%  245M 0s
[2024-12-05T20:40:39.130+0000] {subprocess.py:106} INFO -  25950K .......... .......... .......... .......... .......... 78% 52.7M 0s
[2024-12-05T20:40:39.132+0000] {subprocess.py:106} INFO -  26000K .......... .......... .......... .......... .......... 78%  118M 0s
[2024-12-05T20:40:39.133+0000] {subprocess.py:106} INFO -  26050K .......... .......... .......... .......... .......... 78%  106M 0s
[2024-12-05T20:40:39.134+0000] {subprocess.py:106} INFO -  26100K .......... .......... .......... .......... .......... 78% 66.3M 0s
[2024-12-05T20:40:39.135+0000] {subprocess.py:106} INFO -  26150K .......... .......... .......... .......... .......... 78%  153M 0s
[2024-12-05T20:40:39.136+0000] {subprocess.py:106} INFO -  26200K .......... .......... .......... .......... .......... 79%  198M 0s
[2024-12-05T20:40:39.137+0000] {subprocess.py:106} INFO -  26250K .......... .......... .......... .......... .......... 79%  265M 0s
[2024-12-05T20:40:39.139+0000] {subprocess.py:106} INFO -  26300K .......... .......... .......... .......... .......... 79%  136M 0s
[2024-12-05T20:40:39.140+0000] {subprocess.py:106} INFO -  26350K .......... .......... .......... .......... .......... 79%  107M 0s
[2024-12-05T20:40:39.142+0000] {subprocess.py:106} INFO -  26400K .......... .......... .......... .......... .......... 79%  217M 0s
[2024-12-05T20:40:39.142+0000] {subprocess.py:106} INFO -  26450K .......... .......... .......... .......... .......... 79%  157M 0s
[2024-12-05T20:40:39.143+0000] {subprocess.py:106} INFO -  26500K .......... .......... .......... .......... .......... 79% 58.1M 0s
[2024-12-05T20:40:39.144+0000] {subprocess.py:106} INFO -  26550K .......... .......... .......... .......... .......... 80% 66.0M 0s
[2024-12-05T20:40:39.144+0000] {subprocess.py:106} INFO -  26600K .......... .......... .......... .......... .......... 80%  181M 0s
[2024-12-05T20:40:39.144+0000] {subprocess.py:106} INFO -  26650K .......... .......... .......... .......... .......... 80%  163M 0s
[2024-12-05T20:40:39.145+0000] {subprocess.py:106} INFO -  26700K .......... .......... .......... .......... .......... 80% 67.0M 0s
[2024-12-05T20:40:39.146+0000] {subprocess.py:106} INFO -  26750K .......... .......... .......... .......... .......... 80% 94.9M 0s
[2024-12-05T20:40:39.147+0000] {subprocess.py:106} INFO -  26800K .......... .......... .......... .......... .......... 80% 42.1M 0s
[2024-12-05T20:40:39.148+0000] {subprocess.py:106} INFO -  26850K .......... .......... .......... .......... .......... 80%  220M 0s
[2024-12-05T20:40:39.149+0000] {subprocess.py:106} INFO -  26900K .......... .......... .......... .......... .......... 81% 41.9M 0s
[2024-12-05T20:40:39.150+0000] {subprocess.py:106} INFO -  26950K .......... .......... .......... .......... .......... 81% 58.8M 0s
[2024-12-05T20:40:39.150+0000] {subprocess.py:106} INFO -  27000K .......... .......... .......... .......... .......... 81%  185M 0s
[2024-12-05T20:40:39.150+0000] {subprocess.py:106} INFO -  27050K .......... .......... .......... .......... .......... 81% 51.3M 0s
[2024-12-05T20:40:39.151+0000] {subprocess.py:106} INFO -  27100K .......... .......... .......... .......... .......... 81% 63.6M 0s
[2024-12-05T20:40:39.151+0000] {subprocess.py:106} INFO -  27150K .......... .......... .......... .......... .......... 81% 74.7M 0s
[2024-12-05T20:40:39.152+0000] {subprocess.py:106} INFO -  27200K .......... .......... .......... .......... .......... 82% 34.4M 0s
[2024-12-05T20:40:39.152+0000] {subprocess.py:106} INFO -  27250K .......... .......... .......... .......... .......... 82% 36.4M 0s
[2024-12-05T20:40:39.152+0000] {subprocess.py:106} INFO -  27300K .......... .......... .......... .......... .......... 82% 40.2M 0s
[2024-12-05T20:40:39.152+0000] {subprocess.py:106} INFO -  27350K .......... .......... .......... .......... .......... 82% 73.0M 0s
[2024-12-05T20:40:39.153+0000] {subprocess.py:106} INFO -  27400K .......... .......... .......... .......... .......... 82% 86.3M 0s
[2024-12-05T20:40:39.153+0000] {subprocess.py:106} INFO -  27450K .......... .......... .......... .......... .......... 82% 39.3M 0s
[2024-12-05T20:40:39.153+0000] {subprocess.py:106} INFO -  27500K .......... .......... .......... .......... .......... 82% 36.5M 0s
[2024-12-05T20:40:39.154+0000] {subprocess.py:106} INFO -  27550K .......... .......... .......... .......... .......... 83% 73.4M 0s
[2024-12-05T20:40:39.154+0000] {subprocess.py:106} INFO -  27600K .......... .......... .......... .......... .......... 83% 27.5M 0s
[2024-12-05T20:40:39.154+0000] {subprocess.py:106} INFO -  27650K .......... .......... .......... .......... .......... 83% 6.52M 0s
[2024-12-05T20:40:39.155+0000] {subprocess.py:106} INFO -  27700K .......... .......... .......... .......... .......... 83%  203M 0s
[2024-12-05T20:40:39.155+0000] {subprocess.py:106} INFO -  27750K .......... .......... .......... .......... .......... 83% 99.9M 0s
[2024-12-05T20:40:39.155+0000] {subprocess.py:106} INFO -  27800K .......... .......... .......... .......... .......... 83% 30.1M 0s
[2024-12-05T20:40:39.155+0000] {subprocess.py:106} INFO -  27850K .......... .......... .......... .......... .......... 83%  188M 0s
[2024-12-05T20:40:39.156+0000] {subprocess.py:106} INFO -  27900K .......... .......... .......... .......... .......... 84% 28.4M 0s
[2024-12-05T20:40:39.157+0000] {subprocess.py:106} INFO -  27950K .......... .......... .......... .......... .......... 84% 26.5M 0s
[2024-12-05T20:40:39.158+0000] {subprocess.py:106} INFO -  28000K .......... .......... .......... .......... .......... 84% 61.8M 0s
[2024-12-05T20:40:39.158+0000] {subprocess.py:106} INFO -  28050K .......... .......... .......... .......... .......... 84% 79.4M 0s
[2024-12-05T20:40:39.158+0000] {subprocess.py:106} INFO -  28100K .......... .......... .......... .......... .......... 84% 61.6M 0s
[2024-12-05T20:40:39.159+0000] {subprocess.py:106} INFO -  28150K .......... .......... .......... .......... .......... 84%  156M 0s
[2024-12-05T20:40:39.159+0000] {subprocess.py:106} INFO -  28200K .......... .......... .......... .......... .......... 85%  126M 0s
[2024-12-05T20:40:39.159+0000] {subprocess.py:106} INFO -  28250K .......... .......... .......... .......... .......... 85%  105M 0s
[2024-12-05T20:40:39.160+0000] {subprocess.py:106} INFO -  28300K .......... .......... .......... .......... .......... 85% 31.2M 0s
[2024-12-05T20:40:39.160+0000] {subprocess.py:106} INFO -  28350K .......... .......... .......... .......... .......... 85%  117M 0s
[2024-12-05T20:40:39.161+0000] {subprocess.py:106} INFO -  28400K .......... .......... .......... .......... .......... 85%  104M 0s
[2024-12-05T20:40:39.161+0000] {subprocess.py:106} INFO -  28450K .......... .......... .......... .......... .......... 85% 78.8M 0s
[2024-12-05T20:40:39.161+0000] {subprocess.py:106} INFO -  28500K .......... .......... .......... .......... .......... 85%  125M 0s
[2024-12-05T20:40:39.162+0000] {subprocess.py:106} INFO -  28550K .......... .......... .......... .......... .......... 86%  104M 0s
[2024-12-05T20:40:39.162+0000] {subprocess.py:106} INFO -  28600K .......... .......... .......... .......... .......... 86% 79.0M 0s
[2024-12-05T20:40:39.162+0000] {subprocess.py:106} INFO -  28650K .......... .......... .......... .......... .......... 86%  136M 0s
[2024-12-05T20:40:39.169+0000] {subprocess.py:106} INFO -  28700K .......... .......... .......... .......... .......... 86%  133M 0s
[2024-12-05T20:40:39.170+0000] {subprocess.py:106} INFO -  28750K .......... .......... .......... .......... .......... 86%  150M 0s
[2024-12-05T20:40:39.172+0000] {subprocess.py:106} INFO -  28800K .......... .......... .......... .......... .......... 86% 33.2M 0s
[2024-12-05T20:40:39.173+0000] {subprocess.py:106} INFO -  28850K .......... .......... .......... .......... .......... 86% 76.5M 0s
[2024-12-05T20:40:39.174+0000] {subprocess.py:106} INFO -  28900K .......... .......... .......... .......... .......... 87% 34.1M 0s
[2024-12-05T20:40:39.174+0000] {subprocess.py:106} INFO -  28950K .......... .......... .......... .......... .......... 87% 35.5M 0s
[2024-12-05T20:40:39.175+0000] {subprocess.py:106} INFO -  29000K .......... .......... .......... .......... .......... 87% 35.7M 0s
[2024-12-05T20:40:39.175+0000] {subprocess.py:106} INFO -  29050K .......... .......... .......... .......... .......... 87%  149M 0s
[2024-12-05T20:40:39.176+0000] {subprocess.py:106} INFO -  29100K .......... .......... .......... .......... .......... 87% 95.1M 0s
[2024-12-05T20:40:39.177+0000] {subprocess.py:106} INFO -  29150K .......... .......... .......... .......... .......... 87% 70.2M 0s
[2024-12-05T20:40:39.178+0000] {subprocess.py:106} INFO -  29200K .......... .......... .......... .......... .......... 88% 39.1M 0s
[2024-12-05T20:40:39.179+0000] {subprocess.py:106} INFO -  29250K .......... .......... .......... .......... .......... 88% 13.9M 0s
[2024-12-05T20:40:39.179+0000] {subprocess.py:106} INFO -  29300K .......... .......... .......... .......... .......... 88%  187M 0s
[2024-12-05T20:40:39.182+0000] {subprocess.py:106} INFO -  29350K .......... .......... .......... .......... .......... 88%  146M 0s
[2024-12-05T20:40:39.184+0000] {subprocess.py:106} INFO -  29400K .......... .......... .......... .......... .......... 88% 56.7M 0s
[2024-12-05T20:40:39.193+0000] {subprocess.py:106} INFO -  29450K .......... .......... .......... .......... .......... 88%  191M 0s
[2024-12-05T20:40:39.195+0000] {subprocess.py:106} INFO -  29500K .......... .......... .......... .......... .......... 88%  107M 0s
[2024-12-05T20:40:39.205+0000] {subprocess.py:106} INFO -  29550K .......... .......... .......... .......... .......... 89%  121M 0s
[2024-12-05T20:40:39.208+0000] {subprocess.py:106} INFO -  29600K .......... .......... .......... .......... .......... 89% 70.0M 0s
[2024-12-05T20:40:39.209+0000] {subprocess.py:106} INFO -  29650K .......... .......... .......... .......... .......... 89% 81.7M 0s
[2024-12-05T20:40:39.209+0000] {subprocess.py:106} INFO -  29700K .......... .......... .......... .......... .......... 89% 40.6M 0s
[2024-12-05T20:40:39.218+0000] {subprocess.py:106} INFO -  29750K .......... .......... .......... .......... .......... 89% 43.2M 0s
[2024-12-05T20:40:39.221+0000] {subprocess.py:106} INFO -  29800K .......... .......... .......... .......... .......... 89%  160M 0s
[2024-12-05T20:40:39.222+0000] {subprocess.py:106} INFO -  29850K .......... .......... .......... .......... .......... 90% 43.6M 0s
[2024-12-05T20:40:39.222+0000] {subprocess.py:106} INFO -  29900K .......... .......... .......... .......... .......... 90%  242M 0s
[2024-12-05T20:40:39.222+0000] {subprocess.py:106} INFO -  29950K .......... .......... .......... .......... .......... 90% 70.6M 0s
[2024-12-05T20:40:39.223+0000] {subprocess.py:106} INFO -  30000K .......... .......... .......... .......... .......... 90% 43.9M 0s
[2024-12-05T20:40:39.226+0000] {subprocess.py:106} INFO -  30050K .......... .......... .......... .......... .......... 90% 13.0M 0s
[2024-12-05T20:40:39.227+0000] {subprocess.py:106} INFO -  30100K .......... .......... .......... .......... .......... 90% 79.5M 0s
[2024-12-05T20:40:39.229+0000] {subprocess.py:106} INFO -  30150K .......... .......... .......... .......... .......... 90%  107M 0s
[2024-12-05T20:40:39.229+0000] {subprocess.py:106} INFO -  30200K .......... .......... .......... .......... .......... 91% 89.9M 0s
[2024-12-05T20:40:39.230+0000] {subprocess.py:106} INFO -  30250K .......... .......... .......... .......... .......... 91% 38.4M 0s
[2024-12-05T20:40:39.231+0000] {subprocess.py:106} INFO -  30300K .......... .......... .......... .......... .......... 91%  226M 0s
[2024-12-05T20:40:39.231+0000] {subprocess.py:106} INFO -  30350K .......... .......... .......... .......... .......... 91%  106M 0s
[2024-12-05T20:40:39.232+0000] {subprocess.py:106} INFO -  30400K .......... .......... .......... .......... .......... 91%  163M 0s
[2024-12-05T20:40:39.232+0000] {subprocess.py:106} INFO -  30450K .......... .......... .......... .......... .......... 91% 3.04M 0s
[2024-12-05T20:40:39.233+0000] {subprocess.py:106} INFO -  30500K .......... .......... .......... .......... .......... 91% 50.7M 0s
[2024-12-05T20:40:39.233+0000] {subprocess.py:106} INFO -  30550K .......... .......... .......... .......... .......... 92%  171M 0s
[2024-12-05T20:40:39.233+0000] {subprocess.py:106} INFO -  30600K .......... .......... .......... .......... .......... 92%  138M 0s
[2024-12-05T20:40:39.234+0000] {subprocess.py:106} INFO -  30650K .......... .......... .......... .......... .......... 92%  199M 0s
[2024-12-05T20:40:39.234+0000] {subprocess.py:106} INFO -  30700K .......... .......... .......... .......... .......... 92%  293M 0s
[2024-12-05T20:40:39.234+0000] {subprocess.py:106} INFO -  30750K .......... .......... .......... .......... .......... 92%  120M 0s
[2024-12-05T20:40:39.240+0000] {subprocess.py:106} INFO -  30800K .......... .......... .......... .......... .......... 92%  214M 0s
[2024-12-05T20:40:39.241+0000] {subprocess.py:106} INFO -  30850K .......... .......... .......... .......... .......... 93%  223M 0s
[2024-12-05T20:40:39.242+0000] {subprocess.py:106} INFO -  30900K .......... .......... .......... .......... .......... 93%  304M 0s
[2024-12-05T20:40:39.243+0000] {subprocess.py:106} INFO -  30950K .......... .......... .......... .......... .......... 93%  324M 0s
[2024-12-05T20:40:39.244+0000] {subprocess.py:106} INFO -  31000K .......... .......... .......... .......... .......... 93%  290M 0s
[2024-12-05T20:40:39.246+0000] {subprocess.py:106} INFO -  31050K .......... .......... .......... .......... .......... 93%  269M 0s
[2024-12-05T20:40:39.247+0000] {subprocess.py:106} INFO -  31100K .......... .......... .......... .......... .......... 93%  246M 0s
[2024-12-05T20:40:39.247+0000] {subprocess.py:106} INFO -  31150K .......... .......... .......... .......... .......... 93%  239M 0s
[2024-12-05T20:40:39.248+0000] {subprocess.py:106} INFO -  31200K .......... .......... .......... .......... .......... 94% 91.1M 0s
[2024-12-05T20:40:39.248+0000] {subprocess.py:106} INFO -  31250K .......... .......... .......... .......... .......... 94%  149M 0s
[2024-12-05T20:40:39.248+0000] {subprocess.py:106} INFO -  31300K .......... .......... .......... .......... .......... 94%  153M 0s
[2024-12-05T20:40:39.249+0000] {subprocess.py:106} INFO -  31350K .......... .......... .......... .......... .......... 94%  145M 0s
[2024-12-05T20:40:39.249+0000] {subprocess.py:106} INFO -  31400K .......... .......... .......... .......... .......... 94%  160M 0s
[2024-12-05T20:40:39.249+0000] {subprocess.py:106} INFO -  31450K .......... .......... .......... .......... .......... 94%  172M 0s
[2024-12-05T20:40:39.250+0000] {subprocess.py:106} INFO -  31500K .......... .......... .......... .......... .......... 94%  232M 0s
[2024-12-05T20:40:39.250+0000] {subprocess.py:106} INFO -  31550K .......... .......... .......... .......... .......... 95%  216M 0s
[2024-12-05T20:40:39.250+0000] {subprocess.py:106} INFO -  31600K .......... .......... .......... .......... .......... 95%  235M 0s
[2024-12-05T20:40:39.251+0000] {subprocess.py:106} INFO -  31650K .......... .......... .......... .......... .......... 95% 96.0M 0s
[2024-12-05T20:40:39.252+0000] {subprocess.py:106} INFO -  31700K .......... .......... .......... .......... .......... 95%  150M 0s
[2024-12-05T20:40:39.253+0000] {subprocess.py:106} INFO -  31750K .......... .......... .......... .......... .......... 95%  188M 0s
[2024-12-05T20:40:39.254+0000] {subprocess.py:106} INFO -  31800K .......... .......... .......... .......... .......... 95% 93.8M 0s
[2024-12-05T20:40:39.256+0000] {subprocess.py:106} INFO -  31850K .......... .......... .......... .......... .......... 96%  155M 0s
[2024-12-05T20:40:39.260+0000] {subprocess.py:106} INFO -  31900K .......... .......... .......... .......... .......... 96% 67.6M 0s
[2024-12-05T20:40:39.261+0000] {subprocess.py:106} INFO -  31950K .......... .......... .......... .......... .......... 96% 51.8M 0s
[2024-12-05T20:40:39.262+0000] {subprocess.py:106} INFO -  32000K .......... .......... .......... .......... .......... 96% 43.3M 0s
[2024-12-05T20:40:39.263+0000] {subprocess.py:106} INFO -  32050K .......... .......... .......... .......... .......... 96% 53.4M 0s
[2024-12-05T20:40:39.263+0000] {subprocess.py:106} INFO -  32100K .......... .......... .......... .......... .......... 96% 80.4M 0s
[2024-12-05T20:40:39.263+0000] {subprocess.py:106} INFO -  32150K .......... .......... .......... .......... .......... 96% 61.4M 0s
[2024-12-05T20:40:39.264+0000] {subprocess.py:106} INFO -  32200K .......... .......... .......... .......... .......... 97% 43.7M 0s
[2024-12-05T20:40:39.264+0000] {subprocess.py:106} INFO -  32250K .......... .......... .......... .......... .......... 97% 16.8M 0s
[2024-12-05T20:40:39.265+0000] {subprocess.py:106} INFO -  32300K .......... .......... .......... .......... .......... 97%  187M 0s
[2024-12-05T20:40:39.266+0000] {subprocess.py:106} INFO -  32350K .......... .......... .......... .......... .......... 97% 88.7M 0s
[2024-12-05T20:40:39.266+0000] {subprocess.py:106} INFO -  32400K .......... .......... .......... .......... .......... 97% 7.00M 0s
[2024-12-05T20:40:39.267+0000] {subprocess.py:106} INFO -  32450K .......... .......... .......... .......... .......... 97% 50.1M 0s
[2024-12-05T20:40:39.267+0000] {subprocess.py:106} INFO -  32500K .......... .......... .......... .......... .......... 97% 33.3M 0s
[2024-12-05T20:40:39.267+0000] {subprocess.py:106} INFO -  32550K .......... .......... .......... .......... .......... 98% 36.4M 0s
[2024-12-05T20:40:39.268+0000] {subprocess.py:106} INFO -  32600K .......... .......... .......... .......... .......... 98% 15.9M 0s
[2024-12-05T20:40:39.270+0000] {subprocess.py:106} INFO -  32650K .......... .......... .......... .......... .......... 98% 6.41M 0s
[2024-12-05T20:40:39.270+0000] {subprocess.py:106} INFO -  32700K .......... .......... .......... .......... .......... 98% 25.0M 0s
[2024-12-05T20:40:39.270+0000] {subprocess.py:106} INFO -  32750K .......... .......... .......... .......... .......... 98%  115M 0s
[2024-12-05T20:40:39.270+0000] {subprocess.py:106} INFO -  32800K .......... .......... .......... .......... .......... 98%  190M 0s
[2024-12-05T20:40:39.271+0000] {subprocess.py:106} INFO -  32850K .......... .......... .......... .......... .......... 99%  206M 0s
[2024-12-05T20:40:39.272+0000] {subprocess.py:106} INFO -  32900K .......... .......... .......... .......... .......... 99%  233M 0s
[2024-12-05T20:40:39.272+0000] {subprocess.py:106} INFO -  32950K .......... .......... .......... .......... .......... 99%  251M 0s
[2024-12-05T20:40:39.272+0000] {subprocess.py:106} INFO -  33000K .......... .......... .......... .......... .......... 99%  260M 0s
[2024-12-05T20:40:39.272+0000] {subprocess.py:106} INFO -  33050K .......... .......... .......... .......... .......... 99%  237M 0s
[2024-12-05T20:40:39.273+0000] {subprocess.py:106} INFO -  33100K .......... .......... .......... .......... .......... 99%  210M 0s
[2024-12-05T20:40:39.273+0000] {subprocess.py:106} INFO -  33150K .......... .......... .......... .......... .......... 99%  179M 0s
[2024-12-05T20:40:39.273+0000] {subprocess.py:106} INFO -  33200K .......... .......... .                               100%  399M=1.9s
[2024-12-05T20:40:39.274+0000] {subprocess.py:106} INFO - 
[2024-12-05T20:40:39.274+0000] {subprocess.py:106} INFO - 2024-12-05 20:40:39 (17.0 MB/s) - ‘/opt/***/output_2021-04.parquet’ saved [34018560/34018560]
[2024-12-05T20:40:39.275+0000] {subprocess.py:106} INFO - 
[2024-12-05T20:40:39.275+0000] {subprocess.py:110} INFO - Command exited with return code 0
[2024-12-05T20:40:39.341+0000] {taskinstance.py:340} INFO - ::group::Post task execution logs
[2024-12-05T20:40:39.342+0000] {taskinstance.py:352} INFO - Marking task as SUCCESS. dag_id=LocalIngestionDag, task_id=wget, run_id=scheduled__2021-04-02T06:00:00+00:00, execution_date=20210402T060000, start_date=20241205T204037, end_date=20241205T204039
[2024-12-05T20:40:39.955+0000] {local_task_job_runner.py:266} INFO - Task exited with return code 0
[2024-12-05T20:40:40.017+0000] {taskinstance.py:3895} INFO - 1 downstream tasks scheduled from follow-on schedule check
[2024-12-05T20:40:40.018+0000] {local_task_job_runner.py:245} INFO - ::endgroup::
[2024-12-05T23:58:36.050+0000] {local_task_job_runner.py:123} INFO - ::group::Pre task execution logs
[2024-12-05T23:58:36.846+0000] {taskinstance.py:2603} INFO - Dependencies not met for <TaskInstance: LocalIngestionDag.wget scheduled__2021-04-02T06:00:00+00:00 [queued]>, dependency 'Execution Date' FAILED: The execution date is 2021-04-02T06:00:00+00:00 but this is after the task's end date 2021-02-03T00:00:00+00:00.
[2024-12-05T23:58:36.847+0000] {taskinstance.py:2603} INFO - Dependencies not met for <TaskInstance: LocalIngestionDag.wget scheduled__2021-04-02T06:00:00+00:00 [queued]>, dependency 'Execution Date' FAILED: The execution date is 2021-04-02T06:00:00+00:00 but this is after the task's DAG's end date 2021-02-03T00:00:00+00:00.
[2024-12-05T23:58:36.856+0000] {local_task_job_runner.py:166} INFO - Task is not able to be run
