[2024-12-05T22:55:18.667+0000] {local_task_job_runner.py:123} INFO - ::group::Pre task execution logs
[2024-12-05T22:55:18.983+0000] {taskinstance.py:2613} INFO - Dependencies all met for dep_context=non-requeueable deps ti=<TaskInstance: LocalIngestionDag.wget scheduled__2021-04-02T06:00:00+00:00 [queued]>
[2024-12-05T22:55:18.988+0000] {taskinstance.py:2613} INFO - Dependencies all met for dep_context=requeueable deps ti=<TaskInstance: LocalIngestionDag.wget scheduled__2021-04-02T06:00:00+00:00 [queued]>
[2024-12-05T22:55:18.988+0000] {taskinstance.py:2866} INFO - Starting attempt 4 of 4
[2024-12-05T22:55:18.995+0000] {taskinstance.py:2889} INFO - Executing <Task(BashOperator): wget> on 2021-04-02 06:00:00+00:00
[2024-12-05T22:55:18.998+0000] {warnings.py:112} WARNING - /home/***/.local/lib/python3.12/site-packages/***/task/task_runner/standard_task_runner.py:70: DeprecationWarning: This process (pid=2661) is multi-threaded, use of fork() may lead to deadlocks in the child.
  pid = os.fork()

[2024-12-05T22:55:18.999+0000] {standard_task_runner.py:72} INFO - Started process 2673 to run task
[2024-12-05T22:55:19.012+0000] {standard_task_runner.py:104} INFO - Running: ['***', 'tasks', 'run', 'LocalIngestionDag', 'wget', 'scheduled__2021-04-02T06:00:00+00:00', '--job-id', '56', '--raw', '--subdir', 'DAGS_FOLDER/data_ingestion_local.py', '--cfg-path', '/tmp/tmpyvouhtv_']
[2024-12-05T22:55:19.021+0000] {standard_task_runner.py:105} INFO - Job 56: Subtask wget
[2024-12-05T22:55:19.076+0000] {task_command.py:467} INFO - Running <TaskInstance: LocalIngestionDag.wget scheduled__2021-04-02T06:00:00+00:00 [running]> on host cf87bc668ac5
[2024-12-05T22:55:19.125+0000] {taskinstance.py:3132} INFO - Exporting env vars: AIRFLOW_CTX_DAG_OWNER='***' AIRFLOW_CTX_DAG_ID='LocalIngestionDag' AIRFLOW_CTX_TASK_ID='wget' AIRFLOW_CTX_EXECUTION_DATE='2021-04-02T06:00:00+00:00' AIRFLOW_CTX_TRY_NUMBER='4' AIRFLOW_CTX_DAG_RUN_ID='scheduled__2021-04-02T06:00:00+00:00'
[2024-12-05T22:55:19.125+0000] {taskinstance.py:731} INFO - ::endgroup::
[2024-12-05T22:55:19.134+0000] {subprocess.py:78} INFO - Tmp dir root location: /tmp
[2024-12-05T22:55:19.135+0000] {subprocess.py:88} INFO - Running command: ['/usr/bin/bash', '-c', 'wget https://d37ci6vzurychx.cloudfront.net/trip-data/yellow_tripdata_2021-04.parquet -O /opt/***/output_2021-04.parquet']
[2024-12-05T22:55:19.141+0000] {subprocess.py:99} INFO - Output:
[2024-12-05T22:55:19.150+0000] {subprocess.py:106} INFO - --2024-12-05 22:55:19--  https://d37ci6vzurychx.cloudfront.net/trip-data/yellow_tripdata_2021-04.parquet
[2024-12-05T22:55:19.187+0000] {subprocess.py:106} INFO - Resolving d37ci6vzurychx.cloudfront.net (d37ci6vzurychx.cloudfront.net)... 52.85.39.65, 52.85.39.117, 52.85.39.153, ...
[2024-12-05T22:55:19.218+0000] {subprocess.py:106} INFO - Connecting to d37ci6vzurychx.cloudfront.net (d37ci6vzurychx.cloudfront.net)|52.85.39.65|:443... connected.
[2024-12-05T22:55:19.357+0000] {subprocess.py:106} INFO - HTTP request sent, awaiting response... 200 OK
[2024-12-05T22:55:19.357+0000] {subprocess.py:106} INFO - Length: 34018560 (32M) [application/x-www-form-urlencoded]
[2024-12-05T22:55:19.358+0000] {subprocess.py:106} INFO - Saving to: ‘/opt/***/output_2021-04.parquet’
[2024-12-05T22:55:19.362+0000] {subprocess.py:106} INFO - 
[2024-12-05T22:55:19.483+0000] {subprocess.py:106} INFO -      0K .......... .......... .......... .......... ..........  0%  397K 83s
[2024-12-05T22:55:19.486+0000] {subprocess.py:106} INFO -     50K .......... .......... .......... .......... ..........  0% 15.2M 43s
[2024-12-05T22:55:19.487+0000] {subprocess.py:106} INFO -    100K .......... .......... .......... .......... ..........  0%  192M 29s
[2024-12-05T22:55:19.535+0000] {subprocess.py:106} INFO -    150K .......... .......... .......... .......... ..........  0% 1019K 29s
[2024-12-05T22:55:19.584+0000] {subprocess.py:106} INFO -    200K .......... .......... .......... .......... ..........  0% 1.01M 30s
[2024-12-05T22:55:19.666+0000] {subprocess.py:106} INFO -    250K .......... .......... .......... .......... ..........  0%  613K 34s
[2024-12-05T22:55:19.698+0000] {subprocess.py:106} INFO -    300K .......... .......... .......... .......... ..........  1% 1.50M 32s
[2024-12-05T22:55:19.721+0000] {subprocess.py:106} INFO -    350K .......... .......... .......... .......... ..........  1% 2.09M 30s
[2024-12-05T22:55:19.736+0000] {subprocess.py:106} INFO -    400K .......... .......... .......... .......... ..........  1% 3.25M 28s
[2024-12-05T22:55:19.767+0000] {subprocess.py:106} INFO -    450K .......... .......... .......... .......... ..........  1% 1.59M 27s
[2024-12-05T22:55:19.838+0000] {subprocess.py:106} INFO -    500K .......... .......... .......... .......... ..........  1%  706K 29s
[2024-12-05T22:55:19.848+0000] {subprocess.py:106} INFO -    550K .......... .......... .......... .......... ..........  1% 4.93M 27s
[2024-12-05T22:55:19.873+0000] {subprocess.py:106} INFO -    600K .......... .......... .......... .......... ..........  1% 1.95M 26s
[2024-12-05T22:55:19.913+0000] {subprocess.py:106} INFO -    650K .......... .......... .......... .......... ..........  2% 1.22M 26s
[2024-12-05T22:55:19.939+0000] {subprocess.py:106} INFO -    700K .......... .......... .......... .......... ..........  2% 1.89M 25s
[2024-12-05T22:55:19.967+0000] {subprocess.py:106} INFO -    750K .......... .......... .......... .......... ..........  2% 1.75M 25s
[2024-12-05T22:55:19.992+0000] {subprocess.py:106} INFO -    800K .......... .......... .......... .......... ..........  2% 1.94M 24s
[2024-12-05T22:55:20.019+0000] {subprocess.py:106} INFO -    850K .......... .......... .......... .......... ..........  2% 1.82M 24s
[2024-12-05T22:55:20.045+0000] {subprocess.py:106} INFO -    900K .......... .......... .......... .......... ..........  2% 1.84M 23s
[2024-12-05T22:55:20.067+0000] {subprocess.py:106} INFO -    950K .......... .......... .......... .......... ..........  3% 2.22M 23s
[2024-12-05T22:55:20.112+0000] {subprocess.py:106} INFO -   1000K .......... .......... .......... .......... ..........  3% 1.10M 23s
[2024-12-05T22:55:20.148+0000] {subprocess.py:106} INFO -   1050K .......... .......... .......... .......... ..........  3% 1.34M 23s
[2024-12-05T22:55:20.188+0000] {subprocess.py:106} INFO -   1100K .......... .......... .......... .......... ..........  3% 1.25M 23s
[2024-12-05T22:55:20.196+0000] {subprocess.py:106} INFO -   1150K .......... .......... .......... .......... ..........  3% 5.70M 22s
[2024-12-05T22:55:20.201+0000] {subprocess.py:106} INFO -   1200K .......... .......... .......... .......... ..........  3% 8.93M 22s
[2024-12-05T22:55:20.227+0000] {subprocess.py:106} INFO -   1250K .......... .......... .......... .......... ..........  3% 1.92M 21s
[2024-12-05T22:55:20.236+0000] {subprocess.py:106} INFO -   1300K .......... .......... .......... .......... ..........  4% 5.32M 21s
[2024-12-05T22:55:20.254+0000] {subprocess.py:106} INFO -   1350K .......... .......... .......... .......... ..........  4% 3.16M 20s
[2024-12-05T22:55:20.279+0000] {subprocess.py:106} INFO -   1400K .......... .......... .......... .......... ..........  4% 1.75M 20s
[2024-12-05T22:55:20.297+0000] {subprocess.py:106} INFO -   1450K .......... .......... .......... .......... ..........  4% 2.66M 20s
[2024-12-05T22:55:20.312+0000] {subprocess.py:106} INFO -   1500K .......... .......... .......... .......... ..........  4% 4.56M 19s
[2024-12-05T22:55:20.338+0000] {subprocess.py:106} INFO -   1550K .......... .......... .......... .......... ..........  4% 1.65M 19s
[2024-12-05T22:55:20.346+0000] {subprocess.py:106} INFO -   1600K .......... .......... .......... .......... ..........  4% 5.84M 19s
[2024-12-05T22:55:20.356+0000] {subprocess.py:106} INFO -   1650K .......... .......... .......... .......... ..........  5% 4.95M 19s
[2024-12-05T22:55:20.369+0000] {subprocess.py:106} INFO -   1700K .......... .......... .......... .......... ..........  5% 3.81M 18s
[2024-12-05T22:55:20.415+0000] {subprocess.py:106} INFO -   1750K .......... .......... .......... .......... ..........  5% 3.03M 18s
[2024-12-05T22:55:20.460+0000] {subprocess.py:106} INFO -   1800K .......... .......... .......... .......... ..........  5%  732K 19s
[2024-12-05T22:55:20.476+0000] {subprocess.py:106} INFO -   1850K .......... .......... .......... .......... ..........  5% 3.92M 18s
[2024-12-05T22:55:20.502+0000] {subprocess.py:106} INFO -   1900K .......... .......... .......... .......... ..........  5% 1.37M 18s
[2024-12-05T22:55:20.510+0000] {subprocess.py:106} INFO -   1950K .......... .......... .......... .......... ..........  6% 5.82M 18s
[2024-12-05T22:55:20.513+0000] {subprocess.py:106} INFO -   2000K .......... .......... .......... .......... ..........  6% 12.7M 18s
[2024-12-05T22:55:20.554+0000] {subprocess.py:106} INFO -   2050K .......... .......... .......... .......... ..........  6% 1.22M 18s
[2024-12-05T22:55:21.146+0000] {subprocess.py:106} INFO -   2100K .......... .......... .......... .......... ..........  6% 95.9K 25s
[2024-12-05T22:55:21.455+0000] {subprocess.py:106} INFO -   2150K .......... .......... .......... .......... ..........  6%  163K 29s
[2024-12-05T22:55:21.457+0000] {subprocess.py:106} INFO -   2200K .......... .......... .......... .......... ..........  6% 42.5M 28s
[2024-12-05T22:55:21.464+0000] {subprocess.py:106} INFO -   2250K .......... .......... .......... .......... ..........  6%  104M 27s
[2024-12-05T22:55:21.467+0000] {subprocess.py:106} INFO -   2300K .......... .......... .......... .......... ..........  7%  195M 27s
[2024-12-05T22:55:21.469+0000] {subprocess.py:106} INFO -   2350K .......... .......... .......... .......... ..........  7% 10.8M 26s
[2024-12-05T22:55:21.470+0000] {subprocess.py:106} INFO -   2400K .......... .......... .......... .......... ..........  7% 1.45M 26s
[2024-12-05T22:55:21.472+0000] {subprocess.py:106} INFO -   2450K .......... .......... .......... .......... ..........  7% 2.44M 26s
[2024-12-05T22:55:21.478+0000] {subprocess.py:106} INFO -   2500K .......... .......... .......... .......... ..........  7% 17.7M 25s
[2024-12-05T22:55:21.479+0000] {subprocess.py:106} INFO -   2550K .......... .......... .......... .......... ..........  7% 5.85M 25s
[2024-12-05T22:55:21.482+0000] {subprocess.py:106} INFO -   2600K .......... .......... .......... .......... ..........  7% 13.5M 24s
[2024-12-05T22:55:21.485+0000] {subprocess.py:106} INFO -   2650K .......... .......... .......... .......... ..........  8% 13.0M 24s
[2024-12-05T22:55:21.491+0000] {subprocess.py:106} INFO -   2700K .......... .......... .......... .......... ..........  8% 27.1M 23s
[2024-12-05T22:55:21.493+0000] {subprocess.py:106} INFO -   2750K .......... .......... .......... .......... ..........  8% 3.90M 23s
[2024-12-05T22:55:21.496+0000] {subprocess.py:106} INFO -   2800K .......... .......... .......... .......... ..........  8% 5.29M 23s
[2024-12-05T22:55:21.499+0000] {subprocess.py:106} INFO -   2850K .......... .......... .......... .......... ..........  8% 15.3M 22s
[2024-12-05T22:55:21.509+0000] {subprocess.py:106} INFO -   2900K .......... .......... .......... .......... ..........  8%  192M 22s
[2024-12-05T22:55:21.510+0000] {subprocess.py:106} INFO -   2950K .......... .......... .......... .......... ..........  9% 3.86M 22s
[2024-12-05T22:55:21.517+0000] {subprocess.py:106} INFO -   3000K .......... .......... .......... .......... ..........  9% 15.2M 21s
[2024-12-05T22:55:21.519+0000] {subprocess.py:106} INFO -   3050K .......... .......... .......... .......... ..........  9% 29.1M 21s
[2024-12-05T22:55:21.522+0000] {subprocess.py:106} INFO -   3100K .......... .......... .......... .......... ..........  9% 50.7M 21s
[2024-12-05T22:55:21.529+0000] {subprocess.py:106} INFO -   3150K .......... .......... .......... .......... ..........  9% 6.71M 20s
[2024-12-05T22:55:21.531+0000] {subprocess.py:106} INFO -   3200K .......... .......... .......... .......... ..........  9% 24.8M 20s
[2024-12-05T22:55:21.537+0000] {subprocess.py:106} INFO -   3250K .......... .......... .......... .......... ..........  9% 26.1M 20s
[2024-12-05T22:55:21.539+0000] {subprocess.py:106} INFO -   3300K .......... .......... .......... .......... .......... 10% 11.3M 19s
[2024-12-05T22:55:21.545+0000] {subprocess.py:106} INFO -   3350K .......... .......... .......... .......... .......... 10% 17.1M 19s
[2024-12-05T22:55:21.546+0000] {subprocess.py:106} INFO -   3400K .......... .......... .......... .......... .......... 10% 59.5M 19s
[2024-12-05T22:55:21.548+0000] {subprocess.py:106} INFO -   3450K .......... .......... .......... .......... .......... 10% 54.2M 18s
[2024-12-05T22:55:21.558+0000] {subprocess.py:106} INFO -   3500K .......... .......... .......... .......... .......... 10% 50.7M 18s
[2024-12-05T22:55:21.564+0000] {subprocess.py:106} INFO -   3550K .......... .......... .......... .......... .......... 10%  125M 18s
[2024-12-05T22:55:21.570+0000] {subprocess.py:106} INFO -   3600K .......... .......... .......... .......... .......... 10% 74.0M 18s
[2024-12-05T22:55:21.575+0000] {subprocess.py:106} INFO -   3650K .......... .......... .......... .......... .......... 11% 51.5M 17s
[2024-12-05T22:55:21.577+0000] {subprocess.py:106} INFO -   3700K .......... .......... .......... .......... .......... 11%  107M 17s
[2024-12-05T22:55:21.578+0000] {subprocess.py:106} INFO -   3750K .......... .......... .......... .......... .......... 11% 5.56M 17s
[2024-12-05T22:55:21.588+0000] {subprocess.py:106} INFO -   3800K .......... .......... .......... .......... .......... 11% 7.85M 17s
[2024-12-05T22:55:21.592+0000] {subprocess.py:106} INFO -   3850K .......... .......... .......... .......... .......... 11% 5.17M 17s
[2024-12-05T22:55:21.596+0000] {subprocess.py:106} INFO -   3900K .......... .......... .......... .......... .......... 11% 6.72M 16s
[2024-12-05T22:55:21.601+0000] {subprocess.py:106} INFO -   3950K .......... .......... .......... .......... .......... 12% 2.89M 16s
[2024-12-05T22:55:21.609+0000] {subprocess.py:106} INFO -   4000K .......... .......... .......... .......... .......... 12% 2.13M 16s
[2024-12-05T22:55:21.610+0000] {subprocess.py:106} INFO -   4050K .......... .......... .......... .......... .......... 12% 25.5M 16s
[2024-12-05T22:55:21.611+0000] {subprocess.py:106} INFO -   4100K .......... .......... .......... .......... .......... 12% 6.12M 16s
[2024-12-05T22:55:21.618+0000] {subprocess.py:106} INFO -   4150K .......... .......... .......... .......... .......... 12% 6.36M 16s
[2024-12-05T22:55:21.660+0000] {subprocess.py:106} INFO -   4200K .......... .......... .......... .......... .......... 12% 1.15M 16s
[2024-12-05T22:55:21.665+0000] {subprocess.py:106} INFO -   4250K .......... .......... .......... .......... .......... 12% 11.7M 16s
[2024-12-05T22:55:21.667+0000] {subprocess.py:106} INFO -   4300K .......... .......... .......... .......... .......... 13% 20.7M 15s
[2024-12-05T22:55:21.678+0000] {subprocess.py:106} INFO -   4350K .......... .......... .......... .......... .......... 13% 32.4M 15s
[2024-12-05T22:55:21.685+0000] {subprocess.py:106} INFO -   4400K .......... .......... .......... .......... .......... 13%  144M 15s
[2024-12-05T22:55:21.688+0000] {subprocess.py:106} INFO -   4450K .......... .......... .......... .......... .......... 13% 8.75M 15s
[2024-12-05T22:55:21.689+0000] {subprocess.py:106} INFO -   4500K .......... .......... .......... .......... .......... 13% 3.72M 15s
[2024-12-05T22:55:21.693+0000] {subprocess.py:106} INFO -   4550K .......... .......... .......... .......... .......... 13% 8.62M 15s
[2024-12-05T22:55:21.698+0000] {subprocess.py:106} INFO -   4600K .......... .......... .......... .......... .......... 13% 9.77M 14s
[2024-12-05T22:55:21.709+0000] {subprocess.py:106} INFO -   4650K .......... .......... .......... .......... .......... 14% 4.31M 14s
[2024-12-05T22:55:21.724+0000] {subprocess.py:106} INFO -   4700K .......... .......... .......... .......... .......... 14% 4.49M 14s
[2024-12-05T22:55:21.733+0000] {subprocess.py:106} INFO -   4750K .......... .......... .......... .......... .......... 14% 4.41M 14s
[2024-12-05T22:55:21.746+0000] {subprocess.py:106} INFO -   4800K .......... .......... .......... .......... .......... 14% 6.44M 14s
[2024-12-05T22:55:21.799+0000] {subprocess.py:106} INFO -   4850K .......... .......... .......... .......... .......... 14%  850K 14s
[2024-12-05T22:55:21.804+0000] {subprocess.py:106} INFO -   4900K .......... .......... .......... .......... .......... 14% 29.8M 14s
[2024-12-05T22:55:21.821+0000] {subprocess.py:106} INFO -   4950K .......... .......... .......... .......... .......... 15%  156M 14s
[2024-12-05T22:55:21.857+0000] {subprocess.py:106} INFO -   5000K .......... .......... .......... .......... .......... 15% 53.7M 14s
[2024-12-05T22:55:21.872+0000] {subprocess.py:106} INFO -   5050K .......... .......... .......... .......... .......... 15% 37.4M 13s
[2024-12-05T22:55:21.935+0000] {subprocess.py:106} INFO -   5100K .......... .......... .......... .......... .......... 15% 7.14M 13s
[2024-12-05T22:55:21.939+0000] {subprocess.py:106} INFO -   5150K .......... .......... .......... .......... .......... 15%  123M 13s
[2024-12-05T22:55:21.945+0000] {subprocess.py:106} INFO -   5200K .......... .......... .......... .......... .......... 15% 6.93M 13s
[2024-12-05T22:55:21.951+0000] {subprocess.py:106} INFO -   5250K .......... .......... .......... .......... .......... 15% 2.50M 13s
[2024-12-05T22:55:21.961+0000] {subprocess.py:106} INFO -   5300K .......... .......... .......... .......... .......... 16% 2.61M 13s
[2024-12-05T22:55:21.965+0000] {subprocess.py:106} INFO -   5350K .......... .......... .......... .......... .......... 16% 31.7M 13s
[2024-12-05T22:55:21.973+0000] {subprocess.py:106} INFO -   5400K .......... .......... .......... .......... .......... 16% 5.56M 13s
[2024-12-05T22:55:21.980+0000] {subprocess.py:106} INFO -   5450K .......... .......... .......... .......... .......... 16% 4.20M 13s
[2024-12-05T22:55:21.981+0000] {subprocess.py:106} INFO -   5500K .......... .......... .......... .......... .......... 16%  236M 13s
[2024-12-05T22:55:21.984+0000] {subprocess.py:106} INFO -   5550K .......... .......... .......... .......... .......... 16% 2.35M 13s
[2024-12-05T22:55:21.991+0000] {subprocess.py:106} INFO -   5600K .......... .......... .......... .......... .......... 17% 3.45M 12s
[2024-12-05T22:55:22.006+0000] {subprocess.py:106} INFO -   5650K .......... .......... .......... .......... .......... 17% 2.22M 12s
[2024-12-05T22:55:22.034+0000] {subprocess.py:106} INFO -   5700K .......... .......... .......... .......... .......... 17% 36.8M 12s
[2024-12-05T22:55:22.054+0000] {subprocess.py:106} INFO -   5750K .......... .......... .......... .......... .......... 17%  122M 12s
[2024-12-05T22:55:22.122+0000] {subprocess.py:106} INFO -   5800K .......... .......... .......... .......... .......... 17%  192M 12s
[2024-12-05T22:55:22.497+0000] {subprocess.py:106} INFO -   5850K .......... .......... .......... .......... .......... 17%  186M 12s
[2024-12-05T22:55:22.513+0000] {subprocess.py:106} INFO -   5900K .......... .......... .......... .......... .......... 17% 10.1M 12s
[2024-12-05T22:55:22.518+0000] {subprocess.py:106} INFO -   5950K .......... .......... .......... .......... .......... 18% 26.8M 12s
[2024-12-05T22:55:22.530+0000] {subprocess.py:106} INFO -   6000K .......... .......... .......... .......... .......... 18% 21.3M 12s
[2024-12-05T22:55:22.533+0000] {subprocess.py:106} INFO -   6050K .......... .......... .......... .......... .......... 18% 19.2M 12s
[2024-12-05T22:55:22.535+0000] {subprocess.py:106} INFO -   6100K .......... .......... .......... .......... .......... 18% 4.83M 11s
[2024-12-05T22:55:22.551+0000] {subprocess.py:106} INFO -   6150K .......... .......... .......... .......... .......... 18% 11.7M 11s
[2024-12-05T22:55:22.572+0000] {subprocess.py:106} INFO -   6200K .......... .......... .......... .......... .......... 18% 42.9M 11s
[2024-12-05T22:55:22.573+0000] {subprocess.py:106} INFO -   6250K .......... .......... .......... .......... .......... 18% 3.86M 11s
[2024-12-05T22:55:22.574+0000] {subprocess.py:106} INFO -   6300K .......... .......... .......... .......... .......... 19% 15.2M 11s
[2024-12-05T22:55:22.638+0000] {subprocess.py:106} INFO -   6350K .......... .......... .......... .......... .......... 19% 10.1M 11s
[2024-12-05T22:55:22.652+0000] {subprocess.py:106} INFO -   6400K .......... .......... .......... .......... .......... 19% 9.02M 11s
[2024-12-05T22:55:22.654+0000] {subprocess.py:106} INFO -   6450K .......... .......... .......... .......... .......... 19% 2.69M 11s
[2024-12-05T22:55:22.688+0000] {subprocess.py:106} INFO -   6500K .......... .......... .......... .......... .......... 19%  982K 11s
[2024-12-05T22:55:22.694+0000] {subprocess.py:106} INFO -   6550K .......... .......... .......... .......... .......... 19%  218M 11s
[2024-12-05T22:55:22.704+0000] {subprocess.py:106} INFO -   6600K .......... .......... .......... .......... .......... 20% 54.5M 11s
[2024-12-05T22:55:22.738+0000] {subprocess.py:106} INFO -   6650K .......... .......... .......... .......... .......... 20% 1.35M 11s
[2024-12-05T22:55:22.753+0000] {subprocess.py:106} INFO -   6700K .......... .......... .......... .......... .......... 20%  537K 11s
[2024-12-05T22:55:22.771+0000] {subprocess.py:106} INFO -   6750K .......... .......... .......... .......... .......... 20%  285K 12s
[2024-12-05T22:55:22.774+0000] {subprocess.py:106} INFO -   6800K .......... .......... .......... .......... .......... 20%  164M 12s
[2024-12-05T22:55:22.785+0000] {subprocess.py:106} INFO -   6850K .......... .......... .......... .......... .......... 20%  156M 11s
[2024-12-05T22:55:22.799+0000] {subprocess.py:106} INFO -   6900K .......... .......... .......... .......... .......... 20%  228M 11s
[2024-12-05T22:55:22.803+0000] {subprocess.py:106} INFO -   6950K .......... .......... .......... .......... .......... 21%  734K 12s
[2024-12-05T22:55:22.814+0000] {subprocess.py:106} INFO -   7000K .......... .......... .......... .......... .......... 21%  112M 11s
[2024-12-05T22:55:22.825+0000] {subprocess.py:106} INFO -   7050K .......... .......... .......... .......... .......... 21% 58.5M 11s
[2024-12-05T22:55:22.826+0000] {subprocess.py:106} INFO -   7100K .......... .......... .......... .......... .......... 21% 30.8M 11s
[2024-12-05T22:55:22.838+0000] {subprocess.py:106} INFO -   7150K .......... .......... .......... .......... .......... 21%  671K 11s
[2024-12-05T22:55:22.845+0000] {subprocess.py:106} INFO -   7200K .......... .......... .......... .......... .......... 21% 88.0M 11s
[2024-12-05T22:55:22.852+0000] {subprocess.py:106} INFO -   7250K .......... .......... .......... .......... .......... 21% 31.9M 11s
[2024-12-05T22:55:22.859+0000] {subprocess.py:106} INFO -   7300K .......... .......... .......... .......... .......... 22%  220M 11s
[2024-12-05T22:55:22.866+0000] {subprocess.py:106} INFO -   7350K .......... .......... .......... .......... .......... 22% 81.6M 11s
[2024-12-05T22:55:22.875+0000] {subprocess.py:106} INFO -   7400K .......... .......... .......... .......... .......... 22% 9.71M 11s
[2024-12-05T22:55:22.883+0000] {subprocess.py:106} INFO -   7450K .......... .......... .......... .......... .......... 22% 5.80M 11s
[2024-12-05T22:55:22.889+0000] {subprocess.py:106} INFO -   7500K .......... .......... .......... .......... .......... 22% 99.8M 11s
[2024-12-05T22:55:22.893+0000] {subprocess.py:106} INFO -   7550K .......... .......... .......... .......... .......... 22% 58.8M 11s
[2024-12-05T22:55:22.931+0000] {subprocess.py:106} INFO -   7600K .......... .......... .......... .......... .......... 23% 18.8M 11s
[2024-12-05T22:55:22.944+0000] {subprocess.py:106} INFO -   7650K .......... .......... .......... .......... .......... 23%  127M 11s
[2024-12-05T22:55:22.947+0000] {subprocess.py:106} INFO -   7700K .......... .......... .......... .......... .......... 23% 27.5M 10s
[2024-12-05T22:55:22.994+0000] {subprocess.py:106} INFO -   7750K .......... .......... .......... .......... .......... 23%  204M 10s
[2024-12-05T22:55:23.005+0000] {subprocess.py:106} INFO -   7800K .......... .......... .......... .......... .......... 23%  106M 10s
[2024-12-05T22:55:23.029+0000] {subprocess.py:106} INFO -   7850K .......... .......... .......... .......... .......... 23%  176M 10s
[2024-12-05T22:55:23.071+0000] {subprocess.py:106} INFO -   7900K .......... .......... .......... .......... .......... 23%  179M 10s
[2024-12-05T22:55:23.074+0000] {subprocess.py:106} INFO -   7950K .......... .......... .......... .......... .......... 24% 53.2M 10s
[2024-12-05T22:55:23.092+0000] {subprocess.py:106} INFO -   8000K .......... .......... .......... .......... .......... 24% 32.0M 10s
[2024-12-05T22:55:23.115+0000] {subprocess.py:106} INFO -   8050K .......... .......... .......... .......... .......... 24% 27.3M 10s
[2024-12-05T22:55:23.122+0000] {subprocess.py:106} INFO -   8100K .......... .......... .......... .......... .......... 24%  210M 10s
[2024-12-05T22:55:23.126+0000] {subprocess.py:106} INFO -   8150K .......... .......... .......... .......... .......... 24% 12.0M 10s
[2024-12-05T22:55:23.129+0000] {subprocess.py:106} INFO -   8200K .......... .......... .......... .......... .......... 24% 5.03M 10s
[2024-12-05T22:55:23.135+0000] {subprocess.py:106} INFO -   8250K .......... .......... .......... .......... .......... 24% 76.5M 10s
[2024-12-05T22:55:23.142+0000] {subprocess.py:106} INFO -   8300K .......... .......... .......... .......... .......... 25% 2.15M 10s
[2024-12-05T22:55:23.175+0000] {subprocess.py:106} INFO -   8350K .......... .......... .......... .......... .......... 25% 36.9M 10s
[2024-12-05T22:55:23.216+0000] {subprocess.py:106} INFO -   8400K .......... .......... .......... .......... .......... 25%  140M 9s
[2024-12-05T22:55:23.217+0000] {subprocess.py:106} INFO -   8450K .......... .......... .......... .......... .......... 25% 2.21M 9s
[2024-12-05T22:55:23.261+0000] {subprocess.py:106} INFO -   8500K .......... .......... .......... .......... .......... 25% 5.01M 9s
[2024-12-05T22:55:23.317+0000] {subprocess.py:106} INFO -   8550K .......... .......... .......... .......... .......... 25% 10.2M 9s
[2024-12-05T22:55:23.321+0000] {subprocess.py:106} INFO -   8600K .......... .......... .......... .......... .......... 26%  169M 9s
[2024-12-05T22:55:23.334+0000] {subprocess.py:106} INFO -   8650K .......... .......... .......... .......... .......... 26%  106M 9s
[2024-12-05T22:55:23.341+0000] {subprocess.py:106} INFO -   8700K .......... .......... .......... .......... .......... 26% 28.4M 9s
[2024-12-05T22:55:23.347+0000] {subprocess.py:106} INFO -   8750K .......... .......... .......... .......... .......... 26% 2.04M 9s
[2024-12-05T22:55:23.349+0000] {subprocess.py:106} INFO -   8800K .......... .......... .......... .......... .......... 26% 13.5M 9s
[2024-12-05T22:55:23.349+0000] {subprocess.py:106} INFO -   8850K .......... .......... .......... .......... .......... 26%  103M 9s
[2024-12-05T22:55:23.349+0000] {subprocess.py:106} INFO -   8900K .......... .......... .......... .......... .......... 26% 2.96M 9s
[2024-12-05T22:55:23.350+0000] {subprocess.py:106} INFO -   8950K .......... .......... .......... .......... .......... 27% 10.5M 9s
[2024-12-05T22:55:23.350+0000] {subprocess.py:106} INFO -   9000K .......... .......... .......... .......... .......... 27% 51.6M 9s
[2024-12-05T22:55:23.350+0000] {subprocess.py:106} INFO -   9050K .......... .......... .......... .......... .......... 27% 26.5M 9s
[2024-12-05T22:55:23.350+0000] {subprocess.py:106} INFO -   9100K .......... .......... .......... .......... .......... 27% 21.4M 9s
[2024-12-05T22:55:23.350+0000] {subprocess.py:106} INFO -   9150K .......... .......... .......... .......... .......... 27% 77.8M 9s
[2024-12-05T22:55:23.351+0000] {subprocess.py:106} INFO -   9200K .......... .......... .......... .......... .......... 27% 93.7M 9s
[2024-12-05T22:55:23.351+0000] {subprocess.py:106} INFO -   9250K .......... .......... .......... .......... .......... 27%  141M 9s
[2024-12-05T22:55:23.352+0000] {subprocess.py:106} INFO -   9300K .......... .......... .......... .......... .......... 28% 2.84M 9s
[2024-12-05T22:55:23.356+0000] {subprocess.py:106} INFO -   9350K .......... .......... .......... .......... .......... 28% 16.0M 8s
[2024-12-05T22:55:23.359+0000] {subprocess.py:106} INFO -   9400K .......... .......... .......... .......... .......... 28% 84.1M 8s
[2024-12-05T22:55:23.361+0000] {subprocess.py:106} INFO -   9450K .......... .......... .......... .......... .......... 28% 2.92M 8s
[2024-12-05T22:55:23.364+0000] {subprocess.py:106} INFO -   9500K .......... .......... .......... .......... .......... 28% 4.90M 8s
[2024-12-05T22:55:23.367+0000] {subprocess.py:106} INFO -   9550K .......... .......... .......... .......... .......... 28% 24.3M 8s
[2024-12-05T22:55:23.369+0000] {subprocess.py:106} INFO -   9600K .......... .......... .......... .......... .......... 29% 98.1M 8s
[2024-12-05T22:55:23.369+0000] {subprocess.py:106} INFO -   9650K .......... .......... .......... .......... .......... 29% 94.8M 8s
[2024-12-05T22:55:23.371+0000] {subprocess.py:106} INFO -   9700K .......... .......... .......... .......... .......... 29% 8.72M 8s
[2024-12-05T22:55:23.374+0000] {subprocess.py:106} INFO -   9750K .......... .......... .......... .......... .......... 29% 6.13M 8s
[2024-12-05T22:55:23.376+0000] {subprocess.py:106} INFO -   9800K .......... .......... .......... .......... .......... 29% 3.02M 8s
[2024-12-05T22:55:23.377+0000] {subprocess.py:106} INFO -   9850K .......... .......... .......... .......... .......... 29% 12.8M 8s
[2024-12-05T22:55:23.377+0000] {subprocess.py:106} INFO -   9900K .......... .......... .......... .......... .......... 29%  242M 8s
[2024-12-05T22:55:23.378+0000] {subprocess.py:106} INFO -   9950K .......... .......... .......... .......... .......... 30% 13.7M 8s
[2024-12-05T22:55:23.378+0000] {subprocess.py:106} INFO -  10000K .......... .......... .......... .......... .......... 30% 46.1M 8s
[2024-12-05T22:55:23.379+0000] {subprocess.py:106} INFO -  10050K .......... .......... .......... .......... .......... 30% 11.7M 8s
[2024-12-05T22:55:23.380+0000] {subprocess.py:106} INFO -  10100K .......... .......... .......... .......... .......... 30% 14.1M 8s
[2024-12-05T22:55:23.383+0000] {subprocess.py:106} INFO -  10150K .......... .......... .......... .......... .......... 30%  116M 8s
[2024-12-05T22:55:23.383+0000] {subprocess.py:106} INFO -  10200K .......... .......... .......... .......... .......... 30% 20.3M 8s
[2024-12-05T22:55:23.385+0000] {subprocess.py:106} INFO -  10250K .......... .......... .......... .......... .......... 31%  142M 8s
[2024-12-05T22:55:23.387+0000] {subprocess.py:106} INFO -  10300K .......... .......... .......... .......... .......... 31%  167M 8s
[2024-12-05T22:55:23.388+0000] {subprocess.py:106} INFO -  10350K .......... .......... .......... .......... .......... 31% 11.5M 8s
[2024-12-05T22:55:23.389+0000] {subprocess.py:106} INFO -  10400K .......... .......... .......... .......... .......... 31% 32.0M 7s
[2024-12-05T22:55:23.390+0000] {subprocess.py:106} INFO -  10450K .......... .......... .......... .......... .......... 31%  107M 7s
[2024-12-05T22:55:23.391+0000] {subprocess.py:106} INFO -  10500K .......... .......... .......... .......... .......... 31% 21.4M 7s
[2024-12-05T22:55:23.392+0000] {subprocess.py:106} INFO -  10550K .......... .......... .......... .......... .......... 31% 68.0M 7s
[2024-12-05T22:55:23.392+0000] {subprocess.py:106} INFO -  10600K .......... .......... .......... .......... .......... 32%  166M 7s
[2024-12-05T22:55:23.393+0000] {subprocess.py:106} INFO -  10650K .......... .......... .......... .......... .......... 32% 72.1M 7s
[2024-12-05T22:55:23.393+0000] {subprocess.py:106} INFO -  10700K .......... .......... .......... .......... .......... 32% 24.4M 7s
[2024-12-05T22:55:23.394+0000] {subprocess.py:106} INFO -  10750K .......... .......... .......... .......... .......... 32% 57.6M 7s
[2024-12-05T22:55:23.395+0000] {subprocess.py:106} INFO -  10800K .......... .......... .......... .......... .......... 32%  104M 7s
[2024-12-05T22:55:23.395+0000] {subprocess.py:106} INFO -  10850K .......... .......... .......... .......... .......... 32%  187M 7s
[2024-12-05T22:55:23.396+0000] {subprocess.py:106} INFO -  10900K .......... .......... .......... .......... .......... 32% 69.1M 7s
[2024-12-05T22:55:23.399+0000] {subprocess.py:106} INFO -  10950K .......... .......... .......... .......... .......... 33%  100M 7s
[2024-12-05T22:55:23.401+0000] {subprocess.py:106} INFO -  11000K .......... .......... .......... .......... .......... 33% 55.5M 7s
[2024-12-05T22:55:23.402+0000] {subprocess.py:106} INFO -  11050K .......... .......... .......... .......... .......... 33% 62.9M 7s
[2024-12-05T22:55:23.405+0000] {subprocess.py:106} INFO -  11100K .......... .......... .......... .......... .......... 33% 14.2M 7s
[2024-12-05T22:55:23.407+0000] {subprocess.py:106} INFO -  11150K .......... .......... .......... .......... .......... 33% 36.1M 7s
[2024-12-05T22:55:23.408+0000] {subprocess.py:106} INFO -  11200K .......... .......... .......... .......... .......... 33% 32.3M 7s
[2024-12-05T22:55:23.410+0000] {subprocess.py:106} INFO -  11250K .......... .......... .......... .......... .......... 34% 43.5M 7s
[2024-12-05T22:55:23.422+0000] {subprocess.py:106} INFO -  11300K .......... .......... .......... .......... .......... 34%  161M 7s
[2024-12-05T22:55:23.429+0000] {subprocess.py:106} INFO -  11350K .......... .......... .......... .......... .......... 34% 12.2M 7s
[2024-12-05T22:55:23.435+0000] {subprocess.py:106} INFO -  11400K .......... .......... .......... .......... .......... 34% 29.4M 7s
[2024-12-05T22:55:23.443+0000] {subprocess.py:106} INFO -  11450K .......... .......... .......... .......... .......... 34% 19.2M 7s
[2024-12-05T22:55:23.445+0000] {subprocess.py:106} INFO -  11500K .......... .......... .......... .......... .......... 34% 11.8M 6s
[2024-12-05T22:55:23.449+0000] {subprocess.py:106} INFO -  11550K .......... .......... .......... .......... .......... 34% 2.74M 6s
[2024-12-05T22:55:23.451+0000] {subprocess.py:106} INFO -  11600K .......... .......... .......... .......... .......... 35% 11.2M 6s
[2024-12-05T22:55:23.452+0000] {subprocess.py:106} INFO -  11650K .......... .......... .......... .......... .......... 35% 15.7M 6s
[2024-12-05T22:55:23.454+0000] {subprocess.py:106} INFO -  11700K .......... .......... .......... .......... .......... 35% 26.2M 6s
[2024-12-05T22:55:23.455+0000] {subprocess.py:106} INFO -  11750K .......... .......... .......... .......... .......... 35% 20.4M 6s
[2024-12-05T22:55:23.458+0000] {subprocess.py:106} INFO -  11800K .......... .......... .......... .......... .......... 35% 40.6M 6s
[2024-12-05T22:55:23.459+0000] {subprocess.py:106} INFO -  11850K .......... .......... .......... .......... .......... 35% 19.9M 6s
[2024-12-05T22:55:23.459+0000] {subprocess.py:106} INFO -  11900K .......... .......... .......... .......... .......... 35%  195M 6s
[2024-12-05T22:55:23.460+0000] {subprocess.py:106} INFO -  11950K .......... .......... .......... .......... .......... 36%  120M 6s
[2024-12-05T22:55:23.461+0000] {subprocess.py:106} INFO -  12000K .......... .......... .......... .......... .......... 36% 15.5M 6s
[2024-12-05T22:55:23.462+0000] {subprocess.py:106} INFO -  12050K .......... .......... .......... .......... .......... 36% 8.28M 6s
[2024-12-05T22:55:23.465+0000] {subprocess.py:106} INFO -  12100K .......... .......... .......... .......... .......... 36% 54.5M 6s
[2024-12-05T22:55:23.466+0000] {subprocess.py:106} INFO -  12150K .......... .......... .......... .......... .......... 36%  250M 6s
[2024-12-05T22:55:23.468+0000] {subprocess.py:106} INFO -  12200K .......... .......... .......... .......... .......... 36% 12.4M 6s
[2024-12-05T22:55:23.469+0000] {subprocess.py:106} INFO -  12250K .......... .......... .......... .......... .......... 37% 5.50M 6s
[2024-12-05T22:55:23.471+0000] {subprocess.py:106} INFO -  12300K .......... .......... .......... .......... .......... 37% 34.8M 6s
[2024-12-05T22:55:23.472+0000] {subprocess.py:106} INFO -  12350K .......... .......... .......... .......... .......... 37% 6.03M 6s
[2024-12-05T22:55:23.475+0000] {subprocess.py:106} INFO -  12400K .......... .......... .......... .......... .......... 37% 76.7M 6s
[2024-12-05T22:55:23.476+0000] {subprocess.py:106} INFO -  12450K .......... .......... .......... .......... .......... 37% 5.93M 6s
[2024-12-05T22:55:23.478+0000] {subprocess.py:106} INFO -  12500K .......... .......... .......... .......... .......... 37% 9.98M 6s
[2024-12-05T22:55:23.487+0000] {subprocess.py:106} INFO -  12550K .......... .......... .......... .......... .......... 37% 7.76M 6s
[2024-12-05T22:55:23.489+0000] {subprocess.py:106} INFO -  12600K .......... .......... .......... .......... .......... 38% 3.43M 6s
[2024-12-05T22:55:23.490+0000] {subprocess.py:106} INFO -  12650K .......... .......... .......... .......... .......... 38% 6.87M 6s
[2024-12-05T22:55:23.492+0000] {subprocess.py:106} INFO -  12700K .......... .......... .......... .......... .......... 38% 37.0M 6s
[2024-12-05T22:55:23.494+0000] {subprocess.py:106} INFO -  12750K .......... .......... .......... .......... .......... 38% 4.24M 6s
[2024-12-05T22:55:23.496+0000] {subprocess.py:106} INFO -  12800K .......... .......... .......... .......... .......... 38% 56.1M 6s
[2024-12-05T22:55:23.497+0000] {subprocess.py:106} INFO -  12850K .......... .......... .......... .......... .......... 38% 3.70M 6s
[2024-12-05T22:55:23.498+0000] {subprocess.py:106} INFO -  12900K .......... .......... .......... .......... .......... 38% 7.29M 6s
[2024-12-05T22:55:23.499+0000] {subprocess.py:106} INFO -  12950K .......... .......... .......... .......... .......... 39% 4.02M 6s
[2024-12-05T22:55:23.501+0000] {subprocess.py:106} INFO -  13000K .......... .......... .......... .......... .......... 39% 17.9M 6s
[2024-12-05T22:55:23.503+0000] {subprocess.py:106} INFO -  13050K .......... .......... .......... .......... .......... 39% 6.41M 6s
[2024-12-05T22:55:23.504+0000] {subprocess.py:106} INFO -  13100K .......... .......... .......... .......... .......... 39%  170M 6s
[2024-12-05T22:55:23.505+0000] {subprocess.py:106} INFO -  13150K .......... .......... .......... .......... .......... 39%  153M 5s
[2024-12-05T22:55:23.506+0000] {subprocess.py:106} INFO -  13200K .......... .......... .......... .......... .......... 39% 3.04M 5s
[2024-12-05T22:55:23.507+0000] {subprocess.py:106} INFO -  13250K .......... .......... .......... .......... .......... 40% 26.8M 5s
[2024-12-05T22:55:23.510+0000] {subprocess.py:106} INFO -  13300K .......... .......... .......... .......... .......... 40% 25.7M 5s
[2024-12-05T22:55:23.511+0000] {subprocess.py:106} INFO -  13350K .......... .......... .......... .......... .......... 40% 40.3M 5s
[2024-12-05T22:55:23.512+0000] {subprocess.py:106} INFO -  13400K .......... .......... .......... .......... .......... 40% 16.0M 5s
[2024-12-05T22:55:23.513+0000] {subprocess.py:106} INFO -  13450K .......... .......... .......... .......... .......... 40% 10.5M 5s
[2024-12-05T22:55:23.514+0000] {subprocess.py:106} INFO -  13500K .......... .......... .......... .......... .......... 40% 29.0M 5s
[2024-12-05T22:55:23.516+0000] {subprocess.py:106} INFO -  13550K .......... .......... .......... .......... .......... 40% 27.0M 5s
[2024-12-05T22:55:23.516+0000] {subprocess.py:106} INFO -  13600K .......... .......... .......... .......... .......... 41% 43.3M 5s
[2024-12-05T22:55:23.517+0000] {subprocess.py:106} INFO -  13650K .......... .......... .......... .......... .......... 41% 85.7M 5s
[2024-12-05T22:55:23.518+0000] {subprocess.py:106} INFO -  13700K .......... .......... .......... .......... .......... 41% 18.4M 5s
[2024-12-05T22:55:23.518+0000] {subprocess.py:106} INFO -  13750K .......... .......... .......... .......... .......... 41% 4.78M 5s
[2024-12-05T22:55:23.518+0000] {subprocess.py:106} INFO -  13800K .......... .......... .......... .......... .......... 41% 34.1M 5s
[2024-12-05T22:55:23.518+0000] {subprocess.py:106} INFO -  13850K .......... .......... .......... .......... .......... 41% 9.82M 5s
[2024-12-05T22:55:23.519+0000] {subprocess.py:106} INFO -  13900K .......... .......... .......... .......... .......... 41% 13.4M 5s
[2024-12-05T22:55:23.519+0000] {subprocess.py:106} INFO -  13950K .......... .......... .......... .......... .......... 42% 10.9M 5s
[2024-12-05T22:55:23.520+0000] {subprocess.py:106} INFO -  14000K .......... .......... .......... .......... .......... 42% 23.5M 5s
[2024-12-05T22:55:23.521+0000] {subprocess.py:106} INFO -  14050K .......... .......... .......... .......... .......... 42%  205M 5s
[2024-12-05T22:55:23.522+0000] {subprocess.py:106} INFO -  14100K .......... .......... .......... .......... .......... 42% 1.58M 5s
[2024-12-05T22:55:23.522+0000] {subprocess.py:106} INFO -  14150K .......... .......... .......... .......... .......... 42% 10.5M 5s
[2024-12-05T22:55:23.523+0000] {subprocess.py:106} INFO -  14200K .......... .......... .......... .......... .......... 42% 17.4M 5s
[2024-12-05T22:55:23.523+0000] {subprocess.py:106} INFO -  14250K .......... .......... .......... .......... .......... 43% 13.9M 5s
[2024-12-05T22:55:23.523+0000] {subprocess.py:106} INFO -  14300K .......... .......... .......... .......... .......... 43% 10.7M 5s
[2024-12-05T22:55:23.524+0000] {subprocess.py:106} INFO -  14350K .......... .......... .......... .......... .......... 43% 92.0M 5s
[2024-12-05T22:55:23.526+0000] {subprocess.py:106} INFO -  14400K .......... .......... .......... .......... .......... 43% 7.03M 5s
[2024-12-05T22:55:23.526+0000] {subprocess.py:106} INFO -  14450K .......... .......... .......... .......... .......... 43% 45.1M 5s
[2024-12-05T22:55:23.526+0000] {subprocess.py:106} INFO -  14500K .......... .......... .......... .......... .......... 43% 57.3M 5s
[2024-12-05T22:55:23.527+0000] {subprocess.py:106} INFO -  14550K .......... .......... .......... .......... .......... 43% 30.3M 5s
[2024-12-05T22:55:23.528+0000] {subprocess.py:106} INFO -  14600K .......... .......... .......... .......... .......... 44% 75.6M 5s
[2024-12-05T22:55:23.529+0000] {subprocess.py:106} INFO -  14650K .......... .......... .......... .......... .......... 44% 74.5M 5s
[2024-12-05T22:55:23.529+0000] {subprocess.py:106} INFO -  14700K .......... .......... .......... .......... .......... 44% 9.95M 5s
[2024-12-05T22:55:23.530+0000] {subprocess.py:106} INFO -  14750K .......... .......... .......... .......... .......... 44% 49.4M 5s
[2024-12-05T22:55:23.531+0000] {subprocess.py:106} INFO -  14800K .......... .......... .......... .......... .......... 44% 14.5M 5s
[2024-12-05T22:55:23.532+0000] {subprocess.py:106} INFO -  14850K .......... .......... .......... .......... .......... 44% 7.05M 5s
[2024-12-05T22:55:23.534+0000] {subprocess.py:106} INFO -  14900K .......... .......... .......... .......... .......... 45% 2.97M 5s
[2024-12-05T22:55:23.534+0000] {subprocess.py:106} INFO -  14950K .......... .......... .......... .......... .......... 45% 63.4M 5s
[2024-12-05T22:55:23.535+0000] {subprocess.py:106} INFO -  15000K .......... .......... .......... .......... .......... 45%  141M 5s
[2024-12-05T22:55:23.536+0000] {subprocess.py:106} INFO -  15050K .......... .......... .......... .......... .......... 45% 29.8M 5s
[2024-12-05T22:55:23.537+0000] {subprocess.py:106} INFO -  15100K .......... .......... .......... .......... .......... 45% 54.9M 5s
[2024-12-05T22:55:23.538+0000] {subprocess.py:106} INFO -  15150K .......... .......... .......... .......... .......... 45% 17.9M 4s
[2024-12-05T22:55:23.538+0000] {subprocess.py:106} INFO -  15200K .......... .......... .......... .......... .......... 45% 23.2M 4s
[2024-12-05T22:55:23.540+0000] {subprocess.py:106} INFO -  15250K .......... .......... .......... .......... .......... 46% 38.6M 4s
[2024-12-05T22:55:23.540+0000] {subprocess.py:106} INFO -  15300K .......... .......... .......... .......... .......... 46% 52.1M 4s
[2024-12-05T22:55:23.542+0000] {subprocess.py:106} INFO -  15350K .......... .......... .......... .......... .......... 46% 68.4M 4s
[2024-12-05T22:55:23.543+0000] {subprocess.py:106} INFO -  15400K .......... .......... .......... .......... .......... 46% 14.5M 4s
[2024-12-05T22:55:23.545+0000] {subprocess.py:106} INFO -  15450K .......... .......... .......... .......... .......... 46% 23.0M 4s
[2024-12-05T22:55:23.546+0000] {subprocess.py:106} INFO -  15500K .......... .......... .......... .......... .......... 46% 4.95M 4s
[2024-12-05T22:55:23.549+0000] {subprocess.py:106} INFO -  15550K .......... .......... .......... .......... .......... 46% 4.64M 4s
[2024-12-05T22:55:23.552+0000] {subprocess.py:106} INFO -  15600K .......... .......... .......... .......... .......... 47% 16.5M 4s
[2024-12-05T22:55:23.554+0000] {subprocess.py:106} INFO -  15650K .......... .......... .......... .......... .......... 47%  101M 4s
[2024-12-05T22:55:23.556+0000] {subprocess.py:106} INFO -  15700K .......... .......... .......... .......... .......... 47% 98.7M 4s
[2024-12-05T22:55:23.558+0000] {subprocess.py:106} INFO -  15750K .......... .......... .......... .......... .......... 47% 27.5M 4s
[2024-12-05T22:55:23.559+0000] {subprocess.py:106} INFO -  15800K .......... .......... .......... .......... .......... 47% 59.4M 4s
[2024-12-05T22:55:23.559+0000] {subprocess.py:106} INFO -  15850K .......... .......... .......... .......... .......... 47% 6.03M 4s
[2024-12-05T22:55:23.559+0000] {subprocess.py:106} INFO -  15900K .......... .......... .......... .......... .......... 48%  108M 4s
[2024-12-05T22:55:23.559+0000] {subprocess.py:106} INFO -  15950K .......... .......... .......... .......... .......... 48% 3.69M 4s
[2024-12-05T22:55:23.562+0000] {subprocess.py:106} INFO -  16000K .......... .......... .......... .......... .......... 48% 17.8M 4s
[2024-12-05T22:55:23.563+0000] {subprocess.py:106} INFO -  16050K .......... .......... .......... .......... .......... 48% 52.0M 4s
[2024-12-05T22:55:23.567+0000] {subprocess.py:106} INFO -  16100K .......... .......... .......... .......... .......... 48% 3.93M 4s
[2024-12-05T22:55:23.570+0000] {subprocess.py:106} INFO -  16150K .......... .......... .......... .......... .......... 48%  171M 4s
[2024-12-05T22:55:23.571+0000] {subprocess.py:106} INFO -  16200K .......... .......... .......... .......... .......... 48%  179M 4s
[2024-12-05T22:55:23.590+0000] {subprocess.py:106} INFO -  16250K .......... .......... .......... .......... .......... 49% 56.8M 4s
[2024-12-05T22:55:23.595+0000] {subprocess.py:106} INFO -  16300K .......... .......... .......... .......... .......... 49%  121M 4s
[2024-12-05T22:55:23.609+0000] {subprocess.py:106} INFO -  16350K .......... .......... .......... .......... .......... 49%  174M 4s
[2024-12-05T22:55:23.613+0000] {subprocess.py:106} INFO -  16400K .......... .......... .......... .......... .......... 49%  194M 4s
[2024-12-05T22:55:23.614+0000] {subprocess.py:106} INFO -  16450K .......... .......... .......... .......... .......... 49% 19.7M 4s
[2024-12-05T22:55:23.617+0000] {subprocess.py:106} INFO -  16500K .......... .......... .......... .......... .......... 49%  185M 4s
[2024-12-05T22:55:23.617+0000] {subprocess.py:106} INFO -  16550K .......... .......... .......... .......... .......... 49%  183M 4s
[2024-12-05T22:55:23.617+0000] {subprocess.py:106} INFO -  16600K .......... .......... .......... .......... .......... 50% 90.8M 4s
[2024-12-05T22:55:23.618+0000] {subprocess.py:106} INFO -  16650K .......... .......... .......... .......... .......... 50% 33.7M 4s
[2024-12-05T22:55:23.618+0000] {subprocess.py:106} INFO -  16700K .......... .......... .......... .......... .......... 50%  217M 4s
[2024-12-05T22:55:23.620+0000] {subprocess.py:106} INFO -  16750K .......... .......... .......... .......... .......... 50%  177M 4s
[2024-12-05T22:55:23.630+0000] {subprocess.py:106} INFO -  16800K .......... .......... .......... .......... .......... 50%  152M 4s
[2024-12-05T22:55:23.692+0000] {subprocess.py:106} INFO -  16850K .......... .......... .......... .......... .......... 50%  168M 4s
[2024-12-05T22:55:23.701+0000] {subprocess.py:106} INFO -  16900K .......... .......... .......... .......... .......... 51%  196M 4s
[2024-12-05T22:55:23.710+0000] {subprocess.py:106} INFO -  16950K .......... .......... .......... .......... .......... 51% 14.4M 4s
[2024-12-05T22:55:23.725+0000] {subprocess.py:106} INFO -  17000K .......... .......... .......... .......... .......... 51%  193M 4s
[2024-12-05T22:55:23.727+0000] {subprocess.py:106} INFO -  17050K .......... .......... .......... .......... .......... 51%  189M 4s
[2024-12-05T22:55:23.729+0000] {subprocess.py:106} INFO -  17100K .......... .......... .......... .......... .......... 51%  193M 4s
[2024-12-05T22:55:23.730+0000] {subprocess.py:106} INFO -  17150K .......... .......... .......... .......... .......... 51% 22.5M 4s
[2024-12-05T22:55:23.731+0000] {subprocess.py:106} INFO -  17200K .......... .......... .......... .......... .......... 51% 1.26M 4s
[2024-12-05T22:55:23.731+0000] {subprocess.py:106} INFO -  17250K .......... .......... .......... .......... .......... 52% 2.51M 4s
[2024-12-05T22:55:23.734+0000] {subprocess.py:106} INFO -  17300K .......... .......... .......... .......... .......... 52%  206M 4s
[2024-12-05T22:55:23.735+0000] {subprocess.py:106} INFO -  17350K .......... .......... .......... .......... .......... 52%  229M 4s
[2024-12-05T22:55:23.738+0000] {subprocess.py:106} INFO -  17400K .......... .......... .......... .......... .......... 52%  242M 4s
[2024-12-05T22:55:23.740+0000] {subprocess.py:106} INFO -  17450K .......... .......... .......... .......... .......... 52%  296M 4s
[2024-12-05T22:55:23.759+0000] {subprocess.py:106} INFO -  17500K .......... .......... .......... .......... .......... 52%  274M 4s
[2024-12-05T22:55:23.771+0000] {subprocess.py:106} INFO -  17550K .......... .......... .......... .......... .......... 52% 1.16M 4s
[2024-12-05T22:55:23.780+0000] {subprocess.py:106} INFO -  17600K .......... .......... .......... .......... .......... 53%  151M 4s
[2024-12-05T22:55:23.785+0000] {subprocess.py:106} INFO -  17650K .......... .......... .......... .......... .......... 53%  198M 3s
[2024-12-05T22:55:23.789+0000] {subprocess.py:106} INFO -  17700K .......... .......... .......... .......... .......... 53% 42.0M 3s
[2024-12-05T22:55:23.800+0000] {subprocess.py:106} INFO -  17750K .......... .......... .......... .......... .......... 53% 21.3M 3s
[2024-12-05T22:55:23.802+0000] {subprocess.py:106} INFO -  17800K .......... .......... .......... .......... .......... 53%  104M 3s
[2024-12-05T22:55:23.814+0000] {subprocess.py:106} INFO -  17850K .......... .......... .......... .......... .......... 53%  164M 3s
[2024-12-05T22:55:23.824+0000] {subprocess.py:106} INFO -  17900K .......... .......... .......... .......... .......... 54%  169M 3s
[2024-12-05T22:55:23.834+0000] {subprocess.py:106} INFO -  17950K .......... .......... .......... .......... .......... 54%  243M 3s
[2024-12-05T22:55:23.835+0000] {subprocess.py:106} INFO -  18000K .......... .......... .......... .......... .......... 54%  169M 3s
[2024-12-05T22:55:23.868+0000] {subprocess.py:106} INFO -  18050K .......... .......... .......... .......... .......... 54%  235M 3s
[2024-12-05T22:55:23.894+0000] {subprocess.py:106} INFO -  18100K .......... .......... .......... .......... .......... 54% 77.1M 3s
[2024-12-05T22:55:23.944+0000] {subprocess.py:106} INFO -  18150K .......... .......... .......... .......... .......... 54% 6.51M 3s
[2024-12-05T22:55:23.948+0000] {subprocess.py:106} INFO -  18200K .......... .......... .......... .......... .......... 54% 71.4M 3s
[2024-12-05T22:55:23.962+0000] {subprocess.py:106} INFO -  18250K .......... .......... .......... .......... .......... 55%  153M 3s
[2024-12-05T22:55:23.970+0000] {subprocess.py:106} INFO -  18300K .......... .......... .......... .......... .......... 55%  244M 3s
[2024-12-05T22:55:23.980+0000] {subprocess.py:106} INFO -  18350K .......... .......... .......... .......... .......... 55%  195M 3s
[2024-12-05T22:55:23.996+0000] {subprocess.py:106} INFO -  18400K .......... .......... .......... .......... .......... 55%  177M 3s
[2024-12-05T22:55:24.016+0000] {subprocess.py:106} INFO -  18450K .......... .......... .......... .......... .......... 55% 63.3M 3s
[2024-12-05T22:55:24.018+0000] {subprocess.py:106} INFO -  18500K .......... .......... .......... .......... .......... 55%  237M 3s
[2024-12-05T22:55:24.019+0000] {subprocess.py:106} INFO -  18550K .......... .......... .......... .......... .......... 55%  246M 3s
[2024-12-05T22:55:24.023+0000] {subprocess.py:106} INFO -  18600K .......... .......... .......... .......... .......... 56%  171M 3s
[2024-12-05T22:55:24.023+0000] {subprocess.py:106} INFO -  18650K .......... .......... .......... .......... .......... 56%  280M 3s
[2024-12-05T22:55:24.024+0000] {subprocess.py:106} INFO -  18700K .......... .......... .......... .......... .......... 56% 6.04M 3s
[2024-12-05T22:55:24.024+0000] {subprocess.py:106} INFO -  18750K .......... .......... .......... .......... .......... 56%  257M 3s
[2024-12-05T22:55:24.026+0000] {subprocess.py:106} INFO -  18800K .......... .......... .......... .......... .......... 56%  210M 3s
[2024-12-05T22:55:24.037+0000] {subprocess.py:106} INFO -  18850K .......... .......... .......... .......... .......... 56%  288M 3s
[2024-12-05T22:55:24.042+0000] {subprocess.py:106} INFO -  18900K .......... .......... .......... .......... .......... 57%  176M 3s
[2024-12-05T22:55:24.044+0000] {subprocess.py:106} INFO -  18950K .......... .......... .......... .......... .......... 57%  190M 3s
[2024-12-05T22:55:24.052+0000] {subprocess.py:106} INFO -  19000K .......... .......... .......... .......... .......... 57%  173M 3s
[2024-12-05T22:55:24.054+0000] {subprocess.py:106} INFO -  19050K .......... .......... .......... .......... .......... 57% 55.2M 3s
[2024-12-05T22:55:24.054+0000] {subprocess.py:106} INFO -  19100K .......... .......... .......... .......... .......... 57%  249M 3s
[2024-12-05T22:55:24.058+0000] {subprocess.py:106} INFO -  19150K .......... .......... .......... .......... .......... 57% 30.5M 3s
[2024-12-05T22:55:24.061+0000] {subprocess.py:106} INFO -  19200K .......... .......... .......... .......... .......... 57% 60.0M 3s
[2024-12-05T22:55:24.062+0000] {subprocess.py:106} INFO -  19250K .......... .......... .......... .......... .......... 58%  148M 3s
[2024-12-05T22:55:24.070+0000] {subprocess.py:106} INFO -  19300K .......... .......... .......... .......... .......... 58%  157M 3s
[2024-12-05T22:55:24.075+0000] {subprocess.py:106} INFO -  19350K .......... .......... .......... .......... .......... 58%  183M 3s
[2024-12-05T22:55:24.075+0000] {subprocess.py:106} INFO -  19400K .......... .......... .......... .......... .......... 58%  226M 3s
[2024-12-05T22:55:24.076+0000] {subprocess.py:106} INFO -  19450K .......... .......... .......... .......... .......... 58%  213M 3s
[2024-12-05T22:55:24.077+0000] {subprocess.py:106} INFO -  19500K .......... .......... .......... .......... .......... 58%  233M 3s
[2024-12-05T22:55:24.077+0000] {subprocess.py:106} INFO -  19550K .......... .......... .......... .......... .......... 58% 29.3M 3s
[2024-12-05T22:55:24.077+0000] {subprocess.py:106} INFO -  19600K .......... .......... .......... .......... .......... 59%  253M 3s
[2024-12-05T22:55:24.077+0000] {subprocess.py:106} INFO -  19650K .......... .......... .......... .......... .......... 59%  211M 3s
[2024-12-05T22:55:24.078+0000] {subprocess.py:106} INFO -  19700K .......... .......... .......... .......... .......... 59% 24.8M 3s
[2024-12-05T22:55:24.078+0000] {subprocess.py:106} INFO -  19750K .......... .......... .......... .......... .......... 59% 62.8M 3s
[2024-12-05T22:55:24.079+0000] {subprocess.py:106} INFO -  19800K .......... .......... .......... .......... .......... 59% 29.7M 3s
[2024-12-05T22:55:24.079+0000] {subprocess.py:106} INFO -  19850K .......... .......... .......... .......... .......... 59% 17.2M 3s
[2024-12-05T22:55:24.080+0000] {subprocess.py:106} INFO -  19900K .......... .......... .......... .......... .......... 60% 33.0M 3s
[2024-12-05T22:55:24.080+0000] {subprocess.py:106} INFO -  19950K .......... .......... .......... .......... .......... 60% 18.4M 3s
[2024-12-05T22:55:24.082+0000] {subprocess.py:106} INFO -  20000K .......... .......... .......... .......... .......... 60% 13.2M 3s
[2024-12-05T22:55:24.082+0000] {subprocess.py:106} INFO -  20050K .......... .......... .......... .......... .......... 60% 99.3M 3s
[2024-12-05T22:55:24.083+0000] {subprocess.py:106} INFO -  20100K .......... .......... .......... .......... .......... 60%  101M 3s
[2024-12-05T22:55:24.095+0000] {subprocess.py:106} INFO -  20150K .......... .......... .......... .......... .......... 60% 18.8M 3s
[2024-12-05T22:55:24.095+0000] {subprocess.py:106} INFO -  20200K .......... .......... .......... .......... .......... 60% 9.25M 3s
[2024-12-05T22:55:24.096+0000] {subprocess.py:106} INFO -  20250K .......... .......... .......... .......... .......... 61% 78.2M 3s
[2024-12-05T22:55:24.096+0000] {subprocess.py:106} INFO -  20300K .......... .......... .......... .......... .......... 61% 97.7M 3s
[2024-12-05T22:55:24.097+0000] {subprocess.py:106} INFO -  20350K .......... .......... .......... .......... .......... 61% 22.1M 3s
[2024-12-05T22:55:24.097+0000] {subprocess.py:106} INFO -  20400K .......... .......... .......... .......... .......... 61% 24.2M 3s
[2024-12-05T22:55:24.097+0000] {subprocess.py:106} INFO -  20450K .......... .......... .......... .......... .......... 61% 22.1M 3s
[2024-12-05T22:55:24.097+0000] {subprocess.py:106} INFO -  20500K .......... .......... .......... .......... .......... 61% 9.10M 2s
[2024-12-05T22:55:24.098+0000] {subprocess.py:106} INFO -  20550K .......... .......... .......... .......... .......... 62% 16.5M 2s
[2024-12-05T22:55:24.098+0000] {subprocess.py:106} INFO -  20600K .......... .......... .......... .......... .......... 62% 12.1M 2s
[2024-12-05T22:55:24.098+0000] {subprocess.py:106} INFO -  20650K .......... .......... .......... .......... .......... 62% 12.3M 2s
[2024-12-05T22:55:24.099+0000] {subprocess.py:106} INFO -  20700K .......... .......... .......... .......... .......... 62% 5.32M 2s
[2024-12-05T22:55:24.100+0000] {subprocess.py:106} INFO -  20750K .......... .......... .......... .......... .......... 62% 65.9M 2s
[2024-12-05T22:55:24.114+0000] {subprocess.py:106} INFO -  20800K .......... .......... .......... .......... .......... 62% 9.01M 2s
[2024-12-05T22:55:24.146+0000] {subprocess.py:106} INFO -  20850K .......... .......... .......... .......... .......... 62% 8.85M 2s
[2024-12-05T22:55:24.211+0000] {subprocess.py:106} INFO -  20900K .......... .......... .......... .......... .......... 63% 89.2M 2s
[2024-12-05T22:55:24.215+0000] {subprocess.py:106} INFO -  20950K .......... .......... .......... .......... .......... 63%  131M 2s
[2024-12-05T22:55:24.218+0000] {subprocess.py:106} INFO -  21000K .......... .......... .......... .......... .......... 63% 9.93M 2s
[2024-12-05T22:55:24.220+0000] {subprocess.py:106} INFO -  21050K .......... .......... .......... .......... .......... 63% 14.1M 2s
[2024-12-05T22:55:24.230+0000] {subprocess.py:106} INFO -  21100K .......... .......... .......... .......... .......... 63%  174M 2s
[2024-12-05T22:55:24.234+0000] {subprocess.py:106} INFO -  21150K .......... .......... .......... .......... .......... 63%  264M 2s
[2024-12-05T22:55:24.357+0000] {subprocess.py:106} INFO -  21200K .......... .......... .......... .......... .......... 63%  147M 2s
[2024-12-05T22:55:24.394+0000] {subprocess.py:106} INFO -  21250K .......... .......... .......... .......... .......... 64% 49.1M 2s
[2024-12-05T22:55:24.412+0000] {subprocess.py:106} INFO -  21300K .......... .......... .......... .......... .......... 64% 11.9M 2s
[2024-12-05T22:55:24.504+0000] {subprocess.py:106} INFO -  21350K .......... .......... .......... .......... .......... 64% 23.1M 2s
[2024-12-05T22:55:24.510+0000] {subprocess.py:106} INFO -  21400K .......... .......... .......... .......... .......... 64%  211M 2s
[2024-12-05T22:55:24.512+0000] {subprocess.py:106} INFO -  21450K .......... .......... .......... .......... .......... 64%  109M 2s
[2024-12-05T22:55:24.514+0000] {subprocess.py:106} INFO -  21500K .......... .......... .......... .......... .......... 64%  197M 2s
[2024-12-05T22:55:24.516+0000] {subprocess.py:106} INFO -  21550K .......... .......... .......... .......... .......... 65% 9.08M 2s
[2024-12-05T22:55:24.527+0000] {subprocess.py:106} INFO -  21600K .......... .......... .......... .......... .......... 65%  123M 2s
[2024-12-05T22:55:24.563+0000] {subprocess.py:106} INFO -  21650K .......... .......... .......... .......... .......... 65% 31.3M 2s
[2024-12-05T22:55:24.570+0000] {subprocess.py:106} INFO -  21700K .......... .......... .......... .......... .......... 65% 15.7M 2s
[2024-12-05T22:55:24.587+0000] {subprocess.py:106} INFO -  21750K .......... .......... .......... .......... .......... 65% 28.2M 2s
[2024-12-05T22:55:24.601+0000] {subprocess.py:106} INFO -  21800K .......... .......... .......... .......... .......... 65% 17.8M 2s
[2024-12-05T22:55:24.625+0000] {subprocess.py:106} INFO -  21850K .......... .......... .......... .......... .......... 65% 18.5M 2s
[2024-12-05T22:55:24.650+0000] {subprocess.py:106} INFO -  21900K .......... .......... .......... .......... .......... 66% 27.2M 2s
[2024-12-05T22:55:24.658+0000] {subprocess.py:106} INFO -  21950K .......... .......... .......... .......... .......... 66% 15.3M 2s
[2024-12-05T22:55:24.666+0000] {subprocess.py:106} INFO -  22000K .......... .......... .......... .......... .......... 66% 17.8M 2s
[2024-12-05T22:55:24.667+0000] {subprocess.py:106} INFO -  22050K .......... .......... .......... .......... .......... 66% 18.2M 2s
[2024-12-05T22:55:24.669+0000] {subprocess.py:106} INFO -  22100K .......... .......... .......... .......... .......... 66% 8.02M 2s
[2024-12-05T22:55:24.671+0000] {subprocess.py:106} INFO -  22150K .......... .......... .......... .......... .......... 66% 16.8M 2s
[2024-12-05T22:55:24.672+0000] {subprocess.py:106} INFO -  22200K .......... .......... .......... .......... .......... 66% 25.8M 2s
[2024-12-05T22:55:24.673+0000] {subprocess.py:106} INFO -  22250K .......... .......... .......... .......... .......... 67% 10.2M 2s
[2024-12-05T22:55:24.677+0000] {subprocess.py:106} INFO -  22300K .......... .......... .......... .......... .......... 67% 18.5M 2s
[2024-12-05T22:55:24.687+0000] {subprocess.py:106} INFO -  22350K .......... .......... .......... .......... .......... 67%  147M 2s
[2024-12-05T22:55:24.689+0000] {subprocess.py:106} INFO -  22400K .......... .......... .......... .......... .......... 67%  159M 2s
[2024-12-05T22:55:24.691+0000] {subprocess.py:106} INFO -  22450K .......... .......... .......... .......... .......... 67% 81.6M 2s
[2024-12-05T22:55:24.692+0000] {subprocess.py:106} INFO -  22500K .......... .......... .......... .......... .......... 67% 30.2M 2s
[2024-12-05T22:55:24.692+0000] {subprocess.py:106} INFO -  22550K .......... .......... .......... .......... .......... 68% 33.7M 2s
[2024-12-05T22:55:24.693+0000] {subprocess.py:106} INFO -  22600K .......... .......... .......... .......... .......... 68% 14.0M 2s
[2024-12-05T22:55:24.694+0000] {subprocess.py:106} INFO -  22650K .......... .......... .......... .......... .......... 68% 53.9M 2s
[2024-12-05T22:55:24.698+0000] {subprocess.py:106} INFO -  22700K .......... .......... .......... .......... .......... 68% 25.7M 2s
[2024-12-05T22:55:24.699+0000] {subprocess.py:106} INFO -  22750K .......... .......... .......... .......... .......... 68% 14.2M 2s
[2024-12-05T22:55:24.700+0000] {subprocess.py:106} INFO -  22800K .......... .......... .......... .......... .......... 68% 14.7M 2s
[2024-12-05T22:55:24.701+0000] {subprocess.py:106} INFO -  22850K .......... .......... .......... .......... .......... 68% 48.3M 2s
[2024-12-05T22:55:24.702+0000] {subprocess.py:106} INFO -  22900K .......... .......... .......... .......... .......... 69% 34.6M 2s
[2024-12-05T22:55:24.707+0000] {subprocess.py:106} INFO -  22950K .......... .......... .......... .......... .......... 69% 28.7M 2s
[2024-12-05T22:55:24.708+0000] {subprocess.py:106} INFO -  23000K .......... .......... .......... .......... .......... 69% 17.5M 2s
[2024-12-05T22:55:24.709+0000] {subprocess.py:106} INFO -  23050K .......... .......... .......... .......... .......... 69% 24.7M 2s
[2024-12-05T22:55:24.709+0000] {subprocess.py:106} INFO -  23100K .......... .......... .......... .......... .......... 69% 20.0M 2s
[2024-12-05T22:55:24.710+0000] {subprocess.py:106} INFO -  23150K .......... .......... .......... .......... .......... 69% 18.5M 2s
[2024-12-05T22:55:24.712+0000] {subprocess.py:106} INFO -  23200K .......... .......... .......... .......... .......... 69% 42.6M 2s
[2024-12-05T22:55:24.712+0000] {subprocess.py:106} INFO -  23250K .......... .......... .......... .......... .......... 70% 28.5M 2s
[2024-12-05T22:55:24.712+0000] {subprocess.py:106} INFO -  23300K .......... .......... .......... .......... .......... 70% 18.7M 2s
[2024-12-05T22:55:24.716+0000] {subprocess.py:106} INFO -  23350K .......... .......... .......... .......... .......... 70% 17.1M 2s
[2024-12-05T22:55:24.717+0000] {subprocess.py:106} INFO -  23400K .......... .......... .......... .......... .......... 70% 39.1M 2s
[2024-12-05T22:55:24.718+0000] {subprocess.py:106} INFO -  23450K .......... .......... .......... .......... .......... 70% 16.6M 2s
[2024-12-05T22:55:24.718+0000] {subprocess.py:106} INFO -  23500K .......... .......... .......... .......... .......... 70% 13.8M 2s
[2024-12-05T22:55:24.718+0000] {subprocess.py:106} INFO -  23550K .......... .......... .......... .......... .......... 71% 12.3M 2s
[2024-12-05T22:55:24.719+0000] {subprocess.py:106} INFO -  23600K .......... .......... .......... .......... .......... 71% 21.1M 2s
[2024-12-05T22:55:24.720+0000] {subprocess.py:106} INFO -  23650K .......... .......... .......... .......... .......... 71% 64.1M 2s
[2024-12-05T22:55:24.722+0000] {subprocess.py:106} INFO -  23700K .......... .......... .......... .......... .......... 71% 16.3M 2s
[2024-12-05T22:55:24.727+0000] {subprocess.py:106} INFO -  23750K .......... .......... .......... .......... .......... 71% 45.1M 2s
[2024-12-05T22:55:24.728+0000] {subprocess.py:106} INFO -  23800K .......... .......... .......... .......... .......... 71% 26.6M 2s
[2024-12-05T22:55:24.729+0000] {subprocess.py:106} INFO -  23850K .......... .......... .......... .......... .......... 71% 45.8M 2s
[2024-12-05T22:55:24.729+0000] {subprocess.py:106} INFO -  23900K .......... .......... .......... .......... .......... 72% 30.2M 2s
[2024-12-05T22:55:24.730+0000] {subprocess.py:106} INFO -  23950K .......... .......... .......... .......... .......... 72% 18.2M 2s
[2024-12-05T22:55:24.730+0000] {subprocess.py:106} INFO -  24000K .......... .......... .......... .......... .......... 72% 13.8M 2s
[2024-12-05T22:55:24.731+0000] {subprocess.py:106} INFO -  24050K .......... .......... .......... .......... .......... 72% 78.3M 2s
[2024-12-05T22:55:24.734+0000] {subprocess.py:106} INFO -  24100K .......... .......... .......... .......... .......... 72% 7.61M 2s
[2024-12-05T22:55:24.734+0000] {subprocess.py:106} INFO -  24150K .......... .......... .......... .......... .......... 72% 41.9M 2s
[2024-12-05T22:55:24.739+0000] {subprocess.py:106} INFO -  24200K .......... .......... .......... .......... .......... 72%  214M 2s
[2024-12-05T22:55:24.740+0000] {subprocess.py:106} INFO -  24250K .......... .......... .......... .......... .......... 73%  167M 2s
[2024-12-05T22:55:24.741+0000] {subprocess.py:106} INFO -  24300K .......... .......... .......... .......... .......... 73% 8.95M 2s
[2024-12-05T22:55:24.741+0000] {subprocess.py:106} INFO -  24350K .......... .......... .......... .......... .......... 73% 3.33M 2s
[2024-12-05T22:55:24.742+0000] {subprocess.py:106} INFO -  24400K .......... .......... .......... .......... .......... 73% 14.9M 2s
[2024-12-05T22:55:24.742+0000] {subprocess.py:106} INFO -  24450K .......... .......... .......... .......... .......... 73% 21.9M 2s
[2024-12-05T22:55:24.743+0000] {subprocess.py:106} INFO -  24500K .......... .......... .......... .......... .......... 73% 36.4M 1s
[2024-12-05T22:55:24.743+0000] {subprocess.py:106} INFO -  24550K .......... .......... .......... .......... .......... 74% 16.4M 1s
[2024-12-05T22:55:24.744+0000] {subprocess.py:106} INFO -  24600K .......... .......... .......... .......... .......... 74%  156M 1s
[2024-12-05T22:55:24.746+0000] {subprocess.py:106} INFO -  24650K .......... .......... .......... .......... .......... 74% 81.6M 1s
[2024-12-05T22:55:24.749+0000] {subprocess.py:106} INFO -  24700K .......... .......... .......... .......... .......... 74% 33.6M 1s
[2024-12-05T22:55:24.750+0000] {subprocess.py:106} INFO -  24750K .......... .......... .......... .......... .......... 74% 94.7M 1s
[2024-12-05T22:55:24.751+0000] {subprocess.py:106} INFO -  24800K .......... .......... .......... .......... .......... 74%  157M 1s
[2024-12-05T22:55:24.752+0000] {subprocess.py:106} INFO -  24850K .......... .......... .......... .......... .......... 74%  163M 1s
[2024-12-05T22:55:24.752+0000] {subprocess.py:106} INFO -  24900K .......... .......... .......... .......... .......... 75%  118M 1s
[2024-12-05T22:55:24.753+0000] {subprocess.py:106} INFO -  24950K .......... .......... .......... .......... .......... 75% 94.2M 1s
[2024-12-05T22:55:24.755+0000] {subprocess.py:106} INFO -  25000K .......... .......... .......... .......... .......... 75% 81.7M 1s
[2024-12-05T22:55:24.756+0000] {subprocess.py:106} INFO -  25050K .......... .......... .......... .......... .......... 75%  215M 1s
[2024-12-05T22:55:24.759+0000] {subprocess.py:106} INFO -  25100K .......... .......... .......... .......... .......... 75%  186M 1s
[2024-12-05T22:55:24.760+0000] {subprocess.py:106} INFO -  25150K .......... .......... .......... .......... .......... 75% 23.4M 1s
[2024-12-05T22:55:24.760+0000] {subprocess.py:106} INFO -  25200K .......... .......... .......... .......... .......... 76% 77.5M 1s
[2024-12-05T22:55:24.761+0000] {subprocess.py:106} INFO -  25250K .......... .......... .......... .......... .......... 76%  192M 1s
[2024-12-05T22:55:24.761+0000] {subprocess.py:106} INFO -  25300K .......... .......... .......... .......... .......... 76% 81.7M 1s
[2024-12-05T22:55:24.762+0000] {subprocess.py:106} INFO -  25350K .......... .......... .......... .......... .......... 76% 23.1M 1s
[2024-12-05T22:55:24.763+0000] {subprocess.py:106} INFO -  25400K .......... .......... .......... .......... .......... 76% 37.0M 1s
[2024-12-05T22:55:24.764+0000] {subprocess.py:106} INFO -  25450K .......... .......... .......... .......... .......... 76% 13.7M 1s
[2024-12-05T22:55:24.767+0000] {subprocess.py:106} INFO -  25500K .......... .......... .......... .......... .......... 76% 26.2M 1s
[2024-12-05T22:55:24.767+0000] {subprocess.py:106} INFO -  25550K .......... .......... .......... .......... .......... 77% 6.24M 1s
[2024-12-05T22:55:24.767+0000] {subprocess.py:106} INFO -  25600K .......... .......... .......... .......... .......... 77% 24.7M 1s
[2024-12-05T22:55:24.768+0000] {subprocess.py:106} INFO -  25650K .......... .......... .......... .......... .......... 77% 20.3M 1s
[2024-12-05T22:55:24.768+0000] {subprocess.py:106} INFO -  25700K .......... .......... .......... .......... .......... 77% 43.1M 1s
[2024-12-05T22:55:24.769+0000] {subprocess.py:106} INFO -  25750K .......... .......... .......... .......... .......... 77%  932K 1s
[2024-12-05T22:55:24.769+0000] {subprocess.py:106} INFO -  25800K .......... .......... .......... .......... .......... 77% 12.2M 1s
[2024-12-05T22:55:24.770+0000] {subprocess.py:106} INFO -  25850K .......... .......... .......... .......... .......... 77% 28.4M 1s
[2024-12-05T22:55:24.770+0000] {subprocess.py:106} INFO -  25900K .......... .......... .......... .......... .......... 78%  174M 1s
[2024-12-05T22:55:24.770+0000] {subprocess.py:106} INFO -  25950K .......... .......... .......... .......... .......... 78%  216M 1s
[2024-12-05T22:55:24.770+0000] {subprocess.py:106} INFO -  26000K .......... .......... .......... .......... .......... 78%  195M 1s
[2024-12-05T22:55:24.771+0000] {subprocess.py:106} INFO -  26050K .......... .......... .......... .......... .......... 78% 94.1M 1s
[2024-12-05T22:55:24.771+0000] {subprocess.py:106} INFO -  26100K .......... .......... .......... .......... .......... 78% 23.5M 1s
[2024-12-05T22:55:24.771+0000] {subprocess.py:106} INFO -  26150K .......... .......... .......... .......... .......... 78%  242M 1s
[2024-12-05T22:55:24.771+0000] {subprocess.py:106} INFO -  26200K .......... .......... .......... .......... .......... 79% 15.3M 1s
[2024-12-05T22:55:24.772+0000] {subprocess.py:106} INFO -  26250K .......... .......... .......... .......... .......... 79%  190M 1s
[2024-12-05T22:55:24.772+0000] {subprocess.py:106} INFO -  26300K .......... .......... .......... .......... .......... 79%  186M 1s
[2024-12-05T22:55:24.772+0000] {subprocess.py:106} INFO -  26350K .......... .......... .......... .......... .......... 79%  248M 1s
[2024-12-05T22:55:24.774+0000] {subprocess.py:106} INFO -  26400K .......... .......... .......... .......... .......... 79%  265M 1s
[2024-12-05T22:55:24.775+0000] {subprocess.py:106} INFO -  26450K .......... .......... .......... .......... .......... 79% 17.0M 1s
[2024-12-05T22:55:24.775+0000] {subprocess.py:106} INFO -  26500K .......... .......... .......... .......... .......... 79% 46.2M 1s
[2024-12-05T22:55:24.775+0000] {subprocess.py:106} INFO -  26550K .......... .......... .......... .......... .......... 80%  213M 1s
[2024-12-05T22:55:24.781+0000] {subprocess.py:106} INFO -  26600K .......... .......... .......... .......... .......... 80%  203M 1s
[2024-12-05T22:55:24.785+0000] {subprocess.py:106} INFO -  26650K .......... .......... .......... .......... .......... 80%  242M 1s
[2024-12-05T22:55:24.786+0000] {subprocess.py:106} INFO -  26700K .......... .......... .......... .......... .......... 80% 56.3M 1s
[2024-12-05T22:55:24.788+0000] {subprocess.py:106} INFO -  26750K .......... .......... .......... .......... .......... 80%  164M 1s
[2024-12-05T22:55:24.792+0000] {subprocess.py:106} INFO -  26800K .......... .......... .......... .......... .......... 80% 92.4M 1s
[2024-12-05T22:55:24.792+0000] {subprocess.py:106} INFO -  26850K .......... .......... .......... .......... .......... 80% 26.4M 1s
[2024-12-05T22:55:24.793+0000] {subprocess.py:106} INFO -  26900K .......... .......... .......... .......... .......... 81%  185M 1s
[2024-12-05T22:55:24.794+0000] {subprocess.py:106} INFO -  26950K .......... .......... .......... .......... .......... 81%  238M 1s
[2024-12-05T22:55:24.800+0000] {subprocess.py:106} INFO -  27000K .......... .......... .......... .......... .......... 81%  139M 1s
[2024-12-05T22:55:24.801+0000] {subprocess.py:106} INFO -  27050K .......... .......... .......... .......... .......... 81%  290M 1s
[2024-12-05T22:55:24.806+0000] {subprocess.py:106} INFO -  27100K .......... .......... .......... .......... .......... 81%  193M 1s
[2024-12-05T22:55:24.807+0000] {subprocess.py:106} INFO -  27150K .......... .......... .......... .......... .......... 81% 47.5M 1s
[2024-12-05T22:55:24.808+0000] {subprocess.py:106} INFO -  27200K .......... .......... .......... .......... .......... 82% 23.6M 1s
[2024-12-05T22:55:24.811+0000] {subprocess.py:106} INFO -  27250K .......... .......... .......... .......... .......... 82%  115M 1s
[2024-12-05T22:55:24.812+0000] {subprocess.py:106} INFO -  27300K .......... .......... .......... .......... .......... 82% 51.9M 1s
[2024-12-05T22:55:24.813+0000] {subprocess.py:106} INFO -  27350K .......... .......... .......... .......... .......... 82%  119M 1s
[2024-12-05T22:55:24.813+0000] {subprocess.py:106} INFO -  27400K .......... .......... .......... .......... .......... 82%  178M 1s
[2024-12-05T22:55:24.814+0000] {subprocess.py:106} INFO -  27450K .......... .......... .......... .......... .......... 82%  123M 1s
[2024-12-05T22:55:24.816+0000] {subprocess.py:106} INFO -  27500K .......... .......... .......... .......... .......... 82%  159M 1s
[2024-12-05T22:55:24.817+0000] {subprocess.py:106} INFO -  27550K .......... .......... .......... .......... .......... 83% 27.0M 1s
[2024-12-05T22:55:24.821+0000] {subprocess.py:106} INFO -  27600K .......... .......... .......... .......... .......... 83%  149M 1s
[2024-12-05T22:55:24.822+0000] {subprocess.py:106} INFO -  27650K .......... .......... .......... .......... .......... 83% 32.5M 1s
[2024-12-05T22:55:24.824+0000] {subprocess.py:106} INFO -  27700K .......... .......... .......... .......... .......... 83%  144M 1s
[2024-12-05T22:55:24.825+0000] {subprocess.py:106} INFO -  27750K .......... .......... .......... .......... .......... 83% 75.3M 1s
[2024-12-05T22:55:24.825+0000] {subprocess.py:106} INFO -  27800K .......... .......... .......... .......... .......... 83% 42.2M 1s
[2024-12-05T22:55:24.826+0000] {subprocess.py:106} INFO -  27850K .......... .......... .......... .......... .......... 83% 69.9M 1s
[2024-12-05T22:55:24.830+0000] {subprocess.py:106} INFO -  27900K .......... .......... .......... .......... .......... 84%  218M 1s
[2024-12-05T22:55:24.831+0000] {subprocess.py:106} INFO -  27950K .......... .......... .......... .......... .......... 84%  246M 1s
[2024-12-05T22:55:24.832+0000] {subprocess.py:106} INFO -  28000K .......... .......... .......... .......... .......... 84%  205M 1s
[2024-12-05T22:55:24.833+0000] {subprocess.py:106} INFO -  28050K .......... .......... .......... .......... .......... 84%  134M 1s
[2024-12-05T22:55:24.834+0000] {subprocess.py:106} INFO -  28100K .......... .......... .......... .......... .......... 84%  231M 1s
[2024-12-05T22:55:24.834+0000] {subprocess.py:106} INFO -  28150K .......... .......... .......... .......... .......... 84%  203M 1s
[2024-12-05T22:55:24.834+0000] {subprocess.py:106} INFO -  28200K .......... .......... .......... .......... .......... 85%  125M 1s
[2024-12-05T22:55:24.835+0000] {subprocess.py:106} INFO -  28250K .......... .......... .......... .......... .......... 85%  211M 1s
[2024-12-05T22:55:24.838+0000] {subprocess.py:106} INFO -  28300K .......... .......... .......... .......... .......... 85%  258M 1s
[2024-12-05T22:55:24.841+0000] {subprocess.py:106} INFO -  28350K .......... .......... .......... .......... .......... 85% 19.9M 1s
[2024-12-05T22:55:24.842+0000] {subprocess.py:106} INFO -  28400K .......... .......... .......... .......... .......... 85% 56.0M 1s
[2024-12-05T22:55:24.842+0000] {subprocess.py:106} INFO -  28450K .......... .......... .......... .......... .......... 85% 20.8M 1s
[2024-12-05T22:55:24.842+0000] {subprocess.py:106} INFO -  28500K .......... .......... .......... .......... .......... 85% 45.4M 1s
[2024-12-05T22:55:24.843+0000] {subprocess.py:106} INFO -  28550K .......... .......... .......... .......... .......... 86% 12.9M 1s
[2024-12-05T22:55:24.844+0000] {subprocess.py:106} INFO -  28600K .......... .......... .......... .......... .......... 86%  115M 1s
[2024-12-05T22:55:24.844+0000] {subprocess.py:106} INFO -  28650K .......... .......... .......... .......... .......... 86% 26.1M 1s
[2024-12-05T22:55:24.846+0000] {subprocess.py:106} INFO -  28700K .......... .......... .......... .......... .......... 86% 25.9M 1s
[2024-12-05T22:55:24.847+0000] {subprocess.py:106} INFO -  28750K .......... .......... .......... .......... .......... 86% 32.9M 1s
[2024-12-05T22:55:24.850+0000] {subprocess.py:106} INFO -  28800K .......... .......... .......... .......... .......... 86% 1.36M 1s
[2024-12-05T22:55:24.851+0000] {subprocess.py:106} INFO -  28850K .......... .......... .......... .......... .......... 86% 7.74M 1s
[2024-12-05T22:55:24.852+0000] {subprocess.py:106} INFO -  28900K .......... .......... .......... .......... .......... 87% 16.4M 1s
[2024-12-05T22:55:24.852+0000] {subprocess.py:106} INFO -  28950K .......... .......... .......... .......... .......... 87% 86.5M 1s
[2024-12-05T22:55:24.853+0000] {subprocess.py:106} INFO -  29000K .......... .......... .......... .......... .......... 87%  113M 1s
[2024-12-05T22:55:24.853+0000] {subprocess.py:106} INFO -  29050K .......... .......... .......... .......... .......... 87%  268M 1s
[2024-12-05T22:55:24.854+0000] {subprocess.py:106} INFO -  29100K .......... .......... .......... .......... .......... 87%  224M 1s
[2024-12-05T22:55:24.854+0000] {subprocess.py:106} INFO -  29150K .......... .......... .......... .......... .......... 87%  232M 1s
[2024-12-05T22:55:24.854+0000] {subprocess.py:106} INFO -  29200K .......... .......... .......... .......... .......... 88% 14.1M 1s
[2024-12-05T22:55:24.855+0000] {subprocess.py:106} INFO -  29250K .......... .......... .......... .......... .......... 88% 97.0M 1s
[2024-12-05T22:55:24.855+0000] {subprocess.py:106} INFO -  29300K .......... .......... .......... .......... .......... 88% 27.0M 1s
[2024-12-05T22:55:24.855+0000] {subprocess.py:106} INFO -  29350K .......... .......... .......... .......... .......... 88% 74.8M 1s
[2024-12-05T22:55:24.855+0000] {subprocess.py:106} INFO -  29400K .......... .......... .......... .......... .......... 88%  122M 1s
[2024-12-05T22:55:24.856+0000] {subprocess.py:106} INFO -  29450K .......... .......... .......... .......... .......... 88% 18.3M 1s
[2024-12-05T22:55:24.856+0000] {subprocess.py:106} INFO -  29500K .......... .......... .......... .......... .......... 88% 6.55M 1s
[2024-12-05T22:55:24.856+0000] {subprocess.py:106} INFO -  29550K .......... .......... .......... .......... .......... 89%  171M 1s
[2024-12-05T22:55:24.857+0000] {subprocess.py:106} INFO -  29600K .......... .......... .......... .......... .......... 89% 6.74M 1s
[2024-12-05T22:55:24.857+0000] {subprocess.py:106} INFO -  29650K .......... .......... .......... .......... .......... 89% 49.7M 1s
[2024-12-05T22:55:24.857+0000] {subprocess.py:106} INFO -  29700K .......... .......... .......... .......... .......... 89% 54.8M 1s
[2024-12-05T22:55:24.858+0000] {subprocess.py:106} INFO -  29750K .......... .......... .......... .......... .......... 89%  117M 1s
[2024-12-05T22:55:24.858+0000] {subprocess.py:106} INFO -  29800K .......... .......... .......... .......... .......... 89%  110M 1s
[2024-12-05T22:55:24.858+0000] {subprocess.py:106} INFO -  29850K .......... .......... .......... .......... .......... 90%  224M 0s
[2024-12-05T22:55:24.860+0000] {subprocess.py:106} INFO -  29900K .......... .......... .......... .......... .......... 90% 7.05M 0s
[2024-12-05T22:55:24.860+0000] {subprocess.py:106} INFO -  29950K .......... .......... .......... .......... .......... 90% 15.8M 0s
[2024-12-05T22:55:24.860+0000] {subprocess.py:106} INFO -  30000K .......... .......... .......... .......... .......... 90%  141M 0s
[2024-12-05T22:55:24.861+0000] {subprocess.py:106} INFO -  30050K .......... .......... .......... .......... .......... 90%  169M 0s
[2024-12-05T22:55:24.863+0000] {subprocess.py:106} INFO -  30100K .......... .......... .......... .......... .......... 90% 89.7M 0s
[2024-12-05T22:55:24.866+0000] {subprocess.py:106} INFO -  30150K .......... .......... .......... .......... .......... 90%  187M 0s
[2024-12-05T22:55:24.867+0000] {subprocess.py:106} INFO -  30200K .......... .......... .......... .......... .......... 91%  160M 0s
[2024-12-05T22:55:24.867+0000] {subprocess.py:106} INFO -  30250K .......... .......... .......... .......... .......... 91% 98.4M 0s
[2024-12-05T22:55:24.871+0000] {subprocess.py:106} INFO -  30300K .......... .......... .......... .......... .......... 91%  112M 0s
[2024-12-05T22:55:24.871+0000] {subprocess.py:106} INFO -  30350K .......... .......... .......... .......... .......... 91%  186M 0s
[2024-12-05T22:55:24.871+0000] {subprocess.py:106} INFO -  30400K .......... .......... .......... .......... .......... 91% 54.0M 0s
[2024-12-05T22:55:24.872+0000] {subprocess.py:106} INFO -  30450K .......... .......... .......... .......... .......... 91%  206M 0s
[2024-12-05T22:55:24.872+0000] {subprocess.py:106} INFO -  30500K .......... .......... .......... .......... .......... 91% 11.2M 0s
[2024-12-05T22:55:24.872+0000] {subprocess.py:106} INFO -  30550K .......... .......... .......... .......... .......... 92%  189M 0s
[2024-12-05T22:55:24.872+0000] {subprocess.py:106} INFO -  30600K .......... .......... .......... .......... .......... 92% 64.5M 0s
[2024-12-05T22:55:24.873+0000] {subprocess.py:106} INFO -  30650K .......... .......... .......... .......... .......... 92%  246M 0s
[2024-12-05T22:55:24.876+0000] {subprocess.py:106} INFO -  30700K .......... .......... .......... .......... .......... 92%  141M 0s
[2024-12-05T22:55:24.877+0000] {subprocess.py:106} INFO -  30750K .......... .......... .......... .......... .......... 92% 47.5M 0s
[2024-12-05T22:55:24.881+0000] {subprocess.py:106} INFO -  30800K .......... .......... .......... .......... .......... 92%  131M 0s
[2024-12-05T22:55:24.883+0000] {subprocess.py:106} INFO -  30850K .......... .......... .......... .......... .......... 93% 88.6M 0s
[2024-12-05T22:55:24.883+0000] {subprocess.py:106} INFO -  30900K .......... .......... .......... .......... .......... 93%  207M 0s
[2024-12-05T22:55:24.885+0000] {subprocess.py:106} INFO -  30950K .......... .......... .......... .......... .......... 93%  176M 0s
[2024-12-05T22:55:24.886+0000] {subprocess.py:106} INFO -  31000K .......... .......... .......... .......... .......... 93% 29.8M 0s
[2024-12-05T22:55:24.888+0000] {subprocess.py:106} INFO -  31050K .......... .......... .......... .......... .......... 93%  152M 0s
[2024-12-05T22:55:24.889+0000] {subprocess.py:106} INFO -  31100K .......... .......... .......... .......... .......... 93%  146M 0s
[2024-12-05T22:55:24.890+0000] {subprocess.py:106} INFO -  31150K .......... .......... .......... .......... .......... 93%  151M 0s
[2024-12-05T22:55:24.891+0000] {subprocess.py:106} INFO -  31200K .......... .......... .......... .......... .......... 94%  118M 0s
[2024-12-05T22:55:24.892+0000] {subprocess.py:106} INFO -  31250K .......... .......... .......... .......... .......... 94% 13.1M 0s
[2024-12-05T22:55:24.893+0000] {subprocess.py:106} INFO -  31300K .......... .......... .......... .......... .......... 94%  120M 0s
[2024-12-05T22:55:24.894+0000] {subprocess.py:106} INFO -  31350K .......... .......... .......... .......... .......... 94%  296M 0s
[2024-12-05T22:55:24.897+0000] {subprocess.py:106} INFO -  31400K .......... .......... .......... .......... .......... 94%  992K 0s
[2024-12-05T22:55:24.898+0000] {subprocess.py:106} INFO -  31450K .......... .......... .......... .......... .......... 94% 1014K 0s
[2024-12-05T22:55:24.899+0000] {subprocess.py:106} INFO -  31500K .......... .......... .......... .......... .......... 94%  219M 0s
[2024-12-05T22:55:24.900+0000] {subprocess.py:106} INFO -  31550K .......... .......... .......... .......... .......... 95% 14.6M 0s
[2024-12-05T22:55:24.901+0000] {subprocess.py:106} INFO -  31600K .......... .......... .......... .......... .......... 95% 9.32M 0s
[2024-12-05T22:55:24.902+0000] {subprocess.py:106} INFO -  31650K .......... .......... .......... .......... .......... 95%  100M 0s
[2024-12-05T22:55:24.904+0000] {subprocess.py:106} INFO -  31700K .......... .......... .......... .......... .......... 95% 11.7M 0s
[2024-12-05T22:55:24.905+0000] {subprocess.py:106} INFO -  31750K .......... .......... .......... .......... .......... 95% 4.95M 0s
[2024-12-05T22:55:24.908+0000] {subprocess.py:106} INFO -  31800K .......... .......... .......... .......... .......... 95% 42.8M 0s
[2024-12-05T22:55:24.908+0000] {subprocess.py:106} INFO -  31850K .......... .......... .......... .......... .......... 96% 5.53M 0s
[2024-12-05T22:55:24.908+0000] {subprocess.py:106} INFO -  31900K .......... .......... .......... .......... .......... 96% 1.66M 0s
[2024-12-05T22:55:24.910+0000] {subprocess.py:106} INFO -  31950K .......... .......... .......... .......... .......... 96% 2.11M 0s
[2024-12-05T22:55:24.911+0000] {subprocess.py:106} INFO -  32000K .......... .......... .......... .......... .......... 96% 68.2M 0s
[2024-12-05T22:55:24.911+0000] {subprocess.py:106} INFO -  32050K .......... .......... .......... .......... .......... 96% 6.64M 0s
[2024-12-05T22:55:24.913+0000] {subprocess.py:106} INFO -  32100K .......... .......... .......... .......... .......... 96% 8.24M 0s
[2024-12-05T22:55:24.913+0000] {subprocess.py:106} INFO -  32150K .......... .......... .......... .......... .......... 96% 2.58M 0s
[2024-12-05T22:55:24.913+0000] {subprocess.py:106} INFO -  32200K .......... .......... .......... .......... .......... 97% 26.0M 0s
[2024-12-05T22:55:24.917+0000] {subprocess.py:106} INFO -  32250K .......... .......... .......... .......... .......... 97% 18.7M 0s
[2024-12-05T22:55:24.917+0000] {subprocess.py:106} INFO -  32300K .......... .......... .......... .......... .......... 97% 56.7M 0s
[2024-12-05T22:55:24.917+0000] {subprocess.py:106} INFO -  32350K .......... .......... .......... .......... .......... 97% 8.37M 0s
[2024-12-05T22:55:24.918+0000] {subprocess.py:106} INFO -  32400K .......... .......... .......... .......... .......... 97% 1.50M 0s
[2024-12-05T22:55:24.918+0000] {subprocess.py:106} INFO -  32450K .......... .......... .......... .......... .......... 97% 6.17M 0s
[2024-12-05T22:55:24.918+0000] {subprocess.py:106} INFO -  32500K .......... .......... .......... .......... .......... 97% 40.4M 0s
[2024-12-05T22:55:24.918+0000] {subprocess.py:106} INFO -  32550K .......... .......... .......... .......... .......... 98%  576K 0s
[2024-12-05T22:55:24.919+0000] {subprocess.py:106} INFO -  32600K .......... .......... .......... .......... .......... 98% 4.45M 0s
[2024-12-05T22:55:24.919+0000] {subprocess.py:106} INFO -  32650K .......... .......... .......... .......... .......... 98% 1.03M 0s
[2024-12-05T22:55:24.919+0000] {subprocess.py:106} INFO -  32700K .......... .......... .......... .......... .......... 98%  207K 0s
[2024-12-05T22:55:24.920+0000] {subprocess.py:106} INFO -  32750K .......... .......... .......... .......... .......... 98% 2.86M 0s
[2024-12-05T22:55:24.920+0000] {subprocess.py:106} INFO -  32800K .......... .......... .......... .......... .......... 98% 88.8M 0s
[2024-12-05T22:55:24.921+0000] {subprocess.py:106} INFO -  32850K .......... .......... .......... .......... .......... 99%  129M 0s
[2024-12-05T22:55:24.921+0000] {subprocess.py:106} INFO -  32900K .......... .......... .......... .......... .......... 99% 1.89M 0s
[2024-12-05T22:55:24.921+0000] {subprocess.py:106} INFO -  32950K .......... .......... .......... .......... .......... 99%  129M 0s
[2024-12-05T22:55:24.921+0000] {subprocess.py:106} INFO -  33000K .......... .......... .......... .......... .......... 99%  101M 0s
[2024-12-05T22:55:24.922+0000] {subprocess.py:106} INFO -  33050K .......... .......... .......... .......... .......... 99%  155M 0s
[2024-12-05T22:55:24.925+0000] {subprocess.py:106} INFO -  33100K .......... .......... .......... .......... .......... 99%  152M 0s
[2024-12-05T22:55:24.928+0000] {subprocess.py:106} INFO -  33150K .......... .......... .......... .......... .......... 99% 3.80M 0s
[2024-12-05T22:55:24.930+0000] {subprocess.py:106} INFO -  33200K .......... .......... .                               100%  102M=5.2s
[2024-12-05T22:55:24.931+0000] {subprocess.py:106} INFO - 
[2024-12-05T22:55:24.933+0000] {subprocess.py:106} INFO - 2024-12-05 22:55:24 (6.24 MB/s) - ‘/opt/***/output_2021-04.parquet’ saved [34018560/34018560]
[2024-12-05T22:55:24.934+0000] {subprocess.py:106} INFO - 
[2024-12-05T22:55:24.936+0000] {subprocess.py:110} INFO - Command exited with return code 0
[2024-12-05T22:55:25.051+0000] {taskinstance.py:340} INFO - ::group::Post task execution logs
[2024-12-05T22:55:25.051+0000] {taskinstance.py:352} INFO - Marking task as SUCCESS. dag_id=LocalIngestionDag, task_id=wget, run_id=scheduled__2021-04-02T06:00:00+00:00, execution_date=20210402T060000, start_date=20241205T225518, end_date=20241205T225525
[2024-12-05T22:55:25.113+0000] {local_task_job_runner.py:266} INFO - Task exited with return code 0
[2024-12-05T22:55:25.142+0000] {taskinstance.py:3895} INFO - 1 downstream tasks scheduled from follow-on schedule check
[2024-12-05T22:55:25.144+0000] {local_task_job_runner.py:245} INFO - ::endgroup::
[2024-12-06T00:00:28.248+0000] {local_task_job_runner.py:123} INFO - ::group::Pre task execution logs
[2024-12-06T00:00:28.259+0000] {taskinstance.py:2603} INFO - Dependencies not met for <TaskInstance: LocalIngestionDag.wget scheduled__2021-04-02T06:00:00+00:00 [queued]>, dependency 'Execution Date' FAILED: The execution date is 2021-04-02T06:00:00+00:00 but this is after the task's end date 2021-02-03T00:00:00+00:00.
[2024-12-06T00:00:28.260+0000] {taskinstance.py:2603} INFO - Dependencies not met for <TaskInstance: LocalIngestionDag.wget scheduled__2021-04-02T06:00:00+00:00 [queued]>, dependency 'Execution Date' FAILED: The execution date is 2021-04-02T06:00:00+00:00 but this is after the task's DAG's end date 2021-02-03T00:00:00+00:00.
[2024-12-06T00:00:28.268+0000] {local_task_job_runner.py:166} INFO - Task is not able to be run
