[2024-12-05T20:39:28.798+0000] {local_task_job_runner.py:123} INFO - ::group::Pre task execution logs
[2024-12-05T20:39:28.815+0000] {taskinstance.py:2613} INFO - Dependencies all met for dep_context=non-requeueable deps ti=<TaskInstance: LocalIngestionDag.wget scheduled__2021-04-02T06:00:00+00:00 [queued]>
[2024-12-05T20:39:28.824+0000] {taskinstance.py:2613} INFO - Dependencies all met for dep_context=requeueable deps ti=<TaskInstance: LocalIngestionDag.wget scheduled__2021-04-02T06:00:00+00:00 [queued]>
[2024-12-05T20:39:28.824+0000] {taskinstance.py:2866} INFO - Starting attempt 2 of 2
[2024-12-05T20:39:28.838+0000] {taskinstance.py:2889} INFO - Executing <Task(BashOperator): wget> on 2021-04-02 06:00:00+00:00
[2024-12-05T20:39:28.844+0000] {warnings.py:112} WARNING - /home/***/.local/lib/python3.12/site-packages/***/task/task_runner/standard_task_runner.py:70: DeprecationWarning: This process (pid=752) is multi-threaded, use of fork() may lead to deadlocks in the child.
  pid = os.fork()

[2024-12-05T20:39:28.846+0000] {standard_task_runner.py:72} INFO - Started process 757 to run task
[2024-12-05T20:39:28.846+0000] {standard_task_runner.py:104} INFO - Running: ['***', 'tasks', 'run', 'LocalIngestionDag', 'wget', 'scheduled__2021-04-02T06:00:00+00:00', '--job-id', '21', '--raw', '--subdir', 'DAGS_FOLDER/data_ingestion_local.py', '--cfg-path', '/tmp/tmpmawt41pn']
[2024-12-05T20:39:28.848+0000] {standard_task_runner.py:105} INFO - Job 21: Subtask wget
[2024-12-05T20:39:28.894+0000] {task_command.py:467} INFO - Running <TaskInstance: LocalIngestionDag.wget scheduled__2021-04-02T06:00:00+00:00 [running]> on host cf87bc668ac5
[2024-12-05T20:39:28.945+0000] {taskinstance.py:3132} INFO - Exporting env vars: AIRFLOW_CTX_DAG_OWNER='***' AIRFLOW_CTX_DAG_ID='LocalIngestionDag' AIRFLOW_CTX_TASK_ID='wget' AIRFLOW_CTX_EXECUTION_DATE='2021-04-02T06:00:00+00:00' AIRFLOW_CTX_TRY_NUMBER='2' AIRFLOW_CTX_DAG_RUN_ID='scheduled__2021-04-02T06:00:00+00:00'
[2024-12-05T20:39:28.946+0000] {taskinstance.py:731} INFO - ::endgroup::
[2024-12-05T20:39:28.955+0000] {subprocess.py:78} INFO - Tmp dir root location: /tmp
[2024-12-05T20:39:28.956+0000] {subprocess.py:88} INFO - Running command: ['/usr/bin/bash', '-c', 'wget https://d37ci6vzurychx.cloudfront.net/trip-data/yellow_tripdata_2021-04.parquet -O /opt/***/output_2021-04.parquet']
[2024-12-05T20:39:28.962+0000] {subprocess.py:99} INFO - Output:
[2024-12-05T20:39:28.969+0000] {subprocess.py:106} INFO - --2024-12-05 20:39:28--  https://d37ci6vzurychx.cloudfront.net/trip-data/yellow_tripdata_2021-04.parquet
[2024-12-05T20:39:29.030+0000] {subprocess.py:106} INFO - Resolving d37ci6vzurychx.cloudfront.net (d37ci6vzurychx.cloudfront.net)... 52.85.39.153, 52.85.39.117, 52.85.39.65, ...
[2024-12-05T20:39:29.046+0000] {subprocess.py:106} INFO - Connecting to d37ci6vzurychx.cloudfront.net (d37ci6vzurychx.cloudfront.net)|52.85.39.153|:443... connected.
[2024-12-05T20:39:29.103+0000] {subprocess.py:106} INFO - HTTP request sent, awaiting response... 200 OK
[2024-12-05T20:39:29.103+0000] {subprocess.py:106} INFO - Length: 34018560 (32M) [application/x-www-form-urlencoded]
[2024-12-05T20:39:29.104+0000] {subprocess.py:106} INFO - Saving to: ‘/opt/***/output_2021-04.parquet’
[2024-12-05T20:39:29.104+0000] {subprocess.py:106} INFO - 
[2024-12-05T20:39:29.118+0000] {subprocess.py:106} INFO -      0K .......... .......... .......... .......... ..........  0% 3.24M 10s
[2024-12-05T20:39:29.124+0000] {subprocess.py:106} INFO -     50K .......... .......... .......... .......... ..........  0% 7.61M 7s
[2024-12-05T20:39:29.135+0000] {subprocess.py:106} INFO -    100K .......... .......... .......... .......... ..........  0% 4.82M 7s
[2024-12-05T20:39:29.139+0000] {subprocess.py:106} INFO -    150K .......... .......... .......... .......... ..........  0% 12.1M 6s
[2024-12-05T20:39:29.143+0000] {subprocess.py:106} INFO -    200K .......... .......... .......... .......... ..........  0% 11.9M 5s
[2024-12-05T20:39:29.146+0000] {subprocess.py:106} INFO -    250K .......... .......... .......... .......... ..........  0% 16.0M 5s
[2024-12-05T20:39:29.149+0000] {subprocess.py:106} INFO -    300K .......... .......... .......... .......... ..........  1% 14.6M 4s
[2024-12-05T20:39:29.152+0000] {subprocess.py:106} INFO -    350K .......... .......... .......... .......... ..........  1% 15.9M 4s
[2024-12-05T20:39:29.154+0000] {subprocess.py:106} INFO -    400K .......... .......... .......... .......... ..........  1% 21.7M 4s
[2024-12-05T20:39:29.157+0000] {subprocess.py:106} INFO -    450K .......... .......... .......... .......... ..........  1% 20.1M 4s
[2024-12-05T20:39:29.159+0000] {subprocess.py:106} INFO -    500K .......... .......... .......... .......... ..........  1% 27.5M 3s
[2024-12-05T20:39:29.161+0000] {subprocess.py:106} INFO -    550K .......... .......... .......... .......... ..........  1% 22.0M 3s
[2024-12-05T20:39:29.162+0000] {subprocess.py:106} INFO -    600K .......... .......... .......... .......... ..........  1% 45.2M 3s
[2024-12-05T20:39:29.164+0000] {subprocess.py:106} INFO -    650K .......... .......... .......... .......... ..........  2% 23.5M 3s
[2024-12-05T20:39:29.165+0000] {subprocess.py:106} INFO -    700K .......... .......... .......... .......... ..........  2% 35.3M 3s
[2024-12-05T20:39:29.167+0000] {subprocess.py:106} INFO -    750K .......... .......... .......... .......... ..........  2% 24.4M 3s
[2024-12-05T20:39:29.169+0000] {subprocess.py:106} INFO -    800K .......... .......... .......... .......... ..........  2% 35.5M 3s
[2024-12-05T20:39:29.170+0000] {subprocess.py:106} INFO -    850K .......... .......... .......... .......... ..........  2% 31.2M 2s
[2024-12-05T20:39:29.173+0000] {subprocess.py:106} INFO -    900K .......... .......... .......... .......... ..........  2%  114M 2s
[2024-12-05T20:39:29.173+0000] {subprocess.py:106} INFO -    950K .......... .......... .......... .......... ..........  3% 51.0M 2s
[2024-12-05T20:39:29.174+0000] {subprocess.py:106} INFO -   1000K .......... .......... .......... .......... ..........  3% 91.0M 2s
[2024-12-05T20:39:29.174+0000] {subprocess.py:106} INFO -   1050K .......... .......... .......... .......... ..........  3%  220M 2s
[2024-12-05T20:39:29.175+0000] {subprocess.py:106} INFO -   1100K .......... .......... .......... .......... ..........  3% 21.7M 2s
[2024-12-05T20:39:29.176+0000] {subprocess.py:106} INFO -   1150K .......... .......... .......... .......... ..........  3%  104M 2s
[2024-12-05T20:39:29.177+0000] {subprocess.py:106} INFO -   1200K .......... .......... .......... .......... ..........  3% 56.4M 2s
[2024-12-05T20:39:29.178+0000] {subprocess.py:106} INFO -   1250K .......... .......... .......... .......... ..........  3% 81.2M 2s
[2024-12-05T20:39:29.179+0000] {subprocess.py:106} INFO -   1300K .......... .......... .......... .......... ..........  4%  122M 2s
[2024-12-05T20:39:29.180+0000] {subprocess.py:106} INFO -   1350K .......... .......... .......... .......... ..........  4% 68.3M 2s
[2024-12-05T20:39:29.180+0000] {subprocess.py:106} INFO -   1400K .......... .......... .......... .......... ..........  4% 56.8M 2s
[2024-12-05T20:39:29.180+0000] {subprocess.py:106} INFO -   1450K .......... .......... .......... .......... ..........  4% 26.6M 2s
[2024-12-05T20:39:29.182+0000] {subprocess.py:106} INFO -   1500K .......... .......... .......... .......... ..........  4% 42.0M 2s
[2024-12-05T20:39:29.183+0000] {subprocess.py:106} INFO -   1550K .......... .......... .......... .......... ..........  4% 49.5M 2s
[2024-12-05T20:39:29.213+0000] {subprocess.py:106} INFO -   1600K .......... .......... .......... .......... ..........  4% 1.59M 2s
[2024-12-05T20:39:29.214+0000] {subprocess.py:106} INFO -   1650K .......... .......... .......... .......... ..........  5% 69.2M 2s
[2024-12-05T20:39:29.215+0000] {subprocess.py:106} INFO -   1700K .......... .......... .......... .......... ..........  5% 73.4M 2s
[2024-12-05T20:39:29.218+0000] {subprocess.py:106} INFO -   1750K .......... .......... .......... .......... ..........  5%  102M 2s
[2024-12-05T20:39:29.218+0000] {subprocess.py:106} INFO -   1800K .......... .......... .......... .......... ..........  5%  282M 2s
[2024-12-05T20:39:29.220+0000] {subprocess.py:106} INFO -   1850K .......... .......... .......... .......... ..........  5%  149M 2s
[2024-12-05T20:39:29.221+0000] {subprocess.py:106} INFO -   1900K .......... .......... .......... .......... ..........  5%  134M 2s
[2024-12-05T20:39:29.223+0000] {subprocess.py:106} INFO -   1950K .......... .......... .......... .......... ..........  6%  156M 2s
[2024-12-05T20:39:29.223+0000] {subprocess.py:106} INFO -   2000K .......... .......... .......... .......... ..........  6%  191M 2s
[2024-12-05T20:39:29.224+0000] {subprocess.py:106} INFO -   2050K .......... .......... .......... .......... ..........  6%  142M 2s
[2024-12-05T20:39:29.224+0000] {subprocess.py:106} INFO -   2100K .......... .......... .......... .......... ..........  6%  206M 2s
[2024-12-05T20:39:29.224+0000] {subprocess.py:106} INFO -   2150K .......... .......... .......... .......... ..........  6%  206M 2s
[2024-12-05T20:39:29.224+0000] {subprocess.py:106} INFO -   2200K .......... .......... .......... .......... ..........  6%  192M 2s
[2024-12-05T20:39:29.225+0000] {subprocess.py:106} INFO -   2250K .......... .......... .......... .......... ..........  6%  275M 2s
[2024-12-05T20:39:29.225+0000] {subprocess.py:106} INFO -   2300K .......... .......... .......... .......... ..........  7%  181M 2s
[2024-12-05T20:39:29.225+0000] {subprocess.py:106} INFO -   2350K .......... .......... .......... .......... ..........  7%  182M 1s
[2024-12-05T20:39:29.225+0000] {subprocess.py:106} INFO -   2400K .......... .......... .......... .......... ..........  7%  245M 1s
[2024-12-05T20:39:29.225+0000] {subprocess.py:106} INFO -   2450K .......... .......... .......... .......... ..........  7%  297M 1s
[2024-12-05T20:39:29.226+0000] {subprocess.py:106} INFO -   2500K .......... .......... .......... .......... ..........  7% 54.5M 1s
[2024-12-05T20:39:29.226+0000] {subprocess.py:106} INFO -   2550K .......... .......... .......... .......... ..........  7%  121M 1s
[2024-12-05T20:39:29.226+0000] {subprocess.py:106} INFO -   2600K .......... .......... .......... .......... ..........  7%  175M 1s
[2024-12-05T20:39:29.226+0000] {subprocess.py:106} INFO -   2650K .......... .......... .......... .......... ..........  8%  247M 1s
[2024-12-05T20:39:29.227+0000] {subprocess.py:106} INFO -   2700K .......... .......... .......... .......... ..........  8%  123M 1s
[2024-12-05T20:39:29.227+0000] {subprocess.py:106} INFO -   2750K .......... .......... .......... .......... ..........  8%  170M 1s
[2024-12-05T20:39:29.227+0000] {subprocess.py:106} INFO -   2800K .......... .......... .......... .......... ..........  8%  151M 1s
[2024-12-05T20:39:29.227+0000] {subprocess.py:106} INFO -   2850K .......... .......... .......... .......... ..........  8%  151M 1s
[2024-12-05T20:39:29.227+0000] {subprocess.py:106} INFO -   2900K .......... .......... .......... .......... ..........  8%  188M 1s
[2024-12-05T20:39:29.228+0000] {subprocess.py:106} INFO -   2950K .......... .......... .......... .......... ..........  9%  222M 1s
[2024-12-05T20:39:29.228+0000] {subprocess.py:106} INFO -   3000K .......... .......... .......... .......... ..........  9%  236M 1s
[2024-12-05T20:39:29.228+0000] {subprocess.py:106} INFO -   3050K .......... .......... .......... .......... ..........  9%  184M 1s
[2024-12-05T20:39:29.228+0000] {subprocess.py:106} INFO -   3100K .......... .......... .......... .......... ..........  9%  188M 1s
[2024-12-05T20:39:29.229+0000] {subprocess.py:106} INFO -   3150K .......... .......... .......... .......... ..........  9%  295M 1s
[2024-12-05T20:39:29.230+0000] {subprocess.py:106} INFO -   3200K .......... .......... .......... .......... ..........  9% 8.50M 1s
[2024-12-05T20:39:29.232+0000] {subprocess.py:106} INFO -   3250K .......... .......... .......... .......... ..........  9% 29.7M 1s
[2024-12-05T20:39:29.233+0000] {subprocess.py:106} INFO -   3300K .......... .......... .......... .......... .......... 10% 50.9M 1s
[2024-12-05T20:39:29.233+0000] {subprocess.py:106} INFO -   3350K .......... .......... .......... .......... .......... 10%  132M 1s
[2024-12-05T20:39:29.234+0000] {subprocess.py:106} INFO -   3400K .......... .......... .......... .......... .......... 10% 62.5M 1s
[2024-12-05T20:39:29.234+0000] {subprocess.py:106} INFO -   3450K .......... .......... .......... .......... .......... 10% 82.8M 1s
[2024-12-05T20:39:29.235+0000] {subprocess.py:106} INFO -   3500K .......... .......... .......... .......... .......... 10% 39.7M 1s
[2024-12-05T20:39:29.257+0000] {subprocess.py:106} INFO -   3550K .......... .......... .......... .......... .......... 10% 2.22M 1s
[2024-12-05T20:39:29.288+0000] {subprocess.py:106} INFO -   3600K .......... .......... .......... .......... .......... 10% 1.55M 1s
[2024-12-05T20:39:29.289+0000] {subprocess.py:106} INFO -   3650K .......... .......... .......... .......... .......... 11% 37.5M 1s
[2024-12-05T20:39:29.292+0000] {subprocess.py:106} INFO -   3700K .......... .......... .......... .......... .......... 11% 21.6M 1s
[2024-12-05T20:39:29.295+0000] {subprocess.py:106} INFO -   3750K .......... .......... .......... .......... .......... 11% 70.3M 1s
[2024-12-05T20:39:29.298+0000] {subprocess.py:106} INFO -   3800K .......... .......... .......... .......... .......... 11% 74.6M 1s
[2024-12-05T20:39:29.299+0000] {subprocess.py:106} INFO -   3850K .......... .......... .......... .......... .......... 11% 28.2M 1s
[2024-12-05T20:39:29.301+0000] {subprocess.py:106} INFO -   3900K .......... .......... .......... .......... .......... 11% 46.7M 1s
[2024-12-05T20:39:29.301+0000] {subprocess.py:106} INFO -   3950K .......... .......... .......... .......... .......... 12% 52.6M 1s
[2024-12-05T20:39:29.301+0000] {subprocess.py:106} INFO -   4000K .......... .......... .......... .......... .......... 12%  137M 1s
[2024-12-05T20:39:29.302+0000] {subprocess.py:106} INFO -   4050K .......... .......... .......... .......... .......... 12% 69.1M 1s
[2024-12-05T20:39:29.302+0000] {subprocess.py:106} INFO -   4100K .......... .......... .......... .......... .......... 12%  122M 1s
[2024-12-05T20:39:29.302+0000] {subprocess.py:106} INFO -   4150K .......... .......... .......... .......... .......... 12% 93.8M 1s
[2024-12-05T20:39:29.305+0000] {subprocess.py:106} INFO -   4200K .......... .......... .......... .......... .......... 12% 66.5M 1s
[2024-12-05T20:39:29.306+0000] {subprocess.py:106} INFO -   4250K .......... .......... .......... .......... .......... 12% 61.1M 1s
[2024-12-05T20:39:29.307+0000] {subprocess.py:106} INFO -   4300K .......... .......... .......... .......... .......... 13%  137M 1s
[2024-12-05T20:39:29.308+0000] {subprocess.py:106} INFO -   4350K .......... .......... .......... .......... .......... 13%  106M 1s
[2024-12-05T20:39:29.309+0000] {subprocess.py:106} INFO -   4400K .......... .......... .......... .......... .......... 13%  215M 1s
[2024-12-05T20:39:29.310+0000] {subprocess.py:106} INFO -   4450K .......... .......... .......... .......... .......... 13%  237M 1s
[2024-12-05T20:39:29.310+0000] {subprocess.py:106} INFO -   4500K .......... .......... .......... .......... .......... 13% 48.2M 1s
[2024-12-05T20:39:29.312+0000] {subprocess.py:106} INFO -   4550K .......... .......... .......... .......... .......... 13% 39.3M 1s
[2024-12-05T20:39:29.312+0000] {subprocess.py:106} INFO -   4600K .......... .......... .......... .......... .......... 13%  221M 1s
[2024-12-05T20:39:29.313+0000] {subprocess.py:106} INFO -   4650K .......... .......... .......... .......... .......... 14%  230M 1s
[2024-12-05T20:39:29.316+0000] {subprocess.py:106} INFO -   4700K .......... .......... .......... .......... .......... 14%  147M 1s
[2024-12-05T20:39:29.317+0000] {subprocess.py:106} INFO -   4750K .......... .......... .......... .......... .......... 14%  200M 1s
[2024-12-05T20:39:29.317+0000] {subprocess.py:106} INFO -   4800K .......... .......... .......... .......... .......... 14%  204M 1s
[2024-12-05T20:39:29.318+0000] {subprocess.py:106} INFO -   4850K .......... .......... .......... .......... .......... 14%  117M 1s
[2024-12-05T20:39:29.319+0000] {subprocess.py:106} INFO -   4900K .......... .......... .......... .......... .......... 14%  175M 1s
[2024-12-05T20:39:29.319+0000] {subprocess.py:106} INFO -   4950K .......... .......... .......... .......... .......... 15%  253M 1s
[2024-12-05T20:39:29.320+0000] {subprocess.py:106} INFO -   5000K .......... .......... .......... .......... .......... 15%  231M 1s
[2024-12-05T20:39:29.320+0000] {subprocess.py:106} INFO -   5050K .......... .......... .......... .......... .......... 15%  165M 1s
[2024-12-05T20:39:29.320+0000] {subprocess.py:106} INFO -   5100K .......... .......... .......... .......... .......... 15%  141M 1s
[2024-12-05T20:39:29.321+0000] {subprocess.py:106} INFO -   5150K .......... .......... .......... .......... .......... 15%  159M 1s
[2024-12-05T20:39:29.321+0000] {subprocess.py:106} INFO -   5200K .......... .......... .......... .......... .......... 15%  213M 1s
[2024-12-05T20:39:29.322+0000] {subprocess.py:106} INFO -   5250K .......... .......... .......... .......... .......... 15%  159M 1s
[2024-12-05T20:39:29.322+0000] {subprocess.py:106} INFO -   5300K .......... .......... .......... .......... .......... 16%  179M 1s
[2024-12-05T20:39:29.322+0000] {subprocess.py:106} INFO -   5350K .......... .......... .......... .......... .......... 16%  153M 1s
[2024-12-05T20:39:29.322+0000] {subprocess.py:106} INFO -   5400K .......... .......... .......... .......... .......... 16%  113M 1s
[2024-12-05T20:39:29.322+0000] {subprocess.py:106} INFO -   5450K .......... .......... .......... .......... .......... 16%  237M 1s
[2024-12-05T20:39:29.323+0000] {subprocess.py:106} INFO -   5500K .......... .......... .......... .......... .......... 16%  145M 1s
[2024-12-05T20:39:29.323+0000] {subprocess.py:106} INFO -   5550K .......... .......... .......... .......... .......... 16% 63.3M 1s
[2024-12-05T20:39:29.323+0000] {subprocess.py:106} INFO -   5600K .......... .......... .......... .......... .......... 17%  102M 1s
[2024-12-05T20:39:29.323+0000] {subprocess.py:106} INFO -   5650K .......... .......... .......... .......... .......... 17% 38.3M 1s
[2024-12-05T20:39:29.323+0000] {subprocess.py:106} INFO -   5700K .......... .......... .......... .......... .......... 17%  152M 1s
[2024-12-05T20:39:29.324+0000] {subprocess.py:106} INFO -   5750K .......... .......... .......... .......... .......... 17% 67.5M 1s
[2024-12-05T20:39:29.324+0000] {subprocess.py:106} INFO -   5800K .......... .......... .......... .......... .......... 17% 47.7M 1s
[2024-12-05T20:39:29.324+0000] {subprocess.py:106} INFO -   5850K .......... .......... .......... .......... .......... 17%  111M 1s
[2024-12-05T20:39:29.324+0000] {subprocess.py:106} INFO -   5900K .......... .......... .......... .......... .......... 17% 64.9M 1s
[2024-12-05T20:39:29.324+0000] {subprocess.py:106} INFO -   5950K .......... .......... .......... .......... .......... 18%  107M 1s
[2024-12-05T20:39:29.325+0000] {subprocess.py:106} INFO -   6000K .......... .......... .......... .......... .......... 18% 67.9M 1s
[2024-12-05T20:39:29.325+0000] {subprocess.py:106} INFO -   6050K .......... .......... .......... .......... .......... 18%  144M 1s
[2024-12-05T20:39:29.330+0000] {subprocess.py:106} INFO -   6100K .......... .......... .......... .......... .......... 18% 3.55M 1s
[2024-12-05T20:39:29.331+0000] {subprocess.py:106} INFO -   6150K .......... .......... .......... .......... .......... 18% 39.9M 1s
[2024-12-05T20:39:29.332+0000] {subprocess.py:106} INFO -   6200K .......... .......... .......... .......... .......... 18%  189M 1s
[2024-12-05T20:39:29.333+0000] {subprocess.py:106} INFO -   6250K .......... .......... .......... .......... .......... 18% 77.7M 1s
[2024-12-05T20:39:29.333+0000] {subprocess.py:106} INFO -   6300K .......... .......... .......... .......... .......... 19%  116M 1s
[2024-12-05T20:39:29.333+0000] {subprocess.py:106} INFO -   6350K .......... .......... .......... .......... .......... 19%  319M 1s
[2024-12-05T20:39:29.334+0000] {subprocess.py:106} INFO -   6400K .......... .......... .......... .......... .......... 19%  199M 1s
[2024-12-05T20:39:29.335+0000] {subprocess.py:106} INFO -   6450K .......... .......... .......... .......... .......... 19%  131M 1s
[2024-12-05T20:39:29.335+0000] {subprocess.py:106} INFO -   6500K .......... .......... .......... .......... .......... 19%  249M 1s
[2024-12-05T20:39:29.335+0000] {subprocess.py:106} INFO -   6550K .......... .......... .......... .......... .......... 19% 97.7M 1s
[2024-12-05T20:39:29.336+0000] {subprocess.py:106} INFO -   6600K .......... .......... .......... .......... .......... 20%  231M 1s
[2024-12-05T20:39:29.337+0000] {subprocess.py:106} INFO -   6650K .......... .......... .......... .......... .......... 20%  189M 1s
[2024-12-05T20:39:29.337+0000] {subprocess.py:106} INFO -   6700K .......... .......... .......... .......... .......... 20%  255M 1s
[2024-12-05T20:39:29.337+0000] {subprocess.py:106} INFO -   6750K .......... .......... .......... .......... .......... 20%  308M 1s
[2024-12-05T20:39:29.338+0000] {subprocess.py:106} INFO -   6800K .......... .......... .......... .......... .......... 20% 14.9M 1s
[2024-12-05T20:39:29.339+0000] {subprocess.py:106} INFO -   6850K .......... .......... .......... .......... .......... 20% 71.2M 1s
[2024-12-05T20:39:29.339+0000] {subprocess.py:106} INFO -   6900K .......... .......... .......... .......... .......... 20%  225M 1s
[2024-12-05T20:39:29.339+0000] {subprocess.py:106} INFO -   6950K .......... .......... .......... .......... .......... 21%  334M 1s
[2024-12-05T20:39:29.358+0000] {subprocess.py:106} INFO -   7000K .......... .......... .......... .......... .......... 21% 2.55M 1s
[2024-12-05T20:39:29.360+0000] {subprocess.py:106} INFO -   7050K .......... .......... .......... .......... .......... 21%  142M 1s
[2024-12-05T20:39:29.360+0000] {subprocess.py:106} INFO -   7100K .......... .......... .......... .......... .......... 21%  154M 1s
[2024-12-05T20:39:29.364+0000] {subprocess.py:106} INFO -   7150K .......... .......... .......... .......... .......... 21%  155M 1s
[2024-12-05T20:39:29.364+0000] {subprocess.py:106} INFO -   7200K .......... .......... .......... .......... .......... 21%  117M 1s
[2024-12-05T20:39:29.364+0000] {subprocess.py:106} INFO -   7250K .......... .......... .......... .......... .......... 21%  132M 1s
[2024-12-05T20:39:29.364+0000] {subprocess.py:106} INFO -   7300K .......... .......... .......... .......... .......... 22%  120M 1s
[2024-12-05T20:39:29.365+0000] {subprocess.py:106} INFO -   7350K .......... .......... .......... .......... .......... 22%  184M 1s
[2024-12-05T20:39:29.365+0000] {subprocess.py:106} INFO -   7400K .......... .......... .......... .......... .......... 22% 70.8M 1s
[2024-12-05T20:39:29.366+0000] {subprocess.py:106} INFO -   7450K .......... .......... .......... .......... .......... 22%  181M 1s
[2024-12-05T20:39:29.366+0000] {subprocess.py:106} INFO -   7500K .......... .......... .......... .......... .......... 22%  246M 1s
[2024-12-05T20:39:29.367+0000] {subprocess.py:106} INFO -   7550K .......... .......... .......... .......... .......... 22%  146M 1s
[2024-12-05T20:39:29.367+0000] {subprocess.py:106} INFO -   7600K .......... .......... .......... .......... .......... 23%  206M 1s
[2024-12-05T20:39:29.367+0000] {subprocess.py:106} INFO -   7650K .......... .......... .......... .......... .......... 23%  151M 1s
[2024-12-05T20:39:29.368+0000] {subprocess.py:106} INFO -   7700K .......... .......... .......... .......... .......... 23%  310M 1s
[2024-12-05T20:39:29.369+0000] {subprocess.py:106} INFO -   7750K .......... .......... .......... .......... .......... 23%  199M 1s
[2024-12-05T20:39:29.369+0000] {subprocess.py:106} INFO -   7800K .......... .......... .......... .......... .......... 23%  193M 1s
[2024-12-05T20:39:29.369+0000] {subprocess.py:106} INFO -   7850K .......... .......... .......... .......... .......... 23%  238M 1s
[2024-12-05T20:39:29.370+0000] {subprocess.py:106} INFO -   7900K .......... .......... .......... .......... .......... 23%  188M 1s
[2024-12-05T20:39:29.371+0000] {subprocess.py:106} INFO -   7950K .......... .......... .......... .......... .......... 24%  136M 1s
[2024-12-05T20:39:29.371+0000] {subprocess.py:106} INFO -   8000K .......... .......... .......... .......... .......... 24%  207M 1s
[2024-12-05T20:39:29.372+0000] {subprocess.py:106} INFO -   8050K .......... .......... .......... .......... .......... 24%  157M 1s
[2024-12-05T20:39:29.372+0000] {subprocess.py:106} INFO -   8100K .......... .......... .......... .......... .......... 24%  234M 1s
[2024-12-05T20:39:29.373+0000] {subprocess.py:106} INFO -   8150K .......... .......... .......... .......... .......... 24%  220M 1s
[2024-12-05T20:39:29.374+0000] {subprocess.py:106} INFO -   8200K .......... .......... .......... .......... .......... 24%  236M 1s
[2024-12-05T20:39:29.375+0000] {subprocess.py:106} INFO -   8250K .......... .......... .......... .......... .......... 24%  218M 1s
[2024-12-05T20:39:29.375+0000] {subprocess.py:106} INFO -   8300K .......... .......... .......... .......... .......... 25%  241M 1s
[2024-12-05T20:39:29.376+0000] {subprocess.py:106} INFO -   8350K .......... .......... .......... .......... .......... 25%  128M 1s
[2024-12-05T20:39:29.376+0000] {subprocess.py:106} INFO -   8400K .......... .......... .......... .......... .......... 25%  206M 1s
[2024-12-05T20:39:29.376+0000] {subprocess.py:106} INFO -   8450K .......... .......... .......... .......... .......... 25%  220M 1s
[2024-12-05T20:39:29.376+0000] {subprocess.py:106} INFO -   8500K .......... .......... .......... .......... .......... 25%  250M 1s
[2024-12-05T20:39:29.376+0000] {subprocess.py:106} INFO -   8550K .......... .......... .......... .......... .......... 25%  180M 1s
[2024-12-05T20:39:29.377+0000] {subprocess.py:106} INFO -   8600K .......... .......... .......... .......... .......... 26%  221M 1s
[2024-12-05T20:39:29.377+0000] {subprocess.py:106} INFO -   8650K .......... .......... .......... .......... .......... 26%  236M 1s
[2024-12-05T20:39:29.377+0000] {subprocess.py:106} INFO -   8700K .......... .......... .......... .......... .......... 26%  247M 1s
[2024-12-05T20:39:29.378+0000] {subprocess.py:106} INFO -   8750K .......... .......... .......... .......... .......... 26%  209M 1s
[2024-12-05T20:39:29.380+0000] {subprocess.py:106} INFO -   8800K .......... .......... .......... .......... .......... 26%  210M 1s
[2024-12-05T20:39:29.380+0000] {subprocess.py:106} INFO -   8850K .......... .......... .......... .......... .......... 26%  111M 1s
[2024-12-05T20:39:29.380+0000] {subprocess.py:106} INFO -   8900K .......... .......... .......... .......... .......... 26% 69.9M 1s
[2024-12-05T20:39:29.381+0000] {subprocess.py:106} INFO -   8950K .......... .......... .......... .......... .......... 27% 74.9M 1s
[2024-12-05T20:39:29.381+0000] {subprocess.py:106} INFO -   9000K .......... .......... .......... .......... .......... 27% 21.8M 1s
[2024-12-05T20:39:29.381+0000] {subprocess.py:106} INFO -   9050K .......... .......... .......... .......... .......... 27% 73.5M 1s
[2024-12-05T20:39:29.382+0000] {subprocess.py:106} INFO -   9100K .......... .......... .......... .......... .......... 27% 50.8M 1s
[2024-12-05T20:39:29.382+0000] {subprocess.py:106} INFO -   9150K .......... .......... .......... .......... .......... 27% 72.7M 1s
[2024-12-05T20:39:29.382+0000] {subprocess.py:106} INFO -   9200K .......... .......... .......... .......... .......... 27%  136M 1s
[2024-12-05T20:39:29.383+0000] {subprocess.py:106} INFO -   9250K .......... .......... .......... .......... .......... 27%  130M 1s
[2024-12-05T20:39:29.396+0000] {subprocess.py:106} INFO -   9300K .......... .......... .......... .......... .......... 28% 2.42M 1s
[2024-12-05T20:39:29.398+0000] {subprocess.py:106} INFO -   9350K .......... .......... .......... .......... .......... 28%  214M 1s
[2024-12-05T20:39:29.398+0000] {subprocess.py:106} INFO -   9400K .......... .......... .......... .......... .......... 28% 56.7M 1s
[2024-12-05T20:39:29.398+0000] {subprocess.py:106} INFO -   9450K .......... .......... .......... .......... .......... 28%  273M 1s
[2024-12-05T20:39:29.399+0000] {subprocess.py:106} INFO -   9500K .......... .......... .......... .......... .......... 28%  263M 1s
[2024-12-05T20:39:29.399+0000] {subprocess.py:106} INFO -   9550K .......... .......... .......... .......... .......... 28%  216M 1s
[2024-12-05T20:39:29.399+0000] {subprocess.py:106} INFO -   9600K .......... .......... .......... .......... .......... 29%  212M 1s
[2024-12-05T20:39:29.400+0000] {subprocess.py:106} INFO -   9650K .......... .......... .......... .......... .......... 29%  210M 1s
[2024-12-05T20:39:29.400+0000] {subprocess.py:106} INFO -   9700K .......... .......... .......... .......... .......... 29%  285M 1s
[2024-12-05T20:39:29.400+0000] {subprocess.py:106} INFO -   9750K .......... .......... .......... .......... .......... 29%  190M 1s
[2024-12-05T20:39:29.401+0000] {subprocess.py:106} INFO -   9800K .......... .......... .......... .......... .......... 29%  285M 1s
[2024-12-05T20:39:29.401+0000] {subprocess.py:106} INFO -   9850K .......... .......... .......... .......... .......... 29%  316M 1s
[2024-12-05T20:39:29.401+0000] {subprocess.py:106} INFO -   9900K .......... .......... .......... .......... .......... 29%  289M 1s
[2024-12-05T20:39:29.414+0000] {subprocess.py:106} INFO -   9950K .......... .......... .......... .......... .......... 30% 3.16M 1s
[2024-12-05T20:39:29.415+0000] {subprocess.py:106} INFO -  10000K .......... .......... .......... .......... .......... 30%  139M 1s
[2024-12-05T20:39:29.415+0000] {subprocess.py:106} INFO -  10050K .......... .......... .......... .......... .......... 30%  190M 1s
[2024-12-05T20:39:29.416+0000] {subprocess.py:106} INFO -  10100K .......... .......... .......... .......... .......... 30%  128M 1s
[2024-12-05T20:39:29.417+0000] {subprocess.py:106} INFO -  10150K .......... .......... .......... .......... .......... 30%  161M 1s
[2024-12-05T20:39:29.417+0000] {subprocess.py:106} INFO -  10200K .......... .......... .......... .......... .......... 30%  162M 1s
[2024-12-05T20:39:29.417+0000] {subprocess.py:106} INFO -  10250K .......... .......... .......... .......... .......... 31%  157M 1s
[2024-12-05T20:39:29.418+0000] {subprocess.py:106} INFO -  10300K .......... .......... .......... .......... .......... 31%  213M 1s
[2024-12-05T20:39:29.419+0000] {subprocess.py:106} INFO -  10350K .......... .......... .......... .......... .......... 31% 90.0M 1s
[2024-12-05T20:39:29.420+0000] {subprocess.py:106} INFO -  10400K .......... .......... .......... .......... .......... 31%  207M 1s
[2024-12-05T20:39:29.421+0000] {subprocess.py:106} INFO -  10450K .......... .......... .......... .......... .......... 31%  216M 1s
[2024-12-05T20:39:29.421+0000] {subprocess.py:106} INFO -  10500K .......... .......... .......... .......... .......... 31%  232M 1s
[2024-12-05T20:39:29.421+0000] {subprocess.py:106} INFO -  10550K .......... .......... .......... .......... .......... 31%  178M 1s
[2024-12-05T20:39:29.422+0000] {subprocess.py:106} INFO -  10600K .......... .......... .......... .......... .......... 32%  341M 1s
[2024-12-05T20:39:29.422+0000] {subprocess.py:106} INFO -  10650K .......... .......... .......... .......... .......... 32%  291M 1s
[2024-12-05T20:39:29.422+0000] {subprocess.py:106} INFO -  10700K .......... .......... .......... .......... .......... 32%  296M 1s
[2024-12-05T20:39:29.423+0000] {subprocess.py:106} INFO -  10750K .......... .......... .......... .......... .......... 32%  202M 1s
[2024-12-05T20:39:29.423+0000] {subprocess.py:106} INFO -  10800K .......... .......... .......... .......... .......... 32%  261M 1s
[2024-12-05T20:39:29.424+0000] {subprocess.py:106} INFO -  10850K .......... .......... .......... .......... .......... 32%  205M 1s
[2024-12-05T20:39:29.424+0000] {subprocess.py:106} INFO -  10900K .......... .......... .......... .......... .......... 32%  221M 1s
[2024-12-05T20:39:29.425+0000] {subprocess.py:106} INFO -  10950K .......... .......... .......... .......... .......... 33%  238M 1s
[2024-12-05T20:39:29.425+0000] {subprocess.py:106} INFO -  11000K .......... .......... .......... .......... .......... 33%  298M 1s
[2024-12-05T20:39:29.426+0000] {subprocess.py:106} INFO -  11050K .......... .......... .......... .......... .......... 33%  180M 1s
[2024-12-05T20:39:29.426+0000] {subprocess.py:106} INFO -  11100K .......... .......... .......... .......... .......... 33%  185M 1s
[2024-12-05T20:39:29.426+0000] {subprocess.py:106} INFO -  11150K .......... .......... .......... .......... .......... 33%  207M 1s
[2024-12-05T20:39:29.426+0000] {subprocess.py:106} INFO -  11200K .......... .......... .......... .......... .......... 33%  182M 1s
[2024-12-05T20:39:29.427+0000] {subprocess.py:106} INFO -  11250K .......... .......... .......... .......... .......... 34%  241M 1s
[2024-12-05T20:39:29.427+0000] {subprocess.py:106} INFO -  11300K .......... .......... .......... .......... .......... 34%  270M 1s
[2024-12-05T20:39:29.428+0000] {subprocess.py:106} INFO -  11350K .......... .......... .......... .......... .......... 34%  304M 1s
[2024-12-05T20:39:29.428+0000] {subprocess.py:106} INFO -  11400K .......... .......... .......... .......... .......... 34%  298M 1s
[2024-12-05T20:39:29.429+0000] {subprocess.py:106} INFO -  11450K .......... .......... .......... .......... .......... 34%  253M 1s
[2024-12-05T20:39:29.429+0000] {subprocess.py:106} INFO -  11500K .......... .......... .......... .......... .......... 34%  186M 1s
[2024-12-05T20:39:29.429+0000] {subprocess.py:106} INFO -  11550K .......... .......... .......... .......... .......... 34% 45.4M 1s
[2024-12-05T20:39:29.429+0000] {subprocess.py:106} INFO -  11600K .......... .......... .......... .......... .......... 35%  199M 1s
[2024-12-05T20:39:29.430+0000] {subprocess.py:106} INFO -  11650K .......... .......... .......... .......... .......... 35%  178M 1s
[2024-12-05T20:39:29.430+0000] {subprocess.py:106} INFO -  11700K .......... .......... .......... .......... .......... 35%  175M 1s
[2024-12-05T20:39:29.430+0000] {subprocess.py:106} INFO -  11750K .......... .......... .......... .......... .......... 35% 25.3M 1s
[2024-12-05T20:39:29.431+0000] {subprocess.py:106} INFO -  11800K .......... .......... .......... .......... .......... 35%  152M 1s
[2024-12-05T20:39:29.431+0000] {subprocess.py:106} INFO -  11850K .......... .......... .......... .......... .......... 35% 38.9M 1s
[2024-12-05T20:39:29.431+0000] {subprocess.py:106} INFO -  11900K .......... .......... .......... .......... .......... 35% 76.0M 1s
[2024-12-05T20:39:29.431+0000] {subprocess.py:106} INFO -  11950K .......... .......... .......... .......... .......... 36% 94.2M 1s
[2024-12-05T20:39:29.432+0000] {subprocess.py:106} INFO -  12000K .......... .......... .......... .......... .......... 36%  147M 1s
[2024-12-05T20:39:29.433+0000] {subprocess.py:106} INFO -  12050K .......... .......... .......... .......... .......... 36%  238M 1s
[2024-12-05T20:39:29.439+0000] {subprocess.py:106} INFO -  12100K .......... .......... .......... .......... .......... 36% 5.02M 1s
[2024-12-05T20:39:29.453+0000] {subprocess.py:106} INFO -  12150K .......... .......... .......... .......... .......... 36% 3.34M 1s
[2024-12-05T20:39:29.454+0000] {subprocess.py:106} INFO -  12200K .......... .......... .......... .......... .......... 36%  214M 1s
[2024-12-05T20:39:29.455+0000] {subprocess.py:106} INFO -  12250K .......... .......... .......... .......... .......... 37%  230M 1s
[2024-12-05T20:39:29.456+0000] {subprocess.py:106} INFO -  12300K .......... .......... .......... .......... .......... 37%  159M 1s
[2024-12-05T20:39:29.457+0000] {subprocess.py:106} INFO -  12350K .......... .......... .......... .......... .......... 37%  133M 1s
[2024-12-05T20:39:29.458+0000] {subprocess.py:106} INFO -  12400K .......... .......... .......... .......... .......... 37% 84.7M 1s
[2024-12-05T20:39:29.458+0000] {subprocess.py:106} INFO -  12450K .......... .......... .......... .......... .......... 37%  149M 1s
[2024-12-05T20:39:29.459+0000] {subprocess.py:106} INFO -  12500K .......... .......... .......... .......... .......... 37% 66.3M 1s
[2024-12-05T20:39:29.460+0000] {subprocess.py:106} INFO -  12550K .......... .......... .......... .......... .......... 37% 70.8M 1s
[2024-12-05T20:39:29.462+0000] {subprocess.py:106} INFO -  12600K .......... .......... .......... .......... .......... 38%  175M 1s
[2024-12-05T20:39:29.462+0000] {subprocess.py:106} INFO -  12650K .......... .......... .......... .......... .......... 38%  112M 1s
[2024-12-05T20:39:29.463+0000] {subprocess.py:106} INFO -  12700K .......... .......... .......... .......... .......... 38%  106M 1s
[2024-12-05T20:39:29.464+0000] {subprocess.py:106} INFO -  12750K .......... .......... .......... .......... .......... 38%  198M 1s
[2024-12-05T20:39:29.465+0000] {subprocess.py:106} INFO -  12800K .......... .......... .......... .......... .......... 38% 90.6M 1s
[2024-12-05T20:39:29.466+0000] {subprocess.py:106} INFO -  12850K .......... .......... .......... .......... .......... 38% 96.1M 1s
[2024-12-05T20:39:29.466+0000] {subprocess.py:106} INFO -  12900K .......... .......... .......... .......... .......... 38% 76.9M 1s
[2024-12-05T20:39:29.466+0000] {subprocess.py:106} INFO -  12950K .......... .......... .......... .......... .......... 39% 79.1M 1s
[2024-12-05T20:39:29.467+0000] {subprocess.py:106} INFO -  13000K .......... .......... .......... .......... .......... 39% 52.6M 1s
[2024-12-05T20:39:29.468+0000] {subprocess.py:106} INFO -  13050K .......... .......... .......... .......... .......... 39% 23.2M 1s
[2024-12-05T20:39:29.469+0000] {subprocess.py:106} INFO -  13100K .......... .......... .......... .......... .......... 39% 87.4M 1s
[2024-12-05T20:39:29.469+0000] {subprocess.py:106} INFO -  13150K .......... .......... .......... .......... .......... 39% 45.3M 1s
[2024-12-05T20:39:29.470+0000] {subprocess.py:106} INFO -  13200K .......... .......... .......... .......... .......... 39% 47.6M 1s
[2024-12-05T20:39:29.475+0000] {subprocess.py:106} INFO -  13250K .......... .......... .......... .......... .......... 40% 23.4M 1s
[2024-12-05T20:39:29.476+0000] {subprocess.py:106} INFO -  13300K .......... .......... .......... .......... .......... 40% 37.2M 1s
[2024-12-05T20:39:29.476+0000] {subprocess.py:106} INFO -  13350K .......... .......... .......... .......... .......... 40%  116M 1s
[2024-12-05T20:39:29.476+0000] {subprocess.py:106} INFO -  13400K .......... .......... .......... .......... .......... 40%  170M 1s
[2024-12-05T20:39:29.477+0000] {subprocess.py:106} INFO -  13450K .......... .......... .......... .......... .......... 40%  207M 1s
[2024-12-05T20:39:29.477+0000] {subprocess.py:106} INFO -  13500K .......... .......... .......... .......... .......... 40%  157M 1s
[2024-12-05T20:39:29.477+0000] {subprocess.py:106} INFO -  13550K .......... .......... .......... .......... .......... 40%  136M 1s
[2024-12-05T20:39:29.477+0000] {subprocess.py:106} INFO -  13600K .......... .......... .......... .......... .......... 41% 89.0M 1s
[2024-12-05T20:39:29.478+0000] {subprocess.py:106} INFO -  13650K .......... .......... .......... .......... .......... 41%  154M 1s
[2024-12-05T20:39:29.478+0000] {subprocess.py:106} INFO -  13700K .......... .......... .......... .......... .......... 41%  250M 1s
[2024-12-05T20:39:29.478+0000] {subprocess.py:106} INFO -  13750K .......... .......... .......... .......... .......... 41%  124M 1s
[2024-12-05T20:39:29.479+0000] {subprocess.py:106} INFO -  13800K .......... .......... .......... .......... .......... 41%  187M 1s
[2024-12-05T20:39:29.479+0000] {subprocess.py:106} INFO -  13850K .......... .......... .......... .......... .......... 41%  130M 1s
[2024-12-05T20:39:29.479+0000] {subprocess.py:106} INFO -  13900K .......... .......... .......... .......... .......... 41%  159M 1s
[2024-12-05T20:39:29.479+0000] {subprocess.py:106} INFO -  13950K .......... .......... .......... .......... .......... 42%  202M 1s
[2024-12-05T20:39:29.479+0000] {subprocess.py:106} INFO -  14000K .......... .......... .......... .......... .......... 42%  222M 1s
[2024-12-05T20:39:29.480+0000] {subprocess.py:106} INFO -  14050K .......... .......... .......... .......... .......... 42%  126M 1s
[2024-12-05T20:39:29.487+0000] {subprocess.py:106} INFO -  14100K .......... .......... .......... .......... .......... 42% 3.95M 1s
[2024-12-05T20:39:29.487+0000] {subprocess.py:106} INFO -  14150K .......... .......... .......... .......... .......... 42%  247M 1s
[2024-12-05T20:39:29.490+0000] {subprocess.py:106} INFO -  14200K .......... .......... .......... .......... .......... 42%  277M 1s
[2024-12-05T20:39:29.490+0000] {subprocess.py:106} INFO -  14250K .......... .......... .......... .......... .......... 43%  335M 1s
[2024-12-05T20:39:29.490+0000] {subprocess.py:106} INFO -  14300K .......... .......... .......... .......... .......... 43%  170M 1s
[2024-12-05T20:39:29.491+0000] {subprocess.py:106} INFO -  14350K .......... .......... .......... .......... .......... 43%  328M 1s
[2024-12-05T20:39:29.491+0000] {subprocess.py:106} INFO -  14400K .......... .......... .......... .......... .......... 43%  149M 1s
[2024-12-05T20:39:29.491+0000] {subprocess.py:106} INFO -  14450K .......... .......... .......... .......... .......... 43%  256M 0s
[2024-12-05T20:39:29.491+0000] {subprocess.py:106} INFO -  14500K .......... .......... .......... .......... .......... 43%  332M 0s
[2024-12-05T20:39:29.492+0000] {subprocess.py:106} INFO -  14550K .......... .......... .......... .......... .......... 43%  289M 0s
[2024-12-05T20:39:29.493+0000] {subprocess.py:106} INFO -  14600K .......... .......... .......... .......... .......... 44%  125M 0s
[2024-12-05T20:39:29.493+0000] {subprocess.py:106} INFO -  14650K .......... .......... .......... .......... .......... 44%  198M 0s
[2024-12-05T20:39:29.493+0000] {subprocess.py:106} INFO -  14700K .......... .......... .......... .......... .......... 44%  171M 0s
[2024-12-05T20:39:29.493+0000] {subprocess.py:106} INFO -  14750K .......... .......... .......... .......... .......... 44%  211M 0s
[2024-12-05T20:39:29.494+0000] {subprocess.py:106} INFO -  14800K .......... .......... .......... .......... .......... 44%  180M 0s
[2024-12-05T20:39:29.494+0000] {subprocess.py:106} INFO -  14850K .......... .......... .......... .......... .......... 44%  326M 0s
[2024-12-05T20:39:29.494+0000] {subprocess.py:106} INFO -  14900K .......... .......... .......... .......... .......... 45%  339M 0s
[2024-12-05T20:39:29.495+0000] {subprocess.py:106} INFO -  14950K .......... .......... .......... .......... .......... 45%  191M 0s
[2024-12-05T20:39:29.495+0000] {subprocess.py:106} INFO -  15000K .......... .......... .......... .......... .......... 45%  320M 0s
[2024-12-05T20:39:29.510+0000] {subprocess.py:106} INFO -  15050K .......... .......... .......... .......... .......... 45% 2.48M 0s
[2024-12-05T20:39:29.512+0000] {subprocess.py:106} INFO -  15100K .......... .......... .......... .......... .......... 45% 59.3M 0s
[2024-12-05T20:39:29.512+0000] {subprocess.py:106} INFO -  15150K .......... .......... .......... .......... .......... 45%  147M 0s
[2024-12-05T20:39:29.516+0000] {subprocess.py:106} INFO -  15200K .......... .......... .......... .......... .......... 45% 70.3M 0s
[2024-12-05T20:39:29.516+0000] {subprocess.py:106} INFO -  15250K .......... .......... .......... .......... .......... 46%  147M 0s
[2024-12-05T20:39:29.517+0000] {subprocess.py:106} INFO -  15300K .......... .......... .......... .......... .......... 46%  213M 0s
[2024-12-05T20:39:29.518+0000] {subprocess.py:106} INFO -  15350K .......... .......... .......... .......... .......... 46%  164M 0s
[2024-12-05T20:39:29.520+0000] {subprocess.py:106} INFO -  15400K .......... .......... .......... .......... .......... 46%  247M 0s
[2024-12-05T20:39:29.522+0000] {subprocess.py:106} INFO -  15450K .......... .......... .......... .......... .......... 46%  191M 0s
[2024-12-05T20:39:29.525+0000] {subprocess.py:106} INFO -  15500K .......... .......... .......... .......... .......... 46% 85.9M 0s
[2024-12-05T20:39:29.526+0000] {subprocess.py:106} INFO -  15550K .......... .......... .......... .......... .......... 46%  125M 0s
[2024-12-05T20:39:29.527+0000] {subprocess.py:106} INFO -  15600K .......... .......... .......... .......... .......... 47%  121M 0s
[2024-12-05T20:39:29.529+0000] {subprocess.py:106} INFO -  15650K .......... .......... .......... .......... .......... 47%  109M 0s
[2024-12-05T20:39:29.530+0000] {subprocess.py:106} INFO -  15700K .......... .......... .......... .......... .......... 47% 53.7M 0s
[2024-12-05T20:39:29.531+0000] {subprocess.py:106} INFO -  15750K .......... .......... .......... .......... .......... 47%  221M 0s
[2024-12-05T20:39:29.531+0000] {subprocess.py:106} INFO -  15800K .......... .......... .......... .......... .......... 47% 50.5M 0s
[2024-12-05T20:39:29.533+0000] {subprocess.py:106} INFO -  15850K .......... .......... .......... .......... .......... 47% 73.7M 0s
[2024-12-05T20:39:29.535+0000] {subprocess.py:106} INFO -  15900K .......... .......... .......... .......... .......... 48% 91.1M 0s
[2024-12-05T20:39:29.536+0000] {subprocess.py:106} INFO -  15950K .......... .......... .......... .......... .......... 48%  239M 0s
[2024-12-05T20:39:29.536+0000] {subprocess.py:106} INFO -  16000K .......... .......... .......... .......... .......... 48%  134M 0s
[2024-12-05T20:39:29.537+0000] {subprocess.py:106} INFO -  16050K .......... .......... .......... .......... .......... 48% 19.9M 0s
[2024-12-05T20:39:29.538+0000] {subprocess.py:106} INFO -  16100K .......... .......... .......... .......... .......... 48% 49.6M 0s
[2024-12-05T20:39:29.538+0000] {subprocess.py:106} INFO -  16150K .......... .......... .......... .......... .......... 48%  184M 0s
[2024-12-05T20:39:29.538+0000] {subprocess.py:106} INFO -  16200K .......... .......... .......... .......... .......... 48%  135M 0s
[2024-12-05T20:39:29.539+0000] {subprocess.py:106} INFO -  16250K .......... .......... .......... .......... .......... 49% 39.9M 0s
[2024-12-05T20:39:29.539+0000] {subprocess.py:106} INFO -  16300K .......... .......... .......... .......... .......... 49% 31.7M 0s
[2024-12-05T20:39:29.539+0000] {subprocess.py:106} INFO -  16350K .......... .......... .......... .......... .......... 49%  119M 0s
[2024-12-05T20:39:29.539+0000] {subprocess.py:106} INFO -  16400K .......... .......... .......... .......... .......... 49%  242M 0s
[2024-12-05T20:39:29.540+0000] {subprocess.py:106} INFO -  16450K .......... .......... .......... .......... .......... 49% 69.2M 0s
[2024-12-05T20:39:29.540+0000] {subprocess.py:106} INFO -  16500K .......... .......... .......... .......... .......... 49% 31.7M 0s
[2024-12-05T20:39:29.540+0000] {subprocess.py:106} INFO -  16550K .......... .......... .......... .......... .......... 49%  107M 0s
[2024-12-05T20:39:29.540+0000] {subprocess.py:106} INFO -  16600K .......... .......... .......... .......... .......... 50% 49.8M 0s
[2024-12-05T20:39:29.541+0000] {subprocess.py:106} INFO -  16650K .......... .......... .......... .......... .......... 50% 84.3M 0s
[2024-12-05T20:39:29.541+0000] {subprocess.py:106} INFO -  16700K .......... .......... .......... .......... .......... 50%  130M 0s
[2024-12-05T20:39:29.541+0000] {subprocess.py:106} INFO -  16750K .......... .......... .......... .......... .......... 50% 33.1M 0s
[2024-12-05T20:39:29.541+0000] {subprocess.py:106} INFO -  16800K .......... .......... .......... .......... .......... 50% 66.9M 0s
[2024-12-05T20:39:29.542+0000] {subprocess.py:106} INFO -  16850K .......... .......... .......... .......... .......... 50% 63.2M 0s
[2024-12-05T20:39:29.542+0000] {subprocess.py:106} INFO -  16900K .......... .......... .......... .......... .......... 51% 76.2M 0s
[2024-12-05T20:39:29.542+0000] {subprocess.py:106} INFO -  16950K .......... .......... .......... .......... .......... 51%  150M 0s
[2024-12-05T20:39:29.542+0000] {subprocess.py:106} INFO -  17000K .......... .......... .......... .......... .......... 51%  236M 0s
[2024-12-05T20:39:29.543+0000] {subprocess.py:106} INFO -  17050K .......... .......... .......... .......... .......... 51%  200M 0s
[2024-12-05T20:39:29.543+0000] {subprocess.py:106} INFO -  17100K .......... .......... .......... .......... .......... 51% 88.2M 0s
[2024-12-05T20:39:29.543+0000] {subprocess.py:106} INFO -  17150K .......... .......... .......... .......... .......... 51%  184M 0s
[2024-12-05T20:39:29.543+0000] {subprocess.py:106} INFO -  17200K .......... .......... .......... .......... .......... 51%  123M 0s
[2024-12-05T20:39:29.543+0000] {subprocess.py:106} INFO -  17250K .......... .......... .......... .......... .......... 52%  153M 0s
[2024-12-05T20:39:29.564+0000] {subprocess.py:106} INFO -  17300K .......... .......... .......... .......... .......... 52% 1.84M 0s
[2024-12-05T20:39:29.568+0000] {subprocess.py:106} INFO -  17350K .......... .......... .......... .......... .......... 52%  240M 0s
[2024-12-05T20:39:29.568+0000] {subprocess.py:106} INFO -  17400K .......... .......... .......... .......... .......... 52%  107M 0s
[2024-12-05T20:39:29.569+0000] {subprocess.py:106} INFO -  17450K .......... .......... .......... .......... .......... 52%  219M 0s
[2024-12-05T20:39:29.570+0000] {subprocess.py:106} INFO -  17500K .......... .......... .......... .......... .......... 52%  191M 0s
[2024-12-05T20:39:29.571+0000] {subprocess.py:106} INFO -  17550K .......... .......... .......... .......... .......... 52%  215M 0s
[2024-12-05T20:39:29.576+0000] {subprocess.py:106} INFO -  17600K .......... .......... .......... .......... .......... 53%  181M 0s
[2024-12-05T20:39:29.578+0000] {subprocess.py:106} INFO -  17650K .......... .......... .......... .......... .......... 53%  234M 0s
[2024-12-05T20:39:29.578+0000] {subprocess.py:106} INFO -  17700K .......... .......... .......... .......... .......... 53%  149M 0s
[2024-12-05T20:39:29.580+0000] {subprocess.py:106} INFO -  17750K .......... .......... .......... .......... .......... 53%  239M 0s
[2024-12-05T20:39:29.581+0000] {subprocess.py:106} INFO -  17800K .......... .......... .......... .......... .......... 53%  268M 0s
[2024-12-05T20:39:29.583+0000] {subprocess.py:106} INFO -  17850K .......... .......... .......... .......... .......... 53%  122M 0s
[2024-12-05T20:39:29.583+0000] {subprocess.py:106} INFO -  17900K .......... .......... .......... .......... .......... 54%  165M 0s
[2024-12-05T20:39:29.585+0000] {subprocess.py:106} INFO -  17950K .......... .......... .......... .......... .......... 54%  224M 0s
[2024-12-05T20:39:29.585+0000] {subprocess.py:106} INFO -  18000K .......... .......... .......... .......... .......... 54%  211M 0s
[2024-12-05T20:39:29.586+0000] {subprocess.py:106} INFO -  18050K .......... .......... .......... .......... .......... 54%  172M 0s
[2024-12-05T20:39:29.587+0000] {subprocess.py:106} INFO -  18100K .......... .......... .......... .......... .......... 54% 97.4M 0s
[2024-12-05T20:39:29.588+0000] {subprocess.py:106} INFO -  18150K .......... .......... .......... .......... .......... 54% 13.5M 0s
[2024-12-05T20:39:29.589+0000] {subprocess.py:106} INFO -  18200K .......... .......... .......... .......... .......... 54%  125M 0s
[2024-12-05T20:39:29.589+0000] {subprocess.py:106} INFO -  18250K .......... .......... .......... .......... .......... 55% 39.1M 0s
[2024-12-05T20:39:29.590+0000] {subprocess.py:106} INFO -  18300K .......... .......... .......... .......... .......... 55% 39.8M 0s
[2024-12-05T20:39:29.599+0000] {subprocess.py:106} INFO -  18350K .......... .......... .......... .......... .......... 55% 1.98M 0s
[2024-12-05T20:39:29.601+0000] {subprocess.py:106} INFO -  18400K .......... .......... .......... .......... .......... 55%  186M 0s
[2024-12-05T20:39:29.601+0000] {subprocess.py:106} INFO -  18450K .......... .......... .......... .......... .......... 55%  175M 0s
[2024-12-05T20:39:29.603+0000] {subprocess.py:106} INFO -  18500K .......... .......... .......... .......... .......... 55%  109M 0s
[2024-12-05T20:39:29.605+0000] {subprocess.py:106} INFO -  18550K .......... .......... .......... .......... .......... 55%  256M 0s
[2024-12-05T20:39:29.607+0000] {subprocess.py:106} INFO -  18600K .......... .......... .......... .......... .......... 56%  131M 0s
[2024-12-05T20:39:29.608+0000] {subprocess.py:106} INFO -  18650K .......... .......... .......... .......... .......... 56% 44.2M 0s
[2024-12-05T20:39:29.610+0000] {subprocess.py:106} INFO -  18700K .......... .......... .......... .......... .......... 56% 36.5M 0s
[2024-12-05T20:39:29.613+0000] {subprocess.py:106} INFO -  18750K .......... .......... .......... .......... .......... 56%  138M 0s
[2024-12-05T20:39:29.613+0000] {subprocess.py:106} INFO -  18800K .......... .......... .......... .......... .......... 56% 68.1M 0s
[2024-12-05T20:39:29.615+0000] {subprocess.py:106} INFO -  18850K .......... .......... .......... .......... .......... 56% 95.6M 0s
[2024-12-05T20:39:29.615+0000] {subprocess.py:106} INFO -  18900K .......... .......... .......... .......... .......... 57%  132M 0s
[2024-12-05T20:39:29.616+0000] {subprocess.py:106} INFO -  18950K .......... .......... .......... .......... .......... 57%  226M 0s
[2024-12-05T20:39:29.616+0000] {subprocess.py:106} INFO -  19000K .......... .......... .......... .......... .......... 57%  220M 0s
[2024-12-05T20:39:29.617+0000] {subprocess.py:106} INFO -  19050K .......... .......... .......... .......... .......... 57%  228M 0s
[2024-12-05T20:39:29.619+0000] {subprocess.py:106} INFO -  19100K .......... .......... .......... .......... .......... 57%  215M 0s
[2024-12-05T20:39:29.620+0000] {subprocess.py:106} INFO -  19150K .......... .......... .......... .......... .......... 57%  184M 0s
[2024-12-05T20:39:29.621+0000] {subprocess.py:106} INFO -  19200K .......... .......... .......... .......... .......... 57%  201M 0s
[2024-12-05T20:39:29.623+0000] {subprocess.py:106} INFO -  19250K .......... .......... .......... .......... .......... 58%  161M 0s
[2024-12-05T20:39:29.626+0000] {subprocess.py:106} INFO -  19300K .......... .......... .......... .......... .......... 58%  120M 0s
[2024-12-05T20:39:29.626+0000] {subprocess.py:106} INFO -  19350K .......... .......... .......... .......... .......... 58% 90.1M 0s
[2024-12-05T20:39:29.627+0000] {subprocess.py:106} INFO -  19400K .......... .......... .......... .......... .......... 58%  108M 0s
[2024-12-05T20:39:29.628+0000] {subprocess.py:106} INFO -  19450K .......... .......... .......... .......... .......... 58% 94.2M 0s
[2024-12-05T20:39:29.629+0000] {subprocess.py:106} INFO -  19500K .......... .......... .......... .......... .......... 58% 96.4M 0s
[2024-12-05T20:39:29.629+0000] {subprocess.py:106} INFO -  19550K .......... .......... .......... .......... .......... 58% 61.4M 0s
[2024-12-05T20:39:29.630+0000] {subprocess.py:106} INFO -  19600K .......... .......... .......... .......... .......... 59% 71.7M 0s
[2024-12-05T20:39:29.630+0000] {subprocess.py:106} INFO -  19650K .......... .......... .......... .......... .......... 59% 72.2M 0s
[2024-12-05T20:39:29.630+0000] {subprocess.py:106} INFO -  19700K .......... .......... .......... .......... .......... 59% 95.5M 0s
[2024-12-05T20:39:29.630+0000] {subprocess.py:106} INFO -  19750K .......... .......... .......... .......... .......... 59% 60.1M 0s
[2024-12-05T20:39:29.631+0000] {subprocess.py:106} INFO -  19800K .......... .......... .......... .......... .......... 59%  103M 0s
[2024-12-05T20:39:29.631+0000] {subprocess.py:106} INFO -  19850K .......... .......... .......... .......... .......... 59% 92.3M 0s
[2024-12-05T20:39:29.631+0000] {subprocess.py:106} INFO -  19900K .......... .......... .......... .......... .......... 60% 90.4M 0s
[2024-12-05T20:39:29.631+0000] {subprocess.py:106} INFO -  19950K .......... .......... .......... .......... .......... 60% 51.7M 0s
[2024-12-05T20:39:29.632+0000] {subprocess.py:106} INFO -  20000K .......... .......... .......... .......... .......... 60% 61.2M 0s
[2024-12-05T20:39:29.632+0000] {subprocess.py:106} INFO -  20050K .......... .......... .......... .......... .......... 60%  172M 0s
[2024-12-05T20:39:29.632+0000] {subprocess.py:106} INFO -  20100K .......... .......... .......... .......... .......... 60% 61.1M 0s
[2024-12-05T20:39:29.633+0000] {subprocess.py:106} INFO -  20150K .......... .......... .......... .......... .......... 60%  211M 0s
[2024-12-05T20:39:29.634+0000] {subprocess.py:106} INFO -  20200K .......... .......... .......... .......... .......... 60% 61.0M 0s
[2024-12-05T20:39:29.634+0000] {subprocess.py:106} INFO -  20250K .......... .......... .......... .......... .......... 61%  209M 0s
[2024-12-05T20:39:29.635+0000] {subprocess.py:106} INFO -  20300K .......... .......... .......... .......... .......... 61% 58.0M 0s
[2024-12-05T20:39:29.635+0000] {subprocess.py:106} INFO -  20350K .......... .......... .......... .......... .......... 61% 21.1M 0s
[2024-12-05T20:39:29.635+0000] {subprocess.py:106} INFO -  20400K .......... .......... .......... .......... .......... 61% 72.9M 0s
[2024-12-05T20:39:29.635+0000] {subprocess.py:106} INFO -  20450K .......... .......... .......... .......... .......... 61% 47.5M 0s
[2024-12-05T20:39:29.635+0000] {subprocess.py:106} INFO -  20500K .......... .......... .......... .......... .......... 61%  284M 0s
[2024-12-05T20:39:29.636+0000] {subprocess.py:106} INFO -  20550K .......... .......... .......... .......... .......... 62%  100M 0s
[2024-12-05T20:39:29.636+0000] {subprocess.py:106} INFO -  20600K .......... .......... .......... .......... .......... 62% 61.2M 0s
[2024-12-05T20:39:29.636+0000] {subprocess.py:106} INFO -  20650K .......... .......... .......... .......... .......... 62% 79.3M 0s
[2024-12-05T20:39:29.637+0000] {subprocess.py:106} INFO -  20700K .......... .......... .......... .......... .......... 62%  109M 0s
[2024-12-05T20:39:29.638+0000] {subprocess.py:106} INFO -  20750K .......... .......... .......... .......... .......... 62% 95.0M 0s
[2024-12-05T20:39:29.638+0000] {subprocess.py:106} INFO -  20800K .......... .......... .......... .......... .......... 62% 45.4M 0s
[2024-12-05T20:39:29.639+0000] {subprocess.py:106} INFO -  20850K .......... .......... .......... .......... .......... 62% 84.6M 0s
[2024-12-05T20:39:29.639+0000] {subprocess.py:106} INFO -  20900K .......... .......... .......... .......... .......... 63%  116M 0s
[2024-12-05T20:39:29.640+0000] {subprocess.py:106} INFO -  20950K .......... .......... .......... .......... .......... 63%  200M 0s
[2024-12-05T20:39:29.640+0000] {subprocess.py:106} INFO -  21000K .......... .......... .......... .......... .......... 63%  205M 0s
[2024-12-05T20:39:29.640+0000] {subprocess.py:106} INFO -  21050K .......... .......... .......... .......... .......... 63%  105M 0s
[2024-12-05T20:39:29.669+0000] {subprocess.py:106} INFO -  21100K .......... .......... .......... .......... .......... 63% 1.24M 0s
[2024-12-05T20:39:29.685+0000] {subprocess.py:106} INFO -  21150K .......... .......... .......... .......... .......... 63% 3.04M 0s
[2024-12-05T20:39:29.686+0000] {subprocess.py:106} INFO -  21200K .......... .......... .......... .......... .......... 63%  137M 0s
[2024-12-05T20:39:29.688+0000] {subprocess.py:106} INFO -  21250K .......... .......... .......... .......... .......... 64%  104M 0s
[2024-12-05T20:39:29.689+0000] {subprocess.py:106} INFO -  21300K .......... .......... .......... .......... .......... 64% 44.7M 0s
[2024-12-05T20:39:29.689+0000] {subprocess.py:106} INFO -  21350K .......... .......... .......... .......... .......... 64% 36.6M 0s
[2024-12-05T20:39:29.689+0000] {subprocess.py:106} INFO -  21400K .......... .......... .......... .......... .......... 64% 48.4M 0s
[2024-12-05T20:39:29.690+0000] {subprocess.py:106} INFO -  21450K .......... .......... .......... .......... .......... 64% 42.8M 0s
[2024-12-05T20:39:29.691+0000] {subprocess.py:106} INFO -  21500K .......... .......... .......... .......... .......... 64% 79.6M 0s
[2024-12-05T20:39:29.692+0000] {subprocess.py:106} INFO -  21550K .......... .......... .......... .......... .......... 65% 68.8M 0s
[2024-12-05T20:39:29.692+0000] {subprocess.py:106} INFO -  21600K .......... .......... .......... .......... .......... 65%  300M 0s
[2024-12-05T20:39:29.693+0000] {subprocess.py:106} INFO -  21650K .......... .......... .......... .......... .......... 65% 52.6M 0s
[2024-12-05T20:39:29.694+0000] {subprocess.py:106} INFO -  21700K .......... .......... .......... .......... .......... 65%  114M 0s
[2024-12-05T20:39:29.695+0000] {subprocess.py:106} INFO -  21750K .......... .......... .......... .......... .......... 65% 32.9M 0s
[2024-12-05T20:39:29.696+0000] {subprocess.py:106} INFO -  21800K .......... .......... .......... .......... .......... 65%  118M 0s
[2024-12-05T20:39:29.699+0000] {subprocess.py:106} INFO -  21850K .......... .......... .......... .......... .......... 65%  124M 0s
[2024-12-05T20:39:29.703+0000] {subprocess.py:106} INFO -  21900K .......... .......... .......... .......... .......... 66% 51.9M 0s
[2024-12-05T20:39:29.704+0000] {subprocess.py:106} INFO -  21950K .......... .......... .......... .......... .......... 66% 67.8M 0s
[2024-12-05T20:39:29.704+0000] {subprocess.py:106} INFO -  22000K .......... .......... .......... .......... .......... 66%  229M 0s
[2024-12-05T20:39:29.705+0000] {subprocess.py:106} INFO -  22050K .......... .......... .......... .......... .......... 66%  220M 0s
[2024-12-05T20:39:29.705+0000] {subprocess.py:106} INFO -  22100K .......... .......... .......... .......... .......... 66% 75.9M 0s
[2024-12-05T20:39:29.705+0000] {subprocess.py:106} INFO -  22150K .......... .......... .......... .......... .......... 66% 92.4M 0s
[2024-12-05T20:39:29.705+0000] {subprocess.py:106} INFO -  22200K .......... .......... .......... .......... .......... 66%  311M 0s
[2024-12-05T20:39:29.706+0000] {subprocess.py:106} INFO -  22250K .......... .......... .......... .......... .......... 67%  221M 0s
[2024-12-05T20:39:29.706+0000] {subprocess.py:106} INFO -  22300K .......... .......... .......... .......... .......... 67% 61.2M 0s
[2024-12-05T20:39:29.707+0000] {subprocess.py:106} INFO -  22350K .......... .......... .......... .......... .......... 67%  243M 0s
[2024-12-05T20:39:29.707+0000] {subprocess.py:106} INFO -  22400K .......... .......... .......... .......... .......... 67% 82.8M 0s
[2024-12-05T20:39:29.707+0000] {subprocess.py:106} INFO -  22450K .......... .......... .......... .......... .......... 67%  185M 0s
[2024-12-05T20:39:29.707+0000] {subprocess.py:106} INFO -  22500K .......... .......... .......... .......... .......... 67%  110M 0s
[2024-12-05T20:39:29.708+0000] {subprocess.py:106} INFO -  22550K .......... .......... .......... .......... .......... 68% 61.6M 0s
[2024-12-05T20:39:29.708+0000] {subprocess.py:106} INFO -  22600K .......... .......... .......... .......... .......... 68%  183M 0s
[2024-12-05T20:39:29.708+0000] {subprocess.py:106} INFO -  22650K .......... .......... .......... .......... .......... 68%  188M 0s
[2024-12-05T20:39:29.708+0000] {subprocess.py:106} INFO -  22700K .......... .......... .......... .......... .......... 68%  173M 0s
[2024-12-05T20:39:29.708+0000] {subprocess.py:106} INFO -  22750K .......... .......... .......... .......... .......... 68%  139M 0s
[2024-12-05T20:39:29.708+0000] {subprocess.py:106} INFO -  22800K .......... .......... .......... .......... .......... 68%  156M 0s
[2024-12-05T20:39:29.709+0000] {subprocess.py:106} INFO -  22850K .......... .......... .......... .......... .......... 68%  261M 0s
[2024-12-05T20:39:29.709+0000] {subprocess.py:106} INFO -  22900K .......... .......... .......... .......... .......... 69% 92.2M 0s
[2024-12-05T20:39:29.709+0000] {subprocess.py:106} INFO -  22950K .......... .......... .......... .......... .......... 69%  316M 0s
[2024-12-05T20:39:29.709+0000] {subprocess.py:106} INFO -  23000K .......... .......... .......... .......... .......... 69%  337M 0s
[2024-12-05T20:39:29.709+0000] {subprocess.py:106} INFO -  23050K .......... .......... .......... .......... .......... 69%  325M 0s
[2024-12-05T20:39:29.730+0000] {subprocess.py:106} INFO -  23100K .......... .......... .......... .......... .......... 69% 1.93M 0s
[2024-12-05T20:39:29.732+0000] {subprocess.py:106} INFO -  23150K .......... .......... .......... .......... .......... 69%  170M 0s
[2024-12-05T20:39:29.732+0000] {subprocess.py:106} INFO -  23200K .......... .......... .......... .......... .......... 69%  201M 0s
[2024-12-05T20:39:29.733+0000] {subprocess.py:106} INFO -  23250K .......... .......... .......... .......... .......... 70%  304M 0s
[2024-12-05T20:39:29.733+0000] {subprocess.py:106} INFO -  23300K .......... .......... .......... .......... .......... 70%  165M 0s
[2024-12-05T20:39:29.734+0000] {subprocess.py:106} INFO -  23350K .......... .......... .......... .......... .......... 70%  265M 0s
[2024-12-05T20:39:29.734+0000] {subprocess.py:106} INFO -  23400K .......... .......... .......... .......... .......... 70%  278M 0s
[2024-12-05T20:39:29.734+0000] {subprocess.py:106} INFO -  23450K .......... .......... .......... .......... .......... 70%  322M 0s
[2024-12-05T20:39:29.734+0000] {subprocess.py:106} INFO -  23500K .......... .......... .......... .......... .......... 70%  254M 0s
[2024-12-05T20:39:29.735+0000] {subprocess.py:106} INFO -  23550K .......... .......... .......... .......... .......... 71% 68.3M 0s
[2024-12-05T20:39:29.735+0000] {subprocess.py:106} INFO -  23600K .......... .......... .......... .......... .......... 71%  132M 0s
[2024-12-05T20:39:29.735+0000] {subprocess.py:106} INFO -  23650K .......... .......... .......... .......... .......... 71%  252M 0s
[2024-12-05T20:39:29.757+0000] {subprocess.py:106} INFO -  23700K .......... .......... .......... .......... .......... 71% 2.08M 0s
[2024-12-05T20:39:29.763+0000] {subprocess.py:106} INFO -  23750K .......... .......... .......... .......... .......... 71%  118M 0s
[2024-12-05T20:39:29.764+0000] {subprocess.py:106} INFO -  23800K .......... .......... .......... .......... .......... 71% 58.9M 0s
[2024-12-05T20:39:29.766+0000] {subprocess.py:106} INFO -  23850K .......... .......... .......... .......... .......... 71%  341M 0s
[2024-12-05T20:39:29.766+0000] {subprocess.py:106} INFO -  23900K .......... .......... .......... .......... .......... 72% 55.7M 0s
[2024-12-05T20:39:29.767+0000] {subprocess.py:106} INFO -  23950K .......... .......... .......... .......... .......... 72%  111M 0s
[2024-12-05T20:39:29.767+0000] {subprocess.py:106} INFO -  24000K .......... .......... .......... .......... .......... 72% 13.1M 0s
[2024-12-05T20:39:29.767+0000] {subprocess.py:106} INFO -  24050K .......... .......... .......... .......... .......... 72% 95.7M 0s
[2024-12-05T20:39:29.768+0000] {subprocess.py:106} INFO -  24100K .......... .......... .......... .......... .......... 72% 73.1M 0s
[2024-12-05T20:39:29.768+0000] {subprocess.py:106} INFO -  24150K .......... .......... .......... .......... .......... 72% 58.3M 0s
[2024-12-05T20:39:29.768+0000] {subprocess.py:106} INFO -  24200K .......... .......... .......... .......... .......... 72% 62.1M 0s
[2024-12-05T20:39:29.768+0000] {subprocess.py:106} INFO -  24250K .......... .......... .......... .......... .......... 73% 74.7M 0s
[2024-12-05T20:39:29.771+0000] {subprocess.py:106} INFO -  24300K .......... .......... .......... .......... .......... 73% 26.5M 0s
[2024-12-05T20:39:29.772+0000] {subprocess.py:106} INFO -  24350K .......... .......... .......... .......... .......... 73% 70.1M 0s
[2024-12-05T20:39:29.773+0000] {subprocess.py:106} INFO -  24400K .......... .......... .......... .......... .......... 73%  210M 0s
[2024-12-05T20:39:29.774+0000] {subprocess.py:106} INFO -  24450K .......... .......... .......... .......... .......... 73%  128M 0s
[2024-12-05T20:39:29.778+0000] {subprocess.py:106} INFO -  24500K .......... .......... .......... .......... .......... 73%  251M 0s
[2024-12-05T20:39:29.779+0000] {subprocess.py:106} INFO -  24550K .......... .......... .......... .......... .......... 74% 38.3M 0s
[2024-12-05T20:39:29.780+0000] {subprocess.py:106} INFO -  24600K .......... .......... .......... .......... .......... 74% 49.3M 0s
[2024-12-05T20:39:29.781+0000] {subprocess.py:106} INFO -  24650K .......... .......... .......... .......... .......... 74% 40.5M 0s
[2024-12-05T20:39:29.783+0000] {subprocess.py:106} INFO -  24700K .......... .......... .......... .......... .......... 74% 47.8M 0s
[2024-12-05T20:39:29.789+0000] {subprocess.py:106} INFO -  24750K .......... .......... .......... .......... .......... 74% 48.1M 0s
[2024-12-05T20:39:29.790+0000] {subprocess.py:106} INFO -  24800K .......... .......... .......... .......... .......... 74% 49.5M 0s
[2024-12-05T20:39:29.791+0000] {subprocess.py:106} INFO -  24850K .......... .......... .......... .......... .......... 74% 22.3M 0s
[2024-12-05T20:39:29.792+0000] {subprocess.py:106} INFO -  24900K .......... .......... .......... .......... .......... 75% 82.5M 0s
[2024-12-05T20:39:29.793+0000] {subprocess.py:106} INFO -  24950K .......... .......... .......... .......... .......... 75% 75.4M 0s
[2024-12-05T20:39:29.793+0000] {subprocess.py:106} INFO -  25000K .......... .......... .......... .......... .......... 75%  220M 0s
[2024-12-05T20:39:29.794+0000] {subprocess.py:106} INFO -  25050K .......... .......... .......... .......... .......... 75% 38.0M 0s
[2024-12-05T20:39:29.795+0000] {subprocess.py:106} INFO -  25100K .......... .......... .......... .......... .......... 75% 97.6M 0s
[2024-12-05T20:39:29.795+0000] {subprocess.py:106} INFO -  25150K .......... .......... .......... .......... .......... 75% 38.1M 0s
[2024-12-05T20:39:29.796+0000] {subprocess.py:106} INFO -  25200K .......... .......... .......... .......... .......... 76% 37.1M 0s
[2024-12-05T20:39:29.797+0000] {subprocess.py:106} INFO -  25250K .......... .......... .......... .......... .......... 76% 64.4M 0s
[2024-12-05T20:39:29.797+0000] {subprocess.py:106} INFO -  25300K .......... .......... .......... .......... .......... 76% 30.7M 0s
[2024-12-05T20:39:29.798+0000] {subprocess.py:106} INFO -  25350K .......... .......... .......... .......... .......... 76% 4.49M 0s
[2024-12-05T20:39:29.800+0000] {subprocess.py:106} INFO -  25400K .......... .......... .......... .......... .......... 76% 26.0M 0s
[2024-12-05T20:39:29.801+0000] {subprocess.py:106} INFO -  25450K .......... .......... .......... .......... .......... 76%  163M 0s
[2024-12-05T20:39:29.801+0000] {subprocess.py:106} INFO -  25500K .......... .......... .......... .......... .......... 76% 48.6M 0s
[2024-12-05T20:39:29.802+0000] {subprocess.py:106} INFO -  25550K .......... .......... .......... .......... .......... 77% 35.9M 0s
[2024-12-05T20:39:29.803+0000] {subprocess.py:106} INFO -  25600K .......... .......... .......... .......... .......... 77%  135M 0s
[2024-12-05T20:39:29.805+0000] {subprocess.py:106} INFO -  25650K .......... .......... .......... .......... .......... 77%  242M 0s
[2024-12-05T20:39:29.805+0000] {subprocess.py:106} INFO -  25700K .......... .......... .......... .......... .......... 77%  237M 0s
[2024-12-05T20:39:29.806+0000] {subprocess.py:106} INFO -  25750K .......... .......... .......... .......... .......... 77%  199M 0s
[2024-12-05T20:39:29.806+0000] {subprocess.py:106} INFO -  25800K .......... .......... .......... .......... .......... 77%  153M 0s
[2024-12-05T20:39:29.808+0000] {subprocess.py:106} INFO -  25850K .......... .......... .......... .......... .......... 77%  103M 0s
[2024-12-05T20:39:29.808+0000] {subprocess.py:106} INFO -  25900K .......... .......... .......... .......... .......... 78% 94.2M 0s
[2024-12-05T20:39:29.812+0000] {subprocess.py:106} INFO -  25950K .......... .......... .......... .......... .......... 78%  166M 0s
[2024-12-05T20:39:29.813+0000] {subprocess.py:106} INFO -  26000K .......... .......... .......... .......... .......... 78%  145M 0s
[2024-12-05T20:39:29.814+0000] {subprocess.py:106} INFO -  26050K .......... .......... .......... .......... .......... 78%  225M 0s
[2024-12-05T20:39:29.814+0000] {subprocess.py:106} INFO -  26100K .......... .......... .......... .......... .......... 78%  217M 0s
[2024-12-05T20:39:29.815+0000] {subprocess.py:106} INFO -  26150K .......... .......... .......... .......... .......... 78%  228M 0s
[2024-12-05T20:39:29.815+0000] {subprocess.py:106} INFO -  26200K .......... .......... .......... .......... .......... 79%  133M 0s
[2024-12-05T20:39:29.816+0000] {subprocess.py:106} INFO -  26250K .......... .......... .......... .......... .......... 79%  131M 0s
[2024-12-05T20:39:29.818+0000] {subprocess.py:106} INFO -  26300K .......... .......... .......... .......... .......... 79%  220M 0s
[2024-12-05T20:39:29.818+0000] {subprocess.py:106} INFO -  26350K .......... .......... .......... .......... .......... 79%  163M 0s
[2024-12-05T20:39:29.819+0000] {subprocess.py:106} INFO -  26400K .......... .......... .......... .......... .......... 79%  273M 0s
[2024-12-05T20:39:29.819+0000] {subprocess.py:106} INFO -  26450K .......... .......... .......... .......... .......... 79%  241M 0s
[2024-12-05T20:39:29.819+0000] {subprocess.py:106} INFO -  26500K .......... .......... .......... .......... .......... 79%  263M 0s
[2024-12-05T20:39:29.820+0000] {subprocess.py:106} INFO -  26550K .......... .......... .......... .......... .......... 80%  192M 0s
[2024-12-05T20:39:29.820+0000] {subprocess.py:106} INFO -  26600K .......... .......... .......... .......... .......... 80%  313M 0s
[2024-12-05T20:39:29.820+0000] {subprocess.py:106} INFO -  26650K .......... .......... .......... .......... .......... 80%  145M 0s
[2024-12-05T20:39:29.823+0000] {subprocess.py:106} INFO -  26700K .......... .......... .......... .......... .......... 80%  268M 0s
[2024-12-05T20:39:29.823+0000] {subprocess.py:106} INFO -  26750K .......... .......... .......... .......... .......... 80%  120M 0s
[2024-12-05T20:39:29.824+0000] {subprocess.py:106} INFO -  26800K .......... .......... .......... .......... .......... 80%  315M 0s
[2024-12-05T20:39:29.825+0000] {subprocess.py:106} INFO -  26850K .......... .......... .......... .......... .......... 80%  284M 0s
[2024-12-05T20:39:29.826+0000] {subprocess.py:106} INFO -  26900K .......... .......... .......... .......... .......... 81%  241M 0s
[2024-12-05T20:39:29.827+0000] {subprocess.py:106} INFO -  26950K .......... .......... .......... .......... .......... 81%  258M 0s
[2024-12-05T20:39:29.827+0000] {subprocess.py:106} INFO -  27000K .......... .......... .......... .......... .......... 81%  291M 0s
[2024-12-05T20:39:29.827+0000] {subprocess.py:106} INFO -  27050K .......... .......... .......... .......... .......... 81%  181M 0s
[2024-12-05T20:39:29.827+0000] {subprocess.py:106} INFO -  27100K .......... .......... .......... .......... .......... 81%  119M 0s
[2024-12-05T20:39:29.828+0000] {subprocess.py:106} INFO -  27150K .......... .......... .......... .......... .......... 81%  193M 0s
[2024-12-05T20:39:29.828+0000] {subprocess.py:106} INFO -  27200K .......... .......... .......... .......... .......... 82%  215M 0s
[2024-12-05T20:39:29.828+0000] {subprocess.py:106} INFO -  27250K .......... .......... .......... .......... .......... 82%  262M 0s
[2024-12-05T20:39:29.828+0000] {subprocess.py:106} INFO -  27300K .......... .......... .......... .......... .......... 82%  161M 0s
[2024-12-05T20:39:29.829+0000] {subprocess.py:106} INFO -  27350K .......... .......... .......... .......... .......... 82% 17.8M 0s
[2024-12-05T20:39:29.829+0000] {subprocess.py:106} INFO -  27400K .......... .......... .......... .......... .......... 82% 80.5M 0s
[2024-12-05T20:39:29.829+0000] {subprocess.py:106} INFO -  27450K .......... .......... .......... .......... .......... 82% 39.2M 0s
[2024-12-05T20:39:29.830+0000] {subprocess.py:106} INFO -  27500K .......... .......... .......... .......... .......... 82% 68.2M 0s
[2024-12-05T20:39:29.830+0000] {subprocess.py:106} INFO -  27550K .......... .......... .......... .......... .......... 83% 43.3M 0s
[2024-12-05T20:39:29.830+0000] {subprocess.py:106} INFO -  27600K .......... .......... .......... .......... .......... 83% 17.8M 0s
[2024-12-05T20:39:29.831+0000] {subprocess.py:106} INFO -  27650K .......... .......... .......... .......... .......... 83%  210M 0s
[2024-12-05T20:39:29.832+0000] {subprocess.py:106} INFO -  27700K .......... .......... .......... .......... .......... 83% 42.1M 0s
[2024-12-05T20:39:29.832+0000] {subprocess.py:106} INFO -  27750K .......... .......... .......... .......... .......... 83% 71.2M 0s
[2024-12-05T20:39:29.851+0000] {subprocess.py:106} INFO -  27800K .......... .......... .......... .......... .......... 83% 1.76M 0s
[2024-12-05T20:39:29.855+0000] {subprocess.py:106} INFO -  27850K .......... .......... .......... .......... .......... 83% 44.5M 0s
[2024-12-05T20:39:29.856+0000] {subprocess.py:106} INFO -  27900K .......... .......... .......... .......... .......... 84% 80.9M 0s
[2024-12-05T20:39:29.856+0000] {subprocess.py:106} INFO -  27950K .......... .......... .......... .......... .......... 84%  258M 0s
[2024-12-05T20:39:29.857+0000] {subprocess.py:106} INFO -  28000K .......... .......... .......... .......... .......... 84%  137M 0s
[2024-12-05T20:39:29.857+0000] {subprocess.py:106} INFO -  28050K .......... .......... .......... .......... .......... 84% 23.4M 0s
[2024-12-05T20:39:29.857+0000] {subprocess.py:106} INFO -  28100K .......... .......... .......... .......... .......... 84%  160M 0s
[2024-12-05T20:39:29.858+0000] {subprocess.py:106} INFO -  28150K .......... .......... .......... .......... .......... 84%  132M 0s
[2024-12-05T20:39:29.858+0000] {subprocess.py:106} INFO -  28200K .......... .......... .......... .......... .......... 85%  155M 0s
[2024-12-05T20:39:29.858+0000] {subprocess.py:106} INFO -  28250K .......... .......... .......... .......... .......... 85%  282M 0s
[2024-12-05T20:39:29.859+0000] {subprocess.py:106} INFO -  28300K .......... .......... .......... .......... .......... 85% 80.8M 0s
[2024-12-05T20:39:29.859+0000] {subprocess.py:106} INFO -  28350K .......... .......... .......... .......... .......... 85%  298M 0s
[2024-12-05T20:39:29.866+0000] {subprocess.py:106} INFO -  28400K .......... .......... .......... .......... .......... 85% 5.09M 0s
[2024-12-05T20:39:29.868+0000] {subprocess.py:106} INFO -  28450K .......... .......... .......... .......... .......... 85% 27.0M 0s
[2024-12-05T20:39:29.872+0000] {subprocess.py:106} INFO -  28500K .......... .......... .......... .......... .......... 85% 85.9M 0s
[2024-12-05T20:39:29.872+0000] {subprocess.py:106} INFO -  28550K .......... .......... .......... .......... .......... 86% 28.2M 0s
[2024-12-05T20:39:29.873+0000] {subprocess.py:106} INFO -  28600K .......... .......... .......... .......... .......... 86% 87.7M 0s
[2024-12-05T20:39:29.873+0000] {subprocess.py:106} INFO -  28650K .......... .......... .......... .......... .......... 86% 22.0M 0s
[2024-12-05T20:39:29.876+0000] {subprocess.py:106} INFO -  28700K .......... .......... .......... .......... .......... 86% 35.6M 0s
[2024-12-05T20:39:29.877+0000] {subprocess.py:106} INFO -  28750K .......... .......... .......... .......... .......... 86% 33.3M 0s
[2024-12-05T20:39:29.878+0000] {subprocess.py:106} INFO -  28800K .......... .......... .......... .......... .......... 86% 27.3M 0s
[2024-12-05T20:39:29.885+0000] {subprocess.py:106} INFO -  28850K .......... .......... .......... .......... .......... 86% 86.9M 0s
[2024-12-05T20:39:29.887+0000] {subprocess.py:106} INFO -  28900K .......... .......... .......... .......... .......... 87% 32.6M 0s
[2024-12-05T20:39:29.890+0000] {subprocess.py:106} INFO -  28950K .......... .......... .......... .......... .......... 87% 26.0M 0s
[2024-12-05T20:39:29.891+0000] {subprocess.py:106} INFO -  29000K .......... .......... .......... .......... .......... 87% 55.0M 0s
[2024-12-05T20:39:29.894+0000] {subprocess.py:106} INFO -  29050K .......... .......... .......... .......... .......... 87% 95.6M 0s
[2024-12-05T20:39:29.894+0000] {subprocess.py:106} INFO -  29100K .......... .......... .......... .......... .......... 87% 44.3M 0s
[2024-12-05T20:39:29.895+0000] {subprocess.py:106} INFO -  29150K .......... .......... .......... .......... .......... 87% 37.3M 0s
[2024-12-05T20:39:29.896+0000] {subprocess.py:106} INFO -  29200K .......... .......... .......... .......... .......... 88% 72.9M 0s
[2024-12-05T20:39:29.896+0000] {subprocess.py:106} INFO -  29250K .......... .......... .......... .......... .......... 88%  112M 0s
[2024-12-05T20:39:29.897+0000] {subprocess.py:106} INFO -  29300K .......... .......... .......... .......... .......... 88% 60.7M 0s
[2024-12-05T20:39:29.899+0000] {subprocess.py:106} INFO -  29350K .......... .......... .......... .......... .......... 88%  161M 0s
[2024-12-05T20:39:29.900+0000] {subprocess.py:106} INFO -  29400K .......... .......... .......... .......... .......... 88%  115M 0s
[2024-12-05T20:39:29.900+0000] {subprocess.py:106} INFO -  29450K .......... .......... .......... .......... .......... 88% 93.8M 0s
[2024-12-05T20:39:29.901+0000] {subprocess.py:106} INFO -  29500K .......... .......... .......... .......... .......... 88% 97.5M 0s
[2024-12-05T20:39:29.901+0000] {subprocess.py:106} INFO -  29550K .......... .......... .......... .......... .......... 89% 69.7M 0s
[2024-12-05T20:39:29.903+0000] {subprocess.py:106} INFO -  29600K .......... .......... .......... .......... .......... 89%  176M 0s
[2024-12-05T20:39:29.903+0000] {subprocess.py:106} INFO -  29650K .......... .......... .......... .......... .......... 89%  297M 0s
[2024-12-05T20:39:29.904+0000] {subprocess.py:106} INFO -  29700K .......... .......... .......... .......... .......... 89%  159M 0s
[2024-12-05T20:39:29.905+0000] {subprocess.py:106} INFO -  29750K .......... .......... .......... .......... .......... 89%  129M 0s
[2024-12-05T20:39:29.905+0000] {subprocess.py:106} INFO -  29800K .......... .......... .......... .......... .......... 89% 57.5M 0s
[2024-12-05T20:39:29.906+0000] {subprocess.py:106} INFO -  29850K .......... .......... .......... .......... .......... 90% 33.0M 0s
[2024-12-05T20:39:29.906+0000] {subprocess.py:106} INFO -  29900K .......... .......... .......... .......... .......... 90%  104M 0s
[2024-12-05T20:39:29.907+0000] {subprocess.py:106} INFO -  29950K .......... .......... .......... .......... .......... 90% 43.0M 0s
[2024-12-05T20:39:29.909+0000] {subprocess.py:106} INFO -  30000K .......... .......... .......... .......... .......... 90%  301M 0s
[2024-12-05T20:39:29.912+0000] {subprocess.py:106} INFO -  30050K .......... .......... .......... .......... .......... 90% 67.1M 0s
[2024-12-05T20:39:29.913+0000] {subprocess.py:106} INFO -  30100K .......... .......... .......... .......... .......... 90% 38.4M 0s
[2024-12-05T20:39:29.913+0000] {subprocess.py:106} INFO -  30150K .......... .......... .......... .......... .......... 90% 53.4M 0s
[2024-12-05T20:39:29.914+0000] {subprocess.py:106} INFO -  30200K .......... .......... .......... .......... .......... 91% 69.7M 0s
[2024-12-05T20:39:29.914+0000] {subprocess.py:106} INFO -  30250K .......... .......... .......... .......... .......... 91% 73.1M 0s
[2024-12-05T20:39:29.917+0000] {subprocess.py:106} INFO -  30300K .......... .......... .......... .......... .......... 91% 45.6M 0s
[2024-12-05T20:39:29.918+0000] {subprocess.py:106} INFO -  30350K .......... .......... .......... .......... .......... 91% 57.7M 0s
[2024-12-05T20:39:29.918+0000] {subprocess.py:106} INFO -  30400K .......... .......... .......... .......... .......... 91% 28.0M 0s
[2024-12-05T20:39:29.919+0000] {subprocess.py:106} INFO -  30450K .......... .......... .......... .......... .......... 91%  175M 0s
[2024-12-05T20:39:29.920+0000] {subprocess.py:106} INFO -  30500K .......... .......... .......... .......... .......... 91% 10.1M 0s
[2024-12-05T20:39:29.922+0000] {subprocess.py:106} INFO -  30550K .......... .......... .......... .......... .......... 92% 62.1M 0s
[2024-12-05T20:39:29.922+0000] {subprocess.py:106} INFO -  30600K .......... .......... .......... .......... .......... 92%  344M 0s
[2024-12-05T20:39:29.923+0000] {subprocess.py:106} INFO -  30650K .......... .......... .......... .......... .......... 92% 16.8M 0s
[2024-12-05T20:39:29.924+0000] {subprocess.py:106} INFO -  30700K .......... .......... .......... .......... .......... 92% 54.9M 0s
[2024-12-05T20:39:29.924+0000] {subprocess.py:106} INFO -  30750K .......... .......... .......... .......... .......... 92%  242M 0s
[2024-12-05T20:39:29.925+0000] {subprocess.py:106} INFO -  30800K .......... .......... .......... .......... .......... 92%  255M 0s
[2024-12-05T20:39:29.925+0000] {subprocess.py:106} INFO -  30850K .......... .......... .......... .......... .......... 93% 14.4M 0s
[2024-12-05T20:39:29.925+0000] {subprocess.py:106} INFO -  30900K .......... .......... .......... .......... .......... 93% 29.0M 0s
[2024-12-05T20:39:29.926+0000] {subprocess.py:106} INFO -  30950K .......... .......... .......... .......... .......... 93%  111M 0s
[2024-12-05T20:39:29.926+0000] {subprocess.py:106} INFO -  31000K .......... .......... .......... .......... .......... 93% 56.8M 0s
[2024-12-05T20:39:29.942+0000] {subprocess.py:106} INFO -  31050K .......... .......... .......... .......... .......... 93% 2.17M 0s
[2024-12-05T20:39:29.943+0000] {subprocess.py:106} INFO -  31100K .......... .......... .......... .......... .......... 93%  185M 0s
[2024-12-05T20:39:29.980+0000] {subprocess.py:106} INFO -  31150K .......... .......... .......... .......... .......... 93% 1.30M 0s
[2024-12-05T20:39:29.981+0000] {subprocess.py:106} INFO -  31200K .......... .......... .......... .......... .......... 94%  298M 0s
[2024-12-05T20:39:29.982+0000] {subprocess.py:106} INFO -  31250K .......... .......... .......... .......... .......... 94%  136M 0s
[2024-12-05T20:39:29.982+0000] {subprocess.py:106} INFO -  31300K .......... .......... .......... .......... .......... 94% 51.8M 0s
[2024-12-05T20:39:29.986+0000] {subprocess.py:106} INFO -  31350K .......... .......... .......... .......... .......... 94%  223M 0s
[2024-12-05T20:39:29.988+0000] {subprocess.py:106} INFO -  31400K .......... .......... .......... .......... .......... 94% 47.4M 0s
[2024-12-05T20:39:30.038+0000] {subprocess.py:106} INFO -  31450K .......... .......... .......... .......... .......... 94%  265M 0s
[2024-12-05T20:39:30.042+0000] {subprocess.py:106} INFO -  31500K .......... .......... .......... .......... .......... 94% 74.3M 0s
[2024-12-05T20:39:30.043+0000] {subprocess.py:106} INFO -  31550K .......... .......... .......... .......... .......... 95% 73.3M 0s
[2024-12-05T20:39:30.044+0000] {subprocess.py:106} INFO -  31600K .......... .......... .......... .......... .......... 95%  279M 0s
[2024-12-05T20:39:30.049+0000] {subprocess.py:106} INFO -  31650K .......... .......... .......... .......... .......... 95%  146M 0s
[2024-12-05T20:39:30.049+0000] {subprocess.py:106} INFO -  31700K .......... .......... .......... .......... .......... 95%  199M 0s
[2024-12-05T20:39:30.050+0000] {subprocess.py:106} INFO -  31750K .......... .......... .......... .......... .......... 95%  135M 0s
[2024-12-05T20:39:30.051+0000] {subprocess.py:106} INFO -  31800K .......... .......... .......... .......... .......... 95% 94.9M 0s
[2024-12-05T20:39:30.051+0000] {subprocess.py:106} INFO -  31850K .......... .......... .......... .......... .......... 96%  181M 0s
[2024-12-05T20:39:30.052+0000] {subprocess.py:106} INFO -  31900K .......... .......... .......... .......... .......... 96%  146M 0s
[2024-12-05T20:39:30.053+0000] {subprocess.py:106} INFO -  31950K .......... .......... .......... .......... .......... 96%  160M 0s
[2024-12-05T20:39:30.053+0000] {subprocess.py:106} INFO -  32000K .......... .......... .......... .......... .......... 96% 26.2M 0s
[2024-12-05T20:39:30.054+0000] {subprocess.py:106} INFO -  32050K .......... .......... .......... .......... .......... 96% 6.73M 0s
[2024-12-05T20:39:30.055+0000] {subprocess.py:106} INFO -  32100K .......... .......... .......... .......... .......... 96% 2.80M 0s
[2024-12-05T20:39:30.056+0000] {subprocess.py:106} INFO -  32150K .......... .......... .......... .......... .......... 96% 64.9M 0s
[2024-12-05T20:39:30.056+0000] {subprocess.py:106} INFO -  32200K .......... .......... .......... .......... .......... 97% 6.41M 0s
[2024-12-05T20:39:30.057+0000] {subprocess.py:106} INFO -  32250K .......... .......... .......... .......... .......... 97% 9.09M 0s
[2024-12-05T20:39:30.058+0000] {subprocess.py:106} INFO -  32300K .......... .......... .......... .......... .......... 97% 6.53M 0s
[2024-12-05T20:39:30.059+0000] {subprocess.py:106} INFO -  32350K .......... .......... .......... .......... .......... 97% 19.2M 0s
[2024-12-05T20:39:30.064+0000] {subprocess.py:106} INFO -  32400K .......... .......... .......... .......... .......... 97% 32.7M 0s
[2024-12-05T20:39:30.069+0000] {subprocess.py:106} INFO -  32450K .......... .......... .......... .......... .......... 97% 63.3M 0s
[2024-12-05T20:39:30.072+0000] {subprocess.py:106} INFO -  32500K .......... .......... .......... .......... .......... 97% 13.9M 0s
[2024-12-05T20:39:30.074+0000] {subprocess.py:106} INFO -  32550K .......... .......... .......... .......... .......... 98% 42.2M 0s
[2024-12-05T20:39:30.078+0000] {subprocess.py:106} INFO -  32600K .......... .......... .......... .......... .......... 98% 48.1M 0s
[2024-12-05T20:39:30.081+0000] {subprocess.py:106} INFO -  32650K .......... .......... .......... .......... .......... 98% 25.0M 0s
[2024-12-05T20:39:30.084+0000] {subprocess.py:106} INFO -  32700K .......... .......... .......... .......... .......... 98% 56.9M 0s
[2024-12-05T20:39:30.086+0000] {subprocess.py:106} INFO -  32750K .......... .......... .......... .......... .......... 98% 24.9M 0s
[2024-12-05T20:39:30.087+0000] {subprocess.py:106} INFO -  32800K .......... .......... .......... .......... .......... 98% 43.3M 0s
[2024-12-05T20:39:30.087+0000] {subprocess.py:106} INFO -  32850K .......... .......... .......... .......... .......... 99%  131M 0s
[2024-12-05T20:39:30.109+0000] {subprocess.py:106} INFO -  32900K .......... .......... .......... .......... .......... 99% 40.3M 0s
[2024-12-05T20:39:30.111+0000] {subprocess.py:106} INFO -  32950K .......... .......... .......... .......... .......... 99% 32.9M 0s
[2024-12-05T20:39:30.112+0000] {subprocess.py:106} INFO -  33000K .......... .......... .......... .......... .......... 99% 55.8M 0s
[2024-12-05T20:39:30.113+0000] {subprocess.py:106} INFO -  33050K .......... .......... .......... .......... .......... 99% 45.8M 0s
[2024-12-05T20:39:30.114+0000] {subprocess.py:106} INFO -  33100K .......... .......... .......... .......... .......... 99% 50.0M 0s
[2024-12-05T20:39:30.114+0000] {subprocess.py:106} INFO -  33150K .......... .......... .......... .......... .......... 99% 25.9M 0s
[2024-12-05T20:39:30.116+0000] {subprocess.py:106} INFO -  33200K .......... .......... .                               100%  132M=1.0s
[2024-12-05T20:39:30.118+0000] {subprocess.py:106} INFO - 
[2024-12-05T20:39:30.118+0000] {subprocess.py:106} INFO - 2024-12-05 20:39:30 (33.9 MB/s) - ‘/opt/***/output_2021-04.parquet’ saved [34018560/34018560]
[2024-12-05T20:39:30.119+0000] {subprocess.py:106} INFO - 
[2024-12-05T20:39:30.119+0000] {subprocess.py:110} INFO - Command exited with return code 0
[2024-12-05T20:39:30.160+0000] {taskinstance.py:340} INFO - ::group::Post task execution logs
[2024-12-05T20:39:30.161+0000] {taskinstance.py:352} INFO - Marking task as SUCCESS. dag_id=LocalIngestionDag, task_id=wget, run_id=scheduled__2021-04-02T06:00:00+00:00, execution_date=20210402T060000, start_date=20241205T203928, end_date=20241205T203930
[2024-12-05T20:39:30.188+0000] {local_task_job_runner.py:266} INFO - Task exited with return code 0
[2024-12-05T20:39:30.246+0000] {taskinstance.py:3895} INFO - 1 downstream tasks scheduled from follow-on schedule check
[2024-12-05T20:39:30.293+0000] {local_task_job_runner.py:245} INFO - ::endgroup::
[2024-12-05T23:43:54.220+0000] {local_task_job_runner.py:123} INFO - ::group::Pre task execution logs
[2024-12-05T23:43:55.025+0000] {taskinstance.py:2603} INFO - Dependencies not met for <TaskInstance: LocalIngestionDag.wget scheduled__2021-04-02T06:00:00+00:00 [queued]>, dependency 'Execution Date' FAILED: The execution date is 2021-04-02T06:00:00+00:00 but this is after the task's end date 2021-01-03T00:00:00+00:00.
[2024-12-05T23:43:55.045+0000] {taskinstance.py:2603} INFO - Dependencies not met for <TaskInstance: LocalIngestionDag.wget scheduled__2021-04-02T06:00:00+00:00 [queued]>, dependency 'Execution Date' FAILED: The execution date is 2021-04-02T06:00:00+00:00 but this is after the task's DAG's end date 2021-01-03T00:00:00+00:00.
[2024-12-05T23:43:55.576+0000] {local_task_job_runner.py:166} INFO - Task is not able to be run
