[2024-11-23T00:45:28.185+0000] {processor.py:186} INFO - Started process (PID=38851) to work on /opt/airflow/dags/data_ingestion_gcs_dag.py
[2024-11-23T00:45:28.187+0000] {processor.py:914} INFO - Processing file /opt/airflow/dags/data_ingestion_gcs_dag.py for tasks to queue
[2024-11-23T00:45:28.189+0000] {logging_mixin.py:190} INFO - [2024-11-23T00:45:28.188+0000] {dagbag.py:588} INFO - Filling up the DagBag from /opt/airflow/dags/data_ingestion_gcs_dag.py
[2024-11-23T00:45:28.216+0000] {processor.py:925} INFO - DAG(s) 'data_ingestion_gcs_dag' retrieved from /opt/airflow/dags/data_ingestion_gcs_dag.py
[2024-11-23T00:45:28.325+0000] {logging_mixin.py:190} INFO - [2024-11-23T00:45:28.325+0000] {dag.py:3239} INFO - Sync 1 DAGs
[2024-11-23T00:45:28.338+0000] {logging_mixin.py:190} INFO - [2024-11-23T00:45:28.338+0000] {dag.py:4180} INFO - Setting next_dagrun for data_ingestion_gcs_dag to 2024-11-22 00:00:00+00:00, run_after=2024-11-23 00:00:00+00:00
[2024-11-23T00:45:28.346+0000] {processor.py:208} INFO - Processing /opt/airflow/dags/data_ingestion_gcs_dag.py took 0.172 seconds
[2024-11-23T01:01:08.366+0000] {processor.py:186} INFO - Started process (PID=38858) to work on /opt/airflow/dags/data_ingestion_gcs_dag.py
[2024-11-23T01:01:08.366+0000] {processor.py:914} INFO - Processing file /opt/airflow/dags/data_ingestion_gcs_dag.py for tasks to queue
[2024-11-23T01:01:08.367+0000] {logging_mixin.py:190} INFO - [2024-11-23T01:01:08.367+0000] {dagbag.py:588} INFO - Filling up the DagBag from /opt/airflow/dags/data_ingestion_gcs_dag.py
[2024-11-23T01:01:08.383+0000] {processor.py:925} INFO - DAG(s) 'data_ingestion_gcs_dag' retrieved from /opt/airflow/dags/data_ingestion_gcs_dag.py
[2024-11-23T01:01:08.395+0000] {logging_mixin.py:190} INFO - [2024-11-23T01:01:08.395+0000] {dag.py:3239} INFO - Sync 1 DAGs
[2024-11-23T01:01:08.416+0000] {processor.py:208} INFO - Processing /opt/airflow/dags/data_ingestion_gcs_dag.py took 0.057 seconds
[2024-11-23T02:11:01.664+0000] {processor.py:186} INFO - Started process (PID=38865) to work on /opt/airflow/dags/data_ingestion_gcs_dag.py
[2024-11-23T02:11:01.666+0000] {processor.py:914} INFO - Processing file /opt/airflow/dags/data_ingestion_gcs_dag.py for tasks to queue
[2024-11-23T02:11:01.668+0000] {logging_mixin.py:190} INFO - [2024-11-23T02:11:01.667+0000] {dagbag.py:588} INFO - Filling up the DagBag from /opt/airflow/dags/data_ingestion_gcs_dag.py
[2024-11-23T02:11:01.718+0000] {processor.py:925} INFO - DAG(s) 'data_ingestion_gcs_dag' retrieved from /opt/airflow/dags/data_ingestion_gcs_dag.py
[2024-11-23T02:11:01.767+0000] {logging_mixin.py:190} INFO - [2024-11-23T02:11:01.767+0000] {dag.py:3239} INFO - Sync 1 DAGs
[2024-11-23T02:11:01.789+0000] {logging_mixin.py:190} INFO - [2024-11-23T02:11:01.789+0000] {dag.py:4180} INFO - Setting next_dagrun for data_ingestion_gcs_dag to 2024-11-23 00:00:00+00:00, run_after=2024-11-24 00:00:00+00:00
[2024-11-23T02:11:01.802+0000] {processor.py:208} INFO - Processing /opt/airflow/dags/data_ingestion_gcs_dag.py took 0.148 seconds
[2024-11-23T02:11:32.100+0000] {processor.py:186} INFO - Started process (PID=38872) to work on /opt/airflow/dags/data_ingestion_gcs_dag.py
[2024-11-23T02:11:32.101+0000] {processor.py:914} INFO - Processing file /opt/airflow/dags/data_ingestion_gcs_dag.py for tasks to queue
[2024-11-23T02:11:32.102+0000] {logging_mixin.py:190} INFO - [2024-11-23T02:11:32.102+0000] {dagbag.py:588} INFO - Filling up the DagBag from /opt/airflow/dags/data_ingestion_gcs_dag.py
[2024-11-23T02:11:32.120+0000] {processor.py:925} INFO - DAG(s) 'data_ingestion_gcs_dag' retrieved from /opt/airflow/dags/data_ingestion_gcs_dag.py
[2024-11-23T02:11:32.136+0000] {logging_mixin.py:190} INFO - [2024-11-23T02:11:32.136+0000] {dag.py:3239} INFO - Sync 1 DAGs
[2024-11-23T02:11:32.156+0000] {logging_mixin.py:190} INFO - [2024-11-23T02:11:32.155+0000] {dag.py:4180} INFO - Setting next_dagrun for data_ingestion_gcs_dag to 2024-11-23 00:00:00+00:00, run_after=2024-11-24 00:00:00+00:00
[2024-11-23T02:11:32.187+0000] {processor.py:208} INFO - Processing /opt/airflow/dags/data_ingestion_gcs_dag.py took 0.095 seconds
[2024-11-23T03:06:03.871+0000] {processor.py:186} INFO - Started process (PID=38879) to work on /opt/airflow/dags/data_ingestion_gcs_dag.py
[2024-11-23T03:06:03.873+0000] {processor.py:914} INFO - Processing file /opt/airflow/dags/data_ingestion_gcs_dag.py for tasks to queue
[2024-11-23T03:06:03.876+0000] {logging_mixin.py:190} INFO - [2024-11-23T03:06:03.875+0000] {dagbag.py:588} INFO - Filling up the DagBag from /opt/airflow/dags/data_ingestion_gcs_dag.py
[2024-11-23T03:06:03.948+0000] {processor.py:925} INFO - DAG(s) 'data_ingestion_gcs_dag' retrieved from /opt/airflow/dags/data_ingestion_gcs_dag.py
[2024-11-23T03:06:03.987+0000] {logging_mixin.py:190} INFO - [2024-11-23T03:06:03.987+0000] {dag.py:3239} INFO - Sync 1 DAGs
[2024-11-23T03:06:04.025+0000] {logging_mixin.py:190} INFO - [2024-11-23T03:06:04.024+0000] {dag.py:4180} INFO - Setting next_dagrun for data_ingestion_gcs_dag to 2024-11-23 00:00:00+00:00, run_after=2024-11-24 00:00:00+00:00
[2024-11-23T03:06:04.042+0000] {processor.py:208} INFO - Processing /opt/airflow/dags/data_ingestion_gcs_dag.py took 0.183 seconds
[2024-11-23T03:06:34.216+0000] {processor.py:186} INFO - Started process (PID=38886) to work on /opt/airflow/dags/data_ingestion_gcs_dag.py
[2024-11-23T03:06:34.218+0000] {processor.py:914} INFO - Processing file /opt/airflow/dags/data_ingestion_gcs_dag.py for tasks to queue
[2024-11-23T03:06:34.221+0000] {logging_mixin.py:190} INFO - [2024-11-23T03:06:34.220+0000] {dagbag.py:588} INFO - Filling up the DagBag from /opt/airflow/dags/data_ingestion_gcs_dag.py
[2024-11-23T03:06:34.280+0000] {processor.py:925} INFO - DAG(s) 'data_ingestion_gcs_dag' retrieved from /opt/airflow/dags/data_ingestion_gcs_dag.py
[2024-11-23T03:06:34.340+0000] {logging_mixin.py:190} INFO - [2024-11-23T03:06:34.339+0000] {dag.py:3239} INFO - Sync 1 DAGs
[2024-11-23T03:06:34.367+0000] {logging_mixin.py:190} INFO - [2024-11-23T03:06:34.367+0000] {dag.py:4180} INFO - Setting next_dagrun for data_ingestion_gcs_dag to 2024-11-23 00:00:00+00:00, run_after=2024-11-24 00:00:00+00:00
[2024-11-23T03:06:34.381+0000] {processor.py:208} INFO - Processing /opt/airflow/dags/data_ingestion_gcs_dag.py took 0.200 seconds
[2024-11-23T03:22:15.000+0000] {processor.py:186} INFO - Started process (PID=38893) to work on /opt/airflow/dags/data_ingestion_gcs_dag.py
[2024-11-23T03:22:15.002+0000] {processor.py:914} INFO - Processing file /opt/airflow/dags/data_ingestion_gcs_dag.py for tasks to queue
[2024-11-23T03:22:15.004+0000] {logging_mixin.py:190} INFO - [2024-11-23T03:22:15.003+0000] {dagbag.py:588} INFO - Filling up the DagBag from /opt/airflow/dags/data_ingestion_gcs_dag.py
[2024-11-23T03:22:15.056+0000] {processor.py:925} INFO - DAG(s) 'data_ingestion_gcs_dag' retrieved from /opt/airflow/dags/data_ingestion_gcs_dag.py
[2024-11-23T03:22:15.086+0000] {logging_mixin.py:190} INFO - [2024-11-23T03:22:15.086+0000] {dag.py:3239} INFO - Sync 1 DAGs
[2024-11-23T03:22:15.105+0000] {logging_mixin.py:190} INFO - [2024-11-23T03:22:15.105+0000] {dag.py:4180} INFO - Setting next_dagrun for data_ingestion_gcs_dag to 2024-11-23 00:00:00+00:00, run_after=2024-11-24 00:00:00+00:00
[2024-11-23T03:22:15.116+0000] {processor.py:208} INFO - Processing /opt/airflow/dags/data_ingestion_gcs_dag.py took 0.133 seconds
[2024-11-23T03:22:45.319+0000] {processor.py:186} INFO - Started process (PID=38900) to work on /opt/airflow/dags/data_ingestion_gcs_dag.py
[2024-11-23T03:22:45.320+0000] {processor.py:914} INFO - Processing file /opt/airflow/dags/data_ingestion_gcs_dag.py for tasks to queue
[2024-11-23T03:22:45.321+0000] {logging_mixin.py:190} INFO - [2024-11-23T03:22:45.320+0000] {dagbag.py:588} INFO - Filling up the DagBag from /opt/airflow/dags/data_ingestion_gcs_dag.py
[2024-11-23T03:22:45.338+0000] {processor.py:925} INFO - DAG(s) 'data_ingestion_gcs_dag' retrieved from /opt/airflow/dags/data_ingestion_gcs_dag.py
[2024-11-23T03:22:45.354+0000] {logging_mixin.py:190} INFO - [2024-11-23T03:22:45.354+0000] {dag.py:3239} INFO - Sync 1 DAGs
[2024-11-23T03:22:45.366+0000] {logging_mixin.py:190} INFO - [2024-11-23T03:22:45.366+0000] {dag.py:4180} INFO - Setting next_dagrun for data_ingestion_gcs_dag to 2024-11-23 00:00:00+00:00, run_after=2024-11-24 00:00:00+00:00
[2024-11-23T03:22:45.375+0000] {processor.py:208} INFO - Processing /opt/airflow/dags/data_ingestion_gcs_dag.py took 0.063 seconds
[2024-11-23T04:31:36.752+0000] {processor.py:186} INFO - Started process (PID=38907) to work on /opt/airflow/dags/data_ingestion_gcs_dag.py
[2024-11-23T04:31:36.753+0000] {processor.py:914} INFO - Processing file /opt/airflow/dags/data_ingestion_gcs_dag.py for tasks to queue
[2024-11-23T04:31:36.754+0000] {logging_mixin.py:190} INFO - [2024-11-23T04:31:36.754+0000] {dagbag.py:588} INFO - Filling up the DagBag from /opt/airflow/dags/data_ingestion_gcs_dag.py
[2024-11-23T04:31:36.789+0000] {processor.py:925} INFO - DAG(s) 'data_ingestion_gcs_dag' retrieved from /opt/airflow/dags/data_ingestion_gcs_dag.py
[2024-11-23T04:31:36.805+0000] {logging_mixin.py:190} INFO - [2024-11-23T04:31:36.805+0000] {dag.py:3239} INFO - Sync 1 DAGs
[2024-11-23T04:31:36.819+0000] {logging_mixin.py:190} INFO - [2024-11-23T04:31:36.819+0000] {dag.py:4180} INFO - Setting next_dagrun for data_ingestion_gcs_dag to 2024-11-23 00:00:00+00:00, run_after=2024-11-24 00:00:00+00:00
[2024-11-23T04:31:36.828+0000] {processor.py:208} INFO - Processing /opt/airflow/dags/data_ingestion_gcs_dag.py took 0.082 seconds
[2024-11-23T05:00:18.122+0000] {processor.py:186} INFO - Started process (PID=38914) to work on /opt/airflow/dags/data_ingestion_gcs_dag.py
[2024-11-23T05:00:18.123+0000] {processor.py:914} INFO - Processing file /opt/airflow/dags/data_ingestion_gcs_dag.py for tasks to queue
[2024-11-23T05:00:18.125+0000] {logging_mixin.py:190} INFO - [2024-11-23T05:00:18.125+0000] {dagbag.py:588} INFO - Filling up the DagBag from /opt/airflow/dags/data_ingestion_gcs_dag.py
[2024-11-23T05:00:18.183+0000] {processor.py:925} INFO - DAG(s) 'data_ingestion_gcs_dag' retrieved from /opt/airflow/dags/data_ingestion_gcs_dag.py
[2024-11-23T05:00:18.208+0000] {logging_mixin.py:190} INFO - [2024-11-23T05:00:18.208+0000] {dag.py:3239} INFO - Sync 1 DAGs
[2024-11-23T05:00:18.225+0000] {logging_mixin.py:190} INFO - [2024-11-23T05:00:18.225+0000] {dag.py:4180} INFO - Setting next_dagrun for data_ingestion_gcs_dag to 2024-11-23 00:00:00+00:00, run_after=2024-11-24 00:00:00+00:00
[2024-11-23T05:00:18.235+0000] {processor.py:208} INFO - Processing /opt/airflow/dags/data_ingestion_gcs_dag.py took 0.120 seconds
[2024-11-23T05:39:25.304+0000] {processor.py:186} INFO - Started process (PID=38921) to work on /opt/airflow/dags/data_ingestion_gcs_dag.py
[2024-11-23T05:39:25.306+0000] {processor.py:914} INFO - Processing file /opt/airflow/dags/data_ingestion_gcs_dag.py for tasks to queue
[2024-11-23T05:39:25.309+0000] {logging_mixin.py:190} INFO - [2024-11-23T05:39:25.308+0000] {dagbag.py:588} INFO - Filling up the DagBag from /opt/airflow/dags/data_ingestion_gcs_dag.py
[2024-11-23T05:39:25.394+0000] {processor.py:925} INFO - DAG(s) 'data_ingestion_gcs_dag' retrieved from /opt/airflow/dags/data_ingestion_gcs_dag.py
[2024-11-23T05:39:25.422+0000] {logging_mixin.py:190} INFO - [2024-11-23T05:39:25.422+0000] {dag.py:3239} INFO - Sync 1 DAGs
[2024-11-23T05:39:25.441+0000] {logging_mixin.py:190} INFO - [2024-11-23T05:39:25.441+0000] {dag.py:4180} INFO - Setting next_dagrun for data_ingestion_gcs_dag to 2024-11-23 00:00:00+00:00, run_after=2024-11-24 00:00:00+00:00
[2024-11-23T05:39:25.453+0000] {processor.py:208} INFO - Processing /opt/airflow/dags/data_ingestion_gcs_dag.py took 0.159 seconds
[2024-11-23T06:09:00.915+0000] {processor.py:186} INFO - Started process (PID=38928) to work on /opt/airflow/dags/data_ingestion_gcs_dag.py
[2024-11-23T06:09:00.916+0000] {processor.py:914} INFO - Processing file /opt/airflow/dags/data_ingestion_gcs_dag.py for tasks to queue
[2024-11-23T06:09:00.917+0000] {logging_mixin.py:190} INFO - [2024-11-23T06:09:00.917+0000] {dagbag.py:588} INFO - Filling up the DagBag from /opt/airflow/dags/data_ingestion_gcs_dag.py
[2024-11-23T06:09:00.948+0000] {processor.py:925} INFO - DAG(s) 'data_ingestion_gcs_dag' retrieved from /opt/airflow/dags/data_ingestion_gcs_dag.py
[2024-11-23T06:09:00.965+0000] {logging_mixin.py:190} INFO - [2024-11-23T06:09:00.965+0000] {dag.py:3239} INFO - Sync 1 DAGs
[2024-11-23T06:09:00.978+0000] {logging_mixin.py:190} INFO - [2024-11-23T06:09:00.978+0000] {dag.py:4180} INFO - Setting next_dagrun for data_ingestion_gcs_dag to 2024-11-23 00:00:00+00:00, run_after=2024-11-24 00:00:00+00:00
[2024-11-23T06:09:00.987+0000] {processor.py:208} INFO - Processing /opt/airflow/dags/data_ingestion_gcs_dag.py took 0.079 seconds
[2024-11-23T06:41:48.446+0000] {processor.py:186} INFO - Started process (PID=38935) to work on /opt/airflow/dags/data_ingestion_gcs_dag.py
[2024-11-23T06:41:48.447+0000] {processor.py:914} INFO - Processing file /opt/airflow/dags/data_ingestion_gcs_dag.py for tasks to queue
[2024-11-23T06:41:48.449+0000] {logging_mixin.py:190} INFO - [2024-11-23T06:41:48.448+0000] {dagbag.py:588} INFO - Filling up the DagBag from /opt/airflow/dags/data_ingestion_gcs_dag.py
[2024-11-23T06:41:48.485+0000] {processor.py:925} INFO - DAG(s) 'data_ingestion_gcs_dag' retrieved from /opt/airflow/dags/data_ingestion_gcs_dag.py
[2024-11-23T06:41:48.505+0000] {logging_mixin.py:190} INFO - [2024-11-23T06:41:48.505+0000] {dag.py:3239} INFO - Sync 1 DAGs
[2024-11-23T06:41:48.522+0000] {logging_mixin.py:190} INFO - [2024-11-23T06:41:48.522+0000] {dag.py:4180} INFO - Setting next_dagrun for data_ingestion_gcs_dag to 2024-11-23 00:00:00+00:00, run_after=2024-11-24 00:00:00+00:00
[2024-11-23T06:41:48.532+0000] {processor.py:208} INFO - Processing /opt/airflow/dags/data_ingestion_gcs_dag.py took 0.093 seconds
[2024-11-23T06:42:18.772+0000] {processor.py:186} INFO - Started process (PID=38942) to work on /opt/airflow/dags/data_ingestion_gcs_dag.py
[2024-11-23T06:42:18.772+0000] {processor.py:914} INFO - Processing file /opt/airflow/dags/data_ingestion_gcs_dag.py for tasks to queue
[2024-11-23T06:42:18.773+0000] {logging_mixin.py:190} INFO - [2024-11-23T06:42:18.773+0000] {dagbag.py:588} INFO - Filling up the DagBag from /opt/airflow/dags/data_ingestion_gcs_dag.py
[2024-11-23T06:42:18.787+0000] {processor.py:925} INFO - DAG(s) 'data_ingestion_gcs_dag' retrieved from /opt/airflow/dags/data_ingestion_gcs_dag.py
[2024-11-23T06:42:18.801+0000] {logging_mixin.py:190} INFO - [2024-11-23T06:42:18.801+0000] {dag.py:3239} INFO - Sync 1 DAGs
[2024-11-23T06:42:18.813+0000] {logging_mixin.py:190} INFO - [2024-11-23T06:42:18.813+0000] {dag.py:4180} INFO - Setting next_dagrun for data_ingestion_gcs_dag to 2024-11-23 00:00:00+00:00, run_after=2024-11-24 00:00:00+00:00
[2024-11-23T06:42:18.821+0000] {processor.py:208} INFO - Processing /opt/airflow/dags/data_ingestion_gcs_dag.py took 0.056 seconds
[2024-11-23T06:42:49.176+0000] {processor.py:186} INFO - Started process (PID=38949) to work on /opt/airflow/dags/data_ingestion_gcs_dag.py
[2024-11-23T06:42:49.177+0000] {processor.py:914} INFO - Processing file /opt/airflow/dags/data_ingestion_gcs_dag.py for tasks to queue
[2024-11-23T06:42:49.179+0000] {logging_mixin.py:190} INFO - [2024-11-23T06:42:49.178+0000] {dagbag.py:588} INFO - Filling up the DagBag from /opt/airflow/dags/data_ingestion_gcs_dag.py
[2024-11-23T06:42:49.219+0000] {processor.py:925} INFO - DAG(s) 'data_ingestion_gcs_dag' retrieved from /opt/airflow/dags/data_ingestion_gcs_dag.py
[2024-11-23T06:42:49.244+0000] {logging_mixin.py:190} INFO - [2024-11-23T06:42:49.244+0000] {dag.py:3239} INFO - Sync 1 DAGs
[2024-11-23T06:42:49.261+0000] {logging_mixin.py:190} INFO - [2024-11-23T06:42:49.261+0000] {dag.py:4180} INFO - Setting next_dagrun for data_ingestion_gcs_dag to 2024-11-23 00:00:00+00:00, run_after=2024-11-24 00:00:00+00:00
[2024-11-23T06:42:49.300+0000] {processor.py:208} INFO - Processing /opt/airflow/dags/data_ingestion_gcs_dag.py took 0.150 seconds
[2024-11-23T07:00:49.418+0000] {processor.py:186} INFO - Started process (PID=38956) to work on /opt/airflow/dags/data_ingestion_gcs_dag.py
[2024-11-23T07:00:49.419+0000] {processor.py:914} INFO - Processing file /opt/airflow/dags/data_ingestion_gcs_dag.py for tasks to queue
[2024-11-23T07:00:49.421+0000] {logging_mixin.py:190} INFO - [2024-11-23T07:00:49.421+0000] {dagbag.py:588} INFO - Filling up the DagBag from /opt/airflow/dags/data_ingestion_gcs_dag.py
[2024-11-23T07:00:49.460+0000] {processor.py:925} INFO - DAG(s) 'data_ingestion_gcs_dag' retrieved from /opt/airflow/dags/data_ingestion_gcs_dag.py
[2024-11-23T07:00:49.483+0000] {logging_mixin.py:190} INFO - [2024-11-23T07:00:49.483+0000] {dag.py:3239} INFO - Sync 1 DAGs
[2024-11-23T07:00:49.501+0000] {logging_mixin.py:190} INFO - [2024-11-23T07:00:49.501+0000] {dag.py:4180} INFO - Setting next_dagrun for data_ingestion_gcs_dag to 2024-11-23 00:00:00+00:00, run_after=2024-11-24 00:00:00+00:00
[2024-11-23T07:00:49.512+0000] {processor.py:208} INFO - Processing /opt/airflow/dags/data_ingestion_gcs_dag.py took 0.101 seconds
[2024-11-23T07:43:31.181+0000] {processor.py:186} INFO - Started process (PID=38963) to work on /opt/airflow/dags/data_ingestion_gcs_dag.py
[2024-11-23T07:43:31.182+0000] {processor.py:914} INFO - Processing file /opt/airflow/dags/data_ingestion_gcs_dag.py for tasks to queue
[2024-11-23T07:43:31.184+0000] {logging_mixin.py:190} INFO - [2024-11-23T07:43:31.183+0000] {dagbag.py:588} INFO - Filling up the DagBag from /opt/airflow/dags/data_ingestion_gcs_dag.py
[2024-11-23T07:43:31.221+0000] {processor.py:925} INFO - DAG(s) 'data_ingestion_gcs_dag' retrieved from /opt/airflow/dags/data_ingestion_gcs_dag.py
[2024-11-23T07:43:31.247+0000] {logging_mixin.py:190} INFO - [2024-11-23T07:43:31.247+0000] {dag.py:3239} INFO - Sync 1 DAGs
[2024-11-23T07:43:31.266+0000] {logging_mixin.py:190} INFO - [2024-11-23T07:43:31.266+0000] {dag.py:4180} INFO - Setting next_dagrun for data_ingestion_gcs_dag to 2024-11-23 00:00:00+00:00, run_after=2024-11-24 00:00:00+00:00
[2024-11-23T07:43:31.280+0000] {processor.py:208} INFO - Processing /opt/airflow/dags/data_ingestion_gcs_dag.py took 0.109 seconds
[2024-11-23T07:44:01.538+0000] {processor.py:186} INFO - Started process (PID=38970) to work on /opt/airflow/dags/data_ingestion_gcs_dag.py
[2024-11-23T07:44:01.539+0000] {processor.py:914} INFO - Processing file /opt/airflow/dags/data_ingestion_gcs_dag.py for tasks to queue
[2024-11-23T07:44:01.540+0000] {logging_mixin.py:190} INFO - [2024-11-23T07:44:01.540+0000] {dagbag.py:588} INFO - Filling up the DagBag from /opt/airflow/dags/data_ingestion_gcs_dag.py
[2024-11-23T07:44:01.563+0000] {processor.py:925} INFO - DAG(s) 'data_ingestion_gcs_dag' retrieved from /opt/airflow/dags/data_ingestion_gcs_dag.py
[2024-11-23T07:44:01.576+0000] {logging_mixin.py:190} INFO - [2024-11-23T07:44:01.576+0000] {dag.py:3239} INFO - Sync 1 DAGs
[2024-11-23T07:44:01.588+0000] {logging_mixin.py:190} INFO - [2024-11-23T07:44:01.588+0000] {dag.py:4180} INFO - Setting next_dagrun for data_ingestion_gcs_dag to 2024-11-23 00:00:00+00:00, run_after=2024-11-24 00:00:00+00:00
[2024-11-23T07:44:01.596+0000] {processor.py:208} INFO - Processing /opt/airflow/dags/data_ingestion_gcs_dag.py took 0.064 seconds
[2024-11-23T08:33:52.225+0000] {processor.py:186} INFO - Started process (PID=38977) to work on /opt/airflow/dags/data_ingestion_gcs_dag.py
[2024-11-23T08:33:52.227+0000] {processor.py:914} INFO - Processing file /opt/airflow/dags/data_ingestion_gcs_dag.py for tasks to queue
[2024-11-23T08:33:52.230+0000] {logging_mixin.py:190} INFO - [2024-11-23T08:33:52.229+0000] {dagbag.py:588} INFO - Filling up the DagBag from /opt/airflow/dags/data_ingestion_gcs_dag.py
[2024-11-23T08:33:52.321+0000] {processor.py:925} INFO - DAG(s) 'data_ingestion_gcs_dag' retrieved from /opt/airflow/dags/data_ingestion_gcs_dag.py
[2024-11-23T08:33:52.363+0000] {logging_mixin.py:190} INFO - [2024-11-23T08:33:52.363+0000] {dag.py:3239} INFO - Sync 1 DAGs
[2024-11-23T08:33:52.394+0000] {logging_mixin.py:190} INFO - [2024-11-23T08:33:52.394+0000] {dag.py:4180} INFO - Setting next_dagrun for data_ingestion_gcs_dag to 2024-11-23 00:00:00+00:00, run_after=2024-11-24 00:00:00+00:00
[2024-11-23T08:33:52.432+0000] {processor.py:208} INFO - Processing /opt/airflow/dags/data_ingestion_gcs_dag.py took 0.227 seconds
[2024-11-23T08:49:27.137+0000] {processor.py:186} INFO - Started process (PID=38983) to work on /opt/airflow/dags/data_ingestion_gcs_dag.py
[2024-11-23T08:49:27.137+0000] {processor.py:914} INFO - Processing file /opt/airflow/dags/data_ingestion_gcs_dag.py for tasks to queue
[2024-11-23T08:49:27.138+0000] {logging_mixin.py:190} INFO - [2024-11-23T08:49:27.138+0000] {dagbag.py:588} INFO - Filling up the DagBag from /opt/airflow/dags/data_ingestion_gcs_dag.py
[2024-11-23T08:49:27.158+0000] {processor.py:925} INFO - DAG(s) 'data_ingestion_gcs_dag' retrieved from /opt/airflow/dags/data_ingestion_gcs_dag.py
[2024-11-23T08:49:27.174+0000] {logging_mixin.py:190} INFO - [2024-11-23T08:49:27.174+0000] {dag.py:3239} INFO - Sync 1 DAGs
[2024-11-23T08:49:27.186+0000] {logging_mixin.py:190} INFO - [2024-11-23T08:49:27.186+0000] {dag.py:4180} INFO - Setting next_dagrun for data_ingestion_gcs_dag to 2024-11-23 00:00:00+00:00, run_after=2024-11-24 00:00:00+00:00
[2024-11-23T08:49:27.193+0000] {processor.py:208} INFO - Processing /opt/airflow/dags/data_ingestion_gcs_dag.py took 0.060 seconds
[2024-11-23T09:55:06.640+0000] {processor.py:186} INFO - Started process (PID=38990) to work on /opt/airflow/dags/data_ingestion_gcs_dag.py
[2024-11-23T09:55:06.642+0000] {processor.py:914} INFO - Processing file /opt/airflow/dags/data_ingestion_gcs_dag.py for tasks to queue
[2024-11-23T09:55:06.644+0000] {logging_mixin.py:190} INFO - [2024-11-23T09:55:06.643+0000] {dagbag.py:588} INFO - Filling up the DagBag from /opt/airflow/dags/data_ingestion_gcs_dag.py
[2024-11-23T09:55:06.715+0000] {processor.py:925} INFO - DAG(s) 'data_ingestion_gcs_dag' retrieved from /opt/airflow/dags/data_ingestion_gcs_dag.py
[2024-11-23T09:55:06.741+0000] {logging_mixin.py:190} INFO - [2024-11-23T09:55:06.741+0000] {dag.py:3239} INFO - Sync 1 DAGs
[2024-11-23T09:55:06.762+0000] {logging_mixin.py:190} INFO - [2024-11-23T09:55:06.761+0000] {dag.py:4180} INFO - Setting next_dagrun for data_ingestion_gcs_dag to 2024-11-23 00:00:00+00:00, run_after=2024-11-24 00:00:00+00:00
[2024-11-23T09:55:06.772+0000] {processor.py:208} INFO - Processing /opt/airflow/dags/data_ingestion_gcs_dag.py took 0.156 seconds
[2024-11-23T10:11:18.339+0000] {processor.py:186} INFO - Started process (PID=38997) to work on /opt/airflow/dags/data_ingestion_gcs_dag.py
[2024-11-23T10:11:18.340+0000] {processor.py:914} INFO - Processing file /opt/airflow/dags/data_ingestion_gcs_dag.py for tasks to queue
[2024-11-23T10:11:18.341+0000] {logging_mixin.py:190} INFO - [2024-11-23T10:11:18.341+0000] {dagbag.py:588} INFO - Filling up the DagBag from /opt/airflow/dags/data_ingestion_gcs_dag.py
[2024-11-23T10:11:18.374+0000] {processor.py:925} INFO - DAG(s) 'data_ingestion_gcs_dag' retrieved from /opt/airflow/dags/data_ingestion_gcs_dag.py
[2024-11-23T10:11:18.395+0000] {logging_mixin.py:190} INFO - [2024-11-23T10:11:18.395+0000] {dag.py:3239} INFO - Sync 1 DAGs
[2024-11-23T10:11:18.411+0000] {logging_mixin.py:190} INFO - [2024-11-23T10:11:18.411+0000] {dag.py:4180} INFO - Setting next_dagrun for data_ingestion_gcs_dag to 2024-11-23 00:00:00+00:00, run_after=2024-11-24 00:00:00+00:00
[2024-11-23T10:11:18.422+0000] {processor.py:208} INFO - Processing /opt/airflow/dags/data_ingestion_gcs_dag.py took 0.092 seconds
[2024-11-23T10:55:46.156+0000] {processor.py:186} INFO - Started process (PID=39004) to work on /opt/airflow/dags/data_ingestion_gcs_dag.py
[2024-11-23T10:55:46.159+0000] {processor.py:914} INFO - Processing file /opt/airflow/dags/data_ingestion_gcs_dag.py for tasks to queue
[2024-11-23T10:55:46.161+0000] {logging_mixin.py:190} INFO - [2024-11-23T10:55:46.160+0000] {dagbag.py:588} INFO - Filling up the DagBag from /opt/airflow/dags/data_ingestion_gcs_dag.py
[2024-11-23T10:55:46.201+0000] {processor.py:925} INFO - DAG(s) 'data_ingestion_gcs_dag' retrieved from /opt/airflow/dags/data_ingestion_gcs_dag.py
[2024-11-23T10:55:46.234+0000] {logging_mixin.py:190} INFO - [2024-11-23T10:55:46.234+0000] {dag.py:3239} INFO - Sync 1 DAGs
[2024-11-23T10:55:46.253+0000] {logging_mixin.py:190} INFO - [2024-11-23T10:55:46.253+0000] {dag.py:4180} INFO - Setting next_dagrun for data_ingestion_gcs_dag to 2024-11-23 00:00:00+00:00, run_after=2024-11-24 00:00:00+00:00
[2024-11-23T10:55:46.263+0000] {processor.py:208} INFO - Processing /opt/airflow/dags/data_ingestion_gcs_dag.py took 0.116 seconds
[2024-11-23T11:00:44.029+0000] {processor.py:186} INFO - Started process (PID=39011) to work on /opt/airflow/dags/data_ingestion_gcs_dag.py
[2024-11-23T11:00:44.031+0000] {processor.py:914} INFO - Processing file /opt/airflow/dags/data_ingestion_gcs_dag.py for tasks to queue
[2024-11-23T11:00:44.035+0000] {logging_mixin.py:190} INFO - [2024-11-23T11:00:44.034+0000] {dagbag.py:588} INFO - Filling up the DagBag from /opt/airflow/dags/data_ingestion_gcs_dag.py
[2024-11-23T11:00:44.069+0000] {processor.py:925} INFO - DAG(s) 'data_ingestion_gcs_dag' retrieved from /opt/airflow/dags/data_ingestion_gcs_dag.py
[2024-11-23T11:00:44.088+0000] {logging_mixin.py:190} INFO - [2024-11-23T11:00:44.088+0000] {dag.py:3239} INFO - Sync 1 DAGs
[2024-11-23T11:00:44.100+0000] {logging_mixin.py:190} INFO - [2024-11-23T11:00:44.100+0000] {dag.py:4180} INFO - Setting next_dagrun for data_ingestion_gcs_dag to 2024-11-23 00:00:00+00:00, run_after=2024-11-24 00:00:00+00:00
[2024-11-23T11:00:44.107+0000] {processor.py:208} INFO - Processing /opt/airflow/dags/data_ingestion_gcs_dag.py took 0.090 seconds
[2024-11-23T11:15:49.848+0000] {processor.py:186} INFO - Started process (PID=39018) to work on /opt/airflow/dags/data_ingestion_gcs_dag.py
[2024-11-23T11:15:49.849+0000] {processor.py:914} INFO - Processing file /opt/airflow/dags/data_ingestion_gcs_dag.py for tasks to queue
[2024-11-23T11:15:49.850+0000] {logging_mixin.py:190} INFO - [2024-11-23T11:15:49.850+0000] {dagbag.py:588} INFO - Filling up the DagBag from /opt/airflow/dags/data_ingestion_gcs_dag.py
[2024-11-23T11:15:49.884+0000] {processor.py:925} INFO - DAG(s) 'data_ingestion_gcs_dag' retrieved from /opt/airflow/dags/data_ingestion_gcs_dag.py
[2024-11-23T11:15:49.928+0000] {logging_mixin.py:190} INFO - [2024-11-23T11:15:49.928+0000] {dag.py:3239} INFO - Sync 1 DAGs
[2024-11-23T11:15:49.941+0000] {logging_mixin.py:190} INFO - [2024-11-23T11:15:49.941+0000] {dag.py:4180} INFO - Setting next_dagrun for data_ingestion_gcs_dag to 2024-11-23 00:00:00+00:00, run_after=2024-11-24 00:00:00+00:00
[2024-11-23T11:15:49.951+0000] {processor.py:208} INFO - Processing /opt/airflow/dags/data_ingestion_gcs_dag.py took 0.110 seconds
[2024-11-23T11:35:48.455+0000] {processor.py:186} INFO - Started process (PID=39025) to work on /opt/airflow/dags/data_ingestion_gcs_dag.py
[2024-11-23T11:35:48.455+0000] {processor.py:914} INFO - Processing file /opt/airflow/dags/data_ingestion_gcs_dag.py for tasks to queue
[2024-11-23T11:35:48.457+0000] {logging_mixin.py:190} INFO - [2024-11-23T11:35:48.456+0000] {dagbag.py:588} INFO - Filling up the DagBag from /opt/airflow/dags/data_ingestion_gcs_dag.py
[2024-11-23T11:35:48.479+0000] {processor.py:925} INFO - DAG(s) 'data_ingestion_gcs_dag' retrieved from /opt/airflow/dags/data_ingestion_gcs_dag.py
[2024-11-23T11:35:48.493+0000] {logging_mixin.py:190} INFO - [2024-11-23T11:35:48.493+0000] {dag.py:3239} INFO - Sync 1 DAGs
[2024-11-23T11:35:48.504+0000] {logging_mixin.py:190} INFO - [2024-11-23T11:35:48.504+0000] {dag.py:4180} INFO - Setting next_dagrun for data_ingestion_gcs_dag to 2024-11-23 00:00:00+00:00, run_after=2024-11-24 00:00:00+00:00
[2024-11-23T11:35:48.512+0000] {processor.py:208} INFO - Processing /opt/airflow/dags/data_ingestion_gcs_dag.py took 0.065 seconds
[2024-11-23T11:50:48.120+0000] {processor.py:186} INFO - Started process (PID=39032) to work on /opt/airflow/dags/data_ingestion_gcs_dag.py
[2024-11-23T11:50:48.122+0000] {processor.py:914} INFO - Processing file /opt/airflow/dags/data_ingestion_gcs_dag.py for tasks to queue
[2024-11-23T11:50:48.124+0000] {logging_mixin.py:190} INFO - [2024-11-23T11:50:48.123+0000] {dagbag.py:588} INFO - Filling up the DagBag from /opt/airflow/dags/data_ingestion_gcs_dag.py
[2024-11-23T11:50:48.171+0000] {processor.py:925} INFO - DAG(s) 'data_ingestion_gcs_dag' retrieved from /opt/airflow/dags/data_ingestion_gcs_dag.py
[2024-11-23T11:50:48.188+0000] {logging_mixin.py:190} INFO - [2024-11-23T11:50:48.188+0000] {dag.py:3239} INFO - Sync 1 DAGs
[2024-11-23T11:50:48.201+0000] {logging_mixin.py:190} INFO - [2024-11-23T11:50:48.201+0000] {dag.py:4180} INFO - Setting next_dagrun for data_ingestion_gcs_dag to 2024-11-23 00:00:00+00:00, run_after=2024-11-24 00:00:00+00:00
[2024-11-23T11:50:48.209+0000] {processor.py:208} INFO - Processing /opt/airflow/dags/data_ingestion_gcs_dag.py took 0.101 seconds
[2024-11-23T12:01:02.105+0000] {processor.py:186} INFO - Started process (PID=39039) to work on /opt/airflow/dags/data_ingestion_gcs_dag.py
[2024-11-23T12:01:02.106+0000] {processor.py:914} INFO - Processing file /opt/airflow/dags/data_ingestion_gcs_dag.py for tasks to queue
[2024-11-23T12:01:02.108+0000] {logging_mixin.py:190} INFO - [2024-11-23T12:01:02.108+0000] {dagbag.py:588} INFO - Filling up the DagBag from /opt/airflow/dags/data_ingestion_gcs_dag.py
[2024-11-23T12:01:02.132+0000] {processor.py:925} INFO - DAG(s) 'data_ingestion_gcs_dag' retrieved from /opt/airflow/dags/data_ingestion_gcs_dag.py
[2024-11-23T12:01:02.149+0000] {logging_mixin.py:190} INFO - [2024-11-23T12:01:02.149+0000] {dag.py:3239} INFO - Sync 1 DAGs
[2024-11-23T12:01:02.162+0000] {logging_mixin.py:190} INFO - [2024-11-23T12:01:02.162+0000] {dag.py:4180} INFO - Setting next_dagrun for data_ingestion_gcs_dag to 2024-11-23 00:00:00+00:00, run_after=2024-11-24 00:00:00+00:00
[2024-11-23T12:01:02.170+0000] {processor.py:208} INFO - Processing /opt/airflow/dags/data_ingestion_gcs_dag.py took 0.074 seconds
[2024-11-23T12:06:03.416+0000] {processor.py:186} INFO - Started process (PID=39046) to work on /opt/airflow/dags/data_ingestion_gcs_dag.py
[2024-11-23T12:06:03.416+0000] {processor.py:914} INFO - Processing file /opt/airflow/dags/data_ingestion_gcs_dag.py for tasks to queue
[2024-11-23T12:06:03.417+0000] {logging_mixin.py:190} INFO - [2024-11-23T12:06:03.417+0000] {dagbag.py:588} INFO - Filling up the DagBag from /opt/airflow/dags/data_ingestion_gcs_dag.py
[2024-11-23T12:06:03.452+0000] {processor.py:925} INFO - DAG(s) 'data_ingestion_gcs_dag' retrieved from /opt/airflow/dags/data_ingestion_gcs_dag.py
[2024-11-23T12:06:03.469+0000] {logging_mixin.py:190} INFO - [2024-11-23T12:06:03.469+0000] {dag.py:3239} INFO - Sync 1 DAGs
[2024-11-23T12:06:03.482+0000] {logging_mixin.py:190} INFO - [2024-11-23T12:06:03.482+0000] {dag.py:4180} INFO - Setting next_dagrun for data_ingestion_gcs_dag to 2024-11-23 00:00:00+00:00, run_after=2024-11-24 00:00:00+00:00
[2024-11-23T12:06:03.490+0000] {processor.py:208} INFO - Processing /opt/airflow/dags/data_ingestion_gcs_dag.py took 0.081 seconds
[2024-11-23T12:56:12.493+0000] {processor.py:186} INFO - Started process (PID=39053) to work on /opt/airflow/dags/data_ingestion_gcs_dag.py
[2024-11-23T12:56:12.494+0000] {processor.py:914} INFO - Processing file /opt/airflow/dags/data_ingestion_gcs_dag.py for tasks to queue
[2024-11-23T12:56:12.496+0000] {logging_mixin.py:190} INFO - [2024-11-23T12:56:12.496+0000] {dagbag.py:588} INFO - Filling up the DagBag from /opt/airflow/dags/data_ingestion_gcs_dag.py
[2024-11-23T12:56:12.539+0000] {processor.py:925} INFO - DAG(s) 'data_ingestion_gcs_dag' retrieved from /opt/airflow/dags/data_ingestion_gcs_dag.py
[2024-11-23T12:56:12.557+0000] {logging_mixin.py:190} INFO - [2024-11-23T12:56:12.557+0000] {dag.py:3239} INFO - Sync 1 DAGs
[2024-11-23T12:56:12.569+0000] {logging_mixin.py:190} INFO - [2024-11-23T12:56:12.569+0000] {dag.py:4180} INFO - Setting next_dagrun for data_ingestion_gcs_dag to 2024-11-23 00:00:00+00:00, run_after=2024-11-24 00:00:00+00:00
[2024-11-23T12:56:12.577+0000] {processor.py:208} INFO - Processing /opt/airflow/dags/data_ingestion_gcs_dag.py took 0.090 seconds
[2024-11-23T13:13:43.236+0000] {processor.py:186} INFO - Started process (PID=39060) to work on /opt/airflow/dags/data_ingestion_gcs_dag.py
[2024-11-23T13:13:43.237+0000] {processor.py:914} INFO - Processing file /opt/airflow/dags/data_ingestion_gcs_dag.py for tasks to queue
[2024-11-23T13:13:43.240+0000] {logging_mixin.py:190} INFO - [2024-11-23T13:13:43.239+0000] {dagbag.py:588} INFO - Filling up the DagBag from /opt/airflow/dags/data_ingestion_gcs_dag.py
[2024-11-23T13:13:43.266+0000] {processor.py:925} INFO - DAG(s) 'data_ingestion_gcs_dag' retrieved from /opt/airflow/dags/data_ingestion_gcs_dag.py
[2024-11-23T13:13:43.280+0000] {logging_mixin.py:190} INFO - [2024-11-23T13:13:43.280+0000] {dag.py:3239} INFO - Sync 1 DAGs
[2024-11-23T13:13:43.294+0000] {logging_mixin.py:190} INFO - [2024-11-23T13:13:43.294+0000] {dag.py:4180} INFO - Setting next_dagrun for data_ingestion_gcs_dag to 2024-11-23 00:00:00+00:00, run_after=2024-11-24 00:00:00+00:00
[2024-11-23T13:13:43.303+0000] {processor.py:208} INFO - Processing /opt/airflow/dags/data_ingestion_gcs_dag.py took 0.076 seconds
[2024-11-23T14:13:31.917+0000] {processor.py:186} INFO - Started process (PID=39067) to work on /opt/airflow/dags/data_ingestion_gcs_dag.py
[2024-11-23T14:13:31.920+0000] {processor.py:914} INFO - Processing file /opt/airflow/dags/data_ingestion_gcs_dag.py for tasks to queue
[2024-11-23T14:13:31.923+0000] {logging_mixin.py:190} INFO - [2024-11-23T14:13:31.923+0000] {dagbag.py:588} INFO - Filling up the DagBag from /opt/airflow/dags/data_ingestion_gcs_dag.py
[2024-11-23T14:13:31.952+0000] {processor.py:925} INFO - DAG(s) 'data_ingestion_gcs_dag' retrieved from /opt/airflow/dags/data_ingestion_gcs_dag.py
[2024-11-23T14:13:31.968+0000] {logging_mixin.py:190} INFO - [2024-11-23T14:13:31.967+0000] {dag.py:3239} INFO - Sync 1 DAGs
[2024-11-23T14:13:31.980+0000] {logging_mixin.py:190} INFO - [2024-11-23T14:13:31.980+0000] {dag.py:4180} INFO - Setting next_dagrun for data_ingestion_gcs_dag to 2024-11-23 00:00:00+00:00, run_after=2024-11-24 00:00:00+00:00
[2024-11-23T14:13:31.988+0000] {processor.py:208} INFO - Processing /opt/airflow/dags/data_ingestion_gcs_dag.py took 0.082 seconds
[2024-11-23T14:30:31.330+0000] {processor.py:186} INFO - Started process (PID=39074) to work on /opt/airflow/dags/data_ingestion_gcs_dag.py
[2024-11-23T14:30:31.331+0000] {processor.py:914} INFO - Processing file /opt/airflow/dags/data_ingestion_gcs_dag.py for tasks to queue
[2024-11-23T14:30:31.333+0000] {logging_mixin.py:190} INFO - [2024-11-23T14:30:31.333+0000] {dagbag.py:588} INFO - Filling up the DagBag from /opt/airflow/dags/data_ingestion_gcs_dag.py
[2024-11-23T14:30:31.384+0000] {processor.py:925} INFO - DAG(s) 'data_ingestion_gcs_dag' retrieved from /opt/airflow/dags/data_ingestion_gcs_dag.py
[2024-11-23T14:30:31.413+0000] {logging_mixin.py:190} INFO - [2024-11-23T14:30:31.413+0000] {dag.py:3239} INFO - Sync 1 DAGs
[2024-11-23T14:30:31.465+0000] {logging_mixin.py:190} INFO - [2024-11-23T14:30:31.465+0000] {dag.py:4180} INFO - Setting next_dagrun for data_ingestion_gcs_dag to 2024-11-23 00:00:00+00:00, run_after=2024-11-24 00:00:00+00:00
[2024-11-23T14:30:31.480+0000] {processor.py:208} INFO - Processing /opt/airflow/dags/data_ingestion_gcs_dag.py took 0.166 seconds
[2024-11-23T15:31:52.165+0000] {processor.py:186} INFO - Started process (PID=39081) to work on /opt/airflow/dags/data_ingestion_gcs_dag.py
[2024-11-23T15:31:52.166+0000] {processor.py:914} INFO - Processing file /opt/airflow/dags/data_ingestion_gcs_dag.py for tasks to queue
[2024-11-23T15:31:52.168+0000] {logging_mixin.py:190} INFO - [2024-11-23T15:31:52.168+0000] {dagbag.py:588} INFO - Filling up the DagBag from /opt/airflow/dags/data_ingestion_gcs_dag.py
[2024-11-23T15:31:52.220+0000] {processor.py:925} INFO - DAG(s) 'data_ingestion_gcs_dag' retrieved from /opt/airflow/dags/data_ingestion_gcs_dag.py
[2024-11-23T15:31:52.246+0000] {logging_mixin.py:190} INFO - [2024-11-23T15:31:52.246+0000] {dag.py:3239} INFO - Sync 1 DAGs
[2024-11-23T15:31:52.374+0000] {logging_mixin.py:190} INFO - [2024-11-23T15:31:52.374+0000] {dag.py:4180} INFO - Setting next_dagrun for data_ingestion_gcs_dag to 2024-11-23 00:00:00+00:00, run_after=2024-11-24 00:00:00+00:00
[2024-11-23T15:31:52.394+0000] {processor.py:208} INFO - Processing /opt/airflow/dags/data_ingestion_gcs_dag.py took 0.249 seconds
[2024-11-23T15:48:59.952+0000] {processor.py:186} INFO - Started process (PID=39088) to work on /opt/airflow/dags/data_ingestion_gcs_dag.py
[2024-11-23T15:48:59.953+0000] {processor.py:914} INFO - Processing file /opt/airflow/dags/data_ingestion_gcs_dag.py for tasks to queue
[2024-11-23T15:48:59.955+0000] {logging_mixin.py:190} INFO - [2024-11-23T15:48:59.955+0000] {dagbag.py:588} INFO - Filling up the DagBag from /opt/airflow/dags/data_ingestion_gcs_dag.py
[2024-11-23T15:49:00.015+0000] {processor.py:925} INFO - DAG(s) 'data_ingestion_gcs_dag' retrieved from /opt/airflow/dags/data_ingestion_gcs_dag.py
[2024-11-23T15:49:00.043+0000] {logging_mixin.py:190} INFO - [2024-11-23T15:49:00.043+0000] {dag.py:3239} INFO - Sync 1 DAGs
[2024-11-23T15:49:00.065+0000] {logging_mixin.py:190} INFO - [2024-11-23T15:49:00.064+0000] {dag.py:4180} INFO - Setting next_dagrun for data_ingestion_gcs_dag to 2024-11-23 00:00:00+00:00, run_after=2024-11-24 00:00:00+00:00
[2024-11-23T15:49:00.098+0000] {processor.py:208} INFO - Processing /opt/airflow/dags/data_ingestion_gcs_dag.py took 0.157 seconds
[2024-11-23T16:36:54.280+0000] {processor.py:186} INFO - Started process (PID=39095) to work on /opt/airflow/dags/data_ingestion_gcs_dag.py
[2024-11-23T16:36:54.280+0000] {processor.py:914} INFO - Processing file /opt/airflow/dags/data_ingestion_gcs_dag.py for tasks to queue
[2024-11-23T16:36:54.281+0000] {logging_mixin.py:190} INFO - [2024-11-23T16:36:54.281+0000] {dagbag.py:588} INFO - Filling up the DagBag from /opt/airflow/dags/data_ingestion_gcs_dag.py
[2024-11-23T16:36:54.301+0000] {processor.py:925} INFO - DAG(s) 'data_ingestion_gcs_dag' retrieved from /opt/airflow/dags/data_ingestion_gcs_dag.py
[2024-11-23T16:36:54.315+0000] {logging_mixin.py:190} INFO - [2024-11-23T16:36:54.315+0000] {dag.py:3239} INFO - Sync 1 DAGs
[2024-11-23T16:36:54.327+0000] {logging_mixin.py:190} INFO - [2024-11-23T16:36:54.327+0000] {dag.py:4180} INFO - Setting next_dagrun for data_ingestion_gcs_dag to 2024-11-23 00:00:00+00:00, run_after=2024-11-24 00:00:00+00:00
[2024-11-23T16:36:54.335+0000] {processor.py:208} INFO - Processing /opt/airflow/dags/data_ingestion_gcs_dag.py took 0.062 seconds
[2024-11-23T16:54:45.237+0000] {processor.py:186} INFO - Started process (PID=39102) to work on /opt/airflow/dags/data_ingestion_gcs_dag.py
[2024-11-23T16:54:45.239+0000] {processor.py:914} INFO - Processing file /opt/airflow/dags/data_ingestion_gcs_dag.py for tasks to queue
[2024-11-23T16:54:45.241+0000] {logging_mixin.py:190} INFO - [2024-11-23T16:54:45.240+0000] {dagbag.py:588} INFO - Filling up the DagBag from /opt/airflow/dags/data_ingestion_gcs_dag.py
[2024-11-23T16:54:45.282+0000] {processor.py:925} INFO - DAG(s) 'data_ingestion_gcs_dag' retrieved from /opt/airflow/dags/data_ingestion_gcs_dag.py
[2024-11-23T16:54:45.338+0000] {logging_mixin.py:190} INFO - [2024-11-23T16:54:45.337+0000] {dag.py:3239} INFO - Sync 1 DAGs
[2024-11-23T16:54:45.360+0000] {logging_mixin.py:190} INFO - [2024-11-23T16:54:45.360+0000] {dag.py:4180} INFO - Setting next_dagrun for data_ingestion_gcs_dag to 2024-11-23 00:00:00+00:00, run_after=2024-11-24 00:00:00+00:00
[2024-11-23T16:54:45.375+0000] {processor.py:208} INFO - Processing /opt/airflow/dags/data_ingestion_gcs_dag.py took 0.148 seconds
[2024-11-23T17:35:50.586+0000] {processor.py:186} INFO - Started process (PID=39109) to work on /opt/airflow/dags/data_ingestion_gcs_dag.py
[2024-11-23T17:35:50.587+0000] {processor.py:914} INFO - Processing file /opt/airflow/dags/data_ingestion_gcs_dag.py for tasks to queue
[2024-11-23T17:35:50.589+0000] {logging_mixin.py:190} INFO - [2024-11-23T17:35:50.589+0000] {dagbag.py:588} INFO - Filling up the DagBag from /opt/airflow/dags/data_ingestion_gcs_dag.py
[2024-11-23T17:35:50.621+0000] {processor.py:925} INFO - DAG(s) 'data_ingestion_gcs_dag' retrieved from /opt/airflow/dags/data_ingestion_gcs_dag.py
[2024-11-23T17:35:50.641+0000] {logging_mixin.py:190} INFO - [2024-11-23T17:35:50.641+0000] {dag.py:3239} INFO - Sync 1 DAGs
[2024-11-23T17:35:50.669+0000] {logging_mixin.py:190} INFO - [2024-11-23T17:35:50.668+0000] {dag.py:4180} INFO - Setting next_dagrun for data_ingestion_gcs_dag to 2024-11-23 00:00:00+00:00, run_after=2024-11-24 00:00:00+00:00
[2024-11-23T17:35:50.687+0000] {processor.py:208} INFO - Processing /opt/airflow/dags/data_ingestion_gcs_dag.py took 0.109 seconds
[2024-11-23T17:41:13.153+0000] {processor.py:186} INFO - Started process (PID=39116) to work on /opt/airflow/dags/data_ingestion_gcs_dag.py
[2024-11-23T17:41:13.154+0000] {processor.py:914} INFO - Processing file /opt/airflow/dags/data_ingestion_gcs_dag.py for tasks to queue
[2024-11-23T17:41:13.156+0000] {logging_mixin.py:190} INFO - [2024-11-23T17:41:13.156+0000] {dagbag.py:588} INFO - Filling up the DagBag from /opt/airflow/dags/data_ingestion_gcs_dag.py
[2024-11-23T17:41:13.186+0000] {processor.py:925} INFO - DAG(s) 'data_ingestion_gcs_dag' retrieved from /opt/airflow/dags/data_ingestion_gcs_dag.py
[2024-11-23T17:41:13.226+0000] {logging_mixin.py:190} INFO - [2024-11-23T17:41:13.225+0000] {dag.py:3239} INFO - Sync 1 DAGs
[2024-11-23T17:41:13.245+0000] {logging_mixin.py:190} INFO - [2024-11-23T17:41:13.245+0000] {dag.py:4180} INFO - Setting next_dagrun for data_ingestion_gcs_dag to 2024-11-23 00:00:00+00:00, run_after=2024-11-24 00:00:00+00:00
[2024-11-23T17:41:13.257+0000] {processor.py:208} INFO - Processing /opt/airflow/dags/data_ingestion_gcs_dag.py took 0.112 seconds
[2024-11-23T17:59:55.913+0000] {processor.py:186} INFO - Started process (PID=39123) to work on /opt/airflow/dags/data_ingestion_gcs_dag.py
[2024-11-23T17:59:55.914+0000] {processor.py:914} INFO - Processing file /opt/airflow/dags/data_ingestion_gcs_dag.py for tasks to queue
[2024-11-23T17:59:55.915+0000] {logging_mixin.py:190} INFO - [2024-11-23T17:59:55.914+0000] {dagbag.py:588} INFO - Filling up the DagBag from /opt/airflow/dags/data_ingestion_gcs_dag.py
[2024-11-23T17:59:55.929+0000] {processor.py:925} INFO - DAG(s) 'data_ingestion_gcs_dag' retrieved from /opt/airflow/dags/data_ingestion_gcs_dag.py
[2024-11-23T17:59:55.943+0000] {logging_mixin.py:190} INFO - [2024-11-23T17:59:55.943+0000] {dag.py:3239} INFO - Sync 1 DAGs
[2024-11-23T17:59:55.954+0000] {logging_mixin.py:190} INFO - [2024-11-23T17:59:55.954+0000] {dag.py:4180} INFO - Setting next_dagrun for data_ingestion_gcs_dag to 2024-11-23 00:00:00+00:00, run_after=2024-11-24 00:00:00+00:00
[2024-11-23T17:59:55.963+0000] {processor.py:208} INFO - Processing /opt/airflow/dags/data_ingestion_gcs_dag.py took 0.056 seconds
[2024-11-23T18:10:47.819+0000] {processor.py:186} INFO - Started process (PID=39130) to work on /opt/airflow/dags/data_ingestion_gcs_dag.py
[2024-11-23T18:10:47.820+0000] {processor.py:914} INFO - Processing file /opt/airflow/dags/data_ingestion_gcs_dag.py for tasks to queue
[2024-11-23T18:10:47.821+0000] {logging_mixin.py:190} INFO - [2024-11-23T18:10:47.821+0000] {dagbag.py:588} INFO - Filling up the DagBag from /opt/airflow/dags/data_ingestion_gcs_dag.py
[2024-11-23T18:10:47.879+0000] {processor.py:925} INFO - DAG(s) 'data_ingestion_gcs_dag' retrieved from /opt/airflow/dags/data_ingestion_gcs_dag.py
[2024-11-23T18:10:47.899+0000] {logging_mixin.py:190} INFO - [2024-11-23T18:10:47.899+0000] {dag.py:3239} INFO - Sync 1 DAGs
[2024-11-23T18:10:47.913+0000] {logging_mixin.py:190} INFO - [2024-11-23T18:10:47.913+0000] {dag.py:4180} INFO - Setting next_dagrun for data_ingestion_gcs_dag to 2024-11-23 00:00:00+00:00, run_after=2024-11-24 00:00:00+00:00
[2024-11-23T18:10:47.923+0000] {processor.py:208} INFO - Processing /opt/airflow/dags/data_ingestion_gcs_dag.py took 0.111 seconds
[2024-11-23T18:20:47.309+0000] {processor.py:186} INFO - Started process (PID=39137) to work on /opt/airflow/dags/data_ingestion_gcs_dag.py
[2024-11-23T18:20:47.310+0000] {processor.py:914} INFO - Processing file /opt/airflow/dags/data_ingestion_gcs_dag.py for tasks to queue
[2024-11-23T18:20:47.311+0000] {logging_mixin.py:190} INFO - [2024-11-23T18:20:47.311+0000] {dagbag.py:588} INFO - Filling up the DagBag from /opt/airflow/dags/data_ingestion_gcs_dag.py
[2024-11-23T18:20:47.343+0000] {processor.py:925} INFO - DAG(s) 'data_ingestion_gcs_dag' retrieved from /opt/airflow/dags/data_ingestion_gcs_dag.py
[2024-11-23T18:20:47.368+0000] {logging_mixin.py:190} INFO - [2024-11-23T18:20:47.368+0000] {dag.py:3239} INFO - Sync 1 DAGs
[2024-11-23T18:20:47.381+0000] {logging_mixin.py:190} INFO - [2024-11-23T18:20:47.381+0000] {dag.py:4180} INFO - Setting next_dagrun for data_ingestion_gcs_dag to 2024-11-23 00:00:00+00:00, run_after=2024-11-24 00:00:00+00:00
[2024-11-23T18:20:47.389+0000] {processor.py:208} INFO - Processing /opt/airflow/dags/data_ingestion_gcs_dag.py took 0.086 seconds
[2024-11-23T18:35:45.976+0000] {processor.py:186} INFO - Started process (PID=39144) to work on /opt/airflow/dags/data_ingestion_gcs_dag.py
[2024-11-23T18:35:45.977+0000] {processor.py:914} INFO - Processing file /opt/airflow/dags/data_ingestion_gcs_dag.py for tasks to queue
[2024-11-23T18:35:45.983+0000] {logging_mixin.py:190} INFO - [2024-11-23T18:35:45.981+0000] {dagbag.py:588} INFO - Filling up the DagBag from /opt/airflow/dags/data_ingestion_gcs_dag.py
[2024-11-23T18:35:46.043+0000] {processor.py:925} INFO - DAG(s) 'data_ingestion_gcs_dag' retrieved from /opt/airflow/dags/data_ingestion_gcs_dag.py
[2024-11-23T18:35:46.066+0000] {logging_mixin.py:190} INFO - [2024-11-23T18:35:46.065+0000] {dag.py:3239} INFO - Sync 1 DAGs
[2024-11-23T18:35:46.084+0000] {logging_mixin.py:190} INFO - [2024-11-23T18:35:46.083+0000] {dag.py:4180} INFO - Setting next_dagrun for data_ingestion_gcs_dag to 2024-11-23 00:00:00+00:00, run_after=2024-11-24 00:00:00+00:00
[2024-11-23T18:35:46.093+0000] {processor.py:208} INFO - Processing /opt/airflow/dags/data_ingestion_gcs_dag.py took 0.127 seconds
[2024-11-23T18:46:00.059+0000] {processor.py:186} INFO - Started process (PID=39151) to work on /opt/airflow/dags/data_ingestion_gcs_dag.py
[2024-11-23T18:46:00.062+0000] {processor.py:914} INFO - Processing file /opt/airflow/dags/data_ingestion_gcs_dag.py for tasks to queue
[2024-11-23T18:46:00.065+0000] {logging_mixin.py:190} INFO - [2024-11-23T18:46:00.065+0000] {dagbag.py:588} INFO - Filling up the DagBag from /opt/airflow/dags/data_ingestion_gcs_dag.py
[2024-11-23T18:46:00.141+0000] {processor.py:925} INFO - DAG(s) 'data_ingestion_gcs_dag' retrieved from /opt/airflow/dags/data_ingestion_gcs_dag.py
[2024-11-23T18:46:00.165+0000] {logging_mixin.py:190} INFO - [2024-11-23T18:46:00.165+0000] {dag.py:3239} INFO - Sync 1 DAGs
[2024-11-23T18:46:00.183+0000] {logging_mixin.py:190} INFO - [2024-11-23T18:46:00.183+0000] {dag.py:4180} INFO - Setting next_dagrun for data_ingestion_gcs_dag to 2024-11-23 00:00:00+00:00, run_after=2024-11-24 00:00:00+00:00
[2024-11-23T18:46:00.192+0000] {processor.py:208} INFO - Processing /opt/airflow/dags/data_ingestion_gcs_dag.py took 0.151 seconds
[2024-11-23T18:55:50.321+0000] {processor.py:186} INFO - Started process (PID=39158) to work on /opt/airflow/dags/data_ingestion_gcs_dag.py
[2024-11-23T18:55:50.322+0000] {processor.py:914} INFO - Processing file /opt/airflow/dags/data_ingestion_gcs_dag.py for tasks to queue
[2024-11-23T18:55:50.325+0000] {logging_mixin.py:190} INFO - [2024-11-23T18:55:50.324+0000] {dagbag.py:588} INFO - Filling up the DagBag from /opt/airflow/dags/data_ingestion_gcs_dag.py
[2024-11-23T18:55:50.436+0000] {processor.py:925} INFO - DAG(s) 'data_ingestion_gcs_dag' retrieved from /opt/airflow/dags/data_ingestion_gcs_dag.py
[2024-11-23T18:55:50.497+0000] {logging_mixin.py:190} INFO - [2024-11-23T18:55:50.497+0000] {dag.py:3239} INFO - Sync 1 DAGs
[2024-11-23T18:55:50.526+0000] {logging_mixin.py:190} INFO - [2024-11-23T18:55:50.525+0000] {dag.py:4180} INFO - Setting next_dagrun for data_ingestion_gcs_dag to 2024-11-23 00:00:00+00:00, run_after=2024-11-24 00:00:00+00:00
[2024-11-23T18:55:50.544+0000] {processor.py:208} INFO - Processing /opt/airflow/dags/data_ingestion_gcs_dag.py took 0.233 seconds
[2024-11-23T19:15:48.591+0000] {processor.py:186} INFO - Started process (PID=39165) to work on /opt/airflow/dags/data_ingestion_gcs_dag.py
[2024-11-23T19:15:48.592+0000] {processor.py:914} INFO - Processing file /opt/airflow/dags/data_ingestion_gcs_dag.py for tasks to queue
[2024-11-23T19:15:48.595+0000] {logging_mixin.py:190} INFO - [2024-11-23T19:15:48.594+0000] {dagbag.py:588} INFO - Filling up the DagBag from /opt/airflow/dags/data_ingestion_gcs_dag.py
[2024-11-23T19:15:48.634+0000] {processor.py:925} INFO - DAG(s) 'data_ingestion_gcs_dag' retrieved from /opt/airflow/dags/data_ingestion_gcs_dag.py
[2024-11-23T19:15:48.653+0000] {logging_mixin.py:190} INFO - [2024-11-23T19:15:48.653+0000] {dag.py:3239} INFO - Sync 1 DAGs
[2024-11-23T19:15:48.669+0000] {logging_mixin.py:190} INFO - [2024-11-23T19:15:48.668+0000] {dag.py:4180} INFO - Setting next_dagrun for data_ingestion_gcs_dag to 2024-11-23 00:00:00+00:00, run_after=2024-11-24 00:00:00+00:00
[2024-11-23T19:15:48.679+0000] {processor.py:208} INFO - Processing /opt/airflow/dags/data_ingestion_gcs_dag.py took 0.099 seconds
[2024-11-23T19:30:46.327+0000] {processor.py:186} INFO - Started process (PID=39172) to work on /opt/airflow/dags/data_ingestion_gcs_dag.py
[2024-11-23T19:30:46.328+0000] {processor.py:914} INFO - Processing file /opt/airflow/dags/data_ingestion_gcs_dag.py for tasks to queue
[2024-11-23T19:30:46.329+0000] {logging_mixin.py:190} INFO - [2024-11-23T19:30:46.329+0000] {dagbag.py:588} INFO - Filling up the DagBag from /opt/airflow/dags/data_ingestion_gcs_dag.py
[2024-11-23T19:30:46.360+0000] {processor.py:925} INFO - DAG(s) 'data_ingestion_gcs_dag' retrieved from /opt/airflow/dags/data_ingestion_gcs_dag.py
[2024-11-23T19:30:46.379+0000] {logging_mixin.py:190} INFO - [2024-11-23T19:30:46.379+0000] {dag.py:3239} INFO - Sync 1 DAGs
[2024-11-23T19:30:46.412+0000] {logging_mixin.py:190} INFO - [2024-11-23T19:30:46.411+0000] {dag.py:4180} INFO - Setting next_dagrun for data_ingestion_gcs_dag to 2024-11-23 00:00:00+00:00, run_after=2024-11-24 00:00:00+00:00
[2024-11-23T19:30:46.432+0000] {processor.py:208} INFO - Processing /opt/airflow/dags/data_ingestion_gcs_dag.py took 0.114 seconds
[2024-11-23T19:50:43.582+0000] {processor.py:186} INFO - Started process (PID=39179) to work on /opt/airflow/dags/data_ingestion_gcs_dag.py
[2024-11-23T19:50:43.583+0000] {processor.py:914} INFO - Processing file /opt/airflow/dags/data_ingestion_gcs_dag.py for tasks to queue
[2024-11-23T19:50:43.585+0000] {logging_mixin.py:190} INFO - [2024-11-23T19:50:43.585+0000] {dagbag.py:588} INFO - Filling up the DagBag from /opt/airflow/dags/data_ingestion_gcs_dag.py
[2024-11-23T19:50:43.614+0000] {processor.py:925} INFO - DAG(s) 'data_ingestion_gcs_dag' retrieved from /opt/airflow/dags/data_ingestion_gcs_dag.py
[2024-11-23T19:50:43.642+0000] {logging_mixin.py:190} INFO - [2024-11-23T19:50:43.642+0000] {dag.py:3239} INFO - Sync 1 DAGs
[2024-11-23T19:50:43.656+0000] {logging_mixin.py:190} INFO - [2024-11-23T19:50:43.656+0000] {dag.py:4180} INFO - Setting next_dagrun for data_ingestion_gcs_dag to 2024-11-23 00:00:00+00:00, run_after=2024-11-24 00:00:00+00:00
[2024-11-23T19:50:43.680+0000] {processor.py:208} INFO - Processing /opt/airflow/dags/data_ingestion_gcs_dag.py took 0.106 seconds
[2024-11-23T19:51:14.037+0000] {processor.py:186} INFO - Started process (PID=39186) to work on /opt/airflow/dags/data_ingestion_gcs_dag.py
[2024-11-23T19:51:14.041+0000] {processor.py:914} INFO - Processing file /opt/airflow/dags/data_ingestion_gcs_dag.py for tasks to queue
[2024-11-23T19:51:14.044+0000] {logging_mixin.py:190} INFO - [2024-11-23T19:51:14.043+0000] {dagbag.py:588} INFO - Filling up the DagBag from /opt/airflow/dags/data_ingestion_gcs_dag.py
[2024-11-23T19:51:14.124+0000] {processor.py:925} INFO - DAG(s) 'data_ingestion_gcs_dag' retrieved from /opt/airflow/dags/data_ingestion_gcs_dag.py
[2024-11-23T19:51:14.146+0000] {logging_mixin.py:190} INFO - [2024-11-23T19:51:14.146+0000] {dag.py:3239} INFO - Sync 1 DAGs
[2024-11-23T19:51:14.162+0000] {logging_mixin.py:190} INFO - [2024-11-23T19:51:14.162+0000] {dag.py:4180} INFO - Setting next_dagrun for data_ingestion_gcs_dag to 2024-11-23 00:00:00+00:00, run_after=2024-11-24 00:00:00+00:00
[2024-11-23T19:51:14.172+0000] {processor.py:208} INFO - Processing /opt/airflow/dags/data_ingestion_gcs_dag.py took 0.147 seconds
[2024-11-23T20:10:47.897+0000] {processor.py:186} INFO - Started process (PID=39193) to work on /opt/airflow/dags/data_ingestion_gcs_dag.py
[2024-11-23T20:10:47.897+0000] {processor.py:914} INFO - Processing file /opt/airflow/dags/data_ingestion_gcs_dag.py for tasks to queue
[2024-11-23T20:10:47.899+0000] {logging_mixin.py:190} INFO - [2024-11-23T20:10:47.898+0000] {dagbag.py:588} INFO - Filling up the DagBag from /opt/airflow/dags/data_ingestion_gcs_dag.py
[2024-11-23T20:10:47.934+0000] {processor.py:925} INFO - DAG(s) 'data_ingestion_gcs_dag' retrieved from /opt/airflow/dags/data_ingestion_gcs_dag.py
[2024-11-23T20:10:47.954+0000] {logging_mixin.py:190} INFO - [2024-11-23T20:10:47.954+0000] {dag.py:3239} INFO - Sync 1 DAGs
[2024-11-23T20:10:47.967+0000] {logging_mixin.py:190} INFO - [2024-11-23T20:10:47.967+0000] {dag.py:4180} INFO - Setting next_dagrun for data_ingestion_gcs_dag to 2024-11-23 00:00:00+00:00, run_after=2024-11-24 00:00:00+00:00
[2024-11-23T20:10:47.977+0000] {processor.py:208} INFO - Processing /opt/airflow/dags/data_ingestion_gcs_dag.py took 0.087 seconds
[2024-11-23T20:21:00.667+0000] {processor.py:186} INFO - Started process (PID=39200) to work on /opt/airflow/dags/data_ingestion_gcs_dag.py
[2024-11-23T20:21:00.668+0000] {processor.py:914} INFO - Processing file /opt/airflow/dags/data_ingestion_gcs_dag.py for tasks to queue
[2024-11-23T20:21:00.669+0000] {logging_mixin.py:190} INFO - [2024-11-23T20:21:00.669+0000] {dagbag.py:588} INFO - Filling up the DagBag from /opt/airflow/dags/data_ingestion_gcs_dag.py
[2024-11-23T20:21:00.696+0000] {processor.py:925} INFO - DAG(s) 'data_ingestion_gcs_dag' retrieved from /opt/airflow/dags/data_ingestion_gcs_dag.py
[2024-11-23T20:21:00.711+0000] {logging_mixin.py:190} INFO - [2024-11-23T20:21:00.711+0000] {dag.py:3239} INFO - Sync 1 DAGs
[2024-11-23T20:21:00.723+0000] {logging_mixin.py:190} INFO - [2024-11-23T20:21:00.723+0000] {dag.py:4180} INFO - Setting next_dagrun for data_ingestion_gcs_dag to 2024-11-23 00:00:00+00:00, run_after=2024-11-24 00:00:00+00:00
[2024-11-23T20:21:00.734+0000] {processor.py:208} INFO - Processing /opt/airflow/dags/data_ingestion_gcs_dag.py took 0.080 seconds
[2024-11-23T20:21:31.023+0000] {processor.py:186} INFO - Started process (PID=39207) to work on /opt/airflow/dags/data_ingestion_gcs_dag.py
[2024-11-23T20:21:31.024+0000] {processor.py:914} INFO - Processing file /opt/airflow/dags/data_ingestion_gcs_dag.py for tasks to queue
[2024-11-23T20:21:31.024+0000] {logging_mixin.py:190} INFO - [2024-11-23T20:21:31.024+0000] {dagbag.py:588} INFO - Filling up the DagBag from /opt/airflow/dags/data_ingestion_gcs_dag.py
[2024-11-23T20:21:31.042+0000] {processor.py:925} INFO - DAG(s) 'data_ingestion_gcs_dag' retrieved from /opt/airflow/dags/data_ingestion_gcs_dag.py
[2024-11-23T20:21:31.065+0000] {logging_mixin.py:190} INFO - [2024-11-23T20:21:31.065+0000] {dag.py:3239} INFO - Sync 1 DAGs
[2024-11-23T20:21:31.079+0000] {logging_mixin.py:190} INFO - [2024-11-23T20:21:31.079+0000] {dag.py:4180} INFO - Setting next_dagrun for data_ingestion_gcs_dag to 2024-11-23 00:00:00+00:00, run_after=2024-11-24 00:00:00+00:00
[2024-11-23T20:21:31.091+0000] {processor.py:208} INFO - Processing /opt/airflow/dags/data_ingestion_gcs_dag.py took 0.073 seconds
[2024-11-23T20:35:49.048+0000] {processor.py:186} INFO - Started process (PID=39214) to work on /opt/airflow/dags/data_ingestion_gcs_dag.py
[2024-11-23T20:35:49.049+0000] {processor.py:914} INFO - Processing file /opt/airflow/dags/data_ingestion_gcs_dag.py for tasks to queue
[2024-11-23T20:35:49.052+0000] {logging_mixin.py:190} INFO - [2024-11-23T20:35:49.051+0000] {dagbag.py:588} INFO - Filling up the DagBag from /opt/airflow/dags/data_ingestion_gcs_dag.py
[2024-11-23T20:35:49.098+0000] {processor.py:925} INFO - DAG(s) 'data_ingestion_gcs_dag' retrieved from /opt/airflow/dags/data_ingestion_gcs_dag.py
[2024-11-23T20:35:49.127+0000] {logging_mixin.py:190} INFO - [2024-11-23T20:35:49.127+0000] {dag.py:3239} INFO - Sync 1 DAGs
[2024-11-23T20:35:49.146+0000] {logging_mixin.py:190} INFO - [2024-11-23T20:35:49.146+0000] {dag.py:4180} INFO - Setting next_dagrun for data_ingestion_gcs_dag to 2024-11-23 00:00:00+00:00, run_after=2024-11-24 00:00:00+00:00
[2024-11-23T20:35:49.157+0000] {processor.py:208} INFO - Processing /opt/airflow/dags/data_ingestion_gcs_dag.py took 0.120 seconds
[2024-11-23T20:50:54.635+0000] {processor.py:186} INFO - Started process (PID=39221) to work on /opt/airflow/dags/data_ingestion_gcs_dag.py
[2024-11-23T20:50:54.636+0000] {processor.py:914} INFO - Processing file /opt/airflow/dags/data_ingestion_gcs_dag.py for tasks to queue
[2024-11-23T20:50:54.637+0000] {logging_mixin.py:190} INFO - [2024-11-23T20:50:54.637+0000] {dagbag.py:588} INFO - Filling up the DagBag from /opt/airflow/dags/data_ingestion_gcs_dag.py
[2024-11-23T20:50:54.659+0000] {processor.py:925} INFO - DAG(s) 'data_ingestion_gcs_dag' retrieved from /opt/airflow/dags/data_ingestion_gcs_dag.py
[2024-11-23T20:50:54.674+0000] {logging_mixin.py:190} INFO - [2024-11-23T20:50:54.673+0000] {dag.py:3239} INFO - Sync 1 DAGs
[2024-11-23T20:50:54.687+0000] {logging_mixin.py:190} INFO - [2024-11-23T20:50:54.687+0000] {dag.py:4180} INFO - Setting next_dagrun for data_ingestion_gcs_dag to 2024-11-23 00:00:00+00:00, run_after=2024-11-24 00:00:00+00:00
[2024-11-23T20:50:54.698+0000] {processor.py:208} INFO - Processing /opt/airflow/dags/data_ingestion_gcs_dag.py took 0.068 seconds
[2024-11-23T20:56:07.086+0000] {processor.py:186} INFO - Started process (PID=39228) to work on /opt/airflow/dags/data_ingestion_gcs_dag.py
[2024-11-23T20:56:07.087+0000] {processor.py:914} INFO - Processing file /opt/airflow/dags/data_ingestion_gcs_dag.py for tasks to queue
[2024-11-23T20:56:07.089+0000] {logging_mixin.py:190} INFO - [2024-11-23T20:56:07.088+0000] {dagbag.py:588} INFO - Filling up the DagBag from /opt/airflow/dags/data_ingestion_gcs_dag.py
[2024-11-23T20:56:07.143+0000] {processor.py:925} INFO - DAG(s) 'data_ingestion_gcs_dag' retrieved from /opt/airflow/dags/data_ingestion_gcs_dag.py
[2024-11-23T20:56:07.167+0000] {logging_mixin.py:190} INFO - [2024-11-23T20:56:07.167+0000] {dag.py:3239} INFO - Sync 1 DAGs
[2024-11-23T20:56:07.184+0000] {logging_mixin.py:190} INFO - [2024-11-23T20:56:07.183+0000] {dag.py:4180} INFO - Setting next_dagrun for data_ingestion_gcs_dag to 2024-11-23 00:00:00+00:00, run_after=2024-11-24 00:00:00+00:00
[2024-11-23T20:56:07.194+0000] {processor.py:208} INFO - Processing /opt/airflow/dags/data_ingestion_gcs_dag.py took 0.116 seconds
[2024-11-23T21:00:46.321+0000] {processor.py:186} INFO - Started process (PID=39235) to work on /opt/airflow/dags/data_ingestion_gcs_dag.py
[2024-11-23T21:00:46.323+0000] {processor.py:914} INFO - Processing file /opt/airflow/dags/data_ingestion_gcs_dag.py for tasks to queue
[2024-11-23T21:00:46.324+0000] {logging_mixin.py:190} INFO - [2024-11-23T21:00:46.324+0000] {dagbag.py:588} INFO - Filling up the DagBag from /opt/airflow/dags/data_ingestion_gcs_dag.py
[2024-11-23T21:00:46.353+0000] {processor.py:925} INFO - DAG(s) 'data_ingestion_gcs_dag' retrieved from /opt/airflow/dags/data_ingestion_gcs_dag.py
[2024-11-23T21:00:46.373+0000] {logging_mixin.py:190} INFO - [2024-11-23T21:00:46.373+0000] {dag.py:3239} INFO - Sync 1 DAGs
[2024-11-23T21:00:46.391+0000] {logging_mixin.py:190} INFO - [2024-11-23T21:00:46.391+0000] {dag.py:4180} INFO - Setting next_dagrun for data_ingestion_gcs_dag to 2024-11-23 00:00:00+00:00, run_after=2024-11-24 00:00:00+00:00
[2024-11-23T21:00:46.402+0000] {processor.py:208} INFO - Processing /opt/airflow/dags/data_ingestion_gcs_dag.py took 0.089 seconds
[2024-11-23T21:10:53.447+0000] {processor.py:186} INFO - Started process (PID=39242) to work on /opt/airflow/dags/data_ingestion_gcs_dag.py
[2024-11-23T21:10:53.451+0000] {processor.py:914} INFO - Processing file /opt/airflow/dags/data_ingestion_gcs_dag.py for tasks to queue
[2024-11-23T21:10:53.453+0000] {logging_mixin.py:190} INFO - [2024-11-23T21:10:53.453+0000] {dagbag.py:588} INFO - Filling up the DagBag from /opt/airflow/dags/data_ingestion_gcs_dag.py
[2024-11-23T21:10:53.491+0000] {processor.py:925} INFO - DAG(s) 'data_ingestion_gcs_dag' retrieved from /opt/airflow/dags/data_ingestion_gcs_dag.py
[2024-11-23T21:10:53.514+0000] {logging_mixin.py:190} INFO - [2024-11-23T21:10:53.514+0000] {dag.py:3239} INFO - Sync 1 DAGs
[2024-11-23T21:10:53.546+0000] {logging_mixin.py:190} INFO - [2024-11-23T21:10:53.546+0000] {dag.py:4180} INFO - Setting next_dagrun for data_ingestion_gcs_dag to 2024-11-23 00:00:00+00:00, run_after=2024-11-24 00:00:00+00:00
[2024-11-23T21:10:53.558+0000] {processor.py:208} INFO - Processing /opt/airflow/dags/data_ingestion_gcs_dag.py took 0.129 seconds
[2024-11-23T21:30:45.351+0000] {processor.py:186} INFO - Started process (PID=39249) to work on /opt/airflow/dags/data_ingestion_gcs_dag.py
[2024-11-23T21:30:45.354+0000] {processor.py:914} INFO - Processing file /opt/airflow/dags/data_ingestion_gcs_dag.py for tasks to queue
[2024-11-23T21:30:45.359+0000] {logging_mixin.py:190} INFO - [2024-11-23T21:30:45.358+0000] {dagbag.py:588} INFO - Filling up the DagBag from /opt/airflow/dags/data_ingestion_gcs_dag.py
[2024-11-23T21:30:45.430+0000] {processor.py:925} INFO - DAG(s) 'data_ingestion_gcs_dag' retrieved from /opt/airflow/dags/data_ingestion_gcs_dag.py
[2024-11-23T21:30:45.465+0000] {logging_mixin.py:190} INFO - [2024-11-23T21:30:45.465+0000] {dag.py:3239} INFO - Sync 1 DAGs
[2024-11-23T21:30:45.488+0000] {logging_mixin.py:190} INFO - [2024-11-23T21:30:45.488+0000] {dag.py:4180} INFO - Setting next_dagrun for data_ingestion_gcs_dag to 2024-11-23 00:00:00+00:00, run_after=2024-11-24 00:00:00+00:00
[2024-11-23T21:30:45.502+0000] {processor.py:208} INFO - Processing /opt/airflow/dags/data_ingestion_gcs_dag.py took 0.171 seconds
[2024-11-23T21:50:44.973+0000] {processor.py:186} INFO - Started process (PID=39256) to work on /opt/airflow/dags/data_ingestion_gcs_dag.py
[2024-11-23T21:50:44.974+0000] {processor.py:914} INFO - Processing file /opt/airflow/dags/data_ingestion_gcs_dag.py for tasks to queue
[2024-11-23T21:50:44.978+0000] {logging_mixin.py:190} INFO - [2024-11-23T21:50:44.976+0000] {dagbag.py:588} INFO - Filling up the DagBag from /opt/airflow/dags/data_ingestion_gcs_dag.py
[2024-11-23T21:50:45.050+0000] {processor.py:925} INFO - DAG(s) 'data_ingestion_gcs_dag' retrieved from /opt/airflow/dags/data_ingestion_gcs_dag.py
[2024-11-23T21:50:45.073+0000] {logging_mixin.py:190} INFO - [2024-11-23T21:50:45.073+0000] {dag.py:3239} INFO - Sync 1 DAGs
[2024-11-23T21:50:45.092+0000] {logging_mixin.py:190} INFO - [2024-11-23T21:50:45.092+0000] {dag.py:4180} INFO - Setting next_dagrun for data_ingestion_gcs_dag to 2024-11-23 00:00:00+00:00, run_after=2024-11-24 00:00:00+00:00
[2024-11-23T21:50:45.103+0000] {processor.py:208} INFO - Processing /opt/airflow/dags/data_ingestion_gcs_dag.py took 0.152 seconds
[2024-11-23T22:01:01.515+0000] {processor.py:186} INFO - Started process (PID=39263) to work on /opt/airflow/dags/data_ingestion_gcs_dag.py
[2024-11-23T22:01:01.516+0000] {processor.py:914} INFO - Processing file /opt/airflow/dags/data_ingestion_gcs_dag.py for tasks to queue
[2024-11-23T22:01:01.517+0000] {logging_mixin.py:190} INFO - [2024-11-23T22:01:01.517+0000] {dagbag.py:588} INFO - Filling up the DagBag from /opt/airflow/dags/data_ingestion_gcs_dag.py
[2024-11-23T22:01:01.537+0000] {processor.py:925} INFO - DAG(s) 'data_ingestion_gcs_dag' retrieved from /opt/airflow/dags/data_ingestion_gcs_dag.py
[2024-11-23T22:01:01.553+0000] {logging_mixin.py:190} INFO - [2024-11-23T22:01:01.552+0000] {dag.py:3239} INFO - Sync 1 DAGs
[2024-11-23T22:01:01.565+0000] {logging_mixin.py:190} INFO - [2024-11-23T22:01:01.565+0000] {dag.py:4180} INFO - Setting next_dagrun for data_ingestion_gcs_dag to 2024-11-23 00:00:00+00:00, run_after=2024-11-24 00:00:00+00:00
[2024-11-23T22:01:01.573+0000] {processor.py:208} INFO - Processing /opt/airflow/dags/data_ingestion_gcs_dag.py took 0.066 seconds
[2024-11-23T22:10:49.563+0000] {processor.py:186} INFO - Started process (PID=39270) to work on /opt/airflow/dags/data_ingestion_gcs_dag.py
[2024-11-23T22:10:49.564+0000] {processor.py:914} INFO - Processing file /opt/airflow/dags/data_ingestion_gcs_dag.py for tasks to queue
[2024-11-23T22:10:49.566+0000] {logging_mixin.py:190} INFO - [2024-11-23T22:10:49.565+0000] {dagbag.py:588} INFO - Filling up the DagBag from /opt/airflow/dags/data_ingestion_gcs_dag.py
[2024-11-23T22:10:49.605+0000] {processor.py:925} INFO - DAG(s) 'data_ingestion_gcs_dag' retrieved from /opt/airflow/dags/data_ingestion_gcs_dag.py
[2024-11-23T22:10:49.630+0000] {logging_mixin.py:190} INFO - [2024-11-23T22:10:49.630+0000] {dag.py:3239} INFO - Sync 1 DAGs
[2024-11-23T22:10:49.647+0000] {logging_mixin.py:190} INFO - [2024-11-23T22:10:49.647+0000] {dag.py:4180} INFO - Setting next_dagrun for data_ingestion_gcs_dag to 2024-11-23 00:00:00+00:00, run_after=2024-11-24 00:00:00+00:00
[2024-11-23T22:10:49.655+0000] {processor.py:208} INFO - Processing /opt/airflow/dags/data_ingestion_gcs_dag.py took 0.100 seconds
[2024-11-23T22:26:00.236+0000] {processor.py:186} INFO - Started process (PID=39277) to work on /opt/airflow/dags/data_ingestion_gcs_dag.py
[2024-11-23T22:26:00.238+0000] {processor.py:914} INFO - Processing file /opt/airflow/dags/data_ingestion_gcs_dag.py for tasks to queue
[2024-11-23T22:26:00.239+0000] {logging_mixin.py:190} INFO - [2024-11-23T22:26:00.239+0000] {dagbag.py:588} INFO - Filling up the DagBag from /opt/airflow/dags/data_ingestion_gcs_dag.py
[2024-11-23T22:26:00.274+0000] {processor.py:925} INFO - DAG(s) 'data_ingestion_gcs_dag' retrieved from /opt/airflow/dags/data_ingestion_gcs_dag.py
[2024-11-23T22:26:00.298+0000] {logging_mixin.py:190} INFO - [2024-11-23T22:26:00.298+0000] {dag.py:3239} INFO - Sync 1 DAGs
[2024-11-23T22:26:00.314+0000] {logging_mixin.py:190} INFO - [2024-11-23T22:26:00.314+0000] {dag.py:4180} INFO - Setting next_dagrun for data_ingestion_gcs_dag to 2024-11-23 00:00:00+00:00, run_after=2024-11-24 00:00:00+00:00
[2024-11-23T22:26:00.326+0000] {processor.py:208} INFO - Processing /opt/airflow/dags/data_ingestion_gcs_dag.py took 0.106 seconds
[2024-11-23T22:50:43.894+0000] {processor.py:186} INFO - Started process (PID=39283) to work on /opt/airflow/dags/data_ingestion_gcs_dag.py
[2024-11-23T22:50:43.895+0000] {processor.py:914} INFO - Processing file /opt/airflow/dags/data_ingestion_gcs_dag.py for tasks to queue
[2024-11-23T22:50:43.896+0000] {logging_mixin.py:190} INFO - [2024-11-23T22:50:43.896+0000] {dagbag.py:588} INFO - Filling up the DagBag from /opt/airflow/dags/data_ingestion_gcs_dag.py
[2024-11-23T22:50:43.955+0000] {processor.py:925} INFO - DAG(s) 'data_ingestion_gcs_dag' retrieved from /opt/airflow/dags/data_ingestion_gcs_dag.py
[2024-11-23T22:50:44.012+0000] {logging_mixin.py:190} INFO - [2024-11-23T22:50:44.012+0000] {dag.py:3239} INFO - Sync 1 DAGs
[2024-11-23T22:50:44.034+0000] {logging_mixin.py:190} INFO - [2024-11-23T22:50:44.034+0000] {dag.py:4180} INFO - Setting next_dagrun for data_ingestion_gcs_dag to 2024-11-23 00:00:00+00:00, run_after=2024-11-24 00:00:00+00:00
[2024-11-23T22:50:44.047+0000] {processor.py:208} INFO - Processing /opt/airflow/dags/data_ingestion_gcs_dag.py took 0.161 seconds
[2024-11-23T23:05:49.318+0000] {processor.py:186} INFO - Started process (PID=39290) to work on /opt/airflow/dags/data_ingestion_gcs_dag.py
[2024-11-23T23:05:49.320+0000] {processor.py:914} INFO - Processing file /opt/airflow/dags/data_ingestion_gcs_dag.py for tasks to queue
[2024-11-23T23:05:49.322+0000] {logging_mixin.py:190} INFO - [2024-11-23T23:05:49.321+0000] {dagbag.py:588} INFO - Filling up the DagBag from /opt/airflow/dags/data_ingestion_gcs_dag.py
[2024-11-23T23:05:49.367+0000] {processor.py:925} INFO - DAG(s) 'data_ingestion_gcs_dag' retrieved from /opt/airflow/dags/data_ingestion_gcs_dag.py
[2024-11-23T23:05:49.394+0000] {logging_mixin.py:190} INFO - [2024-11-23T23:05:49.393+0000] {dag.py:3239} INFO - Sync 1 DAGs
[2024-11-23T23:05:49.413+0000] {logging_mixin.py:190} INFO - [2024-11-23T23:05:49.412+0000] {dag.py:4180} INFO - Setting next_dagrun for data_ingestion_gcs_dag to 2024-11-23 00:00:00+00:00, run_after=2024-11-24 00:00:00+00:00
[2024-11-23T23:05:49.424+0000] {processor.py:208} INFO - Processing /opt/airflow/dags/data_ingestion_gcs_dag.py took 0.125 seconds
[2024-11-23T23:10:46.366+0000] {processor.py:186} INFO - Started process (PID=39297) to work on /opt/airflow/dags/data_ingestion_gcs_dag.py
[2024-11-23T23:10:46.367+0000] {processor.py:914} INFO - Processing file /opt/airflow/dags/data_ingestion_gcs_dag.py for tasks to queue
[2024-11-23T23:10:46.369+0000] {logging_mixin.py:190} INFO - [2024-11-23T23:10:46.368+0000] {dagbag.py:588} INFO - Filling up the DagBag from /opt/airflow/dags/data_ingestion_gcs_dag.py
[2024-11-23T23:10:46.400+0000] {processor.py:925} INFO - DAG(s) 'data_ingestion_gcs_dag' retrieved from /opt/airflow/dags/data_ingestion_gcs_dag.py
[2024-11-23T23:10:46.419+0000] {logging_mixin.py:190} INFO - [2024-11-23T23:10:46.419+0000] {dag.py:3239} INFO - Sync 1 DAGs
[2024-11-23T23:10:46.434+0000] {logging_mixin.py:190} INFO - [2024-11-23T23:10:46.434+0000] {dag.py:4180} INFO - Setting next_dagrun for data_ingestion_gcs_dag to 2024-11-23 00:00:00+00:00, run_after=2024-11-24 00:00:00+00:00
[2024-11-23T23:10:46.445+0000] {processor.py:208} INFO - Processing /opt/airflow/dags/data_ingestion_gcs_dag.py took 0.090 seconds
[2024-11-23T23:20:46.190+0000] {processor.py:186} INFO - Started process (PID=39304) to work on /opt/airflow/dags/data_ingestion_gcs_dag.py
[2024-11-23T23:20:46.192+0000] {processor.py:914} INFO - Processing file /opt/airflow/dags/data_ingestion_gcs_dag.py for tasks to queue
[2024-11-23T23:20:46.194+0000] {logging_mixin.py:190} INFO - [2024-11-23T23:20:46.193+0000] {dagbag.py:588} INFO - Filling up the DagBag from /opt/airflow/dags/data_ingestion_gcs_dag.py
[2024-11-23T23:20:46.216+0000] {processor.py:925} INFO - DAG(s) 'data_ingestion_gcs_dag' retrieved from /opt/airflow/dags/data_ingestion_gcs_dag.py
[2024-11-23T23:20:46.234+0000] {logging_mixin.py:190} INFO - [2024-11-23T23:20:46.234+0000] {dag.py:3239} INFO - Sync 1 DAGs
[2024-11-23T23:20:46.252+0000] {logging_mixin.py:190} INFO - [2024-11-23T23:20:46.252+0000] {dag.py:4180} INFO - Setting next_dagrun for data_ingestion_gcs_dag to 2024-11-23 00:00:00+00:00, run_after=2024-11-24 00:00:00+00:00
[2024-11-23T23:20:46.262+0000] {processor.py:208} INFO - Processing /opt/airflow/dags/data_ingestion_gcs_dag.py took 0.085 seconds
[2024-11-23T23:35:44.997+0000] {processor.py:186} INFO - Started process (PID=39311) to work on /opt/airflow/dags/data_ingestion_gcs_dag.py
[2024-11-23T23:35:44.998+0000] {processor.py:914} INFO - Processing file /opt/airflow/dags/data_ingestion_gcs_dag.py for tasks to queue
[2024-11-23T23:35:45.000+0000] {logging_mixin.py:190} INFO - [2024-11-23T23:35:45.000+0000] {dagbag.py:588} INFO - Filling up the DagBag from /opt/airflow/dags/data_ingestion_gcs_dag.py
[2024-11-23T23:35:45.037+0000] {processor.py:925} INFO - DAG(s) 'data_ingestion_gcs_dag' retrieved from /opt/airflow/dags/data_ingestion_gcs_dag.py
[2024-11-23T23:35:45.057+0000] {logging_mixin.py:190} INFO - [2024-11-23T23:35:45.057+0000] {dag.py:3239} INFO - Sync 1 DAGs
[2024-11-23T23:35:45.073+0000] {logging_mixin.py:190} INFO - [2024-11-23T23:35:45.073+0000] {dag.py:4180} INFO - Setting next_dagrun for data_ingestion_gcs_dag to 2024-11-23 00:00:00+00:00, run_after=2024-11-24 00:00:00+00:00
[2024-11-23T23:35:45.083+0000] {processor.py:208} INFO - Processing /opt/airflow/dags/data_ingestion_gcs_dag.py took 0.112 seconds
[2024-11-23T23:45:44.964+0000] {processor.py:186} INFO - Started process (PID=39318) to work on /opt/airflow/dags/data_ingestion_gcs_dag.py
[2024-11-23T23:45:44.965+0000] {processor.py:914} INFO - Processing file /opt/airflow/dags/data_ingestion_gcs_dag.py for tasks to queue
[2024-11-23T23:45:44.966+0000] {logging_mixin.py:190} INFO - [2024-11-23T23:45:44.966+0000] {dagbag.py:588} INFO - Filling up the DagBag from /opt/airflow/dags/data_ingestion_gcs_dag.py
[2024-11-23T23:45:44.987+0000] {processor.py:925} INFO - DAG(s) 'data_ingestion_gcs_dag' retrieved from /opt/airflow/dags/data_ingestion_gcs_dag.py
[2024-11-23T23:45:45.004+0000] {logging_mixin.py:190} INFO - [2024-11-23T23:45:45.004+0000] {dag.py:3239} INFO - Sync 1 DAGs
[2024-11-23T23:45:45.018+0000] {logging_mixin.py:190} INFO - [2024-11-23T23:45:45.018+0000] {dag.py:4180} INFO - Setting next_dagrun for data_ingestion_gcs_dag to 2024-11-23 00:00:00+00:00, run_after=2024-11-24 00:00:00+00:00
[2024-11-23T23:45:45.027+0000] {processor.py:208} INFO - Processing /opt/airflow/dags/data_ingestion_gcs_dag.py took 0.069 seconds
