[2024-12-06T21:30:02.439+0000] {local_task_job_runner.py:123} INFO - ::group::Pre task execution logs
[2024-12-06T21:30:02.447+0000] {taskinstance.py:2613} INFO - Dependencies all met for dep_context=non-requeueable deps ti=<TaskInstance: homework_zone_dag.bigquery_external_table manual__2024-12-06T21:29:49.738876+00:00 [queued]>
[2024-12-06T21:30:02.451+0000] {taskinstance.py:2613} INFO - Dependencies all met for dep_context=requeueable deps ti=<TaskInstance: homework_zone_dag.bigquery_external_table manual__2024-12-06T21:29:49.738876+00:00 [queued]>
[2024-12-06T21:30:02.451+0000] {taskinstance.py:2866} INFO - Starting attempt 1 of 1
[2024-12-06T21:30:02.457+0000] {taskinstance.py:2889} INFO - Executing <Task(BigQueryCreateExternalTableOperator): bigquery_external_table> on 2024-12-06 21:29:49.738876+00:00
[2024-12-06T21:30:02.464+0000] {warnings.py:112} WARNING - /home/***/.local/lib/python3.12/site-packages/***/task/task_runner/standard_task_runner.py:70: DeprecationWarning: This process (pid=5276) is multi-threaded, use of fork() may lead to deadlocks in the child.
  pid = os.fork()

[2024-12-06T21:30:02.465+0000] {standard_task_runner.py:72} INFO - Started process 5277 to run task
[2024-12-06T21:30:02.466+0000] {standard_task_runner.py:104} INFO - Running: ['***', 'tasks', 'run', 'homework_zone_dag', 'bigquery_external_table', 'manual__2024-12-06T21:29:49.738876+00:00', '--job-id', '150', '--raw', '--subdir', 'DAGS_FOLDER/homework_zone_dag.py', '--cfg-path', '/tmp/tmp0pgmqpxd']
[2024-12-06T21:30:02.467+0000] {standard_task_runner.py:105} INFO - Job 150: Subtask bigquery_external_table
[2024-12-06T21:30:02.493+0000] {task_command.py:467} INFO - Running <TaskInstance: homework_zone_dag.bigquery_external_table manual__2024-12-06T21:29:49.738876+00:00 [running]> on host 39ecaeffba2c
[2024-12-06T21:30:02.536+0000] {taskinstance.py:3132} INFO - Exporting env vars: AIRFLOW_CTX_DAG_OWNER='***' AIRFLOW_CTX_DAG_ID='homework_zone_dag' AIRFLOW_CTX_TASK_ID='bigquery_external_table' AIRFLOW_CTX_EXECUTION_DATE='2024-12-06T21:29:49.738876+00:00' AIRFLOW_CTX_TRY_NUMBER='1' AIRFLOW_CTX_DAG_RUN_ID='manual__2024-12-06T21:29:49.738876+00:00'
[2024-12-06T21:30:02.537+0000] {taskinstance.py:731} INFO - ::endgroup::
[2024-12-06T21:30:02.547+0000] {crypto.py:82} WARNING - empty cryptography key - values will not be stored encrypted.
[2024-12-06T21:30:02.547+0000] {connection.py:277} WARNING - Connection schemes (type: google_cloud_platform) shall not contain '_' according to RFC3986.
[2024-12-06T21:30:02.547+0000] {base.py:84} INFO - Retrieving connection 'google_cloud_default'
[2024-12-06T21:30:03.399+0000] {taskinstance.py:340} INFO - ::group::Post task execution logs
[2024-12-06T21:30:03.400+0000] {taskinstance.py:352} INFO - Marking task as SUCCESS. dag_id=homework_zone_dag, task_id=bigquery_external_table, run_id=manual__2024-12-06T21:29:49.738876+00:00, execution_date=20241206T212949, start_date=20241206T213002, end_date=20241206T213003
[2024-12-06T21:30:03.410+0000] {local_task_job_runner.py:266} INFO - Task exited with return code 0
[2024-12-06T21:30:03.421+0000] {taskinstance.py:3895} INFO - 1 downstream tasks scheduled from follow-on schedule check
[2024-12-06T21:30:03.422+0000] {local_task_job_runner.py:245} INFO - ::endgroup::
