[2024-12-05T19:54:08.167+0000] {local_task_job_runner.py:123} INFO - ::group::Pre task execution logs
[2024-12-05T19:54:08.176+0000] {taskinstance.py:2613} INFO - Dependencies all met for dep_context=non-requeueable deps ti=<TaskInstance: LocalIngestionDag.wget manual__2024-12-05T19:54:05.651228+00:00 [queued]>
[2024-12-05T19:54:08.181+0000] {taskinstance.py:2613} INFO - Dependencies all met for dep_context=requeueable deps ti=<TaskInstance: LocalIngestionDag.wget manual__2024-12-05T19:54:05.651228+00:00 [queued]>
[2024-12-05T19:54:08.181+0000] {taskinstance.py:2866} INFO - Starting attempt 1 of 1
[2024-12-05T19:54:08.189+0000] {taskinstance.py:2889} INFO - Executing <Task(BashOperator): wget> on 2024-12-05 19:54:05.651228+00:00
[2024-12-05T19:54:08.192+0000] {warnings.py:112} WARNING - /home/***/.local/lib/python3.12/site-packages/***/task/task_runner/standard_task_runner.py:70: DeprecationWarning: This process (pid=69) is multi-threaded, use of fork() may lead to deadlocks in the child.
  pid = os.fork()

[2024-12-05T19:54:08.193+0000] {standard_task_runner.py:72} INFO - Started process 70 to run task
[2024-12-05T19:54:08.195+0000] {standard_task_runner.py:104} INFO - Running: ['***', 'tasks', 'run', 'LocalIngestionDag', 'wget', 'manual__2024-12-05T19:54:05.651228+00:00', '--job-id', '3', '--raw', '--subdir', 'DAGS_FOLDER/data_ingestion_local.py', '--cfg-path', '/tmp/tmppidfg0ej']
[2024-12-05T19:54:08.196+0000] {standard_task_runner.py:105} INFO - Job 3: Subtask wget
[2024-12-05T19:54:08.221+0000] {task_command.py:467} INFO - Running <TaskInstance: LocalIngestionDag.wget manual__2024-12-05T19:54:05.651228+00:00 [running]> on host cf87bc668ac5
[2024-12-05T19:54:08.261+0000] {taskinstance.py:3132} INFO - Exporting env vars: AIRFLOW_CTX_DAG_OWNER='***' AIRFLOW_CTX_DAG_ID='LocalIngestionDag' AIRFLOW_CTX_TASK_ID='wget' AIRFLOW_CTX_EXECUTION_DATE='2024-12-05T19:54:05.651228+00:00' AIRFLOW_CTX_TRY_NUMBER='1' AIRFLOW_CTX_DAG_RUN_ID='manual__2024-12-05T19:54:05.651228+00:00'
[2024-12-05T19:54:08.261+0000] {taskinstance.py:731} INFO - ::endgroup::
[2024-12-05T19:54:08.290+0000] {subprocess.py:78} INFO - Tmp dir root location: /tmp
[2024-12-05T19:54:08.291+0000] {subprocess.py:88} INFO - Running command: ['/usr/bin/bash', '-c', 'wget https://d37ci6vzurychx.cloudfront.net/trip-data/yellow_tripdata_2021-01.parquet -O /opt/***/output.parquet']
[2024-12-05T19:54:08.299+0000] {subprocess.py:99} INFO - Output:
[2024-12-05T19:54:08.310+0000] {subprocess.py:106} INFO - --2024-12-05 19:54:08--  https://d37ci6vzurychx.cloudfront.net/trip-data/yellow_tripdata_2021-01.parquet
[2024-12-05T19:54:08.406+0000] {subprocess.py:106} INFO - Resolving d37ci6vzurychx.cloudfront.net (d37ci6vzurychx.cloudfront.net)... 52.84.160.84, 52.84.160.116, 52.84.160.213, ...
[2024-12-05T19:54:08.428+0000] {subprocess.py:106} INFO - Connecting to d37ci6vzurychx.cloudfront.net (d37ci6vzurychx.cloudfront.net)|52.84.160.84|:443... connected.
[2024-12-05T19:54:08.510+0000] {subprocess.py:106} INFO - HTTP request sent, awaiting response... 200 OK
[2024-12-05T19:54:08.510+0000] {subprocess.py:106} INFO - Length: 21686067 (21M) [application/x-www-form-urlencoded]
[2024-12-05T19:54:08.510+0000] {subprocess.py:106} INFO - Saving to: ‘/opt/***/output.parquet’
[2024-12-05T19:54:08.512+0000] {subprocess.py:106} INFO - 
[2024-12-05T19:54:08.532+0000] {subprocess.py:106} INFO -      0K .......... .......... .......... .......... ..........  0% 2.14M 10s
[2024-12-05T19:54:08.543+0000] {subprocess.py:106} INFO -     50K .......... .......... .......... .......... ..........  0% 4.55M 7s
[2024-12-05T19:54:08.556+0000] {subprocess.py:106} INFO -    100K .......... .......... .......... .......... ..........  0% 3.83M 6s
[2024-12-05T19:54:08.563+0000] {subprocess.py:106} INFO -    150K .......... .......... .......... .......... ..........  0% 6.74M 6s
[2024-12-05T19:54:08.569+0000] {subprocess.py:106} INFO -    200K .......... .......... .......... .......... ..........  1% 8.09M 5s
[2024-12-05T19:54:08.575+0000] {subprocess.py:106} INFO -    250K .......... .......... .......... .......... ..........  1% 8.98M 5s
[2024-12-05T19:54:08.580+0000] {subprocess.py:106} INFO -    300K .......... .......... .......... .......... ..........  1% 8.58M 4s
[2024-12-05T19:54:08.583+0000] {subprocess.py:106} INFO -    350K .......... .......... .......... .......... ..........  1% 15.5M 4s
[2024-12-05T19:54:08.587+0000] {subprocess.py:106} INFO -    400K .......... .......... .......... .......... ..........  2% 12.4M 4s
[2024-12-05T19:54:08.590+0000] {subprocess.py:106} INFO -    450K .......... .......... .......... .......... ..........  2% 18.3M 3s
[2024-12-05T19:54:08.593+0000] {subprocess.py:106} INFO -    500K .......... .......... .......... .......... ..........  2% 15.7M 3s
[2024-12-05T19:54:08.596+0000] {subprocess.py:106} INFO -    550K .......... .......... .......... .......... ..........  2% 17.9M 3s
[2024-12-05T19:54:08.598+0000] {subprocess.py:106} INFO -    600K .......... .......... .......... .......... ..........  3% 26.5M 3s
[2024-12-05T19:54:08.601+0000] {subprocess.py:106} INFO -    650K .......... .......... .......... .......... ..........  3% 22.3M 3s
[2024-12-05T19:54:08.602+0000] {subprocess.py:106} INFO -    700K .......... .......... .......... .......... ..........  3% 19.4M 3s
[2024-12-05T19:54:08.605+0000] {subprocess.py:106} INFO -    750K .......... .......... .......... .......... ..........  3% 21.3M 2s
[2024-12-05T19:54:08.606+0000] {subprocess.py:106} INFO -    800K .......... .......... .......... .......... ..........  4% 33.6M 2s
[2024-12-05T19:54:08.607+0000] {subprocess.py:106} INFO -    850K .......... .......... .......... .......... ..........  4% 40.4M 2s
[2024-12-05T19:54:08.609+0000] {subprocess.py:106} INFO -    900K .......... .......... .......... .......... ..........  4% 26.9M 2s
[2024-12-05T19:54:08.611+0000] {subprocess.py:106} INFO -    950K .......... .......... .......... .......... ..........  4% 32.3M 2s
[2024-12-05T19:54:08.612+0000] {subprocess.py:106} INFO -   1000K .......... .......... .......... .......... ..........  4% 44.9M 2s
[2024-12-05T19:54:08.613+0000] {subprocess.py:106} INFO -   1050K .......... .......... .......... .......... ..........  5% 29.3M 2s
[2024-12-05T19:54:08.615+0000] {subprocess.py:106} INFO -   1100K .......... .......... .......... .......... ..........  5% 30.8M 2s
[2024-12-05T19:54:08.616+0000] {subprocess.py:106} INFO -   1150K .......... .......... .......... .......... ..........  5% 33.0M 2s
[2024-12-05T19:54:08.618+0000] {subprocess.py:106} INFO -   1200K .......... .......... .......... .......... ..........  5% 36.9M 2s
[2024-12-05T19:54:08.619+0000] {subprocess.py:106} INFO -   1250K .......... .......... .......... .......... ..........  6% 56.7M 2s
[2024-12-05T19:54:08.620+0000] {subprocess.py:106} INFO -   1300K .......... .......... .......... .......... ..........  6% 33.9M 2s
[2024-12-05T19:54:08.621+0000] {subprocess.py:106} INFO -   1350K .......... .......... .......... .......... ..........  6% 92.5M 2s
[2024-12-05T19:54:08.622+0000] {subprocess.py:106} INFO -   1400K .......... .......... .......... .......... ..........  6% 57.8M 2s
[2024-12-05T19:54:08.623+0000] {subprocess.py:106} INFO -   1450K .......... .......... .......... .......... ..........  7% 50.0M 1s
[2024-12-05T19:54:08.624+0000] {subprocess.py:106} INFO -   1500K .......... .......... .......... .......... ..........  7% 37.0M 1s
[2024-12-05T19:54:08.625+0000] {subprocess.py:106} INFO -   1550K .......... .......... .......... .......... ..........  7% 34.4M 1s
[2024-12-05T19:54:08.626+0000] {subprocess.py:106} INFO -   1600K .......... .......... .......... .......... ..........  7% 91.4M 1s
[2024-12-05T19:54:08.627+0000] {subprocess.py:106} INFO -   1650K .......... .......... .......... .......... ..........  8% 46.1M 1s
[2024-12-05T19:54:08.627+0000] {subprocess.py:106} INFO -   1700K .......... .......... .......... .......... ..........  8% 76.3M 1s
[2024-12-05T19:54:08.629+0000] {subprocess.py:106} INFO -   1750K .......... .......... .......... .......... ..........  8% 39.6M 1s
[2024-12-05T19:54:08.630+0000] {subprocess.py:106} INFO -   1800K .......... .......... .......... .......... ..........  8% 76.9M 1s
[2024-12-05T19:54:08.631+0000] {subprocess.py:106} INFO -   1850K .......... .......... .......... .......... ..........  8% 68.8M 1s
[2024-12-05T19:54:08.631+0000] {subprocess.py:106} INFO -   1900K .......... .......... .......... .......... ..........  9% 98.9M 1s
[2024-12-05T19:54:08.632+0000] {subprocess.py:106} INFO -   1950K .......... .......... .......... .......... ..........  9% 70.4M 1s
[2024-12-05T19:54:08.632+0000] {subprocess.py:106} INFO -   2000K .......... .......... .......... .......... ..........  9% 47.8M 1s
[2024-12-05T19:54:08.634+0000] {subprocess.py:106} INFO -   2050K .......... .......... .......... .......... ..........  9% 39.3M 1s
[2024-12-05T19:54:08.634+0000] {subprocess.py:106} INFO -   2100K .......... .......... .......... .......... .......... 10% 68.0M 1s
[2024-12-05T19:54:08.635+0000] {subprocess.py:106} INFO -   2150K .......... .......... .......... .......... .......... 10%  111M 1s
[2024-12-05T19:54:08.637+0000] {subprocess.py:106} INFO -   2200K .......... .......... .......... .......... .......... 10% 61.0M 1s
[2024-12-05T19:54:08.637+0000] {subprocess.py:106} INFO -   2250K .......... .......... .......... .......... .......... 10% 83.5M 1s
[2024-12-05T19:54:08.639+0000] {subprocess.py:106} INFO -   2300K .......... .......... .......... .......... .......... 11% 55.8M 1s
[2024-12-05T19:54:08.641+0000] {subprocess.py:106} INFO -   2350K .......... .......... .......... .......... .......... 11% 53.6M 1s
[2024-12-05T19:54:08.641+0000] {subprocess.py:106} INFO -   2400K .......... .......... .......... .......... .......... 11%  166M 1s
[2024-12-05T19:54:08.641+0000] {subprocess.py:106} INFO -   2450K .......... .......... .......... .......... .......... 11% 58.9M 1s
[2024-12-05T19:54:08.641+0000] {subprocess.py:106} INFO -   2500K .......... .......... .......... .......... .......... 12% 77.5M 1s
[2024-12-05T19:54:08.641+0000] {subprocess.py:106} INFO -   2550K .......... .......... .......... .......... .......... 12% 75.8M 1s
[2024-12-05T19:54:08.645+0000] {subprocess.py:106} INFO -   2600K .......... .......... .......... .......... .......... 12% 9.26M 1s
[2024-12-05T19:54:08.647+0000] {subprocess.py:106} INFO -   2650K .......... .......... .......... .......... .......... 12% 65.4M 1s
[2024-12-05T19:54:08.647+0000] {subprocess.py:106} INFO -   2700K .......... .......... .......... .......... .......... 12%  150M 1s
[2024-12-05T19:54:08.668+0000] {subprocess.py:106} INFO -   2750K .......... .......... .......... .......... .......... 13% 2.31M 1s
[2024-12-05T19:54:08.669+0000] {subprocess.py:106} INFO -   2800K .......... .......... .......... .......... .......... 13% 46.8M 1s
[2024-12-05T19:54:08.671+0000] {subprocess.py:106} INFO -   2850K .......... .......... .......... .......... .......... 13%  137M 1s
[2024-12-05T19:54:08.671+0000] {subprocess.py:106} INFO -   2900K .......... .......... .......... .......... .......... 13% 49.4M 1s
[2024-12-05T19:54:08.672+0000] {subprocess.py:106} INFO -   2950K .......... .......... .......... .......... .......... 14% 53.4M 1s
[2024-12-05T19:54:08.672+0000] {subprocess.py:106} INFO -   3000K .......... .......... .......... .......... .......... 14%  203M 1s
[2024-12-05T19:54:08.681+0000] {subprocess.py:106} INFO -   3050K .......... .......... .......... .......... .......... 14% 6.09M 1s
[2024-12-05T19:54:08.681+0000] {subprocess.py:106} INFO -   3100K .......... .......... .......... .......... .......... 14%  193M 1s
[2024-12-05T19:54:08.682+0000] {subprocess.py:106} INFO -   3150K .......... .......... .......... .......... .......... 15% 42.2M 1s
[2024-12-05T19:54:08.682+0000] {subprocess.py:106} INFO -   3200K .......... .......... .......... .......... .......... 15%  225M 1s
[2024-12-05T19:54:08.682+0000] {subprocess.py:106} INFO -   3250K .......... .......... .......... .......... .......... 15%  177M 1s
[2024-12-05T19:54:08.683+0000] {subprocess.py:106} INFO -   3300K .......... .......... .......... .......... .......... 15%  188M 1s
[2024-12-05T19:54:08.683+0000] {subprocess.py:106} INFO -   3350K .......... .......... .......... .......... .......... 16%  241M 1s
[2024-12-05T19:54:08.683+0000] {subprocess.py:106} INFO -   3400K .......... .......... .......... .......... .......... 16% 54.2M 1s
[2024-12-05T19:54:08.683+0000] {subprocess.py:106} INFO -   3450K .......... .......... .......... .......... .......... 16%  298M 1s
[2024-12-05T19:54:08.685+0000] {subprocess.py:106} INFO -   3500K .......... .......... .......... .......... .......... 16% 18.0M 1s
[2024-12-05T19:54:08.686+0000] {subprocess.py:106} INFO -   3550K .......... .......... .......... .......... .......... 16%  300M 1s
[2024-12-05T19:54:08.686+0000] {subprocess.py:106} INFO -   3600K .......... .......... .......... .......... .......... 17% 87.8M 1s
[2024-12-05T19:54:08.686+0000] {subprocess.py:106} INFO -   3650K .......... .......... .......... .......... .......... 17%  259M 1s
[2024-12-05T19:54:08.687+0000] {subprocess.py:106} INFO -   3700K .......... .......... .......... .......... .......... 17%  291M 1s
[2024-12-05T19:54:08.699+0000] {subprocess.py:106} INFO -   3750K .......... .......... .......... .......... .......... 17% 4.07M 1s
[2024-12-05T19:54:08.702+0000] {subprocess.py:106} INFO -   3800K .......... .......... .......... .......... .......... 18% 34.0M 1s
[2024-12-05T19:54:08.703+0000] {subprocess.py:106} INFO -   3850K .......... .......... .......... .......... .......... 18%  140M 1s
[2024-12-05T19:54:08.704+0000] {subprocess.py:106} INFO -   3900K .......... .......... .......... .......... .......... 18% 52.2M 1s
[2024-12-05T19:54:08.706+0000] {subprocess.py:106} INFO -   3950K .......... .......... .......... .......... .......... 18% 32.9M 1s
[2024-12-05T19:54:08.707+0000] {subprocess.py:106} INFO -   4000K .......... .......... .......... .......... .......... 19% 44.8M 1s
[2024-12-05T19:54:08.712+0000] {subprocess.py:106} INFO -   4050K .......... .......... .......... .......... .......... 19%  190M 1s
[2024-12-05T19:54:08.712+0000] {subprocess.py:106} INFO -   4100K .......... .......... .......... .......... .......... 19% 29.5M 1s
[2024-12-05T19:54:08.712+0000] {subprocess.py:106} INFO -   4150K .......... .......... .......... .......... .......... 19%  219M 1s
[2024-12-05T19:54:08.713+0000] {subprocess.py:106} INFO -   4200K .......... .......... .......... .......... .......... 20%  154M 1s
[2024-12-05T19:54:08.717+0000] {subprocess.py:106} INFO -   4250K .......... .......... .......... .......... .......... 20%  158M 1s
[2024-12-05T19:54:08.717+0000] {subprocess.py:106} INFO -   4300K .......... .......... .......... .......... .......... 20%  174M 1s
[2024-12-05T19:54:08.718+0000] {subprocess.py:106} INFO -   4350K .......... .......... .......... .......... .......... 20%  179M 1s
[2024-12-05T19:54:08.718+0000] {subprocess.py:106} INFO -   4400K .......... .......... .......... .......... .......... 21%  136M 1s
[2024-12-05T19:54:08.718+0000] {subprocess.py:106} INFO -   4450K .......... .......... .......... .......... .......... 21%  198M 1s
[2024-12-05T19:54:08.718+0000] {subprocess.py:106} INFO -   4500K .......... .......... .......... .......... .......... 21%  210M 1s
[2024-12-05T19:54:08.718+0000] {subprocess.py:106} INFO -   4550K .......... .......... .......... .......... .......... 21%  212M 1s
[2024-12-05T19:54:08.718+0000] {subprocess.py:106} INFO -   4600K .......... .......... .......... .......... .......... 21%  329M 1s
[2024-12-05T19:54:08.718+0000] {subprocess.py:106} INFO -   4650K .......... .......... .......... .......... .......... 22%  219M 1s
[2024-12-05T19:54:08.718+0000] {subprocess.py:106} INFO -   4700K .......... .......... .......... .......... .......... 22%  262M 1s
[2024-12-05T19:54:08.718+0000] {subprocess.py:106} INFO -   4750K .......... .......... .......... .......... .......... 22%  213M 1s
[2024-12-05T19:54:08.718+0000] {subprocess.py:106} INFO -   4800K .......... .......... .......... .......... .......... 22%  152M 1s
[2024-12-05T19:54:08.719+0000] {subprocess.py:106} INFO -   4850K .......... .......... .......... .......... .......... 23%  248M 1s
[2024-12-05T19:54:08.719+0000] {subprocess.py:106} INFO -   4900K .......... .......... .......... .......... .......... 23%  270M 1s
[2024-12-05T19:54:08.719+0000] {subprocess.py:106} INFO -   4950K .......... .......... .......... .......... .......... 23%  292M 1s
[2024-12-05T19:54:08.719+0000] {subprocess.py:106} INFO -   5000K .......... .......... .......... .......... .......... 23%  274M 1s
[2024-12-05T19:54:08.719+0000] {subprocess.py:106} INFO -   5050K .......... .......... .......... .......... .......... 24%  221M 1s
[2024-12-05T19:54:08.719+0000] {subprocess.py:106} INFO -   5100K .......... .......... .......... .......... .......... 24%  228M 1s
[2024-12-05T19:54:08.719+0000] {subprocess.py:106} INFO -   5150K .......... .......... .......... .......... .......... 24%  248M 1s
[2024-12-05T19:54:08.719+0000] {subprocess.py:106} INFO -   5200K .......... .......... .......... .......... .......... 24%  257M 1s
[2024-12-05T19:54:08.719+0000] {subprocess.py:106} INFO -   5250K .......... .......... .......... .......... .......... 25%  298M 1s
[2024-12-05T19:54:08.719+0000] {subprocess.py:106} INFO -   5300K .......... .......... .......... .......... .......... 25%  242M 1s
[2024-12-05T19:54:08.719+0000] {subprocess.py:106} INFO -   5350K .......... .......... .......... .......... .......... 25%  288M 1s
[2024-12-05T19:54:08.720+0000] {subprocess.py:106} INFO -   5400K .......... .......... .......... .......... .......... 25%  273M 1s
[2024-12-05T19:54:08.720+0000] {subprocess.py:106} INFO -   5450K .......... .......... .......... .......... .......... 25%  265M 1s
[2024-12-05T19:54:08.720+0000] {subprocess.py:106} INFO -   5500K .......... .......... .......... .......... .......... 26%  220M 1s
[2024-12-05T19:54:08.720+0000] {subprocess.py:106} INFO -   5550K .......... .......... .......... .......... .......... 26%  297M 1s
[2024-12-05T19:54:08.720+0000] {subprocess.py:106} INFO -   5600K .......... .......... .......... .......... .......... 26%  329M 1s
[2024-12-05T19:54:08.720+0000] {subprocess.py:106} INFO -   5650K .......... .......... .......... .......... .......... 26%  178M 1s
[2024-12-05T19:54:08.720+0000] {subprocess.py:106} INFO -   5700K .......... .......... .......... .......... .......... 27%  193M 1s
[2024-12-05T19:54:08.720+0000] {subprocess.py:106} INFO -   5750K .......... .......... .......... .......... .......... 27%  291M 1s
[2024-12-05T19:54:08.720+0000] {subprocess.py:106} INFO -   5800K .......... .......... .......... .......... .......... 27%  247M 1s
[2024-12-05T19:54:08.721+0000] {subprocess.py:106} INFO -   5850K .......... .......... .......... .......... .......... 27%  186M 1s
[2024-12-05T19:54:08.721+0000] {subprocess.py:106} INFO -   5900K .......... .......... .......... .......... .......... 28%  106M 1s
[2024-12-05T19:54:08.721+0000] {subprocess.py:106} INFO -   5950K .......... .......... .......... .......... .......... 28%  232M 1s
[2024-12-05T19:54:08.721+0000] {subprocess.py:106} INFO -   6000K .......... .......... .......... .......... .......... 28%  238M 1s
[2024-12-05T19:54:08.721+0000] {subprocess.py:106} INFO -   6050K .......... .......... .......... .......... .......... 28%  276M 1s
[2024-12-05T19:54:08.721+0000] {subprocess.py:106} INFO -   6100K .......... .......... .......... .......... .......... 29%  124M 1s
[2024-12-05T19:54:08.722+0000] {subprocess.py:106} INFO -   6150K .......... .......... .......... .......... .......... 29%  183M 0s
[2024-12-05T19:54:08.722+0000] {subprocess.py:106} INFO -   6200K .......... .......... .......... .......... .......... 29%  122M 0s
[2024-12-05T19:54:08.722+0000] {subprocess.py:106} INFO -   6250K .......... .......... .......... .......... .......... 29%  166M 0s
[2024-12-05T19:54:08.722+0000] {subprocess.py:106} INFO -   6300K .......... .......... .......... .......... .......... 29% 89.1M 0s
[2024-12-05T19:54:08.722+0000] {subprocess.py:106} INFO -   6350K .......... .......... .......... .......... .......... 30%  178M 0s
[2024-12-05T19:54:08.723+0000] {subprocess.py:106} INFO -   6400K .......... .......... .......... .......... .......... 30%  221M 0s
[2024-12-05T19:54:08.723+0000] {subprocess.py:106} INFO -   6450K .......... .......... .......... .......... .......... 30%  210M 0s
[2024-12-05T19:54:08.723+0000] {subprocess.py:106} INFO -   6500K .......... .......... .......... .......... .......... 30%  236M 0s
[2024-12-05T19:54:08.723+0000] {subprocess.py:106} INFO -   6550K .......... .......... .......... .......... .......... 31%  252M 0s
[2024-12-05T19:54:08.723+0000] {subprocess.py:106} INFO -   6600K .......... .......... .......... .......... .......... 31%  304M 0s
[2024-12-05T19:54:08.723+0000] {subprocess.py:106} INFO -   6650K .......... .......... .......... .......... .......... 31%  302M 0s
[2024-12-05T19:54:08.728+0000] {subprocess.py:106} INFO -   6700K .......... .......... .......... .......... .......... 31% 4.66M 0s
[2024-12-05T19:54:08.732+0000] {subprocess.py:106} INFO -   6750K .......... .......... .......... .......... .......... 32% 90.3M 0s
[2024-12-05T19:54:08.733+0000] {subprocess.py:106} INFO -   6800K .......... .......... .......... .......... .......... 32%  226M 0s
[2024-12-05T19:54:08.733+0000] {subprocess.py:106} INFO -   6850K .......... .......... .......... .......... .......... 32%  150M 0s
[2024-12-05T19:54:08.734+0000] {subprocess.py:106} INFO -   6900K .......... .......... .......... .......... .......... 32%  279M 0s
[2024-12-05T19:54:08.734+0000] {subprocess.py:106} INFO -   6950K .......... .......... .......... .......... .......... 33%  172M 0s
[2024-12-05T19:54:08.735+0000] {subprocess.py:106} INFO -   7000K .......... .......... .......... .......... .......... 33%  218M 0s
[2024-12-05T19:54:08.735+0000] {subprocess.py:106} INFO -   7050K .......... .......... .......... .......... .......... 33%  258M 0s
[2024-12-05T19:54:08.735+0000] {subprocess.py:106} INFO -   7100K .......... .......... .......... .......... .......... 33%  202M 0s
[2024-12-05T19:54:08.735+0000] {subprocess.py:106} INFO -   7150K .......... .......... .......... .......... .......... 33%  278M 0s
[2024-12-05T19:54:08.735+0000] {subprocess.py:106} INFO -   7200K .......... .......... .......... .......... .......... 34%  256M 0s
[2024-12-05T19:54:08.735+0000] {subprocess.py:106} INFO -   7250K .......... .......... .......... .......... .......... 34%  227M 0s
[2024-12-05T19:54:08.735+0000] {subprocess.py:106} INFO -   7300K .......... .......... .......... .......... .......... 34%  194M 0s
[2024-12-05T19:54:08.735+0000] {subprocess.py:106} INFO -   7350K .......... .......... .......... .......... .......... 34%  192M 0s
[2024-12-05T19:54:08.735+0000] {subprocess.py:106} INFO -   7400K .......... .......... .......... .......... .......... 35%  179M 0s
[2024-12-05T19:54:08.736+0000] {subprocess.py:106} INFO -   7450K .......... .......... .......... .......... .......... 35%  220M 0s
[2024-12-05T19:54:08.736+0000] {subprocess.py:106} INFO -   7500K .......... .......... .......... .......... .......... 35%  154M 0s
[2024-12-05T19:54:08.736+0000] {subprocess.py:106} INFO -   7550K .......... .......... .......... .......... .......... 35%  179M 0s
[2024-12-05T19:54:08.736+0000] {subprocess.py:106} INFO -   7600K .......... .......... .......... .......... .......... 36%  245M 0s
[2024-12-05T19:54:08.736+0000] {subprocess.py:106} INFO -   7650K .......... .......... .......... .......... .......... 36% 82.7M 0s
[2024-12-05T19:54:08.736+0000] {subprocess.py:106} INFO -   7700K .......... .......... .......... .......... .......... 36% 86.9M 0s
[2024-12-05T19:54:08.736+0000] {subprocess.py:106} INFO -   7750K .......... .......... .......... .......... .......... 36%  195M 0s
[2024-12-05T19:54:08.789+0000] {subprocess.py:106} INFO -   7800K .......... .......... .......... .......... .......... 37% 1.14M 0s
[2024-12-05T19:54:08.795+0000] {subprocess.py:106} INFO -   7850K .......... .......... .......... .......... .......... 37% 7.93M 0s
[2024-12-05T19:54:08.796+0000] {subprocess.py:106} INFO -   7900K .......... .......... .......... .......... .......... 37% 6.35M 0s
[2024-12-05T19:54:08.796+0000] {subprocess.py:106} INFO -   7950K .......... .......... .......... .......... .......... 37% 28.5M 0s
[2024-12-05T19:54:08.796+0000] {subprocess.py:106} INFO -   8000K .......... .......... .......... .......... .......... 38% 40.7M 0s
[2024-12-05T19:54:08.797+0000] {subprocess.py:106} INFO -   8050K .......... .......... .......... .......... .......... 38% 49.9M 0s
[2024-12-05T19:54:08.797+0000] {subprocess.py:106} INFO -   8100K .......... .......... .......... .......... .......... 38% 19.1M 0s
[2024-12-05T19:54:08.810+0000] {subprocess.py:106} INFO -   8150K .......... .......... .......... .......... .......... 38% 31.7M 0s
[2024-12-05T19:54:08.811+0000] {subprocess.py:106} INFO -   8200K .......... .......... .......... .......... .......... 38% 29.6M 0s
[2024-12-05T19:54:08.837+0000] {subprocess.py:106} INFO -   8250K .......... .......... .......... .......... .......... 39% 46.6M 0s
[2024-12-05T19:54:08.848+0000] {subprocess.py:106} INFO -   8300K .......... .......... .......... .......... .......... 39% 60.2M 0s
[2024-12-05T19:54:08.854+0000] {subprocess.py:106} INFO -   8350K .......... .......... .......... .......... .......... 39% 50.8M 0s
[2024-12-05T19:54:08.859+0000] {subprocess.py:106} INFO -   8400K .......... .......... .......... .......... .......... 39% 23.0M 0s
[2024-12-05T19:54:08.861+0000] {subprocess.py:106} INFO -   8450K .......... .......... .......... .......... .......... 40% 34.8M 0s
[2024-12-05T19:54:08.869+0000] {subprocess.py:106} INFO -   8500K .......... .......... .......... .......... .......... 40% 16.1M 0s
[2024-12-05T19:54:08.871+0000] {subprocess.py:106} INFO -   8550K .......... .......... .......... .......... .......... 40% 29.6M 0s
[2024-12-05T19:54:08.871+0000] {subprocess.py:106} INFO -   8600K .......... .......... .......... .......... .......... 40% 14.6M 0s
[2024-12-05T19:54:08.871+0000] {subprocess.py:106} INFO -   8650K .......... .......... .......... .......... .......... 41% 8.09M 0s
[2024-12-05T19:54:08.872+0000] {subprocess.py:106} INFO -   8700K .......... .......... .......... .......... .......... 41% 21.7M 0s
[2024-12-05T19:54:08.873+0000] {subprocess.py:106} INFO -   8750K .......... .......... .......... .......... .......... 41% 61.7M 0s
[2024-12-05T19:54:08.873+0000] {subprocess.py:106} INFO -   8800K .......... .......... .......... .......... .......... 41% 4.26M 0s
[2024-12-05T19:54:08.873+0000] {subprocess.py:106} INFO -   8850K .......... .......... .......... .......... .......... 42% 4.72M 0s
[2024-12-05T19:54:08.873+0000] {subprocess.py:106} INFO -   8900K .......... .......... .......... .......... .......... 42% 8.16M 0s
[2024-12-05T19:54:08.873+0000] {subprocess.py:106} INFO -   8950K .......... .......... .......... .......... .......... 42% 71.1M 0s
[2024-12-05T19:54:08.873+0000] {subprocess.py:106} INFO -   9000K .......... .......... .......... .......... .......... 42%  190M 0s
[2024-12-05T19:54:08.873+0000] {subprocess.py:106} INFO -   9050K .......... .......... .......... .......... .......... 42% 34.9M 0s
[2024-12-05T19:54:08.873+0000] {subprocess.py:106} INFO -   9100K .......... .......... .......... .......... .......... 43%  143M 0s
[2024-12-05T19:54:08.874+0000] {subprocess.py:106} INFO -   9150K .......... .......... .......... .......... .......... 43%  205M 0s
[2024-12-05T19:54:08.877+0000] {subprocess.py:106} INFO -   9200K .......... .......... .......... .......... .......... 43% 56.0M 0s
[2024-12-05T19:54:08.877+0000] {subprocess.py:106} INFO -   9250K .......... .......... .......... .......... .......... 43%  254M 0s
[2024-12-05T19:54:08.877+0000] {subprocess.py:106} INFO -   9300K .......... .......... .......... .......... .......... 44%  249M 0s
[2024-12-05T19:54:08.877+0000] {subprocess.py:106} INFO -   9350K .......... .......... .......... .......... .......... 44%  248M 0s
[2024-12-05T19:54:08.878+0000] {subprocess.py:106} INFO -   9400K .......... .......... .......... .......... .......... 44%  293M 0s
[2024-12-05T19:54:08.878+0000] {subprocess.py:106} INFO -   9450K .......... .......... .......... .......... .......... 44%  268M 0s
[2024-12-05T19:54:08.878+0000] {subprocess.py:106} INFO -   9500K .......... .......... .......... .......... .......... 45%  138M 0s
[2024-12-05T19:54:08.878+0000] {subprocess.py:106} INFO -   9550K .......... .......... .......... .......... .......... 45%  199M 0s
[2024-12-05T19:54:08.878+0000] {subprocess.py:106} INFO -   9600K .......... .......... .......... .......... .......... 45%  241M 0s
[2024-12-05T19:54:08.878+0000] {subprocess.py:106} INFO -   9650K .......... .......... .......... .......... .......... 45%  279M 0s
[2024-12-05T19:54:08.878+0000] {subprocess.py:106} INFO -   9700K .......... .......... .......... .......... .......... 46%  260M 0s
[2024-12-05T19:54:08.878+0000] {subprocess.py:106} INFO -   9750K .......... .......... .......... .......... .......... 46%  188M 0s
[2024-12-05T19:54:08.879+0000] {subprocess.py:106} INFO -   9800K .......... .......... .......... .......... .......... 46%  164M 0s
[2024-12-05T19:54:08.879+0000] {subprocess.py:106} INFO -   9850K .......... .......... .......... .......... .......... 46%  201M 0s
[2024-12-05T19:54:08.879+0000] {subprocess.py:106} INFO -   9900K .......... .......... .......... .......... .......... 46%  184M 0s
[2024-12-05T19:54:08.879+0000] {subprocess.py:106} INFO -   9950K .......... .......... .......... .......... .......... 47%  244M 0s
[2024-12-05T19:54:08.879+0000] {subprocess.py:106} INFO -  10000K .......... .......... .......... .......... .......... 47%  238M 0s
[2024-12-05T19:54:08.879+0000] {subprocess.py:106} INFO -  10050K .......... .......... .......... .......... .......... 47%  290M 0s
[2024-12-05T19:54:08.879+0000] {subprocess.py:106} INFO -  10100K .......... .......... .......... .......... .......... 47%  127M 0s
[2024-12-05T19:54:08.879+0000] {subprocess.py:106} INFO -  10150K .......... .......... .......... .......... .......... 48%  215M 0s
[2024-12-05T19:54:08.879+0000] {subprocess.py:106} INFO -  10200K .......... .......... .......... .......... .......... 48%  194M 0s
[2024-12-05T19:54:08.880+0000] {subprocess.py:106} INFO -  10250K .......... .......... .......... .......... .......... 48%  277M 0s
[2024-12-05T19:54:08.880+0000] {subprocess.py:106} INFO -  10300K .......... .......... .......... .......... .......... 48%  167M 0s
[2024-12-05T19:54:08.880+0000] {subprocess.py:106} INFO -  10350K .......... .......... .......... .......... .......... 49%  307M 0s
[2024-12-05T19:54:08.880+0000] {subprocess.py:106} INFO -  10400K .......... .......... .......... .......... .......... 49%  281M 0s
[2024-12-05T19:54:08.880+0000] {subprocess.py:106} INFO -  10450K .......... .......... .......... .......... .......... 49%  247M 0s
[2024-12-05T19:54:08.880+0000] {subprocess.py:106} INFO -  10500K .......... .......... .......... .......... .......... 49%  243M 0s
[2024-12-05T19:54:08.880+0000] {subprocess.py:106} INFO -  10550K .......... .......... .......... .......... .......... 50%  261M 0s
[2024-12-05T19:54:08.880+0000] {subprocess.py:106} INFO -  10600K .......... .......... .......... .......... .......... 50%  269M 0s
[2024-12-05T19:54:08.880+0000] {subprocess.py:106} INFO -  10650K .......... .......... .......... .......... .......... 50%  271M 0s
[2024-12-05T19:54:08.880+0000] {subprocess.py:106} INFO -  10700K .......... .......... .......... .......... .......... 50%  191M 0s
[2024-12-05T19:54:08.881+0000] {subprocess.py:106} INFO -  10750K .......... .......... .......... .......... .......... 50%  281M 0s
[2024-12-05T19:54:08.881+0000] {subprocess.py:106} INFO -  10800K .......... .......... .......... .......... .......... 51%  256M 0s
[2024-12-05T19:54:08.881+0000] {subprocess.py:106} INFO -  10850K .......... .......... .......... .......... .......... 51%  304M 0s
[2024-12-05T19:54:08.881+0000] {subprocess.py:106} INFO -  10900K .......... .......... .......... .......... .......... 51%  283M 0s
[2024-12-05T19:54:08.881+0000] {subprocess.py:106} INFO -  10950K .......... .......... .......... .......... .......... 51%  296M 0s
[2024-12-05T19:54:08.881+0000] {subprocess.py:106} INFO -  11000K .......... .......... .......... .......... .......... 52%  261M 0s
[2024-12-05T19:54:08.881+0000] {subprocess.py:106} INFO -  11050K .......... .......... .......... .......... .......... 52%  244M 0s
[2024-12-05T19:54:08.881+0000] {subprocess.py:106} INFO -  11100K .......... .......... .......... .......... .......... 52%  137M 0s
[2024-12-05T19:54:08.881+0000] {subprocess.py:106} INFO -  11150K .......... .......... .......... .......... .......... 52%  165M 0s
[2024-12-05T19:54:08.882+0000] {subprocess.py:106} INFO -  11200K .......... .......... .......... .......... .......... 53%  176M 0s
[2024-12-05T19:54:08.882+0000] {subprocess.py:106} INFO -  11250K .......... .......... .......... .......... .......... 53%  222M 0s
[2024-12-05T19:54:08.882+0000] {subprocess.py:106} INFO -  11300K .......... .......... .......... .......... .......... 53%  179M 0s
[2024-12-05T19:54:08.882+0000] {subprocess.py:106} INFO -  11350K .......... .......... .......... .......... .......... 53%  274M 0s
[2024-12-05T19:54:08.882+0000] {subprocess.py:106} INFO -  11400K .......... .......... .......... .......... .......... 54%  168M 0s
[2024-12-05T19:54:08.882+0000] {subprocess.py:106} INFO -  11450K .......... .......... .......... .......... .......... 54%  224M 0s
[2024-12-05T19:54:08.883+0000] {subprocess.py:106} INFO -  11500K .......... .......... .......... .......... .......... 54%  196M 0s
[2024-12-05T19:54:08.883+0000] {subprocess.py:106} INFO -  11550K .......... .......... .......... .......... .......... 54%  267M 0s
[2024-12-05T19:54:08.883+0000] {subprocess.py:106} INFO -  11600K .......... .......... .......... .......... .......... 55% 52.2M 0s
[2024-12-05T19:54:08.883+0000] {subprocess.py:106} INFO -  11650K .......... .......... .......... .......... .......... 55%  261M 0s
[2024-12-05T19:54:08.883+0000] {subprocess.py:106} INFO -  11700K .......... .......... .......... .......... .......... 55%  270M 0s
[2024-12-05T19:54:08.883+0000] {subprocess.py:106} INFO -  11750K .......... .......... .......... .......... .......... 55%  299M 0s
[2024-12-05T19:54:08.883+0000] {subprocess.py:106} INFO -  11800K .......... .......... .......... .......... .......... 55%  290M 0s
[2024-12-05T19:54:08.883+0000] {subprocess.py:106} INFO -  11850K .......... .......... .......... .......... .......... 56%  272M 0s
[2024-12-05T19:54:08.883+0000] {subprocess.py:106} INFO -  11900K .......... .......... .......... .......... .......... 56%  238M 0s
[2024-12-05T19:54:08.883+0000] {subprocess.py:106} INFO -  11950K .......... .......... .......... .......... .......... 56%  230M 0s
[2024-12-05T19:54:08.883+0000] {subprocess.py:106} INFO -  12000K .......... .......... .......... .......... .......... 56%  256M 0s
[2024-12-05T19:54:08.884+0000] {subprocess.py:106} INFO -  12050K .......... .......... .......... .......... .......... 57%  232M 0s
[2024-12-05T19:54:08.884+0000] {subprocess.py:106} INFO -  12100K .......... .......... .......... .......... .......... 57%  272M 0s
[2024-12-05T19:54:08.884+0000] {subprocess.py:106} INFO -  12150K .......... .......... .......... .......... .......... 57%  277M 0s
[2024-12-05T19:54:08.884+0000] {subprocess.py:106} INFO -  12200K .......... .......... .......... .......... .......... 57%  248M 0s
[2024-12-05T19:54:08.884+0000] {subprocess.py:106} INFO -  12250K .......... .......... .......... .......... .......... 58%  234M 0s
[2024-12-05T19:54:08.884+0000] {subprocess.py:106} INFO -  12300K .......... .......... .......... .......... .......... 58%  265M 0s
[2024-12-05T19:54:08.884+0000] {subprocess.py:106} INFO -  12350K .......... .......... .......... .......... .......... 58%  290M 0s
[2024-12-05T19:54:08.884+0000] {subprocess.py:106} INFO -  12400K .......... .......... .......... .......... .......... 58%  213M 0s
[2024-12-05T19:54:08.884+0000] {subprocess.py:106} INFO -  12450K .......... .......... .......... .......... .......... 59%  280M 0s
[2024-12-05T19:54:08.884+0000] {subprocess.py:106} INFO -  12500K .......... .......... .......... .......... .......... 59% 73.0M 0s
[2024-12-05T19:54:08.884+0000] {subprocess.py:106} INFO -  12550K .......... .......... .......... .......... .......... 59%  215M 0s
[2024-12-05T19:54:08.884+0000] {subprocess.py:106} INFO -  12600K .......... .......... .......... .......... .......... 59%  160M 0s
[2024-12-05T19:54:08.885+0000] {subprocess.py:106} INFO -  12650K .......... .......... .......... .......... .......... 59%  169M 0s
[2024-12-05T19:54:08.885+0000] {subprocess.py:106} INFO -  12700K .......... .......... .......... .......... .......... 60%  213M 0s
[2024-12-05T19:54:08.885+0000] {subprocess.py:106} INFO -  12750K .......... .......... .......... .......... .......... 60%  162M 0s
[2024-12-05T19:54:08.885+0000] {subprocess.py:106} INFO -  12800K .......... .......... .......... .......... .......... 60%  240M 0s
[2024-12-05T19:54:08.885+0000] {subprocess.py:106} INFO -  12850K .......... .......... .......... .......... .......... 60%  282M 0s
[2024-12-05T19:54:08.885+0000] {subprocess.py:106} INFO -  12900K .......... .......... .......... .......... .......... 61%  238M 0s
[2024-12-05T19:54:08.885+0000] {subprocess.py:106} INFO -  12950K .......... .......... .......... .......... .......... 61%  281M 0s
[2024-12-05T19:54:08.885+0000] {subprocess.py:106} INFO -  13000K .......... .......... .......... .......... .......... 61%  237M 0s
[2024-12-05T19:54:08.885+0000] {subprocess.py:106} INFO -  13050K .......... .......... .......... .......... .......... 61%  303M 0s
[2024-12-05T19:54:08.885+0000] {subprocess.py:106} INFO -  13100K .......... .......... .......... .......... .......... 62%  252M 0s
[2024-12-05T19:54:08.885+0000] {subprocess.py:106} INFO -  13150K .......... .......... .......... .......... .......... 62%  297M 0s
[2024-12-05T19:54:08.885+0000] {subprocess.py:106} INFO -  13200K .......... .......... .......... .......... .......... 62%  287M 0s
[2024-12-05T19:54:08.886+0000] {subprocess.py:106} INFO -  13250K .......... .......... .......... .......... .......... 62%  297M 0s
[2024-12-05T19:54:08.886+0000] {subprocess.py:106} INFO -  13300K .......... .......... .......... .......... .......... 63%  203M 0s
[2024-12-05T19:54:08.886+0000] {subprocess.py:106} INFO -  13350K .......... .......... .......... .......... .......... 63%  247M 0s
[2024-12-05T19:54:08.886+0000] {subprocess.py:106} INFO -  13400K .......... .......... .......... .......... .......... 63%  185M 0s
[2024-12-05T19:54:08.886+0000] {subprocess.py:106} INFO -  13450K .......... .......... .......... .......... .......... 63% 87.2M 0s
[2024-12-05T19:54:08.886+0000] {subprocess.py:106} INFO -  13500K .......... .......... .......... .......... .......... 63%  238M 0s
[2024-12-05T19:54:08.886+0000] {subprocess.py:106} INFO -  13550K .......... .......... .......... .......... .......... 64%  303M 0s
[2024-12-05T19:54:08.886+0000] {subprocess.py:106} INFO -  13600K .......... .......... .......... .......... .......... 64%  218M 0s
[2024-12-05T19:54:08.887+0000] {subprocess.py:106} INFO -  13650K .......... .......... .......... .......... .......... 64%  303M 0s
[2024-12-05T19:54:08.887+0000] {subprocess.py:106} INFO -  13700K .......... .......... .......... .......... .......... 64%  238M 0s
[2024-12-05T19:54:08.887+0000] {subprocess.py:106} INFO -  13750K .......... .......... .......... .......... .......... 65%  278M 0s
[2024-12-05T19:54:08.887+0000] {subprocess.py:106} INFO -  13800K .......... .......... .......... .......... .......... 65%  308M 0s
[2024-12-05T19:54:08.887+0000] {subprocess.py:106} INFO -  13850K .......... .......... .......... .......... .......... 65%  242M 0s
[2024-12-05T19:54:08.887+0000] {subprocess.py:106} INFO -  13900K .......... .......... .......... .......... .......... 65%  217M 0s
[2024-12-05T19:54:08.888+0000] {subprocess.py:106} INFO -  13950K .......... .......... .......... .......... .......... 66%  238M 0s
[2024-12-05T19:54:08.888+0000] {subprocess.py:106} INFO -  14000K .......... .......... .......... .......... .......... 66%  283M 0s
[2024-12-05T19:54:08.888+0000] {subprocess.py:106} INFO -  14050K .......... .......... .......... .......... .......... 66%  316M 0s
[2024-12-05T19:54:08.888+0000] {subprocess.py:106} INFO -  14100K .......... .......... .......... .......... .......... 66%  315M 0s
[2024-12-05T19:54:08.934+0000] {subprocess.py:106} INFO -  14150K .......... .......... .......... .......... .......... 67%  910K 0s
[2024-12-05T19:54:08.934+0000] {subprocess.py:106} INFO -  14200K .......... .......... .......... .......... .......... 67% 64.6M 0s
[2024-12-05T19:54:08.939+0000] {subprocess.py:106} INFO -  14250K .......... .......... .......... .......... .......... 67% 41.6M 0s
[2024-12-05T19:54:08.942+0000] {subprocess.py:106} INFO -  14300K .......... .......... .......... .......... .......... 67%  221M 0s
[2024-12-05T19:54:08.943+0000] {subprocess.py:106} INFO -  14350K .......... .......... .......... .......... .......... 67%  298M 0s
[2024-12-05T19:54:08.947+0000] {subprocess.py:106} INFO -  14400K .......... .......... .......... .......... .......... 68%  284M 0s
[2024-12-05T19:54:08.947+0000] {subprocess.py:106} INFO -  14450K .......... .......... .......... .......... .......... 68%  195M 0s
[2024-12-05T19:54:08.947+0000] {subprocess.py:106} INFO -  14500K .......... .......... .......... .......... .......... 68%  270M 0s
[2024-12-05T19:54:08.947+0000] {subprocess.py:106} INFO -  14550K .......... .......... .......... .......... .......... 68%  268M 0s
[2024-12-05T19:54:08.947+0000] {subprocess.py:106} INFO -  14600K .......... .......... .......... .......... .......... 69%  258M 0s
[2024-12-05T19:54:08.947+0000] {subprocess.py:106} INFO -  14650K .......... .......... .......... .......... .......... 69%  292M 0s
[2024-12-05T19:54:08.948+0000] {subprocess.py:106} INFO -  14700K .......... .......... .......... .......... .......... 69%  231M 0s
[2024-12-05T19:54:08.948+0000] {subprocess.py:106} INFO -  14750K .......... .......... .......... .......... .......... 69%  303M 0s
[2024-12-05T19:54:08.948+0000] {subprocess.py:106} INFO -  14800K .......... .......... .......... .......... .......... 70%  252M 0s
[2024-12-05T19:54:08.948+0000] {subprocess.py:106} INFO -  14850K .......... .......... .......... .......... .......... 70%  287M 0s
[2024-12-05T19:54:08.948+0000] {subprocess.py:106} INFO -  14900K .......... .......... .......... .......... .......... 70%  204M 0s
[2024-12-05T19:54:08.948+0000] {subprocess.py:106} INFO -  14950K .......... .......... .......... .......... .......... 70%  258M 0s
[2024-12-05T19:54:08.948+0000] {subprocess.py:106} INFO -  15000K .......... .......... .......... .......... .......... 71%  221M 0s
[2024-12-05T19:54:08.948+0000] {subprocess.py:106} INFO -  15050K .......... .......... .......... .......... .......... 71%  201M 0s
[2024-12-05T19:54:08.948+0000] {subprocess.py:106} INFO -  15100K .......... .......... .......... .......... .......... 71%  284M 0s
[2024-12-05T19:54:08.948+0000] {subprocess.py:106} INFO -  15150K .......... .......... .......... .......... .......... 71%  269M 0s
[2024-12-05T19:54:08.949+0000] {subprocess.py:106} INFO -  15200K .......... .......... .......... .......... .......... 72%  267M 0s
[2024-12-05T19:54:08.949+0000] {subprocess.py:106} INFO -  15250K .......... .......... .......... .......... .......... 72%  298M 0s
[2024-12-05T19:54:08.949+0000] {subprocess.py:106} INFO -  15300K .......... .......... .......... .......... .......... 72%  273M 0s
[2024-12-05T19:54:08.949+0000] {subprocess.py:106} INFO -  15350K .......... .......... .......... .......... .......... 72%  315M 0s
[2024-12-05T19:54:08.949+0000] {subprocess.py:106} INFO -  15400K .......... .......... .......... .......... .......... 72%  219M 0s
[2024-12-05T19:54:08.949+0000] {subprocess.py:106} INFO -  15450K .......... .......... .......... .......... .......... 73%  285M 0s
[2024-12-05T19:54:08.950+0000] {subprocess.py:106} INFO -  15500K .......... .......... .......... .......... .......... 73%  316M 0s
[2024-12-05T19:54:08.950+0000] {subprocess.py:106} INFO -  15550K .......... .......... .......... .......... .......... 73%  209M 0s
[2024-12-05T19:54:08.950+0000] {subprocess.py:106} INFO -  15600K .......... .......... .......... .......... .......... 73%  272M 0s
[2024-12-05T19:54:08.950+0000] {subprocess.py:106} INFO -  15650K .......... .......... .......... .......... .......... 74%  291M 0s
[2024-12-05T19:54:08.950+0000] {subprocess.py:106} INFO -  15700K .......... .......... .......... .......... .......... 74%  215M 0s
[2024-12-05T19:54:08.950+0000] {subprocess.py:106} INFO -  15750K .......... .......... .......... .......... .......... 74%  230M 0s
[2024-12-05T19:54:08.950+0000] {subprocess.py:106} INFO -  15800K .......... .......... .......... .......... .......... 74%  245M 0s
[2024-12-05T19:54:08.951+0000] {subprocess.py:106} INFO -  15850K .......... .......... .......... .......... .......... 75%  274M 0s
[2024-12-05T19:54:08.951+0000] {subprocess.py:106} INFO -  15900K .......... .......... .......... .......... .......... 75%  254M 0s
[2024-12-05T19:54:08.951+0000] {subprocess.py:106} INFO -  15950K .......... .......... .......... .......... .......... 75%  238M 0s
[2024-12-05T19:54:08.951+0000] {subprocess.py:106} INFO -  16000K .......... .......... .......... .......... .......... 75%  197M 0s
[2024-12-05T19:54:08.951+0000] {subprocess.py:106} INFO -  16050K .......... .......... .......... .......... .......... 76%  192M 0s
[2024-12-05T19:54:08.951+0000] {subprocess.py:106} INFO -  16100K .......... .......... .......... .......... .......... 76%  210M 0s
[2024-12-05T19:54:08.951+0000] {subprocess.py:106} INFO -  16150K .......... .......... .......... .......... .......... 76%  295M 0s
[2024-12-05T19:54:08.951+0000] {subprocess.py:106} INFO -  16200K .......... .......... .......... .......... .......... 76%  212M 0s
[2024-12-05T19:54:08.951+0000] {subprocess.py:106} INFO -  16250K .......... .......... .......... .......... .......... 76%  238M 0s
[2024-12-05T19:54:08.951+0000] {subprocess.py:106} INFO -  16300K .......... .......... .......... .......... .......... 77%  221M 0s
[2024-12-05T19:54:08.951+0000] {subprocess.py:106} INFO -  16350K .......... .......... .......... .......... .......... 77%  270M 0s
[2024-12-05T19:54:08.952+0000] {subprocess.py:106} INFO -  16400K .......... .......... .......... .......... .......... 77%  224M 0s
[2024-12-05T19:54:08.952+0000] {subprocess.py:106} INFO -  16450K .......... .......... .......... .......... .......... 77%  237M 0s
[2024-12-05T19:54:08.952+0000] {subprocess.py:106} INFO -  16500K .......... .......... .......... .......... .......... 78%  275M 0s
[2024-12-05T19:54:08.952+0000] {subprocess.py:106} INFO -  16550K .......... .......... .......... .......... .......... 78%  284M 0s
[2024-12-05T19:54:08.952+0000] {subprocess.py:106} INFO -  16600K .......... .......... .......... .......... .......... 78%  281M 0s
[2024-12-05T19:54:08.952+0000] {subprocess.py:106} INFO -  16650K .......... .......... .......... .......... .......... 78%  244M 0s
[2024-12-05T19:54:08.952+0000] {subprocess.py:106} INFO -  16700K .......... .......... .......... .......... .......... 79%  255M 0s
[2024-12-05T19:54:08.953+0000] {subprocess.py:106} INFO -  16750K .......... .......... .......... .......... .......... 79%  237M 0s
[2024-12-05T19:54:08.953+0000] {subprocess.py:106} INFO -  16800K .......... .......... .......... .......... .......... 79%  276M 0s
[2024-12-05T19:54:08.954+0000] {subprocess.py:106} INFO -  16850K .......... .......... .......... .......... .......... 79%  223M 0s
[2024-12-05T19:54:08.954+0000] {subprocess.py:106} INFO -  16900K .......... .......... .......... .......... .......... 80%  160M 0s
[2024-12-05T19:54:08.954+0000] {subprocess.py:106} INFO -  16950K .......... .......... .......... .......... .......... 80%  217M 0s
[2024-12-05T19:54:08.954+0000] {subprocess.py:106} INFO -  17000K .......... .......... .......... .......... .......... 80%  285M 0s
[2024-12-05T19:54:08.954+0000] {subprocess.py:106} INFO -  17050K .......... .......... .......... .......... .......... 80%  248M 0s
[2024-12-05T19:54:08.954+0000] {subprocess.py:106} INFO -  17100K .......... .......... .......... .......... .......... 80%  240M 0s
[2024-12-05T19:54:08.954+0000] {subprocess.py:106} INFO -  17150K .......... .......... .......... .......... .......... 81%  178M 0s
[2024-12-05T19:54:08.954+0000] {subprocess.py:106} INFO -  17200K .......... .......... .......... .......... .......... 81%  290M 0s
[2024-12-05T19:54:08.956+0000] {subprocess.py:106} INFO -  17250K .......... .......... .......... .......... .......... 81%  215M 0s
[2024-12-05T19:54:08.958+0000] {subprocess.py:106} INFO -  17300K .......... .......... .......... .......... .......... 81%  238M 0s
[2024-12-05T19:54:08.959+0000] {subprocess.py:106} INFO -  17350K .......... .......... .......... .......... .......... 82%  239M 0s
[2024-12-05T19:54:08.960+0000] {subprocess.py:106} INFO -  17400K .......... .......... .......... .......... .......... 82%  248M 0s
[2024-12-05T19:54:08.960+0000] {subprocess.py:106} INFO -  17450K .......... .......... .......... .......... .......... 82%  267M 0s
[2024-12-05T19:54:08.960+0000] {subprocess.py:106} INFO -  17500K .......... .......... .......... .......... .......... 82%  233M 0s
[2024-12-05T19:54:08.962+0000] {subprocess.py:106} INFO -  17550K .......... .......... .......... .......... .......... 83%  296M 0s
[2024-12-05T19:54:08.963+0000] {subprocess.py:106} INFO -  17600K .......... .......... .......... .......... .......... 83%  257M 0s
[2024-12-05T19:54:08.963+0000] {subprocess.py:106} INFO -  17650K .......... .......... .......... .......... .......... 83%  299M 0s
[2024-12-05T19:54:08.964+0000] {subprocess.py:106} INFO -  17700K .......... .......... .......... .......... .......... 83%  274M 0s
[2024-12-05T19:54:08.965+0000] {subprocess.py:106} INFO -  17750K .......... .......... .......... .......... .......... 84%  276M 0s
[2024-12-05T19:54:08.965+0000] {subprocess.py:106} INFO -  17800K .......... .......... .......... .......... .......... 84%  287M 0s
[2024-12-05T19:54:08.967+0000] {subprocess.py:106} INFO -  17850K .......... .......... .......... .......... .......... 84%  258M 0s
[2024-12-05T19:54:08.967+0000] {subprocess.py:106} INFO -  17900K .......... .......... .......... .......... .......... 84%  243M 0s
[2024-12-05T19:54:08.968+0000] {subprocess.py:106} INFO -  17950K .......... .......... .......... .......... .......... 84%  274M 0s
[2024-12-05T19:54:08.969+0000] {subprocess.py:106} INFO -  18000K .......... .......... .......... .......... .......... 85%  299M 0s
[2024-12-05T19:54:08.970+0000] {subprocess.py:106} INFO -  18050K .......... .......... .......... .......... .......... 85%  255M 0s
[2024-12-05T19:54:08.970+0000] {subprocess.py:106} INFO -  18100K .......... .......... .......... .......... .......... 85%  199M 0s
[2024-12-05T19:54:08.970+0000] {subprocess.py:106} INFO -  18150K .......... .......... .......... .......... .......... 85%  247M 0s
[2024-12-05T19:54:08.972+0000] {subprocess.py:106} INFO -  18200K .......... .......... .......... .......... .......... 86%  326M 0s
[2024-12-05T19:54:08.972+0000] {subprocess.py:106} INFO -  18250K .......... .......... .......... .......... .......... 86% 17.3M 0s
[2024-12-05T19:54:08.973+0000] {subprocess.py:106} INFO -  18300K .......... .......... .......... .......... .......... 86% 56.5M 0s
[2024-12-05T19:54:08.974+0000] {subprocess.py:106} INFO -  18350K .......... .......... .......... .......... .......... 86% 32.5M 0s
[2024-12-05T19:54:08.975+0000] {subprocess.py:106} INFO -  18400K .......... .......... .......... .......... .......... 87%  125M 0s
[2024-12-05T19:54:08.976+0000] {subprocess.py:106} INFO -  18450K .......... .......... .......... .......... .......... 87%  101M 0s
[2024-12-05T19:54:08.977+0000] {subprocess.py:106} INFO -  18500K .......... .......... .......... .......... .......... 87%  117M 0s
[2024-12-05T19:54:08.977+0000] {subprocess.py:106} INFO -  18550K .......... .......... .......... .......... .......... 87%  186M 0s
[2024-12-05T19:54:08.978+0000] {subprocess.py:106} INFO -  18600K .......... .......... .......... .......... .......... 88% 69.1M 0s
[2024-12-05T19:54:08.979+0000] {subprocess.py:106} INFO -  18650K .......... .......... .......... .......... .......... 88%  116M 0s
[2024-12-05T19:54:08.980+0000] {subprocess.py:106} INFO -  18700K .......... .......... .......... .......... .......... 88% 85.5M 0s
[2024-12-05T19:54:08.980+0000] {subprocess.py:106} INFO -  18750K .......... .......... .......... .......... .......... 88%  115M 0s
[2024-12-05T19:54:08.981+0000] {subprocess.py:106} INFO -  18800K .......... .......... .......... .......... .......... 89% 93.1M 0s
[2024-12-05T19:54:08.982+0000] {subprocess.py:106} INFO -  18850K .......... .......... .......... .......... .......... 89% 79.0M 0s
[2024-12-05T19:54:08.982+0000] {subprocess.py:106} INFO -  18900K .......... .......... .......... .......... .......... 89% 62.0M 0s
[2024-12-05T19:54:08.983+0000] {subprocess.py:106} INFO -  18950K .......... .......... .......... .......... .......... 89% 90.9M 0s
[2024-12-05T19:54:08.983+0000] {subprocess.py:106} INFO -  19000K .......... .......... .......... .......... .......... 89%  112M 0s
[2024-12-05T19:54:08.983+0000] {subprocess.py:106} INFO -  19050K .......... .......... .......... .......... .......... 90% 83.5M 0s
[2024-12-05T19:54:08.984+0000] {subprocess.py:106} INFO -  19100K .......... .......... .......... .......... .......... 90%  172M 0s
[2024-12-05T19:54:08.985+0000] {subprocess.py:106} INFO -  19150K .......... .......... .......... .......... .......... 90% 69.5M 0s
[2024-12-05T19:54:08.985+0000] {subprocess.py:106} INFO -  19200K .......... .......... .......... .......... .......... 90% 67.4M 0s
[2024-12-05T19:54:08.985+0000] {subprocess.py:106} INFO -  19250K .......... .......... .......... .......... .......... 91%  100M 0s
[2024-12-05T19:54:08.985+0000] {subprocess.py:106} INFO -  19300K .......... .......... .......... .......... .......... 91%  125M 0s
[2024-12-05T19:54:08.986+0000] {subprocess.py:106} INFO -  19350K .......... .......... .......... .......... .......... 91% 83.8M 0s
[2024-12-05T19:54:08.986+0000] {subprocess.py:106} INFO -  19400K .......... .......... .......... .......... .......... 91% 85.0M 0s
[2024-12-05T19:54:08.986+0000] {subprocess.py:106} INFO -  19450K .......... .......... .......... .......... .......... 92% 90.5M 0s
[2024-12-05T19:54:08.986+0000] {subprocess.py:106} INFO -  19500K .......... .......... .......... .......... .......... 92% 72.1M 0s
[2024-12-05T19:54:08.986+0000] {subprocess.py:106} INFO -  19550K .......... .......... .......... .......... .......... 92%  121M 0s
[2024-12-05T19:54:08.986+0000] {subprocess.py:106} INFO -  19600K .......... .......... .......... .......... .......... 92% 96.1M 0s
[2024-12-05T19:54:08.986+0000] {subprocess.py:106} INFO -  19650K .......... .......... .......... .......... .......... 93% 83.2M 0s
[2024-12-05T19:54:08.987+0000] {subprocess.py:106} INFO -  19700K .......... .......... .......... .......... .......... 93%  102M 0s
[2024-12-05T19:54:08.987+0000] {subprocess.py:106} INFO -  19750K .......... .......... .......... .......... .......... 93%  112M 0s
[2024-12-05T19:54:08.987+0000] {subprocess.py:106} INFO -  19800K .......... .......... .......... .......... .......... 93% 75.7M 0s
[2024-12-05T19:54:08.987+0000] {subprocess.py:106} INFO -  19850K .......... .......... .......... .......... .......... 93% 60.7M 0s
[2024-12-05T19:54:08.987+0000] {subprocess.py:106} INFO -  19900K .......... .......... .......... .......... .......... 94% 92.9M 0s
[2024-12-05T19:54:08.987+0000] {subprocess.py:106} INFO -  19950K .......... .......... .......... .......... .......... 94% 59.5M 0s
[2024-12-05T19:54:08.987+0000] {subprocess.py:106} INFO -  20000K .......... .......... .......... .......... .......... 94%  111M 0s
[2024-12-05T19:54:08.987+0000] {subprocess.py:106} INFO -  20050K .......... .......... .......... .......... .......... 94%  166M 0s
[2024-12-05T19:54:08.987+0000] {subprocess.py:106} INFO -  20100K .......... .......... .......... .......... .......... 95% 91.2M 0s
[2024-12-05T19:54:08.987+0000] {subprocess.py:106} INFO -  20150K .......... .......... .......... .......... .......... 95% 99.9M 0s
[2024-12-05T19:54:08.988+0000] {subprocess.py:106} INFO -  20200K .......... .......... .......... .......... .......... 95% 81.7M 0s
[2024-12-05T19:54:08.988+0000] {subprocess.py:106} INFO -  20250K .......... .......... .......... .......... .......... 95%  138M 0s
[2024-12-05T19:54:08.988+0000] {subprocess.py:106} INFO -  20300K .......... .......... .......... .......... .......... 96% 58.2M 0s
[2024-12-05T19:54:08.988+0000] {subprocess.py:106} INFO -  20350K .......... .......... .......... .......... .......... 96%  134M 0s
[2024-12-05T19:54:08.988+0000] {subprocess.py:106} INFO -  20400K .......... .......... .......... .......... .......... 96% 69.7M 0s
[2024-12-05T19:54:08.988+0000] {subprocess.py:106} INFO -  20450K .......... .......... .......... .......... .......... 96%  106M 0s
[2024-12-05T19:54:08.988+0000] {subprocess.py:106} INFO -  20500K .......... .......... .......... .......... .......... 97% 83.5M 0s
[2024-12-05T19:54:08.988+0000] {subprocess.py:106} INFO -  20550K .......... .......... .......... .......... .......... 97% 96.2M 0s
[2024-12-05T19:54:08.989+0000] {subprocess.py:106} INFO -  20600K .......... .......... .......... .......... .......... 97% 98.6M 0s
[2024-12-05T19:54:08.989+0000] {subprocess.py:106} INFO -  20650K .......... .......... .......... .......... .......... 97% 74.8M 0s
[2024-12-05T19:54:08.989+0000] {subprocess.py:106} INFO -  20700K .......... .......... .......... .......... .......... 97% 95.9M 0s
[2024-12-05T19:54:08.989+0000] {subprocess.py:106} INFO -  20750K .......... .......... .......... .......... .......... 98% 75.1M 0s
[2024-12-05T19:54:08.989+0000] {subprocess.py:106} INFO -  20800K .......... .......... .......... .......... .......... 98% 98.5M 0s
[2024-12-05T19:54:08.989+0000] {subprocess.py:106} INFO -  20850K .......... .......... .......... .......... .......... 98% 81.9M 0s
[2024-12-05T19:54:08.989+0000] {subprocess.py:106} INFO -  20900K .......... .......... .......... .......... .......... 98% 64.3M 0s
[2024-12-05T19:54:08.989+0000] {subprocess.py:106} INFO -  20950K .......... .......... .......... .......... .......... 99% 91.2M 0s
[2024-12-05T19:54:08.989+0000] {subprocess.py:106} INFO -  21000K .......... .......... .......... .......... .......... 99% 67.6M 0s
[2024-12-05T19:54:08.989+0000] {subprocess.py:106} INFO -  21050K .......... .......... .......... .......... .......... 99%  124M 0s
[2024-12-05T19:54:08.989+0000] {subprocess.py:106} INFO -  21100K .......... .......... .......... .......... .......... 99%  119M 0s
[2024-12-05T19:54:08.990+0000] {subprocess.py:106} INFO -  21150K .......... .......... .......                         100%  299M=0.5s
[2024-12-05T19:54:08.990+0000] {subprocess.py:106} INFO - 
[2024-12-05T19:54:08.990+0000] {subprocess.py:106} INFO - 2024-12-05 19:54:08 (43.5 MB/s) - ‘/opt/***/output.parquet’ saved [21686067/21686067]
[2024-12-05T19:54:08.990+0000] {subprocess.py:106} INFO - 
[2024-12-05T19:54:08.990+0000] {subprocess.py:110} INFO - Command exited with return code 0
[2024-12-05T19:54:09.005+0000] {taskinstance.py:340} INFO - ::group::Post task execution logs
[2024-12-05T19:54:09.005+0000] {taskinstance.py:352} INFO - Marking task as SUCCESS. dag_id=LocalIngestionDag, task_id=wget, run_id=manual__2024-12-05T19:54:05.651228+00:00, execution_date=20241205T195405, start_date=20241205T195408, end_date=20241205T195409
[2024-12-05T19:54:09.049+0000] {local_task_job_runner.py:266} INFO - Task exited with return code 0
[2024-12-05T19:54:09.063+0000] {taskinstance.py:3895} INFO - 1 downstream tasks scheduled from follow-on schedule check
[2024-12-05T19:54:09.064+0000] {local_task_job_runner.py:245} INFO - ::endgroup::
