[2024-12-06T21:24:04.681+0000] {local_task_job_runner.py:123} INFO - ::group::Pre task execution logs
[2024-12-06T21:24:04.698+0000] {taskinstance.py:2613} INFO - Dependencies all met for dep_context=non-requeueable deps ti=<TaskInstance: homework_zone_dag.download_dataset manual__2024-12-06T21:24:01.598190+00:00 [queued]>
[2024-12-06T21:24:04.709+0000] {taskinstance.py:2613} INFO - Dependencies all met for dep_context=requeueable deps ti=<TaskInstance: homework_zone_dag.download_dataset manual__2024-12-06T21:24:01.598190+00:00 [queued]>
[2024-12-06T21:24:04.709+0000] {taskinstance.py:2866} INFO - Starting attempt 1 of 1
[2024-12-06T21:24:04.734+0000] {taskinstance.py:2889} INFO - Executing <Task(BashOperator): download_dataset> on 2024-12-06 21:24:01.598190+00:00
[2024-12-06T21:24:04.745+0000] {warnings.py:112} WARNING - /home/***/.local/lib/python3.12/site-packages/***/task/task_runner/standard_task_runner.py:70: DeprecationWarning: This process (pid=5165) is multi-threaded, use of fork() may lead to deadlocks in the child.
  pid = os.fork()

[2024-12-06T21:24:04.748+0000] {standard_task_runner.py:72} INFO - Started process 5166 to run task
[2024-12-06T21:24:04.752+0000] {standard_task_runner.py:104} INFO - Running: ['***', 'tasks', 'run', 'homework_zone_dag', 'download_dataset', 'manual__2024-12-06T21:24:01.598190+00:00', '--job-id', '140', '--raw', '--subdir', 'DAGS_FOLDER/homework_zone_dag.py', '--cfg-path', '/tmp/tmpfxazcrg7']
[2024-12-06T21:24:04.756+0000] {standard_task_runner.py:105} INFO - Job 140: Subtask download_dataset
[2024-12-06T21:24:04.820+0000] {task_command.py:467} INFO - Running <TaskInstance: homework_zone_dag.download_dataset manual__2024-12-06T21:24:01.598190+00:00 [running]> on host 39ecaeffba2c
[2024-12-06T21:24:05.166+0000] {taskinstance.py:3132} INFO - Exporting env vars: AIRFLOW_CTX_DAG_OWNER='***' AIRFLOW_CTX_DAG_ID='homework_zone_dag' AIRFLOW_CTX_TASK_ID='download_dataset' AIRFLOW_CTX_EXECUTION_DATE='2024-12-06T21:24:01.598190+00:00' AIRFLOW_CTX_TRY_NUMBER='1' AIRFLOW_CTX_DAG_RUN_ID='manual__2024-12-06T21:24:01.598190+00:00'
[2024-12-06T21:24:05.168+0000] {taskinstance.py:731} INFO - ::endgroup::
[2024-12-06T21:24:05.183+0000] {subprocess.py:78} INFO - Tmp dir root location: /tmp
[2024-12-06T21:24:05.185+0000] {subprocess.py:88} INFO - Running command: ['/usr/bin/bash', '-c', 'wget https://d37ci6vzurychx.cloudfront.net/misc/taxi_zone_lookup.csv -O /opt/***/zones.csv']
[2024-12-06T21:24:05.233+0000] {subprocess.py:99} INFO - Output:
[2024-12-06T21:24:05.285+0000] {subprocess.py:106} INFO - --2024-12-06 21:24:05--  https://d37ci6vzurychx.cloudfront.net/misc/taxi_zone_lookup.csv
[2024-12-06T21:24:05.407+0000] {subprocess.py:106} INFO - Resolving d37ci6vzurychx.cloudfront.net (d37ci6vzurychx.cloudfront.net)... 18.173.251.37, 18.173.251.196, 18.173.251.156, ...
[2024-12-06T21:24:05.457+0000] {subprocess.py:106} INFO - Connecting to d37ci6vzurychx.cloudfront.net (d37ci6vzurychx.cloudfront.net)|18.173.251.37|:443... connected.
[2024-12-06T21:24:05.631+0000] {subprocess.py:106} INFO - HTTP request sent, awaiting response... 200 OK
[2024-12-06T21:24:05.632+0000] {subprocess.py:106} INFO - Length: 12331 (12K) [text/csv]
[2024-12-06T21:24:05.632+0000] {subprocess.py:106} INFO - Saving to: ‘/opt/***/zones.csv’
[2024-12-06T21:24:05.634+0000] {subprocess.py:106} INFO - 
[2024-12-06T21:24:05.634+0000] {subprocess.py:106} INFO -      0K .......... ..                                         100% 4.23M=0.003s
[2024-12-06T21:24:05.634+0000] {subprocess.py:106} INFO - 
[2024-12-06T21:24:05.635+0000] {subprocess.py:106} INFO - 2024-12-06 21:24:05 (4.23 MB/s) - ‘/opt/***/zones.csv’ saved [12331/12331]
[2024-12-06T21:24:05.635+0000] {subprocess.py:106} INFO - 
[2024-12-06T21:24:05.635+0000] {subprocess.py:110} INFO - Command exited with return code 0
[2024-12-06T21:24:05.666+0000] {taskinstance.py:340} INFO - ::group::Post task execution logs
[2024-12-06T21:24:05.666+0000] {taskinstance.py:352} INFO - Marking task as SUCCESS. dag_id=homework_zone_dag, task_id=download_dataset, run_id=manual__2024-12-06T21:24:01.598190+00:00, execution_date=20241206T212401, start_date=20241206T212404, end_date=20241206T212405
[2024-12-06T21:24:05.698+0000] {local_task_job_runner.py:266} INFO - Task exited with return code 0
[2024-12-06T21:24:05.735+0000] {taskinstance.py:3895} INFO - 1 downstream tasks scheduled from follow-on schedule check
[2024-12-06T21:24:05.736+0000] {local_task_job_runner.py:245} INFO - ::endgroup::
