[2024-12-05T20:39:28.925+0000] {local_task_job_runner.py:123} INFO - ::group::Pre task execution logs
[2024-12-05T20:39:28.936+0000] {taskinstance.py:2613} INFO - Dependencies all met for dep_context=non-requeueable deps ti=<TaskInstance: LocalIngestionDag.wget scheduled__2021-02-02T06:00:00+00:00 [queued]>
[2024-12-05T20:39:28.940+0000] {taskinstance.py:2613} INFO - Dependencies all met for dep_context=requeueable deps ti=<TaskInstance: LocalIngestionDag.wget scheduled__2021-02-02T06:00:00+00:00 [queued]>
[2024-12-05T20:39:28.940+0000] {taskinstance.py:2866} INFO - Starting attempt 2 of 2
[2024-12-05T20:39:28.948+0000] {taskinstance.py:2889} INFO - Executing <Task(BashOperator): wget> on 2021-02-02 06:00:00+00:00
[2024-12-05T20:39:28.954+0000] {warnings.py:112} WARNING - /home/***/.local/lib/python3.12/site-packages/***/task/task_runner/standard_task_runner.py:70: DeprecationWarning: This process (pid=754) is multi-threaded, use of fork() may lead to deadlocks in the child.
  pid = os.fork()

[2024-12-05T20:39:28.955+0000] {standard_task_runner.py:72} INFO - Started process 764 to run task
[2024-12-05T20:39:28.956+0000] {standard_task_runner.py:104} INFO - Running: ['***', 'tasks', 'run', 'LocalIngestionDag', 'wget', 'scheduled__2021-02-02T06:00:00+00:00', '--job-id', '25', '--raw', '--subdir', 'DAGS_FOLDER/data_ingestion_local.py', '--cfg-path', '/tmp/tmpjy4pkzd9']
[2024-12-05T20:39:28.957+0000] {standard_task_runner.py:105} INFO - Job 25: Subtask wget
[2024-12-05T20:39:28.995+0000] {task_command.py:467} INFO - Running <TaskInstance: LocalIngestionDag.wget scheduled__2021-02-02T06:00:00+00:00 [running]> on host cf87bc668ac5
[2024-12-05T20:39:29.039+0000] {taskinstance.py:3132} INFO - Exporting env vars: AIRFLOW_CTX_DAG_OWNER='***' AIRFLOW_CTX_DAG_ID='LocalIngestionDag' AIRFLOW_CTX_TASK_ID='wget' AIRFLOW_CTX_EXECUTION_DATE='2021-02-02T06:00:00+00:00' AIRFLOW_CTX_TRY_NUMBER='2' AIRFLOW_CTX_DAG_RUN_ID='scheduled__2021-02-02T06:00:00+00:00'
[2024-12-05T20:39:29.039+0000] {taskinstance.py:731} INFO - ::endgroup::
[2024-12-05T20:39:29.047+0000] {subprocess.py:78} INFO - Tmp dir root location: /tmp
[2024-12-05T20:39:29.049+0000] {subprocess.py:88} INFO - Running command: ['/usr/bin/bash', '-c', 'wget https://d37ci6vzurychx.cloudfront.net/trip-data/yellow_tripdata_2021-02.parquet -O /opt/***/output_2021-02.parquet']
[2024-12-05T20:39:29.054+0000] {subprocess.py:99} INFO - Output:
[2024-12-05T20:39:29.058+0000] {subprocess.py:106} INFO - --2024-12-05 20:39:29--  https://d37ci6vzurychx.cloudfront.net/trip-data/yellow_tripdata_2021-02.parquet
[2024-12-05T20:39:29.070+0000] {subprocess.py:106} INFO - Resolving d37ci6vzurychx.cloudfront.net (d37ci6vzurychx.cloudfront.net)... 52.85.39.153, 52.85.39.117, 52.85.39.65, ...
[2024-12-05T20:39:29.084+0000] {subprocess.py:106} INFO - Connecting to d37ci6vzurychx.cloudfront.net (d37ci6vzurychx.cloudfront.net)|52.85.39.153|:443... connected.
[2024-12-05T20:39:29.582+0000] {subprocess.py:106} INFO - HTTP request sent, awaiting response... 200 OK
[2024-12-05T20:39:29.583+0000] {subprocess.py:106} INFO - Length: 21777258 (21M) [application/x-www-form-urlencoded]
[2024-12-05T20:39:29.583+0000] {subprocess.py:106} INFO - Saving to: ‘/opt/***/output_2021-02.parquet’
[2024-12-05T20:39:29.585+0000] {subprocess.py:106} INFO - 
[2024-12-05T20:39:29.712+0000] {subprocess.py:106} INFO -      0K .......... .......... .......... .......... ..........  0%  508K 42s
[2024-12-05T20:39:29.752+0000] {subprocess.py:106} INFO -     50K .......... .......... .......... .......... ..........  0%  690K 36s
[2024-12-05T20:39:29.879+0000] {subprocess.py:106} INFO -    100K .......... .......... .......... .......... ..........  0%  397K 42s
[2024-12-05T20:39:29.885+0000] {subprocess.py:106} INFO -    150K .......... .......... .......... .......... ..........  0% 26.8M 31s
[2024-12-05T20:39:29.887+0000] {subprocess.py:106} INFO -    200K .......... .......... .......... .......... ..........  1% 26.2M 25s
[2024-12-05T20:39:29.921+0000] {subprocess.py:106} INFO -    250K .......... .......... .......... .......... ..........  1% 1.24M 24s
[2024-12-05T20:39:29.943+0000] {subprocess.py:106} INFO -    300K .......... .......... .......... .......... ..........  1% 2.22M 22s
[2024-12-05T20:39:29.945+0000] {subprocess.py:106} INFO -    350K .......... .......... .......... .......... ..........  1%  246M 19s
[2024-12-05T20:39:29.988+0000] {subprocess.py:106} INFO -    400K .......... .......... .......... .......... ..........  2% 1.10M 19s
[2024-12-05T20:39:30.038+0000] {subprocess.py:106} INFO -    450K .......... .......... .......... .......... ..........  2% 1014K 19s
[2024-12-05T20:39:30.043+0000] {subprocess.py:106} INFO -    500K .......... .......... .......... .......... ..........  2% 8.43M 17s
[2024-12-05T20:39:30.044+0000] {subprocess.py:106} INFO -    550K .......... .......... .......... .......... ..........  2% 44.5M 16s
[2024-12-05T20:39:30.108+0000] {subprocess.py:106} INFO -    600K .......... .......... .......... .......... ..........  3%  779K 17s
[2024-12-05T20:39:30.109+0000] {subprocess.py:106} INFO -    650K .......... .......... .......... .......... ..........  3% 71.3M 15s
[2024-12-05T20:39:30.160+0000] {subprocess.py:106} INFO -    700K .......... .......... .......... .......... ..........  3%  981K 16s
[2024-12-05T20:39:30.163+0000] {subprocess.py:106} INFO -    750K .......... .......... .......... .......... ..........  3% 17.1M 15s
[2024-12-05T20:39:30.166+0000] {subprocess.py:106} INFO -    800K .......... .......... .......... .......... ..........  3% 17.1M 14s
[2024-12-05T20:39:30.231+0000] {subprocess.py:106} INFO -    850K .......... .......... .......... .......... ..........  4%  766K 15s
[2024-12-05T20:39:30.236+0000] {subprocess.py:106} INFO -    900K .......... .......... .......... .......... ..........  4% 49.8M 14s
[2024-12-05T20:39:30.293+0000] {subprocess.py:106} INFO -    950K .......... .......... .......... .......... ..........  4%  837K 14s
[2024-12-05T20:39:30.297+0000] {subprocess.py:106} INFO -   1000K .......... .......... .......... .......... ..........  4% 8.83M 14s
[2024-12-05T20:39:30.302+0000] {subprocess.py:106} INFO -   1050K .......... .......... .......... .......... ..........  5% 13.3M 13s
[2024-12-05T20:39:30.368+0000] {subprocess.py:106} INFO -   1100K .......... .......... .......... .......... ..........  5%  747K 14s
[2024-12-05T20:39:30.372+0000] {subprocess.py:106} INFO -   1150K .......... .......... .......... .......... ..........  5% 15.8M 13s
[2024-12-05T20:39:30.416+0000] {subprocess.py:106} INFO -   1200K .......... .......... .......... .......... ..........  5% 1.08M 13s
[2024-12-05T20:39:30.419+0000] {subprocess.py:106} INFO -   1250K .......... .......... .......... .......... ..........  6% 18.4M 13s
[2024-12-05T20:39:30.480+0000] {subprocess.py:106} INFO -   1300K .......... .......... .......... .......... ..........  6%  820K 13s
[2024-12-05T20:39:30.483+0000] {subprocess.py:106} INFO -   1350K .......... .......... .......... .......... ..........  6% 20.5M 13s
[2024-12-05T20:39:30.486+0000] {subprocess.py:106} INFO -   1400K .......... .......... .......... .......... ..........  6% 12.1M 12s
[2024-12-05T20:39:30.561+0000] {subprocess.py:106} INFO -   1450K .......... .......... .......... .......... ..........  7%  664K 13s
[2024-12-05T20:39:30.576+0000] {subprocess.py:106} INFO -   1500K .......... .......... .......... .......... ..........  7% 76.9M 12s
[2024-12-05T20:39:30.613+0000] {subprocess.py:106} INFO -   1550K .......... .......... .......... .......... ..........  7% 1.06M 13s
[2024-12-05T20:39:30.616+0000] {subprocess.py:106} INFO -   1600K .......... .......... .......... .......... ..........  7% 9.78M 12s
[2024-12-05T20:39:30.617+0000] {subprocess.py:106} INFO -   1650K .......... .......... .......... .......... ..........  7% 23.6M 12s
[2024-12-05T20:39:30.708+0000] {subprocess.py:106} INFO -   1700K .......... .......... .......... .......... ..........  8%  544K 13s
[2024-12-05T20:39:30.709+0000] {subprocess.py:106} INFO -   1750K .......... .......... .......... .......... ..........  8%  218M 12s
[2024-12-05T20:39:30.748+0000] {subprocess.py:106} INFO -   1800K .......... .......... .......... .......... ..........  8% 1.21M 12s
[2024-12-05T20:39:30.753+0000] {subprocess.py:106} INFO -   1850K .......... .......... .......... .......... ..........  8% 22.8M 12s
[2024-12-05T20:39:30.770+0000] {subprocess.py:106} INFO -   1900K .......... .......... .......... .......... ..........  9% 2.52M 12s
[2024-12-05T20:39:30.863+0000] {subprocess.py:106} INFO -   1950K .......... .......... .......... .......... ..........  9%  535K 12s
[2024-12-05T20:39:30.868+0000] {subprocess.py:106} INFO -   2000K .......... .......... .......... .......... ..........  9%  182M 12s
[2024-12-05T20:39:30.960+0000] {subprocess.py:106} INFO -   2050K .......... .......... .......... .......... ..........  9%  531K 13s
[2024-12-05T20:39:30.968+0000] {subprocess.py:106} INFO -   2100K .......... .......... .......... .......... .......... 10%  114M 12s
[2024-12-05T20:39:30.969+0000] {subprocess.py:106} INFO -   2150K .......... .......... .......... .......... .......... 10%  207M 12s
[2024-12-05T20:39:30.972+0000] {subprocess.py:106} INFO -   2200K .......... .......... .......... .......... .......... 10%  152M 12s
[2024-12-05T20:39:30.977+0000] {subprocess.py:106} INFO -   2250K .......... .......... .......... .......... .......... 10%  194M 11s
[2024-12-05T20:39:30.982+0000] {subprocess.py:106} INFO -   2300K .......... .......... .......... .......... .......... 11% 2.25M 11s
[2024-12-05T20:39:30.998+0000] {subprocess.py:106} INFO -   2350K .......... .......... .......... .......... .......... 11% 2.82M 11s
[2024-12-05T20:39:31.001+0000] {subprocess.py:106} INFO -   2400K .......... .......... .......... .......... .......... 11% 13.0M 11s
[2024-12-05T20:39:31.060+0000] {subprocess.py:106} INFO -   2450K .......... .......... .......... .......... .......... 11%  854K 11s
[2024-12-05T20:39:31.066+0000] {subprocess.py:106} INFO -   2500K .......... .......... .......... .......... .......... 11% 10.7M 11s
[2024-12-05T20:39:31.069+0000] {subprocess.py:106} INFO -   2550K .......... .......... .......... .......... .......... 12% 15.8M 11s
[2024-12-05T20:39:31.125+0000] {subprocess.py:106} INFO -   2600K .......... .......... .......... .......... .......... 12%  873K 11s
[2024-12-05T20:39:31.128+0000] {subprocess.py:106} INFO -   2650K .......... .......... .......... .......... .......... 12% 19.4M 11s
[2024-12-05T20:39:31.131+0000] {subprocess.py:106} INFO -   2700K .......... .......... .......... .......... .......... 12% 16.0M 10s
[2024-12-05T20:39:31.196+0000] {subprocess.py:106} INFO -   2750K .......... .......... .......... .......... .......... 13%  762K 11s
[2024-12-05T20:39:31.201+0000] {subprocess.py:106} INFO -   2800K .......... .......... .......... .......... .......... 13% 9.82M 10s
[2024-12-05T20:39:31.234+0000] {subprocess.py:106} INFO -   2850K .......... .......... .......... .......... .......... 13% 1.48M 10s
[2024-12-05T20:39:31.257+0000] {subprocess.py:106} INFO -   2900K .......... .......... .......... .......... .......... 13% 2.10M 10s
[2024-12-05T20:39:31.260+0000] {subprocess.py:106} INFO -   2950K .......... .......... .......... .......... .......... 14% 19.0M 10s
[2024-12-05T20:39:31.322+0000] {subprocess.py:106} INFO -   3000K .......... .......... .......... .......... .......... 14%  808K 10s
[2024-12-05T20:39:31.324+0000] {subprocess.py:106} INFO -   3050K .......... .......... .......... .......... .......... 14% 21.0M 10s
[2024-12-05T20:39:31.327+0000] {subprocess.py:106} INFO -   3100K .......... .......... .......... .......... .......... 14% 18.8M 10s
[2024-12-05T20:39:31.386+0000] {subprocess.py:106} INFO -   3150K .......... .......... .......... .......... .......... 15%  838K 10s
[2024-12-05T20:39:31.389+0000] {subprocess.py:106} INFO -   3200K .......... .......... .......... .......... .......... 15% 16.6M 10s
[2024-12-05T20:39:31.393+0000] {subprocess.py:106} INFO -   3250K .......... .......... .......... .......... .......... 15% 12.1M 10s
[2024-12-05T20:39:31.450+0000] {subprocess.py:106} INFO -   3300K .......... .......... .......... .......... .......... 15%  878K 10s
[2024-12-05T20:39:31.453+0000] {subprocess.py:106} INFO -   3350K .......... .......... .......... .......... .......... 15% 15.9M 10s
[2024-12-05T20:39:31.489+0000] {subprocess.py:106} INFO -   3400K .......... .......... .......... .......... .......... 16% 21.6M 10s
[2024-12-05T20:39:31.515+0000] {subprocess.py:106} INFO -   3450K .......... .......... .......... .......... .......... 16%  843K 10s
[2024-12-05T20:39:31.517+0000] {subprocess.py:106} INFO -   3500K .......... .......... .......... .......... .......... 16% 21.4M 10s
[2024-12-05T20:39:31.553+0000] {subprocess.py:106} INFO -   3550K .......... .......... .......... .......... .......... 16% 1.36M 10s
[2024-12-05T20:39:31.578+0000] {subprocess.py:106} INFO -   3600K .......... .......... .......... .......... .......... 17% 1.95M 10s
[2024-12-05T20:39:31.581+0000] {subprocess.py:106} INFO -   3650K .......... .......... .......... .......... .......... 17% 15.4M 9s
[2024-12-05T20:39:31.622+0000] {subprocess.py:106} INFO -   3700K .......... .......... .......... .......... .......... 17% 1.21M 10s
[2024-12-05T20:39:31.643+0000] {subprocess.py:106} INFO -   3750K .......... .......... .......... .......... .......... 17% 2.31M 9s
[2024-12-05T20:39:31.646+0000] {subprocess.py:106} INFO -   3800K .......... .......... .......... .......... .......... 18% 15.6M 9s
[2024-12-05T20:39:31.707+0000] {subprocess.py:106} INFO -   3850K .......... .......... .......... .......... .......... 18%  816K 9s
[2024-12-05T20:39:31.710+0000] {subprocess.py:106} INFO -   3900K .......... .......... .......... .......... .......... 18% 19.9M 9s
[2024-12-05T20:39:31.713+0000] {subprocess.py:106} INFO -   3950K .......... .......... .......... .......... .......... 18% 15.3M 9s
[2024-12-05T20:39:31.772+0000] {subprocess.py:106} INFO -   4000K .......... .......... .......... .......... .......... 19%  846K 9s
[2024-12-05T20:39:31.776+0000] {subprocess.py:106} INFO -   4050K .......... .......... .......... .......... .......... 19% 12.8M 9s
[2024-12-05T20:39:31.779+0000] {subprocess.py:106} INFO -   4100K .......... .......... .......... .......... .......... 19% 18.3M 9s
[2024-12-05T20:39:31.838+0000] {subprocess.py:106} INFO -   4150K .......... .......... .......... .......... .......... 19%  844K 9s
[2024-12-05T20:39:31.840+0000] {subprocess.py:106} INFO -   4200K .......... .......... .......... .......... .......... 19% 26.4M 9s
[2024-12-05T20:39:31.874+0000] {subprocess.py:106} INFO -   4250K .......... .......... .......... .......... .......... 20% 4.86M 9s
[2024-12-05T20:39:31.901+0000] {subprocess.py:106} INFO -   4300K .......... .......... .......... .......... .......... 20%  975K 9s
[2024-12-05T20:39:31.905+0000] {subprocess.py:106} INFO -   4350K .......... .......... .......... .......... .......... 20% 10.9M 9s
[2024-12-05T20:39:31.908+0000] {subprocess.py:106} INFO -   4400K .......... .......... .......... .......... .......... 20% 17.4M 9s
[2024-12-05T20:39:31.966+0000] {subprocess.py:106} INFO -   4450K .......... .......... .......... .......... .......... 21%  863K 9s
[2024-12-05T20:39:31.969+0000] {subprocess.py:106} INFO -   4500K .......... .......... .......... .......... .......... 21% 19.7M 9s
[2024-12-05T20:39:31.972+0000] {subprocess.py:106} INFO -   4550K .......... .......... .......... .......... .......... 21% 15.2M 9s
[2024-12-05T20:39:32.035+0000] {subprocess.py:106} INFO -   4600K .......... .......... .......... .......... .......... 21%  798K 9s
[2024-12-05T20:39:32.035+0000] {subprocess.py:106} INFO -   4650K .......... .......... .......... .......... .......... 22%  232M 9s
[2024-12-05T20:39:32.068+0000] {subprocess.py:106} INFO -   4700K .......... .......... .......... .......... .......... 22% 1.47M 9s
[2024-12-05T20:39:32.097+0000] {subprocess.py:106} INFO -   4750K .......... .......... .......... .......... .......... 22% 1.69M 9s
[2024-12-05T20:39:32.100+0000] {subprocess.py:106} INFO -   4800K .......... .......... .......... .......... .......... 22% 16.0M 9s
[2024-12-05T20:39:32.224+0000] {subprocess.py:106} INFO -   4850K .......... .......... .......... .......... .......... 23%  563K 9s
[2024-12-05T20:39:32.276+0000] {subprocess.py:106} INFO -   4900K .......... .......... .......... .......... .......... 23% 1.56M 9s
[2024-12-05T20:39:32.276+0000] {subprocess.py:106} INFO -   4950K .......... .......... .......... .......... .......... 23% 13.3M 9s
[2024-12-05T20:39:32.277+0000] {subprocess.py:106} INFO -   5000K .......... .......... .......... .......... .......... 23% 7.37M 9s
[2024-12-05T20:39:32.282+0000] {subprocess.py:106} INFO -   5050K .......... .......... .......... .......... .......... 23% 1.25M 9s
[2024-12-05T20:39:32.293+0000] {subprocess.py:106} INFO -   5100K .......... .......... .......... .......... .......... 24%  220M 8s
[2024-12-05T20:39:32.295+0000] {subprocess.py:106} INFO -   5150K .......... .......... .......... .......... .......... 24% 8.35M 8s
[2024-12-05T20:39:32.296+0000] {subprocess.py:106} INFO -   5200K .......... .......... .......... .......... .......... 24% 2.53M 8s
[2024-12-05T20:39:32.296+0000] {subprocess.py:106} INFO -   5250K .......... .......... .......... .......... .......... 24% 97.7M 8s
[2024-12-05T20:39:32.328+0000] {subprocess.py:106} INFO -   5300K .......... .......... .......... .......... .......... 25% 1.67M 8s
[2024-12-05T20:39:32.379+0000] {subprocess.py:106} INFO -   5350K .......... .......... .......... .......... .......... 25%  925K 8s
[2024-12-05T20:39:32.380+0000] {subprocess.py:106} INFO -   5400K .......... .......... .......... .......... .......... 25%  178M 8s
[2024-12-05T20:39:32.467+0000] {subprocess.py:106} INFO -   5450K .......... .......... .......... .......... .......... 25%  589K 8s
[2024-12-05T20:39:32.480+0000] {subprocess.py:106} INFO -   5500K .......... .......... .......... .......... .......... 26% 3.08M 8s
[2024-12-05T20:39:32.481+0000] {subprocess.py:106} INFO -   5550K .......... .......... .......... .......... .......... 26% 38.6M 8s
[2024-12-05T20:39:32.482+0000] {subprocess.py:106} INFO -   5600K .......... .......... .......... .......... .......... 26%  201M 8s
[2024-12-05T20:39:32.498+0000] {subprocess.py:106} INFO -   5650K .......... .......... .......... .......... .......... 26% 2.97M 8s
[2024-12-05T20:39:32.498+0000] {subprocess.py:106} INFO -   5700K .......... .......... .......... .......... .......... 27%  168M 8s
[2024-12-05T20:39:32.519+0000] {subprocess.py:106} INFO -   5750K .......... .......... .......... .......... .......... 27% 2.27M 8s
[2024-12-05T20:39:32.554+0000] {subprocess.py:106} INFO -   5800K .......... .......... .......... .......... .......... 27% 1.40M 8s
[2024-12-05T20:39:32.557+0000] {subprocess.py:106} INFO -   5850K .......... .......... .......... .......... .......... 27% 16.0M 8s
[2024-12-05T20:39:32.586+0000] {subprocess.py:106} INFO -   5900K .......... .......... .......... .......... .......... 27% 1.67M 8s
[2024-12-05T20:39:32.621+0000] {subprocess.py:106} INFO -   5950K .......... .......... .......... .......... .......... 28% 1.43M 8s
[2024-12-05T20:39:32.622+0000] {subprocess.py:106} INFO -   6000K .......... .......... .......... .......... .......... 28% 25.9M 8s
[2024-12-05T20:39:32.650+0000] {subprocess.py:106} INFO -   6050K .......... .......... .......... .......... .......... 28% 1.76M 8s
[2024-12-05T20:39:32.689+0000] {subprocess.py:106} INFO -   6100K .......... .......... .......... .......... .......... 28% 1.26M 8s
[2024-12-05T20:39:32.778+0000] {subprocess.py:106} INFO -   6150K .......... .......... .......... .......... .......... 29%  560K 8s
[2024-12-05T20:39:32.780+0000] {subprocess.py:106} INFO -   6200K .......... .......... .......... .......... .......... 29% 22.2M 8s
[2024-12-05T20:39:32.783+0000] {subprocess.py:106} INFO -   6250K .......... .......... .......... .......... .......... 29% 17.8M 8s
[2024-12-05T20:39:32.785+0000] {subprocess.py:106} INFO -   6300K .......... .......... .......... .......... .......... 29% 23.0M 8s
[2024-12-05T20:39:32.845+0000] {subprocess.py:106} INFO -   6350K .......... .......... .......... .......... .......... 30%  839K 8s
[2024-12-05T20:39:32.846+0000] {subprocess.py:106} INFO -   6400K .......... .......... .......... .......... .......... 30% 30.7M 7s
[2024-12-05T20:39:32.887+0000] {subprocess.py:106} INFO -   6450K .......... .......... .......... .......... .......... 30% 1.22M 8s
[2024-12-05T20:39:32.910+0000] {subprocess.py:106} INFO -   6500K .......... .......... .......... .......... .......... 30% 2.05M 7s
[2024-12-05T20:39:32.951+0000] {subprocess.py:106} INFO -   6550K .......... .......... .......... .......... .......... 31% 1.19M 7s
[2024-12-05T20:39:32.976+0000] {subprocess.py:106} INFO -   6600K .......... .......... .......... .......... .......... 31% 2.00M 7s
[2024-12-05T20:39:33.015+0000] {subprocess.py:106} INFO -   6650K .......... .......... .......... .......... .......... 31% 1.25M 7s
[2024-12-05T20:39:33.041+0000] {subprocess.py:106} INFO -   6700K .......... .......... .......... .......... .......... 31% 1.86M 7s
[2024-12-05T20:39:33.079+0000] {subprocess.py:106} INFO -   6750K .......... .......... .......... .......... .......... 31% 1.30M 7s
[2024-12-05T20:39:33.109+0000] {subprocess.py:106} INFO -   6800K .......... .......... .......... .......... .......... 32% 1.64M 7s
[2024-12-05T20:39:33.112+0000] {subprocess.py:106} INFO -   6850K .......... .......... .......... .......... .......... 32% 15.5M 7s
[2024-12-05T20:39:33.147+0000] {subprocess.py:106} INFO -   6900K .......... .......... .......... .......... .......... 32% 1.41M 7s
[2024-12-05T20:39:33.172+0000] {subprocess.py:106} INFO -   6950K .......... .......... .......... .......... .......... 32% 1.93M 7s
[2024-12-05T20:39:33.211+0000] {subprocess.py:106} INFO -   7000K .......... .......... .......... .......... .......... 33% 1.25M 7s
[2024-12-05T20:39:33.236+0000] {subprocess.py:106} INFO -   7050K .......... .......... .......... .......... .......... 33% 1.94M 7s
[2024-12-05T20:39:33.282+0000] {subprocess.py:106} INFO -   7100K .......... .......... .......... .......... .......... 33% 1.07M 7s
[2024-12-05T20:39:33.309+0000] {subprocess.py:106} INFO -   7150K .......... .......... .......... .......... .......... 33% 2.07M 7s
[2024-12-05T20:39:33.346+0000] {subprocess.py:106} INFO -   7200K .......... .......... .......... .......... .......... 34% 1.20M 7s
[2024-12-05T20:39:33.368+0000] {subprocess.py:106} INFO -   7250K .......... .......... .......... .......... .......... 34% 2.27M 7s
[2024-12-05T20:39:33.372+0000] {subprocess.py:106} INFO -   7300K .......... .......... .......... .......... .......... 34% 10.6M 7s
[2024-12-05T20:39:33.408+0000] {subprocess.py:106} INFO -   7350K .......... .......... .......... .......... .......... 34% 1.38M 7s
[2024-12-05T20:39:33.431+0000] {subprocess.py:106} INFO -   7400K .......... .......... .......... .......... .......... 35% 2.05M 7s
[2024-12-05T20:39:33.475+0000] {subprocess.py:106} INFO -   7450K .......... .......... .......... .......... .......... 35% 1.11M 7s
[2024-12-05T20:39:33.528+0000] {subprocess.py:106} INFO -   7500K .......... .......... .......... .......... .......... 35%  956K 7s
[2024-12-05T20:39:33.646+0000] {subprocess.py:106} INFO -   7550K .......... .......... .......... .......... .......... 35%  428K 7s
[2024-12-05T20:39:33.738+0000] {subprocess.py:106} INFO -   7600K .......... .......... .......... .......... .......... 35% 15.6M 7s
[2024-12-05T20:39:33.740+0000] {subprocess.py:106} INFO -   7650K .......... .......... .......... .......... .......... 36%  614K 7s
[2024-12-05T20:39:33.740+0000] {subprocess.py:106} INFO -   7700K .......... .......... .......... .......... .......... 36% 7.74M 7s
[2024-12-05T20:39:33.741+0000] {subprocess.py:106} INFO -   7750K .......... .......... .......... .......... .......... 36% 95.2M 7s
[2024-12-05T20:39:33.743+0000] {subprocess.py:106} INFO -   7800K .......... .......... .......... .......... .......... 36% 26.5M 7s
[2024-12-05T20:39:33.755+0000] {subprocess.py:106} INFO -   7850K .......... .......... .......... .......... .......... 37%  189M 7s
[2024-12-05T20:39:33.760+0000] {subprocess.py:106} INFO -   7900K .......... .......... .......... .......... .......... 37% 52.8M 7s
[2024-12-05T20:39:33.763+0000] {subprocess.py:106} INFO -   7950K .......... .......... .......... .......... .......... 37% 2.04M 7s
[2024-12-05T20:39:33.768+0000] {subprocess.py:106} INFO -   8000K .......... .......... .......... .......... .......... 37%  239M 7s
[2024-12-05T20:39:33.799+0000] {subprocess.py:106} INFO -   8050K .......... .......... .......... .......... .......... 38% 1.37M 7s
[2024-12-05T20:39:33.819+0000] {subprocess.py:106} INFO -   8100K .......... .......... .......... .......... .......... 38% 2.39M 7s
[2024-12-05T20:39:33.866+0000] {subprocess.py:106} INFO -   8150K .......... .......... .......... .......... .......... 38% 1.04M 7s
[2024-12-05T20:39:33.883+0000] {subprocess.py:106} INFO -   8200K .......... .......... .......... .......... .......... 38% 2.94M 7s
[2024-12-05T20:39:33.896+0000] {subprocess.py:106} INFO -   8250K .......... .......... .......... .......... .......... 39% 3.59M 7s
[2024-12-05T20:39:33.927+0000] {subprocess.py:106} INFO -   8300K .......... .......... .......... .......... .......... 39% 1.60M 7s
[2024-12-05T20:39:33.951+0000] {subprocess.py:106} INFO -   8350K .......... .......... .......... .......... .......... 39% 2.07M 7s
[2024-12-05T20:39:33.999+0000] {subprocess.py:106} INFO -   8400K .......... .......... .......... .......... .......... 39% 1020K 7s
[2024-12-05T20:39:34.026+0000] {subprocess.py:106} INFO -   8450K .......... .......... .......... .......... .......... 39% 1.83M 7s
[2024-12-05T20:39:34.064+0000] {subprocess.py:106} INFO -   8500K .......... .......... .......... .......... .......... 40% 6.54M 7s
[2024-12-05T20:39:34.068+0000] {subprocess.py:106} INFO -   8550K .......... .......... .......... .......... .......... 40% 1.40M 7s
[2024-12-05T20:39:34.089+0000] {subprocess.py:106} INFO -   8600K .......... .......... .......... .......... .......... 40% 2.36M 7s
[2024-12-05T20:39:34.142+0000] {subprocess.py:106} INFO -   8650K .......... .......... .......... .......... .......... 40%  944K 7s
[2024-12-05T20:39:34.183+0000] {subprocess.py:106} INFO -   8700K .......... .......... .......... .......... .......... 41% 1.19M 7s
[2024-12-05T20:39:34.184+0000] {subprocess.py:106} INFO -   8750K .......... .......... .......... .......... .......... 41% 86.8M 7s
[2024-12-05T20:39:34.225+0000] {subprocess.py:106} INFO -   8800K .......... .......... .......... .......... .......... 41% 1.18M 7s
[2024-12-05T20:39:34.314+0000] {subprocess.py:106} INFO -   8850K .......... .......... .......... .......... .......... 41%  565K 7s
[2024-12-05T20:39:34.326+0000] {subprocess.py:106} INFO -   8900K .......... .......... .......... .......... .......... 42% 7.49M 7s
[2024-12-05T20:39:34.339+0000] {subprocess.py:106} INFO -   8950K .......... .......... .......... .......... .......... 42% 9.69M 6s
[2024-12-05T20:39:34.355+0000] {subprocess.py:106} INFO -   9000K .......... .......... .......... .......... .......... 42% 1.64M 6s
[2024-12-05T20:39:34.377+0000] {subprocess.py:106} INFO -   9050K .......... .......... .......... .......... .......... 42% 2.31M 6s
[2024-12-05T20:39:34.426+0000] {subprocess.py:106} INFO -   9100K .......... .......... .......... .......... .......... 43%  988K 6s
[2024-12-05T20:39:34.471+0000] {subprocess.py:106} INFO -   9150K .......... .......... .......... .......... .......... 43% 1.14M 6s
[2024-12-05T20:39:34.487+0000] {subprocess.py:106} INFO -   9200K .......... .......... .......... .......... .......... 43% 2.97M 6s
[2024-12-05T20:39:34.537+0000] {subprocess.py:106} INFO -   9250K .......... .......... .......... .......... .......... 43%  993K 6s
[2024-12-05T20:39:34.568+0000] {subprocess.py:106} INFO -   9300K .......... .......... .......... .......... .......... 43% 1.55M 6s
[2024-12-05T20:39:34.614+0000] {subprocess.py:106} INFO -   9350K .......... .......... .......... .......... .......... 44% 1.51M 6s
[2024-12-05T20:39:34.628+0000] {subprocess.py:106} INFO -   9400K .......... .......... .......... .......... .......... 44% 1.73M 6s
[2024-12-05T20:39:34.661+0000] {subprocess.py:106} INFO -   9450K .......... .......... .......... .......... .......... 44% 1.47M 6s
[2024-12-05T20:39:34.697+0000] {subprocess.py:106} INFO -   9500K .......... .......... .......... .......... .......... 44% 1.39M 6s
[2024-12-05T20:39:34.749+0000] {subprocess.py:106} INFO -   9550K .......... .......... .......... .......... .......... 45%  956K 6s
[2024-12-05T20:39:34.761+0000] {subprocess.py:106} INFO -   9600K .......... .......... .......... .......... .......... 45% 4.07M 6s
[2024-12-05T20:39:34.813+0000] {subprocess.py:106} INFO -   9650K .......... .......... .......... .......... .......... 45%  951K 6s
[2024-12-05T20:39:34.827+0000] {subprocess.py:106} INFO -   9700K .......... .......... .......... .......... .......... 45% 3.68M 6s
[2024-12-05T20:39:34.880+0000] {subprocess.py:106} INFO -   9750K .......... .......... .......... .......... .......... 46%  937K 6s
[2024-12-05T20:39:34.892+0000] {subprocess.py:106} INFO -   9800K .......... .......... .......... .......... .......... 46% 4.03M 6s
[2024-12-05T20:39:34.947+0000] {subprocess.py:106} INFO -   9850K .......... .......... .......... .......... .......... 46%  916K 6s
[2024-12-05T20:39:34.993+0000] {subprocess.py:106} INFO -   9900K .......... .......... .......... .......... .......... 46% 1.06M 6s
[2024-12-05T20:39:35.013+0000] {subprocess.py:106} INFO -   9950K .......... .......... .......... .......... .......... 47% 2.44M 6s
[2024-12-05T20:39:35.056+0000] {subprocess.py:106} INFO -  10000K .......... .......... .......... .......... .......... 47% 1.15M 6s
[2024-12-05T20:39:35.077+0000] {subprocess.py:106} INFO -  10050K .......... .......... .......... .......... .......... 47% 2.29M 6s
[2024-12-05T20:39:35.123+0000] {subprocess.py:106} INFO -  10100K .......... .......... .......... .......... .......... 47% 1.07M 6s
[2024-12-05T20:39:35.144+0000] {subprocess.py:106} INFO -  10150K .......... .......... .......... .......... .......... 47% 2.24M 6s
[2024-12-05T20:39:35.188+0000] {subprocess.py:106} INFO -  10200K .......... .......... .......... .......... .......... 48% 2.60M 6s
[2024-12-05T20:39:35.208+0000] {subprocess.py:106} INFO -  10250K .......... .......... .......... .......... .......... 48% 1.08M 6s
[2024-12-05T20:39:35.228+0000] {subprocess.py:106} INFO -  10300K .......... .......... .......... .......... .......... 48% 2.47M 6s
[2024-12-05T20:39:35.271+0000] {subprocess.py:106} INFO -  10350K .......... .......... .......... .......... .......... 48% 1.12M 6s
[2024-12-05T20:39:35.321+0000] {subprocess.py:106} INFO -  10400K .......... .......... .......... .......... .......... 49% 1013K 6s
[2024-12-05T20:39:35.342+0000] {subprocess.py:106} INFO -  10450K .......... .......... .......... .......... .......... 49% 2.27M 6s
[2024-12-05T20:39:35.389+0000] {subprocess.py:106} INFO -  10500K .......... .......... .......... .......... .......... 49% 1.04M 6s
[2024-12-05T20:39:35.410+0000] {subprocess.py:106} INFO -  10550K .......... .......... .......... .......... .......... 49% 2.37M 6s
[2024-12-05T20:39:35.451+0000] {subprocess.py:106} INFO -  10600K .......... .......... .......... .......... .......... 50% 1.18M 6s
[2024-12-05T20:39:35.475+0000] {subprocess.py:106} INFO -  10650K .......... .......... .......... .......... .......... 50% 2.01M 6s
[2024-12-05T20:39:35.517+0000] {subprocess.py:106} INFO -  10700K .......... .......... .......... .......... .......... 50% 1.18M 6s
[2024-12-05T20:39:35.540+0000] {subprocess.py:106} INFO -  10750K .......... .......... .......... .......... .......... 50% 2.12M 6s
[2024-12-05T20:39:35.587+0000] {subprocess.py:106} INFO -  10800K .......... .......... .......... .......... .......... 51% 1.04M 6s
[2024-12-05T20:39:35.606+0000] {subprocess.py:106} INFO -  10850K .......... .......... .......... .......... .......... 51% 2.62M 6s
[2024-12-05T20:39:35.647+0000] {subprocess.py:106} INFO -  10900K .......... .......... .......... .......... .......... 51% 1.17M 6s
[2024-12-05T20:39:35.666+0000] {subprocess.py:106} INFO -  10950K .......... .......... .......... .......... .......... 51% 2.55M 6s
[2024-12-05T20:39:35.712+0000] {subprocess.py:106} INFO -  11000K .......... .......... .......... .......... .......... 51% 1.06M 6s
[2024-12-05T20:39:35.732+0000] {subprocess.py:106} INFO -  11050K .......... .......... .......... .......... .......... 52% 2.54M 6s
[2024-12-05T20:39:35.755+0000] {subprocess.py:106} INFO -  11100K .......... .......... .......... .......... .......... 52% 2.07M 6s
[2024-12-05T20:39:35.796+0000] {subprocess.py:106} INFO -  11150K .......... .......... .......... .......... .......... 52% 1.19M 6s
[2024-12-05T20:39:35.820+0000] {subprocess.py:106} INFO -  11200K .......... .......... .......... .......... .......... 52% 2.07M 6s
[2024-12-05T20:39:35.860+0000] {subprocess.py:106} INFO -  11250K .......... .......... .......... .......... .......... 53% 1.21M 6s
[2024-12-05T20:39:35.885+0000] {subprocess.py:106} INFO -  11300K .......... .......... .......... .......... .......... 53% 1.98M 6s
[2024-12-05T20:39:35.932+0000] {subprocess.py:106} INFO -  11350K .......... .......... .......... .......... .......... 53% 1.04M 5s
[2024-12-05T20:39:35.956+0000] {subprocess.py:106} INFO -  11400K .......... .......... .......... .......... .......... 53% 2.01M 5s
[2024-12-05T20:39:35.992+0000] {subprocess.py:106} INFO -  11450K .......... .......... .......... .......... .......... 54% 1.36M 5s
[2024-12-05T20:39:36.016+0000] {subprocess.py:106} INFO -  11500K .......... .......... .......... .......... .......... 54% 2.05M 5s
[2024-12-05T20:39:36.058+0000] {subprocess.py:106} INFO -  11550K .......... .......... .......... .......... .......... 54% 1.15M 5s
[2024-12-05T20:39:36.080+0000] {subprocess.py:106} INFO -  11600K .......... .......... .......... .......... .......... 54% 2.27M 5s
[2024-12-05T20:39:36.123+0000] {subprocess.py:106} INFO -  11650K .......... .......... .......... .......... .......... 55% 1.13M 5s
[2024-12-05T20:39:36.210+0000] {subprocess.py:106} INFO -  11700K .......... .......... .......... .......... .......... 55%  571K 5s
[2024-12-05T20:39:36.212+0000] {subprocess.py:106} INFO -  11750K .......... .......... .......... .......... .......... 55% 33.4M 5s
[2024-12-05T20:39:36.214+0000] {subprocess.py:106} INFO -  11800K .......... .......... .......... .......... .......... 55% 25.4M 5s
[2024-12-05T20:39:36.258+0000] {subprocess.py:106} INFO -  11850K .......... .......... .......... .......... .......... 55% 1.12M 5s
[2024-12-05T20:39:36.318+0000] {subprocess.py:106} INFO -  11900K .......... .......... .......... .......... .......... 56%  974K 5s
[2024-12-05T20:39:36.342+0000] {subprocess.py:106} INFO -  11950K .......... .......... .......... .......... .......... 56% 1.48M 5s
[2024-12-05T20:39:36.419+0000] {subprocess.py:106} INFO -  12000K .......... .......... .......... .......... .......... 56%  702K 5s
[2024-12-05T20:39:36.442+0000] {subprocess.py:106} INFO -  12050K .......... .......... .......... .......... .......... 56% 1.68M 5s
[2024-12-05T20:39:36.484+0000] {subprocess.py:106} INFO -  12100K .......... .......... .......... .......... .......... 57% 1.17M 5s
[2024-12-05T20:39:36.579+0000] {subprocess.py:106} INFO -  12150K .......... .......... .......... .......... .......... 57%  540K 5s
[2024-12-05T20:39:36.587+0000] {subprocess.py:106} INFO -  12200K .......... .......... .......... .......... .......... 57% 4.93M 5s
[2024-12-05T20:39:36.604+0000] {subprocess.py:106} INFO -  12250K .......... .......... .......... .......... .......... 57% 2.66M 5s
[2024-12-05T20:39:36.631+0000] {subprocess.py:106} INFO -  12300K .......... .......... .......... .......... .......... 58% 1.82M 5s
[2024-12-05T20:39:36.667+0000] {subprocess.py:106} INFO -  12350K .......... .......... .......... .......... .......... 58% 1.35M 5s
[2024-12-05T20:39:36.722+0000] {subprocess.py:106} INFO -  12400K .......... .......... .......... .......... .......... 58%  909K 5s
[2024-12-05T20:39:36.764+0000] {subprocess.py:106} INFO -  12450K .......... .......... .......... .......... .......... 58% 1.17M 5s
[2024-12-05T20:39:36.799+0000] {subprocess.py:106} INFO -  12500K .......... .......... .......... .......... .......... 59% 1.38M 5s
[2024-12-05T20:39:36.832+0000] {subprocess.py:106} INFO -  12550K .......... .......... .......... .......... .......... 59% 1.49M 5s
[2024-12-05T20:39:36.871+0000] {subprocess.py:106} INFO -  12600K .......... .......... .......... .......... .......... 59% 1.27M 5s
[2024-12-05T20:39:36.919+0000] {subprocess.py:106} INFO -  12650K .......... .......... .......... .......... .......... 59% 1.01M 5s
[2024-12-05T20:39:36.938+0000] {subprocess.py:106} INFO -  12700K .......... .......... .......... .......... .......... 59% 2.70M 5s
[2024-12-05T20:39:36.996+0000] {subprocess.py:106} INFO -  12750K .......... .......... .......... .......... .......... 60% 1.11M 5s
[2024-12-05T20:39:37.016+0000] {subprocess.py:106} INFO -  12800K .......... .......... .......... .......... .......... 60% 1.40M 5s
[2024-12-05T20:39:37.063+0000] {subprocess.py:106} INFO -  12850K .......... .......... .......... .......... .......... 60% 1.04M 5s
[2024-12-05T20:39:37.105+0000] {subprocess.py:106} INFO -  12900K .......... .......... .......... .......... .......... 60% 1.17M 5s
[2024-12-05T20:39:37.128+0000] {subprocess.py:106} INFO -  12950K .......... .......... .......... .......... .......... 61% 2.08M 5s
[2024-12-05T20:39:37.166+0000] {subprocess.py:106} INFO -  13000K .......... .......... .......... .......... .......... 61% 1.30M 5s
[2024-12-05T20:39:37.209+0000] {subprocess.py:106} INFO -  13050K .......... .......... .......... .......... .......... 61% 1.13M 5s
[2024-12-05T20:39:37.236+0000] {subprocess.py:106} INFO -  13100K .......... .......... .......... .......... .......... 61% 1.75M 5s
[2024-12-05T20:39:37.279+0000] {subprocess.py:106} INFO -  13150K .......... .......... .......... .......... .......... 62% 1.17M 5s
[2024-12-05T20:39:37.305+0000] {subprocess.py:106} INFO -  13200K .......... .......... .......... .......... .......... 62% 1.84M 5s
[2024-12-05T20:39:37.346+0000] {subprocess.py:106} INFO -  13250K .......... .......... .......... .......... .......... 62% 1.18M 5s
[2024-12-05T20:39:37.384+0000] {subprocess.py:106} INFO -  13300K .......... .......... .......... .......... .......... 62% 1.29M 5s
[2024-12-05T20:39:37.415+0000] {subprocess.py:106} INFO -  13350K .......... .......... .......... .......... .......... 63% 1.59M 5s
[2024-12-05T20:39:37.456+0000] {subprocess.py:106} INFO -  13400K .......... .......... .......... .......... .......... 63% 1.19M 5s
[2024-12-05T20:39:37.484+0000] {subprocess.py:106} INFO -  13450K .......... .......... .......... .......... .......... 63% 1.74M 5s
[2024-12-05T20:39:37.543+0000] {subprocess.py:106} INFO -  13500K .......... .......... .......... .......... .......... 63%  848K 5s
[2024-12-05T20:39:37.574+0000] {subprocess.py:106} INFO -  13550K .......... .......... .......... .......... .......... 63% 1.58M 5s
[2024-12-05T20:39:37.608+0000] {subprocess.py:106} INFO -  13600K .......... .......... .......... .......... .......... 64% 4.04M 4s
[2024-12-05T20:39:37.611+0000] {subprocess.py:106} INFO -  13650K .......... .......... .......... .......... .......... 64% 1.90M 4s
[2024-12-05T20:39:37.746+0000] {subprocess.py:106} INFO -  13700K .......... .......... .......... .......... .......... 64%  370K 4s
[2024-12-05T20:39:37.749+0000] {subprocess.py:106} INFO -  13750K .......... .......... .......... .......... .......... 64% 18.8M 4s
[2024-12-05T20:39:37.802+0000] {subprocess.py:106} INFO -  13800K .......... .......... .......... .......... .......... 65%  939K 4s
[2024-12-05T20:39:37.858+0000] {subprocess.py:106} INFO -  13850K .......... .......... .......... .......... .......... 65%  889K 4s
[2024-12-05T20:39:37.926+0000] {subprocess.py:106} INFO -  13900K .......... .......... .......... .......... .......... 65%  743K 4s
[2024-12-05T20:39:37.948+0000] {subprocess.py:106} INFO -  13950K .......... .......... .......... .......... .......... 65% 2.23M 4s
[2024-12-05T20:39:38.059+0000] {subprocess.py:106} INFO -  14000K .......... .......... .......... .......... .......... 66%  452K 4s
[2024-12-05T20:39:38.060+0000] {subprocess.py:106} INFO -  14050K .......... .......... .......... .......... .......... 66% 49.1M 4s
[2024-12-05T20:39:38.395+0000] {subprocess.py:106} INFO -  14100K .......... .......... .......... .......... .......... 66%  351K 4s
[2024-12-05T20:39:38.697+0000] {subprocess.py:106} INFO -  14150K .......... .......... .......... .......... .......... 66%  101K 5s
[2024-12-05T20:39:38.701+0000] {subprocess.py:106} INFO -  14200K .......... .......... .......... .......... .......... 67% 10.9M 4s
[2024-12-05T20:39:38.703+0000] {subprocess.py:106} INFO -  14250K .......... .......... .......... .......... .......... 67%  109M 4s
[2024-12-05T20:39:38.704+0000] {subprocess.py:106} INFO -  14300K .......... .......... .......... .......... .......... 67% 16.4M 4s
[2024-12-05T20:39:38.706+0000] {subprocess.py:106} INFO -  14350K .......... .......... .......... .......... .......... 67% 19.2M 4s
[2024-12-05T20:39:38.710+0000] {subprocess.py:106} INFO -  14400K .......... .......... .......... .......... .......... 67% 16.1M 4s
[2024-12-05T20:39:38.710+0000] {subprocess.py:106} INFO -  14450K .......... .......... .......... .......... .......... 68% 91.8M 4s
[2024-12-05T20:39:38.718+0000] {subprocess.py:106} INFO -  14500K .......... .......... .......... .......... .......... 68%  105M 4s
[2024-12-05T20:39:38.744+0000] {subprocess.py:106} INFO -  14550K .......... .......... .......... .......... .......... 68%  111M 4s
[2024-12-05T20:39:38.760+0000] {subprocess.py:106} INFO -  14600K .......... .......... .......... .......... .......... 68%  157M 4s
[2024-12-05T20:39:38.771+0000] {subprocess.py:106} INFO -  14650K .......... .......... .......... .......... .......... 69%  833K 4s
[2024-12-05T20:39:38.834+0000] {subprocess.py:106} INFO -  14700K .......... .......... .......... .......... .......... 69%  785K 4s
[2024-12-05T20:39:38.863+0000] {subprocess.py:106} INFO -  14750K .......... .......... .......... .......... .......... 69% 1.67M 4s
[2024-12-05T20:39:38.927+0000] {subprocess.py:106} INFO -  14800K .......... .......... .......... .......... .......... 69%  787K 4s
[2024-12-05T20:39:38.993+0000] {subprocess.py:106} INFO -  14850K .......... .......... .......... .......... .......... 70%  757K 4s
[2024-12-05T20:39:39.080+0000] {subprocess.py:106} INFO -  14900K .......... .......... .......... .......... .......... 70%  989K 4s
[2024-12-05T20:39:40.117+0000] {subprocess.py:106} INFO -  14950K .......... .......... .......... .......... .......... 70% 93.8K 4s
[2024-12-05T20:39:40.139+0000] {subprocess.py:106} INFO -  15000K .......... .......... .......... .......... .......... 70% 89.0K 4s
[2024-12-05T20:39:40.150+0000] {subprocess.py:106} INFO -  15050K .......... .......... .......... .......... .......... 71% 5.35M 4s
[2024-12-05T20:39:40.155+0000] {subprocess.py:106} INFO -  15100K .......... .......... .......... .......... .......... 71% 9.98M 4s
[2024-12-05T20:39:40.171+0000] {subprocess.py:106} INFO -  15150K .......... .......... .......... .......... .......... 71% 3.47M 4s
[2024-12-05T20:39:40.181+0000] {subprocess.py:106} INFO -  15200K .......... .......... .......... .......... .......... 71% 16.4M 4s
[2024-12-05T20:39:40.184+0000] {subprocess.py:106} INFO -  15250K .......... .......... .......... .......... .......... 71% 16.7M 4s
[2024-12-05T20:39:40.185+0000] {subprocess.py:106} INFO -  15300K .......... .......... .......... .......... .......... 72% 6.23M 4s
[2024-12-05T20:39:40.186+0000] {subprocess.py:106} INFO -  15350K .......... .......... .......... .......... .......... 72%  124M 4s
[2024-12-05T20:39:40.189+0000] {subprocess.py:106} INFO -  15400K .......... .......... .......... .......... .......... 72% 41.9M 4s
[2024-12-05T20:39:40.198+0000] {subprocess.py:106} INFO -  15450K .......... .......... .......... .......... .......... 72% 12.8M 4s
[2024-12-05T20:39:40.199+0000] {subprocess.py:106} INFO -  15500K .......... .......... .......... .......... .......... 73% 18.8M 4s
[2024-12-05T20:39:40.203+0000] {subprocess.py:106} INFO -  15550K .......... .......... .......... .......... .......... 73% 24.2M 4s
[2024-12-05T20:39:40.207+0000] {subprocess.py:106} INFO -  15600K .......... .......... .......... .......... .......... 73%  129M 4s
[2024-12-05T20:39:40.209+0000] {subprocess.py:106} INFO -  15650K .......... .......... .......... .......... .......... 73% 10.1M 4s
[2024-12-05T20:39:40.211+0000] {subprocess.py:106} INFO -  15700K .......... .......... .......... .......... .......... 74% 72.3M 4s
[2024-12-05T20:39:40.211+0000] {subprocess.py:106} INFO -  15750K .......... .......... .......... .......... .......... 74% 17.1M 4s
[2024-12-05T20:39:40.212+0000] {subprocess.py:106} INFO -  15800K .......... .......... .......... .......... .......... 74% 42.4M 4s
[2024-12-05T20:39:40.213+0000] {subprocess.py:106} INFO -  15850K .......... .......... .......... .......... .......... 74% 10.0M 4s
[2024-12-05T20:39:40.214+0000] {subprocess.py:106} INFO -  15900K .......... .......... .......... .......... .......... 74% 16.2M 4s
[2024-12-05T20:39:40.214+0000] {subprocess.py:106} INFO -  15950K .......... .......... .......... .......... .......... 75% 27.8M 3s
[2024-12-05T20:39:40.215+0000] {subprocess.py:106} INFO -  16000K .......... .......... .......... .......... .......... 75%  109M 3s
[2024-12-05T20:39:40.216+0000] {subprocess.py:106} INFO -  16050K .......... .......... .......... .......... .......... 75% 43.1M 3s
[2024-12-05T20:39:40.278+0000] {subprocess.py:106} INFO -  16100K .......... .......... .......... .......... .......... 75%  764K 3s
[2024-12-05T20:39:40.341+0000] {subprocess.py:106} INFO -  16150K .......... .......... .......... .......... .......... 76%  961K 3s
[2024-12-05T20:39:40.452+0000] {subprocess.py:106} INFO -  16200K .......... .......... .......... .......... .......... 76%  437K 3s
[2024-12-05T20:39:40.496+0000] {subprocess.py:106} INFO -  16250K .......... .......... .......... .......... .......... 76% 1.09M 3s
[2024-12-05T20:39:40.534+0000] {subprocess.py:106} INFO -  16300K .......... .......... .......... .......... .......... 76% 1.07M 3s
[2024-12-05T20:39:40.551+0000] {subprocess.py:106} INFO -  16350K .......... .......... .......... .......... .......... 77% 2.85M 3s
[2024-12-05T20:39:40.614+0000] {subprocess.py:106} INFO -  16400K .......... .......... .......... .......... .......... 77%  784K 3s
[2024-12-05T20:39:40.676+0000] {subprocess.py:106} INFO -  16450K .......... .......... .......... .......... .......... 77%  815K 3s
[2024-12-05T20:39:40.763+0000] {subprocess.py:106} INFO -  16500K .......... .......... .......... .......... .......... 77%  574K 3s
[2024-12-05T20:39:40.882+0000] {subprocess.py:106} INFO -  16550K .......... .......... .......... .......... .......... 78%  485K 3s
[2024-12-05T20:39:40.894+0000] {subprocess.py:106} INFO -  16600K .......... .......... .......... .......... .......... 78% 1.74M 3s
[2024-12-05T20:39:40.968+0000] {subprocess.py:106} INFO -  16650K .......... .......... .......... .......... .......... 78%  704K 3s
[2024-12-05T20:39:40.989+0000] {subprocess.py:106} INFO -  16700K .......... .......... .......... .......... .......... 78% 5.89M 3s
[2024-12-05T20:39:41.002+0000] {subprocess.py:106} INFO -  16750K .......... .......... .......... .......... .......... 78% 1.69M 3s
[2024-12-05T20:39:41.053+0000] {subprocess.py:106} INFO -  16800K .......... .......... .......... .......... .......... 79% 1.05M 3s
[2024-12-05T20:39:41.110+0000] {subprocess.py:106} INFO -  16850K .......... .......... .......... .......... .......... 79%  818K 3s
[2024-12-05T20:39:41.243+0000] {subprocess.py:106} INFO -  16900K .......... .......... .......... .......... .......... 79%  376K 3s
[2024-12-05T20:39:41.245+0000] {subprocess.py:106} INFO -  16950K .......... .......... .......... .......... .......... 79% 28.3M 3s
[2024-12-05T20:39:41.327+0000] {subprocess.py:106} INFO -  17000K .......... .......... .......... .......... .......... 80%  607K 3s
[2024-12-05T20:39:41.389+0000] {subprocess.py:106} INFO -  17050K .......... .......... .......... .......... .......... 80%  803K 3s
[2024-12-05T20:39:41.500+0000] {subprocess.py:106} INFO -  17100K .......... .......... .......... .......... .......... 80%  453K 3s
[2024-12-05T20:39:41.618+0000] {subprocess.py:106} INFO -  17150K .......... .......... .......... .......... .......... 80%  421K 3s
[2024-12-05T20:39:41.696+0000] {subprocess.py:106} INFO -  17200K .......... .......... .......... .......... .......... 81%  641K 3s
[2024-12-05T20:39:41.816+0000] {subprocess.py:106} INFO -  17250K .......... .......... .......... .......... .......... 81%  419K 3s
[2024-12-05T20:39:41.889+0000] {subprocess.py:106} INFO -  17300K .......... .......... .......... .......... .......... 81%  684K 3s
[2024-12-05T20:39:42.006+0000] {subprocess.py:106} INFO -  17350K .......... .......... .......... .......... .......... 81%  427K 3s
[2024-12-05T20:39:42.083+0000] {subprocess.py:106} INFO -  17400K .......... .......... .......... .......... .......... 82%  649K 3s
[2024-12-05T20:39:42.180+0000] {subprocess.py:106} INFO -  17450K .......... .......... .......... .......... .......... 82%  514K 3s
[2024-12-05T20:39:42.272+0000] {subprocess.py:106} INFO -  17500K .......... .......... .......... .......... .......... 82%  547K 3s
[2024-12-05T20:39:42.349+0000] {subprocess.py:106} INFO -  17550K .......... .......... .......... .......... .......... 82%  651K 3s
[2024-12-05T20:39:42.433+0000] {subprocess.py:106} INFO -  17600K .......... .......... .......... .......... .......... 82%  589K 3s
[2024-12-05T20:39:42.538+0000] {subprocess.py:106} INFO -  17650K .......... .......... .......... .......... .......... 83%  480K 3s
[2024-12-05T20:39:42.609+0000] {subprocess.py:106} INFO -  17700K .......... .......... .......... .......... .......... 83%  703K 3s
[2024-12-05T20:39:42.676+0000] {subprocess.py:106} INFO -  17750K .......... .......... .......... .......... .......... 83%  742K 3s
[2024-12-05T20:39:42.743+0000] {subprocess.py:106} INFO -  17800K .......... .......... .......... .......... .......... 83%  750K 3s
[2024-12-05T20:39:42.827+0000] {subprocess.py:106} INFO -  17850K .......... .......... .......... .......... .......... 84%  791K 2s
[2024-12-05T20:39:42.876+0000] {subprocess.py:106} INFO -  17900K .......... .......... .......... .......... .......... 84%  710K 2s
[2024-12-05T20:39:42.939+0000] {subprocess.py:106} INFO -  17950K .......... .......... .......... .......... .......... 84%  803K 2s
[2024-12-05T20:39:43.025+0000] {subprocess.py:106} INFO -  18000K .......... .......... .......... .......... .......... 84%  579K 2s
[2024-12-05T20:39:43.081+0000] {subprocess.py:106} INFO -  18050K .......... .......... .......... .......... .......... 85%  902K 2s
[2024-12-05T20:39:43.144+0000] {subprocess.py:106} INFO -  18100K .......... .......... .......... .......... .......... 85%  788K 2s
[2024-12-05T20:39:43.211+0000] {subprocess.py:106} INFO -  18150K .......... .......... .......... .......... .......... 85%  748K 2s
[2024-12-05T20:39:43.275+0000] {subprocess.py:106} INFO -  18200K .......... .......... .......... .......... .......... 85%  775K 2s
[2024-12-05T20:39:43.344+0000] {subprocess.py:106} INFO -  18250K .......... .......... .......... .......... .......... 86%  726K 2s
[2024-12-05T20:39:43.407+0000] {subprocess.py:106} INFO -  18300K .......... .......... .......... .......... .......... 86%  802K 2s
[2024-12-05T20:39:43.472+0000] {subprocess.py:106} INFO -  18350K .......... .......... .......... .......... .......... 86%  759K 2s
[2024-12-05T20:39:43.535+0000] {subprocess.py:106} INFO -  18400K .......... .......... .......... .......... .......... 86%  816K 2s
[2024-12-05T20:39:43.596+0000] {subprocess.py:106} INFO -  18450K .......... .......... .......... .......... .......... 86%  808K 2s
[2024-12-05T20:39:43.661+0000] {subprocess.py:106} INFO -  18500K .......... .......... .......... .......... .......... 87%  773K 2s
[2024-12-05T20:39:43.725+0000] {subprocess.py:106} INFO -  18550K .......... .......... .......... .......... .......... 87%  780K 2s
[2024-12-05T20:39:43.792+0000] {subprocess.py:106} INFO -  18600K .......... .......... .......... .......... .......... 87%  739K 2s
[2024-12-05T20:39:43.840+0000] {subprocess.py:106} INFO -  18650K .......... .......... .......... .......... .......... 87% 1.02M 2s
[2024-12-05T20:39:43.905+0000] {subprocess.py:106} INFO -  18700K .......... .......... .......... .......... .......... 88%  770K 2s
[2024-12-05T20:39:43.968+0000] {subprocess.py:106} INFO -  18750K .......... .......... .......... .......... .......... 88%  797K 2s
[2024-12-05T20:39:44.028+0000] {subprocess.py:106} INFO -  18800K .......... .......... .......... .......... .......... 88%  816K 2s
[2024-12-05T20:39:44.046+0000] {subprocess.py:106} INFO -  18850K .......... .......... .......... .......... .......... 88% 2.66M 2s
[2024-12-05T20:39:44.109+0000] {subprocess.py:106} INFO -  18900K .......... .......... .......... .......... .......... 89%  792K 2s
[2024-12-05T20:39:44.164+0000] {subprocess.py:106} INFO -  18950K .......... .......... .......... .......... .......... 89%  913K 2s
[2024-12-05T20:39:44.228+0000] {subprocess.py:106} INFO -  19000K .......... .......... .......... .......... .......... 89%  776K 2s
[2024-12-05T20:39:44.292+0000] {subprocess.py:106} INFO -  19050K .......... .......... .......... .......... .......... 89%  788K 2s
[2024-12-05T20:39:44.359+0000] {subprocess.py:106} INFO -  19100K .......... .......... .......... .......... .......... 90%  755K 2s
[2024-12-05T20:39:44.374+0000] {subprocess.py:106} INFO -  19150K .......... .......... .......... .......... .......... 90% 3.13M 2s
[2024-12-05T20:39:44.432+0000] {subprocess.py:106} INFO -  19200K .......... .......... .......... .......... .......... 90%  859K 2s
[2024-12-05T20:39:44.485+0000] {subprocess.py:106} INFO -  19250K .......... .......... .......... .......... .......... 90%  941K 2s
[2024-12-05T20:39:44.555+0000] {subprocess.py:106} INFO -  19300K .......... .......... .......... .......... .......... 90%  714K 1s
[2024-12-05T20:39:44.624+0000] {subprocess.py:106} INFO -  19350K .......... .......... .......... .......... .......... 91%  720K 1s
[2024-12-05T20:39:44.682+0000] {subprocess.py:106} INFO -  19400K .......... .......... .......... .......... .......... 91%  870K 1s
[2024-12-05T20:39:44.749+0000] {subprocess.py:106} INFO -  19450K .......... .......... .......... .......... .......... 91%  751K 1s
[2024-12-05T20:39:44.824+0000] {subprocess.py:106} INFO -  19500K .......... .......... .......... .......... .......... 91%  666K 1s
[2024-12-05T20:39:44.891+0000] {subprocess.py:106} INFO -  19550K .......... .......... .......... .......... .......... 92%  941K 1s
[2024-12-05T20:39:44.957+0000] {subprocess.py:106} INFO -  19600K .......... .......... .......... .......... .......... 92%  623K 1s
[2024-12-05T20:39:45.025+0000] {subprocess.py:106} INFO -  19650K .......... .......... .......... .......... .......... 92%  740K 1s
[2024-12-05T20:39:45.092+0000] {subprocess.py:106} INFO -  19700K .......... .......... .......... .......... .......... 92%  744K 1s
[2024-12-05T20:39:45.146+0000] {subprocess.py:106} INFO -  19750K .......... .......... .......... .......... .......... 93%  924K 1s
[2024-12-05T20:39:45.199+0000] {subprocess.py:106} INFO -  19800K .......... .......... .......... .......... .......... 93%  945K 1s
[2024-12-05T20:39:45.224+0000] {subprocess.py:106} INFO -  19850K .......... .......... .......... .......... .......... 93% 1.99M 1s
[2024-12-05T20:39:45.288+0000] {subprocess.py:106} INFO -  19900K .......... .......... .......... .......... .......... 93%  770K 1s
[2024-12-05T20:39:45.352+0000] {subprocess.py:106} INFO -  19950K .......... .......... .......... .......... .......... 94%  789K 1s
[2024-12-05T20:39:45.416+0000] {subprocess.py:106} INFO -  20000K .......... .......... .......... .......... .......... 94%  781K 1s
[2024-12-05T20:39:45.479+0000] {subprocess.py:106} INFO -  20050K .......... .......... .......... .......... .......... 94%  787K 1s
[2024-12-05T20:39:45.550+0000] {subprocess.py:106} INFO -  20100K .......... .......... .......... .......... .......... 94%  705K 1s
[2024-12-05T20:39:45.614+0000] {subprocess.py:106} INFO -  20150K .......... .......... .......... .......... .......... 94%  796K 1s
[2024-12-05T20:39:45.676+0000] {subprocess.py:106} INFO -  20200K .......... .......... .......... .......... .......... 95%  802K 1s
[2024-12-05T20:39:45.742+0000] {subprocess.py:106} INFO -  20250K .......... .......... .......... .......... .......... 95%  758K 1s
[2024-12-05T20:39:45.743+0000] {subprocess.py:106} INFO -  20300K .......... .......... .......... .......... .......... 95% 31.7M 1s
[2024-12-05T20:39:45.806+0000] {subprocess.py:106} INFO -  20350K .......... .......... .......... .......... .......... 95%  788K 1s
[2024-12-05T20:39:45.869+0000] {subprocess.py:106} INFO -  20400K .......... .......... .......... .......... .......... 96%  804K 1s
[2024-12-05T20:39:45.936+0000] {subprocess.py:106} INFO -  20450K .......... .......... .......... .......... .......... 96%  748K 1s
[2024-12-05T20:39:45.980+0000] {subprocess.py:106} INFO -  20500K .......... .......... .......... .......... .......... 96% 1.08M 1s
[2024-12-05T20:39:45.995+0000] {subprocess.py:106} INFO -  20550K .......... .......... .......... .......... .......... 96% 3.41M 1s
[2024-12-05T20:39:46.060+0000] {subprocess.py:106} INFO -  20600K .......... .......... .......... .......... .......... 97%  770K 0s
[2024-12-05T20:39:46.136+0000] {subprocess.py:106} INFO -  20650K .......... .......... .......... .......... .......... 97%  684K 0s
[2024-12-05T20:39:46.193+0000] {subprocess.py:106} INFO -  20700K .......... .......... .......... .......... .......... 97%  831K 0s
[2024-12-05T20:39:46.257+0000] {subprocess.py:106} INFO -  20750K .......... .......... .......... .......... .......... 97%  784K 0s
[2024-12-05T20:39:46.262+0000] {subprocess.py:106} INFO -  20800K .......... .......... .......... .......... .......... 98% 8.71M 0s
[2024-12-05T20:39:46.326+0000] {subprocess.py:106} INFO -  20850K .......... .......... .......... .......... .......... 98%  789K 0s
[2024-12-05T20:39:46.393+0000] {subprocess.py:106} INFO -  20900K .......... .......... .......... .......... .......... 98%  748K 0s
[2024-12-05T20:39:46.518+0000] {subprocess.py:106} INFO -  20950K .......... .......... .......... .......... .......... 98%  399K 0s
[2024-12-05T20:39:46.523+0000] {subprocess.py:106} INFO -  21000K .......... .......... .......... .......... .......... 98%  125M 0s
[2024-12-05T20:39:46.643+0000] {subprocess.py:106} INFO -  21050K .......... .......... .......... .......... .......... 99%  401K 0s
[2024-12-05T20:39:46.716+0000] {subprocess.py:106} INFO -  21100K .......... .......... .......... .......... .......... 99%  684K 0s
[2024-12-05T20:39:46.839+0000] {subprocess.py:106} INFO -  21150K .......... .......... .......... .......... .......... 99%  408K 0s
[2024-12-05T20:39:46.913+0000] {subprocess.py:106} INFO -  21200K .......... .......... .......... .......... .......... 99%  703K 0s
[2024-12-05T20:39:46.931+0000] {subprocess.py:106} INFO -  21250K .......... ......                                     100%  822K=17s
[2024-12-05T20:39:46.934+0000] {subprocess.py:106} INFO - 
[2024-12-05T20:39:46.935+0000] {subprocess.py:106} INFO - 2024-12-05 20:39:46 (1.20 MB/s) - ‘/opt/***/output_2021-02.parquet’ saved [21777258/21777258]
[2024-12-05T20:39:46.936+0000] {subprocess.py:106} INFO - 
[2024-12-05T20:39:46.959+0000] {subprocess.py:110} INFO - Command exited with return code 0
[2024-12-05T20:39:47.020+0000] {taskinstance.py:340} INFO - ::group::Post task execution logs
[2024-12-05T20:39:47.021+0000] {taskinstance.py:352} INFO - Marking task as SUCCESS. dag_id=LocalIngestionDag, task_id=wget, run_id=scheduled__2021-02-02T06:00:00+00:00, execution_date=20210202T060000, start_date=20241205T203928, end_date=20241205T203947
[2024-12-05T20:39:47.058+0000] {local_task_job_runner.py:266} INFO - Task exited with return code 0
[2024-12-05T20:39:47.097+0000] {taskinstance.py:3895} INFO - 1 downstream tasks scheduled from follow-on schedule check
[2024-12-05T20:39:47.099+0000] {local_task_job_runner.py:245} INFO - ::endgroup::
[2024-12-05T23:43:54.470+0000] {local_task_job_runner.py:123} INFO - ::group::Pre task execution logs
[2024-12-05T23:43:54.484+0000] {taskinstance.py:2603} INFO - Dependencies not met for <TaskInstance: LocalIngestionDag.wget scheduled__2021-02-02T06:00:00+00:00 [queued]>, dependency 'Execution Date' FAILED: The execution date is 2021-02-02T06:00:00+00:00 but this is after the task's end date 2021-01-03T00:00:00+00:00.
[2024-12-05T23:43:54.485+0000] {taskinstance.py:2603} INFO - Dependencies not met for <TaskInstance: LocalIngestionDag.wget scheduled__2021-02-02T06:00:00+00:00 [queued]>, dependency 'Execution Date' FAILED: The execution date is 2021-02-02T06:00:00+00:00 but this is after the task's DAG's end date 2021-01-03T00:00:00+00:00.
[2024-12-05T23:43:54.492+0000] {local_task_job_runner.py:166} INFO - Task is not able to be run
