[2024-12-05T20:22:00.541+0000] {local_task_job_runner.py:123} INFO - ::group::Pre task execution logs
[2024-12-05T20:22:00.553+0000] {taskinstance.py:2613} INFO - Dependencies all met for dep_context=non-requeueable deps ti=<TaskInstance: LocalIngestionDag.wget manual__2024-12-05T20:21:59.536261+00:00 [queued]>
[2024-12-05T20:22:00.558+0000] {taskinstance.py:2613} INFO - Dependencies all met for dep_context=requeueable deps ti=<TaskInstance: LocalIngestionDag.wget manual__2024-12-05T20:21:59.536261+00:00 [queued]>
[2024-12-05T20:22:00.558+0000] {taskinstance.py:2866} INFO - Starting attempt 1 of 1
[2024-12-05T20:22:00.566+0000] {taskinstance.py:2889} INFO - Executing <Task(BashOperator): wget> on 2024-12-05 20:21:59.536261+00:00
[2024-12-05T20:22:00.572+0000] {warnings.py:112} WARNING - /home/***/.local/lib/python3.12/site-packages/***/task/task_runner/standard_task_runner.py:70: DeprecationWarning: This process (pid=454) is multi-threaded, use of fork() may lead to deadlocks in the child.
  pid = os.fork()

[2024-12-05T20:22:00.573+0000] {standard_task_runner.py:104} INFO - Running: ['***', 'tasks', 'run', 'LocalIngestionDag', 'wget', 'manual__2024-12-05T20:21:59.536261+00:00', '--job-id', '5', '--raw', '--subdir', 'DAGS_FOLDER/data_ingestion_local.py', '--cfg-path', '/tmp/tmpxr2wz_oh']
[2024-12-05T20:22:00.574+0000] {standard_task_runner.py:105} INFO - Job 5: Subtask wget
[2024-12-05T20:22:00.574+0000] {standard_task_runner.py:72} INFO - Started process 462 to run task
[2024-12-05T20:22:00.609+0000] {task_command.py:467} INFO - Running <TaskInstance: LocalIngestionDag.wget manual__2024-12-05T20:21:59.536261+00:00 [running]> on host cf87bc668ac5
[2024-12-05T20:22:00.660+0000] {taskinstance.py:3132} INFO - Exporting env vars: AIRFLOW_CTX_DAG_OWNER='***' AIRFLOW_CTX_DAG_ID='LocalIngestionDag' AIRFLOW_CTX_TASK_ID='wget' AIRFLOW_CTX_EXECUTION_DATE='2024-12-05T20:21:59.536261+00:00' AIRFLOW_CTX_TRY_NUMBER='1' AIRFLOW_CTX_DAG_RUN_ID='manual__2024-12-05T20:21:59.536261+00:00'
[2024-12-05T20:22:00.660+0000] {taskinstance.py:731} INFO - ::endgroup::
[2024-12-05T20:22:00.671+0000] {subprocess.py:78} INFO - Tmp dir root location: /tmp
[2024-12-05T20:22:00.672+0000] {subprocess.py:88} INFO - Running command: ['/usr/bin/bash', '-c', 'echo "2024-12-05" "2024-12-05 20:21:59.536261+00:00"']
[2024-12-05T20:22:00.678+0000] {subprocess.py:99} INFO - Output:
[2024-12-05T20:22:00.680+0000] {subprocess.py:106} INFO - 2024-12-05 2024-12-05 20:21:59.536261+00:00
[2024-12-05T20:22:00.680+0000] {subprocess.py:110} INFO - Command exited with return code 0
[2024-12-05T20:22:00.694+0000] {taskinstance.py:340} INFO - ::group::Post task execution logs
[2024-12-05T20:22:00.695+0000] {taskinstance.py:352} INFO - Marking task as SUCCESS. dag_id=LocalIngestionDag, task_id=wget, run_id=manual__2024-12-05T20:21:59.536261+00:00, execution_date=20241205T202159, start_date=20241205T202200, end_date=20241205T202200
[2024-12-05T20:22:00.721+0000] {local_task_job_runner.py:266} INFO - Task exited with return code 0
[2024-12-05T20:22:00.739+0000] {taskinstance.py:3895} INFO - 1 downstream tasks scheduled from follow-on schedule check
[2024-12-05T20:22:00.740+0000] {local_task_job_runner.py:245} INFO - ::endgroup::
