[2024-12-01T00:05:44.405+0000] {processor.py:186} INFO - Started process (PID=59166) to work on /opt/airflow/dags/data_ingestion_gcs_dag.py
[2024-12-01T00:05:44.406+0000] {processor.py:914} INFO - Processing file /opt/airflow/dags/data_ingestion_gcs_dag.py for tasks to queue
[2024-12-01T00:05:44.407+0000] {logging_mixin.py:190} INFO - [2024-12-01T00:05:44.407+0000] {dagbag.py:588} INFO - Filling up the DagBag from /opt/airflow/dags/data_ingestion_gcs_dag.py
[2024-12-01T00:05:44.435+0000] {processor.py:925} INFO - DAG(s) 'data_ingestion_gcs_dag' retrieved from /opt/airflow/dags/data_ingestion_gcs_dag.py
[2024-12-01T00:05:44.531+0000] {logging_mixin.py:190} INFO - [2024-12-01T00:05:44.531+0000] {dag.py:3239} INFO - Sync 1 DAGs
[2024-12-01T00:05:44.567+0000] {processor.py:208} INFO - Processing /opt/airflow/dags/data_ingestion_gcs_dag.py took 0.170 seconds
[2024-12-01T00:15:58.214+0000] {processor.py:186} INFO - Started process (PID=59173) to work on /opt/airflow/dags/data_ingestion_gcs_dag.py
[2024-12-01T00:15:58.215+0000] {processor.py:914} INFO - Processing file /opt/airflow/dags/data_ingestion_gcs_dag.py for tasks to queue
[2024-12-01T00:15:58.216+0000] {logging_mixin.py:190} INFO - [2024-12-01T00:15:58.216+0000] {dagbag.py:588} INFO - Filling up the DagBag from /opt/airflow/dags/data_ingestion_gcs_dag.py
[2024-12-01T00:15:58.232+0000] {processor.py:925} INFO - DAG(s) 'data_ingestion_gcs_dag' retrieved from /opt/airflow/dags/data_ingestion_gcs_dag.py
[2024-12-01T00:15:58.245+0000] {logging_mixin.py:190} INFO - [2024-12-01T00:15:58.244+0000] {dag.py:3239} INFO - Sync 1 DAGs
[2024-12-01T00:15:58.267+0000] {processor.py:208} INFO - Processing /opt/airflow/dags/data_ingestion_gcs_dag.py took 0.057 seconds
[2024-12-01T00:25:48.473+0000] {processor.py:186} INFO - Started process (PID=59179) to work on /opt/airflow/dags/data_ingestion_gcs_dag.py
[2024-12-01T00:25:48.474+0000] {processor.py:914} INFO - Processing file /opt/airflow/dags/data_ingestion_gcs_dag.py for tasks to queue
[2024-12-01T00:25:48.475+0000] {logging_mixin.py:190} INFO - [2024-12-01T00:25:48.475+0000] {dagbag.py:588} INFO - Filling up the DagBag from /opt/airflow/dags/data_ingestion_gcs_dag.py
[2024-12-01T00:25:48.495+0000] {processor.py:925} INFO - DAG(s) 'data_ingestion_gcs_dag' retrieved from /opt/airflow/dags/data_ingestion_gcs_dag.py
[2024-12-01T00:25:48.512+0000] {logging_mixin.py:190} INFO - [2024-12-01T00:25:48.512+0000] {dag.py:3239} INFO - Sync 1 DAGs
[2024-12-01T00:25:48.527+0000] {logging_mixin.py:190} INFO - [2024-12-01T00:25:48.526+0000] {dag.py:4180} INFO - Setting next_dagrun for data_ingestion_gcs_dag to 2024-12-01 00:00:00+00:00, run_after=2024-12-02 00:00:00+00:00
[2024-12-01T00:25:48.536+0000] {processor.py:208} INFO - Processing /opt/airflow/dags/data_ingestion_gcs_dag.py took 0.067 seconds
[2024-12-01T00:45:46.885+0000] {processor.py:186} INFO - Started process (PID=59186) to work on /opt/airflow/dags/data_ingestion_gcs_dag.py
[2024-12-01T00:45:46.886+0000] {processor.py:914} INFO - Processing file /opt/airflow/dags/data_ingestion_gcs_dag.py for tasks to queue
[2024-12-01T00:45:46.888+0000] {logging_mixin.py:190} INFO - [2024-12-01T00:45:46.887+0000] {dagbag.py:588} INFO - Filling up the DagBag from /opt/airflow/dags/data_ingestion_gcs_dag.py
[2024-12-01T00:45:46.913+0000] {processor.py:925} INFO - DAG(s) 'data_ingestion_gcs_dag' retrieved from /opt/airflow/dags/data_ingestion_gcs_dag.py
[2024-12-01T00:45:46.929+0000] {logging_mixin.py:190} INFO - [2024-12-01T00:45:46.928+0000] {dag.py:3239} INFO - Sync 1 DAGs
[2024-12-01T00:45:46.942+0000] {logging_mixin.py:190} INFO - [2024-12-01T00:45:46.942+0000] {dag.py:4180} INFO - Setting next_dagrun for data_ingestion_gcs_dag to 2024-12-01 00:00:00+00:00, run_after=2024-12-02 00:00:00+00:00
[2024-12-01T00:45:46.950+0000] {processor.py:208} INFO - Processing /opt/airflow/dags/data_ingestion_gcs_dag.py took 0.085 seconds
[2024-12-01T01:05:46.623+0000] {processor.py:186} INFO - Started process (PID=59193) to work on /opt/airflow/dags/data_ingestion_gcs_dag.py
[2024-12-01T01:05:46.624+0000] {processor.py:914} INFO - Processing file /opt/airflow/dags/data_ingestion_gcs_dag.py for tasks to queue
[2024-12-01T01:05:46.625+0000] {logging_mixin.py:190} INFO - [2024-12-01T01:05:46.625+0000] {dagbag.py:588} INFO - Filling up the DagBag from /opt/airflow/dags/data_ingestion_gcs_dag.py
[2024-12-01T01:05:46.651+0000] {processor.py:925} INFO - DAG(s) 'data_ingestion_gcs_dag' retrieved from /opt/airflow/dags/data_ingestion_gcs_dag.py
[2024-12-01T01:05:46.667+0000] {logging_mixin.py:190} INFO - [2024-12-01T01:05:46.666+0000] {dag.py:3239} INFO - Sync 1 DAGs
[2024-12-01T01:05:46.680+0000] {logging_mixin.py:190} INFO - [2024-12-01T01:05:46.680+0000] {dag.py:4180} INFO - Setting next_dagrun for data_ingestion_gcs_dag to 2024-12-01 00:00:00+00:00, run_after=2024-12-02 00:00:00+00:00
[2024-12-01T01:05:46.689+0000] {processor.py:208} INFO - Processing /opt/airflow/dags/data_ingestion_gcs_dag.py took 0.076 seconds
[2024-12-01T01:20:53.527+0000] {processor.py:186} INFO - Started process (PID=59200) to work on /opt/airflow/dags/data_ingestion_gcs_dag.py
[2024-12-01T01:20:53.527+0000] {processor.py:914} INFO - Processing file /opt/airflow/dags/data_ingestion_gcs_dag.py for tasks to queue
[2024-12-01T01:20:53.528+0000] {logging_mixin.py:190} INFO - [2024-12-01T01:20:53.528+0000] {dagbag.py:588} INFO - Filling up the DagBag from /opt/airflow/dags/data_ingestion_gcs_dag.py
[2024-12-01T01:20:53.544+0000] {processor.py:925} INFO - DAG(s) 'data_ingestion_gcs_dag' retrieved from /opt/airflow/dags/data_ingestion_gcs_dag.py
[2024-12-01T01:20:53.559+0000] {logging_mixin.py:190} INFO - [2024-12-01T01:20:53.559+0000] {dag.py:3239} INFO - Sync 1 DAGs
[2024-12-01T01:20:53.572+0000] {logging_mixin.py:190} INFO - [2024-12-01T01:20:53.572+0000] {dag.py:4180} INFO - Setting next_dagrun for data_ingestion_gcs_dag to 2024-12-01 00:00:00+00:00, run_after=2024-12-02 00:00:00+00:00
[2024-12-01T01:20:53.580+0000] {processor.py:208} INFO - Processing /opt/airflow/dags/data_ingestion_gcs_dag.py took 0.056 seconds
[2024-12-01T01:30:45.083+0000] {processor.py:186} INFO - Started process (PID=59207) to work on /opt/airflow/dags/data_ingestion_gcs_dag.py
[2024-12-01T01:30:45.084+0000] {processor.py:914} INFO - Processing file /opt/airflow/dags/data_ingestion_gcs_dag.py for tasks to queue
[2024-12-01T01:30:45.085+0000] {logging_mixin.py:190} INFO - [2024-12-01T01:30:45.085+0000] {dagbag.py:588} INFO - Filling up the DagBag from /opt/airflow/dags/data_ingestion_gcs_dag.py
[2024-12-01T01:30:45.107+0000] {processor.py:925} INFO - DAG(s) 'data_ingestion_gcs_dag' retrieved from /opt/airflow/dags/data_ingestion_gcs_dag.py
[2024-12-01T01:30:45.121+0000] {logging_mixin.py:190} INFO - [2024-12-01T01:30:45.121+0000] {dag.py:3239} INFO - Sync 1 DAGs
[2024-12-01T01:30:45.134+0000] {logging_mixin.py:190} INFO - [2024-12-01T01:30:45.134+0000] {dag.py:4180} INFO - Setting next_dagrun for data_ingestion_gcs_dag to 2024-12-01 00:00:00+00:00, run_after=2024-12-02 00:00:00+00:00
[2024-12-01T01:30:45.143+0000] {processor.py:208} INFO - Processing /opt/airflow/dags/data_ingestion_gcs_dag.py took 0.065 seconds
[2024-12-01T01:45:50.172+0000] {processor.py:186} INFO - Started process (PID=59214) to work on /opt/airflow/dags/data_ingestion_gcs_dag.py
[2024-12-01T01:45:50.173+0000] {processor.py:914} INFO - Processing file /opt/airflow/dags/data_ingestion_gcs_dag.py for tasks to queue
[2024-12-01T01:45:50.175+0000] {logging_mixin.py:190} INFO - [2024-12-01T01:45:50.174+0000] {dagbag.py:588} INFO - Filling up the DagBag from /opt/airflow/dags/data_ingestion_gcs_dag.py
[2024-12-01T01:45:50.198+0000] {processor.py:925} INFO - DAG(s) 'data_ingestion_gcs_dag' retrieved from /opt/airflow/dags/data_ingestion_gcs_dag.py
[2024-12-01T01:45:50.214+0000] {logging_mixin.py:190} INFO - [2024-12-01T01:45:50.214+0000] {dag.py:3239} INFO - Sync 1 DAGs
[2024-12-01T01:45:50.227+0000] {logging_mixin.py:190} INFO - [2024-12-01T01:45:50.227+0000] {dag.py:4180} INFO - Setting next_dagrun for data_ingestion_gcs_dag to 2024-12-01 00:00:00+00:00, run_after=2024-12-02 00:00:00+00:00
[2024-12-01T01:45:50.235+0000] {processor.py:208} INFO - Processing /opt/airflow/dags/data_ingestion_gcs_dag.py took 0.071 seconds
[2024-12-01T02:05:42.916+0000] {processor.py:186} INFO - Started process (PID=59221) to work on /opt/airflow/dags/data_ingestion_gcs_dag.py
[2024-12-01T02:05:42.918+0000] {processor.py:914} INFO - Processing file /opt/airflow/dags/data_ingestion_gcs_dag.py for tasks to queue
[2024-12-01T02:05:42.919+0000] {logging_mixin.py:190} INFO - [2024-12-01T02:05:42.919+0000] {dagbag.py:588} INFO - Filling up the DagBag from /opt/airflow/dags/data_ingestion_gcs_dag.py
[2024-12-01T02:05:42.956+0000] {processor.py:925} INFO - DAG(s) 'data_ingestion_gcs_dag' retrieved from /opt/airflow/dags/data_ingestion_gcs_dag.py
[2024-12-01T02:05:42.977+0000] {logging_mixin.py:190} INFO - [2024-12-01T02:05:42.976+0000] {dag.py:3239} INFO - Sync 1 DAGs
[2024-12-01T02:05:42.992+0000] {logging_mixin.py:190} INFO - [2024-12-01T02:05:42.992+0000] {dag.py:4180} INFO - Setting next_dagrun for data_ingestion_gcs_dag to 2024-12-01 00:00:00+00:00, run_after=2024-12-02 00:00:00+00:00
[2024-12-01T02:05:43.007+0000] {processor.py:208} INFO - Processing /opt/airflow/dags/data_ingestion_gcs_dag.py took 0.098 seconds
[2024-12-01T02:20:48.324+0000] {processor.py:186} INFO - Started process (PID=59228) to work on /opt/airflow/dags/data_ingestion_gcs_dag.py
[2024-12-01T02:20:48.325+0000] {processor.py:914} INFO - Processing file /opt/airflow/dags/data_ingestion_gcs_dag.py for tasks to queue
[2024-12-01T02:20:48.327+0000] {logging_mixin.py:190} INFO - [2024-12-01T02:20:48.326+0000] {dagbag.py:588} INFO - Filling up the DagBag from /opt/airflow/dags/data_ingestion_gcs_dag.py
[2024-12-01T02:20:48.353+0000] {processor.py:925} INFO - DAG(s) 'data_ingestion_gcs_dag' retrieved from /opt/airflow/dags/data_ingestion_gcs_dag.py
[2024-12-01T02:20:48.369+0000] {logging_mixin.py:190} INFO - [2024-12-01T02:20:48.368+0000] {dag.py:3239} INFO - Sync 1 DAGs
[2024-12-01T02:20:48.380+0000] {logging_mixin.py:190} INFO - [2024-12-01T02:20:48.380+0000] {dag.py:4180} INFO - Setting next_dagrun for data_ingestion_gcs_dag to 2024-12-01 00:00:00+00:00, run_after=2024-12-02 00:00:00+00:00
[2024-12-01T02:20:48.390+0000] {processor.py:208} INFO - Processing /opt/airflow/dags/data_ingestion_gcs_dag.py took 0.073 seconds
[2024-12-01T02:26:10.759+0000] {processor.py:186} INFO - Started process (PID=59235) to work on /opt/airflow/dags/data_ingestion_gcs_dag.py
[2024-12-01T02:26:10.760+0000] {processor.py:914} INFO - Processing file /opt/airflow/dags/data_ingestion_gcs_dag.py for tasks to queue
[2024-12-01T02:26:10.761+0000] {logging_mixin.py:190} INFO - [2024-12-01T02:26:10.760+0000] {dagbag.py:588} INFO - Filling up the DagBag from /opt/airflow/dags/data_ingestion_gcs_dag.py
[2024-12-01T02:26:10.776+0000] {processor.py:925} INFO - DAG(s) 'data_ingestion_gcs_dag' retrieved from /opt/airflow/dags/data_ingestion_gcs_dag.py
[2024-12-01T02:26:10.790+0000] {logging_mixin.py:190} INFO - [2024-12-01T02:26:10.789+0000] {dag.py:3239} INFO - Sync 1 DAGs
[2024-12-01T02:26:10.800+0000] {logging_mixin.py:190} INFO - [2024-12-01T02:26:10.800+0000] {dag.py:4180} INFO - Setting next_dagrun for data_ingestion_gcs_dag to 2024-12-01 00:00:00+00:00, run_after=2024-12-02 00:00:00+00:00
[2024-12-01T02:26:10.808+0000] {processor.py:208} INFO - Processing /opt/airflow/dags/data_ingestion_gcs_dag.py took 0.054 seconds
[2024-12-01T02:45:45.688+0000] {processor.py:186} INFO - Started process (PID=59242) to work on /opt/airflow/dags/data_ingestion_gcs_dag.py
[2024-12-01T02:45:45.690+0000] {processor.py:914} INFO - Processing file /opt/airflow/dags/data_ingestion_gcs_dag.py for tasks to queue
[2024-12-01T02:45:45.691+0000] {logging_mixin.py:190} INFO - [2024-12-01T02:45:45.691+0000] {dagbag.py:588} INFO - Filling up the DagBag from /opt/airflow/dags/data_ingestion_gcs_dag.py
[2024-12-01T02:45:45.720+0000] {processor.py:925} INFO - DAG(s) 'data_ingestion_gcs_dag' retrieved from /opt/airflow/dags/data_ingestion_gcs_dag.py
[2024-12-01T02:45:45.738+0000] {logging_mixin.py:190} INFO - [2024-12-01T02:45:45.738+0000] {dag.py:3239} INFO - Sync 1 DAGs
[2024-12-01T02:45:45.753+0000] {logging_mixin.py:190} INFO - [2024-12-01T02:45:45.753+0000] {dag.py:4180} INFO - Setting next_dagrun for data_ingestion_gcs_dag to 2024-12-01 00:00:00+00:00, run_after=2024-12-02 00:00:00+00:00
[2024-12-01T02:45:45.762+0000] {processor.py:208} INFO - Processing /opt/airflow/dags/data_ingestion_gcs_dag.py took 0.082 seconds
[2024-12-01T03:05:44.921+0000] {processor.py:186} INFO - Started process (PID=59249) to work on /opt/airflow/dags/data_ingestion_gcs_dag.py
[2024-12-01T03:05:44.922+0000] {processor.py:914} INFO - Processing file /opt/airflow/dags/data_ingestion_gcs_dag.py for tasks to queue
[2024-12-01T03:05:44.923+0000] {logging_mixin.py:190} INFO - [2024-12-01T03:05:44.922+0000] {dagbag.py:588} INFO - Filling up the DagBag from /opt/airflow/dags/data_ingestion_gcs_dag.py
[2024-12-01T03:05:44.940+0000] {processor.py:925} INFO - DAG(s) 'data_ingestion_gcs_dag' retrieved from /opt/airflow/dags/data_ingestion_gcs_dag.py
[2024-12-01T03:05:44.956+0000] {logging_mixin.py:190} INFO - [2024-12-01T03:05:44.956+0000] {dag.py:3239} INFO - Sync 1 DAGs
[2024-12-01T03:05:44.969+0000] {logging_mixin.py:190} INFO - [2024-12-01T03:05:44.969+0000] {dag.py:4180} INFO - Setting next_dagrun for data_ingestion_gcs_dag to 2024-12-01 00:00:00+00:00, run_after=2024-12-02 00:00:00+00:00
[2024-12-01T03:05:44.978+0000] {processor.py:208} INFO - Processing /opt/airflow/dags/data_ingestion_gcs_dag.py took 0.061 seconds
[2024-12-01T03:20:54.770+0000] {processor.py:186} INFO - Started process (PID=59256) to work on /opt/airflow/dags/data_ingestion_gcs_dag.py
[2024-12-01T03:20:54.771+0000] {processor.py:914} INFO - Processing file /opt/airflow/dags/data_ingestion_gcs_dag.py for tasks to queue
[2024-12-01T03:20:54.772+0000] {logging_mixin.py:190} INFO - [2024-12-01T03:20:54.771+0000] {dagbag.py:588} INFO - Filling up the DagBag from /opt/airflow/dags/data_ingestion_gcs_dag.py
[2024-12-01T03:20:54.787+0000] {processor.py:925} INFO - DAG(s) 'data_ingestion_gcs_dag' retrieved from /opt/airflow/dags/data_ingestion_gcs_dag.py
[2024-12-01T03:20:54.802+0000] {logging_mixin.py:190} INFO - [2024-12-01T03:20:54.802+0000] {dag.py:3239} INFO - Sync 1 DAGs
[2024-12-01T03:20:54.815+0000] {logging_mixin.py:190} INFO - [2024-12-01T03:20:54.815+0000] {dag.py:4180} INFO - Setting next_dagrun for data_ingestion_gcs_dag to 2024-12-01 00:00:00+00:00, run_after=2024-12-02 00:00:00+00:00
[2024-12-01T03:20:54.824+0000] {processor.py:208} INFO - Processing /opt/airflow/dags/data_ingestion_gcs_dag.py took 0.058 seconds
[2024-12-01T03:30:59.230+0000] {processor.py:186} INFO - Started process (PID=59263) to work on /opt/airflow/dags/data_ingestion_gcs_dag.py
[2024-12-01T03:30:59.231+0000] {processor.py:914} INFO - Processing file /opt/airflow/dags/data_ingestion_gcs_dag.py for tasks to queue
[2024-12-01T03:30:59.232+0000] {logging_mixin.py:190} INFO - [2024-12-01T03:30:59.231+0000] {dagbag.py:588} INFO - Filling up the DagBag from /opt/airflow/dags/data_ingestion_gcs_dag.py
[2024-12-01T03:30:59.245+0000] {processor.py:925} INFO - DAG(s) 'data_ingestion_gcs_dag' retrieved from /opt/airflow/dags/data_ingestion_gcs_dag.py
[2024-12-01T03:30:59.257+0000] {logging_mixin.py:190} INFO - [2024-12-01T03:30:59.257+0000] {dag.py:3239} INFO - Sync 1 DAGs
[2024-12-01T03:30:59.268+0000] {logging_mixin.py:190} INFO - [2024-12-01T03:30:59.268+0000] {dag.py:4180} INFO - Setting next_dagrun for data_ingestion_gcs_dag to 2024-12-01 00:00:00+00:00, run_after=2024-12-02 00:00:00+00:00
[2024-12-01T03:30:59.276+0000] {processor.py:208} INFO - Processing /opt/airflow/dags/data_ingestion_gcs_dag.py took 0.049 seconds
[2024-12-01T03:35:48.578+0000] {processor.py:186} INFO - Started process (PID=59270) to work on /opt/airflow/dags/data_ingestion_gcs_dag.py
[2024-12-01T03:35:48.579+0000] {processor.py:914} INFO - Processing file /opt/airflow/dags/data_ingestion_gcs_dag.py for tasks to queue
[2024-12-01T03:35:48.581+0000] {logging_mixin.py:190} INFO - [2024-12-01T03:35:48.581+0000] {dagbag.py:588} INFO - Filling up the DagBag from /opt/airflow/dags/data_ingestion_gcs_dag.py
[2024-12-01T03:35:48.613+0000] {processor.py:925} INFO - DAG(s) 'data_ingestion_gcs_dag' retrieved from /opt/airflow/dags/data_ingestion_gcs_dag.py
[2024-12-01T03:35:48.631+0000] {logging_mixin.py:190} INFO - [2024-12-01T03:35:48.631+0000] {dag.py:3239} INFO - Sync 1 DAGs
[2024-12-01T03:35:48.646+0000] {logging_mixin.py:190} INFO - [2024-12-01T03:35:48.645+0000] {dag.py:4180} INFO - Setting next_dagrun for data_ingestion_gcs_dag to 2024-12-01 00:00:00+00:00, run_after=2024-12-02 00:00:00+00:00
[2024-12-01T03:35:48.655+0000] {processor.py:208} INFO - Processing /opt/airflow/dags/data_ingestion_gcs_dag.py took 0.087 seconds
[2024-12-01T03:50:50.794+0000] {processor.py:186} INFO - Started process (PID=59277) to work on /opt/airflow/dags/data_ingestion_gcs_dag.py
[2024-12-01T03:50:50.794+0000] {processor.py:914} INFO - Processing file /opt/airflow/dags/data_ingestion_gcs_dag.py for tasks to queue
[2024-12-01T03:50:50.795+0000] {logging_mixin.py:190} INFO - [2024-12-01T03:50:50.795+0000] {dagbag.py:588} INFO - Filling up the DagBag from /opt/airflow/dags/data_ingestion_gcs_dag.py
[2024-12-01T03:50:50.812+0000] {processor.py:925} INFO - DAG(s) 'data_ingestion_gcs_dag' retrieved from /opt/airflow/dags/data_ingestion_gcs_dag.py
[2024-12-01T03:50:50.826+0000] {logging_mixin.py:190} INFO - [2024-12-01T03:50:50.826+0000] {dag.py:3239} INFO - Sync 1 DAGs
[2024-12-01T03:50:50.839+0000] {logging_mixin.py:190} INFO - [2024-12-01T03:50:50.839+0000] {dag.py:4180} INFO - Setting next_dagrun for data_ingestion_gcs_dag to 2024-12-01 00:00:00+00:00, run_after=2024-12-02 00:00:00+00:00
[2024-12-01T03:50:50.849+0000] {processor.py:208} INFO - Processing /opt/airflow/dags/data_ingestion_gcs_dag.py took 0.059 seconds
[2024-12-01T04:05:50.371+0000] {processor.py:186} INFO - Started process (PID=59284) to work on /opt/airflow/dags/data_ingestion_gcs_dag.py
[2024-12-01T04:05:50.371+0000] {processor.py:914} INFO - Processing file /opt/airflow/dags/data_ingestion_gcs_dag.py for tasks to queue
[2024-12-01T04:05:50.372+0000] {logging_mixin.py:190} INFO - [2024-12-01T04:05:50.372+0000] {dagbag.py:588} INFO - Filling up the DagBag from /opt/airflow/dags/data_ingestion_gcs_dag.py
[2024-12-01T04:05:50.390+0000] {processor.py:925} INFO - DAG(s) 'data_ingestion_gcs_dag' retrieved from /opt/airflow/dags/data_ingestion_gcs_dag.py
[2024-12-01T04:05:50.406+0000] {logging_mixin.py:190} INFO - [2024-12-01T04:05:50.406+0000] {dag.py:3239} INFO - Sync 1 DAGs
[2024-12-01T04:05:50.419+0000] {logging_mixin.py:190} INFO - [2024-12-01T04:05:50.419+0000] {dag.py:4180} INFO - Setting next_dagrun for data_ingestion_gcs_dag to 2024-12-01 00:00:00+00:00, run_after=2024-12-02 00:00:00+00:00
[2024-12-01T04:05:50.429+0000] {processor.py:208} INFO - Processing /opt/airflow/dags/data_ingestion_gcs_dag.py took 0.062 seconds
[2024-12-01T04:25:51.640+0000] {processor.py:186} INFO - Started process (PID=59291) to work on /opt/airflow/dags/data_ingestion_gcs_dag.py
[2024-12-01T04:25:51.641+0000] {processor.py:914} INFO - Processing file /opt/airflow/dags/data_ingestion_gcs_dag.py for tasks to queue
[2024-12-01T04:25:51.642+0000] {logging_mixin.py:190} INFO - [2024-12-01T04:25:51.642+0000] {dagbag.py:588} INFO - Filling up the DagBag from /opt/airflow/dags/data_ingestion_gcs_dag.py
[2024-12-01T04:25:51.659+0000] {processor.py:925} INFO - DAG(s) 'data_ingestion_gcs_dag' retrieved from /opt/airflow/dags/data_ingestion_gcs_dag.py
[2024-12-01T04:25:51.682+0000] {logging_mixin.py:190} INFO - [2024-12-01T04:25:51.682+0000] {dag.py:3239} INFO - Sync 1 DAGs
[2024-12-01T04:25:51.695+0000] {logging_mixin.py:190} INFO - [2024-12-01T04:25:51.695+0000] {dag.py:4180} INFO - Setting next_dagrun for data_ingestion_gcs_dag to 2024-12-01 00:00:00+00:00, run_after=2024-12-02 00:00:00+00:00
[2024-12-01T04:25:51.705+0000] {processor.py:208} INFO - Processing /opt/airflow/dags/data_ingestion_gcs_dag.py took 0.070 seconds
[2024-12-01T04:36:06.660+0000] {processor.py:186} INFO - Started process (PID=59298) to work on /opt/airflow/dags/data_ingestion_gcs_dag.py
[2024-12-01T04:36:06.661+0000] {processor.py:914} INFO - Processing file /opt/airflow/dags/data_ingestion_gcs_dag.py for tasks to queue
[2024-12-01T04:36:06.661+0000] {logging_mixin.py:190} INFO - [2024-12-01T04:36:06.661+0000] {dagbag.py:588} INFO - Filling up the DagBag from /opt/airflow/dags/data_ingestion_gcs_dag.py
[2024-12-01T04:36:06.677+0000] {processor.py:925} INFO - DAG(s) 'data_ingestion_gcs_dag' retrieved from /opt/airflow/dags/data_ingestion_gcs_dag.py
[2024-12-01T04:36:06.692+0000] {logging_mixin.py:190} INFO - [2024-12-01T04:36:06.692+0000] {dag.py:3239} INFO - Sync 1 DAGs
[2024-12-01T04:36:06.707+0000] {logging_mixin.py:190} INFO - [2024-12-01T04:36:06.706+0000] {dag.py:4180} INFO - Setting next_dagrun for data_ingestion_gcs_dag to 2024-12-01 00:00:00+00:00, run_after=2024-12-02 00:00:00+00:00
[2024-12-01T04:36:06.717+0000] {processor.py:208} INFO - Processing /opt/airflow/dags/data_ingestion_gcs_dag.py took 0.061 seconds
[2024-12-01T04:36:37.074+0000] {processor.py:186} INFO - Started process (PID=59305) to work on /opt/airflow/dags/data_ingestion_gcs_dag.py
[2024-12-01T04:36:37.076+0000] {processor.py:914} INFO - Processing file /opt/airflow/dags/data_ingestion_gcs_dag.py for tasks to queue
[2024-12-01T04:36:37.077+0000] {logging_mixin.py:190} INFO - [2024-12-01T04:36:37.077+0000] {dagbag.py:588} INFO - Filling up the DagBag from /opt/airflow/dags/data_ingestion_gcs_dag.py
[2024-12-01T04:36:37.105+0000] {processor.py:925} INFO - DAG(s) 'data_ingestion_gcs_dag' retrieved from /opt/airflow/dags/data_ingestion_gcs_dag.py
[2024-12-01T04:36:37.120+0000] {logging_mixin.py:190} INFO - [2024-12-01T04:36:37.119+0000] {dag.py:3239} INFO - Sync 1 DAGs
[2024-12-01T04:36:37.132+0000] {logging_mixin.py:190} INFO - [2024-12-01T04:36:37.132+0000] {dag.py:4180} INFO - Setting next_dagrun for data_ingestion_gcs_dag to 2024-12-01 00:00:00+00:00, run_after=2024-12-02 00:00:00+00:00
[2024-12-01T04:36:37.141+0000] {processor.py:208} INFO - Processing /opt/airflow/dags/data_ingestion_gcs_dag.py took 0.076 seconds
[2024-12-01T04:41:06.452+0000] {processor.py:186} INFO - Started process (PID=59312) to work on /opt/airflow/dags/data_ingestion_gcs_dag.py
[2024-12-01T04:41:06.453+0000] {processor.py:914} INFO - Processing file /opt/airflow/dags/data_ingestion_gcs_dag.py for tasks to queue
[2024-12-01T04:41:06.453+0000] {logging_mixin.py:190} INFO - [2024-12-01T04:41:06.453+0000] {dagbag.py:588} INFO - Filling up the DagBag from /opt/airflow/dags/data_ingestion_gcs_dag.py
[2024-12-01T04:41:06.466+0000] {processor.py:925} INFO - DAG(s) 'data_ingestion_gcs_dag' retrieved from /opt/airflow/dags/data_ingestion_gcs_dag.py
[2024-12-01T04:41:06.478+0000] {logging_mixin.py:190} INFO - [2024-12-01T04:41:06.478+0000] {dag.py:3239} INFO - Sync 1 DAGs
[2024-12-01T04:41:06.489+0000] {logging_mixin.py:190} INFO - [2024-12-01T04:41:06.489+0000] {dag.py:4180} INFO - Setting next_dagrun for data_ingestion_gcs_dag to 2024-12-01 00:00:00+00:00, run_after=2024-12-02 00:00:00+00:00
[2024-12-01T04:41:06.497+0000] {processor.py:208} INFO - Processing /opt/airflow/dags/data_ingestion_gcs_dag.py took 0.048 seconds
[2024-12-01T04:41:36.830+0000] {processor.py:186} INFO - Started process (PID=59319) to work on /opt/airflow/dags/data_ingestion_gcs_dag.py
[2024-12-01T04:41:36.831+0000] {processor.py:914} INFO - Processing file /opt/airflow/dags/data_ingestion_gcs_dag.py for tasks to queue
[2024-12-01T04:41:36.832+0000] {logging_mixin.py:190} INFO - [2024-12-01T04:41:36.831+0000] {dagbag.py:588} INFO - Filling up the DagBag from /opt/airflow/dags/data_ingestion_gcs_dag.py
[2024-12-01T04:41:36.849+0000] {processor.py:925} INFO - DAG(s) 'data_ingestion_gcs_dag' retrieved from /opt/airflow/dags/data_ingestion_gcs_dag.py
[2024-12-01T04:41:36.865+0000] {logging_mixin.py:190} INFO - [2024-12-01T04:41:36.865+0000] {dag.py:3239} INFO - Sync 1 DAGs
[2024-12-01T04:41:36.877+0000] {logging_mixin.py:190} INFO - [2024-12-01T04:41:36.877+0000] {dag.py:4180} INFO - Setting next_dagrun for data_ingestion_gcs_dag to 2024-12-01 00:00:00+00:00, run_after=2024-12-02 00:00:00+00:00
[2024-12-01T04:41:36.886+0000] {processor.py:208} INFO - Processing /opt/airflow/dags/data_ingestion_gcs_dag.py took 0.061 seconds
[2024-12-01T04:50:45.242+0000] {processor.py:186} INFO - Started process (PID=59326) to work on /opt/airflow/dags/data_ingestion_gcs_dag.py
[2024-12-01T04:50:45.243+0000] {processor.py:914} INFO - Processing file /opt/airflow/dags/data_ingestion_gcs_dag.py for tasks to queue
[2024-12-01T04:50:45.244+0000] {logging_mixin.py:190} INFO - [2024-12-01T04:50:45.244+0000] {dagbag.py:588} INFO - Filling up the DagBag from /opt/airflow/dags/data_ingestion_gcs_dag.py
[2024-12-01T04:50:45.261+0000] {processor.py:925} INFO - DAG(s) 'data_ingestion_gcs_dag' retrieved from /opt/airflow/dags/data_ingestion_gcs_dag.py
[2024-12-01T04:50:45.274+0000] {logging_mixin.py:190} INFO - [2024-12-01T04:50:45.274+0000] {dag.py:3239} INFO - Sync 1 DAGs
[2024-12-01T04:50:45.284+0000] {logging_mixin.py:190} INFO - [2024-12-01T04:50:45.284+0000] {dag.py:4180} INFO - Setting next_dagrun for data_ingestion_gcs_dag to 2024-12-01 00:00:00+00:00, run_after=2024-12-02 00:00:00+00:00
[2024-12-01T04:50:45.292+0000] {processor.py:208} INFO - Processing /opt/airflow/dags/data_ingestion_gcs_dag.py took 0.053 seconds
[2024-12-01T05:10:45.725+0000] {processor.py:186} INFO - Started process (PID=59333) to work on /opt/airflow/dags/data_ingestion_gcs_dag.py
[2024-12-01T05:10:45.726+0000] {processor.py:914} INFO - Processing file /opt/airflow/dags/data_ingestion_gcs_dag.py for tasks to queue
[2024-12-01T05:10:45.728+0000] {logging_mixin.py:190} INFO - [2024-12-01T05:10:45.727+0000] {dagbag.py:588} INFO - Filling up the DagBag from /opt/airflow/dags/data_ingestion_gcs_dag.py
[2024-12-01T05:10:45.750+0000] {processor.py:925} INFO - DAG(s) 'data_ingestion_gcs_dag' retrieved from /opt/airflow/dags/data_ingestion_gcs_dag.py
[2024-12-01T05:10:45.763+0000] {logging_mixin.py:190} INFO - [2024-12-01T05:10:45.762+0000] {dag.py:3239} INFO - Sync 1 DAGs
[2024-12-01T05:10:45.773+0000] {logging_mixin.py:190} INFO - [2024-12-01T05:10:45.772+0000] {dag.py:4180} INFO - Setting next_dagrun for data_ingestion_gcs_dag to 2024-12-01 00:00:00+00:00, run_after=2024-12-02 00:00:00+00:00
[2024-12-01T05:10:45.780+0000] {processor.py:208} INFO - Processing /opt/airflow/dags/data_ingestion_gcs_dag.py took 0.061 seconds
[2024-12-01T05:25:45.480+0000] {processor.py:186} INFO - Started process (PID=59339) to work on /opt/airflow/dags/data_ingestion_gcs_dag.py
[2024-12-01T05:25:45.480+0000] {processor.py:914} INFO - Processing file /opt/airflow/dags/data_ingestion_gcs_dag.py for tasks to queue
[2024-12-01T05:25:45.481+0000] {logging_mixin.py:190} INFO - [2024-12-01T05:25:45.481+0000] {dagbag.py:588} INFO - Filling up the DagBag from /opt/airflow/dags/data_ingestion_gcs_dag.py
[2024-12-01T05:25:45.499+0000] {processor.py:925} INFO - DAG(s) 'data_ingestion_gcs_dag' retrieved from /opt/airflow/dags/data_ingestion_gcs_dag.py
[2024-12-01T05:25:45.513+0000] {logging_mixin.py:190} INFO - [2024-12-01T05:25:45.513+0000] {dag.py:3239} INFO - Sync 1 DAGs
[2024-12-01T05:25:45.525+0000] {logging_mixin.py:190} INFO - [2024-12-01T05:25:45.525+0000] {dag.py:4180} INFO - Setting next_dagrun for data_ingestion_gcs_dag to 2024-12-01 00:00:00+00:00, run_after=2024-12-02 00:00:00+00:00
[2024-12-01T05:25:45.535+0000] {processor.py:208} INFO - Processing /opt/airflow/dags/data_ingestion_gcs_dag.py took 0.060 seconds
[2024-12-01T05:40:45.645+0000] {processor.py:186} INFO - Started process (PID=59346) to work on /opt/airflow/dags/data_ingestion_gcs_dag.py
[2024-12-01T05:40:45.646+0000] {processor.py:914} INFO - Processing file /opt/airflow/dags/data_ingestion_gcs_dag.py for tasks to queue
[2024-12-01T05:40:45.647+0000] {logging_mixin.py:190} INFO - [2024-12-01T05:40:45.646+0000] {dagbag.py:588} INFO - Filling up the DagBag from /opt/airflow/dags/data_ingestion_gcs_dag.py
[2024-12-01T05:40:45.674+0000] {processor.py:925} INFO - DAG(s) 'data_ingestion_gcs_dag' retrieved from /opt/airflow/dags/data_ingestion_gcs_dag.py
[2024-12-01T05:40:45.691+0000] {logging_mixin.py:190} INFO - [2024-12-01T05:40:45.691+0000] {dag.py:3239} INFO - Sync 1 DAGs
[2024-12-01T05:40:45.707+0000] {logging_mixin.py:190} INFO - [2024-12-01T05:40:45.707+0000] {dag.py:4180} INFO - Setting next_dagrun for data_ingestion_gcs_dag to 2024-12-01 00:00:00+00:00, run_after=2024-12-02 00:00:00+00:00
[2024-12-01T05:40:45.717+0000] {processor.py:208} INFO - Processing /opt/airflow/dags/data_ingestion_gcs_dag.py took 0.080 seconds
[2024-12-01T05:41:16.019+0000] {processor.py:186} INFO - Started process (PID=59353) to work on /opt/airflow/dags/data_ingestion_gcs_dag.py
[2024-12-01T05:41:16.020+0000] {processor.py:914} INFO - Processing file /opt/airflow/dags/data_ingestion_gcs_dag.py for tasks to queue
[2024-12-01T05:41:16.021+0000] {logging_mixin.py:190} INFO - [2024-12-01T05:41:16.021+0000] {dagbag.py:588} INFO - Filling up the DagBag from /opt/airflow/dags/data_ingestion_gcs_dag.py
[2024-12-01T05:41:16.043+0000] {processor.py:925} INFO - DAG(s) 'data_ingestion_gcs_dag' retrieved from /opt/airflow/dags/data_ingestion_gcs_dag.py
[2024-12-01T05:41:16.058+0000] {logging_mixin.py:190} INFO - [2024-12-01T05:41:16.058+0000] {dag.py:3239} INFO - Sync 1 DAGs
[2024-12-01T05:41:16.070+0000] {logging_mixin.py:190} INFO - [2024-12-01T05:41:16.070+0000] {dag.py:4180} INFO - Setting next_dagrun for data_ingestion_gcs_dag to 2024-12-01 00:00:00+00:00, run_after=2024-12-02 00:00:00+00:00
[2024-12-01T05:41:16.078+0000] {processor.py:208} INFO - Processing /opt/airflow/dags/data_ingestion_gcs_dag.py took 0.068 seconds
[2024-12-01T05:55:49.593+0000] {processor.py:186} INFO - Started process (PID=59360) to work on /opt/airflow/dags/data_ingestion_gcs_dag.py
[2024-12-01T05:55:49.593+0000] {processor.py:914} INFO - Processing file /opt/airflow/dags/data_ingestion_gcs_dag.py for tasks to queue
[2024-12-01T05:55:49.594+0000] {logging_mixin.py:190} INFO - [2024-12-01T05:55:49.594+0000] {dagbag.py:588} INFO - Filling up the DagBag from /opt/airflow/dags/data_ingestion_gcs_dag.py
[2024-12-01T05:55:49.616+0000] {processor.py:925} INFO - DAG(s) 'data_ingestion_gcs_dag' retrieved from /opt/airflow/dags/data_ingestion_gcs_dag.py
[2024-12-01T05:55:49.630+0000] {logging_mixin.py:190} INFO - [2024-12-01T05:55:49.630+0000] {dag.py:3239} INFO - Sync 1 DAGs
[2024-12-01T05:55:49.642+0000] {logging_mixin.py:190} INFO - [2024-12-01T05:55:49.642+0000] {dag.py:4180} INFO - Setting next_dagrun for data_ingestion_gcs_dag to 2024-12-01 00:00:00+00:00, run_after=2024-12-02 00:00:00+00:00
[2024-12-01T05:55:49.650+0000] {processor.py:208} INFO - Processing /opt/airflow/dags/data_ingestion_gcs_dag.py took 0.069 seconds
[2024-12-01T06:10:52.210+0000] {processor.py:186} INFO - Started process (PID=59367) to work on /opt/airflow/dags/data_ingestion_gcs_dag.py
[2024-12-01T06:10:52.211+0000] {processor.py:914} INFO - Processing file /opt/airflow/dags/data_ingestion_gcs_dag.py for tasks to queue
[2024-12-01T06:10:52.212+0000] {logging_mixin.py:190} INFO - [2024-12-01T06:10:52.212+0000] {dagbag.py:588} INFO - Filling up the DagBag from /opt/airflow/dags/data_ingestion_gcs_dag.py
[2024-12-01T06:10:52.226+0000] {processor.py:925} INFO - DAG(s) 'data_ingestion_gcs_dag' retrieved from /opt/airflow/dags/data_ingestion_gcs_dag.py
[2024-12-01T06:10:52.240+0000] {logging_mixin.py:190} INFO - [2024-12-01T06:10:52.239+0000] {dag.py:3239} INFO - Sync 1 DAGs
[2024-12-01T06:10:52.251+0000] {logging_mixin.py:190} INFO - [2024-12-01T06:10:52.251+0000] {dag.py:4180} INFO - Setting next_dagrun for data_ingestion_gcs_dag to 2024-12-01 00:00:00+00:00, run_after=2024-12-02 00:00:00+00:00
[2024-12-01T06:10:52.258+0000] {processor.py:208} INFO - Processing /opt/airflow/dags/data_ingestion_gcs_dag.py took 0.051 seconds
[2024-12-01T06:26:01.125+0000] {processor.py:186} INFO - Started process (PID=59373) to work on /opt/airflow/dags/data_ingestion_gcs_dag.py
[2024-12-01T06:26:01.125+0000] {processor.py:914} INFO - Processing file /opt/airflow/dags/data_ingestion_gcs_dag.py for tasks to queue
[2024-12-01T06:26:01.126+0000] {logging_mixin.py:190} INFO - [2024-12-01T06:26:01.126+0000] {dagbag.py:588} INFO - Filling up the DagBag from /opt/airflow/dags/data_ingestion_gcs_dag.py
[2024-12-01T06:26:01.143+0000] {processor.py:925} INFO - DAG(s) 'data_ingestion_gcs_dag' retrieved from /opt/airflow/dags/data_ingestion_gcs_dag.py
[2024-12-01T06:26:01.157+0000] {logging_mixin.py:190} INFO - [2024-12-01T06:26:01.157+0000] {dag.py:3239} INFO - Sync 1 DAGs
[2024-12-01T06:26:01.171+0000] {logging_mixin.py:190} INFO - [2024-12-01T06:26:01.171+0000] {dag.py:4180} INFO - Setting next_dagrun for data_ingestion_gcs_dag to 2024-12-01 00:00:00+00:00, run_after=2024-12-02 00:00:00+00:00
[2024-12-01T06:26:01.180+0000] {processor.py:208} INFO - Processing /opt/airflow/dags/data_ingestion_gcs_dag.py took 0.059 seconds
[2024-12-01T06:40:43.587+0000] {processor.py:186} INFO - Started process (PID=59380) to work on /opt/airflow/dags/data_ingestion_gcs_dag.py
[2024-12-01T06:40:43.588+0000] {processor.py:914} INFO - Processing file /opt/airflow/dags/data_ingestion_gcs_dag.py for tasks to queue
[2024-12-01T06:40:43.589+0000] {logging_mixin.py:190} INFO - [2024-12-01T06:40:43.588+0000] {dagbag.py:588} INFO - Filling up the DagBag from /opt/airflow/dags/data_ingestion_gcs_dag.py
[2024-12-01T06:40:43.607+0000] {processor.py:925} INFO - DAG(s) 'data_ingestion_gcs_dag' retrieved from /opt/airflow/dags/data_ingestion_gcs_dag.py
[2024-12-01T06:40:43.622+0000] {logging_mixin.py:190} INFO - [2024-12-01T06:40:43.621+0000] {dag.py:3239} INFO - Sync 1 DAGs
[2024-12-01T06:40:43.634+0000] {logging_mixin.py:190} INFO - [2024-12-01T06:40:43.634+0000] {dag.py:4180} INFO - Setting next_dagrun for data_ingestion_gcs_dag to 2024-12-01 00:00:00+00:00, run_after=2024-12-02 00:00:00+00:00
[2024-12-01T06:40:43.644+0000] {processor.py:208} INFO - Processing /opt/airflow/dags/data_ingestion_gcs_dag.py took 0.061 seconds
[2024-12-01T06:46:07.012+0000] {processor.py:186} INFO - Started process (PID=59387) to work on /opt/airflow/dags/data_ingestion_gcs_dag.py
[2024-12-01T06:46:07.013+0000] {processor.py:914} INFO - Processing file /opt/airflow/dags/data_ingestion_gcs_dag.py for tasks to queue
[2024-12-01T06:46:07.014+0000] {logging_mixin.py:190} INFO - [2024-12-01T06:46:07.013+0000] {dagbag.py:588} INFO - Filling up the DagBag from /opt/airflow/dags/data_ingestion_gcs_dag.py
[2024-12-01T06:46:07.031+0000] {processor.py:925} INFO - DAG(s) 'data_ingestion_gcs_dag' retrieved from /opt/airflow/dags/data_ingestion_gcs_dag.py
[2024-12-01T06:46:07.046+0000] {logging_mixin.py:190} INFO - [2024-12-01T06:46:07.045+0000] {dag.py:3239} INFO - Sync 1 DAGs
[2024-12-01T06:46:07.058+0000] {logging_mixin.py:190} INFO - [2024-12-01T06:46:07.058+0000] {dag.py:4180} INFO - Setting next_dagrun for data_ingestion_gcs_dag to 2024-12-01 00:00:00+00:00, run_after=2024-12-02 00:00:00+00:00
[2024-12-01T06:46:07.066+0000] {processor.py:208} INFO - Processing /opt/airflow/dags/data_ingestion_gcs_dag.py took 0.059 seconds
[2024-12-01T06:50:49.497+0000] {processor.py:186} INFO - Started process (PID=59394) to work on /opt/airflow/dags/data_ingestion_gcs_dag.py
[2024-12-01T06:50:49.498+0000] {processor.py:914} INFO - Processing file /opt/airflow/dags/data_ingestion_gcs_dag.py for tasks to queue
[2024-12-01T06:50:49.499+0000] {logging_mixin.py:190} INFO - [2024-12-01T06:50:49.499+0000] {dagbag.py:588} INFO - Filling up the DagBag from /opt/airflow/dags/data_ingestion_gcs_dag.py
[2024-12-01T06:50:49.526+0000] {processor.py:925} INFO - DAG(s) 'data_ingestion_gcs_dag' retrieved from /opt/airflow/dags/data_ingestion_gcs_dag.py
[2024-12-01T06:50:49.540+0000] {logging_mixin.py:190} INFO - [2024-12-01T06:50:49.540+0000] {dag.py:3239} INFO - Sync 1 DAGs
[2024-12-01T06:50:49.553+0000] {logging_mixin.py:190} INFO - [2024-12-01T06:50:49.552+0000] {dag.py:4180} INFO - Setting next_dagrun for data_ingestion_gcs_dag to 2024-12-01 00:00:00+00:00, run_after=2024-12-02 00:00:00+00:00
[2024-12-01T06:50:49.560+0000] {processor.py:208} INFO - Processing /opt/airflow/dags/data_ingestion_gcs_dag.py took 0.070 seconds
[2024-12-01T07:10:48.880+0000] {processor.py:186} INFO - Started process (PID=59401) to work on /opt/airflow/dags/data_ingestion_gcs_dag.py
[2024-12-01T07:10:48.881+0000] {processor.py:914} INFO - Processing file /opt/airflow/dags/data_ingestion_gcs_dag.py for tasks to queue
[2024-12-01T07:10:48.883+0000] {logging_mixin.py:190} INFO - [2024-12-01T07:10:48.882+0000] {dagbag.py:588} INFO - Filling up the DagBag from /opt/airflow/dags/data_ingestion_gcs_dag.py
[2024-12-01T07:10:48.908+0000] {processor.py:925} INFO - DAG(s) 'data_ingestion_gcs_dag' retrieved from /opt/airflow/dags/data_ingestion_gcs_dag.py
[2024-12-01T07:10:48.926+0000] {logging_mixin.py:190} INFO - [2024-12-01T07:10:48.925+0000] {dag.py:3239} INFO - Sync 1 DAGs
[2024-12-01T07:10:48.941+0000] {logging_mixin.py:190} INFO - [2024-12-01T07:10:48.941+0000] {dag.py:4180} INFO - Setting next_dagrun for data_ingestion_gcs_dag to 2024-12-01 00:00:00+00:00, run_after=2024-12-02 00:00:00+00:00
[2024-12-01T07:10:48.949+0000] {processor.py:208} INFO - Processing /opt/airflow/dags/data_ingestion_gcs_dag.py took 0.074 seconds
[2024-12-01T07:25:47.735+0000] {processor.py:186} INFO - Started process (PID=59408) to work on /opt/airflow/dags/data_ingestion_gcs_dag.py
[2024-12-01T07:25:47.736+0000] {processor.py:914} INFO - Processing file /opt/airflow/dags/data_ingestion_gcs_dag.py for tasks to queue
[2024-12-01T07:25:47.737+0000] {logging_mixin.py:190} INFO - [2024-12-01T07:25:47.737+0000] {dagbag.py:588} INFO - Filling up the DagBag from /opt/airflow/dags/data_ingestion_gcs_dag.py
[2024-12-01T07:25:47.760+0000] {processor.py:925} INFO - DAG(s) 'data_ingestion_gcs_dag' retrieved from /opt/airflow/dags/data_ingestion_gcs_dag.py
[2024-12-01T07:25:47.773+0000] {logging_mixin.py:190} INFO - [2024-12-01T07:25:47.773+0000] {dag.py:3239} INFO - Sync 1 DAGs
[2024-12-01T07:25:47.785+0000] {logging_mixin.py:190} INFO - [2024-12-01T07:25:47.785+0000] {dag.py:4180} INFO - Setting next_dagrun for data_ingestion_gcs_dag to 2024-12-01 00:00:00+00:00, run_after=2024-12-02 00:00:00+00:00
[2024-12-01T07:25:47.793+0000] {processor.py:208} INFO - Processing /opt/airflow/dags/data_ingestion_gcs_dag.py took 0.064 seconds
[2024-12-01T07:42:24.159+0000] {processor.py:186} INFO - Started process (PID=59414) to work on /opt/airflow/dags/data_ingestion_gcs_dag.py
[2024-12-01T07:42:24.160+0000] {processor.py:914} INFO - Processing file /opt/airflow/dags/data_ingestion_gcs_dag.py for tasks to queue
[2024-12-01T07:42:24.161+0000] {logging_mixin.py:190} INFO - [2024-12-01T07:42:24.161+0000] {dagbag.py:588} INFO - Filling up the DagBag from /opt/airflow/dags/data_ingestion_gcs_dag.py
[2024-12-01T07:42:24.183+0000] {processor.py:925} INFO - DAG(s) 'data_ingestion_gcs_dag' retrieved from /opt/airflow/dags/data_ingestion_gcs_dag.py
[2024-12-01T07:42:24.197+0000] {logging_mixin.py:190} INFO - [2024-12-01T07:42:24.197+0000] {dag.py:3239} INFO - Sync 1 DAGs
[2024-12-01T07:42:24.209+0000] {logging_mixin.py:190} INFO - [2024-12-01T07:42:24.209+0000] {dag.py:4180} INFO - Setting next_dagrun for data_ingestion_gcs_dag to 2024-12-01 00:00:00+00:00, run_after=2024-12-02 00:00:00+00:00
[2024-12-01T07:42:24.217+0000] {processor.py:208} INFO - Processing /opt/airflow/dags/data_ingestion_gcs_dag.py took 0.064 seconds
[2024-12-01T07:51:02.922+0000] {processor.py:186} INFO - Started process (PID=59421) to work on /opt/airflow/dags/data_ingestion_gcs_dag.py
[2024-12-01T07:51:02.923+0000] {processor.py:914} INFO - Processing file /opt/airflow/dags/data_ingestion_gcs_dag.py for tasks to queue
[2024-12-01T07:51:02.924+0000] {logging_mixin.py:190} INFO - [2024-12-01T07:51:02.924+0000] {dagbag.py:588} INFO - Filling up the DagBag from /opt/airflow/dags/data_ingestion_gcs_dag.py
[2024-12-01T07:51:02.945+0000] {processor.py:925} INFO - DAG(s) 'data_ingestion_gcs_dag' retrieved from /opt/airflow/dags/data_ingestion_gcs_dag.py
[2024-12-01T07:51:02.958+0000] {logging_mixin.py:190} INFO - [2024-12-01T07:51:02.958+0000] {dag.py:3239} INFO - Sync 1 DAGs
[2024-12-01T07:51:02.970+0000] {logging_mixin.py:190} INFO - [2024-12-01T07:51:02.970+0000] {dag.py:4180} INFO - Setting next_dagrun for data_ingestion_gcs_dag to 2024-12-01 00:00:00+00:00, run_after=2024-12-02 00:00:00+00:00
[2024-12-01T07:51:02.978+0000] {processor.py:208} INFO - Processing /opt/airflow/dags/data_ingestion_gcs_dag.py took 0.063 seconds
[2024-12-01T08:05:46.610+0000] {processor.py:186} INFO - Started process (PID=59428) to work on /opt/airflow/dags/data_ingestion_gcs_dag.py
[2024-12-01T08:05:46.611+0000] {processor.py:914} INFO - Processing file /opt/airflow/dags/data_ingestion_gcs_dag.py for tasks to queue
[2024-12-01T08:05:46.612+0000] {logging_mixin.py:190} INFO - [2024-12-01T08:05:46.612+0000] {dagbag.py:588} INFO - Filling up the DagBag from /opt/airflow/dags/data_ingestion_gcs_dag.py
[2024-12-01T08:05:46.639+0000] {processor.py:925} INFO - DAG(s) 'data_ingestion_gcs_dag' retrieved from /opt/airflow/dags/data_ingestion_gcs_dag.py
[2024-12-01T08:05:46.652+0000] {logging_mixin.py:190} INFO - [2024-12-01T08:05:46.652+0000] {dag.py:3239} INFO - Sync 1 DAGs
[2024-12-01T08:05:46.663+0000] {logging_mixin.py:190} INFO - [2024-12-01T08:05:46.663+0000] {dag.py:4180} INFO - Setting next_dagrun for data_ingestion_gcs_dag to 2024-12-01 00:00:00+00:00, run_after=2024-12-02 00:00:00+00:00
[2024-12-01T08:05:46.671+0000] {processor.py:208} INFO - Processing /opt/airflow/dags/data_ingestion_gcs_dag.py took 0.068 seconds
[2024-12-01T08:25:43.771+0000] {processor.py:186} INFO - Started process (PID=59435) to work on /opt/airflow/dags/data_ingestion_gcs_dag.py
[2024-12-01T08:25:43.772+0000] {processor.py:914} INFO - Processing file /opt/airflow/dags/data_ingestion_gcs_dag.py for tasks to queue
[2024-12-01T08:25:43.773+0000] {logging_mixin.py:190} INFO - [2024-12-01T08:25:43.773+0000] {dagbag.py:588} INFO - Filling up the DagBag from /opt/airflow/dags/data_ingestion_gcs_dag.py
[2024-12-01T08:25:43.792+0000] {processor.py:925} INFO - DAG(s) 'data_ingestion_gcs_dag' retrieved from /opt/airflow/dags/data_ingestion_gcs_dag.py
[2024-12-01T08:25:43.808+0000] {logging_mixin.py:190} INFO - [2024-12-01T08:25:43.808+0000] {dag.py:3239} INFO - Sync 1 DAGs
[2024-12-01T08:25:43.821+0000] {logging_mixin.py:190} INFO - [2024-12-01T08:25:43.821+0000] {dag.py:4180} INFO - Setting next_dagrun for data_ingestion_gcs_dag to 2024-12-01 00:00:00+00:00, run_after=2024-12-02 00:00:00+00:00
[2024-12-01T08:25:43.833+0000] {processor.py:208} INFO - Processing /opt/airflow/dags/data_ingestion_gcs_dag.py took 0.066 seconds
[2024-12-01T08:40:43.152+0000] {processor.py:186} INFO - Started process (PID=59436) to work on /opt/airflow/dags/data_ingestion_gcs_dag.py
[2024-12-01T08:40:43.152+0000] {processor.py:914} INFO - Processing file /opt/airflow/dags/data_ingestion_gcs_dag.py for tasks to queue
[2024-12-01T08:40:43.153+0000] {logging_mixin.py:190} INFO - [2024-12-01T08:40:43.153+0000] {dagbag.py:588} INFO - Filling up the DagBag from /opt/airflow/dags/data_ingestion_gcs_dag.py
[2024-12-01T08:40:43.169+0000] {processor.py:925} INFO - DAG(s) 'data_ingestion_gcs_dag' retrieved from /opt/airflow/dags/data_ingestion_gcs_dag.py
[2024-12-01T08:40:43.211+0000] {logging_mixin.py:190} INFO - [2024-12-01T08:40:43.210+0000] {dag.py:3239} INFO - Sync 1 DAGs
[2024-12-01T08:40:43.243+0000] {logging_mixin.py:190} INFO - [2024-12-01T08:40:43.242+0000] {dag.py:4180} INFO - Setting next_dagrun for data_ingestion_gcs_dag to 2024-12-01 00:00:00+00:00, run_after=2024-12-02 00:00:00+00:00
[2024-12-01T08:40:43.257+0000] {processor.py:208} INFO - Processing /opt/airflow/dags/data_ingestion_gcs_dag.py took 0.110 seconds
[2024-12-01T08:55:50.818+0000] {processor.py:186} INFO - Started process (PID=59449) to work on /opt/airflow/dags/data_ingestion_gcs_dag.py
[2024-12-01T08:55:50.819+0000] {processor.py:914} INFO - Processing file /opt/airflow/dags/data_ingestion_gcs_dag.py for tasks to queue
[2024-12-01T08:55:50.821+0000] {logging_mixin.py:190} INFO - [2024-12-01T08:55:50.820+0000] {dagbag.py:588} INFO - Filling up the DagBag from /opt/airflow/dags/data_ingestion_gcs_dag.py
[2024-12-01T08:55:50.848+0000] {processor.py:925} INFO - DAG(s) 'data_ingestion_gcs_dag' retrieved from /opt/airflow/dags/data_ingestion_gcs_dag.py
[2024-12-01T08:55:50.862+0000] {logging_mixin.py:190} INFO - [2024-12-01T08:55:50.862+0000] {dag.py:3239} INFO - Sync 1 DAGs
[2024-12-01T08:55:50.875+0000] {logging_mixin.py:190} INFO - [2024-12-01T08:55:50.875+0000] {dag.py:4180} INFO - Setting next_dagrun for data_ingestion_gcs_dag to 2024-12-01 00:00:00+00:00, run_after=2024-12-02 00:00:00+00:00
[2024-12-01T08:55:50.884+0000] {processor.py:208} INFO - Processing /opt/airflow/dags/data_ingestion_gcs_dag.py took 0.074 seconds
[2024-12-01T09:00:48.784+0000] {processor.py:186} INFO - Started process (PID=59450) to work on /opt/airflow/dags/data_ingestion_gcs_dag.py
[2024-12-01T09:00:48.785+0000] {processor.py:914} INFO - Processing file /opt/airflow/dags/data_ingestion_gcs_dag.py for tasks to queue
[2024-12-01T09:00:48.786+0000] {logging_mixin.py:190} INFO - [2024-12-01T09:00:48.786+0000] {dagbag.py:588} INFO - Filling up the DagBag from /opt/airflow/dags/data_ingestion_gcs_dag.py
[2024-12-01T09:00:48.805+0000] {processor.py:925} INFO - DAG(s) 'data_ingestion_gcs_dag' retrieved from /opt/airflow/dags/data_ingestion_gcs_dag.py
[2024-12-01T09:00:48.819+0000] {logging_mixin.py:190} INFO - [2024-12-01T09:00:48.819+0000] {dag.py:3239} INFO - Sync 1 DAGs
[2024-12-01T09:00:48.830+0000] {logging_mixin.py:190} INFO - [2024-12-01T09:00:48.830+0000] {dag.py:4180} INFO - Setting next_dagrun for data_ingestion_gcs_dag to 2024-12-01 00:00:00+00:00, run_after=2024-12-02 00:00:00+00:00
[2024-12-01T09:00:48.837+0000] {processor.py:208} INFO - Processing /opt/airflow/dags/data_ingestion_gcs_dag.py took 0.059 seconds
[2024-12-01T09:20:43.061+0000] {processor.py:186} INFO - Started process (PID=59463) to work on /opt/airflow/dags/data_ingestion_gcs_dag.py
[2024-12-01T09:20:43.062+0000] {processor.py:914} INFO - Processing file /opt/airflow/dags/data_ingestion_gcs_dag.py for tasks to queue
[2024-12-01T09:20:43.063+0000] {logging_mixin.py:190} INFO - [2024-12-01T09:20:43.063+0000] {dagbag.py:588} INFO - Filling up the DagBag from /opt/airflow/dags/data_ingestion_gcs_dag.py
[2024-12-01T09:20:43.091+0000] {processor.py:925} INFO - DAG(s) 'data_ingestion_gcs_dag' retrieved from /opt/airflow/dags/data_ingestion_gcs_dag.py
[2024-12-01T09:20:43.107+0000] {logging_mixin.py:190} INFO - [2024-12-01T09:20:43.106+0000] {dag.py:3239} INFO - Sync 1 DAGs
[2024-12-01T09:20:43.118+0000] {logging_mixin.py:190} INFO - [2024-12-01T09:20:43.118+0000] {dag.py:4180} INFO - Setting next_dagrun for data_ingestion_gcs_dag to 2024-12-01 00:00:00+00:00, run_after=2024-12-02 00:00:00+00:00
[2024-12-01T09:20:43.128+0000] {processor.py:208} INFO - Processing /opt/airflow/dags/data_ingestion_gcs_dag.py took 0.072 seconds
[2024-12-01T09:35:44.603+0000] {processor.py:186} INFO - Started process (PID=59470) to work on /opt/airflow/dags/data_ingestion_gcs_dag.py
[2024-12-01T09:35:44.604+0000] {processor.py:914} INFO - Processing file /opt/airflow/dags/data_ingestion_gcs_dag.py for tasks to queue
[2024-12-01T09:35:44.605+0000] {logging_mixin.py:190} INFO - [2024-12-01T09:35:44.605+0000] {dagbag.py:588} INFO - Filling up the DagBag from /opt/airflow/dags/data_ingestion_gcs_dag.py
[2024-12-01T09:35:44.627+0000] {processor.py:925} INFO - DAG(s) 'data_ingestion_gcs_dag' retrieved from /opt/airflow/dags/data_ingestion_gcs_dag.py
[2024-12-01T09:35:44.643+0000] {logging_mixin.py:190} INFO - [2024-12-01T09:35:44.642+0000] {dag.py:3239} INFO - Sync 1 DAGs
[2024-12-01T09:35:44.655+0000] {logging_mixin.py:190} INFO - [2024-12-01T09:35:44.655+0000] {dag.py:4180} INFO - Setting next_dagrun for data_ingestion_gcs_dag to 2024-12-01 00:00:00+00:00, run_after=2024-12-02 00:00:00+00:00
[2024-12-01T09:35:44.663+0000] {processor.py:208} INFO - Processing /opt/airflow/dags/data_ingestion_gcs_dag.py took 0.065 seconds
[2024-12-01T09:50:49.103+0000] {processor.py:186} INFO - Started process (PID=59477) to work on /opt/airflow/dags/data_ingestion_gcs_dag.py
[2024-12-01T09:50:49.104+0000] {processor.py:914} INFO - Processing file /opt/airflow/dags/data_ingestion_gcs_dag.py for tasks to queue
[2024-12-01T09:50:49.105+0000] {logging_mixin.py:190} INFO - [2024-12-01T09:50:49.105+0000] {dagbag.py:588} INFO - Filling up the DagBag from /opt/airflow/dags/data_ingestion_gcs_dag.py
[2024-12-01T09:50:49.132+0000] {processor.py:925} INFO - DAG(s) 'data_ingestion_gcs_dag' retrieved from /opt/airflow/dags/data_ingestion_gcs_dag.py
[2024-12-01T09:50:49.151+0000] {logging_mixin.py:190} INFO - [2024-12-01T09:50:49.150+0000] {dag.py:3239} INFO - Sync 1 DAGs
[2024-12-01T09:50:49.163+0000] {logging_mixin.py:190} INFO - [2024-12-01T09:50:49.163+0000] {dag.py:4180} INFO - Setting next_dagrun for data_ingestion_gcs_dag to 2024-12-01 00:00:00+00:00, run_after=2024-12-02 00:00:00+00:00
[2024-12-01T09:50:49.171+0000] {processor.py:208} INFO - Processing /opt/airflow/dags/data_ingestion_gcs_dag.py took 0.074 seconds
[2024-12-01T10:01:03.868+0000] {processor.py:186} INFO - Started process (PID=59484) to work on /opt/airflow/dags/data_ingestion_gcs_dag.py
[2024-12-01T10:01:03.868+0000] {processor.py:914} INFO - Processing file /opt/airflow/dags/data_ingestion_gcs_dag.py for tasks to queue
[2024-12-01T10:01:03.870+0000] {logging_mixin.py:190} INFO - [2024-12-01T10:01:03.869+0000] {dagbag.py:588} INFO - Filling up the DagBag from /opt/airflow/dags/data_ingestion_gcs_dag.py
[2024-12-01T10:01:03.893+0000] {processor.py:925} INFO - DAG(s) 'data_ingestion_gcs_dag' retrieved from /opt/airflow/dags/data_ingestion_gcs_dag.py
[2024-12-01T10:01:03.907+0000] {logging_mixin.py:190} INFO - [2024-12-01T10:01:03.907+0000] {dag.py:3239} INFO - Sync 1 DAGs
[2024-12-01T10:01:03.919+0000] {logging_mixin.py:190} INFO - [2024-12-01T10:01:03.919+0000] {dag.py:4180} INFO - Setting next_dagrun for data_ingestion_gcs_dag to 2024-12-01 00:00:00+00:00, run_after=2024-12-02 00:00:00+00:00
[2024-12-01T10:01:03.926+0000] {processor.py:208} INFO - Processing /opt/airflow/dags/data_ingestion_gcs_dag.py took 0.065 seconds
[2024-12-01T10:10:50.134+0000] {processor.py:186} INFO - Started process (PID=59491) to work on /opt/airflow/dags/data_ingestion_gcs_dag.py
[2024-12-01T10:10:50.135+0000] {processor.py:914} INFO - Processing file /opt/airflow/dags/data_ingestion_gcs_dag.py for tasks to queue
[2024-12-01T10:10:50.136+0000] {logging_mixin.py:190} INFO - [2024-12-01T10:10:50.136+0000] {dagbag.py:588} INFO - Filling up the DagBag from /opt/airflow/dags/data_ingestion_gcs_dag.py
[2024-12-01T10:10:50.154+0000] {processor.py:925} INFO - DAG(s) 'data_ingestion_gcs_dag' retrieved from /opt/airflow/dags/data_ingestion_gcs_dag.py
[2024-12-01T10:10:50.169+0000] {logging_mixin.py:190} INFO - [2024-12-01T10:10:50.168+0000] {dag.py:3239} INFO - Sync 1 DAGs
[2024-12-01T10:10:50.181+0000] {logging_mixin.py:190} INFO - [2024-12-01T10:10:50.181+0000] {dag.py:4180} INFO - Setting next_dagrun for data_ingestion_gcs_dag to 2024-12-01 00:00:00+00:00, run_after=2024-12-02 00:00:00+00:00
[2024-12-01T10:10:50.189+0000] {processor.py:208} INFO - Processing /opt/airflow/dags/data_ingestion_gcs_dag.py took 0.061 seconds
[2024-12-01T10:30:49.063+0000] {processor.py:186} INFO - Started process (PID=59498) to work on /opt/airflow/dags/data_ingestion_gcs_dag.py
[2024-12-01T10:30:49.063+0000] {processor.py:914} INFO - Processing file /opt/airflow/dags/data_ingestion_gcs_dag.py for tasks to queue
[2024-12-01T10:30:49.064+0000] {logging_mixin.py:190} INFO - [2024-12-01T10:30:49.064+0000] {dagbag.py:588} INFO - Filling up the DagBag from /opt/airflow/dags/data_ingestion_gcs_dag.py
[2024-12-01T10:30:49.079+0000] {processor.py:925} INFO - DAG(s) 'data_ingestion_gcs_dag' retrieved from /opt/airflow/dags/data_ingestion_gcs_dag.py
[2024-12-01T10:30:49.090+0000] {logging_mixin.py:190} INFO - [2024-12-01T10:30:49.090+0000] {dag.py:3239} INFO - Sync 1 DAGs
[2024-12-01T10:30:49.100+0000] {logging_mixin.py:190} INFO - [2024-12-01T10:30:49.100+0000] {dag.py:4180} INFO - Setting next_dagrun for data_ingestion_gcs_dag to 2024-12-01 00:00:00+00:00, run_after=2024-12-02 00:00:00+00:00
[2024-12-01T10:30:49.107+0000] {processor.py:208} INFO - Processing /opt/airflow/dags/data_ingestion_gcs_dag.py took 0.049 seconds
[2024-12-01T10:50:48.905+0000] {processor.py:186} INFO - Started process (PID=59505) to work on /opt/airflow/dags/data_ingestion_gcs_dag.py
[2024-12-01T10:50:48.905+0000] {processor.py:914} INFO - Processing file /opt/airflow/dags/data_ingestion_gcs_dag.py for tasks to queue
[2024-12-01T10:50:48.906+0000] {logging_mixin.py:190} INFO - [2024-12-01T10:50:48.906+0000] {dagbag.py:588} INFO - Filling up the DagBag from /opt/airflow/dags/data_ingestion_gcs_dag.py
[2024-12-01T10:50:48.922+0000] {processor.py:925} INFO - DAG(s) 'data_ingestion_gcs_dag' retrieved from /opt/airflow/dags/data_ingestion_gcs_dag.py
[2024-12-01T10:50:48.937+0000] {logging_mixin.py:190} INFO - [2024-12-01T10:50:48.937+0000] {dag.py:3239} INFO - Sync 1 DAGs
[2024-12-01T10:50:48.951+0000] {logging_mixin.py:190} INFO - [2024-12-01T10:50:48.951+0000] {dag.py:4180} INFO - Setting next_dagrun for data_ingestion_gcs_dag to 2024-12-01 00:00:00+00:00, run_after=2024-12-02 00:00:00+00:00
[2024-12-01T10:50:48.959+0000] {processor.py:208} INFO - Processing /opt/airflow/dags/data_ingestion_gcs_dag.py took 0.058 seconds
[2024-12-01T11:05:55.490+0000] {processor.py:186} INFO - Started process (PID=59506) to work on /opt/airflow/dags/data_ingestion_gcs_dag.py
[2024-12-01T11:05:55.491+0000] {processor.py:914} INFO - Processing file /opt/airflow/dags/data_ingestion_gcs_dag.py for tasks to queue
[2024-12-01T11:05:55.492+0000] {logging_mixin.py:190} INFO - [2024-12-01T11:05:55.492+0000] {dagbag.py:588} INFO - Filling up the DagBag from /opt/airflow/dags/data_ingestion_gcs_dag.py
[2024-12-01T11:05:55.510+0000] {processor.py:925} INFO - DAG(s) 'data_ingestion_gcs_dag' retrieved from /opt/airflow/dags/data_ingestion_gcs_dag.py
[2024-12-01T11:05:55.525+0000] {logging_mixin.py:190} INFO - [2024-12-01T11:05:55.525+0000] {dag.py:3239} INFO - Sync 1 DAGs
[2024-12-01T11:05:55.541+0000] {logging_mixin.py:190} INFO - [2024-12-01T11:05:55.540+0000] {dag.py:4180} INFO - Setting next_dagrun for data_ingestion_gcs_dag to 2024-12-01 00:00:00+00:00, run_after=2024-12-02 00:00:00+00:00
[2024-12-01T11:05:55.551+0000] {processor.py:208} INFO - Processing /opt/airflow/dags/data_ingestion_gcs_dag.py took 0.064 seconds
[2024-12-01T11:06:25.931+0000] {processor.py:186} INFO - Started process (PID=59519) to work on /opt/airflow/dags/data_ingestion_gcs_dag.py
[2024-12-01T11:06:25.932+0000] {processor.py:914} INFO - Processing file /opt/airflow/dags/data_ingestion_gcs_dag.py for tasks to queue
[2024-12-01T11:06:25.933+0000] {logging_mixin.py:190} INFO - [2024-12-01T11:06:25.933+0000] {dagbag.py:588} INFO - Filling up the DagBag from /opt/airflow/dags/data_ingestion_gcs_dag.py
[2024-12-01T11:06:25.960+0000] {processor.py:925} INFO - DAG(s) 'data_ingestion_gcs_dag' retrieved from /opt/airflow/dags/data_ingestion_gcs_dag.py
[2024-12-01T11:06:25.978+0000] {logging_mixin.py:190} INFO - [2024-12-01T11:06:25.978+0000] {dag.py:3239} INFO - Sync 1 DAGs
[2024-12-01T11:06:25.988+0000] {logging_mixin.py:190} INFO - [2024-12-01T11:06:25.988+0000] {dag.py:4180} INFO - Setting next_dagrun for data_ingestion_gcs_dag to 2024-12-01 00:00:00+00:00, run_after=2024-12-02 00:00:00+00:00
[2024-12-01T11:06:25.995+0000] {processor.py:208} INFO - Processing /opt/airflow/dags/data_ingestion_gcs_dag.py took 0.071 seconds
[2024-12-01T11:10:54.632+0000] {processor.py:186} INFO - Started process (PID=59526) to work on /opt/airflow/dags/data_ingestion_gcs_dag.py
[2024-12-01T11:10:54.632+0000] {processor.py:914} INFO - Processing file /opt/airflow/dags/data_ingestion_gcs_dag.py for tasks to queue
[2024-12-01T11:10:54.633+0000] {logging_mixin.py:190} INFO - [2024-12-01T11:10:54.633+0000] {dagbag.py:588} INFO - Filling up the DagBag from /opt/airflow/dags/data_ingestion_gcs_dag.py
[2024-12-01T11:10:54.646+0000] {processor.py:925} INFO - DAG(s) 'data_ingestion_gcs_dag' retrieved from /opt/airflow/dags/data_ingestion_gcs_dag.py
[2024-12-01T11:10:54.659+0000] {logging_mixin.py:190} INFO - [2024-12-01T11:10:54.659+0000] {dag.py:3239} INFO - Sync 1 DAGs
[2024-12-01T11:10:54.669+0000] {logging_mixin.py:190} INFO - [2024-12-01T11:10:54.669+0000] {dag.py:4180} INFO - Setting next_dagrun for data_ingestion_gcs_dag to 2024-12-01 00:00:00+00:00, run_after=2024-12-02 00:00:00+00:00
[2024-12-01T11:10:54.677+0000] {processor.py:208} INFO - Processing /opt/airflow/dags/data_ingestion_gcs_dag.py took 0.048 seconds
[2024-12-01T11:26:01.134+0000] {processor.py:186} INFO - Started process (PID=59533) to work on /opt/airflow/dags/data_ingestion_gcs_dag.py
[2024-12-01T11:26:01.135+0000] {processor.py:914} INFO - Processing file /opt/airflow/dags/data_ingestion_gcs_dag.py for tasks to queue
[2024-12-01T11:26:01.136+0000] {logging_mixin.py:190} INFO - [2024-12-01T11:26:01.135+0000] {dagbag.py:588} INFO - Filling up the DagBag from /opt/airflow/dags/data_ingestion_gcs_dag.py
[2024-12-01T11:26:01.151+0000] {processor.py:925} INFO - DAG(s) 'data_ingestion_gcs_dag' retrieved from /opt/airflow/dags/data_ingestion_gcs_dag.py
[2024-12-01T11:26:01.164+0000] {logging_mixin.py:190} INFO - [2024-12-01T11:26:01.164+0000] {dag.py:3239} INFO - Sync 1 DAGs
[2024-12-01T11:26:01.175+0000] {logging_mixin.py:190} INFO - [2024-12-01T11:26:01.174+0000] {dag.py:4180} INFO - Setting next_dagrun for data_ingestion_gcs_dag to 2024-12-01 00:00:00+00:00, run_after=2024-12-02 00:00:00+00:00
[2024-12-01T11:26:01.182+0000] {processor.py:208} INFO - Processing /opt/airflow/dags/data_ingestion_gcs_dag.py took 0.053 seconds
[2024-12-01T11:45:45.232+0000] {processor.py:186} INFO - Started process (PID=59534) to work on /opt/airflow/dags/data_ingestion_gcs_dag.py
[2024-12-01T11:45:45.233+0000] {processor.py:914} INFO - Processing file /opt/airflow/dags/data_ingestion_gcs_dag.py for tasks to queue
[2024-12-01T11:45:45.235+0000] {logging_mixin.py:190} INFO - [2024-12-01T11:45:45.234+0000] {dagbag.py:588} INFO - Filling up the DagBag from /opt/airflow/dags/data_ingestion_gcs_dag.py
[2024-12-01T11:45:45.261+0000] {processor.py:925} INFO - DAG(s) 'data_ingestion_gcs_dag' retrieved from /opt/airflow/dags/data_ingestion_gcs_dag.py
[2024-12-01T11:45:45.277+0000] {logging_mixin.py:190} INFO - [2024-12-01T11:45:45.277+0000] {dag.py:3239} INFO - Sync 1 DAGs
[2024-12-01T11:45:45.291+0000] {logging_mixin.py:190} INFO - [2024-12-01T11:45:45.291+0000] {dag.py:4180} INFO - Setting next_dagrun for data_ingestion_gcs_dag to 2024-12-01 00:00:00+00:00, run_after=2024-12-02 00:00:00+00:00
[2024-12-01T11:45:45.299+0000] {processor.py:208} INFO - Processing /opt/airflow/dags/data_ingestion_gcs_dag.py took 0.076 seconds
[2024-12-01T12:05:45.537+0000] {processor.py:186} INFO - Started process (PID=59541) to work on /opt/airflow/dags/data_ingestion_gcs_dag.py
[2024-12-01T12:05:45.538+0000] {processor.py:914} INFO - Processing file /opt/airflow/dags/data_ingestion_gcs_dag.py for tasks to queue
[2024-12-01T12:05:45.539+0000] {logging_mixin.py:190} INFO - [2024-12-01T12:05:45.539+0000] {dagbag.py:588} INFO - Filling up the DagBag from /opt/airflow/dags/data_ingestion_gcs_dag.py
[2024-12-01T12:05:45.558+0000] {processor.py:925} INFO - DAG(s) 'data_ingestion_gcs_dag' retrieved from /opt/airflow/dags/data_ingestion_gcs_dag.py
[2024-12-01T12:05:45.572+0000] {logging_mixin.py:190} INFO - [2024-12-01T12:05:45.572+0000] {dag.py:3239} INFO - Sync 1 DAGs
[2024-12-01T12:05:45.584+0000] {logging_mixin.py:190} INFO - [2024-12-01T12:05:45.584+0000] {dag.py:4180} INFO - Setting next_dagrun for data_ingestion_gcs_dag to 2024-12-01 00:00:00+00:00, run_after=2024-12-02 00:00:00+00:00
[2024-12-01T12:05:45.593+0000] {processor.py:208} INFO - Processing /opt/airflow/dags/data_ingestion_gcs_dag.py took 0.063 seconds
[2024-12-01T12:11:07.826+0000] {processor.py:186} INFO - Started process (PID=59554) to work on /opt/airflow/dags/data_ingestion_gcs_dag.py
[2024-12-01T12:11:07.827+0000] {processor.py:914} INFO - Processing file /opt/airflow/dags/data_ingestion_gcs_dag.py for tasks to queue
[2024-12-01T12:11:07.828+0000] {logging_mixin.py:190} INFO - [2024-12-01T12:11:07.827+0000] {dagbag.py:588} INFO - Filling up the DagBag from /opt/airflow/dags/data_ingestion_gcs_dag.py
[2024-12-01T12:11:07.850+0000] {processor.py:925} INFO - DAG(s) 'data_ingestion_gcs_dag' retrieved from /opt/airflow/dags/data_ingestion_gcs_dag.py
[2024-12-01T12:11:07.864+0000] {logging_mixin.py:190} INFO - [2024-12-01T12:11:07.864+0000] {dag.py:3239} INFO - Sync 1 DAGs
[2024-12-01T12:11:07.875+0000] {logging_mixin.py:190} INFO - [2024-12-01T12:11:07.875+0000] {dag.py:4180} INFO - Setting next_dagrun for data_ingestion_gcs_dag to 2024-12-01 00:00:00+00:00, run_after=2024-12-02 00:00:00+00:00
[2024-12-01T12:11:07.883+0000] {processor.py:208} INFO - Processing /opt/airflow/dags/data_ingestion_gcs_dag.py took 0.066 seconds
[2024-12-01T12:25:48.581+0000] {processor.py:186} INFO - Started process (PID=59555) to work on /opt/airflow/dags/data_ingestion_gcs_dag.py
[2024-12-01T12:25:48.582+0000] {processor.py:914} INFO - Processing file /opt/airflow/dags/data_ingestion_gcs_dag.py for tasks to queue
[2024-12-01T12:25:48.584+0000] {logging_mixin.py:190} INFO - [2024-12-01T12:25:48.583+0000] {dagbag.py:588} INFO - Filling up the DagBag from /opt/airflow/dags/data_ingestion_gcs_dag.py
[2024-12-01T12:25:48.607+0000] {processor.py:925} INFO - DAG(s) 'data_ingestion_gcs_dag' retrieved from /opt/airflow/dags/data_ingestion_gcs_dag.py
[2024-12-01T12:25:48.620+0000] {logging_mixin.py:190} INFO - [2024-12-01T12:25:48.620+0000] {dag.py:3239} INFO - Sync 1 DAGs
[2024-12-01T12:25:48.631+0000] {logging_mixin.py:190} INFO - [2024-12-01T12:25:48.631+0000] {dag.py:4180} INFO - Setting next_dagrun for data_ingestion_gcs_dag to 2024-12-01 00:00:00+00:00, run_after=2024-12-02 00:00:00+00:00
[2024-12-01T12:25:48.639+0000] {processor.py:208} INFO - Processing /opt/airflow/dags/data_ingestion_gcs_dag.py took 0.065 seconds
[2024-12-01T12:45:49.446+0000] {processor.py:186} INFO - Started process (PID=59562) to work on /opt/airflow/dags/data_ingestion_gcs_dag.py
[2024-12-01T12:45:49.447+0000] {processor.py:914} INFO - Processing file /opt/airflow/dags/data_ingestion_gcs_dag.py for tasks to queue
[2024-12-01T12:45:49.448+0000] {logging_mixin.py:190} INFO - [2024-12-01T12:45:49.448+0000] {dagbag.py:588} INFO - Filling up the DagBag from /opt/airflow/dags/data_ingestion_gcs_dag.py
[2024-12-01T12:45:49.470+0000] {processor.py:925} INFO - DAG(s) 'data_ingestion_gcs_dag' retrieved from /opt/airflow/dags/data_ingestion_gcs_dag.py
[2024-12-01T12:45:49.485+0000] {logging_mixin.py:190} INFO - [2024-12-01T12:45:49.485+0000] {dag.py:3239} INFO - Sync 1 DAGs
[2024-12-01T12:45:49.499+0000] {logging_mixin.py:190} INFO - [2024-12-01T12:45:49.498+0000] {dag.py:4180} INFO - Setting next_dagrun for data_ingestion_gcs_dag to 2024-12-01 00:00:00+00:00, run_after=2024-12-02 00:00:00+00:00
[2024-12-01T12:45:49.507+0000] {processor.py:208} INFO - Processing /opt/airflow/dags/data_ingestion_gcs_dag.py took 0.067 seconds
[2024-12-01T13:05:49.192+0000] {processor.py:186} INFO - Started process (PID=59575) to work on /opt/airflow/dags/data_ingestion_gcs_dag.py
[2024-12-01T13:05:49.193+0000] {processor.py:914} INFO - Processing file /opt/airflow/dags/data_ingestion_gcs_dag.py for tasks to queue
[2024-12-01T13:05:49.194+0000] {logging_mixin.py:190} INFO - [2024-12-01T13:05:49.194+0000] {dagbag.py:588} INFO - Filling up the DagBag from /opt/airflow/dags/data_ingestion_gcs_dag.py
[2024-12-01T13:05:49.212+0000] {processor.py:925} INFO - DAG(s) 'data_ingestion_gcs_dag' retrieved from /opt/airflow/dags/data_ingestion_gcs_dag.py
[2024-12-01T13:05:49.226+0000] {logging_mixin.py:190} INFO - [2024-12-01T13:05:49.225+0000] {dag.py:3239} INFO - Sync 1 DAGs
[2024-12-01T13:05:49.237+0000] {logging_mixin.py:190} INFO - [2024-12-01T13:05:49.237+0000] {dag.py:4180} INFO - Setting next_dagrun for data_ingestion_gcs_dag to 2024-12-01 00:00:00+00:00, run_after=2024-12-02 00:00:00+00:00
[2024-12-01T13:05:49.244+0000] {processor.py:208} INFO - Processing /opt/airflow/dags/data_ingestion_gcs_dag.py took 0.057 seconds
[2024-12-01T13:15:56.529+0000] {processor.py:186} INFO - Started process (PID=59576) to work on /opt/airflow/dags/data_ingestion_gcs_dag.py
[2024-12-01T13:15:56.529+0000] {processor.py:914} INFO - Processing file /opt/airflow/dags/data_ingestion_gcs_dag.py for tasks to queue
[2024-12-01T13:15:56.530+0000] {logging_mixin.py:190} INFO - [2024-12-01T13:15:56.530+0000] {dagbag.py:588} INFO - Filling up the DagBag from /opt/airflow/dags/data_ingestion_gcs_dag.py
[2024-12-01T13:15:56.546+0000] {processor.py:925} INFO - DAG(s) 'data_ingestion_gcs_dag' retrieved from /opt/airflow/dags/data_ingestion_gcs_dag.py
[2024-12-01T13:15:56.561+0000] {logging_mixin.py:190} INFO - [2024-12-01T13:15:56.560+0000] {dag.py:3239} INFO - Sync 1 DAGs
[2024-12-01T13:15:56.575+0000] {logging_mixin.py:190} INFO - [2024-12-01T13:15:56.574+0000] {dag.py:4180} INFO - Setting next_dagrun for data_ingestion_gcs_dag to 2024-12-01 00:00:00+00:00, run_after=2024-12-02 00:00:00+00:00
[2024-12-01T13:15:56.583+0000] {processor.py:208} INFO - Processing /opt/airflow/dags/data_ingestion_gcs_dag.py took 0.058 seconds
[2024-12-01T13:20:49.508+0000] {processor.py:186} INFO - Started process (PID=59589) to work on /opt/airflow/dags/data_ingestion_gcs_dag.py
[2024-12-01T13:20:49.508+0000] {processor.py:914} INFO - Processing file /opt/airflow/dags/data_ingestion_gcs_dag.py for tasks to queue
[2024-12-01T13:20:49.509+0000] {logging_mixin.py:190} INFO - [2024-12-01T13:20:49.509+0000] {dagbag.py:588} INFO - Filling up the DagBag from /opt/airflow/dags/data_ingestion_gcs_dag.py
[2024-12-01T13:20:49.526+0000] {processor.py:925} INFO - DAG(s) 'data_ingestion_gcs_dag' retrieved from /opt/airflow/dags/data_ingestion_gcs_dag.py
[2024-12-01T13:20:49.541+0000] {logging_mixin.py:190} INFO - [2024-12-01T13:20:49.540+0000] {dag.py:3239} INFO - Sync 1 DAGs
[2024-12-01T13:20:49.552+0000] {logging_mixin.py:190} INFO - [2024-12-01T13:20:49.552+0000] {dag.py:4180} INFO - Setting next_dagrun for data_ingestion_gcs_dag to 2024-12-01 00:00:00+00:00, run_after=2024-12-02 00:00:00+00:00
[2024-12-01T13:20:49.560+0000] {processor.py:208} INFO - Processing /opt/airflow/dags/data_ingestion_gcs_dag.py took 0.057 seconds
[2024-12-01T13:40:47.753+0000] {processor.py:186} INFO - Started process (PID=59590) to work on /opt/airflow/dags/data_ingestion_gcs_dag.py
[2024-12-01T13:40:47.754+0000] {processor.py:914} INFO - Processing file /opt/airflow/dags/data_ingestion_gcs_dag.py for tasks to queue
[2024-12-01T13:40:47.755+0000] {logging_mixin.py:190} INFO - [2024-12-01T13:40:47.754+0000] {dagbag.py:588} INFO - Filling up the DagBag from /opt/airflow/dags/data_ingestion_gcs_dag.py
[2024-12-01T13:40:47.774+0000] {processor.py:925} INFO - DAG(s) 'data_ingestion_gcs_dag' retrieved from /opt/airflow/dags/data_ingestion_gcs_dag.py
[2024-12-01T13:40:47.792+0000] {logging_mixin.py:190} INFO - [2024-12-01T13:40:47.791+0000] {dag.py:3239} INFO - Sync 1 DAGs
[2024-12-01T13:40:47.807+0000] {logging_mixin.py:190} INFO - [2024-12-01T13:40:47.806+0000] {dag.py:4180} INFO - Setting next_dagrun for data_ingestion_gcs_dag to 2024-12-01 00:00:00+00:00, run_after=2024-12-02 00:00:00+00:00
[2024-12-01T13:40:47.816+0000] {processor.py:208} INFO - Processing /opt/airflow/dags/data_ingestion_gcs_dag.py took 0.068 seconds
[2024-12-01T14:16:43.283+0000] {processor.py:186} INFO - Started process (PID=59597) to work on /opt/airflow/dags/data_ingestion_gcs_dag.py
[2024-12-01T14:16:43.284+0000] {processor.py:914} INFO - Processing file /opt/airflow/dags/data_ingestion_gcs_dag.py for tasks to queue
[2024-12-01T14:16:43.284+0000] {logging_mixin.py:190} INFO - [2024-12-01T14:16:43.284+0000] {dagbag.py:588} INFO - Filling up the DagBag from /opt/airflow/dags/data_ingestion_gcs_dag.py
[2024-12-01T14:16:43.302+0000] {processor.py:925} INFO - DAG(s) 'data_ingestion_gcs_dag' retrieved from /opt/airflow/dags/data_ingestion_gcs_dag.py
[2024-12-01T14:16:43.317+0000] {logging_mixin.py:190} INFO - [2024-12-01T14:16:43.317+0000] {dag.py:3239} INFO - Sync 1 DAGs
[2024-12-01T14:16:43.330+0000] {logging_mixin.py:190} INFO - [2024-12-01T14:16:43.330+0000] {dag.py:4180} INFO - Setting next_dagrun for data_ingestion_gcs_dag to 2024-12-01 00:00:00+00:00, run_after=2024-12-02 00:00:00+00:00
[2024-12-01T14:16:43.341+0000] {processor.py:208} INFO - Processing /opt/airflow/dags/data_ingestion_gcs_dag.py took 0.063 seconds
[2024-12-01T14:34:31.070+0000] {processor.py:186} INFO - Started process (PID=59604) to work on /opt/airflow/dags/data_ingestion_gcs_dag.py
[2024-12-01T14:34:31.070+0000] {processor.py:914} INFO - Processing file /opt/airflow/dags/data_ingestion_gcs_dag.py for tasks to queue
[2024-12-01T14:34:31.071+0000] {logging_mixin.py:190} INFO - [2024-12-01T14:34:31.071+0000] {dagbag.py:588} INFO - Filling up the DagBag from /opt/airflow/dags/data_ingestion_gcs_dag.py
[2024-12-01T14:34:31.088+0000] {processor.py:925} INFO - DAG(s) 'data_ingestion_gcs_dag' retrieved from /opt/airflow/dags/data_ingestion_gcs_dag.py
[2024-12-01T14:34:31.101+0000] {logging_mixin.py:190} INFO - [2024-12-01T14:34:31.101+0000] {dag.py:3239} INFO - Sync 1 DAGs
[2024-12-01T14:34:31.113+0000] {logging_mixin.py:190} INFO - [2024-12-01T14:34:31.112+0000] {dag.py:4180} INFO - Setting next_dagrun for data_ingestion_gcs_dag to 2024-12-01 00:00:00+00:00, run_after=2024-12-02 00:00:00+00:00
[2024-12-01T14:34:31.120+0000] {processor.py:208} INFO - Processing /opt/airflow/dags/data_ingestion_gcs_dag.py took 0.056 seconds
[2024-12-01T15:19:49.183+0000] {processor.py:186} INFO - Started process (PID=59611) to work on /opt/airflow/dags/data_ingestion_gcs_dag.py
[2024-12-01T15:19:49.184+0000] {processor.py:914} INFO - Processing file /opt/airflow/dags/data_ingestion_gcs_dag.py for tasks to queue
[2024-12-01T15:19:49.185+0000] {logging_mixin.py:190} INFO - [2024-12-01T15:19:49.184+0000] {dagbag.py:588} INFO - Filling up the DagBag from /opt/airflow/dags/data_ingestion_gcs_dag.py
[2024-12-01T15:19:49.199+0000] {processor.py:925} INFO - DAG(s) 'data_ingestion_gcs_dag' retrieved from /opt/airflow/dags/data_ingestion_gcs_dag.py
[2024-12-01T15:19:49.210+0000] {logging_mixin.py:190} INFO - [2024-12-01T15:19:49.210+0000] {dag.py:3239} INFO - Sync 1 DAGs
[2024-12-01T15:19:49.221+0000] {logging_mixin.py:190} INFO - [2024-12-01T15:19:49.221+0000] {dag.py:4180} INFO - Setting next_dagrun for data_ingestion_gcs_dag to 2024-12-01 00:00:00+00:00, run_after=2024-12-02 00:00:00+00:00
[2024-12-01T15:19:49.228+0000] {processor.py:208} INFO - Processing /opt/airflow/dags/data_ingestion_gcs_dag.py took 0.050 seconds
[2024-12-01T15:53:01.551+0000] {processor.py:186} INFO - Started process (PID=59618) to work on /opt/airflow/dags/data_ingestion_gcs_dag.py
[2024-12-01T15:53:01.552+0000] {processor.py:914} INFO - Processing file /opt/airflow/dags/data_ingestion_gcs_dag.py for tasks to queue
[2024-12-01T15:53:01.554+0000] {logging_mixin.py:190} INFO - [2024-12-01T15:53:01.553+0000] {dagbag.py:588} INFO - Filling up the DagBag from /opt/airflow/dags/data_ingestion_gcs_dag.py
[2024-12-01T15:53:01.597+0000] {processor.py:925} INFO - DAG(s) 'data_ingestion_gcs_dag' retrieved from /opt/airflow/dags/data_ingestion_gcs_dag.py
[2024-12-01T15:53:01.617+0000] {logging_mixin.py:190} INFO - [2024-12-01T15:53:01.617+0000] {dag.py:3239} INFO - Sync 1 DAGs
[2024-12-01T15:53:01.634+0000] {logging_mixin.py:190} INFO - [2024-12-01T15:53:01.634+0000] {dag.py:4180} INFO - Setting next_dagrun for data_ingestion_gcs_dag to 2024-12-01 00:00:00+00:00, run_after=2024-12-02 00:00:00+00:00
[2024-12-01T15:53:01.645+0000] {processor.py:208} INFO - Processing /opt/airflow/dags/data_ingestion_gcs_dag.py took 0.107 seconds
[2024-12-01T16:35:13.838+0000] {processor.py:186} INFO - Started process (PID=59625) to work on /opt/airflow/dags/data_ingestion_gcs_dag.py
[2024-12-01T16:35:13.838+0000] {processor.py:914} INFO - Processing file /opt/airflow/dags/data_ingestion_gcs_dag.py for tasks to queue
[2024-12-01T16:35:13.839+0000] {logging_mixin.py:190} INFO - [2024-12-01T16:35:13.839+0000] {dagbag.py:588} INFO - Filling up the DagBag from /opt/airflow/dags/data_ingestion_gcs_dag.py
[2024-12-01T16:35:13.855+0000] {processor.py:925} INFO - DAG(s) 'data_ingestion_gcs_dag' retrieved from /opt/airflow/dags/data_ingestion_gcs_dag.py
[2024-12-01T16:35:13.877+0000] {logging_mixin.py:190} INFO - [2024-12-01T16:35:13.877+0000] {dag.py:3239} INFO - Sync 1 DAGs
[2024-12-01T16:35:13.890+0000] {logging_mixin.py:190} INFO - [2024-12-01T16:35:13.890+0000] {dag.py:4180} INFO - Setting next_dagrun for data_ingestion_gcs_dag to 2024-12-01 00:00:00+00:00, run_after=2024-12-02 00:00:00+00:00
[2024-12-01T16:35:13.898+0000] {processor.py:208} INFO - Processing /opt/airflow/dags/data_ingestion_gcs_dag.py took 0.064 seconds
[2024-12-01T17:26:02.347+0000] {processor.py:186} INFO - Started process (PID=59632) to work on /opt/airflow/dags/data_ingestion_gcs_dag.py
[2024-12-01T17:26:02.348+0000] {processor.py:914} INFO - Processing file /opt/airflow/dags/data_ingestion_gcs_dag.py for tasks to queue
[2024-12-01T17:26:02.349+0000] {logging_mixin.py:190} INFO - [2024-12-01T17:26:02.349+0000] {dagbag.py:588} INFO - Filling up the DagBag from /opt/airflow/dags/data_ingestion_gcs_dag.py
[2024-12-01T17:26:02.369+0000] {processor.py:925} INFO - DAG(s) 'data_ingestion_gcs_dag' retrieved from /opt/airflow/dags/data_ingestion_gcs_dag.py
[2024-12-01T17:26:02.387+0000] {logging_mixin.py:190} INFO - [2024-12-01T17:26:02.386+0000] {dag.py:3239} INFO - Sync 1 DAGs
[2024-12-01T17:26:02.404+0000] {logging_mixin.py:190} INFO - [2024-12-01T17:26:02.404+0000] {dag.py:4180} INFO - Setting next_dagrun for data_ingestion_gcs_dag to 2024-12-01 00:00:00+00:00, run_after=2024-12-02 00:00:00+00:00
[2024-12-01T17:26:02.414+0000] {processor.py:208} INFO - Processing /opt/airflow/dags/data_ingestion_gcs_dag.py took 0.073 seconds
[2024-12-01T17:42:19.377+0000] {processor.py:186} INFO - Started process (PID=59639) to work on /opt/airflow/dags/data_ingestion_gcs_dag.py
[2024-12-01T17:42:19.378+0000] {processor.py:914} INFO - Processing file /opt/airflow/dags/data_ingestion_gcs_dag.py for tasks to queue
[2024-12-01T17:42:19.379+0000] {logging_mixin.py:190} INFO - [2024-12-01T17:42:19.379+0000] {dagbag.py:588} INFO - Filling up the DagBag from /opt/airflow/dags/data_ingestion_gcs_dag.py
[2024-12-01T17:42:19.403+0000] {processor.py:925} INFO - DAG(s) 'data_ingestion_gcs_dag' retrieved from /opt/airflow/dags/data_ingestion_gcs_dag.py
[2024-12-01T17:42:19.419+0000] {logging_mixin.py:190} INFO - [2024-12-01T17:42:19.419+0000] {dag.py:3239} INFO - Sync 1 DAGs
[2024-12-01T17:42:19.433+0000] {logging_mixin.py:190} INFO - [2024-12-01T17:42:19.433+0000] {dag.py:4180} INFO - Setting next_dagrun for data_ingestion_gcs_dag to 2024-12-01 00:00:00+00:00, run_after=2024-12-02 00:00:00+00:00
[2024-12-01T17:42:19.443+0000] {processor.py:208} INFO - Processing /opt/airflow/dags/data_ingestion_gcs_dag.py took 0.072 seconds
[2024-12-01T18:49:17.690+0000] {processor.py:186} INFO - Started process (PID=59646) to work on /opt/airflow/dags/data_ingestion_gcs_dag.py
[2024-12-01T18:49:17.691+0000] {processor.py:914} INFO - Processing file /opt/airflow/dags/data_ingestion_gcs_dag.py for tasks to queue
[2024-12-01T18:49:17.692+0000] {logging_mixin.py:190} INFO - [2024-12-01T18:49:17.692+0000] {dagbag.py:588} INFO - Filling up the DagBag from /opt/airflow/dags/data_ingestion_gcs_dag.py
[2024-12-01T18:49:17.710+0000] {processor.py:925} INFO - DAG(s) 'data_ingestion_gcs_dag' retrieved from /opt/airflow/dags/data_ingestion_gcs_dag.py
[2024-12-01T18:49:17.724+0000] {logging_mixin.py:190} INFO - [2024-12-01T18:49:17.724+0000] {dag.py:3239} INFO - Sync 1 DAGs
[2024-12-01T18:49:17.736+0000] {logging_mixin.py:190} INFO - [2024-12-01T18:49:17.736+0000] {dag.py:4180} INFO - Setting next_dagrun for data_ingestion_gcs_dag to 2024-12-01 00:00:00+00:00, run_after=2024-12-02 00:00:00+00:00
[2024-12-01T18:49:17.744+0000] {processor.py:208} INFO - Processing /opt/airflow/dags/data_ingestion_gcs_dag.py took 0.059 seconds
[2024-12-01T19:45:52.386+0000] {processor.py:186} INFO - Started process (PID=59653) to work on /opt/airflow/dags/data_ingestion_gcs_dag.py
[2024-12-01T19:45:52.387+0000] {processor.py:914} INFO - Processing file /opt/airflow/dags/data_ingestion_gcs_dag.py for tasks to queue
[2024-12-01T19:45:52.388+0000] {logging_mixin.py:190} INFO - [2024-12-01T19:45:52.387+0000] {dagbag.py:588} INFO - Filling up the DagBag from /opt/airflow/dags/data_ingestion_gcs_dag.py
[2024-12-01T19:45:52.404+0000] {processor.py:925} INFO - DAG(s) 'data_ingestion_gcs_dag' retrieved from /opt/airflow/dags/data_ingestion_gcs_dag.py
[2024-12-01T19:45:52.417+0000] {logging_mixin.py:190} INFO - [2024-12-01T19:45:52.417+0000] {dag.py:3239} INFO - Sync 1 DAGs
[2024-12-01T19:45:52.428+0000] {logging_mixin.py:190} INFO - [2024-12-01T19:45:52.428+0000] {dag.py:4180} INFO - Setting next_dagrun for data_ingestion_gcs_dag to 2024-12-01 00:00:00+00:00, run_after=2024-12-02 00:00:00+00:00
[2024-12-01T19:45:52.436+0000] {processor.py:208} INFO - Processing /opt/airflow/dags/data_ingestion_gcs_dag.py took 0.054 seconds
[2024-12-01T19:51:00.284+0000] {processor.py:186} INFO - Started process (PID=59660) to work on /opt/airflow/dags/data_ingestion_gcs_dag.py
[2024-12-01T19:51:00.284+0000] {processor.py:914} INFO - Processing file /opt/airflow/dags/data_ingestion_gcs_dag.py for tasks to queue
[2024-12-01T19:51:00.285+0000] {logging_mixin.py:190} INFO - [2024-12-01T19:51:00.285+0000] {dagbag.py:588} INFO - Filling up the DagBag from /opt/airflow/dags/data_ingestion_gcs_dag.py
[2024-12-01T19:51:00.302+0000] {processor.py:925} INFO - DAG(s) 'data_ingestion_gcs_dag' retrieved from /opt/airflow/dags/data_ingestion_gcs_dag.py
[2024-12-01T19:51:00.316+0000] {logging_mixin.py:190} INFO - [2024-12-01T19:51:00.316+0000] {dag.py:3239} INFO - Sync 1 DAGs
[2024-12-01T19:51:00.327+0000] {logging_mixin.py:190} INFO - [2024-12-01T19:51:00.327+0000] {dag.py:4180} INFO - Setting next_dagrun for data_ingestion_gcs_dag to 2024-12-01 00:00:00+00:00, run_after=2024-12-02 00:00:00+00:00
[2024-12-01T19:51:00.334+0000] {processor.py:208} INFO - Processing /opt/airflow/dags/data_ingestion_gcs_dag.py took 0.056 seconds
[2024-12-01T20:10:45.382+0000] {processor.py:186} INFO - Started process (PID=59667) to work on /opt/airflow/dags/data_ingestion_gcs_dag.py
[2024-12-01T20:10:45.383+0000] {processor.py:914} INFO - Processing file /opt/airflow/dags/data_ingestion_gcs_dag.py for tasks to queue
[2024-12-01T20:10:45.384+0000] {logging_mixin.py:190} INFO - [2024-12-01T20:10:45.384+0000] {dagbag.py:588} INFO - Filling up the DagBag from /opt/airflow/dags/data_ingestion_gcs_dag.py
[2024-12-01T20:10:45.404+0000] {processor.py:925} INFO - DAG(s) 'data_ingestion_gcs_dag' retrieved from /opt/airflow/dags/data_ingestion_gcs_dag.py
[2024-12-01T20:10:45.418+0000] {logging_mixin.py:190} INFO - [2024-12-01T20:10:45.418+0000] {dag.py:3239} INFO - Sync 1 DAGs
[2024-12-01T20:10:45.432+0000] {logging_mixin.py:190} INFO - [2024-12-01T20:10:45.432+0000] {dag.py:4180} INFO - Setting next_dagrun for data_ingestion_gcs_dag to 2024-12-01 00:00:00+00:00, run_after=2024-12-02 00:00:00+00:00
[2024-12-01T20:10:45.441+0000] {processor.py:208} INFO - Processing /opt/airflow/dags/data_ingestion_gcs_dag.py took 0.064 seconds
[2024-12-01T20:30:44.927+0000] {processor.py:186} INFO - Started process (PID=59674) to work on /opt/airflow/dags/data_ingestion_gcs_dag.py
[2024-12-01T20:30:44.928+0000] {processor.py:914} INFO - Processing file /opt/airflow/dags/data_ingestion_gcs_dag.py for tasks to queue
[2024-12-01T20:30:44.929+0000] {logging_mixin.py:190} INFO - [2024-12-01T20:30:44.928+0000] {dagbag.py:588} INFO - Filling up the DagBag from /opt/airflow/dags/data_ingestion_gcs_dag.py
[2024-12-01T20:30:44.943+0000] {processor.py:925} INFO - DAG(s) 'data_ingestion_gcs_dag' retrieved from /opt/airflow/dags/data_ingestion_gcs_dag.py
[2024-12-01T20:30:44.955+0000] {logging_mixin.py:190} INFO - [2024-12-01T20:30:44.955+0000] {dag.py:3239} INFO - Sync 1 DAGs
[2024-12-01T20:30:44.967+0000] {logging_mixin.py:190} INFO - [2024-12-01T20:30:44.967+0000] {dag.py:4180} INFO - Setting next_dagrun for data_ingestion_gcs_dag to 2024-12-01 00:00:00+00:00, run_after=2024-12-02 00:00:00+00:00
[2024-12-01T20:30:44.975+0000] {processor.py:208} INFO - Processing /opt/airflow/dags/data_ingestion_gcs_dag.py took 0.052 seconds
[2024-12-01T20:40:47.422+0000] {processor.py:186} INFO - Started process (PID=59681) to work on /opt/airflow/dags/data_ingestion_gcs_dag.py
[2024-12-01T20:40:47.423+0000] {processor.py:914} INFO - Processing file /opt/airflow/dags/data_ingestion_gcs_dag.py for tasks to queue
[2024-12-01T20:40:47.425+0000] {logging_mixin.py:190} INFO - [2024-12-01T20:40:47.424+0000] {dagbag.py:588} INFO - Filling up the DagBag from /opt/airflow/dags/data_ingestion_gcs_dag.py
[2024-12-01T20:40:47.456+0000] {processor.py:925} INFO - DAG(s) 'data_ingestion_gcs_dag' retrieved from /opt/airflow/dags/data_ingestion_gcs_dag.py
[2024-12-01T20:40:47.481+0000] {logging_mixin.py:190} INFO - [2024-12-01T20:40:47.481+0000] {dag.py:3239} INFO - Sync 1 DAGs
[2024-12-01T20:40:47.498+0000] {logging_mixin.py:190} INFO - [2024-12-01T20:40:47.498+0000] {dag.py:4180} INFO - Setting next_dagrun for data_ingestion_gcs_dag to 2024-12-01 00:00:00+00:00, run_after=2024-12-02 00:00:00+00:00
[2024-12-01T20:40:47.508+0000] {processor.py:208} INFO - Processing /opt/airflow/dags/data_ingestion_gcs_dag.py took 0.094 seconds
[2024-12-01T20:59:05.391+0000] {processor.py:186} INFO - Started process (PID=59688) to work on /opt/airflow/dags/data_ingestion_gcs_dag.py
[2024-12-01T20:59:05.391+0000] {processor.py:914} INFO - Processing file /opt/airflow/dags/data_ingestion_gcs_dag.py for tasks to queue
[2024-12-01T20:59:05.392+0000] {logging_mixin.py:190} INFO - [2024-12-01T20:59:05.392+0000] {dagbag.py:588} INFO - Filling up the DagBag from /opt/airflow/dags/data_ingestion_gcs_dag.py
[2024-12-01T20:59:05.411+0000] {processor.py:925} INFO - DAG(s) 'data_ingestion_gcs_dag' retrieved from /opt/airflow/dags/data_ingestion_gcs_dag.py
[2024-12-01T20:59:05.427+0000] {logging_mixin.py:190} INFO - [2024-12-01T20:59:05.427+0000] {dag.py:3239} INFO - Sync 1 DAGs
[2024-12-01T20:59:05.440+0000] {logging_mixin.py:190} INFO - [2024-12-01T20:59:05.440+0000] {dag.py:4180} INFO - Setting next_dagrun for data_ingestion_gcs_dag to 2024-12-01 00:00:00+00:00, run_after=2024-12-02 00:00:00+00:00
[2024-12-01T20:59:05.449+0000] {processor.py:208} INFO - Processing /opt/airflow/dags/data_ingestion_gcs_dag.py took 0.063 seconds
[2024-12-01T21:47:51.034+0000] {processor.py:186} INFO - Started process (PID=59695) to work on /opt/airflow/dags/data_ingestion_gcs_dag.py
[2024-12-01T21:47:51.035+0000] {processor.py:914} INFO - Processing file /opt/airflow/dags/data_ingestion_gcs_dag.py for tasks to queue
[2024-12-01T21:47:51.037+0000] {logging_mixin.py:190} INFO - [2024-12-01T21:47:51.036+0000] {dagbag.py:588} INFO - Filling up the DagBag from /opt/airflow/dags/data_ingestion_gcs_dag.py
[2024-12-01T21:47:51.057+0000] {processor.py:925} INFO - DAG(s) 'data_ingestion_gcs_dag' retrieved from /opt/airflow/dags/data_ingestion_gcs_dag.py
[2024-12-01T21:47:51.074+0000] {logging_mixin.py:190} INFO - [2024-12-01T21:47:51.074+0000] {dag.py:3239} INFO - Sync 1 DAGs
[2024-12-01T21:47:51.087+0000] {logging_mixin.py:190} INFO - [2024-12-01T21:47:51.086+0000] {dag.py:4180} INFO - Setting next_dagrun for data_ingestion_gcs_dag to 2024-12-01 00:00:00+00:00, run_after=2024-12-02 00:00:00+00:00
[2024-12-01T21:47:51.094+0000] {processor.py:208} INFO - Processing /opt/airflow/dags/data_ingestion_gcs_dag.py took 0.066 seconds
[2024-12-01T22:07:36.785+0000] {processor.py:186} INFO - Started process (PID=59702) to work on /opt/airflow/dags/data_ingestion_gcs_dag.py
[2024-12-01T22:07:36.786+0000] {processor.py:914} INFO - Processing file /opt/airflow/dags/data_ingestion_gcs_dag.py for tasks to queue
[2024-12-01T22:07:36.787+0000] {logging_mixin.py:190} INFO - [2024-12-01T22:07:36.787+0000] {dagbag.py:588} INFO - Filling up the DagBag from /opt/airflow/dags/data_ingestion_gcs_dag.py
[2024-12-01T22:07:36.804+0000] {processor.py:925} INFO - DAG(s) 'data_ingestion_gcs_dag' retrieved from /opt/airflow/dags/data_ingestion_gcs_dag.py
[2024-12-01T22:07:36.819+0000] {logging_mixin.py:190} INFO - [2024-12-01T22:07:36.818+0000] {dag.py:3239} INFO - Sync 1 DAGs
[2024-12-01T22:07:36.832+0000] {logging_mixin.py:190} INFO - [2024-12-01T22:07:36.832+0000] {dag.py:4180} INFO - Setting next_dagrun for data_ingestion_gcs_dag to 2024-12-01 00:00:00+00:00, run_after=2024-12-02 00:00:00+00:00
[2024-12-01T22:07:36.840+0000] {processor.py:208} INFO - Processing /opt/airflow/dags/data_ingestion_gcs_dag.py took 0.059 seconds
[2024-12-01T22:08:07.263+0000] {processor.py:186} INFO - Started process (PID=59709) to work on /opt/airflow/dags/data_ingestion_gcs_dag.py
[2024-12-01T22:08:07.264+0000] {processor.py:914} INFO - Processing file /opt/airflow/dags/data_ingestion_gcs_dag.py for tasks to queue
[2024-12-01T22:08:07.265+0000] {logging_mixin.py:190} INFO - [2024-12-01T22:08:07.265+0000] {dagbag.py:588} INFO - Filling up the DagBag from /opt/airflow/dags/data_ingestion_gcs_dag.py
[2024-12-01T22:08:07.287+0000] {processor.py:925} INFO - DAG(s) 'data_ingestion_gcs_dag' retrieved from /opt/airflow/dags/data_ingestion_gcs_dag.py
[2024-12-01T22:08:07.304+0000] {logging_mixin.py:190} INFO - [2024-12-01T22:08:07.304+0000] {dag.py:3239} INFO - Sync 1 DAGs
[2024-12-01T22:08:07.319+0000] {logging_mixin.py:190} INFO - [2024-12-01T22:08:07.319+0000] {dag.py:4180} INFO - Setting next_dagrun for data_ingestion_gcs_dag to 2024-12-01 00:00:00+00:00, run_after=2024-12-02 00:00:00+00:00
[2024-12-01T22:08:07.328+0000] {processor.py:208} INFO - Processing /opt/airflow/dags/data_ingestion_gcs_dag.py took 0.072 seconds
[2024-12-01T22:40:04.696+0000] {processor.py:186} INFO - Started process (PID=59716) to work on /opt/airflow/dags/data_ingestion_gcs_dag.py
[2024-12-01T22:40:04.697+0000] {processor.py:914} INFO - Processing file /opt/airflow/dags/data_ingestion_gcs_dag.py for tasks to queue
[2024-12-01T22:40:04.698+0000] {logging_mixin.py:190} INFO - [2024-12-01T22:40:04.698+0000] {dagbag.py:588} INFO - Filling up the DagBag from /opt/airflow/dags/data_ingestion_gcs_dag.py
[2024-12-01T22:40:04.722+0000] {processor.py:925} INFO - DAG(s) 'data_ingestion_gcs_dag' retrieved from /opt/airflow/dags/data_ingestion_gcs_dag.py
[2024-12-01T22:40:04.742+0000] {logging_mixin.py:190} INFO - [2024-12-01T22:40:04.742+0000] {dag.py:3239} INFO - Sync 1 DAGs
[2024-12-01T22:40:04.758+0000] {logging_mixin.py:190} INFO - [2024-12-01T22:40:04.758+0000] {dag.py:4180} INFO - Setting next_dagrun for data_ingestion_gcs_dag to 2024-12-01 00:00:00+00:00, run_after=2024-12-02 00:00:00+00:00
[2024-12-01T22:40:04.771+0000] {processor.py:208} INFO - Processing /opt/airflow/dags/data_ingestion_gcs_dag.py took 0.083 seconds
[2024-12-01T23:10:26.220+0000] {processor.py:186} INFO - Started process (PID=59723) to work on /opt/airflow/dags/data_ingestion_gcs_dag.py
[2024-12-01T23:10:26.221+0000] {processor.py:914} INFO - Processing file /opt/airflow/dags/data_ingestion_gcs_dag.py for tasks to queue
[2024-12-01T23:10:26.222+0000] {logging_mixin.py:190} INFO - [2024-12-01T23:10:26.222+0000] {dagbag.py:588} INFO - Filling up the DagBag from /opt/airflow/dags/data_ingestion_gcs_dag.py
[2024-12-01T23:10:26.246+0000] {processor.py:925} INFO - DAG(s) 'data_ingestion_gcs_dag' retrieved from /opt/airflow/dags/data_ingestion_gcs_dag.py
[2024-12-01T23:10:26.261+0000] {logging_mixin.py:190} INFO - [2024-12-01T23:10:26.261+0000] {dag.py:3239} INFO - Sync 1 DAGs
[2024-12-01T23:10:26.274+0000] {logging_mixin.py:190} INFO - [2024-12-01T23:10:26.274+0000] {dag.py:4180} INFO - Setting next_dagrun for data_ingestion_gcs_dag to 2024-12-01 00:00:00+00:00, run_after=2024-12-02 00:00:00+00:00
[2024-12-01T23:10:26.282+0000] {processor.py:208} INFO - Processing /opt/airflow/dags/data_ingestion_gcs_dag.py took 0.068 seconds
[2024-12-01T23:49:08.979+0000] {processor.py:186} INFO - Started process (PID=59729) to work on /opt/airflow/dags/data_ingestion_gcs_dag.py
[2024-12-01T23:49:08.979+0000] {processor.py:914} INFO - Processing file /opt/airflow/dags/data_ingestion_gcs_dag.py for tasks to queue
[2024-12-01T23:49:08.980+0000] {logging_mixin.py:190} INFO - [2024-12-01T23:49:08.980+0000] {dagbag.py:588} INFO - Filling up the DagBag from /opt/airflow/dags/data_ingestion_gcs_dag.py
[2024-12-01T23:49:08.999+0000] {processor.py:925} INFO - DAG(s) 'data_ingestion_gcs_dag' retrieved from /opt/airflow/dags/data_ingestion_gcs_dag.py
[2024-12-01T23:49:09.012+0000] {logging_mixin.py:190} INFO - [2024-12-01T23:49:09.012+0000] {dag.py:3239} INFO - Sync 1 DAGs
[2024-12-01T23:49:09.023+0000] {logging_mixin.py:190} INFO - [2024-12-01T23:49:09.023+0000] {dag.py:4180} INFO - Setting next_dagrun for data_ingestion_gcs_dag to 2024-12-01 00:00:00+00:00, run_after=2024-12-02 00:00:00+00:00
[2024-12-01T23:49:09.030+0000] {processor.py:208} INFO - Processing /opt/airflow/dags/data_ingestion_gcs_dag.py took 0.057 seconds
