[2024-12-09T23:46:01.325+0000] {local_task_job_runner.py:123} INFO - ::group::Pre task execution logs
[2024-12-09T23:46:01.337+0000] {taskinstance.py:2613} INFO - Dependencies all met for dep_context=non-requeueable deps ti=<TaskInstance: homework_dag_v2.download_dataset scheduled__2021-03-01T00:00:00+00:00 [queued]>
[2024-12-09T23:46:01.342+0000] {taskinstance.py:2613} INFO - Dependencies all met for dep_context=requeueable deps ti=<TaskInstance: homework_dag_v2.download_dataset scheduled__2021-03-01T00:00:00+00:00 [queued]>
[2024-12-09T23:46:01.342+0000] {taskinstance.py:2866} INFO - Starting attempt 2 of 2
[2024-12-09T23:46:01.349+0000] {taskinstance.py:2889} INFO - Executing <Task(BashOperator): download_dataset> on 2021-03-01 00:00:00+00:00
[2024-12-09T23:46:01.354+0000] {warnings.py:112} WARNING - /home/***/.local/lib/python3.12/site-packages/***/task/task_runner/standard_task_runner.py:70: DeprecationWarning: This process (pid=11853) is multi-threaded, use of fork() may lead to deadlocks in the child.
  pid = os.fork()

[2024-12-09T23:46:01.359+0000] {standard_task_runner.py:72} INFO - Started process 11890 to run task
[2024-12-09T23:46:01.362+0000] {standard_task_runner.py:104} INFO - Running: ['***', 'tasks', 'run', 'homework_dag_v2', 'download_dataset', 'scheduled__2021-03-01T00:00:00+00:00', '--job-id', '176', '--raw', '--subdir', 'DAGS_FOLDER/homework_dag_v2.py', '--cfg-path', '/tmp/tmpjllf2mov']
[2024-12-09T23:46:01.371+0000] {standard_task_runner.py:105} INFO - Job 176: Subtask download_dataset
[2024-12-09T23:46:01.452+0000] {task_command.py:467} INFO - Running <TaskInstance: homework_dag_v2.download_dataset scheduled__2021-03-01T00:00:00+00:00 [running]> on host 39ecaeffba2c
[2024-12-09T23:46:01.511+0000] {taskinstance.py:3132} INFO - Exporting env vars: AIRFLOW_CTX_DAG_OWNER='***' AIRFLOW_CTX_DAG_ID='homework_dag_v2' AIRFLOW_CTX_TASK_ID='download_dataset' AIRFLOW_CTX_EXECUTION_DATE='2021-03-01T00:00:00+00:00' AIRFLOW_CTX_TRY_NUMBER='2' AIRFLOW_CTX_DAG_RUN_ID='scheduled__2021-03-01T00:00:00+00:00'
[2024-12-09T23:46:01.512+0000] {taskinstance.py:731} INFO - ::endgroup::
[2024-12-09T23:46:01.527+0000] {subprocess.py:78} INFO - Tmp dir root location: /tmp
[2024-12-09T23:46:01.528+0000] {subprocess.py:88} INFO - Running command: ['/usr/bin/bash', '-c', 'wget https://d37ci6vzurychx.cloudfront.net/trip-data/green_tripdata_2021-03.parquet -O /opt/***/green_tripdata_2021-03.parquet']
[2024-12-09T23:46:01.534+0000] {subprocess.py:99} INFO - Output:
[2024-12-09T23:46:01.537+0000] {subprocess.py:106} INFO - --2024-12-09 23:46:01--  https://d37ci6vzurychx.cloudfront.net/trip-data/green_tripdata_2021-03.parquet
[2024-12-09T23:46:01.551+0000] {subprocess.py:106} INFO - Resolving d37ci6vzurychx.cloudfront.net (d37ci6vzurychx.cloudfront.net)... 52.85.39.117, 52.85.39.97, 52.85.39.153, ...
[2024-12-09T23:46:01.565+0000] {subprocess.py:106} INFO - Connecting to d37ci6vzurychx.cloudfront.net (d37ci6vzurychx.cloudfront.net)|52.85.39.117|:443... connected.
[2024-12-09T23:46:02.023+0000] {subprocess.py:106} INFO - HTTP request sent, awaiting response... 200 OK
[2024-12-09T23:46:02.024+0000] {subprocess.py:106} INFO - Length: 1474538 (1.4M) [binary/octet-stream]
[2024-12-09T23:46:02.024+0000] {subprocess.py:106} INFO - Saving to: ‘/opt/***/green_tripdata_2021-03.parquet’
[2024-12-09T23:46:02.024+0000] {subprocess.py:106} INFO - 
[2024-12-09T23:46:02.143+0000] {subprocess.py:106} INFO -      0K .......... .......... .......... .......... ..........  3%  803K 2s
[2024-12-09T23:46:02.150+0000] {subprocess.py:106} INFO -     50K .......... .......... .......... .......... ..........  6%  788K 2s
[2024-12-09T23:46:02.204+0000] {subprocess.py:106} INFO -    100K .......... .......... .......... .......... .......... 10%  910K 2s
[2024-12-09T23:46:02.209+0000] {subprocess.py:106} INFO -    150K .......... .......... .......... .......... .......... 13% 10.0M 1s
[2024-12-09T23:46:02.213+0000] {subprocess.py:106} INFO -    200K .......... .......... .......... .......... .......... 17% 10.0M 1s
[2024-12-09T23:46:02.220+0000] {subprocess.py:106} INFO -    250K .......... .......... .......... .......... .......... 20% 7.38M 1s
[2024-12-09T23:46:02.265+0000] {subprocess.py:106} INFO -    300K .......... .......... .......... .......... .......... 24% 1.09M 1s
[2024-12-09T23:46:02.271+0000] {subprocess.py:106} INFO -    350K .......... .......... .......... .......... .......... 27% 10.2M 1s
[2024-12-09T23:46:02.273+0000] {subprocess.py:106} INFO -    400K .......... .......... .......... .......... .......... 31% 91.5M 1s
[2024-12-09T23:46:02.274+0000] {subprocess.py:106} INFO -    450K .......... .......... .......... .......... .......... 34% 23.8M 0s
[2024-12-09T23:46:02.275+0000] {subprocess.py:106} INFO -    500K .......... .......... .......... .......... .......... 38%  114M 0s
[2024-12-09T23:46:02.277+0000] {subprocess.py:106} INFO -    550K .......... .......... .......... .......... .......... 41%  317M 0s
[2024-12-09T23:46:02.325+0000] {subprocess.py:106} INFO -    600K .......... .......... .......... .......... .......... 45%  968K 0s
[2024-12-09T23:46:02.330+0000] {subprocess.py:106} INFO -    650K .......... .......... .......... .......... .......... 48% 27.8M 0s
[2024-12-09T23:46:02.337+0000] {subprocess.py:106} INFO -    700K .......... .......... .......... .......... .......... 52%  148M 0s
[2024-12-09T23:46:02.337+0000] {subprocess.py:106} INFO -    750K .......... .......... .......... .......... .......... 55% 64.8M 0s
[2024-12-09T23:46:02.340+0000] {subprocess.py:106} INFO -    800K .......... .......... .......... .......... .......... 59%  159M 0s
[2024-12-09T23:46:02.340+0000] {subprocess.py:106} INFO -    850K .......... .......... .......... .......... .......... 62% 39.6M 0s
[2024-12-09T23:46:02.341+0000] {subprocess.py:106} INFO -    900K .......... .......... .......... .......... .......... 65% 52.6M 0s
[2024-12-09T23:46:02.341+0000] {subprocess.py:106} INFO -    950K .......... .......... .......... .......... .......... 69% 69.9M 0s
[2024-12-09T23:46:02.342+0000] {subprocess.py:106} INFO -   1000K .......... .......... .......... .......... .......... 72% 74.2M 0s
[2024-12-09T23:46:02.342+0000] {subprocess.py:106} INFO -   1050K .......... .......... .......... .......... .......... 76% 59.2M 0s
[2024-12-09T23:46:02.346+0000] {subprocess.py:106} INFO -   1100K .......... .......... .......... .......... .......... 79% 41.1M 0s
[2024-12-09T23:46:02.346+0000] {subprocess.py:106} INFO -   1150K .......... .......... .......... .......... .......... 83% 9.30M 0s
[2024-12-09T23:46:02.347+0000] {subprocess.py:106} INFO -   1200K .......... .......... .......... .......... .......... 86%  105M 0s
[2024-12-09T23:46:02.369+0000] {subprocess.py:106} INFO -   1250K .......... .......... .......... .......... .......... 90% 1.62M 0s
[2024-12-09T23:46:02.385+0000] {subprocess.py:106} INFO -   1300K .......... .......... .......... .......... .......... 93% 3.00M 0s
[2024-12-09T23:46:02.388+0000] {subprocess.py:106} INFO -   1350K .......... .......... .......... .......... .......... 97% 47.0M 0s
[2024-12-09T23:46:02.389+0000] {subprocess.py:106} INFO -   1400K .......... .......... .......... .........            100%  203M=0.4s
[2024-12-09T23:46:02.389+0000] {subprocess.py:106} INFO - 
[2024-12-09T23:46:02.390+0000] {subprocess.py:106} INFO - 2024-12-09 23:46:02 (3.87 MB/s) - ‘/opt/***/green_tripdata_2021-03.parquet’ saved [1474538/1474538]
[2024-12-09T23:46:02.390+0000] {subprocess.py:106} INFO - 
[2024-12-09T23:46:02.390+0000] {subprocess.py:110} INFO - Command exited with return code 0
[2024-12-09T23:46:02.411+0000] {taskinstance.py:340} INFO - ::group::Post task execution logs
[2024-12-09T23:46:02.411+0000] {taskinstance.py:352} INFO - Marking task as SUCCESS. dag_id=homework_dag_v2, task_id=download_dataset, run_id=scheduled__2021-03-01T00:00:00+00:00, execution_date=20210301T000000, start_date=20241209T234601, end_date=20241209T234602
[2024-12-09T23:46:02.451+0000] {local_task_job_runner.py:266} INFO - Task exited with return code 0
[2024-12-09T23:46:02.472+0000] {taskinstance.py:3895} INFO - 1 downstream tasks scheduled from follow-on schedule check
[2024-12-09T23:46:02.474+0000] {local_task_job_runner.py:245} INFO - ::endgroup::
