[2024-12-08T00:15:26.884+0000] {processor.py:186} INFO - Started process (PID=7347) to work on /opt/airflow/dags/homework_zone_dag.py
[2024-12-08T00:15:26.885+0000] {processor.py:914} INFO - Processing file /opt/airflow/dags/homework_zone_dag.py for tasks to queue
[2024-12-08T00:15:26.888+0000] {logging_mixin.py:190} INFO - [2024-12-08T00:15:26.887+0000] {dagbag.py:588} INFO - Filling up the DagBag from /opt/airflow/dags/homework_zone_dag.py
[2024-12-08T00:15:26.904+0000] {processor.py:925} INFO - DAG(s) 'homework_zone_dag' retrieved from /opt/airflow/dags/homework_zone_dag.py
[2024-12-08T00:15:26.927+0000] {logging_mixin.py:190} INFO - [2024-12-08T00:15:26.926+0000] {dag.py:3239} INFO - Sync 1 DAGs
[2024-12-08T00:15:26.943+0000] {logging_mixin.py:190} INFO - [2024-12-08T00:15:26.943+0000] {dag.py:4180} INFO - Setting next_dagrun for homework_zone_dag to None, run_after=None
[2024-12-08T00:15:26.956+0000] {processor.py:208} INFO - Processing /opt/airflow/dags/homework_zone_dag.py took 0.081 seconds
[2024-12-08T00:44:13.712+0000] {processor.py:186} INFO - Started process (PID=7356) to work on /opt/airflow/dags/homework_zone_dag.py
[2024-12-08T00:44:13.713+0000] {processor.py:914} INFO - Processing file /opt/airflow/dags/homework_zone_dag.py for tasks to queue
[2024-12-08T00:44:13.714+0000] {logging_mixin.py:190} INFO - [2024-12-08T00:44:13.714+0000] {dagbag.py:588} INFO - Filling up the DagBag from /opt/airflow/dags/homework_zone_dag.py
[2024-12-08T00:44:13.730+0000] {processor.py:925} INFO - DAG(s) 'homework_zone_dag' retrieved from /opt/airflow/dags/homework_zone_dag.py
[2024-12-08T00:44:13.749+0000] {logging_mixin.py:190} INFO - [2024-12-08T00:44:13.749+0000] {dag.py:3239} INFO - Sync 1 DAGs
[2024-12-08T00:44:13.765+0000] {logging_mixin.py:190} INFO - [2024-12-08T00:44:13.765+0000] {dag.py:4180} INFO - Setting next_dagrun for homework_zone_dag to None, run_after=None
[2024-12-08T00:44:13.779+0000] {processor.py:208} INFO - Processing /opt/airflow/dags/homework_zone_dag.py took 0.076 seconds
[2024-12-08T01:44:57.206+0000] {processor.py:186} INFO - Started process (PID=7365) to work on /opt/airflow/dags/homework_zone_dag.py
[2024-12-08T01:44:57.207+0000] {processor.py:914} INFO - Processing file /opt/airflow/dags/homework_zone_dag.py for tasks to queue
[2024-12-08T01:44:57.209+0000] {logging_mixin.py:190} INFO - [2024-12-08T01:44:57.209+0000] {dagbag.py:588} INFO - Filling up the DagBag from /opt/airflow/dags/homework_zone_dag.py
[2024-12-08T01:44:57.229+0000] {processor.py:925} INFO - DAG(s) 'homework_zone_dag' retrieved from /opt/airflow/dags/homework_zone_dag.py
[2024-12-08T01:44:57.249+0000] {logging_mixin.py:190} INFO - [2024-12-08T01:44:57.248+0000] {dag.py:3239} INFO - Sync 1 DAGs
[2024-12-08T01:44:57.267+0000] {logging_mixin.py:190} INFO - [2024-12-08T01:44:57.266+0000] {dag.py:4180} INFO - Setting next_dagrun for homework_zone_dag to None, run_after=None
[2024-12-08T01:44:57.280+0000] {processor.py:208} INFO - Processing /opt/airflow/dags/homework_zone_dag.py took 0.081 seconds
[2024-12-08T01:45:27.684+0000] {processor.py:186} INFO - Started process (PID=7374) to work on /opt/airflow/dags/homework_zone_dag.py
[2024-12-08T01:45:27.685+0000] {processor.py:914} INFO - Processing file /opt/airflow/dags/homework_zone_dag.py for tasks to queue
[2024-12-08T01:45:27.687+0000] {logging_mixin.py:190} INFO - [2024-12-08T01:45:27.686+0000] {dagbag.py:588} INFO - Filling up the DagBag from /opt/airflow/dags/homework_zone_dag.py
[2024-12-08T01:45:27.702+0000] {processor.py:925} INFO - DAG(s) 'homework_zone_dag' retrieved from /opt/airflow/dags/homework_zone_dag.py
[2024-12-08T01:45:27.720+0000] {logging_mixin.py:190} INFO - [2024-12-08T01:45:27.720+0000] {dag.py:3239} INFO - Sync 1 DAGs
[2024-12-08T01:45:27.739+0000] {logging_mixin.py:190} INFO - [2024-12-08T01:45:27.739+0000] {dag.py:4180} INFO - Setting next_dagrun for homework_zone_dag to None, run_after=None
[2024-12-08T01:45:27.754+0000] {processor.py:208} INFO - Processing /opt/airflow/dags/homework_zone_dag.py took 0.076 seconds
[2024-12-08T02:46:09.028+0000] {processor.py:186} INFO - Started process (PID=7383) to work on /opt/airflow/dags/homework_zone_dag.py
[2024-12-08T02:46:09.030+0000] {processor.py:914} INFO - Processing file /opt/airflow/dags/homework_zone_dag.py for tasks to queue
[2024-12-08T02:46:09.031+0000] {logging_mixin.py:190} INFO - [2024-12-08T02:46:09.030+0000] {dagbag.py:588} INFO - Filling up the DagBag from /opt/airflow/dags/homework_zone_dag.py
[2024-12-08T02:46:09.039+0000] {processor.py:925} INFO - DAG(s) 'homework_zone_dag' retrieved from /opt/airflow/dags/homework_zone_dag.py
[2024-12-08T02:46:09.055+0000] {logging_mixin.py:190} INFO - [2024-12-08T02:46:09.055+0000] {dag.py:3239} INFO - Sync 1 DAGs
[2024-12-08T02:46:09.070+0000] {logging_mixin.py:190} INFO - [2024-12-08T02:46:09.070+0000] {dag.py:4180} INFO - Setting next_dagrun for homework_zone_dag to None, run_after=None
[2024-12-08T02:46:09.083+0000] {processor.py:208} INFO - Processing /opt/airflow/dags/homework_zone_dag.py took 0.060 seconds
[2024-12-08T03:17:35.752+0000] {processor.py:186} INFO - Started process (PID=7392) to work on /opt/airflow/dags/homework_zone_dag.py
[2024-12-08T03:17:35.753+0000] {processor.py:914} INFO - Processing file /opt/airflow/dags/homework_zone_dag.py for tasks to queue
[2024-12-08T03:17:35.754+0000] {logging_mixin.py:190} INFO - [2024-12-08T03:17:35.754+0000] {dagbag.py:588} INFO - Filling up the DagBag from /opt/airflow/dags/homework_zone_dag.py
[2024-12-08T03:17:35.770+0000] {processor.py:925} INFO - DAG(s) 'homework_zone_dag' retrieved from /opt/airflow/dags/homework_zone_dag.py
[2024-12-08T03:17:35.788+0000] {logging_mixin.py:190} INFO - [2024-12-08T03:17:35.788+0000] {dag.py:3239} INFO - Sync 1 DAGs
[2024-12-08T03:17:35.802+0000] {logging_mixin.py:190} INFO - [2024-12-08T03:17:35.802+0000] {dag.py:4180} INFO - Setting next_dagrun for homework_zone_dag to None, run_after=None
[2024-12-08T03:17:35.812+0000] {processor.py:208} INFO - Processing /opt/airflow/dags/homework_zone_dag.py took 0.066 seconds
[2024-12-08T03:47:20.724+0000] {processor.py:186} INFO - Started process (PID=7401) to work on /opt/airflow/dags/homework_zone_dag.py
[2024-12-08T03:47:20.726+0000] {processor.py:914} INFO - Processing file /opt/airflow/dags/homework_zone_dag.py for tasks to queue
[2024-12-08T03:47:20.728+0000] {logging_mixin.py:190} INFO - [2024-12-08T03:47:20.728+0000] {dagbag.py:588} INFO - Filling up the DagBag from /opt/airflow/dags/homework_zone_dag.py
[2024-12-08T03:47:20.745+0000] {processor.py:925} INFO - DAG(s) 'homework_zone_dag' retrieved from /opt/airflow/dags/homework_zone_dag.py
[2024-12-08T03:47:20.769+0000] {logging_mixin.py:190} INFO - [2024-12-08T03:47:20.769+0000] {dag.py:3239} INFO - Sync 1 DAGs
[2024-12-08T03:47:20.789+0000] {logging_mixin.py:190} INFO - [2024-12-08T03:47:20.789+0000] {dag.py:4180} INFO - Setting next_dagrun for homework_zone_dag to None, run_after=None
[2024-12-08T03:47:20.804+0000] {processor.py:208} INFO - Processing /opt/airflow/dags/homework_zone_dag.py took 0.088 seconds
[2024-12-08T04:48:03.187+0000] {processor.py:186} INFO - Started process (PID=7410) to work on /opt/airflow/dags/homework_zone_dag.py
[2024-12-08T04:48:03.188+0000] {processor.py:914} INFO - Processing file /opt/airflow/dags/homework_zone_dag.py for tasks to queue
[2024-12-08T04:48:03.189+0000] {logging_mixin.py:190} INFO - [2024-12-08T04:48:03.189+0000] {dagbag.py:588} INFO - Filling up the DagBag from /opt/airflow/dags/homework_zone_dag.py
[2024-12-08T04:48:03.198+0000] {processor.py:925} INFO - DAG(s) 'homework_zone_dag' retrieved from /opt/airflow/dags/homework_zone_dag.py
[2024-12-08T04:48:03.215+0000] {logging_mixin.py:190} INFO - [2024-12-08T04:48:03.215+0000] {dag.py:3239} INFO - Sync 1 DAGs
[2024-12-08T04:48:03.233+0000] {logging_mixin.py:190} INFO - [2024-12-08T04:48:03.233+0000] {dag.py:4180} INFO - Setting next_dagrun for homework_zone_dag to None, run_after=None
[2024-12-08T04:48:03.244+0000] {processor.py:208} INFO - Processing /opt/airflow/dags/homework_zone_dag.py took 0.062 seconds
[2024-12-08T05:04:38.434+0000] {processor.py:186} INFO - Started process (PID=7419) to work on /opt/airflow/dags/homework_zone_dag.py
[2024-12-08T05:04:38.435+0000] {processor.py:914} INFO - Processing file /opt/airflow/dags/homework_zone_dag.py for tasks to queue
[2024-12-08T05:04:38.436+0000] {logging_mixin.py:190} INFO - [2024-12-08T05:04:38.436+0000] {dagbag.py:588} INFO - Filling up the DagBag from /opt/airflow/dags/homework_zone_dag.py
[2024-12-08T05:04:38.449+0000] {processor.py:925} INFO - DAG(s) 'homework_zone_dag' retrieved from /opt/airflow/dags/homework_zone_dag.py
[2024-12-08T05:04:38.468+0000] {logging_mixin.py:190} INFO - [2024-12-08T05:04:38.467+0000] {dag.py:3239} INFO - Sync 1 DAGs
[2024-12-08T05:04:38.482+0000] {logging_mixin.py:190} INFO - [2024-12-08T05:04:38.481+0000] {dag.py:4180} INFO - Setting next_dagrun for homework_zone_dag to None, run_after=None
[2024-12-08T05:04:38.495+0000] {processor.py:208} INFO - Processing /opt/airflow/dags/homework_zone_dag.py took 0.066 seconds
[2024-12-08T05:49:17.164+0000] {processor.py:186} INFO - Started process (PID=7428) to work on /opt/airflow/dags/homework_zone_dag.py
[2024-12-08T05:49:17.165+0000] {processor.py:914} INFO - Processing file /opt/airflow/dags/homework_zone_dag.py for tasks to queue
[2024-12-08T05:49:17.166+0000] {logging_mixin.py:190} INFO - [2024-12-08T05:49:17.166+0000] {dagbag.py:588} INFO - Filling up the DagBag from /opt/airflow/dags/homework_zone_dag.py
[2024-12-08T05:49:17.176+0000] {processor.py:925} INFO - DAG(s) 'homework_zone_dag' retrieved from /opt/airflow/dags/homework_zone_dag.py
[2024-12-08T05:49:17.198+0000] {logging_mixin.py:190} INFO - [2024-12-08T05:49:17.198+0000] {dag.py:3239} INFO - Sync 1 DAGs
[2024-12-08T05:49:17.212+0000] {logging_mixin.py:190} INFO - [2024-12-08T05:49:17.212+0000] {dag.py:4180} INFO - Setting next_dagrun for homework_zone_dag to None, run_after=None
[2024-12-08T05:49:17.223+0000] {processor.py:208} INFO - Processing /opt/airflow/dags/homework_zone_dag.py took 0.065 seconds
[2024-12-08T06:38:28.016+0000] {processor.py:186} INFO - Started process (PID=7437) to work on /opt/airflow/dags/homework_zone_dag.py
[2024-12-08T06:38:28.016+0000] {processor.py:914} INFO - Processing file /opt/airflow/dags/homework_zone_dag.py for tasks to queue
[2024-12-08T06:38:28.017+0000] {logging_mixin.py:190} INFO - [2024-12-08T06:38:28.017+0000] {dagbag.py:588} INFO - Filling up the DagBag from /opt/airflow/dags/homework_zone_dag.py
[2024-12-08T06:38:28.029+0000] {processor.py:925} INFO - DAG(s) 'homework_zone_dag' retrieved from /opt/airflow/dags/homework_zone_dag.py
[2024-12-08T06:38:28.045+0000] {logging_mixin.py:190} INFO - [2024-12-08T06:38:28.044+0000] {dag.py:3239} INFO - Sync 1 DAGs
[2024-12-08T06:38:28.060+0000] {logging_mixin.py:190} INFO - [2024-12-08T06:38:28.060+0000] {dag.py:4180} INFO - Setting next_dagrun for homework_zone_dag to None, run_after=None
[2024-12-08T06:38:28.072+0000] {processor.py:208} INFO - Processing /opt/airflow/dags/homework_zone_dag.py took 0.062 seconds
[2024-12-08T08:23:25.037+0000] {processor.py:186} INFO - Started process (PID=7446) to work on /opt/airflow/dags/homework_zone_dag.py
[2024-12-08T08:23:25.038+0000] {processor.py:914} INFO - Processing file /opt/airflow/dags/homework_zone_dag.py for tasks to queue
[2024-12-08T08:23:25.039+0000] {logging_mixin.py:190} INFO - [2024-12-08T08:23:25.039+0000] {dagbag.py:588} INFO - Filling up the DagBag from /opt/airflow/dags/homework_zone_dag.py
[2024-12-08T08:23:25.057+0000] {processor.py:925} INFO - DAG(s) 'homework_zone_dag' retrieved from /opt/airflow/dags/homework_zone_dag.py
[2024-12-08T08:23:25.075+0000] {logging_mixin.py:190} INFO - [2024-12-08T08:23:25.075+0000] {dag.py:3239} INFO - Sync 1 DAGs
[2024-12-08T08:23:25.095+0000] {logging_mixin.py:190} INFO - [2024-12-08T08:23:25.095+0000] {dag.py:4180} INFO - Setting next_dagrun for homework_zone_dag to None, run_after=None
[2024-12-08T08:23:25.106+0000] {processor.py:208} INFO - Processing /opt/airflow/dags/homework_zone_dag.py took 0.077 seconds
[2024-12-08T09:47:43.307+0000] {processor.py:186} INFO - Started process (PID=7455) to work on /opt/airflow/dags/homework_zone_dag.py
[2024-12-08T09:47:43.308+0000] {processor.py:914} INFO - Processing file /opt/airflow/dags/homework_zone_dag.py for tasks to queue
[2024-12-08T09:47:43.309+0000] {logging_mixin.py:190} INFO - [2024-12-08T09:47:43.308+0000] {dagbag.py:588} INFO - Filling up the DagBag from /opt/airflow/dags/homework_zone_dag.py
[2024-12-08T09:47:43.320+0000] {processor.py:925} INFO - DAG(s) 'homework_zone_dag' retrieved from /opt/airflow/dags/homework_zone_dag.py
[2024-12-08T09:47:43.340+0000] {logging_mixin.py:190} INFO - [2024-12-08T09:47:43.340+0000] {dag.py:3239} INFO - Sync 1 DAGs
[2024-12-08T09:47:43.354+0000] {logging_mixin.py:190} INFO - [2024-12-08T09:47:43.354+0000] {dag.py:4180} INFO - Setting next_dagrun for homework_zone_dag to None, run_after=None
[2024-12-08T09:47:43.366+0000] {processor.py:208} INFO - Processing /opt/airflow/dags/homework_zone_dag.py took 0.063 seconds
[2024-12-08T10:03:38.159+0000] {processor.py:186} INFO - Started process (PID=7464) to work on /opt/airflow/dags/homework_zone_dag.py
[2024-12-08T10:03:38.159+0000] {processor.py:914} INFO - Processing file /opt/airflow/dags/homework_zone_dag.py for tasks to queue
[2024-12-08T10:03:38.161+0000] {logging_mixin.py:190} INFO - [2024-12-08T10:03:38.160+0000] {dagbag.py:588} INFO - Filling up the DagBag from /opt/airflow/dags/homework_zone_dag.py
[2024-12-08T10:03:38.170+0000] {processor.py:925} INFO - DAG(s) 'homework_zone_dag' retrieved from /opt/airflow/dags/homework_zone_dag.py
[2024-12-08T10:03:38.193+0000] {logging_mixin.py:190} INFO - [2024-12-08T10:03:38.192+0000] {dag.py:3239} INFO - Sync 1 DAGs
[2024-12-08T10:03:38.208+0000] {logging_mixin.py:190} INFO - [2024-12-08T10:03:38.208+0000] {dag.py:4180} INFO - Setting next_dagrun for homework_zone_dag to None, run_after=None
[2024-12-08T10:03:38.218+0000] {processor.py:208} INFO - Processing /opt/airflow/dags/homework_zone_dag.py took 0.066 seconds
[2024-12-08T10:50:51.102+0000] {processor.py:186} INFO - Started process (PID=7473) to work on /opt/airflow/dags/homework_zone_dag.py
[2024-12-08T10:50:51.103+0000] {processor.py:914} INFO - Processing file /opt/airflow/dags/homework_zone_dag.py for tasks to queue
[2024-12-08T10:50:51.104+0000] {logging_mixin.py:190} INFO - [2024-12-08T10:50:51.104+0000] {dagbag.py:588} INFO - Filling up the DagBag from /opt/airflow/dags/homework_zone_dag.py
[2024-12-08T10:50:51.115+0000] {processor.py:925} INFO - DAG(s) 'homework_zone_dag' retrieved from /opt/airflow/dags/homework_zone_dag.py
[2024-12-08T10:50:51.133+0000] {logging_mixin.py:190} INFO - [2024-12-08T10:50:51.132+0000] {dag.py:3239} INFO - Sync 1 DAGs
[2024-12-08T10:50:51.148+0000] {logging_mixin.py:190} INFO - [2024-12-08T10:50:51.147+0000] {dag.py:4180} INFO - Setting next_dagrun for homework_zone_dag to None, run_after=None
[2024-12-08T10:50:51.160+0000] {processor.py:208} INFO - Processing /opt/airflow/dags/homework_zone_dag.py took 0.066 seconds
[2024-12-08T11:30:44.552+0000] {processor.py:186} INFO - Started process (PID=7482) to work on /opt/airflow/dags/homework_zone_dag.py
[2024-12-08T11:30:44.553+0000] {processor.py:914} INFO - Processing file /opt/airflow/dags/homework_zone_dag.py for tasks to queue
[2024-12-08T11:30:44.555+0000] {logging_mixin.py:190} INFO - [2024-12-08T11:30:44.554+0000] {dagbag.py:588} INFO - Filling up the DagBag from /opt/airflow/dags/homework_zone_dag.py
[2024-12-08T11:30:44.566+0000] {processor.py:925} INFO - DAG(s) 'homework_zone_dag' retrieved from /opt/airflow/dags/homework_zone_dag.py
[2024-12-08T11:30:44.584+0000] {logging_mixin.py:190} INFO - [2024-12-08T11:30:44.583+0000] {dag.py:3239} INFO - Sync 1 DAGs
[2024-12-08T11:30:44.601+0000] {logging_mixin.py:190} INFO - [2024-12-08T11:30:44.601+0000] {dag.py:4180} INFO - Setting next_dagrun for homework_zone_dag to None, run_after=None
[2024-12-08T11:30:44.615+0000] {processor.py:208} INFO - Processing /opt/airflow/dags/homework_zone_dag.py took 0.069 seconds
[2024-12-08T12:04:18.499+0000] {processor.py:186} INFO - Started process (PID=7491) to work on /opt/airflow/dags/homework_zone_dag.py
[2024-12-08T12:04:18.500+0000] {processor.py:914} INFO - Processing file /opt/airflow/dags/homework_zone_dag.py for tasks to queue
[2024-12-08T12:04:18.501+0000] {logging_mixin.py:190} INFO - [2024-12-08T12:04:18.501+0000] {dagbag.py:588} INFO - Filling up the DagBag from /opt/airflow/dags/homework_zone_dag.py
[2024-12-08T12:04:18.516+0000] {processor.py:925} INFO - DAG(s) 'homework_zone_dag' retrieved from /opt/airflow/dags/homework_zone_dag.py
[2024-12-08T12:04:18.535+0000] {logging_mixin.py:190} INFO - [2024-12-08T12:04:18.534+0000] {dag.py:3239} INFO - Sync 1 DAGs
[2024-12-08T12:04:18.552+0000] {logging_mixin.py:190} INFO - [2024-12-08T12:04:18.552+0000] {dag.py:4180} INFO - Setting next_dagrun for homework_zone_dag to None, run_after=None
[2024-12-08T12:04:18.568+0000] {processor.py:208} INFO - Processing /opt/airflow/dags/homework_zone_dag.py took 0.076 seconds
[2024-12-08T13:11:16.546+0000] {processor.py:186} INFO - Started process (PID=7500) to work on /opt/airflow/dags/homework_zone_dag.py
[2024-12-08T13:11:16.546+0000] {processor.py:914} INFO - Processing file /opt/airflow/dags/homework_zone_dag.py for tasks to queue
[2024-12-08T13:11:16.547+0000] {logging_mixin.py:190} INFO - [2024-12-08T13:11:16.547+0000] {dagbag.py:588} INFO - Filling up the DagBag from /opt/airflow/dags/homework_zone_dag.py
[2024-12-08T13:11:16.560+0000] {processor.py:925} INFO - DAG(s) 'homework_zone_dag' retrieved from /opt/airflow/dags/homework_zone_dag.py
[2024-12-08T13:11:16.576+0000] {logging_mixin.py:190} INFO - [2024-12-08T13:11:16.576+0000] {dag.py:3239} INFO - Sync 1 DAGs
[2024-12-08T13:11:16.590+0000] {logging_mixin.py:190} INFO - [2024-12-08T13:11:16.590+0000] {dag.py:4180} INFO - Setting next_dagrun for homework_zone_dag to None, run_after=None
[2024-12-08T13:11:16.603+0000] {processor.py:208} INFO - Processing /opt/airflow/dags/homework_zone_dag.py took 0.063 seconds
[2024-12-08T13:11:47.022+0000] {processor.py:186} INFO - Started process (PID=7509) to work on /opt/airflow/dags/homework_zone_dag.py
[2024-12-08T13:11:47.023+0000] {processor.py:914} INFO - Processing file /opt/airflow/dags/homework_zone_dag.py for tasks to queue
[2024-12-08T13:11:47.025+0000] {logging_mixin.py:190} INFO - [2024-12-08T13:11:47.024+0000] {dagbag.py:588} INFO - Filling up the DagBag from /opt/airflow/dags/homework_zone_dag.py
[2024-12-08T13:11:47.049+0000] {processor.py:925} INFO - DAG(s) 'homework_zone_dag' retrieved from /opt/airflow/dags/homework_zone_dag.py
[2024-12-08T13:11:47.076+0000] {logging_mixin.py:190} INFO - [2024-12-08T13:11:47.076+0000] {dag.py:3239} INFO - Sync 1 DAGs
[2024-12-08T13:11:47.093+0000] {logging_mixin.py:190} INFO - [2024-12-08T13:11:47.093+0000] {dag.py:4180} INFO - Setting next_dagrun for homework_zone_dag to None, run_after=None
[2024-12-08T13:11:47.109+0000] {processor.py:208} INFO - Processing /opt/airflow/dags/homework_zone_dag.py took 0.095 seconds
[2024-12-08T14:26:34.497+0000] {processor.py:186} INFO - Started process (PID=7518) to work on /opt/airflow/dags/homework_zone_dag.py
[2024-12-08T14:26:34.498+0000] {processor.py:914} INFO - Processing file /opt/airflow/dags/homework_zone_dag.py for tasks to queue
[2024-12-08T14:26:34.499+0000] {logging_mixin.py:190} INFO - [2024-12-08T14:26:34.499+0000] {dagbag.py:588} INFO - Filling up the DagBag from /opt/airflow/dags/homework_zone_dag.py
[2024-12-08T14:26:34.515+0000] {processor.py:925} INFO - DAG(s) 'homework_zone_dag' retrieved from /opt/airflow/dags/homework_zone_dag.py
[2024-12-08T14:26:34.533+0000] {logging_mixin.py:190} INFO - [2024-12-08T14:26:34.533+0000] {dag.py:3239} INFO - Sync 1 DAGs
[2024-12-08T14:26:34.548+0000] {logging_mixin.py:190} INFO - [2024-12-08T14:26:34.548+0000] {dag.py:4180} INFO - Setting next_dagrun for homework_zone_dag to None, run_after=None
[2024-12-08T14:26:34.561+0000] {processor.py:208} INFO - Processing /opt/airflow/dags/homework_zone_dag.py took 0.071 seconds
[2024-12-08T14:43:09.202+0000] {processor.py:186} INFO - Started process (PID=7527) to work on /opt/airflow/dags/homework_zone_dag.py
[2024-12-08T14:43:09.203+0000] {processor.py:914} INFO - Processing file /opt/airflow/dags/homework_zone_dag.py for tasks to queue
[2024-12-08T14:43:09.204+0000] {logging_mixin.py:190} INFO - [2024-12-08T14:43:09.204+0000] {dagbag.py:588} INFO - Filling up the DagBag from /opt/airflow/dags/homework_zone_dag.py
[2024-12-08T14:43:09.214+0000] {processor.py:925} INFO - DAG(s) 'homework_zone_dag' retrieved from /opt/airflow/dags/homework_zone_dag.py
[2024-12-08T14:43:09.232+0000] {logging_mixin.py:190} INFO - [2024-12-08T14:43:09.232+0000] {dag.py:3239} INFO - Sync 1 DAGs
[2024-12-08T14:43:09.246+0000] {logging_mixin.py:190} INFO - [2024-12-08T14:43:09.246+0000] {dag.py:4180} INFO - Setting next_dagrun for homework_zone_dag to None, run_after=None
[2024-12-08T14:43:09.257+0000] {processor.py:208} INFO - Processing /opt/airflow/dags/homework_zone_dag.py took 0.062 seconds
[2024-12-08T15:33:18.298+0000] {processor.py:186} INFO - Started process (PID=7536) to work on /opt/airflow/dags/homework_zone_dag.py
[2024-12-08T15:33:18.300+0000] {processor.py:914} INFO - Processing file /opt/airflow/dags/homework_zone_dag.py for tasks to queue
[2024-12-08T15:33:18.303+0000] {logging_mixin.py:190} INFO - [2024-12-08T15:33:18.302+0000] {dagbag.py:588} INFO - Filling up the DagBag from /opt/airflow/dags/homework_zone_dag.py
[2024-12-08T15:33:18.324+0000] {processor.py:925} INFO - DAG(s) 'homework_zone_dag' retrieved from /opt/airflow/dags/homework_zone_dag.py
[2024-12-08T15:33:18.368+0000] {logging_mixin.py:190} INFO - [2024-12-08T15:33:18.367+0000] {dag.py:3239} INFO - Sync 1 DAGs
[2024-12-08T15:33:18.389+0000] {logging_mixin.py:190} INFO - [2024-12-08T15:33:18.389+0000] {dag.py:4180} INFO - Setting next_dagrun for homework_zone_dag to None, run_after=None
[2024-12-08T15:33:18.403+0000] {processor.py:208} INFO - Processing /opt/airflow/dags/homework_zone_dag.py took 0.115 seconds
[2024-12-08T16:11:47.263+0000] {processor.py:186} INFO - Started process (PID=7545) to work on /opt/airflow/dags/homework_zone_dag.py
[2024-12-08T16:11:47.264+0000] {processor.py:914} INFO - Processing file /opt/airflow/dags/homework_zone_dag.py for tasks to queue
[2024-12-08T16:11:47.266+0000] {logging_mixin.py:190} INFO - [2024-12-08T16:11:47.266+0000] {dagbag.py:588} INFO - Filling up the DagBag from /opt/airflow/dags/homework_zone_dag.py
[2024-12-08T16:11:47.280+0000] {processor.py:925} INFO - DAG(s) 'homework_zone_dag' retrieved from /opt/airflow/dags/homework_zone_dag.py
[2024-12-08T16:11:47.300+0000] {logging_mixin.py:190} INFO - [2024-12-08T16:11:47.300+0000] {dag.py:3239} INFO - Sync 1 DAGs
[2024-12-08T16:11:47.318+0000] {logging_mixin.py:190} INFO - [2024-12-08T16:11:47.318+0000] {dag.py:4180} INFO - Setting next_dagrun for homework_zone_dag to None, run_after=None
[2024-12-08T16:11:47.330+0000] {processor.py:208} INFO - Processing /opt/airflow/dags/homework_zone_dag.py took 0.075 seconds
[2024-12-08T16:40:09.364+0000] {processor.py:186} INFO - Started process (PID=7554) to work on /opt/airflow/dags/homework_zone_dag.py
[2024-12-08T16:40:09.365+0000] {processor.py:914} INFO - Processing file /opt/airflow/dags/homework_zone_dag.py for tasks to queue
[2024-12-08T16:40:09.366+0000] {logging_mixin.py:190} INFO - [2024-12-08T16:40:09.366+0000] {dagbag.py:588} INFO - Filling up the DagBag from /opt/airflow/dags/homework_zone_dag.py
[2024-12-08T16:40:09.386+0000] {processor.py:925} INFO - DAG(s) 'homework_zone_dag' retrieved from /opt/airflow/dags/homework_zone_dag.py
[2024-12-08T16:40:09.404+0000] {logging_mixin.py:190} INFO - [2024-12-08T16:40:09.403+0000] {dag.py:3239} INFO - Sync 1 DAGs
[2024-12-08T16:40:09.420+0000] {logging_mixin.py:190} INFO - [2024-12-08T16:40:09.420+0000] {dag.py:4180} INFO - Setting next_dagrun for homework_zone_dag to None, run_after=None
[2024-12-08T16:40:09.432+0000] {processor.py:208} INFO - Processing /opt/airflow/dags/homework_zone_dag.py took 0.077 seconds
[2024-12-08T17:40:54.077+0000] {processor.py:186} INFO - Started process (PID=7563) to work on /opt/airflow/dags/homework_zone_dag.py
[2024-12-08T17:40:54.078+0000] {processor.py:914} INFO - Processing file /opt/airflow/dags/homework_zone_dag.py for tasks to queue
[2024-12-08T17:40:54.079+0000] {logging_mixin.py:190} INFO - [2024-12-08T17:40:54.079+0000] {dagbag.py:588} INFO - Filling up the DagBag from /opt/airflow/dags/homework_zone_dag.py
[2024-12-08T17:40:54.092+0000] {processor.py:925} INFO - DAG(s) 'homework_zone_dag' retrieved from /opt/airflow/dags/homework_zone_dag.py
[2024-12-08T17:40:54.110+0000] {logging_mixin.py:190} INFO - [2024-12-08T17:40:54.110+0000] {dag.py:3239} INFO - Sync 1 DAGs
[2024-12-08T17:40:54.125+0000] {logging_mixin.py:190} INFO - [2024-12-08T17:40:54.125+0000] {dag.py:4180} INFO - Setting next_dagrun for homework_zone_dag to None, run_after=None
[2024-12-08T17:40:54.135+0000] {processor.py:208} INFO - Processing /opt/airflow/dags/homework_zone_dag.py took 0.063 seconds
[2024-12-08T17:58:13.419+0000] {processor.py:186} INFO - Started process (PID=7572) to work on /opt/airflow/dags/homework_zone_dag.py
[2024-12-08T17:58:13.420+0000] {processor.py:914} INFO - Processing file /opt/airflow/dags/homework_zone_dag.py for tasks to queue
[2024-12-08T17:58:13.421+0000] {logging_mixin.py:190} INFO - [2024-12-08T17:58:13.420+0000] {dagbag.py:588} INFO - Filling up the DagBag from /opt/airflow/dags/homework_zone_dag.py
[2024-12-08T17:58:13.435+0000] {processor.py:925} INFO - DAG(s) 'homework_zone_dag' retrieved from /opt/airflow/dags/homework_zone_dag.py
[2024-12-08T17:58:13.453+0000] {logging_mixin.py:190} INFO - [2024-12-08T17:58:13.453+0000] {dag.py:3239} INFO - Sync 1 DAGs
[2024-12-08T17:58:13.468+0000] {logging_mixin.py:190} INFO - [2024-12-08T17:58:13.468+0000] {dag.py:4180} INFO - Setting next_dagrun for homework_zone_dag to None, run_after=None
[2024-12-08T17:58:13.478+0000] {processor.py:208} INFO - Processing /opt/airflow/dags/homework_zone_dag.py took 0.067 seconds
[2024-12-08T18:42:08.302+0000] {processor.py:186} INFO - Started process (PID=7581) to work on /opt/airflow/dags/homework_zone_dag.py
[2024-12-08T18:42:08.303+0000] {processor.py:914} INFO - Processing file /opt/airflow/dags/homework_zone_dag.py for tasks to queue
[2024-12-08T18:42:08.304+0000] {logging_mixin.py:190} INFO - [2024-12-08T18:42:08.304+0000] {dagbag.py:588} INFO - Filling up the DagBag from /opt/airflow/dags/homework_zone_dag.py
[2024-12-08T18:42:08.321+0000] {processor.py:925} INFO - DAG(s) 'homework_zone_dag' retrieved from /opt/airflow/dags/homework_zone_dag.py
[2024-12-08T18:42:08.345+0000] {logging_mixin.py:190} INFO - [2024-12-08T18:42:08.345+0000] {dag.py:3239} INFO - Sync 1 DAGs
[2024-12-08T18:42:08.363+0000] {logging_mixin.py:190} INFO - [2024-12-08T18:42:08.363+0000] {dag.py:4180} INFO - Setting next_dagrun for homework_zone_dag to None, run_after=None
[2024-12-08T18:42:08.375+0000] {processor.py:208} INFO - Processing /opt/airflow/dags/homework_zone_dag.py took 0.079 seconds
[2024-12-08T19:27:46.972+0000] {processor.py:186} INFO - Started process (PID=7590) to work on /opt/airflow/dags/homework_zone_dag.py
[2024-12-08T19:27:46.973+0000] {processor.py:914} INFO - Processing file /opt/airflow/dags/homework_zone_dag.py for tasks to queue
[2024-12-08T19:27:46.974+0000] {logging_mixin.py:190} INFO - [2024-12-08T19:27:46.974+0000] {dagbag.py:588} INFO - Filling up the DagBag from /opt/airflow/dags/homework_zone_dag.py
[2024-12-08T19:27:46.986+0000] {processor.py:925} INFO - DAG(s) 'homework_zone_dag' retrieved from /opt/airflow/dags/homework_zone_dag.py
[2024-12-08T19:27:47.003+0000] {logging_mixin.py:190} INFO - [2024-12-08T19:27:47.003+0000] {dag.py:3239} INFO - Sync 1 DAGs
[2024-12-08T19:27:47.022+0000] {logging_mixin.py:190} INFO - [2024-12-08T19:27:47.022+0000] {dag.py:4180} INFO - Setting next_dagrun for homework_zone_dag to None, run_after=None
[2024-12-08T19:27:47.033+0000] {processor.py:208} INFO - Processing /opt/airflow/dags/homework_zone_dag.py took 0.071 seconds
[2024-12-08T20:49:58.570+0000] {processor.py:186} INFO - Started process (PID=7599) to work on /opt/airflow/dags/homework_zone_dag.py
[2024-12-08T20:49:58.572+0000] {processor.py:914} INFO - Processing file /opt/airflow/dags/homework_zone_dag.py for tasks to queue
[2024-12-08T20:49:58.573+0000] {logging_mixin.py:190} INFO - [2024-12-08T20:49:58.573+0000] {dagbag.py:588} INFO - Filling up the DagBag from /opt/airflow/dags/homework_zone_dag.py
[2024-12-08T20:49:58.586+0000] {processor.py:925} INFO - DAG(s) 'homework_zone_dag' retrieved from /opt/airflow/dags/homework_zone_dag.py
[2024-12-08T20:49:58.602+0000] {logging_mixin.py:190} INFO - [2024-12-08T20:49:58.602+0000] {dag.py:3239} INFO - Sync 1 DAGs
[2024-12-08T20:49:58.615+0000] {logging_mixin.py:190} INFO - [2024-12-08T20:49:58.615+0000] {dag.py:4180} INFO - Setting next_dagrun for homework_zone_dag to None, run_after=None
[2024-12-08T20:49:58.626+0000] {processor.py:208} INFO - Processing /opt/airflow/dags/homework_zone_dag.py took 0.063 seconds
[2024-12-08T22:09:55.160+0000] {processor.py:186} INFO - Started process (PID=7608) to work on /opt/airflow/dags/homework_zone_dag.py
[2024-12-08T22:09:55.161+0000] {processor.py:914} INFO - Processing file /opt/airflow/dags/homework_zone_dag.py for tasks to queue
[2024-12-08T22:09:55.164+0000] {logging_mixin.py:190} INFO - [2024-12-08T22:09:55.163+0000] {dagbag.py:588} INFO - Filling up the DagBag from /opt/airflow/dags/homework_zone_dag.py
[2024-12-08T22:09:55.183+0000] {processor.py:925} INFO - DAG(s) 'homework_zone_dag' retrieved from /opt/airflow/dags/homework_zone_dag.py
[2024-12-08T22:09:55.207+0000] {logging_mixin.py:190} INFO - [2024-12-08T22:09:55.207+0000] {dag.py:3239} INFO - Sync 1 DAGs
[2024-12-08T22:09:55.226+0000] {logging_mixin.py:190} INFO - [2024-12-08T22:09:55.226+0000] {dag.py:4180} INFO - Setting next_dagrun for homework_zone_dag to None, run_after=None
[2024-12-08T22:09:55.253+0000] {processor.py:208} INFO - Processing /opt/airflow/dags/homework_zone_dag.py took 0.099 seconds
[2024-12-08T22:28:05.438+0000] {processor.py:186} INFO - Started process (PID=7617) to work on /opt/airflow/dags/homework_zone_dag.py
[2024-12-08T22:28:05.439+0000] {processor.py:914} INFO - Processing file /opt/airflow/dags/homework_zone_dag.py for tasks to queue
[2024-12-08T22:28:05.440+0000] {logging_mixin.py:190} INFO - [2024-12-08T22:28:05.439+0000] {dagbag.py:588} INFO - Filling up the DagBag from /opt/airflow/dags/homework_zone_dag.py
[2024-12-08T22:28:05.451+0000] {processor.py:925} INFO - DAG(s) 'homework_zone_dag' retrieved from /opt/airflow/dags/homework_zone_dag.py
[2024-12-08T22:28:05.471+0000] {logging_mixin.py:190} INFO - [2024-12-08T22:28:05.471+0000] {dag.py:3239} INFO - Sync 1 DAGs
[2024-12-08T22:28:05.488+0000] {logging_mixin.py:190} INFO - [2024-12-08T22:28:05.488+0000] {dag.py:4180} INFO - Setting next_dagrun for homework_zone_dag to None, run_after=None
[2024-12-08T22:28:05.500+0000] {processor.py:208} INFO - Processing /opt/airflow/dags/homework_zone_dag.py took 0.068 seconds
[2024-12-08T22:49:53.739+0000] {processor.py:186} INFO - Started process (PID=7626) to work on /opt/airflow/dags/homework_zone_dag.py
[2024-12-08T22:49:53.740+0000] {processor.py:914} INFO - Processing file /opt/airflow/dags/homework_zone_dag.py for tasks to queue
[2024-12-08T22:49:53.741+0000] {logging_mixin.py:190} INFO - [2024-12-08T22:49:53.741+0000] {dagbag.py:588} INFO - Filling up the DagBag from /opt/airflow/dags/homework_zone_dag.py
[2024-12-08T22:49:53.753+0000] {processor.py:925} INFO - DAG(s) 'homework_zone_dag' retrieved from /opt/airflow/dags/homework_zone_dag.py
[2024-12-08T22:49:53.774+0000] {logging_mixin.py:190} INFO - [2024-12-08T22:49:53.774+0000] {dag.py:3239} INFO - Sync 1 DAGs
[2024-12-08T22:49:53.790+0000] {logging_mixin.py:190} INFO - [2024-12-08T22:49:53.790+0000] {dag.py:4180} INFO - Setting next_dagrun for homework_zone_dag to None, run_after=None
[2024-12-08T22:49:53.802+0000] {processor.py:208} INFO - Processing /opt/airflow/dags/homework_zone_dag.py took 0.070 seconds
[2024-12-08T23:40:44.843+0000] {processor.py:186} INFO - Started process (PID=7635) to work on /opt/airflow/dags/homework_zone_dag.py
[2024-12-08T23:40:44.844+0000] {processor.py:914} INFO - Processing file /opt/airflow/dags/homework_zone_dag.py for tasks to queue
[2024-12-08T23:40:44.845+0000] {logging_mixin.py:190} INFO - [2024-12-08T23:40:44.845+0000] {dagbag.py:588} INFO - Filling up the DagBag from /opt/airflow/dags/homework_zone_dag.py
[2024-12-08T23:40:44.864+0000] {processor.py:925} INFO - DAG(s) 'homework_zone_dag' retrieved from /opt/airflow/dags/homework_zone_dag.py
[2024-12-08T23:40:44.895+0000] {logging_mixin.py:190} INFO - [2024-12-08T23:40:44.895+0000] {dag.py:3239} INFO - Sync 1 DAGs
[2024-12-08T23:40:44.912+0000] {logging_mixin.py:190} INFO - [2024-12-08T23:40:44.912+0000] {dag.py:4180} INFO - Setting next_dagrun for homework_zone_dag to None, run_after=None
[2024-12-08T23:40:44.925+0000] {processor.py:208} INFO - Processing /opt/airflow/dags/homework_zone_dag.py took 0.087 seconds
