[2024-12-09T23:58:20.486+0000] {local_task_job_runner.py:123} INFO - ::group::Pre task execution logs
[2024-12-09T23:58:20.543+0000] {taskinstance.py:2613} INFO - Dependencies all met for dep_context=non-requeueable deps ti=<TaskInstance: homework_dag_v2.delete_dataset scheduled__2022-09-01T00:00:00+00:00 [queued]>
[2024-12-09T23:58:20.551+0000] {taskinstance.py:2613} INFO - Dependencies all met for dep_context=requeueable deps ti=<TaskInstance: homework_dag_v2.delete_dataset scheduled__2022-09-01T00:00:00+00:00 [queued]>
[2024-12-09T23:58:20.552+0000] {taskinstance.py:2866} INFO - Starting attempt 2 of 2
[2024-12-09T23:58:20.595+0000] {taskinstance.py:2889} INFO - Executing <Task(BashOperator): delete_dataset> on 2022-09-01 00:00:00+00:00
[2024-12-09T23:58:20.605+0000] {warnings.py:112} WARNING - /home/***/.local/lib/python3.12/site-packages/***/task/task_runner/standard_task_runner.py:70: DeprecationWarning: This process (pid=12364) is multi-threaded, use of fork() may lead to deadlocks in the child.
  pid = os.fork()

[2024-12-09T23:58:20.611+0000] {standard_task_runner.py:72} INFO - Started process 12396 to run task
[2024-12-09T23:58:20.608+0000] {standard_task_runner.py:104} INFO - Running: ['***', 'tasks', 'run', 'homework_dag_v2', 'delete_dataset', 'scheduled__2022-09-01T00:00:00+00:00', '--job-id', '273', '--raw', '--subdir', 'DAGS_FOLDER/homework_dag_v2.py', '--cfg-path', '/tmp/tmp4tsx0m62']
[2024-12-09T23:58:20.617+0000] {standard_task_runner.py:105} INFO - Job 273: Subtask delete_dataset
[2024-12-09T23:58:20.708+0000] {task_command.py:467} INFO - Running <TaskInstance: homework_dag_v2.delete_dataset scheduled__2022-09-01T00:00:00+00:00 [running]> on host 39ecaeffba2c
[2024-12-09T23:58:20.818+0000] {taskinstance.py:3132} INFO - Exporting env vars: AIRFLOW_CTX_DAG_OWNER='***' AIRFLOW_CTX_DAG_ID='homework_dag_v2' AIRFLOW_CTX_TASK_ID='delete_dataset' AIRFLOW_CTX_EXECUTION_DATE='2022-09-01T00:00:00+00:00' AIRFLOW_CTX_TRY_NUMBER='2' AIRFLOW_CTX_DAG_RUN_ID='scheduled__2022-09-01T00:00:00+00:00'
[2024-12-09T23:58:20.819+0000] {taskinstance.py:731} INFO - ::endgroup::
[2024-12-09T23:58:20.851+0000] {subprocess.py:78} INFO - Tmp dir root location: /tmp
[2024-12-09T23:58:20.869+0000] {subprocess.py:88} INFO - Running command: ['/usr/bin/bash', '-c', 'rm /opt/***/green_tripdata_2022-09.parquet']
[2024-12-09T23:58:20.883+0000] {subprocess.py:99} INFO - Output:
[2024-12-09T23:58:20.886+0000] {subprocess.py:110} INFO - Command exited with return code 0
[2024-12-09T23:58:20.925+0000] {taskinstance.py:340} INFO - ::group::Post task execution logs
[2024-12-09T23:58:20.926+0000] {taskinstance.py:352} INFO - Marking task as SUCCESS. dag_id=homework_dag_v2, task_id=delete_dataset, run_id=scheduled__2022-09-01T00:00:00+00:00, execution_date=20220901T000000, start_date=20241209T235820, end_date=20241209T235820
[2024-12-09T23:58:20.967+0000] {local_task_job_runner.py:266} INFO - Task exited with return code 0
[2024-12-09T23:58:20.986+0000] {local_task_job_runner.py:245} INFO - ::endgroup::
