[2024-12-05T20:40:37.058+0000] {local_task_job_runner.py:123} INFO - ::group::Pre task execution logs
[2024-12-05T20:40:37.074+0000] {taskinstance.py:2613} INFO - Dependencies all met for dep_context=non-requeueable deps ti=<TaskInstance: LocalIngestionDag.wget scheduled__2021-03-02T06:00:00+00:00 [queued]>
[2024-12-05T20:40:37.079+0000] {taskinstance.py:2613} INFO - Dependencies all met for dep_context=requeueable deps ti=<TaskInstance: LocalIngestionDag.wget scheduled__2021-03-02T06:00:00+00:00 [queued]>
[2024-12-05T20:40:37.080+0000] {taskinstance.py:2866} INFO - Starting attempt 3 of 3
[2024-12-05T20:40:37.091+0000] {taskinstance.py:2889} INFO - Executing <Task(BashOperator): wget> on 2021-03-02 06:00:00+00:00
[2024-12-05T20:40:37.095+0000] {warnings.py:112} WARNING - /home/***/.local/lib/python3.12/site-packages/***/task/task_runner/standard_task_runner.py:70: DeprecationWarning: This process (pid=811) is multi-threaded, use of fork() may lead to deadlocks in the child.
  pid = os.fork()

[2024-12-05T20:40:37.097+0000] {standard_task_runner.py:104} INFO - Running: ['***', 'tasks', 'run', 'LocalIngestionDag', 'wget', 'scheduled__2021-03-02T06:00:00+00:00', '--job-id', '32', '--raw', '--subdir', 'DAGS_FOLDER/data_ingestion_local.py', '--cfg-path', '/tmp/tmpq_hqpw5d']
[2024-12-05T20:40:37.098+0000] {standard_task_runner.py:105} INFO - Job 32: Subtask wget
[2024-12-05T20:40:37.098+0000] {standard_task_runner.py:72} INFO - Started process 814 to run task
[2024-12-05T20:40:37.136+0000] {task_command.py:467} INFO - Running <TaskInstance: LocalIngestionDag.wget scheduled__2021-03-02T06:00:00+00:00 [running]> on host cf87bc668ac5
[2024-12-05T20:40:37.182+0000] {taskinstance.py:3132} INFO - Exporting env vars: AIRFLOW_CTX_DAG_OWNER='***' AIRFLOW_CTX_DAG_ID='LocalIngestionDag' AIRFLOW_CTX_TASK_ID='wget' AIRFLOW_CTX_EXECUTION_DATE='2021-03-02T06:00:00+00:00' AIRFLOW_CTX_TRY_NUMBER='3' AIRFLOW_CTX_DAG_RUN_ID='scheduled__2021-03-02T06:00:00+00:00'
[2024-12-05T20:40:37.183+0000] {taskinstance.py:731} INFO - ::endgroup::
[2024-12-05T20:40:37.192+0000] {subprocess.py:78} INFO - Tmp dir root location: /tmp
[2024-12-05T20:40:37.194+0000] {subprocess.py:88} INFO - Running command: ['/usr/bin/bash', '-c', 'wget https://d37ci6vzurychx.cloudfront.net/trip-data/yellow_tripdata_2021-03.parquet -O /opt/***/output_2021-03.parquet']
[2024-12-05T20:40:37.200+0000] {subprocess.py:99} INFO - Output:
[2024-12-05T20:40:37.214+0000] {subprocess.py:106} INFO - --2024-12-05 20:40:37--  https://d37ci6vzurychx.cloudfront.net/trip-data/yellow_tripdata_2021-03.parquet
[2024-12-05T20:40:37.234+0000] {subprocess.py:106} INFO - Resolving d37ci6vzurychx.cloudfront.net (d37ci6vzurychx.cloudfront.net)... 52.85.39.153, 52.85.39.117, 52.85.39.65, ...
[2024-12-05T20:40:37.253+0000] {subprocess.py:106} INFO - Connecting to d37ci6vzurychx.cloudfront.net (d37ci6vzurychx.cloudfront.net)|52.85.39.153|:443... connected.
[2024-12-05T20:40:37.301+0000] {subprocess.py:106} INFO - HTTP request sent, awaiting response... 200 OK
[2024-12-05T20:40:37.302+0000] {subprocess.py:106} INFO - Length: 30007852 (29M) [application/x-www-form-urlencoded]
[2024-12-05T20:40:37.303+0000] {subprocess.py:106} INFO - Saving to: ‘/opt/***/output_2021-03.parquet’
[2024-12-05T20:40:37.303+0000] {subprocess.py:106} INFO - 
[2024-12-05T20:40:37.317+0000] {subprocess.py:106} INFO -      0K .......... .......... .......... .......... ..........  0% 3.09M 9s
[2024-12-05T20:40:37.323+0000] {subprocess.py:106} INFO -     50K .......... .......... .......... .......... ..........  0% 8.02M 6s
[2024-12-05T20:40:37.332+0000] {subprocess.py:106} INFO -    100K .......... .......... .......... .......... ..........  0% 5.35M 6s
[2024-12-05T20:40:37.337+0000] {subprocess.py:106} INFO -    150K .......... .......... .......... .......... ..........  0% 9.92M 5s
[2024-12-05T20:40:37.341+0000] {subprocess.py:106} INFO -    200K .......... .......... .......... .......... ..........  0% 12.4M 5s
[2024-12-05T20:40:37.345+0000] {subprocess.py:106} INFO -    250K .......... .......... .......... .......... ..........  1% 12.6M 4s
[2024-12-05T20:40:37.349+0000] {subprocess.py:106} INFO -    300K .......... .......... .......... .......... ..........  1% 13.7M 4s
[2024-12-05T20:40:37.351+0000] {subprocess.py:106} INFO -    350K .......... .......... .......... .......... ..........  1% 21.3M 4s
[2024-12-05T20:40:37.354+0000] {subprocess.py:106} INFO -    400K .......... .......... .......... .......... ..........  1% 18.4M 3s
[2024-12-05T20:40:37.358+0000] {subprocess.py:106} INFO -    450K .......... .......... .......... .......... ..........  1% 12.6M 3s
[2024-12-05T20:40:37.362+0000] {subprocess.py:106} INFO -    500K .......... .......... .......... .......... ..........  1% 24.9M 3s
[2024-12-05T20:40:37.363+0000] {subprocess.py:106} INFO -    550K .......... .......... .......... .......... ..........  2% 33.4M 3s
[2024-12-05T20:40:37.363+0000] {subprocess.py:106} INFO -    600K .......... .......... .......... .......... ..........  2% 29.5M 3s
[2024-12-05T20:40:37.395+0000] {subprocess.py:106} INFO -    650K .......... .......... .......... .......... ..........  2% 1.52M 4s
[2024-12-05T20:40:37.396+0000] {subprocess.py:106} INFO -    700K .......... .......... .......... .......... ..........  2%  205M 4s
[2024-12-05T20:40:37.397+0000] {subprocess.py:106} INFO -    750K .......... .......... .......... .......... ..........  2%  103M 3s
[2024-12-05T20:40:37.398+0000] {subprocess.py:106} INFO -    800K .......... .......... .......... .......... ..........  2%  227M 3s
[2024-12-05T20:40:37.402+0000] {subprocess.py:106} INFO -    850K .......... .......... .......... .......... ..........  3%  343M 3s
[2024-12-05T20:40:37.404+0000] {subprocess.py:106} INFO -    900K .......... .......... .......... .......... ..........  3% 29.8M 3s
[2024-12-05T20:40:37.404+0000] {subprocess.py:106} INFO -    950K .......... .......... .......... .......... ..........  3% 33.9M 3s
[2024-12-05T20:40:37.405+0000] {subprocess.py:106} INFO -   1000K .......... .......... .......... .......... ..........  3% 49.8M 3s
[2024-12-05T20:40:37.405+0000] {subprocess.py:106} INFO -   1050K .......... .......... .......... .......... ..........  3% 74.3M 3s
[2024-12-05T20:40:37.406+0000] {subprocess.py:106} INFO -   1100K .......... .......... .......... .......... ..........  3% 59.0M 2s
[2024-12-05T20:40:37.406+0000] {subprocess.py:106} INFO -   1150K .......... .......... .......... .......... ..........  4%  162M 2s
[2024-12-05T20:40:37.406+0000] {subprocess.py:106} INFO -   1200K .......... .......... .......... .......... ..........  4%  203M 2s
[2024-12-05T20:40:37.409+0000] {subprocess.py:106} INFO -   1250K .......... .......... .......... .......... ..........  4% 7.15M 2s
[2024-12-05T20:40:37.414+0000] {subprocess.py:106} INFO -   1300K .......... .......... .......... .......... ..........  4% 61.7M 2s
[2024-12-05T20:40:37.415+0000] {subprocess.py:106} INFO -   1350K .......... .......... .......... .......... ..........  4% 42.0M 2s
[2024-12-05T20:40:37.415+0000] {subprocess.py:106} INFO -   1400K .......... .......... .......... .......... ..........  4% 35.2M 2s
[2024-12-05T20:40:37.415+0000] {subprocess.py:106} INFO -   1450K .......... .......... .......... .......... ..........  5% 79.2M 2s
[2024-12-05T20:40:37.416+0000] {subprocess.py:106} INFO -   1500K .......... .......... .......... .......... ..........  5% 68.4M 2s
[2024-12-05T20:40:37.448+0000] {subprocess.py:106} INFO -   1550K .......... .......... .......... .......... ..........  5% 1.43M 3s
[2024-12-05T20:40:37.452+0000] {subprocess.py:106} INFO -   1600K .......... .......... .......... .......... ..........  5% 18.7M 2s
[2024-12-05T20:40:37.452+0000] {subprocess.py:106} INFO -   1650K .......... .......... .......... .......... ..........  5%  147M 2s
[2024-12-05T20:40:37.455+0000] {subprocess.py:106} INFO -   1700K .......... .......... .......... .......... ..........  5% 90.5M 2s
[2024-12-05T20:40:37.455+0000] {subprocess.py:106} INFO -   1750K .......... .......... .......... .......... ..........  6% 61.9M 2s
[2024-12-05T20:40:37.456+0000] {subprocess.py:106} INFO -   1800K .......... .......... .......... .......... ..........  6%  230M 2s
[2024-12-05T20:40:37.457+0000] {subprocess.py:106} INFO -   1850K .......... .......... .......... .......... ..........  6% 43.4M 2s
[2024-12-05T20:40:37.459+0000] {subprocess.py:106} INFO -   1900K .......... .......... .......... .......... ..........  6% 19.9M 2s
[2024-12-05T20:40:37.459+0000] {subprocess.py:106} INFO -   1950K .......... .......... .......... .......... ..........  6% 29.8M 2s
[2024-12-05T20:40:37.460+0000] {subprocess.py:106} INFO -   2000K .......... .......... .......... .......... ..........  6% 28.1M 2s
[2024-12-05T20:40:37.461+0000] {subprocess.py:106} INFO -   2050K .......... .......... .......... .......... ..........  7% 28.6M 2s
[2024-12-05T20:40:37.463+0000] {subprocess.py:106} INFO -   2100K .......... .......... .......... .......... ..........  7% 18.5M 2s
[2024-12-05T20:40:37.466+0000] {subprocess.py:106} INFO -   2150K .......... .......... .......... .......... ..........  7% 20.3M 2s
[2024-12-05T20:40:37.469+0000] {subprocess.py:106} INFO -   2200K .......... .......... .......... .......... ..........  7% 41.6M 2s
[2024-12-05T20:40:37.470+0000] {subprocess.py:106} INFO -   2250K .......... .......... .......... .......... ..........  7% 72.8M 2s
[2024-12-05T20:40:37.473+0000] {subprocess.py:106} INFO -   2300K .......... .......... .......... .......... ..........  8% 29.9M 2s
[2024-12-05T20:40:37.475+0000] {subprocess.py:106} INFO -   2350K .......... .......... .......... .......... ..........  8% 17.9M 2s
[2024-12-05T20:40:37.476+0000] {subprocess.py:106} INFO -   2400K .......... .......... .......... .......... ..........  8% 60.4M 2s
[2024-12-05T20:40:37.476+0000] {subprocess.py:106} INFO -   2450K .......... .......... .......... .......... ..........  8% 83.6M 2s
[2024-12-05T20:40:37.477+0000] {subprocess.py:106} INFO -   2500K .......... .......... .......... .......... ..........  8%  161M 2s
[2024-12-05T20:40:37.478+0000] {subprocess.py:106} INFO -   2550K .......... .......... .......... .......... ..........  8% 29.3M 2s
[2024-12-05T20:40:37.478+0000] {subprocess.py:106} INFO -   2600K .......... .......... .......... .......... ..........  9%  115M 2s
[2024-12-05T20:40:37.479+0000] {subprocess.py:106} INFO -   2650K .......... .......... .......... .......... ..........  9% 65.6M 2s
[2024-12-05T20:40:37.479+0000] {subprocess.py:106} INFO -   2700K .......... .......... .......... .......... ..........  9%  112M 2s
[2024-12-05T20:40:37.480+0000] {subprocess.py:106} INFO -   2750K .......... .......... .......... .......... ..........  9%  236M 2s
[2024-12-05T20:40:37.480+0000] {subprocess.py:106} INFO -   2800K .......... .......... .......... .......... ..........  9%  159M 2s
[2024-12-05T20:40:37.480+0000] {subprocess.py:106} INFO -   2850K .......... .......... .......... .......... ..........  9%  321M 2s
[2024-12-05T20:40:37.481+0000] {subprocess.py:106} INFO -   2900K .......... .......... .......... .......... .......... 10%  222M 2s
[2024-12-05T20:40:37.481+0000] {subprocess.py:106} INFO -   2950K .......... .......... .......... .......... .......... 10%  298M 2s
[2024-12-05T20:40:37.484+0000] {subprocess.py:106} INFO -   3000K .......... .......... .......... .......... .......... 10% 8.46M 2s
[2024-12-05T20:40:37.487+0000] {subprocess.py:106} INFO -   3050K .......... .......... .......... .......... .......... 10% 13.1M 2s
[2024-12-05T20:40:37.489+0000] {subprocess.py:106} INFO -   3100K .......... .......... .......... .......... .......... 10%  185M 2s
[2024-12-05T20:40:37.490+0000] {subprocess.py:106} INFO -   3150K .......... .......... .......... .......... .......... 10% 63.4M 2s
[2024-12-05T20:40:37.490+0000] {subprocess.py:106} INFO -   3200K .......... .......... .......... .......... .......... 11%  138M 2s
[2024-12-05T20:40:37.490+0000] {subprocess.py:106} INFO -   3250K .......... .......... .......... .......... .......... 11% 94.5M 1s
[2024-12-05T20:40:37.491+0000] {subprocess.py:106} INFO -   3300K .......... .......... .......... .......... .......... 11%  276M 1s
[2024-12-05T20:40:37.495+0000] {subprocess.py:106} INFO -   3350K .......... .......... .......... .......... .......... 11% 9.02M 1s
[2024-12-05T20:40:37.496+0000] {subprocess.py:106} INFO -   3400K .......... .......... .......... .......... .......... 11% 58.9M 1s
[2024-12-05T20:40:37.519+0000] {subprocess.py:106} INFO -   3450K .......... .......... .......... .......... .......... 11% 2.13M 2s
[2024-12-05T20:40:37.525+0000] {subprocess.py:106} INFO -   3500K .......... .......... .......... .......... .......... 12% 28.2M 2s
[2024-12-05T20:40:37.525+0000] {subprocess.py:106} INFO -   3550K .......... .......... .......... .......... .......... 12% 49.2M 2s
[2024-12-05T20:40:37.527+0000] {subprocess.py:106} INFO -   3600K .......... .......... .......... .......... .......... 12%  133M 2s
[2024-12-05T20:40:37.527+0000] {subprocess.py:106} INFO -   3650K .......... .......... .......... .......... .......... 12%  160M 2s
[2024-12-05T20:40:37.529+0000] {subprocess.py:106} INFO -   3700K .......... .......... .......... .......... .......... 12% 94.0M 2s
[2024-12-05T20:40:37.529+0000] {subprocess.py:106} INFO -   3750K .......... .......... .......... .......... .......... 12%  105M 1s
[2024-12-05T20:40:37.530+0000] {subprocess.py:106} INFO -   3800K .......... .......... .......... .......... .......... 13%  103M 1s
[2024-12-05T20:40:37.530+0000] {subprocess.py:106} INFO -   3850K .......... .......... .......... .......... .......... 13% 51.8M 1s
[2024-12-05T20:40:37.531+0000] {subprocess.py:106} INFO -   3900K .......... .......... .......... .......... .......... 13%  161M 1s
[2024-12-05T20:40:37.531+0000] {subprocess.py:106} INFO -   3950K .......... .......... .......... .......... .......... 13%  217M 1s
[2024-12-05T20:40:37.531+0000] {subprocess.py:106} INFO -   4000K .......... .......... .......... .......... .......... 13%  221M 1s
[2024-12-05T20:40:37.532+0000] {subprocess.py:106} INFO -   4050K .......... .......... .......... .......... .......... 13% 43.8M 1s
[2024-12-05T20:40:37.532+0000] {subprocess.py:106} INFO -   4100K .......... .......... .......... .......... .......... 14% 33.9M 1s
[2024-12-05T20:40:37.533+0000] {subprocess.py:106} INFO -   4150K .......... .......... .......... .......... .......... 14%  278M 1s
[2024-12-05T20:40:37.534+0000] {subprocess.py:106} INFO -   4200K .......... .......... .......... .......... .......... 14%  184M 1s
[2024-12-05T20:40:37.552+0000] {subprocess.py:106} INFO -   4250K .......... .......... .......... .......... .......... 14% 2.07M 1s
[2024-12-05T20:40:37.553+0000] {subprocess.py:106} INFO -   4300K .......... .......... .......... .......... .......... 14%  229M 1s
[2024-12-05T20:40:37.553+0000] {subprocess.py:106} INFO -   4350K .......... .......... .......... .......... .......... 15%  241M 1s
[2024-12-05T20:40:37.554+0000] {subprocess.py:106} INFO -   4400K .......... .......... .......... .......... .......... 15%  145M 1s
[2024-12-05T20:40:37.554+0000] {subprocess.py:106} INFO -   4450K .......... .......... .......... .......... .......... 15%  177M 1s
[2024-12-05T20:40:37.554+0000] {subprocess.py:106} INFO -   4500K .......... .......... .......... .......... .......... 15%  259M 1s
[2024-12-05T20:40:37.555+0000] {subprocess.py:106} INFO -   4550K .......... .......... .......... .......... .......... 15%  226M 1s
[2024-12-05T20:40:37.555+0000] {subprocess.py:106} INFO -   4600K .......... .......... .......... .......... .......... 15%  329M 1s
[2024-12-05T20:40:37.564+0000] {subprocess.py:106} INFO -   4650K .......... .......... .......... .......... .......... 16% 4.59M 1s
[2024-12-05T20:40:37.567+0000] {subprocess.py:106} INFO -   4700K .......... .......... .......... .......... .......... 16% 50.7M 1s
[2024-12-05T20:40:37.567+0000] {subprocess.py:106} INFO -   4750K .......... .......... .......... .......... .......... 16%  171M 1s
[2024-12-05T20:40:37.567+0000] {subprocess.py:106} INFO -   4800K .......... .......... .......... .......... .......... 16%  239M 1s
[2024-12-05T20:40:37.568+0000] {subprocess.py:106} INFO -   4850K .......... .......... .......... .......... .......... 16%  213M 1s
[2024-12-05T20:40:37.568+0000] {subprocess.py:106} INFO -   4900K .......... .......... .......... .......... .......... 16%  229M 1s
[2024-12-05T20:40:37.569+0000] {subprocess.py:106} INFO -   4950K .......... .......... .......... .......... .......... 17%  188M 1s
[2024-12-05T20:40:37.569+0000] {subprocess.py:106} INFO -   5000K .......... .......... .......... .......... .......... 17% 70.1M 1s
[2024-12-05T20:40:37.570+0000] {subprocess.py:106} INFO -   5050K .......... .......... .......... .......... .......... 17% 67.3M 1s
[2024-12-05T20:40:37.570+0000] {subprocess.py:106} INFO -   5100K .......... .......... .......... .......... .......... 17%  126M 1s
[2024-12-05T20:40:37.570+0000] {subprocess.py:106} INFO -   5150K .......... .......... .......... .......... .......... 17%  152M 1s
[2024-12-05T20:40:37.571+0000] {subprocess.py:106} INFO -   5200K .......... .......... .......... .......... .......... 17% 79.0M 1s
[2024-12-05T20:40:37.571+0000] {subprocess.py:106} INFO -   5250K .......... .......... .......... .......... .......... 18%  109M 1s
[2024-12-05T20:40:37.572+0000] {subprocess.py:106} INFO -   5300K .......... .......... .......... .......... .......... 18% 19.0M 1s
[2024-12-05T20:40:37.572+0000] {subprocess.py:106} INFO -   5350K .......... .......... .......... .......... .......... 18%  113M 1s
[2024-12-05T20:40:37.617+0000] {subprocess.py:106} INFO -   5400K .......... .......... .......... .......... .......... 18% 1.10M 1s
[2024-12-05T20:40:37.617+0000] {subprocess.py:106} INFO -   5450K .......... .......... .......... .......... .......... 18%  185M 1s
[2024-12-05T20:40:37.618+0000] {subprocess.py:106} INFO -   5500K .......... .......... .......... .......... .......... 18%  169M 1s
[2024-12-05T20:40:37.618+0000] {subprocess.py:106} INFO -   5550K .......... .......... .......... .......... .......... 19%  123M 1s
[2024-12-05T20:40:37.619+0000] {subprocess.py:106} INFO -   5600K .......... .......... .......... .......... .......... 19%  154M 1s
[2024-12-05T20:40:37.619+0000] {subprocess.py:106} INFO -   5650K .......... .......... .......... .......... .......... 19%  149M 1s
[2024-12-05T20:40:37.620+0000] {subprocess.py:106} INFO -   5700K .......... .......... .......... .......... .......... 19%  167M 1s
[2024-12-05T20:40:37.620+0000] {subprocess.py:106} INFO -   5750K .......... .......... .......... .......... .......... 19%  129M 1s
[2024-12-05T20:40:37.624+0000] {subprocess.py:106} INFO -   5800K .......... .......... .......... .......... .......... 19%  181M 1s
[2024-12-05T20:40:37.625+0000] {subprocess.py:106} INFO -   5850K .......... .......... .......... .......... .......... 20%  153M 1s
[2024-12-05T20:40:37.628+0000] {subprocess.py:106} INFO -   5900K .......... .......... .......... .......... .......... 20%  127M 1s
[2024-12-05T20:40:37.629+0000] {subprocess.py:106} INFO -   5950K .......... .......... .......... .......... .......... 20% 92.1M 1s
[2024-12-05T20:40:37.630+0000] {subprocess.py:106} INFO -   6000K .......... .......... .......... .......... .......... 20%  181M 1s
[2024-12-05T20:40:37.630+0000] {subprocess.py:106} INFO -   6050K .......... .......... .......... .......... .......... 20%  251M 1s
[2024-12-05T20:40:37.631+0000] {subprocess.py:106} INFO -   6100K .......... .......... .......... .......... .......... 20%  230M 1s
[2024-12-05T20:40:37.631+0000] {subprocess.py:106} INFO -   6150K .......... .......... .......... .......... .......... 21%  251M 1s
[2024-12-05T20:40:37.632+0000] {subprocess.py:106} INFO -   6200K .......... .......... .......... .......... .......... 21%  175M 1s
[2024-12-05T20:40:37.632+0000] {subprocess.py:106} INFO -   6250K .......... .......... .......... .......... .......... 21%  271M 1s
[2024-12-05T20:40:37.633+0000] {subprocess.py:106} INFO -   6300K .......... .......... .......... .......... .......... 21% 85.2M 1s
[2024-12-05T20:40:37.633+0000] {subprocess.py:106} INFO -   6350K .......... .......... .......... .......... .......... 21% 52.6M 1s
[2024-12-05T20:40:37.635+0000] {subprocess.py:106} INFO -   6400K .......... .......... .......... .......... .......... 22% 49.6M 1s
[2024-12-05T20:40:37.636+0000] {subprocess.py:106} INFO -   6450K .......... .......... .......... .......... .......... 22%  174M 1s
[2024-12-05T20:40:37.641+0000] {subprocess.py:106} INFO -   6500K .......... .......... .......... .......... .......... 22% 3.06M 1s
[2024-12-05T20:40:37.642+0000] {subprocess.py:106} INFO -   6550K .......... .......... .......... .......... .......... 22% 45.1M 1s
[2024-12-05T20:40:37.643+0000] {subprocess.py:106} INFO -   6600K .......... .......... .......... .......... .......... 22% 36.9M 1s
[2024-12-05T20:40:37.644+0000] {subprocess.py:106} INFO -   6650K .......... .......... .......... .......... .......... 22% 96.2M 1s
[2024-12-05T20:40:37.645+0000] {subprocess.py:106} INFO -   6700K .......... .......... .......... .......... .......... 23% 32.1M 1s
[2024-12-05T20:40:37.646+0000] {subprocess.py:106} INFO -   6750K .......... .......... .......... .......... .......... 23% 61.8M 1s
[2024-12-05T20:40:37.648+0000] {subprocess.py:106} INFO -   6800K .......... .......... .......... .......... .......... 23%  222M 1s
[2024-12-05T20:40:37.649+0000] {subprocess.py:106} INFO -   6850K .......... .......... .......... .......... .......... 23%  134M 1s
[2024-12-05T20:40:37.659+0000] {subprocess.py:106} INFO -   6900K .......... .......... .......... .......... .......... 23% 3.75M 1s
[2024-12-05T20:40:37.660+0000] {subprocess.py:106} INFO -   6950K .......... .......... .......... .......... .......... 23% 66.5M 1s
[2024-12-05T20:40:37.661+0000] {subprocess.py:106} INFO -   7000K .......... .......... .......... .......... .......... 24%  136M 1s
[2024-12-05T20:40:37.663+0000] {subprocess.py:106} INFO -   7050K .......... .......... .......... .......... .......... 24%  290M 1s
[2024-12-05T20:40:37.663+0000] {subprocess.py:106} INFO -   7100K .......... .......... .......... .......... .......... 24% 40.2M 1s
[2024-12-05T20:40:37.663+0000] {subprocess.py:106} INFO -   7150K .......... .......... .......... .......... .......... 24% 77.8M 1s
[2024-12-05T20:40:37.668+0000] {subprocess.py:106} INFO -   7200K .......... .......... .......... .......... .......... 24% 9.60M 1s
[2024-12-05T20:40:37.670+0000] {subprocess.py:106} INFO -   7250K .......... .......... .......... .......... .......... 24% 20.2M 1s
[2024-12-05T20:40:37.671+0000] {subprocess.py:106} INFO -   7300K .......... .......... .......... .......... .......... 25% 41.2M 1s
[2024-12-05T20:40:37.674+0000] {subprocess.py:106} INFO -   7350K .......... .......... .......... .......... .......... 25% 59.8M 1s
[2024-12-05T20:40:37.675+0000] {subprocess.py:106} INFO -   7400K .......... .......... .......... .......... .......... 25% 85.1M 1s
[2024-12-05T20:40:37.675+0000] {subprocess.py:106} INFO -   7450K .......... .......... .......... .......... .......... 25% 84.1M 1s
[2024-12-05T20:40:37.675+0000] {subprocess.py:106} INFO -   7500K .......... .......... .......... .......... .......... 25% 61.2M 1s
[2024-12-05T20:40:37.679+0000] {subprocess.py:106} INFO -   7550K .......... .......... .......... .......... .......... 25% 10.4M 1s
[2024-12-05T20:40:37.679+0000] {subprocess.py:106} INFO -   7600K .......... .......... .......... .......... .......... 26% 83.7M 1s
[2024-12-05T20:40:37.680+0000] {subprocess.py:106} INFO -   7650K .......... .......... .......... .......... .......... 26% 55.3M 1s
[2024-12-05T20:40:37.681+0000] {subprocess.py:106} INFO -   7700K .......... .......... .......... .......... .......... 26% 48.8M 1s
[2024-12-05T20:40:37.684+0000] {subprocess.py:106} INFO -   7750K .......... .......... .......... .......... .......... 26% 47.8M 1s
[2024-12-05T20:40:37.685+0000] {subprocess.py:106} INFO -   7800K .......... .......... .......... .......... .......... 26% 68.8M 1s
[2024-12-05T20:40:37.685+0000] {subprocess.py:106} INFO -   7850K .......... .......... .......... .......... .......... 26% 97.0M 1s
[2024-12-05T20:40:37.686+0000] {subprocess.py:106} INFO -   7900K .......... .......... .......... .......... .......... 27% 43.6M 1s
[2024-12-05T20:40:37.686+0000] {subprocess.py:106} INFO -   7950K .......... .......... .......... .......... .......... 27%  108M 1s
[2024-12-05T20:40:37.686+0000] {subprocess.py:106} INFO -   8000K .......... .......... .......... .......... .......... 27%  180M 1s
[2024-12-05T20:40:37.718+0000] {subprocess.py:106} INFO -   8050K .......... .......... .......... .......... .......... 27% 1.50M 1s
[2024-12-05T20:40:37.718+0000] {subprocess.py:106} INFO -   8100K .......... .......... .......... .......... .......... 27%  175M 1s
[2024-12-05T20:40:37.719+0000] {subprocess.py:106} INFO -   8150K .......... .......... .......... .......... .......... 27%  193M 1s
[2024-12-05T20:40:37.720+0000] {subprocess.py:106} INFO -   8200K .......... .......... .......... .......... .......... 28%  142M 1s
[2024-12-05T20:40:37.723+0000] {subprocess.py:106} INFO -   8250K .......... .......... .......... .......... .......... 28%  202M 1s
[2024-12-05T20:40:37.724+0000] {subprocess.py:106} INFO -   8300K .......... .......... .......... .......... .......... 28% 13.4M 1s
[2024-12-05T20:40:37.725+0000] {subprocess.py:106} INFO -   8350K .......... .......... .......... .......... .......... 28% 76.4M 1s
[2024-12-05T20:40:37.725+0000] {subprocess.py:106} INFO -   8400K .......... .......... .......... .......... .......... 28% 42.2M 1s
[2024-12-05T20:40:37.726+0000] {subprocess.py:106} INFO -   8450K .......... .......... .......... .......... .......... 29% 70.0M 1s
[2024-12-05T20:40:37.727+0000] {subprocess.py:106} INFO -   8500K .......... .......... .......... .......... .......... 29% 42.1M 1s
[2024-12-05T20:40:37.727+0000] {subprocess.py:106} INFO -   8550K .......... .......... .......... .......... .......... 29%  108M 1s
[2024-12-05T20:40:37.728+0000] {subprocess.py:106} INFO -   8600K .......... .......... .......... .......... .......... 29% 63.2M 1s
[2024-12-05T20:40:37.728+0000] {subprocess.py:106} INFO -   8650K .......... .......... .......... .......... .......... 29%  205M 1s
[2024-12-05T20:40:37.728+0000] {subprocess.py:106} INFO -   8700K .......... .......... .......... .......... .......... 29%  262M 1s
[2024-12-05T20:40:37.729+0000] {subprocess.py:106} INFO -   8750K .......... .......... .......... .......... .......... 30% 96.1M 1s
[2024-12-05T20:40:37.729+0000] {subprocess.py:106} INFO -   8800K .......... .......... .......... .......... .......... 30%  281M 1s
[2024-12-05T20:40:37.729+0000] {subprocess.py:106} INFO -   8850K .......... .......... .......... .......... .......... 30%  208M 1s
[2024-12-05T20:40:37.730+0000] {subprocess.py:106} INFO -   8900K .......... .......... .......... .......... .......... 30%  209M 1s
[2024-12-05T20:40:37.730+0000] {subprocess.py:106} INFO -   8950K .......... .......... .......... .......... .......... 30%  209M 1s
[2024-12-05T20:40:37.730+0000] {subprocess.py:106} INFO -   9000K .......... .......... .......... .......... .......... 30%  260M 1s
[2024-12-05T20:40:37.731+0000] {subprocess.py:106} INFO -   9050K .......... .......... .......... .......... .......... 31%  324M 1s
[2024-12-05T20:40:37.731+0000] {subprocess.py:106} INFO -   9100K .......... .......... .......... .......... .......... 31%  154M 1s
[2024-12-05T20:40:37.731+0000] {subprocess.py:106} INFO -   9150K .......... .......... .......... .......... .......... 31%  216M 1s
[2024-12-05T20:40:37.731+0000] {subprocess.py:106} INFO -   9200K .......... .......... .......... .......... .......... 31%  136M 1s
[2024-12-05T20:40:37.738+0000] {subprocess.py:106} INFO -   9250K .......... .......... .......... .......... .......... 31% 6.81M 1s
[2024-12-05T20:40:37.739+0000] {subprocess.py:106} INFO -   9300K .......... .......... .......... .......... .......... 31% 41.4M 1s
[2024-12-05T20:40:37.741+0000] {subprocess.py:106} INFO -   9350K .......... .......... .......... .......... .......... 32% 21.4M 1s
[2024-12-05T20:40:37.753+0000] {subprocess.py:106} INFO -   9400K .......... .......... .......... .......... .......... 32% 4.26M 1s
[2024-12-05T20:40:37.757+0000] {subprocess.py:106} INFO -   9450K .......... .......... .......... .......... .......... 32% 59.2M 1s
[2024-12-05T20:40:37.761+0000] {subprocess.py:106} INFO -   9500K .......... .......... .......... .......... .......... 32% 43.0M 1s
[2024-12-05T20:40:37.762+0000] {subprocess.py:106} INFO -   9550K .......... .......... .......... .......... .......... 32% 75.5M 1s
[2024-12-05T20:40:37.763+0000] {subprocess.py:106} INFO -   9600K .......... .......... .......... .......... .......... 32% 99.2M 1s
[2024-12-05T20:40:37.763+0000] {subprocess.py:106} INFO -   9650K .......... .......... .......... .......... .......... 33%  105M 1s
[2024-12-05T20:40:37.764+0000] {subprocess.py:106} INFO -   9700K .......... .......... .......... .......... .......... 33%  126M 1s
[2024-12-05T20:40:37.764+0000] {subprocess.py:106} INFO -   9750K .......... .......... .......... .......... .......... 33% 58.2M 1s
[2024-12-05T20:40:37.764+0000] {subprocess.py:106} INFO -   9800K .......... .......... .......... .......... .......... 33%  114M 1s
[2024-12-05T20:40:37.764+0000] {subprocess.py:106} INFO -   9850K .......... .......... .......... .......... .......... 33% 88.8M 1s
[2024-12-05T20:40:37.765+0000] {subprocess.py:106} INFO -   9900K .......... .......... .......... .......... .......... 33% 34.7M 1s
[2024-12-05T20:40:37.765+0000] {subprocess.py:106} INFO -   9950K .......... .......... .......... .......... .......... 34% 70.6M 1s
[2024-12-05T20:40:37.766+0000] {subprocess.py:106} INFO -  10000K .......... .......... .......... .......... .......... 34%  181M 1s
[2024-12-05T20:40:37.766+0000] {subprocess.py:106} INFO -  10050K .......... .......... .......... .......... .......... 34%  122M 1s
[2024-12-05T20:40:37.766+0000] {subprocess.py:106} INFO -  10100K .......... .......... .......... .......... .......... 34%  117M 1s
[2024-12-05T20:40:37.766+0000] {subprocess.py:106} INFO -  10150K .......... .......... .......... .......... .......... 34% 63.9M 1s
[2024-12-05T20:40:37.780+0000] {subprocess.py:106} INFO -  10200K .......... .......... .......... .......... .......... 34% 2.72M 1s
[2024-12-05T20:40:37.782+0000] {subprocess.py:106} INFO -  10250K .......... .......... .......... .......... .......... 35% 39.8M 1s
[2024-12-05T20:40:37.785+0000] {subprocess.py:106} INFO -  10300K .......... .......... .......... .......... .......... 35%  258M 1s
[2024-12-05T20:40:37.801+0000] {subprocess.py:106} INFO -  10350K .......... .......... .......... .......... .......... 35% 2.54M 1s
[2024-12-05T20:40:37.806+0000] {subprocess.py:106} INFO -  10400K .......... .......... .......... .......... .......... 35% 9.75M 1s
[2024-12-05T20:40:37.810+0000] {subprocess.py:106} INFO -  10450K .......... .......... .......... .......... .......... 35% 12.0M 1s
[2024-12-05T20:40:37.812+0000] {subprocess.py:106} INFO -  10500K .......... .......... .......... .......... .......... 36% 39.6M 1s
[2024-12-05T20:40:37.813+0000] {subprocess.py:106} INFO -  10550K .......... .......... .......... .......... .......... 36% 30.9M 1s
[2024-12-05T20:40:37.814+0000] {subprocess.py:106} INFO -  10600K .......... .......... .......... .......... .......... 36% 80.6M 1s
[2024-12-05T20:40:37.815+0000] {subprocess.py:106} INFO -  10650K .......... .......... .......... .......... .......... 36% 56.3M 1s
[2024-12-05T20:40:37.816+0000] {subprocess.py:106} INFO -  10700K .......... .......... .......... .......... .......... 36% 44.5M 1s
[2024-12-05T20:40:37.818+0000] {subprocess.py:106} INFO -  10750K .......... .......... .......... .......... .......... 36% 20.5M 1s
[2024-12-05T20:40:37.821+0000] {subprocess.py:106} INFO -  10800K .......... .......... .......... .......... .......... 37% 69.9M 1s
[2024-12-05T20:40:37.823+0000] {subprocess.py:106} INFO -  10850K .......... .......... .......... .......... .......... 37% 42.8M 1s
[2024-12-05T20:40:37.827+0000] {subprocess.py:106} INFO -  10900K .......... .......... .......... .......... .......... 37% 18.4M 1s
[2024-12-05T20:40:37.827+0000] {subprocess.py:106} INFO -  10950K .......... .......... .......... .......... .......... 37%  101M 1s
[2024-12-05T20:40:37.828+0000] {subprocess.py:106} INFO -  11000K .......... .......... .......... .......... .......... 37%  207M 1s
[2024-12-05T20:40:37.828+0000] {subprocess.py:106} INFO -  11050K .......... .......... .......... .......... .......... 37%  139M 1s
[2024-12-05T20:40:37.829+0000] {subprocess.py:106} INFO -  11100K .......... .......... .......... .......... .......... 38% 42.2M 1s
[2024-12-05T20:40:37.830+0000] {subprocess.py:106} INFO -  11150K .......... .......... .......... .......... .......... 38%  127M 1s
[2024-12-05T20:40:37.831+0000] {subprocess.py:106} INFO -  11200K .......... .......... .......... .......... .......... 38% 12.0M 1s
[2024-12-05T20:40:37.833+0000] {subprocess.py:106} INFO -  11250K .......... .......... .......... .......... .......... 38% 15.7M 1s
[2024-12-05T20:40:37.843+0000] {subprocess.py:106} INFO -  11300K .......... .......... .......... .......... .......... 38% 4.59M 1s
[2024-12-05T20:40:37.847+0000] {subprocess.py:106} INFO -  11350K .......... .......... .......... .......... .......... 38% 13.4M 1s
[2024-12-05T20:40:37.848+0000] {subprocess.py:106} INFO -  11400K .......... .......... .......... .......... .......... 39%  102M 1s
[2024-12-05T20:40:37.849+0000] {subprocess.py:106} INFO -  11450K .......... .......... .......... .......... .......... 39% 24.6M 1s
[2024-12-05T20:40:37.852+0000] {subprocess.py:106} INFO -  11500K .......... .......... .......... .......... .......... 39% 28.5M 1s
[2024-12-05T20:40:37.854+0000] {subprocess.py:106} INFO -  11550K .......... .......... .......... .......... .......... 39%  199M 1s
[2024-12-05T20:40:37.856+0000] {subprocess.py:106} INFO -  11600K .......... .......... .......... .......... .......... 39%  237M 1s
[2024-12-05T20:40:37.862+0000] {subprocess.py:106} INFO -  11650K .......... .......... .......... .......... .......... 39%  247M 1s
[2024-12-05T20:40:37.864+0000] {subprocess.py:106} INFO -  11700K .......... .......... .......... .......... .......... 40%  159M 1s
[2024-12-05T20:40:37.866+0000] {subprocess.py:106} INFO -  11750K .......... .......... .......... .......... .......... 40% 5.67M 1s
[2024-12-05T20:40:37.867+0000] {subprocess.py:106} INFO -  11800K .......... .......... .......... .......... .......... 40%  234M 1s
[2024-12-05T20:40:37.868+0000] {subprocess.py:106} INFO -  11850K .......... .......... .......... .......... .......... 40%  143M 1s
[2024-12-05T20:40:37.869+0000] {subprocess.py:106} INFO -  11900K .......... .......... .......... .......... .......... 40%  240M 1s
[2024-12-05T20:40:37.875+0000] {subprocess.py:106} INFO -  11950K .......... .......... .......... .......... .......... 40% 15.5M 1s
[2024-12-05T20:40:37.878+0000] {subprocess.py:106} INFO -  12000K .......... .......... .......... .......... .......... 41% 15.7M 1s
[2024-12-05T20:40:37.882+0000] {subprocess.py:106} INFO -  12050K .......... .......... .......... .......... .......... 41% 30.9M 1s
[2024-12-05T20:40:37.884+0000] {subprocess.py:106} INFO -  12100K .......... .......... .......... .......... .......... 41% 12.3M 1s
[2024-12-05T20:40:37.885+0000] {subprocess.py:106} INFO -  12150K .......... .......... .......... .......... .......... 41% 15.6M 1s
[2024-12-05T20:40:37.888+0000] {subprocess.py:106} INFO -  12200K .......... .......... .......... .......... .......... 41% 25.5M 1s
[2024-12-05T20:40:37.889+0000] {subprocess.py:106} INFO -  12250K .......... .......... .......... .......... .......... 41% 63.2M 1s
[2024-12-05T20:40:37.891+0000] {subprocess.py:106} INFO -  12300K .......... .......... .......... .......... .......... 42% 34.8M 1s
[2024-12-05T20:40:37.892+0000] {subprocess.py:106} INFO -  12350K .......... .......... .......... .......... .......... 42% 17.6M 1s
[2024-12-05T20:40:37.893+0000] {subprocess.py:106} INFO -  12400K .......... .......... .......... .......... .......... 42% 59.8M 1s
[2024-12-05T20:40:37.894+0000] {subprocess.py:106} INFO -  12450K .......... .......... .......... .......... .......... 42% 60.0M 1s
[2024-12-05T20:40:37.896+0000] {subprocess.py:106} INFO -  12500K .......... .......... .......... .......... .......... 42%  129M 1s
[2024-12-05T20:40:37.896+0000] {subprocess.py:106} INFO -  12550K .......... .......... .......... .......... .......... 42% 33.8M 1s
[2024-12-05T20:40:37.897+0000] {subprocess.py:106} INFO -  12600K .......... .......... .......... .......... .......... 43% 23.4M 1s
[2024-12-05T20:40:37.897+0000] {subprocess.py:106} INFO -  12650K .......... .......... .......... .......... .......... 43% 43.8M 1s
[2024-12-05T20:40:37.898+0000] {subprocess.py:106} INFO -  12700K .......... .......... .......... .......... .......... 43%  121M 1s
[2024-12-05T20:40:37.898+0000] {subprocess.py:106} INFO -  12750K .......... .......... .......... .......... .......... 43% 20.9M 1s
[2024-12-05T20:40:37.898+0000] {subprocess.py:106} INFO -  12800K .......... .......... .......... .......... .......... 43% 88.7M 1s
[2024-12-05T20:40:37.899+0000] {subprocess.py:106} INFO -  12850K .......... .......... .......... .......... .......... 44%  150M 1s
[2024-12-05T20:40:37.903+0000] {subprocess.py:106} INFO -  12900K .......... .......... .......... .......... .......... 44% 5.00M 1s
[2024-12-05T20:40:37.905+0000] {subprocess.py:106} INFO -  12950K .......... .......... .......... .......... .......... 44% 72.6M 1s
[2024-12-05T20:40:37.906+0000] {subprocess.py:106} INFO -  13000K .......... .......... .......... .......... .......... 44% 89.7M 1s
[2024-12-05T20:40:37.906+0000] {subprocess.py:106} INFO -  13050K .......... .......... .......... .......... .......... 44% 71.2M 1s
[2024-12-05T20:40:37.907+0000] {subprocess.py:106} INFO -  13100K .......... .......... .......... .......... .......... 44%  124M 1s
[2024-12-05T20:40:37.907+0000] {subprocess.py:106} INFO -  13150K .......... .......... .......... .......... .......... 45%  189M 1s
[2024-12-05T20:40:37.909+0000] {subprocess.py:106} INFO -  13200K .......... .......... .......... .......... .......... 45%  203M 1s
[2024-12-05T20:40:37.909+0000] {subprocess.py:106} INFO -  13250K .......... .......... .......... .......... .......... 45%  265M 1s
[2024-12-05T20:40:37.932+0000] {subprocess.py:106} INFO -  13300K .......... .......... .......... .......... .......... 45% 1.82M 1s
[2024-12-05T20:40:37.934+0000] {subprocess.py:106} INFO -  13350K .......... .......... .......... .......... .......... 45% 23.6M 1s
[2024-12-05T20:40:37.936+0000] {subprocess.py:106} INFO -  13400K .......... .......... .......... .......... .......... 45%  177M 1s
[2024-12-05T20:40:37.942+0000] {subprocess.py:106} INFO -  13450K .......... .......... .......... .......... .......... 46% 50.6M 1s
[2024-12-05T20:40:37.946+0000] {subprocess.py:106} INFO -  13500K .......... .......... .......... .......... .......... 46%  210M 1s
[2024-12-05T20:40:37.946+0000] {subprocess.py:106} INFO -  13550K .......... .......... .......... .......... .......... 46% 51.2M 1s
[2024-12-05T20:40:37.947+0000] {subprocess.py:106} INFO -  13600K .......... .......... .......... .......... .......... 46% 89.9M 1s
[2024-12-05T20:40:37.947+0000] {subprocess.py:106} INFO -  13650K .......... .......... .......... .......... .......... 46% 39.2M 1s
[2024-12-05T20:40:37.948+0000] {subprocess.py:106} INFO -  13700K .......... .......... .......... .......... .......... 46%  195M 1s
[2024-12-05T20:40:37.950+0000] {subprocess.py:106} INFO -  13750K .......... .......... .......... .......... .......... 47% 53.1M 1s
[2024-12-05T20:40:37.951+0000] {subprocess.py:106} INFO -  13800K .......... .......... .......... .......... .......... 47% 86.3M 1s
[2024-12-05T20:40:37.953+0000] {subprocess.py:106} INFO -  13850K .......... .......... .......... .......... .......... 47% 25.8M 1s
[2024-12-05T20:40:37.956+0000] {subprocess.py:106} INFO -  13900K .......... .......... .......... .......... .......... 47%  137M 1s
[2024-12-05T20:40:37.957+0000] {subprocess.py:106} INFO -  13950K .......... .......... .......... .......... .......... 47% 34.2M 1s
[2024-12-05T20:40:37.958+0000] {subprocess.py:106} INFO -  14000K .......... .......... .......... .......... .......... 47% 26.1M 1s
[2024-12-05T20:40:37.960+0000] {subprocess.py:106} INFO -  14050K .......... .......... .......... .......... .......... 48% 68.4M 1s
[2024-12-05T20:40:37.961+0000] {subprocess.py:106} INFO -  14100K .......... .......... .......... .......... .......... 48% 71.2M 1s
[2024-12-05T20:40:37.964+0000] {subprocess.py:106} INFO -  14150K .......... .......... .......... .......... .......... 48% 35.0M 1s
[2024-12-05T20:40:37.965+0000] {subprocess.py:106} INFO -  14200K .......... .......... .......... .......... .......... 48% 24.5M 1s
[2024-12-05T20:40:37.966+0000] {subprocess.py:106} INFO -  14250K .......... .......... .......... .......... .......... 48% 39.0M 1s
[2024-12-05T20:40:37.966+0000] {subprocess.py:106} INFO -  14300K .......... .......... .......... .......... .......... 48% 33.3M 1s
[2024-12-05T20:40:37.967+0000] {subprocess.py:106} INFO -  14350K .......... .......... .......... .......... .......... 49% 39.2M 1s
[2024-12-05T20:40:37.967+0000] {subprocess.py:106} INFO -  14400K .......... .......... .......... .......... .......... 49% 73.2M 1s
[2024-12-05T20:40:37.968+0000] {subprocess.py:106} INFO -  14450K .......... .......... .......... .......... .......... 49% 46.9M 1s
[2024-12-05T20:40:37.968+0000] {subprocess.py:106} INFO -  14500K .......... .......... .......... .......... .......... 49% 43.7M 1s
[2024-12-05T20:40:37.969+0000] {subprocess.py:106} INFO -  14550K .......... .......... .......... .......... .......... 49% 83.2M 1s
[2024-12-05T20:40:37.969+0000] {subprocess.py:106} INFO -  14600K .......... .......... .......... .......... .......... 49% 69.9M 1s
[2024-12-05T20:40:37.970+0000] {subprocess.py:106} INFO -  14650K .......... .......... .......... .......... .......... 50% 43.1M 1s
[2024-12-05T20:40:37.970+0000] {subprocess.py:106} INFO -  14700K .......... .......... .......... .......... .......... 50% 18.6M 1s
[2024-12-05T20:40:37.970+0000] {subprocess.py:106} INFO -  14750K .......... .......... .......... .......... .......... 50% 79.7M 1s
[2024-12-05T20:40:37.971+0000] {subprocess.py:106} INFO -  14800K .......... .......... .......... .......... .......... 50% 57.7M 1s
[2024-12-05T20:40:37.971+0000] {subprocess.py:106} INFO -  14850K .......... .......... .......... .......... .......... 50%  237M 1s
[2024-12-05T20:40:37.993+0000] {subprocess.py:106} INFO -  14900K .......... .......... .......... .......... .......... 51% 1.70M 1s
[2024-12-05T20:40:37.994+0000] {subprocess.py:106} INFO -  14950K .......... .......... .......... .......... .......... 51% 35.2M 1s
[2024-12-05T20:40:37.995+0000] {subprocess.py:106} INFO -  15000K .......... .......... .......... .......... .......... 51% 47.0M 1s
[2024-12-05T20:40:37.999+0000] {subprocess.py:106} INFO -  15050K .......... .......... .......... .......... .......... 51% 84.2M 1s
[2024-12-05T20:40:38.000+0000] {subprocess.py:106} INFO -  15100K .......... .......... .......... .......... .......... 51%  137M 1s
[2024-12-05T20:40:38.000+0000] {subprocess.py:106} INFO -  15150K .......... .......... .......... .......... .......... 51%  151M 1s
[2024-12-05T20:40:38.000+0000] {subprocess.py:106} INFO -  15200K .......... .......... .......... .......... .......... 52% 44.2M 1s
[2024-12-05T20:40:38.002+0000] {subprocess.py:106} INFO -  15250K .......... .......... .......... .......... .......... 52% 10.6M 1s
[2024-12-05T20:40:38.003+0000] {subprocess.py:106} INFO -  15300K .......... .......... .......... .......... .......... 52% 73.8M 1s
[2024-12-05T20:40:38.004+0000] {subprocess.py:106} INFO -  15350K .......... .......... .......... .......... .......... 52% 72.4M 1s
[2024-12-05T20:40:38.006+0000] {subprocess.py:106} INFO -  15400K .......... .......... .......... .......... .......... 52%  103M 1s
[2024-12-05T20:40:38.008+0000] {subprocess.py:106} INFO -  15450K .......... .......... .......... .......... .......... 52% 16.3M 1s
[2024-12-05T20:40:38.011+0000] {subprocess.py:106} INFO -  15500K .......... .......... .......... .......... .......... 53%  148M 1s
[2024-12-05T20:40:38.013+0000] {subprocess.py:106} INFO -  15550K .......... .......... .......... .......... .......... 53% 32.2M 1s
[2024-12-05T20:40:38.016+0000] {subprocess.py:106} INFO -  15600K .......... .......... .......... .......... .......... 53%  162M 1s
[2024-12-05T20:40:38.016+0000] {subprocess.py:106} INFO -  15650K .......... .......... .......... .......... .......... 53% 96.6M 1s
[2024-12-05T20:40:38.017+0000] {subprocess.py:106} INFO -  15700K .......... .......... .......... .......... .......... 53%  125M 1s
[2024-12-05T20:40:38.017+0000] {subprocess.py:106} INFO -  15750K .......... .......... .......... .......... .......... 53% 51.1M 1s
[2024-12-05T20:40:38.017+0000] {subprocess.py:106} INFO -  15800K .......... .......... .......... .......... .......... 54% 31.2M 1s
[2024-12-05T20:40:38.018+0000] {subprocess.py:106} INFO -  15850K .......... .......... .......... .......... .......... 54% 57.0M 1s
[2024-12-05T20:40:38.018+0000] {subprocess.py:106} INFO -  15900K .......... .......... .......... .......... .......... 54%  149M 1s
[2024-12-05T20:40:38.019+0000] {subprocess.py:106} INFO -  15950K .......... .......... .......... .......... .......... 54%  176M 1s
[2024-12-05T20:40:38.019+0000] {subprocess.py:106} INFO -  16000K .......... .......... .......... .......... .......... 54% 27.6M 1s
[2024-12-05T20:40:38.030+0000] {subprocess.py:106} INFO -  16050K .......... .......... .......... .......... .......... 54% 3.51M 1s
[2024-12-05T20:40:38.032+0000] {subprocess.py:106} INFO -  16100K .......... .......... .......... .......... .......... 55% 19.1M 1s
[2024-12-05T20:40:38.035+0000] {subprocess.py:106} INFO -  16150K .......... .......... .......... .......... .......... 55%  141M 1s
[2024-12-05T20:40:38.036+0000] {subprocess.py:106} INFO -  16200K .......... .......... .......... .......... .......... 55% 58.9M 1s
[2024-12-05T20:40:38.039+0000] {subprocess.py:106} INFO -  16250K .......... .......... .......... .......... .......... 55% 31.8M 1s
[2024-12-05T20:40:38.040+0000] {subprocess.py:106} INFO -  16300K .......... .......... .......... .......... .......... 55% 57.2M 1s
[2024-12-05T20:40:38.048+0000] {subprocess.py:106} INFO -  16350K .......... .......... .......... .......... .......... 55%  130M 1s
[2024-12-05T20:40:38.081+0000] {subprocess.py:106} INFO -  16400K .......... .......... .......... .......... .......... 56% 30.5M 1s
[2024-12-05T20:40:38.083+0000] {subprocess.py:106} INFO -  16450K .......... .......... .......... .......... .......... 56% 60.3M 1s
[2024-12-05T20:40:38.084+0000] {subprocess.py:106} INFO -  16500K .......... .......... .......... .......... .......... 56% 53.5M 1s
[2024-12-05T20:40:38.086+0000] {subprocess.py:106} INFO -  16550K .......... .......... .......... .......... .......... 56% 24.4M 1s
[2024-12-05T20:40:38.089+0000] {subprocess.py:106} INFO -  16600K .......... .......... .......... .......... .......... 56% 6.40M 1s
[2024-12-05T20:40:38.093+0000] {subprocess.py:106} INFO -  16650K .......... .......... .......... .......... .......... 56% 2.39M 1s
[2024-12-05T20:40:38.099+0000] {subprocess.py:106} INFO -  16700K .......... .......... .......... .......... .......... 57% 81.2M 1s
[2024-12-05T20:40:38.100+0000] {subprocess.py:106} INFO -  16750K .......... .......... .......... .......... .......... 57%  133M 1s
[2024-12-05T20:40:38.100+0000] {subprocess.py:106} INFO -  16800K .......... .......... .......... .......... .......... 57% 4.17M 1s
[2024-12-05T20:40:38.101+0000] {subprocess.py:106} INFO -  16850K .......... .......... .......... .......... .......... 57% 8.20M 1s
[2024-12-05T20:40:38.103+0000] {subprocess.py:106} INFO -  16900K .......... .......... .......... .......... .......... 57% 14.8M 1s
[2024-12-05T20:40:38.110+0000] {subprocess.py:106} INFO -  16950K .......... .......... .......... .......... .......... 58%  108M 1s
[2024-12-05T20:40:38.126+0000] {subprocess.py:106} INFO -  17000K .......... .......... .......... .......... .......... 58%  165M 1s
[2024-12-05T20:40:38.129+0000] {subprocess.py:106} INFO -  17050K .......... .......... .......... .......... .......... 58% 36.3M 1s
[2024-12-05T20:40:38.135+0000] {subprocess.py:106} INFO -  17100K .......... .......... .......... .......... .......... 58% 38.3M 1s
[2024-12-05T20:40:38.149+0000] {subprocess.py:106} INFO -  17150K .......... .......... .......... .......... .......... 58% 35.9M 1s
[2024-12-05T20:40:38.155+0000] {subprocess.py:106} INFO -  17200K .......... .......... .......... .......... .......... 58% 50.0M 1s
[2024-12-05T20:40:38.157+0000] {subprocess.py:106} INFO -  17250K .......... .......... .......... .......... .......... 59% 24.8M 1s
[2024-12-05T20:40:38.160+0000] {subprocess.py:106} INFO -  17300K .......... .......... .......... .......... .......... 59% 82.9M 1s
[2024-12-05T20:40:38.176+0000] {subprocess.py:106} INFO -  17350K .......... .......... .......... .......... .......... 59% 28.0M 1s
[2024-12-05T20:40:38.184+0000] {subprocess.py:106} INFO -  17400K .......... .......... .......... .......... .......... 59% 41.3M 1s
[2024-12-05T20:40:38.190+0000] {subprocess.py:106} INFO -  17450K .......... .......... .......... .......... .......... 59% 30.5M 1s
[2024-12-05T20:40:38.191+0000] {subprocess.py:106} INFO -  17500K .......... .......... .......... .......... .......... 59% 44.0M 1s
[2024-12-05T20:40:38.192+0000] {subprocess.py:106} INFO -  17550K .......... .......... .......... .......... .......... 60% 24.5M 1s
[2024-12-05T20:40:38.195+0000] {subprocess.py:106} INFO -  17600K .......... .......... .......... .......... .......... 60% 2.62M 1s
[2024-12-05T20:40:38.198+0000] {subprocess.py:106} INFO -  17650K .......... .......... .......... .......... .......... 60% 4.26M 1s
[2024-12-05T20:40:38.200+0000] {subprocess.py:106} INFO -  17700K .......... .......... .......... .......... .......... 60% 19.3M 1s
[2024-12-05T20:40:38.201+0000] {subprocess.py:106} INFO -  17750K .......... .......... .......... .......... .......... 60% 25.4M 1s
[2024-12-05T20:40:38.201+0000] {subprocess.py:106} INFO -  17800K .......... .......... .......... .......... .......... 60%  153M 1s
[2024-12-05T20:40:38.202+0000] {subprocess.py:106} INFO -  17850K .......... .......... .......... .......... .......... 61%  146M 1s
[2024-12-05T20:40:38.204+0000] {subprocess.py:106} INFO -  17900K .......... .......... .......... .......... .......... 61% 74.1M 1s
[2024-12-05T20:40:38.205+0000] {subprocess.py:106} INFO -  17950K .......... .......... .......... .......... .......... 61% 35.1M 1s
[2024-12-05T20:40:38.209+0000] {subprocess.py:106} INFO -  18000K .......... .......... .......... .......... .......... 61%  781K 1s
[2024-12-05T20:40:38.238+0000] {subprocess.py:106} INFO -  18050K .......... .......... .......... .......... .......... 61% 1.68M 1s
[2024-12-05T20:40:38.239+0000] {subprocess.py:106} INFO -  18100K .......... .......... .......... .......... .......... 61%  258M 1s
[2024-12-05T20:40:38.248+0000] {subprocess.py:106} INFO -  18150K .......... .......... .......... .......... .......... 62% 5.05M 1s
[2024-12-05T20:40:38.601+0000] {subprocess.py:106} INFO -  18200K .......... .......... .......... .......... .......... 62%  585K 1s
[2024-12-05T20:40:38.711+0000] {subprocess.py:106} INFO -  18250K .......... .......... .......... .......... .......... 62%  132K 1s
[2024-12-05T20:40:38.823+0000] {subprocess.py:106} INFO -  18300K .......... .......... .......... .......... .......... 62%  445K 1s
[2024-12-05T20:40:38.840+0000] {subprocess.py:106} INFO -  18350K .......... .......... .......... .......... .......... 62% 3.02M 1s
[2024-12-05T20:40:38.845+0000] {subprocess.py:106} INFO -  18400K .......... .......... .......... .......... .......... 62%  107M 1s
[2024-12-05T20:40:38.857+0000] {subprocess.py:106} INFO -  18450K .......... .......... .......... .......... .......... 63% 2.81M 1s
[2024-12-05T20:40:38.877+0000] {subprocess.py:106} INFO -  18500K .......... .......... .......... .......... .......... 63% 2.48M 1s
[2024-12-05T20:40:38.884+0000] {subprocess.py:106} INFO -  18550K .......... .......... .......... .......... .......... 63% 7.46M 1s
[2024-12-05T20:40:38.888+0000] {subprocess.py:106} INFO -  18600K .......... .......... .......... .......... .......... 63%  230M 1s
[2024-12-05T20:40:38.893+0000] {subprocess.py:106} INFO -  18650K .......... .......... .......... .......... .......... 63% 7.47M 1s
[2024-12-05T20:40:38.899+0000] {subprocess.py:106} INFO -  18700K .......... .......... .......... .......... .......... 63%  294M 1s
[2024-12-05T20:40:38.899+0000] {subprocess.py:106} INFO -  18750K .......... .......... .......... .......... .......... 64%  303M 1s
[2024-12-05T20:40:38.900+0000] {subprocess.py:106} INFO -  18800K .......... .......... .......... .......... .......... 64%  291M 1s
[2024-12-05T20:40:38.902+0000] {subprocess.py:106} INFO -  18850K .......... .......... .......... .......... .......... 64%  304M 1s
[2024-12-05T20:40:38.903+0000] {subprocess.py:106} INFO -  18900K .......... .......... .......... .......... .......... 64%  151M 1s
[2024-12-05T20:40:38.903+0000] {subprocess.py:106} INFO -  18950K .......... .......... .......... .......... .......... 64%  257M 1s
[2024-12-05T20:40:38.903+0000] {subprocess.py:106} INFO -  19000K .......... .......... .......... .......... .......... 65%  287M 1s
[2024-12-05T20:40:38.904+0000] {subprocess.py:106} INFO -  19050K .......... .......... .......... .......... .......... 65%  214M 1s
[2024-12-05T20:40:38.905+0000] {subprocess.py:106} INFO -  19100K .......... .......... .......... .......... .......... 65%  285M 1s
[2024-12-05T20:40:38.905+0000] {subprocess.py:106} INFO -  19150K .......... .......... .......... .......... .......... 65%  265M 1s
[2024-12-05T20:40:38.905+0000] {subprocess.py:106} INFO -  19200K .......... .......... .......... .......... .......... 65%  157M 1s
[2024-12-05T20:40:38.906+0000] {subprocess.py:106} INFO -  19250K .......... .......... .......... .......... .......... 65%  112M 1s
[2024-12-05T20:40:38.906+0000] {subprocess.py:106} INFO -  19300K .......... .......... .......... .......... .......... 66%  257M 1s
[2024-12-05T20:40:38.907+0000] {subprocess.py:106} INFO -  19350K .......... .......... .......... .......... .......... 66%  105M 1s
[2024-12-05T20:40:38.908+0000] {subprocess.py:106} INFO -  19400K .......... .......... .......... .......... .......... 66%  116M 1s
[2024-12-05T20:40:38.908+0000] {subprocess.py:106} INFO -  19450K .......... .......... .......... .......... .......... 66%  182M 1s
[2024-12-05T20:40:38.909+0000] {subprocess.py:106} INFO -  19500K .......... .......... .......... .......... .......... 66%  230M 1s
[2024-12-05T20:40:38.913+0000] {subprocess.py:106} INFO -  19550K .......... .......... .......... .......... .......... 66%  217M 1s
[2024-12-05T20:40:38.914+0000] {subprocess.py:106} INFO -  19600K .......... .......... .......... .......... .......... 67%  265M 1s
[2024-12-05T20:40:38.915+0000] {subprocess.py:106} INFO -  19650K .......... .......... .......... .......... .......... 67%  165M 1s
[2024-12-05T20:40:38.915+0000] {subprocess.py:106} INFO -  19700K .......... .......... .......... .......... .......... 67%  256M 1s
[2024-12-05T20:40:38.917+0000] {subprocess.py:106} INFO -  19750K .......... .......... .......... .......... .......... 67%  284M 1s
[2024-12-05T20:40:38.918+0000] {subprocess.py:106} INFO -  19800K .......... .......... .......... .......... .......... 67%  278M 1s
[2024-12-05T20:40:38.919+0000] {subprocess.py:106} INFO -  19850K .......... .......... .......... .......... .......... 67%  220M 1s
[2024-12-05T20:40:38.920+0000] {subprocess.py:106} INFO -  19900K .......... .......... .......... .......... .......... 68%  221M 1s
[2024-12-05T20:40:38.920+0000] {subprocess.py:106} INFO -  19950K .......... .......... .......... .......... .......... 68%  246M 1s
[2024-12-05T20:40:38.920+0000] {subprocess.py:106} INFO -  20000K .......... .......... .......... .......... .......... 68%  295M 1s
[2024-12-05T20:40:38.921+0000] {subprocess.py:106} INFO -  20050K .......... .......... .......... .......... .......... 68%  175M 1s
[2024-12-05T20:40:38.923+0000] {subprocess.py:106} INFO -  20100K .......... .......... .......... .......... .......... 68%  286M 1s
[2024-12-05T20:40:38.924+0000] {subprocess.py:106} INFO -  20150K .......... .......... .......... .......... .......... 68%  239M 1s
[2024-12-05T20:40:38.924+0000] {subprocess.py:106} INFO -  20200K .......... .......... .......... .......... .......... 69% 47.2M 1s
[2024-12-05T20:40:38.925+0000] {subprocess.py:106} INFO -  20250K .......... .......... .......... .......... .......... 69%  165M 1s
[2024-12-05T20:40:38.926+0000] {subprocess.py:106} INFO -  20300K .......... .......... .......... .......... .......... 69% 33.6M 1s
[2024-12-05T20:40:38.927+0000] {subprocess.py:106} INFO -  20350K .......... .......... .......... .......... .......... 69% 25.5M 1s
[2024-12-05T20:40:38.928+0000] {subprocess.py:106} INFO -  20400K .......... .......... .......... .......... .......... 69% 31.4M 1s
[2024-12-05T20:40:38.929+0000] {subprocess.py:106} INFO -  20450K .......... .......... .......... .......... .......... 69% 94.5M 1s
[2024-12-05T20:40:38.930+0000] {subprocess.py:106} INFO -  20500K .......... .......... .......... .......... .......... 70% 73.2M 1s
[2024-12-05T20:40:38.937+0000] {subprocess.py:106} INFO -  20550K .......... .......... .......... .......... .......... 70% 68.3M 1s
[2024-12-05T20:40:38.938+0000] {subprocess.py:106} INFO -  20600K .......... .......... .......... .......... .......... 70%  102M 1s
[2024-12-05T20:40:38.940+0000] {subprocess.py:106} INFO -  20650K .......... .......... .......... .......... .......... 70% 11.0M 1s
[2024-12-05T20:40:38.941+0000] {subprocess.py:106} INFO -  20700K .......... .......... .......... .......... .......... 70% 3.01M 1s
[2024-12-05T20:40:38.968+0000] {subprocess.py:106} INFO -  20750K .......... .......... .......... .......... .......... 70% 1.19M 1s
[2024-12-05T20:40:38.970+0000] {subprocess.py:106} INFO -  20800K .......... .......... .......... .......... .......... 71% 40.1M 1s
[2024-12-05T20:40:38.971+0000] {subprocess.py:106} INFO -  20850K .......... .......... .......... .......... .......... 71%  295M 1s
[2024-12-05T20:40:38.971+0000] {subprocess.py:106} INFO -  20900K .......... .......... .......... .......... .......... 71%  311M 1s
[2024-12-05T20:40:38.985+0000] {subprocess.py:106} INFO -  20950K .......... .......... .......... .......... .......... 71% 3.05M 1s
[2024-12-05T20:40:38.992+0000] {subprocess.py:106} INFO -  21000K .......... .......... .......... .......... .......... 71% 6.94M 1s
[2024-12-05T20:40:38.996+0000] {subprocess.py:106} INFO -  21050K .......... .......... .......... .......... .......... 72%  206M 1s
[2024-12-05T20:40:38.997+0000] {subprocess.py:106} INFO -  21100K .......... .......... .......... .......... .......... 72%  301M 1s
[2024-12-05T20:40:38.998+0000] {subprocess.py:106} INFO -  21150K .......... .......... .......... .......... .......... 72%  295M 1s
[2024-12-05T20:40:38.999+0000] {subprocess.py:106} INFO -  21200K .......... .......... .......... .......... .......... 72%  306M 1s
[2024-12-05T20:40:38.999+0000] {subprocess.py:106} INFO -  21250K .......... .......... .......... .......... .......... 72% 82.6M 1s
[2024-12-05T20:40:39.000+0000] {subprocess.py:106} INFO -  21300K .......... .......... .......... .......... .......... 72%  194M 1s
[2024-12-05T20:40:39.001+0000] {subprocess.py:106} INFO -  21350K .......... .......... .......... .......... .......... 73%  236M 1s
[2024-12-05T20:40:39.001+0000] {subprocess.py:106} INFO -  21400K .......... .......... .......... .......... .......... 73%  257M 1s
[2024-12-05T20:40:39.002+0000] {subprocess.py:106} INFO -  21450K .......... .......... .......... .......... .......... 73%  204M 1s
[2024-12-05T20:40:39.003+0000] {subprocess.py:106} INFO -  21500K .......... .......... .......... .......... .......... 73%  271M 1s
[2024-12-05T20:40:39.003+0000] {subprocess.py:106} INFO -  21550K .......... .......... .......... .......... .......... 73%  267M 1s
[2024-12-05T20:40:39.004+0000] {subprocess.py:106} INFO -  21600K .......... .......... .......... .......... .......... 73%  299M 1s
[2024-12-05T20:40:39.005+0000] {subprocess.py:106} INFO -  21650K .......... .......... .......... .......... .......... 74%  304M 1s
[2024-12-05T20:40:39.009+0000] {subprocess.py:106} INFO -  21700K .......... .......... .......... .......... .......... 74%  200M 1s
[2024-12-05T20:40:39.009+0000] {subprocess.py:106} INFO -  21750K .......... .......... .......... .......... .......... 74%  318M 1s
[2024-12-05T20:40:39.010+0000] {subprocess.py:106} INFO -  21800K .......... .......... .......... .......... .......... 74%  150M 1s
[2024-12-05T20:40:39.010+0000] {subprocess.py:106} INFO -  21850K .......... .......... .......... .......... .......... 74%  226M 1s
[2024-12-05T20:40:39.011+0000] {subprocess.py:106} INFO -  21900K .......... .......... .......... .......... .......... 74%  191M 1s
[2024-12-05T20:40:39.012+0000] {subprocess.py:106} INFO -  21950K .......... .......... .......... .......... .......... 75%  287M 1s
[2024-12-05T20:40:39.013+0000] {subprocess.py:106} INFO -  22000K .......... .......... .......... .......... .......... 75%  259M 1s
[2024-12-05T20:40:39.013+0000] {subprocess.py:106} INFO -  22050K .......... .......... .......... .......... .......... 75% 56.1M 1s
[2024-12-05T20:40:39.014+0000] {subprocess.py:106} INFO -  22100K .......... .......... .......... .......... .......... 75%  189M 1s
[2024-12-05T20:40:39.015+0000] {subprocess.py:106} INFO -  22150K .......... .......... .......... .......... .......... 75%  319M 1s
[2024-12-05T20:40:39.016+0000] {subprocess.py:106} INFO -  22200K .......... .......... .......... .......... .......... 75%  248M 1s
[2024-12-05T20:40:39.016+0000] {subprocess.py:106} INFO -  22250K .......... .......... .......... .......... .......... 76%  182M 1s
[2024-12-05T20:40:39.017+0000] {subprocess.py:106} INFO -  22300K .......... .......... .......... .......... .......... 76%  254M 1s
[2024-12-05T20:40:39.018+0000] {subprocess.py:106} INFO -  22350K .......... .......... .......... .......... .......... 76%  135M 1s
[2024-12-05T20:40:39.018+0000] {subprocess.py:106} INFO -  22400K .......... .......... .......... .......... .......... 76%  260M 1s
[2024-12-05T20:40:39.019+0000] {subprocess.py:106} INFO -  22450K .......... .......... .......... .......... .......... 76%  256M 1s
[2024-12-05T20:40:39.019+0000] {subprocess.py:106} INFO -  22500K .......... .......... .......... .......... .......... 76%  288M 1s
[2024-12-05T20:40:39.020+0000] {subprocess.py:106} INFO -  22550K .......... .......... .......... .......... .......... 77%  316M 1s
[2024-12-05T20:40:39.021+0000] {subprocess.py:106} INFO -  22600K .......... .......... .......... .......... .......... 77%  312M 0s
[2024-12-05T20:40:39.021+0000] {subprocess.py:106} INFO -  22650K .......... .......... .......... .......... .......... 77%  247M 0s
[2024-12-05T20:40:39.023+0000] {subprocess.py:106} INFO -  22700K .......... .......... .......... .......... .......... 77%  358M 0s
[2024-12-05T20:40:39.025+0000] {subprocess.py:106} INFO -  22750K .......... .......... .......... .......... .......... 77%  283M 0s
[2024-12-05T20:40:39.026+0000] {subprocess.py:106} INFO -  22800K .......... .......... .......... .......... .......... 77%  282M 0s
[2024-12-05T20:40:39.027+0000] {subprocess.py:106} INFO -  22850K .......... .......... .......... .......... .......... 78%  331M 0s
[2024-12-05T20:40:39.029+0000] {subprocess.py:106} INFO -  22900K .......... .......... .......... .......... .......... 78%  307M 0s
[2024-12-05T20:40:39.032+0000] {subprocess.py:106} INFO -  22950K .......... .......... .......... .......... .......... 78% 79.8M 0s
[2024-12-05T20:40:39.034+0000] {subprocess.py:106} INFO -  23000K .......... .......... .......... .......... .......... 78%  174M 0s
[2024-12-05T20:40:39.036+0000] {subprocess.py:106} INFO -  23050K .......... .......... .......... .......... .......... 78%  329M 0s
[2024-12-05T20:40:39.039+0000] {subprocess.py:106} INFO -  23100K .......... .......... .......... .......... .......... 78%  262M 0s
[2024-12-05T20:40:39.041+0000] {subprocess.py:106} INFO -  23150K .......... .......... .......... .......... .......... 79%  317M 0s
[2024-12-05T20:40:39.043+0000] {subprocess.py:106} INFO -  23200K .......... .......... .......... .......... .......... 79%  300M 0s
[2024-12-05T20:40:39.050+0000] {subprocess.py:106} INFO -  23250K .......... .......... .......... .......... .......... 79%  330M 0s
[2024-12-05T20:40:39.051+0000] {subprocess.py:106} INFO -  23300K .......... .......... .......... .......... .......... 79% 83.0M 0s
[2024-12-05T20:40:39.057+0000] {subprocess.py:106} INFO -  23350K .......... .......... .......... .......... .......... 79%  178M 0s
[2024-12-05T20:40:39.062+0000] {subprocess.py:106} INFO -  23400K .......... .......... .......... .......... .......... 80%  328M 0s
[2024-12-05T20:40:39.069+0000] {subprocess.py:106} INFO -  23450K .......... .......... .......... .......... .......... 80%  174M 0s
[2024-12-05T20:40:39.071+0000] {subprocess.py:106} INFO -  23500K .......... .......... .......... .......... .......... 80%  230M 0s
[2024-12-05T20:40:39.073+0000] {subprocess.py:106} INFO -  23550K .......... .......... .......... .......... .......... 80%  309M 0s
[2024-12-05T20:40:39.076+0000] {subprocess.py:106} INFO -  23600K .......... .......... .......... .......... .......... 80%  111M 0s
[2024-12-05T20:40:39.077+0000] {subprocess.py:106} INFO -  23650K .......... .......... .......... .......... .......... 80%  289M 0s
[2024-12-05T20:40:39.078+0000] {subprocess.py:106} INFO -  23700K .......... .......... .......... .......... .......... 81%  269M 0s
[2024-12-05T20:40:39.078+0000] {subprocess.py:106} INFO -  23750K .......... .......... .......... .......... .......... 81%  337M 0s
[2024-12-05T20:40:39.079+0000] {subprocess.py:106} INFO -  23800K .......... .......... .......... .......... .......... 81%  353M 0s
[2024-12-05T20:40:39.079+0000] {subprocess.py:106} INFO -  23850K .......... .......... .......... .......... .......... 81% 75.6M 0s
[2024-12-05T20:40:39.080+0000] {subprocess.py:106} INFO -  23900K .......... .......... .......... .......... .......... 81% 78.2M 0s
[2024-12-05T20:40:39.080+0000] {subprocess.py:106} INFO -  23950K .......... .......... .......... .......... .......... 81%  283M 0s
[2024-12-05T20:40:39.080+0000] {subprocess.py:106} INFO -  24000K .......... .......... .......... .......... .......... 82%  211M 0s
[2024-12-05T20:40:39.081+0000] {subprocess.py:106} INFO -  24050K .......... .......... .......... .......... .......... 82%  339M 0s
[2024-12-05T20:40:39.082+0000] {subprocess.py:106} INFO -  24100K .......... .......... .......... .......... .......... 82%  257M 0s
[2024-12-05T20:40:39.082+0000] {subprocess.py:106} INFO -  24150K .......... .......... .......... .......... .......... 82%  115M 0s
[2024-12-05T20:40:39.084+0000] {subprocess.py:106} INFO -  24200K .......... .......... .......... .......... .......... 82%  162M 0s
[2024-12-05T20:40:39.085+0000] {subprocess.py:106} INFO -  24250K .......... .......... .......... .......... .......... 82%  265M 0s
[2024-12-05T20:40:39.085+0000] {subprocess.py:106} INFO -  24300K .......... .......... .......... .......... .......... 83% 98.7M 0s
[2024-12-05T20:40:39.086+0000] {subprocess.py:106} INFO -  24350K .......... .......... .......... .......... .......... 83%  179M 0s
[2024-12-05T20:40:39.086+0000] {subprocess.py:106} INFO -  24400K .......... .......... .......... .......... .......... 83%  261M 0s
[2024-12-05T20:40:39.086+0000] {subprocess.py:106} INFO -  24450K .......... .......... .......... .......... .......... 83% 87.1M 0s
[2024-12-05T20:40:39.086+0000] {subprocess.py:106} INFO -  24500K .......... .......... .......... .......... .......... 83% 87.5M 0s
[2024-12-05T20:40:39.087+0000] {subprocess.py:106} INFO -  24550K .......... .......... .......... .......... .......... 83%  236M 0s
[2024-12-05T20:40:39.087+0000] {subprocess.py:106} INFO -  24600K .......... .......... .......... .......... .......... 84%  112M 0s
[2024-12-05T20:40:39.087+0000] {subprocess.py:106} INFO -  24650K .......... .......... .......... .......... .......... 84% 70.0M 0s
[2024-12-05T20:40:39.087+0000] {subprocess.py:106} INFO -  24700K .......... .......... .......... .......... .......... 84% 71.7M 0s
[2024-12-05T20:40:39.088+0000] {subprocess.py:106} INFO -  24750K .......... .......... .......... .......... .......... 84% 84.4M 0s
[2024-12-05T20:40:39.088+0000] {subprocess.py:106} INFO -  24800K .......... .......... .......... .......... .......... 84%  237M 0s
[2024-12-05T20:40:39.088+0000] {subprocess.py:106} INFO -  24850K .......... .......... .......... .......... .......... 84% 80.7M 0s
[2024-12-05T20:40:39.089+0000] {subprocess.py:106} INFO -  24900K .......... .......... .......... .......... .......... 85%  188M 0s
[2024-12-05T20:40:39.089+0000] {subprocess.py:106} INFO -  24950K .......... .......... .......... .......... .......... 85% 64.7M 0s
[2024-12-05T20:40:39.090+0000] {subprocess.py:106} INFO -  25000K .......... .......... .......... .......... .......... 85%  113M 0s
[2024-12-05T20:40:39.090+0000] {subprocess.py:106} INFO -  25050K .......... .......... .......... .......... .......... 85%  118M 0s
[2024-12-05T20:40:39.090+0000] {subprocess.py:106} INFO -  25100K .......... .......... .......... .......... .......... 85% 79.8M 0s
[2024-12-05T20:40:39.091+0000] {subprocess.py:106} INFO -  25150K .......... .......... .......... .......... .......... 85% 74.5M 0s
[2024-12-05T20:40:39.091+0000] {subprocess.py:106} INFO -  25200K .......... .......... .......... .......... .......... 86%  227M 0s
[2024-12-05T20:40:39.091+0000] {subprocess.py:106} INFO -  25250K .......... .......... .......... .......... .......... 86%  300M 0s
[2024-12-05T20:40:39.092+0000] {subprocess.py:106} INFO -  25300K .......... .......... .......... .......... .......... 86%  111M 0s
[2024-12-05T20:40:39.092+0000] {subprocess.py:106} INFO -  25350K .......... .......... .......... .......... .......... 86% 78.1M 0s
[2024-12-05T20:40:39.092+0000] {subprocess.py:106} INFO -  25400K .......... .......... .......... .......... .......... 86%  130M 0s
[2024-12-05T20:40:39.093+0000] {subprocess.py:106} INFO -  25450K .......... .......... .......... .......... .......... 87%  159M 0s
[2024-12-05T20:40:39.093+0000] {subprocess.py:106} INFO -  25500K .......... .......... .......... .......... .......... 87%  185M 0s
[2024-12-05T20:40:39.093+0000] {subprocess.py:106} INFO -  25550K .......... .......... .......... .......... .......... 87%  139M 0s
[2024-12-05T20:40:39.094+0000] {subprocess.py:106} INFO -  25600K .......... .......... .......... .......... .......... 87%  203M 0s
[2024-12-05T20:40:39.094+0000] {subprocess.py:106} INFO -  25650K .......... .......... .......... .......... .......... 87%  105M 0s
[2024-12-05T20:40:39.094+0000] {subprocess.py:106} INFO -  25700K .......... .......... .......... .......... .......... 87%  191M 0s
[2024-12-05T20:40:39.094+0000] {subprocess.py:106} INFO -  25750K .......... .......... .......... .......... .......... 88%  103M 0s
[2024-12-05T20:40:39.094+0000] {subprocess.py:106} INFO -  25800K .......... .......... .......... .......... .......... 88%  141M 0s
[2024-12-05T20:40:39.095+0000] {subprocess.py:106} INFO -  25850K .......... .......... .......... .......... .......... 88% 48.6M 0s
[2024-12-05T20:40:39.095+0000] {subprocess.py:106} INFO -  25900K .......... .......... .......... .......... .......... 88% 79.6M 0s
[2024-12-05T20:40:39.095+0000] {subprocess.py:106} INFO -  25950K .......... .......... .......... .......... .......... 88%  272M 0s
[2024-12-05T20:40:39.096+0000] {subprocess.py:106} INFO -  26000K .......... .......... .......... .......... .......... 88% 44.1M 0s
[2024-12-05T20:40:39.096+0000] {subprocess.py:106} INFO -  26050K .......... .......... .......... .......... .......... 89% 22.9M 0s
[2024-12-05T20:40:39.096+0000] {subprocess.py:106} INFO -  26100K .......... .......... .......... .......... .......... 89% 68.8M 0s
[2024-12-05T20:40:39.097+0000] {subprocess.py:106} INFO -  26150K .......... .......... .......... .......... .......... 89% 55.4M 0s
[2024-12-05T20:40:39.097+0000] {subprocess.py:106} INFO -  26200K .......... .......... .......... .......... .......... 89% 41.5M 0s
[2024-12-05T20:40:39.097+0000] {subprocess.py:106} INFO -  26250K .......... .......... .......... .......... .......... 89% 87.6M 0s
[2024-12-05T20:40:39.097+0000] {subprocess.py:106} INFO -  26300K .......... .......... .......... .......... .......... 89% 45.0M 0s
[2024-12-05T20:40:39.097+0000] {subprocess.py:106} INFO -  26350K .......... .......... .......... .......... .......... 90%  116M 0s
[2024-12-05T20:40:39.098+0000] {subprocess.py:106} INFO -  26400K .......... .......... .......... .......... .......... 90%  213M 0s
[2024-12-05T20:40:39.101+0000] {subprocess.py:106} INFO -  26450K .......... .......... .......... .......... .......... 90% 29.3M 0s
[2024-12-05T20:40:39.101+0000] {subprocess.py:106} INFO -  26500K .......... .......... .......... .......... .......... 90% 47.0M 0s
[2024-12-05T20:40:39.109+0000] {subprocess.py:106} INFO -  26550K .......... .......... .......... .......... .......... 90% 31.4M 0s
[2024-12-05T20:40:39.110+0000] {subprocess.py:106} INFO -  26600K .......... .......... .......... .......... .......... 90% 24.4M 0s
[2024-12-05T20:40:39.112+0000] {subprocess.py:106} INFO -  26650K .......... .......... .......... .......... .......... 91% 29.5M 0s
[2024-12-05T20:40:39.115+0000] {subprocess.py:106} INFO -  26700K .......... .......... .......... .......... .......... 91%  148M 0s
[2024-12-05T20:40:39.117+0000] {subprocess.py:106} INFO -  26750K .......... .......... .......... .......... .......... 91% 30.5M 0s
[2024-12-05T20:40:39.117+0000] {subprocess.py:106} INFO -  26800K .......... .......... .......... .......... .......... 91% 17.7M 0s
[2024-12-05T20:40:39.118+0000] {subprocess.py:106} INFO -  26850K .......... .......... .......... .......... .......... 91% 24.5M 0s
[2024-12-05T20:40:39.119+0000] {subprocess.py:106} INFO -  26900K .......... .......... .......... .......... .......... 91% 16.8M 0s
[2024-12-05T20:40:39.120+0000] {subprocess.py:106} INFO -  26950K .......... .......... .......... .......... .......... 92% 33.8M 0s
[2024-12-05T20:40:39.121+0000] {subprocess.py:106} INFO -  27000K .......... .......... .......... .......... .......... 92% 15.1M 0s
[2024-12-05T20:40:39.122+0000] {subprocess.py:106} INFO -  27050K .......... .......... .......... .......... .......... 92% 24.8M 0s
[2024-12-05T20:40:39.124+0000] {subprocess.py:106} INFO -  27100K .......... .......... .......... .......... .......... 92% 13.8M 0s
[2024-12-05T20:40:39.126+0000] {subprocess.py:106} INFO -  27150K .......... .......... .......... .......... .......... 92%  111M 0s
[2024-12-05T20:40:39.130+0000] {subprocess.py:106} INFO -  27200K .......... .......... .......... .......... .......... 92% 66.8M 0s
[2024-12-05T20:40:39.132+0000] {subprocess.py:106} INFO -  27250K .......... .......... .......... .......... .......... 93%  102M 0s
[2024-12-05T20:40:39.133+0000] {subprocess.py:106} INFO -  27300K .......... .......... .......... .......... .......... 93% 21.2M 0s
[2024-12-05T20:40:39.134+0000] {subprocess.py:106} INFO -  27350K .......... .......... .......... .......... .......... 93%  164M 0s
[2024-12-05T20:40:39.135+0000] {subprocess.py:106} INFO -  27400K .......... .......... .......... .......... .......... 93% 23.5M 0s
[2024-12-05T20:40:39.136+0000] {subprocess.py:106} INFO -  27450K .......... .......... .......... .......... .......... 93%  120M 0s
[2024-12-05T20:40:39.137+0000] {subprocess.py:106} INFO -  27500K .......... .......... .......... .......... .......... 94% 41.2M 0s
[2024-12-05T20:40:39.138+0000] {subprocess.py:106} INFO -  27550K .......... .......... .......... .......... .......... 94% 69.3M 0s
[2024-12-05T20:40:39.139+0000] {subprocess.py:106} INFO -  27600K .......... .......... .......... .......... .......... 94% 35.2M 0s
[2024-12-05T20:40:39.140+0000] {subprocess.py:106} INFO -  27650K .......... .......... .......... .......... .......... 94% 52.2M 0s
[2024-12-05T20:40:39.142+0000] {subprocess.py:106} INFO -  27700K .......... .......... .......... .......... .......... 94% 90.8M 0s
[2024-12-05T20:40:39.143+0000] {subprocess.py:106} INFO -  27750K .......... .......... .......... .......... .......... 94% 64.2M 0s
[2024-12-05T20:40:39.144+0000] {subprocess.py:106} INFO -  27800K .......... .......... .......... .......... .......... 95%  208M 0s
[2024-12-05T20:40:39.144+0000] {subprocess.py:106} INFO -  27850K .......... .......... .......... .......... .......... 95%  109M 0s
[2024-12-05T20:40:39.145+0000] {subprocess.py:106} INFO -  27900K .......... .......... .......... .......... .......... 95%  243M 0s
[2024-12-05T20:40:39.145+0000] {subprocess.py:106} INFO -  27950K .......... .......... .......... .......... .......... 95%  211M 0s
[2024-12-05T20:40:39.146+0000] {subprocess.py:106} INFO -  28000K .......... .......... .......... .......... .......... 95% 36.9M 0s
[2024-12-05T20:40:39.147+0000] {subprocess.py:106} INFO -  28050K .......... .......... .......... .......... .......... 95% 25.9M 0s
[2024-12-05T20:40:39.148+0000] {subprocess.py:106} INFO -  28100K .......... .......... .......... .......... .......... 96% 97.4M 0s
[2024-12-05T20:40:39.149+0000] {subprocess.py:106} INFO -  28150K .......... .......... .......... .......... .......... 96%  267M 0s
[2024-12-05T20:40:39.150+0000] {subprocess.py:106} INFO -  28200K .......... .......... .......... .......... .......... 96%  280M 0s
[2024-12-05T20:40:39.150+0000] {subprocess.py:106} INFO -  28250K .......... .......... .......... .......... .......... 96%  304M 0s
[2024-12-05T20:40:39.150+0000] {subprocess.py:106} INFO -  28300K .......... .......... .......... .......... .......... 96% 72.1M 0s
[2024-12-05T20:40:39.151+0000] {subprocess.py:106} INFO -  28350K .......... .......... .......... .......... .......... 96%  184M 0s
[2024-12-05T20:40:39.151+0000] {subprocess.py:106} INFO -  28400K .......... .......... .......... .......... .......... 97% 87.1M 0s
[2024-12-05T20:40:39.151+0000] {subprocess.py:106} INFO -  28450K .......... .......... .......... .......... .......... 97%  197M 0s
[2024-12-05T20:40:39.152+0000] {subprocess.py:106} INFO -  28500K .......... .......... .......... .......... .......... 97% 45.3M 0s
[2024-12-05T20:40:39.152+0000] {subprocess.py:106} INFO -  28550K .......... .......... .......... .......... .......... 97%  137M 0s
[2024-12-05T20:40:39.152+0000] {subprocess.py:106} INFO -  28600K .......... .......... .......... .......... .......... 97%  293M 0s
[2024-12-05T20:40:39.153+0000] {subprocess.py:106} INFO -  28650K .......... .......... .......... .......... .......... 97% 23.7M 0s
[2024-12-05T20:40:39.153+0000] {subprocess.py:106} INFO -  28700K .......... .......... .......... .......... .......... 98%  184M 0s
[2024-12-05T20:40:39.153+0000] {subprocess.py:106} INFO -  28750K .......... .......... .......... .......... .......... 98%  291M 0s
[2024-12-05T20:40:39.154+0000] {subprocess.py:106} INFO -  28800K .......... .......... .......... .......... .......... 98%  237M 0s
[2024-12-05T20:40:39.154+0000] {subprocess.py:106} INFO -  28850K .......... .......... .......... .......... .......... 98%  278M 0s
[2024-12-05T20:40:39.154+0000] {subprocess.py:106} INFO -  28900K .......... .......... .......... .......... .......... 98%  245M 0s
[2024-12-05T20:40:39.155+0000] {subprocess.py:106} INFO -  28950K .......... .......... .......... .......... .......... 98%  256M 0s
[2024-12-05T20:40:39.155+0000] {subprocess.py:106} INFO -  29000K .......... .......... .......... .......... .......... 99%  249M 0s
[2024-12-05T20:40:39.155+0000] {subprocess.py:106} INFO -  29050K .......... .......... .......... .......... .......... 99%  262M 0s
[2024-12-05T20:40:39.155+0000] {subprocess.py:106} INFO -  29100K .......... .......... .......... .......... .......... 99%  294M 0s
[2024-12-05T20:40:39.156+0000] {subprocess.py:106} INFO -  29150K .......... .......... .......... .......... .......... 99%  226M 0s
[2024-12-05T20:40:39.156+0000] {subprocess.py:106} INFO -  29200K .......... .......... .......... .......... .......... 99%  278M 0s
[2024-12-05T20:40:39.157+0000] {subprocess.py:106} INFO -  29250K .......... .......... .......... .......... .......... 99%  291M 0s
[2024-12-05T20:40:39.158+0000] {subprocess.py:106} INFO -  29300K ....                                                  100% 7.41M=1.8s
[2024-12-05T20:40:39.158+0000] {subprocess.py:106} INFO - 
[2024-12-05T20:40:39.158+0000] {subprocess.py:106} INFO - 2024-12-05 20:40:39 (16.0 MB/s) - ‘/opt/***/output_2021-03.parquet’ saved [30007852/30007852]
[2024-12-05T20:40:39.159+0000] {subprocess.py:106} INFO - 
[2024-12-05T20:40:39.159+0000] {subprocess.py:110} INFO - Command exited with return code 0
[2024-12-05T20:40:39.233+0000] {taskinstance.py:340} INFO - ::group::Post task execution logs
[2024-12-05T20:40:39.234+0000] {taskinstance.py:352} INFO - Marking task as SUCCESS. dag_id=LocalIngestionDag, task_id=wget, run_id=scheduled__2021-03-02T06:00:00+00:00, execution_date=20210302T060000, start_date=20241205T204037, end_date=20241205T204039
[2024-12-05T20:40:39.281+0000] {local_task_job_runner.py:266} INFO - Task exited with return code 0
[2024-12-05T20:40:39.347+0000] {taskinstance.py:3895} INFO - 1 downstream tasks scheduled from follow-on schedule check
[2024-12-05T20:40:39.351+0000] {local_task_job_runner.py:245} INFO - ::endgroup::
[2024-12-05T23:43:54.374+0000] {local_task_job_runner.py:123} INFO - ::group::Pre task execution logs
[2024-12-05T23:43:54.396+0000] {taskinstance.py:2603} INFO - Dependencies not met for <TaskInstance: LocalIngestionDag.wget scheduled__2021-03-02T06:00:00+00:00 [queued]>, dependency 'Execution Date' FAILED: The execution date is 2021-03-02T06:00:00+00:00 but this is after the task's end date 2021-01-03T00:00:00+00:00.
[2024-12-05T23:43:54.397+0000] {taskinstance.py:2603} INFO - Dependencies not met for <TaskInstance: LocalIngestionDag.wget scheduled__2021-03-02T06:00:00+00:00 [queued]>, dependency 'Execution Date' FAILED: The execution date is 2021-03-02T06:00:00+00:00 but this is after the task's DAG's end date 2021-01-03T00:00:00+00:00.
[2024-12-05T23:43:54.406+0000] {local_task_job_runner.py:166} INFO - Task is not able to be run
