[2024-12-05T20:39:28.793+0000] {local_task_job_runner.py:123} INFO - ::group::Pre task execution logs
[2024-12-05T20:39:28.813+0000] {taskinstance.py:2613} INFO - Dependencies all met for dep_context=non-requeueable deps ti=<TaskInstance: LocalIngestionDag.wget scheduled__2021-03-02T06:00:00+00:00 [queued]>
[2024-12-05T20:39:28.822+0000] {taskinstance.py:2613} INFO - Dependencies all met for dep_context=requeueable deps ti=<TaskInstance: LocalIngestionDag.wget scheduled__2021-03-02T06:00:00+00:00 [queued]>
[2024-12-05T20:39:28.823+0000] {taskinstance.py:2866} INFO - Starting attempt 2 of 2
[2024-12-05T20:39:28.836+0000] {taskinstance.py:2889} INFO - Executing <Task(BashOperator): wget> on 2021-03-02 06:00:00+00:00
[2024-12-05T20:39:28.841+0000] {warnings.py:112} WARNING - /home/***/.local/lib/python3.12/site-packages/***/task/task_runner/standard_task_runner.py:70: DeprecationWarning: This process (pid=749) is multi-threaded, use of fork() may lead to deadlocks in the child.
  pid = os.fork()

[2024-12-05T20:39:28.842+0000] {standard_task_runner.py:72} INFO - Started process 756 to run task
[2024-12-05T20:39:28.842+0000] {standard_task_runner.py:104} INFO - Running: ['***', 'tasks', 'run', 'LocalIngestionDag', 'wget', 'scheduled__2021-03-02T06:00:00+00:00', '--job-id', '20', '--raw', '--subdir', 'DAGS_FOLDER/data_ingestion_local.py', '--cfg-path', '/tmp/tmpjla8hq_z']
[2024-12-05T20:39:28.844+0000] {standard_task_runner.py:105} INFO - Job 20: Subtask wget
[2024-12-05T20:39:28.895+0000] {task_command.py:467} INFO - Running <TaskInstance: LocalIngestionDag.wget scheduled__2021-03-02T06:00:00+00:00 [running]> on host cf87bc668ac5
[2024-12-05T20:39:28.947+0000] {taskinstance.py:3132} INFO - Exporting env vars: AIRFLOW_CTX_DAG_OWNER='***' AIRFLOW_CTX_DAG_ID='LocalIngestionDag' AIRFLOW_CTX_TASK_ID='wget' AIRFLOW_CTX_EXECUTION_DATE='2021-03-02T06:00:00+00:00' AIRFLOW_CTX_TRY_NUMBER='2' AIRFLOW_CTX_DAG_RUN_ID='scheduled__2021-03-02T06:00:00+00:00'
[2024-12-05T20:39:28.947+0000] {taskinstance.py:731} INFO - ::endgroup::
[2024-12-05T20:39:28.957+0000] {subprocess.py:78} INFO - Tmp dir root location: /tmp
[2024-12-05T20:39:28.958+0000] {subprocess.py:88} INFO - Running command: ['/usr/bin/bash', '-c', 'wget https://d37ci6vzurychx.cloudfront.net/trip-data/yellow_tripdata_2021-03.parquet -O /opt/***/output_2021-03.parquet']
[2024-12-05T20:39:28.964+0000] {subprocess.py:99} INFO - Output:
[2024-12-05T20:39:28.970+0000] {subprocess.py:106} INFO - --2024-12-05 20:39:28--  https://d37ci6vzurychx.cloudfront.net/trip-data/yellow_tripdata_2021-03.parquet
[2024-12-05T20:39:29.029+0000] {subprocess.py:106} INFO - Resolving d37ci6vzurychx.cloudfront.net (d37ci6vzurychx.cloudfront.net)... 52.85.39.153, 52.85.39.117, 52.85.39.65, ...
[2024-12-05T20:39:29.046+0000] {subprocess.py:106} INFO - Connecting to d37ci6vzurychx.cloudfront.net (d37ci6vzurychx.cloudfront.net)|52.85.39.153|:443... connected.
[2024-12-05T20:39:29.389+0000] {subprocess.py:106} INFO - HTTP request sent, awaiting response... 200 OK
[2024-12-05T20:39:29.390+0000] {subprocess.py:106} INFO - Length: 30007852 (29M) [application/x-www-form-urlencoded]
[2024-12-05T20:39:29.390+0000] {subprocess.py:106} INFO - Saving to: ‘/opt/***/output_2021-03.parquet’
[2024-12-05T20:39:29.405+0000] {subprocess.py:106} INFO - 
[2024-12-05T20:39:29.424+0000] {subprocess.py:106} INFO -      0K .......... .......... .......... .......... ..........  0% 1.40M 20s
[2024-12-05T20:39:29.424+0000] {subprocess.py:106} INFO -     50K .......... .......... .......... .......... ..........  0%  162M 10s
[2024-12-05T20:39:29.466+0000] {subprocess.py:106} INFO -    100K .......... .......... .......... .......... ..........  0% 1.20M 15s
[2024-12-05T20:39:29.492+0000] {subprocess.py:106} INFO -    150K .......... .......... .......... .......... ..........  0% 1.81M 15s
[2024-12-05T20:39:29.493+0000] {subprocess.py:106} INFO -    200K .......... .......... .......... .......... ..........  0% 95.4M 12s
[2024-12-05T20:39:29.493+0000] {subprocess.py:106} INFO -    250K .......... .......... .......... .......... ..........  1%  254M 10s
[2024-12-05T20:39:29.496+0000] {subprocess.py:106} INFO -    300K .......... .......... .......... .......... ..........  1%  238M 9s
[2024-12-05T20:39:29.498+0000] {subprocess.py:106} INFO -    350K .......... .......... .......... .......... ..........  1% 11.6M 8s
[2024-12-05T20:39:29.499+0000] {subprocess.py:106} INFO -    400K .......... .......... .......... .......... ..........  1% 27.5M 7s
[2024-12-05T20:39:29.510+0000] {subprocess.py:106} INFO -    450K .......... .......... .......... .......... ..........  1% 4.43M 7s
[2024-12-05T20:39:29.522+0000] {subprocess.py:106} INFO -    500K .......... .......... .......... .......... ..........  1% 4.18M 7s
[2024-12-05T20:39:29.525+0000] {subprocess.py:106} INFO -    550K .......... .......... .......... .......... ..........  2% 23.6M 6s
[2024-12-05T20:39:29.529+0000] {subprocess.py:106} INFO -    600K .......... .......... .......... .......... ..........  2% 47.5M 6s
[2024-12-05T20:39:29.532+0000] {subprocess.py:106} INFO -    650K .......... .......... .......... .......... ..........  2% 17.8M 6s
[2024-12-05T20:39:29.534+0000] {subprocess.py:106} INFO -    700K .......... .......... .......... .......... ..........  2% 8.99M 5s
[2024-12-05T20:39:29.535+0000] {subprocess.py:106} INFO -    750K .......... .......... .......... .......... ..........  2% 25.7M 5s
[2024-12-05T20:39:29.536+0000] {subprocess.py:106} INFO -    800K .......... .......... .......... .......... ..........  2%  149M 5s
[2024-12-05T20:39:29.562+0000] {subprocess.py:106} INFO -    850K .......... .......... .......... .......... ..........  3% 1.79M 5s
[2024-12-05T20:39:29.568+0000] {subprocess.py:106} INFO -    900K .......... .......... .......... .......... ..........  3%  142M 5s
[2024-12-05T20:39:29.574+0000] {subprocess.py:106} INFO -    950K .......... .......... .......... .......... ..........  3% 5.64M 5s
[2024-12-05T20:39:29.577+0000] {subprocess.py:106} INFO -   1000K .......... .......... .......... .......... ..........  3% 53.4M 5s
[2024-12-05T20:39:29.580+0000] {subprocess.py:106} INFO -   1050K .......... .......... .......... .......... ..........  3% 25.4M 5s
[2024-12-05T20:39:29.582+0000] {subprocess.py:106} INFO -   1100K .......... .......... .......... .......... ..........  3% 24.9M 5s
[2024-12-05T20:39:29.583+0000] {subprocess.py:106} INFO -   1150K .......... .......... .......... .......... ..........  4% 51.3M 4s
[2024-12-05T20:39:29.585+0000] {subprocess.py:106} INFO -   1200K .......... .......... .......... .......... ..........  4% 47.6M 4s
[2024-12-05T20:39:29.588+0000] {subprocess.py:106} INFO -   1250K .......... .......... .......... .......... ..........  4% 53.3M 4s
[2024-12-05T20:39:29.588+0000] {subprocess.py:106} INFO -   1300K .......... .......... .......... .......... ..........  4% 66.2M 4s
[2024-12-05T20:39:29.588+0000] {subprocess.py:106} INFO -   1350K .......... .......... .......... .......... ..........  4% 91.4M 4s
[2024-12-05T20:39:29.589+0000] {subprocess.py:106} INFO -   1400K .......... .......... .......... .......... ..........  4%  157M 4s
[2024-12-05T20:39:29.590+0000] {subprocess.py:106} INFO -   1450K .......... .......... .......... .......... ..........  5%  169M 4s
[2024-12-05T20:39:29.590+0000] {subprocess.py:106} INFO -   1500K .......... .......... .......... .......... ..........  5% 18.7M 3s
[2024-12-05T20:39:29.590+0000] {subprocess.py:106} INFO -   1550K .......... .......... .......... .......... ..........  5% 56.5M 3s
[2024-12-05T20:39:29.591+0000] {subprocess.py:106} INFO -   1600K .......... .......... .......... .......... ..........  5%  137M 3s
[2024-12-05T20:39:29.591+0000] {subprocess.py:106} INFO -   1650K .......... .......... .......... .......... ..........  5%  126M 3s
[2024-12-05T20:39:29.591+0000] {subprocess.py:106} INFO -   1700K .......... .......... .......... .......... ..........  5%  129M 3s
[2024-12-05T20:39:29.591+0000] {subprocess.py:106} INFO -   1750K .......... .......... .......... .......... ..........  6% 57.1M 3s
[2024-12-05T20:39:29.592+0000] {subprocess.py:106} INFO -   1800K .......... .......... .......... .......... ..........  6% 74.1M 3s
[2024-12-05T20:39:29.599+0000] {subprocess.py:106} INFO -   1850K .......... .......... .......... .......... ..........  6% 3.92M 3s
[2024-12-05T20:39:29.602+0000] {subprocess.py:106} INFO -   1900K .......... .......... .......... .......... ..........  6% 20.5M 3s
[2024-12-05T20:39:29.607+0000] {subprocess.py:106} INFO -   1950K .......... .......... .......... .......... ..........  6% 9.61M 3s
[2024-12-05T20:39:29.608+0000] {subprocess.py:106} INFO -   2000K .......... .......... .......... .......... ..........  6% 42.2M 3s
[2024-12-05T20:39:29.610+0000] {subprocess.py:106} INFO -   2050K .......... .......... .......... .......... ..........  7% 49.6M 3s
[2024-12-05T20:39:29.614+0000] {subprocess.py:106} INFO -   2100K .......... .......... .......... .......... ..........  7%  138M 3s
[2024-12-05T20:39:29.619+0000] {subprocess.py:106} INFO -   2150K .......... .......... .......... .......... ..........  7%  178M 3s
[2024-12-05T20:39:29.621+0000] {subprocess.py:106} INFO -   2200K .......... .......... .......... .......... ..........  7% 54.3M 3s
[2024-12-05T20:39:29.627+0000] {subprocess.py:106} INFO -   2250K .......... .......... .......... .......... ..........  7% 43.5M 3s
[2024-12-05T20:39:29.629+0000] {subprocess.py:106} INFO -   2300K .......... .......... .......... .......... ..........  8% 74.0M 3s
[2024-12-05T20:39:29.629+0000] {subprocess.py:106} INFO -   2350K .......... .......... .......... .......... ..........  8% 32.5M 3s
[2024-12-05T20:39:29.629+0000] {subprocess.py:106} INFO -   2400K .......... .......... .......... .......... ..........  8% 81.6M 2s
[2024-12-05T20:39:29.629+0000] {subprocess.py:106} INFO -   2450K .......... .......... .......... .......... ..........  8% 71.5M 2s
[2024-12-05T20:39:29.630+0000] {subprocess.py:106} INFO -   2500K .......... .......... .......... .......... ..........  8%  122M 2s
[2024-12-05T20:39:29.630+0000] {subprocess.py:106} INFO -   2550K .......... .......... .......... .......... ..........  8% 16.3M 2s
[2024-12-05T20:39:29.630+0000] {subprocess.py:106} INFO -   2600K .......... .......... .......... .......... ..........  9% 83.5M 2s
[2024-12-05T20:39:29.630+0000] {subprocess.py:106} INFO -   2650K .......... .......... .......... .......... ..........  9% 15.6M 2s
[2024-12-05T20:39:29.631+0000] {subprocess.py:106} INFO -   2700K .......... .......... .......... .......... ..........  9%  201M 2s
[2024-12-05T20:39:29.631+0000] {subprocess.py:106} INFO -   2750K .......... .......... .......... .......... ..........  9% 30.5M 2s
[2024-12-05T20:39:29.631+0000] {subprocess.py:106} INFO -   2800K .......... .......... .......... .......... ..........  9%  249M 2s
[2024-12-05T20:39:29.634+0000] {subprocess.py:106} INFO -   2850K .......... .......... .......... .......... ..........  9% 5.30M 2s
[2024-12-05T20:39:29.639+0000] {subprocess.py:106} INFO -   2900K .......... .......... .......... .......... .......... 10% 10.6M 2s
[2024-12-05T20:39:29.639+0000] {subprocess.py:106} INFO -   2950K .......... .......... .......... .......... .......... 10%  132M 2s
[2024-12-05T20:39:29.640+0000] {subprocess.py:106} INFO -   3000K .......... .......... .......... .......... .......... 10%  258M 2s
[2024-12-05T20:39:29.672+0000] {subprocess.py:106} INFO -   3050K .......... .......... .......... .......... .......... 10% 1.45M 2s
[2024-12-05T20:39:29.673+0000] {subprocess.py:106} INFO -   3100K .......... .......... .......... .......... .......... 10%  151M 2s
[2024-12-05T20:39:29.673+0000] {subprocess.py:106} INFO -   3150K .......... .......... .......... .......... .......... 10%  247M 2s
[2024-12-05T20:39:29.673+0000] {subprocess.py:106} INFO -   3200K .......... .......... .......... .......... .......... 11%  255M 2s
[2024-12-05T20:39:29.677+0000] {subprocess.py:106} INFO -   3250K .......... .......... .......... .......... .......... 11% 14.0M 2s
[2024-12-05T20:39:29.680+0000] {subprocess.py:106} INFO -   3300K .......... .......... .......... .......... .......... 11%  246M 2s
[2024-12-05T20:39:29.681+0000] {subprocess.py:106} INFO -   3350K .......... .......... .......... .......... .......... 11%  211M 2s
[2024-12-05T20:39:29.681+0000] {subprocess.py:106} INFO -   3400K .......... .......... .......... .......... .......... 11%  209M 2s
[2024-12-05T20:39:29.681+0000] {subprocess.py:106} INFO -   3450K .......... .......... .......... .......... .......... 11% 72.3M 2s
[2024-12-05T20:39:29.681+0000] {subprocess.py:106} INFO -   3500K .......... .......... .......... .......... .......... 12%  237M 2s
[2024-12-05T20:39:29.682+0000] {subprocess.py:106} INFO -   3550K .......... .......... .......... .......... .......... 12%  210M 2s
[2024-12-05T20:39:29.682+0000] {subprocess.py:106} INFO -   3600K .......... .......... .......... .......... .......... 12%  224M 2s
[2024-12-05T20:39:29.682+0000] {subprocess.py:106} INFO -   3650K .......... .......... .......... .......... .......... 12%  213M 2s
[2024-12-05T20:39:29.682+0000] {subprocess.py:106} INFO -   3700K .......... .......... .......... .......... .......... 12%  309M 2s
[2024-12-05T20:39:29.683+0000] {subprocess.py:106} INFO -   3750K .......... .......... .......... .......... .......... 12%  246M 2s
[2024-12-05T20:39:29.683+0000] {subprocess.py:106} INFO -   3800K .......... .......... .......... .......... .......... 13%  274M 2s
[2024-12-05T20:39:29.683+0000] {subprocess.py:106} INFO -   3850K .......... .......... .......... .......... .......... 13%  248M 2s
[2024-12-05T20:39:29.683+0000] {subprocess.py:106} INFO -   3900K .......... .......... .......... .......... .......... 13%  265M 2s
[2024-12-05T20:39:29.683+0000] {subprocess.py:106} INFO -   3950K .......... .......... .......... .......... .......... 13%  222M 2s
[2024-12-05T20:39:29.686+0000] {subprocess.py:106} INFO -   4000K .......... .......... .......... .......... .......... 13%  250M 2s
[2024-12-05T20:39:29.688+0000] {subprocess.py:106} INFO -   4050K .......... .......... .......... .......... .......... 13%  111M 2s
[2024-12-05T20:39:29.689+0000] {subprocess.py:106} INFO -   4100K .......... .......... .......... .......... .......... 14%  208M 2s
[2024-12-05T20:39:29.692+0000] {subprocess.py:106} INFO -   4150K .......... .......... .......... .......... .......... 14%  288M 2s
[2024-12-05T20:39:29.695+0000] {subprocess.py:106} INFO -   4200K .......... .......... .......... .......... .......... 14%  222M 2s
[2024-12-05T20:39:29.697+0000] {subprocess.py:106} INFO -   4250K .......... .......... .......... .......... .......... 14%  294M 2s
[2024-12-05T20:39:29.699+0000] {subprocess.py:106} INFO -   4300K .......... .......... .......... .......... .......... 14% 16.6M 2s
[2024-12-05T20:39:29.704+0000] {subprocess.py:106} INFO -   4350K .......... .......... .......... .......... .......... 15% 78.0M 2s
[2024-12-05T20:39:29.705+0000] {subprocess.py:106} INFO -   4400K .......... .......... .......... .......... .......... 15% 81.9M 2s
[2024-12-05T20:39:29.705+0000] {subprocess.py:106} INFO -   4450K .......... .......... .......... .......... .......... 15% 30.9M 2s
[2024-12-05T20:39:29.705+0000] {subprocess.py:106} INFO -   4500K .......... .......... .......... .......... .......... 15% 86.0M 2s
[2024-12-05T20:39:29.705+0000] {subprocess.py:106} INFO -   4550K .......... .......... .......... .......... .......... 15% 59.2M 2s
[2024-12-05T20:39:29.705+0000] {subprocess.py:106} INFO -   4600K .......... .......... .......... .......... .......... 15% 58.1M 2s
[2024-12-05T20:39:29.706+0000] {subprocess.py:106} INFO -   4650K .......... .......... .......... .......... .......... 16% 33.5M 2s
[2024-12-05T20:39:29.706+0000] {subprocess.py:106} INFO -   4700K .......... .......... .......... .......... .......... 16% 78.3M 2s
[2024-12-05T20:39:29.707+0000] {subprocess.py:106} INFO -   4750K .......... .......... .......... .......... .......... 16%  215M 2s
[2024-12-05T20:39:29.707+0000] {subprocess.py:106} INFO -   4800K .......... .......... .......... .......... .......... 16%  132M 2s
[2024-12-05T20:39:29.707+0000] {subprocess.py:106} INFO -   4850K .......... .......... .......... .......... .......... 16%  133M 2s
[2024-12-05T20:39:29.707+0000] {subprocess.py:106} INFO -   4900K .......... .......... .......... .......... .......... 16% 70.5M 1s
[2024-12-05T20:39:29.707+0000] {subprocess.py:106} INFO -   4950K .......... .......... .......... .......... .......... 17% 93.6M 1s
[2024-12-05T20:39:29.707+0000] {subprocess.py:106} INFO -   5000K .......... .......... .......... .......... .......... 17% 51.5M 1s
[2024-12-05T20:39:29.708+0000] {subprocess.py:106} INFO -   5050K .......... .......... .......... .......... .......... 17% 91.1M 1s
[2024-12-05T20:39:29.708+0000] {subprocess.py:106} INFO -   5100K .......... .......... .......... .......... .......... 17%  169M 1s
[2024-12-05T20:39:29.708+0000] {subprocess.py:106} INFO -   5150K .......... .......... .......... .......... .......... 17%  141M 1s
[2024-12-05T20:39:29.708+0000] {subprocess.py:106} INFO -   5200K .......... .......... .......... .......... .......... 17%  144M 1s
[2024-12-05T20:39:29.708+0000] {subprocess.py:106} INFO -   5250K .......... .......... .......... .......... .......... 18%  161M 1s
[2024-12-05T20:39:29.708+0000] {subprocess.py:106} INFO -   5300K .......... .......... .......... .......... .......... 18% 4.70M 1s
[2024-12-05T20:39:29.757+0000] {subprocess.py:106} INFO -   5350K .......... .......... .......... .......... .......... 18%  998K 2s
[2024-12-05T20:39:29.765+0000] {subprocess.py:106} INFO -   5400K .......... .......... .......... .......... .......... 18% 85.5M 2s
[2024-12-05T20:39:29.766+0000] {subprocess.py:106} INFO -   5450K .......... .......... .......... .......... .......... 18% 67.5M 2s
[2024-12-05T20:39:29.767+0000] {subprocess.py:106} INFO -   5500K .......... .......... .......... .......... .......... 18% 94.0M 2s
[2024-12-05T20:39:29.767+0000] {subprocess.py:106} INFO -   5550K .......... .......... .......... .......... .......... 19%  109M 2s
[2024-12-05T20:39:29.767+0000] {subprocess.py:106} INFO -   5600K .......... .......... .......... .......... .......... 19% 64.9M 2s
[2024-12-05T20:39:29.767+0000] {subprocess.py:106} INFO -   5650K .......... .......... .......... .......... .......... 19% 71.2M 2s
[2024-12-05T20:39:29.768+0000] {subprocess.py:106} INFO -   5700K .......... .......... .......... .......... .......... 19%  161M 2s
[2024-12-05T20:39:29.768+0000] {subprocess.py:106} INFO -   5750K .......... .......... .......... .......... .......... 19% 74.0M 2s
[2024-12-05T20:39:29.768+0000] {subprocess.py:106} INFO -   5800K .......... .......... .......... .......... .......... 19%  232M 1s
[2024-12-05T20:39:29.768+0000] {subprocess.py:106} INFO -   5850K .......... .......... .......... .......... .......... 20%  321M 1s
[2024-12-05T20:39:29.771+0000] {subprocess.py:106} INFO -   5900K .......... .......... .......... .......... .......... 20%  262M 1s
[2024-12-05T20:39:29.772+0000] {subprocess.py:106} INFO -   5950K .......... .......... .......... .......... .......... 20%  343M 1s
[2024-12-05T20:39:29.773+0000] {subprocess.py:106} INFO -   6000K .......... .......... .......... .......... .......... 20%  130M 1s
[2024-12-05T20:39:29.774+0000] {subprocess.py:106} INFO -   6050K .......... .......... .......... .......... .......... 20%  165M 1s
[2024-12-05T20:39:29.778+0000] {subprocess.py:106} INFO -   6100K .......... .......... .......... .......... .......... 20%  266M 1s
[2024-12-05T20:39:29.779+0000] {subprocess.py:106} INFO -   6150K .......... .......... .......... .......... .......... 21%  254M 1s
[2024-12-05T20:39:29.783+0000] {subprocess.py:106} INFO -   6200K .......... .......... .......... .......... .......... 21%  126M 1s
[2024-12-05T20:39:29.790+0000] {subprocess.py:106} INFO -   6250K .......... .......... .......... .......... .......... 21%  223M 1s
[2024-12-05T20:39:29.796+0000] {subprocess.py:106} INFO -   6300K .......... .......... .......... .......... .......... 21%  284M 1s
[2024-12-05T20:39:29.798+0000] {subprocess.py:106} INFO -   6350K .......... .......... .......... .......... .......... 21%  280M 1s
[2024-12-05T20:39:29.807+0000] {subprocess.py:106} INFO -   6400K .......... .......... .......... .......... .......... 22% 72.4M 1s
[2024-12-05T20:39:29.812+0000] {subprocess.py:106} INFO -   6450K .......... .......... .......... .......... .......... 22% 44.4M 1s
[2024-12-05T20:39:29.813+0000] {subprocess.py:106} INFO -   6500K .......... .......... .......... .......... .......... 22%  233M 1s
[2024-12-05T20:39:29.813+0000] {subprocess.py:106} INFO -   6550K .......... .......... .......... .......... .......... 22% 95.2M 1s
[2024-12-05T20:39:29.815+0000] {subprocess.py:106} INFO -   6600K .......... .......... .......... .......... .......... 22% 26.8M 1s
[2024-12-05T20:39:29.815+0000] {subprocess.py:106} INFO -   6650K .......... .......... .......... .......... .......... 22% 56.7M 1s
[2024-12-05T20:39:29.816+0000] {subprocess.py:106} INFO -   6700K .......... .......... .......... .......... .......... 23%  137M 1s
[2024-12-05T20:39:29.818+0000] {subprocess.py:106} INFO -   6750K .......... .......... .......... .......... .......... 23%  160M 1s
[2024-12-05T20:39:29.818+0000] {subprocess.py:106} INFO -   6800K .......... .......... .......... .......... .......... 23% 33.7M 1s
[2024-12-05T20:39:29.818+0000] {subprocess.py:106} INFO -   6850K .......... .......... .......... .......... .......... 23%  228M 1s
[2024-12-05T20:39:29.819+0000] {subprocess.py:106} INFO -   6900K .......... .......... .......... .......... .......... 23% 56.6M 1s
[2024-12-05T20:39:29.819+0000] {subprocess.py:106} INFO -   6950K .......... .......... .......... .......... .......... 23% 33.4M 1s
[2024-12-05T20:39:29.819+0000] {subprocess.py:106} INFO -   7000K .......... .......... .......... .......... .......... 24% 88.1M 1s
[2024-12-05T20:39:29.820+0000] {subprocess.py:106} INFO -   7050K .......... .......... .......... .......... .......... 24% 27.3M 1s
[2024-12-05T20:39:29.820+0000] {subprocess.py:106} INFO -   7100K .......... .......... .......... .......... .......... 24% 86.5M 1s
[2024-12-05T20:39:29.820+0000] {subprocess.py:106} INFO -   7150K .......... .......... .......... .......... .......... 24% 40.9M 1s
[2024-12-05T20:39:29.820+0000] {subprocess.py:106} INFO -   7200K .......... .......... .......... .......... .......... 24% 47.5M 1s
[2024-12-05T20:39:29.826+0000] {subprocess.py:106} INFO -   7250K .......... .......... .......... .......... .......... 24% 75.8M 1s
[2024-12-05T20:39:29.827+0000] {subprocess.py:106} INFO -   7300K .......... .......... .......... .......... .......... 25%  124M 1s
[2024-12-05T20:39:29.827+0000] {subprocess.py:106} INFO -   7350K .......... .......... .......... .......... .......... 25% 72.3M 1s
[2024-12-05T20:39:29.827+0000] {subprocess.py:106} INFO -   7400K .......... .......... .......... .......... .......... 25% 37.7M 1s
[2024-12-05T20:39:29.828+0000] {subprocess.py:106} INFO -   7450K .......... .......... .......... .......... .......... 25% 53.3M 1s
[2024-12-05T20:39:29.828+0000] {subprocess.py:106} INFO -   7500K .......... .......... .......... .......... .......... 25% 40.2M 1s
[2024-12-05T20:39:29.828+0000] {subprocess.py:106} INFO -   7550K .......... .......... .......... .......... .......... 25% 33.4M 1s
[2024-12-05T20:39:29.828+0000] {subprocess.py:106} INFO -   7600K .......... .......... .......... .......... .......... 26% 59.9M 1s
[2024-12-05T20:39:29.829+0000] {subprocess.py:106} INFO -   7650K .......... .......... .......... .......... .......... 26% 51.6M 1s
[2024-12-05T20:39:29.829+0000] {subprocess.py:106} INFO -   7700K .......... .......... .......... .......... .......... 26% 97.6M 1s
[2024-12-05T20:39:29.829+0000] {subprocess.py:106} INFO -   7750K .......... .......... .......... .......... .......... 26% 24.3M 1s
[2024-12-05T20:39:29.829+0000] {subprocess.py:106} INFO -   7800K .......... .......... .......... .......... .......... 26% 40.5M 1s
[2024-12-05T20:39:29.829+0000] {subprocess.py:106} INFO -   7850K .......... .......... .......... .......... .......... 26% 74.7M 1s
[2024-12-05T20:39:29.830+0000] {subprocess.py:106} INFO -   7900K .......... .......... .......... .......... .......... 27% 60.8M 1s
[2024-12-05T20:39:29.830+0000] {subprocess.py:106} INFO -   7950K .......... .......... .......... .......... .......... 27%  147M 1s
[2024-12-05T20:39:29.831+0000] {subprocess.py:106} INFO -   8000K .......... .......... .......... .......... .......... 27%  262M 1s
[2024-12-05T20:39:29.831+0000] {subprocess.py:106} INFO -   8050K .......... .......... .......... .......... .......... 27% 29.7M 1s
[2024-12-05T20:39:29.832+0000] {subprocess.py:106} INFO -   8100K .......... .......... .......... .......... .......... 27% 53.6M 1s
[2024-12-05T20:39:29.832+0000] {subprocess.py:106} INFO -   8150K .......... .......... .......... .......... .......... 27% 51.0M 1s
[2024-12-05T20:39:29.832+0000] {subprocess.py:106} INFO -   8200K .......... .......... .......... .......... .......... 28% 76.6M 1s
[2024-12-05T20:39:29.833+0000] {subprocess.py:106} INFO -   8250K .......... .......... .......... .......... .......... 28% 45.6M 1s
[2024-12-05T20:39:29.833+0000] {subprocess.py:106} INFO -   8300K .......... .......... .......... .......... .......... 28% 37.6M 1s
[2024-12-05T20:39:29.833+0000] {subprocess.py:106} INFO -   8350K .......... .......... .......... .......... .......... 28% 53.7M 1s
[2024-12-05T20:39:29.834+0000] {subprocess.py:106} INFO -   8400K .......... .......... .......... .......... .......... 28% 63.2M 1s
[2024-12-05T20:39:29.834+0000] {subprocess.py:106} INFO -   8450K .......... .......... .......... .......... .......... 29%  153M 1s
[2024-12-05T20:39:29.835+0000] {subprocess.py:106} INFO -   8500K .......... .......... .......... .......... .......... 29% 2.46M 1s
[2024-12-05T20:39:29.835+0000] {subprocess.py:106} INFO -   8550K .......... .......... .......... .......... .......... 29% 89.3M 1s
[2024-12-05T20:39:29.835+0000] {subprocess.py:106} INFO -   8600K .......... .......... .......... .......... .......... 29% 56.3M 1s
[2024-12-05T20:39:29.836+0000] {subprocess.py:106} INFO -   8650K .......... .......... .......... .......... .......... 29% 80.5M 1s
[2024-12-05T20:39:29.836+0000] {subprocess.py:106} INFO -   8700K .......... .......... .......... .......... .......... 29% 79.9M 1s
[2024-12-05T20:39:29.836+0000] {subprocess.py:106} INFO -   8750K .......... .......... .......... .......... .......... 30%  141M 1s
[2024-12-05T20:39:29.837+0000] {subprocess.py:106} INFO -   8800K .......... .......... .......... .......... .......... 30%  107M 1s
[2024-12-05T20:39:29.837+0000] {subprocess.py:106} INFO -   8850K .......... .......... .......... .......... .......... 30%  223M 1s
[2024-12-05T20:39:29.838+0000] {subprocess.py:106} INFO -   8900K .......... .......... .......... .......... .......... 30%  159M 1s
[2024-12-05T20:39:29.839+0000] {subprocess.py:106} INFO -   8950K .......... .......... .......... .......... .......... 30%  153M 1s
[2024-12-05T20:39:29.839+0000] {subprocess.py:106} INFO -   9000K .......... .......... .......... .......... .......... 30% 68.9M 1s
[2024-12-05T20:39:29.839+0000] {subprocess.py:106} INFO -   9050K .......... .......... .......... .......... .......... 31%  169M 1s
[2024-12-05T20:39:29.840+0000] {subprocess.py:106} INFO -   9100K .......... .......... .......... .......... .......... 31%  200M 1s
[2024-12-05T20:39:29.852+0000] {subprocess.py:106} INFO -   9150K .......... .......... .......... .......... .......... 31% 2.08M 1s
[2024-12-05T20:39:29.870+0000] {subprocess.py:106} INFO -   9200K .......... .......... .......... .......... .......... 31% 2.68M 1s
[2024-12-05T20:39:29.873+0000] {subprocess.py:106} INFO -   9250K .......... .......... .......... .......... .......... 31% 50.1M 1s
[2024-12-05T20:39:29.882+0000] {subprocess.py:106} INFO -   9300K .......... .......... .......... .......... .......... 31% 27.0M 1s
[2024-12-05T20:39:29.884+0000] {subprocess.py:106} INFO -   9350K .......... .......... .......... .......... .......... 32% 60.2M 1s
[2024-12-05T20:39:29.887+0000] {subprocess.py:106} INFO -   9400K .......... .......... .......... .......... .......... 32% 39.2M 1s
[2024-12-05T20:39:29.891+0000] {subprocess.py:106} INFO -   9450K .......... .......... .......... .......... .......... 32%  147M 1s
[2024-12-05T20:39:29.899+0000] {subprocess.py:106} INFO -   9500K .......... .......... .......... .......... .......... 32% 61.9M 1s
[2024-12-05T20:39:29.900+0000] {subprocess.py:106} INFO -   9550K .......... .......... .......... .......... .......... 32% 59.4M 1s
[2024-12-05T20:39:29.901+0000] {subprocess.py:106} INFO -   9600K .......... .......... .......... .......... .......... 32%  275M 1s
[2024-12-05T20:39:29.904+0000] {subprocess.py:106} INFO -   9650K .......... .......... .......... .......... .......... 33% 20.5M 1s
[2024-12-05T20:39:29.906+0000] {subprocess.py:106} INFO -   9700K .......... .......... .......... .......... .......... 33% 56.8M 1s
[2024-12-05T20:39:29.908+0000] {subprocess.py:106} INFO -   9750K .......... .......... .......... .......... .......... 33% 91.6M 1s
[2024-12-05T20:39:29.911+0000] {subprocess.py:106} INFO -   9800K .......... .......... .......... .......... .......... 33% 20.8M 1s
[2024-12-05T20:39:29.913+0000] {subprocess.py:106} INFO -   9850K .......... .......... .......... .......... .......... 33% 36.2M 1s
[2024-12-05T20:39:29.913+0000] {subprocess.py:106} INFO -   9900K .......... .......... .......... .......... .......... 33% 38.3M 1s
[2024-12-05T20:39:29.913+0000] {subprocess.py:106} INFO -   9950K .......... .......... .......... .......... .......... 34%  202M 1s
[2024-12-05T20:39:29.914+0000] {subprocess.py:106} INFO -  10000K .......... .......... .......... .......... .......... 34% 31.9M 1s
[2024-12-05T20:39:29.914+0000] {subprocess.py:106} INFO -  10050K .......... .......... .......... .......... .......... 34% 49.6M 1s
[2024-12-05T20:39:29.917+0000] {subprocess.py:106} INFO -  10100K .......... .......... .......... .......... .......... 34% 41.4M 1s
[2024-12-05T20:39:29.918+0000] {subprocess.py:106} INFO -  10150K .......... .......... .......... .......... .......... 34%  102M 1s
[2024-12-05T20:39:29.918+0000] {subprocess.py:106} INFO -  10200K .......... .......... .......... .......... .......... 34% 49.2M 1s
[2024-12-05T20:39:29.920+0000] {subprocess.py:106} INFO -  10250K .......... .......... .......... .......... .......... 35%  292M 1s
[2024-12-05T20:39:29.921+0000] {subprocess.py:106} INFO -  10300K .......... .......... .......... .......... .......... 35% 88.5M 1s
[2024-12-05T20:39:29.922+0000] {subprocess.py:106} INFO -  10350K .......... .......... .......... .......... .......... 35%  293M 1s
[2024-12-05T20:39:29.924+0000] {subprocess.py:106} INFO -  10400K .......... .......... .......... .......... .......... 35% 53.5M 1s
[2024-12-05T20:39:29.924+0000] {subprocess.py:106} INFO -  10450K .......... .......... .......... .......... .......... 35%  268M 1s
[2024-12-05T20:39:29.924+0000] {subprocess.py:106} INFO -  10500K .......... .......... .......... .......... .......... 36% 36.2M 1s
[2024-12-05T20:39:29.925+0000] {subprocess.py:106} INFO -  10550K .......... .......... .......... .......... .......... 36%  174M 1s
[2024-12-05T20:39:29.925+0000] {subprocess.py:106} INFO -  10600K .......... .......... .......... .......... .......... 36% 83.6M 1s
[2024-12-05T20:39:29.925+0000] {subprocess.py:106} INFO -  10650K .......... .......... .......... .......... .......... 36% 90.1M 1s
[2024-12-05T20:39:29.925+0000] {subprocess.py:106} INFO -  10700K .......... .......... .......... .......... .......... 36% 63.6M 1s
[2024-12-05T20:39:29.926+0000] {subprocess.py:106} INFO -  10750K .......... .......... .......... .......... .......... 36% 67.5M 1s
[2024-12-05T20:39:29.926+0000] {subprocess.py:106} INFO -  10800K .......... .......... .......... .......... .......... 37%  127M 1s
[2024-12-05T20:39:29.926+0000] {subprocess.py:106} INFO -  10850K .......... .......... .......... .......... .......... 37% 43.8M 1s
[2024-12-05T20:39:29.926+0000] {subprocess.py:106} INFO -  10900K .......... .......... .......... .......... .......... 37%  124M 1s
[2024-12-05T20:39:29.926+0000] {subprocess.py:106} INFO -  10950K .......... .......... .......... .......... .......... 37% 43.1M 1s
[2024-12-05T20:39:29.927+0000] {subprocess.py:106} INFO -  11000K .......... .......... .......... .......... .......... 37% 27.4M 1s
[2024-12-05T20:39:29.927+0000] {subprocess.py:106} INFO -  11050K .......... .......... .......... .......... .......... 37% 65.6M 1s
[2024-12-05T20:39:29.927+0000] {subprocess.py:106} INFO -  11100K .......... .......... .......... .......... .......... 38% 37.7M 1s
[2024-12-05T20:39:29.927+0000] {subprocess.py:106} INFO -  11150K .......... .......... .......... .......... .......... 38% 36.5M 1s
[2024-12-05T20:39:29.927+0000] {subprocess.py:106} INFO -  11200K .......... .......... .......... .......... .......... 38% 94.4M 1s
[2024-12-05T20:39:29.928+0000] {subprocess.py:106} INFO -  11250K .......... .......... .......... .......... .......... 38%  202M 1s
[2024-12-05T20:39:29.928+0000] {subprocess.py:106} INFO -  11300K .......... .......... .......... .......... .......... 38% 70.8M 1s
[2024-12-05T20:39:29.928+0000] {subprocess.py:106} INFO -  11350K .......... .......... .......... .......... .......... 38%  115M 1s
[2024-12-05T20:39:29.928+0000] {subprocess.py:106} INFO -  11400K .......... .......... .......... .......... .......... 39% 58.0M 1s
[2024-12-05T20:39:29.928+0000] {subprocess.py:106} INFO -  11450K .......... .......... .......... .......... .......... 39%  272M 1s
[2024-12-05T20:39:29.928+0000] {subprocess.py:106} INFO -  11500K .......... .......... .......... .......... .......... 39% 51.6M 1s
[2024-12-05T20:39:29.929+0000] {subprocess.py:106} INFO -  11550K .......... .......... .......... .......... .......... 39% 3.50M 1s
[2024-12-05T20:39:29.929+0000] {subprocess.py:106} INFO -  11600K .......... .......... .......... .......... .......... 39% 30.8M 1s
[2024-12-05T20:39:29.929+0000] {subprocess.py:106} INFO -  11650K .......... .......... .......... .......... .......... 39%  216M 1s
[2024-12-05T20:39:29.945+0000] {subprocess.py:106} INFO -  11700K .......... .......... .......... .......... .......... 40% 2.39M 1s
[2024-12-05T20:39:29.945+0000] {subprocess.py:106} INFO -  11750K .......... .......... .......... .......... .......... 40%  213M 1s
[2024-12-05T20:39:29.947+0000] {subprocess.py:106} INFO -  11800K .......... .......... .......... .......... .......... 40%  120M 1s
[2024-12-05T20:39:29.950+0000] {subprocess.py:106} INFO -  11850K .......... .......... .......... .......... .......... 40%  122M 1s
[2024-12-05T20:39:29.951+0000] {subprocess.py:106} INFO -  11900K .......... .......... .......... .......... .......... 40%  162M 1s
[2024-12-05T20:39:29.951+0000] {subprocess.py:106} INFO -  11950K .......... .......... .......... .......... .......... 40%  315M 1s
[2024-12-05T20:39:29.951+0000] {subprocess.py:106} INFO -  12000K .......... .......... .......... .......... .......... 41%  200M 1s
[2024-12-05T20:39:29.951+0000] {subprocess.py:106} INFO -  12050K .......... .......... .......... .......... .......... 41% 97.0M 1s
[2024-12-05T20:39:29.951+0000] {subprocess.py:106} INFO -  12100K .......... .......... .......... .......... .......... 41%  139M 1s
[2024-12-05T20:39:29.952+0000] {subprocess.py:106} INFO -  12150K .......... .......... .......... .......... .......... 41%  282M 1s
[2024-12-05T20:39:29.952+0000] {subprocess.py:106} INFO -  12200K .......... .......... .......... .......... .......... 41%  297M 1s
[2024-12-05T20:39:29.952+0000] {subprocess.py:106} INFO -  12250K .......... .......... .......... .......... .......... 41%  184M 1s
[2024-12-05T20:39:29.952+0000] {subprocess.py:106} INFO -  12300K .......... .......... .......... .......... .......... 42%  226M 1s
[2024-12-05T20:39:29.952+0000] {subprocess.py:106} INFO -  12350K .......... .......... .......... .......... .......... 42%  267M 1s
[2024-12-05T20:39:29.952+0000] {subprocess.py:106} INFO -  12400K .......... .......... .......... .......... .......... 42%  254M 1s
[2024-12-05T20:39:29.953+0000] {subprocess.py:106} INFO -  12450K .......... .......... .......... .......... .......... 42%  190M 1s
[2024-12-05T20:39:29.953+0000] {subprocess.py:106} INFO -  12500K .......... .......... .......... .......... .......... 42%  283M 1s
[2024-12-05T20:39:29.953+0000] {subprocess.py:106} INFO -  12550K .......... .......... .......... .......... .......... 42%  248M 1s
[2024-12-05T20:39:29.954+0000] {subprocess.py:106} INFO -  12600K .......... .......... .......... .......... .......... 43% 9.79M 1s
[2024-12-05T20:39:29.954+0000] {subprocess.py:106} INFO -  12650K .......... .......... .......... .......... .......... 43%  307M 1s
[2024-12-05T20:39:29.959+0000] {subprocess.py:106} INFO -  12700K .......... .......... .......... .......... .......... 43% 8.70M 1s
[2024-12-05T20:39:29.960+0000] {subprocess.py:106} INFO -  12750K .......... .......... .......... .......... .......... 43%  286M 1s
[2024-12-05T20:39:29.960+0000] {subprocess.py:106} INFO -  12800K .......... .......... .......... .......... .......... 43%  295M 1s
[2024-12-05T20:39:29.960+0000] {subprocess.py:106} INFO -  12850K .......... .......... .......... .......... .......... 44%  240M 1s
[2024-12-05T20:39:29.964+0000] {subprocess.py:106} INFO -  12900K .......... .......... .......... .......... .......... 44% 10.7M 1s
[2024-12-05T20:39:30.013+0000] {subprocess.py:106} INFO -  12950K .......... .......... .......... .......... .......... 44% 1.47M 1s
[2024-12-05T20:39:30.041+0000] {subprocess.py:106} INFO -  13000K .......... .......... .......... .......... .......... 44% 2.09M 1s
[2024-12-05T20:39:30.043+0000] {subprocess.py:106} INFO -  13050K .......... .......... .......... .......... .......... 44% 5.23M 1s
[2024-12-05T20:39:30.045+0000] {subprocess.py:106} INFO -  13100K .......... .......... .......... .......... .......... 44% 11.2M 1s
[2024-12-05T20:39:30.049+0000] {subprocess.py:106} INFO -  13150K .......... .......... .......... .......... .......... 45% 87.9M 1s
[2024-12-05T20:39:30.050+0000] {subprocess.py:106} INFO -  13200K .......... .......... .......... .......... .......... 45% 13.9M 1s
[2024-12-05T20:39:30.053+0000] {subprocess.py:106} INFO -  13250K .......... .......... .......... .......... .......... 45% 19.1M 1s
[2024-12-05T20:39:30.058+0000] {subprocess.py:106} INFO -  13300K .......... .......... .......... .......... .......... 45%  182M 1s
[2024-12-05T20:39:30.069+0000] {subprocess.py:106} INFO -  13350K .......... .......... .......... .......... .......... 45%  111M 1s
[2024-12-05T20:39:30.076+0000] {subprocess.py:106} INFO -  13400K .......... .......... .......... .......... .......... 45% 60.7M 1s
[2024-12-05T20:39:30.081+0000] {subprocess.py:106} INFO -  13450K .......... .......... .......... .......... .......... 46% 25.5M 1s
[2024-12-05T20:39:30.084+0000] {subprocess.py:106} INFO -  13500K .......... .......... .......... .......... .......... 46%  144M 1s
[2024-12-05T20:39:30.085+0000] {subprocess.py:106} INFO -  13550K .......... .......... .......... .......... .......... 46% 44.3M 1s
[2024-12-05T20:39:30.087+0000] {subprocess.py:106} INFO -  13600K .......... .......... .......... .......... .......... 46% 73.6M 1s
[2024-12-05T20:39:30.099+0000] {subprocess.py:106} INFO -  13650K .......... .......... .......... .......... .......... 46% 96.4M 1s
[2024-12-05T20:39:30.111+0000] {subprocess.py:106} INFO -  13700K .......... .......... .......... .......... .......... 46%  151M 1s
[2024-12-05T20:39:30.111+0000] {subprocess.py:106} INFO -  13750K .......... .......... .......... .......... .......... 47% 23.2M 1s
[2024-12-05T20:39:30.111+0000] {subprocess.py:106} INFO -  13800K .......... .......... .......... .......... .......... 47% 42.4M 1s
[2024-12-05T20:39:30.112+0000] {subprocess.py:106} INFO -  13850K .......... .......... .......... .......... .......... 47%  199M 1s
[2024-12-05T20:39:30.113+0000] {subprocess.py:106} INFO -  13900K .......... .......... .......... .......... .......... 47% 54.0M 1s
[2024-12-05T20:39:30.113+0000] {subprocess.py:106} INFO -  13950K .......... .......... .......... .......... .......... 47% 52.0M 1s
[2024-12-05T20:39:30.113+0000] {subprocess.py:106} INFO -  14000K .......... .......... .......... .......... .......... 47% 57.1M 1s
[2024-12-05T20:39:30.114+0000] {subprocess.py:106} INFO -  14050K .......... .......... .......... .......... .......... 48% 47.8M 1s
[2024-12-05T20:39:30.118+0000] {subprocess.py:106} INFO -  14100K .......... .......... .......... .......... .......... 48% 73.8M 1s
[2024-12-05T20:39:30.119+0000] {subprocess.py:106} INFO -  14150K .......... .......... .......... .......... .......... 48% 60.8M 1s
[2024-12-05T20:39:30.120+0000] {subprocess.py:106} INFO -  14200K .......... .......... .......... .......... .......... 48%  166M 1s
[2024-12-05T20:39:30.120+0000] {subprocess.py:106} INFO -  14250K .......... .......... .......... .......... .......... 48% 66.3M 1s
[2024-12-05T20:39:30.121+0000] {subprocess.py:106} INFO -  14300K .......... .......... .......... .......... .......... 48% 35.2M 1s
[2024-12-05T20:39:30.121+0000] {subprocess.py:106} INFO -  14350K .......... .......... .......... .......... .......... 49% 49.2M 1s
[2024-12-05T20:39:30.122+0000] {subprocess.py:106} INFO -  14400K .......... .......... .......... .......... .......... 49%  266M 1s
[2024-12-05T20:39:30.122+0000] {subprocess.py:106} INFO -  14450K .......... .......... .......... .......... .......... 49% 13.1M 1s
[2024-12-05T20:39:30.123+0000] {subprocess.py:106} INFO -  14500K .......... .......... .......... .......... .......... 49% 13.8M 1s
[2024-12-05T20:39:30.125+0000] {subprocess.py:106} INFO -  14550K .......... .......... .......... .......... .......... 49% 19.9M 1s
[2024-12-05T20:39:30.126+0000] {subprocess.py:106} INFO -  14600K .......... .......... .......... .......... .......... 49% 15.9M 1s
[2024-12-05T20:39:30.127+0000] {subprocess.py:106} INFO -  14650K .......... .......... .......... .......... .......... 50% 53.7M 1s
[2024-12-05T20:39:30.127+0000] {subprocess.py:106} INFO -  14700K .......... .......... .......... .......... .......... 50% 33.4M 1s
[2024-12-05T20:39:30.129+0000] {subprocess.py:106} INFO -  14750K .......... .......... .......... .......... .......... 50% 66.4M 1s
[2024-12-05T20:39:30.131+0000] {subprocess.py:106} INFO -  14800K .......... .......... .......... .......... .......... 50% 39.7M 1s
[2024-12-05T20:39:30.133+0000] {subprocess.py:106} INFO -  14850K .......... .......... .......... .......... .......... 50% 62.0M 1s
[2024-12-05T20:39:30.135+0000] {subprocess.py:106} INFO -  14900K .......... .......... .......... .......... .......... 51%  100M 1s
[2024-12-05T20:39:30.137+0000] {subprocess.py:106} INFO -  14950K .......... .......... .......... .......... .......... 51% 32.7M 1s
[2024-12-05T20:39:30.137+0000] {subprocess.py:106} INFO -  15000K .......... .......... .......... .......... .......... 51% 25.2M 1s
[2024-12-05T20:39:30.138+0000] {subprocess.py:106} INFO -  15050K .......... .......... .......... .......... .......... 51% 24.3M 1s
[2024-12-05T20:39:30.138+0000] {subprocess.py:106} INFO -  15100K .......... .......... .......... .......... .......... 51% 54.5M 1s
[2024-12-05T20:39:30.138+0000] {subprocess.py:106} INFO -  15150K .......... .......... .......... .......... .......... 51%  140M 1s
[2024-12-05T20:39:30.138+0000] {subprocess.py:106} INFO -  15200K .......... .......... .......... .......... .......... 52%  184M 1s
[2024-12-05T20:39:30.139+0000] {subprocess.py:106} INFO -  15250K .......... .......... .......... .......... .......... 52% 75.2M 1s
[2024-12-05T20:39:30.139+0000] {subprocess.py:106} INFO -  15300K .......... .......... .......... .......... .......... 52% 4.02M 1s
[2024-12-05T20:39:30.139+0000] {subprocess.py:106} INFO -  15350K .......... .......... .......... .......... .......... 52% 30.1M 1s
[2024-12-05T20:39:30.139+0000] {subprocess.py:106} INFO -  15400K .......... .......... .......... .......... .......... 52%  113M 1s
[2024-12-05T20:39:30.139+0000] {subprocess.py:106} INFO -  15450K .......... .......... .......... .......... .......... 52%  177M 1s
[2024-12-05T20:39:30.139+0000] {subprocess.py:106} INFO -  15500K .......... .......... .......... .......... .......... 53%  243M 1s
[2024-12-05T20:39:30.140+0000] {subprocess.py:106} INFO -  15550K .......... .......... .......... .......... .......... 53% 2.99M 1s
[2024-12-05T20:39:30.140+0000] {subprocess.py:106} INFO -  15600K .......... .......... .......... .......... .......... 53%  211M 1s
[2024-12-05T20:39:30.140+0000] {subprocess.py:106} INFO -  15650K .......... .......... .......... .......... .......... 53%  241M 1s
[2024-12-05T20:39:30.141+0000] {subprocess.py:106} INFO -  15700K .......... .......... .......... .......... .......... 53%  270M 1s
[2024-12-05T20:39:30.142+0000] {subprocess.py:106} INFO -  15750K .......... .......... .......... .......... .......... 53%  224M 1s
[2024-12-05T20:39:30.143+0000] {subprocess.py:106} INFO -  15800K .......... .......... .......... .......... .......... 54%  264M 1s
[2024-12-05T20:39:30.144+0000] {subprocess.py:106} INFO -  15850K .......... .......... .......... .......... .......... 54% 73.3M 1s
[2024-12-05T20:39:30.145+0000] {subprocess.py:106} INFO -  15900K .......... .......... .......... .......... .......... 54%  246M 1s
[2024-12-05T20:39:30.145+0000] {subprocess.py:106} INFO -  15950K .......... .......... .......... .......... .......... 54%  208M 1s
[2024-12-05T20:39:30.146+0000] {subprocess.py:106} INFO -  16000K .......... .......... .......... .......... .......... 54%  316M 1s
[2024-12-05T20:39:30.147+0000] {subprocess.py:106} INFO -  16050K .......... .......... .......... .......... .......... 54%  230M 1s
[2024-12-05T20:39:30.148+0000] {subprocess.py:106} INFO -  16100K .......... .......... .......... .......... .......... 55%  251M 1s
[2024-12-05T20:39:30.151+0000] {subprocess.py:106} INFO -  16150K .......... .......... .......... .......... .......... 55%  225M 1s
[2024-12-05T20:39:30.151+0000] {subprocess.py:106} INFO -  16200K .......... .......... .......... .......... .......... 55%  260M 1s
[2024-12-05T20:39:30.152+0000] {subprocess.py:106} INFO -  16250K .......... .......... .......... .......... .......... 55%  248M 1s
[2024-12-05T20:39:30.153+0000] {subprocess.py:106} INFO -  16300K .......... .......... .......... .......... .......... 55% 7.84M 1s
[2024-12-05T20:39:30.154+0000] {subprocess.py:106} INFO -  16350K .......... .......... .......... .......... .......... 55% 17.8M 1s
[2024-12-05T20:39:30.154+0000] {subprocess.py:106} INFO -  16400K .......... .......... .......... .......... .......... 56%  202M 1s
[2024-12-05T20:39:30.155+0000] {subprocess.py:106} INFO -  16450K .......... .......... .......... .......... .......... 56%  267M 1s
[2024-12-05T20:39:30.155+0000] {subprocess.py:106} INFO -  16500K .......... .......... .......... .......... .......... 56%  231M 1s
[2024-12-05T20:39:30.155+0000] {subprocess.py:106} INFO -  16550K .......... .......... .......... .......... .......... 56%  228M 1s
[2024-12-05T20:39:30.156+0000] {subprocess.py:106} INFO -  16600K .......... .......... .......... .......... .......... 56%  248M 1s
[2024-12-05T20:39:30.156+0000] {subprocess.py:106} INFO -  16650K .......... .......... .......... .......... .......... 56%  254M 1s
[2024-12-05T20:39:30.157+0000] {subprocess.py:106} INFO -  16700K .......... .......... .......... .......... .......... 57%  264M 1s
[2024-12-05T20:39:30.157+0000] {subprocess.py:106} INFO -  16750K .......... .......... .......... .......... .......... 57% 3.78M 1s
[2024-12-05T20:39:30.158+0000] {subprocess.py:106} INFO -  16800K .......... .......... .......... .......... .......... 57% 6.94M 1s
[2024-12-05T20:39:30.167+0000] {subprocess.py:106} INFO -  16850K .......... .......... .......... .......... .......... 57% 3.06M 1s
[2024-12-05T20:39:30.171+0000] {subprocess.py:106} INFO -  16900K .......... .......... .......... .......... .......... 57% 9.89M 1s
[2024-12-05T20:39:30.177+0000] {subprocess.py:106} INFO -  16950K .......... .......... .......... .......... .......... 58% 9.12M 1s
[2024-12-05T20:39:30.180+0000] {subprocess.py:106} INFO -  17000K .......... .......... .......... .......... .......... 58% 15.4M 1s
[2024-12-05T20:39:30.182+0000] {subprocess.py:106} INFO -  17050K .......... .......... .......... .......... .......... 58% 96.9M 1s
[2024-12-05T20:39:30.183+0000] {subprocess.py:106} INFO -  17100K .......... .......... .......... .......... .......... 58%  111M 1s
[2024-12-05T20:39:30.197+0000] {subprocess.py:106} INFO -  17150K .......... .......... .......... .......... .......... 58%  241M 1s
[2024-12-05T20:39:30.201+0000] {subprocess.py:106} INFO -  17200K .......... .......... .......... .......... .......... 58%  151M 1s
[2024-12-05T20:39:30.204+0000] {subprocess.py:106} INFO -  17250K .......... .......... .......... .......... .......... 59%  199M 1s
[2024-12-05T20:39:30.205+0000] {subprocess.py:106} INFO -  17300K .......... .......... .......... .......... .......... 59%  144M 1s
[2024-12-05T20:39:30.205+0000] {subprocess.py:106} INFO -  17350K .......... .......... .......... .......... .......... 59%  164M 1s
[2024-12-05T20:39:30.205+0000] {subprocess.py:106} INFO -  17400K .......... .......... .......... .......... .......... 59%  227M 1s
[2024-12-05T20:39:30.205+0000] {subprocess.py:106} INFO -  17450K .......... .......... .......... .......... .......... 59%  242M 1s
[2024-12-05T20:39:30.206+0000] {subprocess.py:106} INFO -  17500K .......... .......... .......... .......... .......... 59%  109M 1s
[2024-12-05T20:39:30.206+0000] {subprocess.py:106} INFO -  17550K .......... .......... .......... .......... .......... 60%  221M 1s
[2024-12-05T20:39:30.206+0000] {subprocess.py:106} INFO -  17600K .......... .......... .......... .......... .......... 60%  118M 1s
[2024-12-05T20:39:30.206+0000] {subprocess.py:106} INFO -  17650K .......... .......... .......... .......... .......... 60%  245M 1s
[2024-12-05T20:39:30.207+0000] {subprocess.py:106} INFO -  17700K .......... .......... .......... .......... .......... 60%  245M 1s
[2024-12-05T20:39:30.207+0000] {subprocess.py:106} INFO -  17750K .......... .......... .......... .......... .......... 60% 15.9M 1s
[2024-12-05T20:39:30.207+0000] {subprocess.py:106} INFO -  17800K .......... .......... .......... .......... .......... 60%  118M 1s
[2024-12-05T20:39:30.207+0000] {subprocess.py:106} INFO -  17850K .......... .......... .......... .......... .......... 61% 33.1M 1s
[2024-12-05T20:39:30.207+0000] {subprocess.py:106} INFO -  17900K .......... .......... .......... .......... .......... 61%  114M 1s
[2024-12-05T20:39:30.207+0000] {subprocess.py:106} INFO -  17950K .......... .......... .......... .......... .......... 61%  178M 1s
[2024-12-05T20:39:30.208+0000] {subprocess.py:106} INFO -  18000K .......... .......... .......... .......... .......... 61%  290M 0s
[2024-12-05T20:39:30.208+0000] {subprocess.py:106} INFO -  18050K .......... .......... .......... .......... .......... 61%  153M 0s
[2024-12-05T20:39:30.208+0000] {subprocess.py:106} INFO -  18100K .......... .......... .......... .......... .......... 61% 94.1M 0s
[2024-12-05T20:39:30.208+0000] {subprocess.py:106} INFO -  18150K .......... .......... .......... .......... .......... 62%  141M 0s
[2024-12-05T20:39:30.208+0000] {subprocess.py:106} INFO -  18200K .......... .......... .......... .......... .......... 62% 91.7M 0s
[2024-12-05T20:39:30.209+0000] {subprocess.py:106} INFO -  18250K .......... .......... .......... .......... .......... 62% 17.0M 0s
[2024-12-05T20:39:30.209+0000] {subprocess.py:106} INFO -  18300K .......... .......... .......... .......... .......... 62% 94.0M 0s
[2024-12-05T20:39:30.209+0000] {subprocess.py:106} INFO -  18350K .......... .......... .......... .......... .......... 62%  103M 0s
[2024-12-05T20:39:30.209+0000] {subprocess.py:106} INFO -  18400K .......... .......... .......... .......... .......... 62%  294M 0s
[2024-12-05T20:39:30.209+0000] {subprocess.py:106} INFO -  18450K .......... .......... .......... .......... .......... 63%  240M 0s
[2024-12-05T20:39:30.210+0000] {subprocess.py:106} INFO -  18500K .......... .......... .......... .......... .......... 63%  136M 0s
[2024-12-05T20:39:30.210+0000] {subprocess.py:106} INFO -  18550K .......... .......... .......... .......... .......... 63%  265M 0s
[2024-12-05T20:39:30.210+0000] {subprocess.py:106} INFO -  18600K .......... .......... .......... .......... .......... 63%  278M 0s
[2024-12-05T20:39:30.210+0000] {subprocess.py:106} INFO -  18650K .......... .......... .......... .......... .......... 63%  232M 0s
[2024-12-05T20:39:30.211+0000] {subprocess.py:106} INFO -  18700K .......... .......... .......... .......... .......... 63%  304M 0s
[2024-12-05T20:39:30.211+0000] {subprocess.py:106} INFO -  18750K .......... .......... .......... .......... .......... 64%  154M 0s
[2024-12-05T20:39:30.211+0000] {subprocess.py:106} INFO -  18800K .......... .......... .......... .......... .......... 64%  154M 0s
[2024-12-05T20:39:30.212+0000] {subprocess.py:106} INFO -  18850K .......... .......... .......... .......... .......... 64% 69.9M 0s
[2024-12-05T20:39:30.212+0000] {subprocess.py:106} INFO -  18900K .......... .......... .......... .......... .......... 64% 68.7M 0s
[2024-12-05T20:39:30.212+0000] {subprocess.py:106} INFO -  18950K .......... .......... .......... .......... .......... 64%  211M 0s
[2024-12-05T20:39:30.212+0000] {subprocess.py:106} INFO -  19000K .......... .......... .......... .......... .......... 65% 29.0M 0s
[2024-12-05T20:39:30.213+0000] {subprocess.py:106} INFO -  19050K .......... .......... .......... .......... .......... 65%  145M 0s
[2024-12-05T20:39:30.213+0000] {subprocess.py:106} INFO -  19100K .......... .......... .......... .......... .......... 65%  165M 0s
[2024-12-05T20:39:30.213+0000] {subprocess.py:106} INFO -  19150K .......... .......... .......... .......... .......... 65% 36.1M 0s
[2024-12-05T20:39:30.222+0000] {subprocess.py:106} INFO -  19200K .......... .......... .......... .......... .......... 65% 2.60M 0s
[2024-12-05T20:39:30.225+0000] {subprocess.py:106} INFO -  19250K .......... .......... .......... .......... .......... 65% 15.0M 0s
[2024-12-05T20:39:30.226+0000] {subprocess.py:106} INFO -  19300K .......... .......... .......... .......... .......... 66%  266M 0s
[2024-12-05T20:39:30.230+0000] {subprocess.py:106} INFO -  19350K .......... .......... .......... .......... .......... 66%  274M 0s
[2024-12-05T20:39:30.236+0000] {subprocess.py:106} INFO -  19400K .......... .......... .......... .......... .......... 66%  118M 0s
[2024-12-05T20:39:30.241+0000] {subprocess.py:106} INFO -  19450K .......... .......... .......... .......... .......... 66%  140M 0s
[2024-12-05T20:39:30.243+0000] {subprocess.py:106} INFO -  19500K .......... .......... .......... .......... .......... 66%  149M 0s
[2024-12-05T20:39:30.248+0000] {subprocess.py:106} INFO -  19550K .......... .......... .......... .......... .......... 66% 47.1M 0s
[2024-12-05T20:39:30.249+0000] {subprocess.py:106} INFO -  19600K .......... .......... .......... .......... .......... 67%  148M 0s
[2024-12-05T20:39:30.253+0000] {subprocess.py:106} INFO -  19650K .......... .......... .......... .......... .......... 67% 77.2M 0s
[2024-12-05T20:39:30.255+0000] {subprocess.py:106} INFO -  19700K .......... .......... .......... .......... .......... 67%  241M 0s
[2024-12-05T20:39:30.255+0000] {subprocess.py:106} INFO -  19750K .......... .......... .......... .......... .......... 67%  154M 0s
[2024-12-05T20:39:30.255+0000] {subprocess.py:106} INFO -  19800K .......... .......... .......... .......... .......... 67%  216M 0s
[2024-12-05T20:39:30.255+0000] {subprocess.py:106} INFO -  19850K .......... .......... .......... .......... .......... 67% 86.3M 0s
[2024-12-05T20:39:30.255+0000] {subprocess.py:106} INFO -  19900K .......... .......... .......... .......... .......... 68%  170M 0s
[2024-12-05T20:39:30.255+0000] {subprocess.py:106} INFO -  19950K .......... .......... .......... .......... .......... 68%  154M 0s
[2024-12-05T20:39:30.256+0000] {subprocess.py:106} INFO -  20000K .......... .......... .......... .......... .......... 68%  255M 0s
[2024-12-05T20:39:30.256+0000] {subprocess.py:106} INFO -  20050K .......... .......... .......... .......... .......... 68%  292M 0s
[2024-12-05T20:39:30.256+0000] {subprocess.py:106} INFO -  20100K .......... .......... .......... .......... .......... 68%  214M 0s
[2024-12-05T20:39:30.256+0000] {subprocess.py:106} INFO -  20150K .......... .......... .......... .......... .......... 68%  235M 0s
[2024-12-05T20:39:30.257+0000] {subprocess.py:106} INFO -  20200K .......... .......... .......... .......... .......... 69%  220M 0s
[2024-12-05T20:39:30.257+0000] {subprocess.py:106} INFO -  20250K .......... .......... .......... .......... .......... 69%  116M 0s
[2024-12-05T20:39:30.257+0000] {subprocess.py:106} INFO -  20300K .......... .......... .......... .......... .......... 69% 27.3M 0s
[2024-12-05T20:39:30.257+0000] {subprocess.py:106} INFO -  20350K .......... .......... .......... .......... .......... 69%  234M 0s
[2024-12-05T20:39:30.258+0000] {subprocess.py:106} INFO -  20400K .......... .......... .......... .......... .......... 69%  312M 0s
[2024-12-05T20:39:30.258+0000] {subprocess.py:106} INFO -  20450K .......... .......... .......... .......... .......... 69%  243M 0s
[2024-12-05T20:39:30.258+0000] {subprocess.py:106} INFO -  20500K .......... .......... .......... .......... .......... 70%  282M 0s
[2024-12-05T20:39:30.258+0000] {subprocess.py:106} INFO -  20550K .......... .......... .......... .......... .......... 70%  157M 0s
[2024-12-05T20:39:30.258+0000] {subprocess.py:106} INFO -  20600K .......... .......... .......... .......... .......... 70%  139M 0s
[2024-12-05T20:39:30.259+0000] {subprocess.py:106} INFO -  20650K .......... .......... .......... .......... .......... 70%  137M 0s
[2024-12-05T20:39:30.259+0000] {subprocess.py:106} INFO -  20700K .......... .......... .......... .......... .......... 70%  305M 0s
[2024-12-05T20:39:30.259+0000] {subprocess.py:106} INFO -  20750K .......... .......... .......... .......... .......... 70%  280M 0s
[2024-12-05T20:39:30.259+0000] {subprocess.py:106} INFO -  20800K .......... .......... .......... .......... .......... 71%  301M 0s
[2024-12-05T20:39:30.259+0000] {subprocess.py:106} INFO -  20850K .......... .......... .......... .......... .......... 71%  278M 0s
[2024-12-05T20:39:30.259+0000] {subprocess.py:106} INFO -  20900K .......... .......... .......... .......... .......... 71%  320M 0s
[2024-12-05T20:39:30.259+0000] {subprocess.py:106} INFO -  20950K .......... .......... .......... .......... .......... 71%  281M 0s
[2024-12-05T20:39:30.260+0000] {subprocess.py:106} INFO -  21000K .......... .......... .......... .......... .......... 71%  328M 0s
[2024-12-05T20:39:30.260+0000] {subprocess.py:106} INFO -  21050K .......... .......... .......... .......... .......... 72%  257M 0s
[2024-12-05T20:39:30.260+0000] {subprocess.py:106} INFO -  21100K .......... .......... .......... .......... .......... 72% 42.2M 0s
[2024-12-05T20:39:30.260+0000] {subprocess.py:106} INFO -  21150K .......... .......... .......... .......... .......... 72%  291M 0s
[2024-12-05T20:39:30.261+0000] {subprocess.py:106} INFO -  21200K .......... .......... .......... .......... .......... 72%  331M 0s
[2024-12-05T20:39:30.261+0000] {subprocess.py:106} INFO -  21250K .......... .......... .......... .......... .......... 72% 53.6M 0s
[2024-12-05T20:39:30.261+0000] {subprocess.py:106} INFO -  21300K .......... .......... .......... .......... .......... 72%  236M 0s
[2024-12-05T20:39:30.261+0000] {subprocess.py:106} INFO -  21350K .......... .......... .......... .......... .......... 73%  271M 0s
[2024-12-05T20:39:30.261+0000] {subprocess.py:106} INFO -  21400K .......... .......... .......... .......... .......... 73%  280M 0s
[2024-12-05T20:39:30.261+0000] {subprocess.py:106} INFO -  21450K .......... .......... .......... .......... .......... 73%  121M 0s
[2024-12-05T20:39:30.261+0000] {subprocess.py:106} INFO -  21500K .......... .......... .......... .......... .......... 73%  273M 0s
[2024-12-05T20:39:30.262+0000] {subprocess.py:106} INFO -  21550K .......... .......... .......... .......... .......... 73%  117M 0s
[2024-12-05T20:39:30.262+0000] {subprocess.py:106} INFO -  21600K .......... .......... .......... .......... .......... 73%  149M 0s
[2024-12-05T20:39:30.262+0000] {subprocess.py:106} INFO -  21650K .......... .......... .......... .......... .......... 74%  133M 0s
[2024-12-05T20:39:30.262+0000] {subprocess.py:106} INFO -  21700K .......... .......... .......... .......... .......... 74%  288M 0s
[2024-12-05T20:39:30.262+0000] {subprocess.py:106} INFO -  21750K .......... .......... .......... .......... .......... 74%  304M 0s
[2024-12-05T20:39:30.262+0000] {subprocess.py:106} INFO -  21800K .......... .......... .......... .......... .......... 74%  178M 0s
[2024-12-05T20:39:30.262+0000] {subprocess.py:106} INFO -  21850K .......... .......... .......... .......... .......... 74% 39.5M 0s
[2024-12-05T20:39:30.263+0000] {subprocess.py:106} INFO -  21900K .......... .......... .......... .......... .......... 74%  179M 0s
[2024-12-05T20:39:30.263+0000] {subprocess.py:106} INFO -  21950K .......... .......... .......... .......... .......... 75%  243M 0s
[2024-12-05T20:39:30.263+0000] {subprocess.py:106} INFO -  22000K .......... .......... .......... .......... .......... 75%  216M 0s
[2024-12-05T20:39:30.263+0000] {subprocess.py:106} INFO -  22050K .......... .......... .......... .......... .......... 75%  281M 0s
[2024-12-05T20:39:30.263+0000] {subprocess.py:106} INFO -  22100K .......... .......... .......... .......... .......... 75%  216M 0s
[2024-12-05T20:39:30.263+0000] {subprocess.py:106} INFO -  22150K .......... .......... .......... .......... .......... 75%  307M 0s
[2024-12-05T20:39:30.263+0000] {subprocess.py:106} INFO -  22200K .......... .......... .......... .......... .......... 75% 44.4M 0s
[2024-12-05T20:39:30.264+0000] {subprocess.py:106} INFO -  22250K .......... .......... .......... .......... .......... 76%  206M 0s
[2024-12-05T20:39:30.264+0000] {subprocess.py:106} INFO -  22300K .......... .......... .......... .......... .......... 76%  175M 0s
[2024-12-05T20:39:30.264+0000] {subprocess.py:106} INFO -  22350K .......... .......... .......... .......... .......... 76%  311M 0s
[2024-12-05T20:39:30.264+0000] {subprocess.py:106} INFO -  22400K .......... .......... .......... .......... .......... 76% 27.2M 0s
[2024-12-05T20:39:30.264+0000] {subprocess.py:106} INFO -  22450K .......... .......... .......... .......... .......... 76%  287M 0s
[2024-12-05T20:39:30.264+0000] {subprocess.py:106} INFO -  22500K .......... .......... .......... .......... .......... 76%  150M 0s
[2024-12-05T20:39:30.264+0000] {subprocess.py:106} INFO -  22550K .......... .......... .......... .......... .......... 77%  200M 0s
[2024-12-05T20:39:30.264+0000] {subprocess.py:106} INFO -  22600K .......... .......... .......... .......... .......... 77%  183M 0s
[2024-12-05T20:39:30.265+0000] {subprocess.py:106} INFO -  22650K .......... .......... .......... .......... .......... 77%  241M 0s
[2024-12-05T20:39:30.265+0000] {subprocess.py:106} INFO -  22700K .......... .......... .......... .......... .......... 77% 32.6M 0s
[2024-12-05T20:39:30.265+0000] {subprocess.py:106} INFO -  22750K .......... .......... .......... .......... .......... 77%  273M 0s
[2024-12-05T20:39:30.265+0000] {subprocess.py:106} INFO -  22800K .......... .......... .......... .......... .......... 77% 41.4M 0s
[2024-12-05T20:39:30.265+0000] {subprocess.py:106} INFO -  22850K .......... .......... .......... .......... .......... 78% 83.9M 0s
[2024-12-05T20:39:30.265+0000] {subprocess.py:106} INFO -  22900K .......... .......... .......... .......... .......... 78%  291M 0s
[2024-12-05T20:39:30.265+0000] {subprocess.py:106} INFO -  22950K .......... .......... .......... .......... .......... 78%  315M 0s
[2024-12-05T20:39:30.265+0000] {subprocess.py:106} INFO -  23000K .......... .......... .......... .......... .......... 78% 97.5M 0s
[2024-12-05T20:39:30.266+0000] {subprocess.py:106} INFO -  23050K .......... .......... .......... .......... .......... 78%  145M 0s
[2024-12-05T20:39:30.278+0000] {subprocess.py:106} INFO -  23100K .......... .......... .......... .......... .......... 78% 2.06M 0s
[2024-12-05T20:39:30.283+0000] {subprocess.py:106} INFO -  23150K .......... .......... .......... .......... .......... 79%  167M 0s
[2024-12-05T20:39:30.286+0000] {subprocess.py:106} INFO -  23200K .......... .......... .......... .......... .......... 79% 97.0M 0s
[2024-12-05T20:39:30.296+0000] {subprocess.py:106} INFO -  23250K .......... .......... .......... .......... .......... 79%  210M 0s
[2024-12-05T20:39:30.299+0000] {subprocess.py:106} INFO -  23300K .......... .......... .......... .......... .......... 79%  218M 0s
[2024-12-05T20:39:30.302+0000] {subprocess.py:106} INFO -  23350K .......... .......... .......... .......... .......... 79%  282M 0s
[2024-12-05T20:39:30.304+0000] {subprocess.py:106} INFO -  23400K .......... .......... .......... .......... .......... 80% 9.67M 0s
[2024-12-05T20:39:30.306+0000] {subprocess.py:106} INFO -  23450K .......... .......... .......... .......... .......... 80%  230M 0s
[2024-12-05T20:39:30.308+0000] {subprocess.py:106} INFO -  23500K .......... .......... .......... .......... .......... 80%  225M 0s
[2024-12-05T20:39:30.309+0000] {subprocess.py:106} INFO -  23550K .......... .......... .......... .......... .......... 80%  167M 0s
[2024-12-05T20:39:30.313+0000] {subprocess.py:106} INFO -  23600K .......... .......... .......... .......... .......... 80% 24.7M 0s
[2024-12-05T20:39:30.316+0000] {subprocess.py:106} INFO -  23650K .......... .......... .......... .......... .......... 80%  289M 0s
[2024-12-05T20:39:30.318+0000] {subprocess.py:106} INFO -  23700K .......... .......... .......... .......... .......... 81% 15.7M 0s
[2024-12-05T20:39:30.319+0000] {subprocess.py:106} INFO -  23750K .......... .......... .......... .......... .......... 81% 36.3M 0s
[2024-12-05T20:39:30.323+0000] {subprocess.py:106} INFO -  23800K .......... .......... .......... .......... .......... 81%  290M 0s
[2024-12-05T20:39:30.329+0000] {subprocess.py:106} INFO -  23850K .......... .......... .......... .......... .......... 81% 77.5M 0s
[2024-12-05T20:39:30.330+0000] {subprocess.py:106} INFO -  23900K .......... .......... .......... .......... .......... 81%  177M 0s
[2024-12-05T20:39:30.334+0000] {subprocess.py:106} INFO -  23950K .......... .......... .......... .......... .......... 81%  268M 0s
[2024-12-05T20:39:30.336+0000] {subprocess.py:106} INFO -  24000K .......... .......... .......... .......... .......... 82%  242M 0s
[2024-12-05T20:39:30.336+0000] {subprocess.py:106} INFO -  24050K .......... .......... .......... .......... .......... 82% 11.3M 0s
[2024-12-05T20:39:30.337+0000] {subprocess.py:106} INFO -  24100K .......... .......... .......... .......... .......... 82%  217M 0s
[2024-12-05T20:39:30.337+0000] {subprocess.py:106} INFO -  24150K .......... .......... .......... .......... .......... 82%  322M 0s
[2024-12-05T20:39:30.337+0000] {subprocess.py:106} INFO -  24200K .......... .......... .......... .......... .......... 82% 15.6M 0s
[2024-12-05T20:39:30.338+0000] {subprocess.py:106} INFO -  24250K .......... .......... .......... .......... .......... 82%  130M 0s
[2024-12-05T20:39:30.338+0000] {subprocess.py:106} INFO -  24300K .......... .......... .......... .......... .......... 83%  273M 0s
[2024-12-05T20:39:30.339+0000] {subprocess.py:106} INFO -  24350K .......... .......... .......... .......... .......... 83%  270M 0s
[2024-12-05T20:39:30.347+0000] {subprocess.py:106} INFO -  24400K .......... .......... .......... .......... .......... 83% 25.2M 0s
[2024-12-05T20:39:30.359+0000] {subprocess.py:106} INFO -  24450K .......... .......... .......... .......... .......... 83%  305M 0s
[2024-12-05T20:39:30.366+0000] {subprocess.py:106} INFO -  24500K .......... .......... .......... .......... .......... 83% 58.9M 0s
[2024-12-05T20:39:30.369+0000] {subprocess.py:106} INFO -  24550K .......... .......... .......... .......... .......... 83%  203M 0s
[2024-12-05T20:39:30.371+0000] {subprocess.py:106} INFO -  24600K .......... .......... .......... .......... .......... 84%  327M 0s
[2024-12-05T20:39:30.373+0000] {subprocess.py:106} INFO -  24650K .......... .......... .......... .......... .......... 84%  110M 0s
[2024-12-05T20:39:30.373+0000] {subprocess.py:106} INFO -  24700K .......... .......... .......... .......... .......... 84% 24.7M 0s
[2024-12-05T20:39:30.379+0000] {subprocess.py:106} INFO -  24750K .......... .......... .......... .......... .......... 84%  163M 0s
[2024-12-05T20:39:30.386+0000] {subprocess.py:106} INFO -  24800K .......... .......... .......... .......... .......... 84%  207M 0s
[2024-12-05T20:39:30.388+0000] {subprocess.py:106} INFO -  24850K .......... .......... .......... .......... .......... 84%  202M 0s
[2024-12-05T20:39:30.388+0000] {subprocess.py:106} INFO -  24900K .......... .......... .......... .......... .......... 85%  221M 0s
[2024-12-05T20:39:30.388+0000] {subprocess.py:106} INFO -  24950K .......... .......... .......... .......... .......... 85% 24.8M 0s
[2024-12-05T20:39:30.388+0000] {subprocess.py:106} INFO -  25000K .......... .......... .......... .......... .......... 85% 16.0M 0s
[2024-12-05T20:39:30.389+0000] {subprocess.py:106} INFO -  25050K .......... .......... .......... .......... .......... 85%  199M 0s
[2024-12-05T20:39:30.389+0000] {subprocess.py:106} INFO -  25100K .......... .......... .......... .......... .......... 85%  146M 0s
[2024-12-05T20:39:30.389+0000] {subprocess.py:106} INFO -  25150K .......... .......... .......... .......... .......... 85% 23.5M 0s
[2024-12-05T20:39:30.389+0000] {subprocess.py:106} INFO -  25200K .......... .......... .......... .......... .......... 86%  231M 0s
[2024-12-05T20:39:30.389+0000] {subprocess.py:106} INFO -  25250K .......... .......... .......... .......... .......... 86%  325M 0s
[2024-12-05T20:39:30.390+0000] {subprocess.py:106} INFO -  25300K .......... .......... .......... .......... .......... 86% 15.9M 0s
[2024-12-05T20:39:30.390+0000] {subprocess.py:106} INFO -  25350K .......... .......... .......... .......... .......... 86%  160M 0s
[2024-12-05T20:39:30.390+0000] {subprocess.py:106} INFO -  25400K .......... .......... .......... .......... .......... 86%  199M 0s
[2024-12-05T20:39:30.391+0000] {subprocess.py:106} INFO -  25450K .......... .......... .......... .......... .......... 87%  194M 0s
[2024-12-05T20:39:30.392+0000] {subprocess.py:106} INFO -  25500K .......... .......... .......... .......... .......... 87% 11.9M 0s
[2024-12-05T20:39:30.393+0000] {subprocess.py:106} INFO -  25550K .......... .......... .......... .......... .......... 87% 19.1M 0s
[2024-12-05T20:39:30.395+0000] {subprocess.py:106} INFO -  25600K .......... .......... .......... .......... .......... 87% 76.7M 0s
[2024-12-05T20:39:30.396+0000] {subprocess.py:106} INFO -  25650K .......... .......... .......... .......... .......... 87%  126M 0s
[2024-12-05T20:39:30.396+0000] {subprocess.py:106} INFO -  25700K .......... .......... .......... .......... .......... 87%  154M 0s
[2024-12-05T20:39:30.396+0000] {subprocess.py:106} INFO -  25750K .......... .......... .......... .......... .......... 88%  129M 0s
[2024-12-05T20:39:30.396+0000] {subprocess.py:106} INFO -  25800K .......... .......... .......... .......... .......... 88% 38.7M 0s
[2024-12-05T20:39:30.396+0000] {subprocess.py:106} INFO -  25850K .......... .......... .......... .......... .......... 88% 78.1M 0s
[2024-12-05T20:39:30.397+0000] {subprocess.py:106} INFO -  25900K .......... .......... .......... .......... .......... 88% 45.8M 0s
[2024-12-05T20:39:30.397+0000] {subprocess.py:106} INFO -  25950K .......... .......... .......... .......... .......... 88% 65.3M 0s
[2024-12-05T20:39:30.397+0000] {subprocess.py:106} INFO -  26000K .......... .......... .......... .......... .......... 88% 46.7M 0s
[2024-12-05T20:39:30.397+0000] {subprocess.py:106} INFO -  26050K .......... .......... .......... .......... .......... 89%  167M 0s
[2024-12-05T20:39:30.398+0000] {subprocess.py:106} INFO -  26100K .......... .......... .......... .......... .......... 89% 25.2M 0s
[2024-12-05T20:39:30.398+0000] {subprocess.py:106} INFO -  26150K .......... .......... .......... .......... .......... 89% 4.00M 0s
[2024-12-05T20:39:30.398+0000] {subprocess.py:106} INFO -  26200K .......... .......... .......... .......... .......... 89%  122M 0s
[2024-12-05T20:39:30.399+0000] {subprocess.py:106} INFO -  26250K .......... .......... .......... .......... .......... 89% 8.46M 0s
[2024-12-05T20:39:30.400+0000] {subprocess.py:106} INFO -  26300K .......... .......... .......... .......... .......... 89% 5.65M 0s
[2024-12-05T20:39:30.400+0000] {subprocess.py:106} INFO -  26350K .......... .......... .......... .......... .......... 90%  198M 0s
[2024-12-05T20:39:30.400+0000] {subprocess.py:106} INFO -  26400K .......... .......... .......... .......... .......... 90% 6.95M 0s
[2024-12-05T20:39:30.400+0000] {subprocess.py:106} INFO -  26450K .......... .......... .......... .......... .......... 90% 38.2M 0s
[2024-12-05T20:39:30.401+0000] {subprocess.py:106} INFO -  26500K .......... .......... .......... .......... .......... 90%  300M 0s
[2024-12-05T20:39:30.401+0000] {subprocess.py:106} INFO -  26550K .......... .......... .......... .......... .......... 90%  268M 0s
[2024-12-05T20:39:30.401+0000] {subprocess.py:106} INFO -  26600K .......... .......... .......... .......... .......... 90%  256M 0s
[2024-12-05T20:39:30.401+0000] {subprocess.py:106} INFO -  26650K .......... .......... .......... .......... .......... 91%  309M 0s
[2024-12-05T20:39:30.401+0000] {subprocess.py:106} INFO -  26700K .......... .......... .......... .......... .......... 91% 32.2M 0s
[2024-12-05T20:39:30.402+0000] {subprocess.py:106} INFO -  26750K .......... .......... .......... .......... .......... 91% 32.0M 0s
[2024-12-05T20:39:30.402+0000] {subprocess.py:106} INFO -  26800K .......... .......... .......... .......... .......... 91%  322M 0s
[2024-12-05T20:39:30.403+0000] {subprocess.py:106} INFO -  26850K .......... .......... .......... .......... .......... 91% 36.2M 0s
[2024-12-05T20:39:30.403+0000] {subprocess.py:106} INFO -  26900K .......... .......... .......... .......... .......... 91%  195M 0s
[2024-12-05T20:39:30.403+0000] {subprocess.py:106} INFO -  26950K .......... .......... .......... .......... .......... 92%  223M 0s
[2024-12-05T20:39:30.403+0000] {subprocess.py:106} INFO -  27000K .......... .......... .......... .......... .......... 92%  168M 0s
[2024-12-05T20:39:30.404+0000] {subprocess.py:106} INFO -  27050K .......... .......... .......... .......... .......... 92% 86.0M 0s
[2024-12-05T20:39:30.404+0000] {subprocess.py:106} INFO -  27100K .......... .......... .......... .......... .......... 92%  257M 0s
[2024-12-05T20:39:30.405+0000] {subprocess.py:106} INFO -  27150K .......... .......... .......... .......... .......... 92% 94.9M 0s
[2024-12-05T20:39:30.405+0000] {subprocess.py:106} INFO -  27200K .......... .......... .......... .......... .......... 92%  261M 0s
[2024-12-05T20:39:30.406+0000] {subprocess.py:106} INFO -  27250K .......... .......... .......... .......... .......... 93% 48.5M 0s
[2024-12-05T20:39:30.406+0000] {subprocess.py:106} INFO -  27300K .......... .......... .......... .......... .......... 93%  307M 0s
[2024-12-05T20:39:30.406+0000] {subprocess.py:106} INFO -  27350K .......... .......... .......... .......... .......... 93%  260M 0s
[2024-12-05T20:39:30.406+0000] {subprocess.py:106} INFO -  27400K .......... .......... .......... .......... .......... 93%  317M 0s
[2024-12-05T20:39:30.406+0000] {subprocess.py:106} INFO -  27450K .......... .......... .......... .......... .......... 93%  284M 0s
[2024-12-05T20:39:30.407+0000] {subprocess.py:106} INFO -  27500K .......... .......... .......... .......... .......... 94%  320M 0s
[2024-12-05T20:39:30.407+0000] {subprocess.py:106} INFO -  27550K .......... .......... .......... .......... .......... 94%  172M 0s
[2024-12-05T20:39:30.407+0000] {subprocess.py:106} INFO -  27600K .......... .......... .......... .......... .......... 94%  311M 0s
[2024-12-05T20:39:30.408+0000] {subprocess.py:106} INFO -  27650K .......... .......... .......... .......... .......... 94%  101M 0s
[2024-12-05T20:39:30.408+0000] {subprocess.py:106} INFO -  27700K .......... .......... .......... .......... .......... 94%  263M 0s
[2024-12-05T20:39:30.408+0000] {subprocess.py:106} INFO -  27750K .......... .......... .......... .......... .......... 94%  312M 0s
[2024-12-05T20:39:30.408+0000] {subprocess.py:106} INFO -  27800K .......... .......... .......... .......... .......... 95%  285M 0s
[2024-12-05T20:39:30.409+0000] {subprocess.py:106} INFO -  27850K .......... .......... .......... .......... .......... 95%  291M 0s
[2024-12-05T20:39:30.409+0000] {subprocess.py:106} INFO -  27900K .......... .......... .......... .......... .......... 95%  218M 0s
[2024-12-05T20:39:30.409+0000] {subprocess.py:106} INFO -  27950K .......... .......... .......... .......... .......... 95%  151M 0s
[2024-12-05T20:39:30.410+0000] {subprocess.py:106} INFO -  28000K .......... .......... .......... .......... .......... 95%  309M 0s
[2024-12-05T20:39:30.410+0000] {subprocess.py:106} INFO -  28050K .......... .......... .......... .......... .......... 95%  307M 0s
[2024-12-05T20:39:30.410+0000] {subprocess.py:106} INFO -  28100K .......... .......... .......... .......... .......... 96%  259M 0s
[2024-12-05T20:39:30.410+0000] {subprocess.py:106} INFO -  28150K .......... .......... .......... .......... .......... 96%  243M 0s
[2024-12-05T20:39:30.410+0000] {subprocess.py:106} INFO -  28200K .......... .......... .......... .......... .......... 96%  148M 0s
[2024-12-05T20:39:30.411+0000] {subprocess.py:106} INFO -  28250K .......... .......... .......... .......... .......... 96%  299M 0s
[2024-12-05T20:39:30.411+0000] {subprocess.py:106} INFO -  28300K .......... .......... .......... .......... .......... 96% 35.8M 0s
[2024-12-05T20:39:30.412+0000] {subprocess.py:106} INFO -  28350K .......... .......... .......... .......... .......... 96%  140M 0s
[2024-12-05T20:39:30.412+0000] {subprocess.py:106} INFO -  28400K .......... .......... .......... .......... .......... 97%  259M 0s
[2024-12-05T20:39:30.412+0000] {subprocess.py:106} INFO -  28450K .......... .......... .......... .......... .......... 97%  288M 0s
[2024-12-05T20:39:30.412+0000] {subprocess.py:106} INFO -  28500K .......... .......... .......... .......... .......... 97%  292M 0s
[2024-12-05T20:39:30.413+0000] {subprocess.py:106} INFO -  28550K .......... .......... .......... .......... .......... 97%  182M 0s
[2024-12-05T20:39:30.413+0000] {subprocess.py:106} INFO -  28600K .......... .......... .......... .......... .......... 97%  262M 0s
[2024-12-05T20:39:30.413+0000] {subprocess.py:106} INFO -  28650K .......... .......... .......... .......... .......... 97%  281M 0s
[2024-12-05T20:39:30.414+0000] {subprocess.py:106} INFO -  28700K .......... .......... .......... .......... .......... 98%  296M 0s
[2024-12-05T20:39:30.414+0000] {subprocess.py:106} INFO -  28750K .......... .......... .......... .......... .......... 98%  237M 0s
[2024-12-05T20:39:30.414+0000] {subprocess.py:106} INFO -  28800K .......... .......... .......... .......... .......... 98%  300M 0s
[2024-12-05T20:39:30.414+0000] {subprocess.py:106} INFO -  28850K .......... .......... .......... .......... .......... 98%  270M 0s
[2024-12-05T20:39:30.416+0000] {subprocess.py:106} INFO -  28900K .......... .......... .......... .......... .......... 98%  282M 0s
[2024-12-05T20:39:30.417+0000] {subprocess.py:106} INFO -  28950K .......... .......... .......... .......... .......... 98%  213M 0s
[2024-12-05T20:39:30.417+0000] {subprocess.py:106} INFO -  29000K .......... .......... .......... .......... .......... 99%  203M 0s
[2024-12-05T20:39:30.418+0000] {subprocess.py:106} INFO -  29050K .......... .......... .......... .......... .......... 99% 99.6M 0s
[2024-12-05T20:39:30.418+0000] {subprocess.py:106} INFO -  29100K .......... .......... .......... .......... .......... 99%  297M 0s
[2024-12-05T20:39:30.419+0000] {subprocess.py:106} INFO -  29150K .......... .......... .......... .......... .......... 99%  274M 0s
[2024-12-05T20:39:30.420+0000] {subprocess.py:106} INFO -  29200K .......... .......... .......... .......... .......... 99%  311M 0s
[2024-12-05T20:39:30.420+0000] {subprocess.py:106} INFO -  29250K .......... .......... .......... .......... .......... 99%  300M 0s
[2024-12-05T20:39:30.421+0000] {subprocess.py:106} INFO -  29300K ....                                                  100%  301M=1.0s
[2024-12-05T20:39:30.421+0000] {subprocess.py:106} INFO - 
[2024-12-05T20:39:30.421+0000] {subprocess.py:106} INFO - 2024-12-05 20:39:30 (28.6 MB/s) - ‘/opt/***/output_2021-03.parquet’ saved [30007852/30007852]
[2024-12-05T20:39:30.422+0000] {subprocess.py:106} INFO - 
[2024-12-05T20:39:30.422+0000] {subprocess.py:110} INFO - Command exited with return code 0
[2024-12-05T20:39:30.459+0000] {taskinstance.py:340} INFO - ::group::Post task execution logs
[2024-12-05T20:39:30.460+0000] {taskinstance.py:352} INFO - Marking task as SUCCESS. dag_id=LocalIngestionDag, task_id=wget, run_id=scheduled__2021-03-02T06:00:00+00:00, execution_date=20210302T060000, start_date=20241205T203928, end_date=20241205T203930
[2024-12-05T20:39:30.512+0000] {local_task_job_runner.py:266} INFO - Task exited with return code 0
[2024-12-05T20:39:30.620+0000] {taskinstance.py:3895} INFO - 1 downstream tasks scheduled from follow-on schedule check
[2024-12-05T20:39:30.621+0000] {local_task_job_runner.py:245} INFO - ::endgroup::
[2024-12-05T23:43:33.476+0000] {local_task_job_runner.py:123} INFO - ::group::Pre task execution logs
[2024-12-05T23:43:33.486+0000] {taskinstance.py:2603} INFO - Dependencies not met for <TaskInstance: LocalIngestionDag.wget scheduled__2021-03-02T06:00:00+00:00 [queued]>, dependency 'Execution Date' FAILED: The execution date is 2021-03-02T06:00:00+00:00 but this is after the task's end date 2021-01-03T00:00:00+00:00.
[2024-12-05T23:43:33.486+0000] {taskinstance.py:2603} INFO - Dependencies not met for <TaskInstance: LocalIngestionDag.wget scheduled__2021-03-02T06:00:00+00:00 [queued]>, dependency 'Execution Date' FAILED: The execution date is 2021-03-02T06:00:00+00:00 but this is after the task's DAG's end date 2021-01-03T00:00:00+00:00.
[2024-12-05T23:43:33.490+0000] {local_task_job_runner.py:166} INFO - Task is not able to be run
