[2024-12-05T22:55:18.671+0000] {local_task_job_runner.py:123} INFO - ::group::Pre task execution logs
[2024-12-05T22:55:18.988+0000] {taskinstance.py:2613} INFO - Dependencies all met for dep_context=non-requeueable deps ti=<TaskInstance: LocalIngestionDag.wget scheduled__2021-03-02T06:00:00+00:00 [queued]>
[2024-12-05T22:55:18.993+0000] {taskinstance.py:2613} INFO - Dependencies all met for dep_context=requeueable deps ti=<TaskInstance: LocalIngestionDag.wget scheduled__2021-03-02T06:00:00+00:00 [queued]>
[2024-12-05T22:55:18.994+0000] {taskinstance.py:2866} INFO - Starting attempt 4 of 4
[2024-12-05T22:55:19.003+0000] {taskinstance.py:2889} INFO - Executing <Task(BashOperator): wget> on 2021-03-02 06:00:00+00:00
[2024-12-05T22:55:19.013+0000] {warnings.py:112} WARNING - /home/***/.local/lib/python3.12/site-packages/***/task/task_runner/standard_task_runner.py:70: DeprecationWarning: This process (pid=2663) is multi-threaded, use of fork() may lead to deadlocks in the child.
  pid = os.fork()

[2024-12-05T22:55:19.020+0000] {standard_task_runner.py:72} INFO - Started process 2675 to run task
[2024-12-05T22:55:19.023+0000] {standard_task_runner.py:104} INFO - Running: ['***', 'tasks', 'run', 'LocalIngestionDag', 'wget', 'scheduled__2021-03-02T06:00:00+00:00', '--job-id', '57', '--raw', '--subdir', 'DAGS_FOLDER/data_ingestion_local.py', '--cfg-path', '/tmp/tmp97eskpzj']
[2024-12-05T22:55:19.029+0000] {standard_task_runner.py:105} INFO - Job 57: Subtask wget
[2024-12-05T22:55:19.095+0000] {task_command.py:467} INFO - Running <TaskInstance: LocalIngestionDag.wget scheduled__2021-03-02T06:00:00+00:00 [running]> on host cf87bc668ac5
[2024-12-05T22:55:19.143+0000] {taskinstance.py:3132} INFO - Exporting env vars: AIRFLOW_CTX_DAG_OWNER='***' AIRFLOW_CTX_DAG_ID='LocalIngestionDag' AIRFLOW_CTX_TASK_ID='wget' AIRFLOW_CTX_EXECUTION_DATE='2021-03-02T06:00:00+00:00' AIRFLOW_CTX_TRY_NUMBER='4' AIRFLOW_CTX_DAG_RUN_ID='scheduled__2021-03-02T06:00:00+00:00'
[2024-12-05T22:55:19.144+0000] {taskinstance.py:731} INFO - ::endgroup::
[2024-12-05T22:55:19.154+0000] {subprocess.py:78} INFO - Tmp dir root location: /tmp
[2024-12-05T22:55:19.155+0000] {subprocess.py:88} INFO - Running command: ['/usr/bin/bash', '-c', 'wget https://d37ci6vzurychx.cloudfront.net/trip-data/yellow_tripdata_2021-03.parquet -O /opt/***/output_2021-03.parquet']
[2024-12-05T22:55:19.165+0000] {subprocess.py:99} INFO - Output:
[2024-12-05T22:55:19.178+0000] {subprocess.py:106} INFO - --2024-12-05 22:55:19--  https://d37ci6vzurychx.cloudfront.net/trip-data/yellow_tripdata_2021-03.parquet
[2024-12-05T22:55:19.212+0000] {subprocess.py:106} INFO - Resolving d37ci6vzurychx.cloudfront.net (d37ci6vzurychx.cloudfront.net)... 52.85.39.65, 52.85.39.117, 52.85.39.153, ...
[2024-12-05T22:55:19.243+0000] {subprocess.py:106} INFO - Connecting to d37ci6vzurychx.cloudfront.net (d37ci6vzurychx.cloudfront.net)|52.85.39.65|:443... connected.
[2024-12-05T22:55:19.867+0000] {subprocess.py:106} INFO - HTTP request sent, awaiting response... 200 OK
[2024-12-05T22:55:19.869+0000] {subprocess.py:106} INFO - Length: 30007852 (29M) [application/x-www-form-urlencoded]
[2024-12-05T22:55:19.870+0000] {subprocess.py:106} INFO - Saving to: ‘/opt/***/output_2021-03.parquet’
[2024-12-05T22:55:19.871+0000] {subprocess.py:106} INFO - 
[2024-12-05T22:55:20.001+0000] {subprocess.py:106} INFO -      0K .......... .......... .......... .......... ..........  0%  641K 46s
[2024-12-05T22:55:20.010+0000] {subprocess.py:106} INFO -     50K .......... .......... .......... .......... ..........  0%  778K 42s
[2024-12-05T22:55:20.062+0000] {subprocess.py:106} INFO -    100K .......... .......... .......... .......... ..........  0%  952K 38s
[2024-12-05T22:55:20.076+0000] {subprocess.py:106} INFO -    150K .......... .......... .......... .......... ..........  0% 3.54M 30s
[2024-12-05T22:55:20.118+0000] {subprocess.py:106} INFO -    200K .......... .......... .......... .......... ..........  0% 1.16M 29s
[2024-12-05T22:55:20.121+0000] {subprocess.py:106} INFO -    250K .......... .......... .......... .......... ..........  1% 15.4M 25s
[2024-12-05T22:55:20.189+0000] {subprocess.py:106} INFO -    300K .......... .......... .......... .......... ..........  1%  740K 27s
[2024-12-05T22:55:20.192+0000] {subprocess.py:106} INFO -    350K .......... .......... .......... .......... ..........  1% 20.3M 23s
[2024-12-05T22:55:20.193+0000] {subprocess.py:106} INFO -    400K .......... .......... .......... .......... ..........  1% 63.3M 21s
[2024-12-05T22:55:20.193+0000] {subprocess.py:106} INFO -    450K .......... .......... .......... .......... ..........  1% 51.9M 19s
[2024-12-05T22:55:20.195+0000] {subprocess.py:106} INFO -    500K .......... .......... .......... .......... ..........  1% 72.8M 17s
[2024-12-05T22:55:20.195+0000] {subprocess.py:106} INFO -    550K .......... .......... .......... .......... ..........  2% 29.9M 16s
[2024-12-05T22:55:20.196+0000] {subprocess.py:106} INFO -    600K .......... .......... .......... .......... ..........  2% 46.6M 15s
[2024-12-05T22:55:20.197+0000] {subprocess.py:106} INFO -    650K .......... .......... .......... .......... ..........  2%  101M 13s
[2024-12-05T22:55:20.200+0000] {subprocess.py:106} INFO -    700K .......... .......... .......... .......... ..........  2% 22.1M 13s
[2024-12-05T22:55:20.218+0000] {subprocess.py:106} INFO -    750K .......... .......... .......... .......... ..........  2% 11.7M 12s
[2024-12-05T22:55:20.223+0000] {subprocess.py:106} INFO -    800K .......... .......... .......... .......... ..........  2% 2.50M 12s
[2024-12-05T22:55:20.226+0000] {subprocess.py:106} INFO -    850K .......... .......... .......... .......... ..........  3% 18.8M 11s
[2024-12-05T22:55:20.227+0000] {subprocess.py:106} INFO -    900K .......... .......... .......... .......... ..........  3% 45.9M 11s
[2024-12-05T22:55:20.228+0000] {subprocess.py:106} INFO -    950K .......... .......... .......... .......... ..........  3%  201M 10s
[2024-12-05T22:55:20.229+0000] {subprocess.py:106} INFO -   1000K .......... .......... .......... .......... ..........  3% 19.3M 10s
[2024-12-05T22:55:20.230+0000] {subprocess.py:106} INFO -   1050K .......... .......... .......... .......... ..........  3% 51.5M 9s
[2024-12-05T22:55:20.232+0000] {subprocess.py:106} INFO -   1100K .......... .......... .......... .......... ..........  3% 68.7M 9s
[2024-12-05T22:55:20.235+0000] {subprocess.py:106} INFO -   1150K .......... .......... .......... .......... ..........  4% 46.0M 9s
[2024-12-05T22:55:20.236+0000] {subprocess.py:106} INFO -   1200K .......... .......... .......... .......... ..........  4% 35.2M 8s
[2024-12-05T22:55:20.240+0000] {subprocess.py:106} INFO -   1250K .......... .......... .......... .......... ..........  4% 95.9M 8s
[2024-12-05T22:55:20.270+0000] {subprocess.py:106} INFO -   1300K .......... .......... .......... .......... ..........  4% 1.36M 8s
[2024-12-05T22:55:20.279+0000] {subprocess.py:106} INFO -   1350K .......... .......... .......... .......... ..........  4% 28.4M 8s
[2024-12-05T22:55:20.282+0000] {subprocess.py:106} INFO -   1400K .......... .......... .......... .......... ..........  4% 4.63M 8s
[2024-12-05T22:55:20.284+0000] {subprocess.py:106} INFO -   1450K .......... .......... .......... .......... ..........  5% 24.0M 8s
[2024-12-05T22:55:20.290+0000] {subprocess.py:106} INFO -   1500K .......... .......... .......... .......... ..........  5% 8.51M 8s
[2024-12-05T22:55:20.296+0000] {subprocess.py:106} INFO -   1550K .......... .......... .......... .......... ..........  5% 19.1M 7s
[2024-12-05T22:55:20.297+0000] {subprocess.py:106} INFO -   1600K .......... .......... .......... .......... ..........  5%  160M 7s
[2024-12-05T22:55:20.297+0000] {subprocess.py:106} INFO -   1650K .......... .......... .......... .......... ..........  5% 20.2M 7s
[2024-12-05T22:55:20.300+0000] {subprocess.py:106} INFO -   1700K .......... .......... .......... .......... ..........  5%  118M 7s
[2024-12-05T22:55:20.300+0000] {subprocess.py:106} INFO -   1750K .......... .......... .......... .......... ..........  6% 76.3M 7s
[2024-12-05T22:55:20.301+0000] {subprocess.py:106} INFO -   1800K .......... .......... .......... .......... ..........  6% 87.2M 6s
[2024-12-05T22:55:20.303+0000] {subprocess.py:106} INFO -   1850K .......... .......... .......... .......... ..........  6%  174M 6s
[2024-12-05T22:55:20.303+0000] {subprocess.py:106} INFO -   1900K .......... .......... .......... .......... ..........  6%  183M 6s
[2024-12-05T22:55:20.304+0000] {subprocess.py:106} INFO -   1950K .......... .......... .......... .......... ..........  6% 24.9M 6s
[2024-12-05T22:55:20.304+0000] {subprocess.py:106} INFO -   2000K .......... .......... .......... .......... ..........  6% 21.3M 6s
[2024-12-05T22:55:20.305+0000] {subprocess.py:106} INFO -   2050K .......... .......... .......... .......... ..........  7% 31.0M 6s
[2024-12-05T22:55:20.305+0000] {subprocess.py:106} INFO -   2100K .......... .......... .......... .......... ..........  7%  155M 6s
[2024-12-05T22:55:20.306+0000] {subprocess.py:106} INFO -   2150K .......... .......... .......... .......... ..........  7% 92.6M 5s
[2024-12-05T22:55:20.306+0000] {subprocess.py:106} INFO -   2200K .......... .......... .......... .......... ..........  7%  101M 5s
[2024-12-05T22:55:20.309+0000] {subprocess.py:106} INFO -   2250K .......... .......... .......... .......... ..........  7% 60.6M 5s
[2024-12-05T22:55:20.311+0000] {subprocess.py:106} INFO -   2300K .......... .......... .......... .......... ..........  8% 49.0M 5s
[2024-12-05T22:55:20.312+0000] {subprocess.py:106} INFO -   2350K .......... .......... .......... .......... ..........  8% 86.0M 5s
[2024-12-05T22:55:20.312+0000] {subprocess.py:106} INFO -   2400K .......... .......... .......... .......... ..........  8%  117M 5s
[2024-12-05T22:55:20.312+0000] {subprocess.py:106} INFO -   2450K .......... .......... .......... .......... ..........  8% 86.4M 5s
[2024-12-05T22:55:20.312+0000] {subprocess.py:106} INFO -   2500K .......... .......... .......... .......... ..........  8% 80.3M 5s
[2024-12-05T22:55:20.313+0000] {subprocess.py:106} INFO -   2550K .......... .......... .......... .......... ..........  8% 66.4M 5s
[2024-12-05T22:55:20.314+0000] {subprocess.py:106} INFO -   2600K .......... .......... .......... .......... ..........  9% 66.9M 4s
[2024-12-05T22:55:20.340+0000] {subprocess.py:106} INFO -   2650K .......... .......... .......... .......... ..........  9% 1.74M 5s
[2024-12-05T22:55:20.342+0000] {subprocess.py:106} INFO -   2700K .......... .......... .......... .......... ..........  9% 22.4M 5s
[2024-12-05T22:55:20.343+0000] {subprocess.py:106} INFO -   2750K .......... .......... .......... .......... ..........  9% 29.3M 4s
[2024-12-05T22:55:20.347+0000] {subprocess.py:106} INFO -   2800K .......... .......... .......... .......... ..........  9%  142M 4s
[2024-12-05T22:55:20.348+0000] {subprocess.py:106} INFO -   2850K .......... .......... .......... .......... ..........  9%  107M 4s
[2024-12-05T22:55:20.350+0000] {subprocess.py:106} INFO -   2900K .......... .......... .......... .......... .......... 10% 57.3M 4s
[2024-12-05T22:55:20.353+0000] {subprocess.py:106} INFO -   2950K .......... .......... .......... .......... .......... 10% 41.9M 4s
[2024-12-05T22:55:20.354+0000] {subprocess.py:106} INFO -   3000K .......... .......... .......... .......... .......... 10% 40.7M 4s
[2024-12-05T22:55:20.355+0000] {subprocess.py:106} INFO -   3050K .......... .......... .......... .......... .......... 10% 61.3M 4s
[2024-12-05T22:55:20.355+0000] {subprocess.py:106} INFO -   3100K .......... .......... .......... .......... .......... 10% 69.7M 4s
[2024-12-05T22:55:20.355+0000] {subprocess.py:106} INFO -   3150K .......... .......... .......... .......... .......... 10%  102M 4s
[2024-12-05T22:55:20.356+0000] {subprocess.py:106} INFO -   3200K .......... .......... .......... .......... .......... 11%  165M 4s
[2024-12-05T22:55:20.356+0000] {subprocess.py:106} INFO -   3250K .......... .......... .......... .......... .......... 11% 24.7M 4s
[2024-12-05T22:55:20.357+0000] {subprocess.py:106} INFO -   3300K .......... .......... .......... .......... .......... 11% 33.7M 4s
[2024-12-05T22:55:20.357+0000] {subprocess.py:106} INFO -   3350K .......... .......... .......... .......... .......... 11% 44.9M 4s
[2024-12-05T22:55:20.357+0000] {subprocess.py:106} INFO -   3400K .......... .......... .......... .......... .......... 11% 49.2M 4s
[2024-12-05T22:55:20.358+0000] {subprocess.py:106} INFO -   3450K .......... .......... .......... .......... .......... 11% 45.6M 4s
[2024-12-05T22:55:20.359+0000] {subprocess.py:106} INFO -   3500K .......... .......... .......... .......... .......... 12% 95.5M 4s
[2024-12-05T22:55:20.359+0000] {subprocess.py:106} INFO -   3550K .......... .......... .......... .......... .......... 12% 80.8M 3s
[2024-12-05T22:55:20.360+0000] {subprocess.py:106} INFO -   3600K .......... .......... .......... .......... .......... 12%  105M 3s
[2024-12-05T22:55:20.360+0000] {subprocess.py:106} INFO -   3650K .......... .......... .......... .......... .......... 12% 95.8M 3s
[2024-12-05T22:55:20.360+0000] {subprocess.py:106} INFO -   3700K .......... .......... .......... .......... .......... 12%  134M 3s
[2024-12-05T22:55:20.360+0000] {subprocess.py:106} INFO -   3750K .......... .......... .......... .......... .......... 12% 96.8M 3s
[2024-12-05T22:55:20.361+0000] {subprocess.py:106} INFO -   3800K .......... .......... .......... .......... .......... 13%  191M 3s
[2024-12-05T22:55:20.361+0000] {subprocess.py:106} INFO -   3850K .......... .......... .......... .......... .......... 13%  187M 3s
[2024-12-05T22:55:20.361+0000] {subprocess.py:106} INFO -   3900K .......... .......... .......... .......... .......... 13%  157M 3s
[2024-12-05T22:55:20.362+0000] {subprocess.py:106} INFO -   3950K .......... .......... .......... .......... .......... 13%  195M 3s
[2024-12-05T22:55:20.363+0000] {subprocess.py:106} INFO -   4000K .......... .......... .......... .......... .......... 13%  183M 3s
[2024-12-05T22:55:20.363+0000] {subprocess.py:106} INFO -   4050K .......... .......... .......... .......... .......... 13%  185M 3s
[2024-12-05T22:55:20.364+0000] {subprocess.py:106} INFO -   4100K .......... .......... .......... .......... .......... 14%  212M 3s
[2024-12-05T22:55:20.366+0000] {subprocess.py:106} INFO -   4150K .......... .......... .......... .......... .......... 14%  168M 3s
[2024-12-05T22:55:20.367+0000] {subprocess.py:106} INFO -   4200K .......... .......... .......... .......... .......... 14% 86.4M 3s
[2024-12-05T22:55:20.367+0000] {subprocess.py:106} INFO -   4250K .......... .......... .......... .......... .......... 14%  231M 3s
[2024-12-05T22:55:20.368+0000] {subprocess.py:106} INFO -   4300K .......... .......... .......... .......... .......... 14%  229M 3s
[2024-12-05T22:55:20.369+0000] {subprocess.py:106} INFO -   4350K .......... .......... .......... .......... .......... 15% 65.7M 3s
[2024-12-05T22:55:20.371+0000] {subprocess.py:106} INFO -   4400K .......... .......... .......... .......... .......... 15% 30.0M 3s
[2024-12-05T22:55:20.372+0000] {subprocess.py:106} INFO -   4450K .......... .......... .......... .......... .......... 15% 70.6M 3s
[2024-12-05T22:55:20.372+0000] {subprocess.py:106} INFO -   4500K .......... .......... .......... .......... .......... 15%  106M 3s
[2024-12-05T22:55:20.375+0000] {subprocess.py:106} INFO -   4550K .......... .......... .......... .......... .......... 15% 21.8M 3s
[2024-12-05T22:55:20.377+0000] {subprocess.py:106} INFO -   4600K .......... .......... .......... .......... .......... 15% 34.8M 3s
[2024-12-05T22:55:20.377+0000] {subprocess.py:106} INFO -   4650K .......... .......... .......... .......... .......... 16% 13.3M 3s
[2024-12-05T22:55:20.378+0000] {subprocess.py:106} INFO -   4700K .......... .......... .......... .......... .......... 16% 50.0M 3s
[2024-12-05T22:55:20.379+0000] {subprocess.py:106} INFO -   4750K .......... .......... .......... .......... .......... 16% 32.7M 3s
[2024-12-05T22:55:20.380+0000] {subprocess.py:106} INFO -   4800K .......... .......... .......... .......... .......... 16%  168M 3s
[2024-12-05T22:55:20.383+0000] {subprocess.py:106} INFO -   4850K .......... .......... .......... .......... .......... 16%  175M 3s
[2024-12-05T22:55:20.426+0000] {subprocess.py:106} INFO -   4900K .......... .......... .......... .......... .......... 16% 84.4M 2s
[2024-12-05T22:55:20.465+0000] {subprocess.py:106} INFO -   4950K .......... .......... .......... .......... .......... 17%  192M 2s
[2024-12-05T22:55:20.476+0000] {subprocess.py:106} INFO -   5000K .......... .......... .......... .......... .......... 17%  158M 2s
[2024-12-05T22:55:20.502+0000] {subprocess.py:106} INFO -   5050K .......... .......... .......... .......... .......... 17%  209M 2s
[2024-12-05T22:55:20.504+0000] {subprocess.py:106} INFO -   5100K .......... .......... .......... .......... .......... 17%  161M 2s
[2024-12-05T22:55:20.505+0000] {subprocess.py:106} INFO -   5150K .......... .......... .......... .......... .......... 17%  209M 2s
[2024-12-05T22:55:20.507+0000] {subprocess.py:106} INFO -   5200K .......... .......... .......... .......... .......... 17% 38.9M 2s
[2024-12-05T22:55:20.509+0000] {subprocess.py:106} INFO -   5250K .......... .......... .......... .......... .......... 18% 35.7M 2s
[2024-12-05T22:55:20.513+0000] {subprocess.py:106} INFO -   5300K .......... .......... .......... .......... .......... 18%  131M 2s
[2024-12-05T22:55:20.525+0000] {subprocess.py:106} INFO -   5350K .......... .......... .......... .......... .......... 18% 82.0M 2s
[2024-12-05T22:55:20.541+0000] {subprocess.py:106} INFO -   5400K .......... .......... .......... .......... .......... 18%  133M 2s
[2024-12-05T22:55:20.550+0000] {subprocess.py:106} INFO -   5450K .......... .......... .......... .......... .......... 18% 70.7M 2s
[2024-12-05T22:55:20.554+0000] {subprocess.py:106} INFO -   5500K .......... .......... .......... .......... .......... 18% 20.9M 2s
[2024-12-05T22:55:20.566+0000] {subprocess.py:106} INFO -   5550K .......... .......... .......... .......... .......... 19% 30.1M 2s
[2024-12-05T22:55:20.608+0000] {subprocess.py:106} INFO -   5600K .......... .......... .......... .......... .......... 19%  485K 3s
[2024-12-05T22:55:20.675+0000] {subprocess.py:106} INFO -   5650K .......... .......... .......... .......... .......... 19% 6.82M 3s
[2024-12-05T22:55:20.684+0000] {subprocess.py:106} INFO -   5700K .......... .......... .......... .......... .......... 19% 48.9M 3s
[2024-12-05T22:55:20.716+0000] {subprocess.py:106} INFO -   5750K .......... .......... .......... .......... .......... 19%  116M 3s
[2024-12-05T22:55:20.723+0000] {subprocess.py:106} INFO -   5800K .......... .......... .......... .......... .......... 19% 37.6M 3s
[2024-12-05T22:55:20.724+0000] {subprocess.py:106} INFO -   5850K .......... .......... .......... .......... .......... 20% 26.3M 3s
[2024-12-05T22:55:20.725+0000] {subprocess.py:106} INFO -   5900K .......... .......... .......... .......... .......... 20% 98.4M 2s
[2024-12-05T22:55:20.725+0000] {subprocess.py:106} INFO -   5950K .......... .......... .......... .......... .......... 20%  118M 2s
[2024-12-05T22:55:20.726+0000] {subprocess.py:106} INFO -   6000K .......... .......... .......... .......... .......... 20% 53.5M 2s
[2024-12-05T22:55:20.775+0000] {subprocess.py:106} INFO -   6050K .......... .......... .......... .......... .......... 20% 18.4M 2s
[2024-12-05T22:55:20.812+0000] {subprocess.py:106} INFO -   6100K .......... .......... .......... .......... .......... 20% 59.5M 2s
[2024-12-05T22:55:21.076+0000] {subprocess.py:106} INFO -   6150K .......... .......... .......... .......... .......... 21% 56.9M 2s
[2024-12-05T22:55:21.095+0000] {subprocess.py:106} INFO -   6200K .......... .......... .......... .......... .......... 21% 63.6M 2s
[2024-12-05T22:55:21.128+0000] {subprocess.py:106} INFO -   6250K .......... .......... .......... .......... .......... 21%  137M 2s
[2024-12-05T22:55:21.363+0000] {subprocess.py:106} INFO -   6300K .......... .......... .......... .......... .......... 21% 34.9M 2s
[2024-12-05T22:55:21.380+0000] {subprocess.py:106} INFO -   6350K .......... .......... .......... .......... .......... 21%  188M 2s
[2024-12-05T22:55:21.422+0000] {subprocess.py:106} INFO -   6400K .......... .......... .......... .......... .......... 22%  186M 2s
[2024-12-05T22:55:21.439+0000] {subprocess.py:106} INFO -   6450K .......... .......... .......... .......... .......... 22% 70.2M 2s
[2024-12-05T22:55:21.442+0000] {subprocess.py:106} INFO -   6500K .......... .......... .......... .......... .......... 22% 72.1M 2s
[2024-12-05T22:55:21.444+0000] {subprocess.py:106} INFO -   6550K .......... .......... .......... .......... .......... 22% 73.4M 2s
[2024-12-05T22:55:21.445+0000] {subprocess.py:106} INFO -   6600K .......... .......... .......... .......... .......... 22%  101M 2s
[2024-12-05T22:55:21.454+0000] {subprocess.py:106} INFO -   6650K .......... .......... .......... .......... .......... 22%  201M 2s
[2024-12-05T22:55:21.459+0000] {subprocess.py:106} INFO -   6700K .......... .......... .......... .......... .......... 23%  132M 2s
[2024-12-05T22:55:21.463+0000] {subprocess.py:106} INFO -   6750K .......... .......... .......... .......... .......... 23%  189M 2s
[2024-12-05T22:55:21.467+0000] {subprocess.py:106} INFO -   6800K .......... .......... .......... .......... .......... 23%  213M 2s
[2024-12-05T22:55:21.469+0000] {subprocess.py:106} INFO -   6850K .......... .......... .......... .......... .......... 23%  187M 2s
[2024-12-05T22:55:21.471+0000] {subprocess.py:106} INFO -   6900K .......... .......... .......... .......... .......... 23%  166M 2s
[2024-12-05T22:55:21.486+0000] {subprocess.py:106} INFO -   6950K .......... .......... .......... .......... .......... 23%  164M 2s
[2024-12-05T22:55:21.491+0000] {subprocess.py:106} INFO -   7000K .......... .......... .......... .......... .......... 24%  182M 2s
[2024-12-05T22:55:21.494+0000] {subprocess.py:106} INFO -   7050K .......... .......... .......... .......... .......... 24%  173M 2s
[2024-12-05T22:55:21.500+0000] {subprocess.py:106} INFO -   7100K .......... .......... .......... .......... .......... 24%  210M 2s
[2024-12-05T22:55:21.507+0000] {subprocess.py:106} INFO -   7150K .......... .......... .......... .......... .......... 24% 4.85M 2s
[2024-12-05T22:55:21.510+0000] {subprocess.py:106} INFO -   7200K .......... .......... .......... .......... .......... 24% 47.6M 2s
[2024-12-05T22:55:21.516+0000] {subprocess.py:106} INFO -   7250K .......... .......... .......... .......... .......... 24% 72.3M 2s
[2024-12-05T22:55:21.519+0000] {subprocess.py:106} INFO -   7300K .......... .......... .......... .......... .......... 25% 36.0M 2s
[2024-12-05T22:55:21.523+0000] {subprocess.py:106} INFO -   7350K .......... .......... .......... .......... .......... 25% 65.9M 2s
[2024-12-05T22:55:21.530+0000] {subprocess.py:106} INFO -   7400K .......... .......... .......... .......... .......... 25% 3.77M 2s
[2024-12-05T22:55:21.532+0000] {subprocess.py:106} INFO -   7450K .......... .......... .......... .......... .......... 25% 4.74M 2s
[2024-12-05T22:55:21.538+0000] {subprocess.py:106} INFO -   7500K .......... .......... .......... .......... .......... 25% 2.40M 2s
[2024-12-05T22:55:21.540+0000] {subprocess.py:106} INFO -   7550K .......... .......... .......... .......... .......... 25%  720K 2s
[2024-12-05T22:55:21.545+0000] {subprocess.py:106} INFO -   7600K .......... .......... .......... .......... .......... 26% 2.98M 2s
[2024-12-05T22:55:21.546+0000] {subprocess.py:106} INFO -   7650K .......... .......... .......... .......... .......... 26% 2.53M 2s
[2024-12-05T22:55:21.556+0000] {subprocess.py:106} INFO -   7700K .......... .......... .......... .......... .......... 26%  505K 3s
[2024-12-05T22:55:21.558+0000] {subprocess.py:106} INFO -   7750K .......... .......... .......... .......... .......... 26%  167K 3s
[2024-12-05T22:55:21.570+0000] {subprocess.py:106} INFO -   7800K .......... .......... .......... .......... .......... 26%  923K 3s
[2024-12-05T22:55:21.576+0000] {subprocess.py:106} INFO -   7850K .......... .......... .......... .......... .......... 26%  391K 4s
[2024-12-05T22:55:21.588+0000] {subprocess.py:106} INFO -   7900K .......... .......... .......... .......... .......... 27%  397K 4s
[2024-12-05T22:55:21.596+0000] {subprocess.py:106} INFO -   7950K .......... .......... .......... .......... .......... 27% 42.5M 4s
[2024-12-05T22:55:21.600+0000] {subprocess.py:106} INFO -   8000K .......... .......... .......... .......... .......... 27%  161M 4s
[2024-12-05T22:55:21.609+0000] {subprocess.py:106} INFO -   8050K .......... .......... .......... .......... .......... 27% 1.48M 4s
[2024-12-05T22:55:21.611+0000] {subprocess.py:106} INFO -   8100K .......... .......... .......... .......... .......... 27%  128M 4s
[2024-12-05T22:55:21.615+0000] {subprocess.py:106} INFO -   8150K .......... .......... .......... .......... .......... 27%  190M 4s
[2024-12-05T22:55:21.620+0000] {subprocess.py:106} INFO -   8200K .......... .......... .......... .......... .......... 28%  134M 4s
[2024-12-05T22:55:21.624+0000] {subprocess.py:106} INFO -   8250K .......... .......... .......... .......... .......... 28% 7.69M 4s
[2024-12-05T22:55:21.627+0000] {subprocess.py:106} INFO -   8300K .......... .......... .......... .......... .......... 28% 3.18M 4s
[2024-12-05T22:55:21.637+0000] {subprocess.py:106} INFO -   8350K .......... .......... .......... .......... .......... 28% 6.05M 4s
[2024-12-05T22:55:21.639+0000] {subprocess.py:106} INFO -   8400K .......... .......... .......... .......... .......... 28% 15.2M 4s
[2024-12-05T22:55:21.656+0000] {subprocess.py:106} INFO -   8450K .......... .......... .......... .......... .......... 29% 7.14M 4s
[2024-12-05T22:55:21.659+0000] {subprocess.py:106} INFO -   8500K .......... .......... .......... .......... .......... 29%  128M 4s
[2024-12-05T22:55:21.660+0000] {subprocess.py:106} INFO -   8550K .......... .......... .......... .......... .......... 29% 61.0M 4s
[2024-12-05T22:55:21.663+0000] {subprocess.py:106} INFO -   8600K .......... .......... .......... .......... .......... 29%  172M 4s
[2024-12-05T22:55:21.666+0000] {subprocess.py:106} INFO -   8650K .......... .......... .......... .......... .......... 29% 5.24M 4s
[2024-12-05T22:55:21.667+0000] {subprocess.py:106} INFO -   8700K .......... .......... .......... .......... .......... 29% 8.48M 4s
[2024-12-05T22:55:21.671+0000] {subprocess.py:106} INFO -   8750K .......... .......... .......... .......... .......... 30% 10.5M 4s
[2024-12-05T22:55:21.676+0000] {subprocess.py:106} INFO -   8800K .......... .......... .......... .......... .......... 30% 30.3M 4s
[2024-12-05T22:55:21.679+0000] {subprocess.py:106} INFO -   8850K .......... .......... .......... .......... .......... 30% 3.55M 4s
[2024-12-05T22:55:21.681+0000] {subprocess.py:106} INFO -   8900K .......... .......... .......... .......... .......... 30% 21.7M 4s
[2024-12-05T22:55:21.685+0000] {subprocess.py:106} INFO -   8950K .......... .......... .......... .......... .......... 30%  113M 4s
[2024-12-05T22:55:21.688+0000] {subprocess.py:106} INFO -   9000K .......... .......... .......... .......... .......... 30% 31.8M 4s
[2024-12-05T22:55:21.690+0000] {subprocess.py:106} INFO -   9050K .......... .......... .......... .......... .......... 31% 18.8M 4s
[2024-12-05T22:55:21.692+0000] {subprocess.py:106} INFO -   9100K .......... .......... .......... .......... .......... 31% 50.5M 4s
[2024-12-05T22:55:21.694+0000] {subprocess.py:106} INFO -   9150K .......... .......... .......... .......... .......... 31% 19.8M 4s
[2024-12-05T22:55:21.696+0000] {subprocess.py:106} INFO -   9200K .......... .......... .......... .......... .......... 31% 9.79M 4s
[2024-12-05T22:55:21.699+0000] {subprocess.py:106} INFO -   9250K .......... .......... .......... .......... .......... 31% 61.7M 4s
[2024-12-05T22:55:21.708+0000] {subprocess.py:106} INFO -   9300K .......... .......... .......... .......... .......... 31% 56.9M 4s
[2024-12-05T22:55:21.712+0000] {subprocess.py:106} INFO -   9350K .......... .......... .......... .......... .......... 32% 70.8M 3s
[2024-12-05T22:55:21.716+0000] {subprocess.py:106} INFO -   9400K .......... .......... .......... .......... .......... 32%  109M 3s
[2024-12-05T22:55:21.725+0000] {subprocess.py:106} INFO -   9450K .......... .......... .......... .......... .......... 32% 61.2M 3s
[2024-12-05T22:55:21.733+0000] {subprocess.py:106} INFO -   9500K .......... .......... .......... .......... .......... 32%  123M 3s
[2024-12-05T22:55:21.735+0000] {subprocess.py:106} INFO -   9550K .......... .......... .......... .......... .......... 32% 66.1M 3s
[2024-12-05T22:55:21.739+0000] {subprocess.py:106} INFO -   9600K .......... .......... .......... .......... .......... 32% 20.4M 3s
[2024-12-05T22:55:21.749+0000] {subprocess.py:106} INFO -   9650K .......... .......... .......... .......... .......... 33% 69.1M 3s
[2024-12-05T22:55:21.754+0000] {subprocess.py:106} INFO -   9700K .......... .......... .......... .......... .......... 33%  105M 3s
[2024-12-05T22:55:21.759+0000] {subprocess.py:106} INFO -   9750K .......... .......... .......... .......... .......... 33% 21.6M 3s
[2024-12-05T22:55:21.761+0000] {subprocess.py:106} INFO -   9800K .......... .......... .......... .......... .......... 33% 37.2M 3s
[2024-12-05T22:55:21.768+0000] {subprocess.py:106} INFO -   9850K .......... .......... .......... .......... .......... 33% 19.4M 3s
[2024-12-05T22:55:21.771+0000] {subprocess.py:106} INFO -   9900K .......... .......... .......... .......... .......... 33% 34.0M 3s
[2024-12-05T22:55:21.797+0000] {subprocess.py:106} INFO -   9950K .......... .......... .......... .......... .......... 34% 24.3M 3s
[2024-12-05T22:55:21.799+0000] {subprocess.py:106} INFO -  10000K .......... .......... .......... .......... .......... 34%  160M 3s
[2024-12-05T22:55:21.805+0000] {subprocess.py:106} INFO -  10050K .......... .......... .......... .......... .......... 34%  166M 3s
[2024-12-05T22:55:21.817+0000] {subprocess.py:106} INFO -  10100K .......... .......... .......... .......... .......... 34% 75.1M 3s
[2024-12-05T22:55:21.856+0000] {subprocess.py:106} INFO -  10150K .......... .......... .......... .......... .......... 34% 25.0M 3s
[2024-12-05T22:55:21.859+0000] {subprocess.py:106} INFO -  10200K .......... .......... .......... .......... .......... 34% 27.0M 3s
[2024-12-05T22:55:21.865+0000] {subprocess.py:106} INFO -  10250K .......... .......... .......... .......... .......... 35% 54.7M 3s
[2024-12-05T22:55:21.875+0000] {subprocess.py:106} INFO -  10300K .......... .......... .......... .......... .......... 35%  117M 3s
[2024-12-05T22:55:21.909+0000] {subprocess.py:106} INFO -  10350K .......... .......... .......... .......... .......... 35%  113M 3s
[2024-12-05T22:55:21.926+0000] {subprocess.py:106} INFO -  10400K .......... .......... .......... .......... .......... 35% 60.1M 3s
[2024-12-05T22:55:21.934+0000] {subprocess.py:106} INFO -  10450K .......... .......... .......... .......... .......... 35% 92.3M 3s
[2024-12-05T22:55:21.940+0000] {subprocess.py:106} INFO -  10500K .......... .......... .......... .......... .......... 36% 8.53M 3s
[2024-12-05T22:55:21.945+0000] {subprocess.py:106} INFO -  10550K .......... .......... .......... .......... .......... 36% 14.2M 3s
[2024-12-05T22:55:21.947+0000] {subprocess.py:106} INFO -  10600K .......... .......... .......... .......... .......... 36% 20.4M 3s
[2024-12-05T22:55:21.950+0000] {subprocess.py:106} INFO -  10650K .......... .......... .......... .......... .......... 36% 18.5M 3s
[2024-12-05T22:55:21.960+0000] {subprocess.py:106} INFO -  10700K .......... .......... .......... .......... .......... 36%  125M 3s
[2024-12-05T22:55:21.968+0000] {subprocess.py:106} INFO -  10750K .......... .......... .......... .......... .......... 36% 65.2M 3s
[2024-12-05T22:55:21.974+0000] {subprocess.py:106} INFO -  10800K .......... .......... .......... .......... .......... 37%  106M 3s
[2024-12-05T22:55:21.979+0000] {subprocess.py:106} INFO -  10850K .......... .......... .......... .......... .......... 37% 32.6M 3s
[2024-12-05T22:55:21.980+0000] {subprocess.py:106} INFO -  10900K .......... .......... .......... .......... .......... 37% 66.3M 3s
[2024-12-05T22:55:21.981+0000] {subprocess.py:106} INFO -  10950K .......... .......... .......... .......... .......... 37% 56.5M 3s
[2024-12-05T22:55:21.985+0000] {subprocess.py:106} INFO -  11000K .......... .......... .......... .......... .......... 37% 69.5M 3s
[2024-12-05T22:55:21.999+0000] {subprocess.py:106} INFO -  11050K .......... .......... .......... .......... .......... 37%  137M 3s
[2024-12-05T22:55:22.006+0000] {subprocess.py:106} INFO -  11100K .......... .......... .......... .......... .......... 38%  101M 3s
[2024-12-05T22:55:22.034+0000] {subprocess.py:106} INFO -  11150K .......... .......... .......... .......... .......... 38% 63.2M 3s
[2024-12-05T22:55:22.057+0000] {subprocess.py:106} INFO -  11200K .......... .......... .......... .......... .......... 38% 27.8M 3s
[2024-12-05T22:55:22.122+0000] {subprocess.py:106} INFO -  11250K .......... .......... .......... .......... .......... 38%  113M 3s
[2024-12-05T22:55:22.338+0000] {subprocess.py:106} INFO -  11300K .......... .......... .......... .......... .......... 38%  114M 3s
[2024-12-05T22:55:22.370+0000] {subprocess.py:106} INFO -  11350K .......... .......... .......... .......... .......... 38%  149M 3s
[2024-12-05T22:55:22.438+0000] {subprocess.py:106} INFO -  11400K .......... .......... .......... .......... .......... 39%  172M 3s
[2024-12-05T22:55:22.509+0000] {subprocess.py:106} INFO -  11450K .......... .......... .......... .......... .......... 39%  197M 3s
[2024-12-05T22:55:22.511+0000] {subprocess.py:106} INFO -  11500K .......... .......... .......... .......... .......... 39%  197M 3s
[2024-12-05T22:55:22.512+0000] {subprocess.py:106} INFO -  11550K .......... .......... .......... .......... .......... 39%  147M 3s
[2024-12-05T22:55:22.513+0000] {subprocess.py:106} INFO -  11600K .......... .......... .......... .......... .......... 39%  199M 3s
[2024-12-05T22:55:22.513+0000] {subprocess.py:106} INFO -  11650K .......... .......... .......... .......... .......... 39%  201M 3s
[2024-12-05T22:55:22.514+0000] {subprocess.py:106} INFO -  11700K .......... .......... .......... .......... .......... 40%  179M 3s
[2024-12-05T22:55:22.514+0000] {subprocess.py:106} INFO -  11750K .......... .......... .......... .......... .......... 40%  143M 3s
[2024-12-05T22:55:22.514+0000] {subprocess.py:106} INFO -  11800K .......... .......... .......... .......... .......... 40% 44.7M 2s
[2024-12-05T22:55:22.514+0000] {subprocess.py:106} INFO -  11850K .......... .......... .......... .......... .......... 40% 12.3M 2s
[2024-12-05T22:55:22.518+0000] {subprocess.py:106} INFO -  11900K .......... .......... .......... .......... .......... 40% 72.5M 2s
[2024-12-05T22:55:22.526+0000] {subprocess.py:106} INFO -  11950K .......... .......... .......... .......... .......... 40%  148M 2s
[2024-12-05T22:55:22.528+0000] {subprocess.py:106} INFO -  12000K .......... .......... .......... .......... .......... 41%  136M 2s
[2024-12-05T22:55:22.532+0000] {subprocess.py:106} INFO -  12050K .......... .......... .......... .......... .......... 41%  114M 2s
[2024-12-05T22:55:22.535+0000] {subprocess.py:106} INFO -  12100K .......... .......... .......... .......... .......... 41%  139M 2s
[2024-12-05T22:55:22.572+0000] {subprocess.py:106} INFO -  12150K .......... .......... .......... .......... .......... 41% 78.9M 2s
[2024-12-05T22:55:22.572+0000] {subprocess.py:106} INFO -  12200K .......... .......... .......... .......... .......... 41%  120M 2s
[2024-12-05T22:55:22.573+0000] {subprocess.py:106} INFO -  12250K .......... .......... .......... .......... .......... 41% 81.1M 2s
[2024-12-05T22:55:22.573+0000] {subprocess.py:106} INFO -  12300K .......... .......... .......... .......... .......... 42%  120M 2s
[2024-12-05T22:55:22.578+0000] {subprocess.py:106} INFO -  12350K .......... .......... .......... .......... .......... 42%  156M 2s
[2024-12-05T22:55:22.599+0000] {subprocess.py:106} INFO -  12400K .......... .......... .......... .......... .......... 42%  137M 2s
[2024-12-05T22:55:22.600+0000] {subprocess.py:106} INFO -  12450K .......... .......... .......... .......... .......... 42%  104M 2s
[2024-12-05T22:55:22.600+0000] {subprocess.py:106} INFO -  12500K .......... .......... .......... .......... .......... 42%  133M 2s
[2024-12-05T22:55:22.600+0000] {subprocess.py:106} INFO -  12550K .......... .......... .......... .......... .......... 42%  158M 2s
[2024-12-05T22:55:22.632+0000] {subprocess.py:106} INFO -  12600K .......... .......... .......... .......... .......... 43%  194M 2s
[2024-12-05T22:55:22.632+0000] {subprocess.py:106} INFO -  12650K .......... .......... .......... .......... .......... 43%  143M 2s
[2024-12-05T22:55:22.633+0000] {subprocess.py:106} INFO -  12700K .......... .......... .......... .......... .......... 43%  110M 2s
[2024-12-05T22:55:22.633+0000] {subprocess.py:106} INFO -  12750K .......... .......... .......... .......... .......... 43%  154M 2s
[2024-12-05T22:55:22.633+0000] {subprocess.py:106} INFO -  12800K .......... .......... .......... .......... .......... 43%  162M 2s
[2024-12-05T22:55:22.640+0000] {subprocess.py:106} INFO -  12850K .......... .......... .......... .......... .......... 44%  122M 2s
[2024-12-05T22:55:22.653+0000] {subprocess.py:106} INFO -  12900K .......... .......... .......... .......... .......... 44%  102M 2s
[2024-12-05T22:55:22.654+0000] {subprocess.py:106} INFO -  12950K .......... .......... .......... .......... .......... 44% 60.8M 2s
[2024-12-05T22:55:22.691+0000] {subprocess.py:106} INFO -  13000K .......... .......... .......... .......... .......... 44% 34.3M 2s
[2024-12-05T22:55:22.693+0000] {subprocess.py:106} INFO -  13050K .......... .......... .......... .......... .......... 44% 20.4M 2s
[2024-12-05T22:55:22.702+0000] {subprocess.py:106} INFO -  13100K .......... .......... .......... .......... .......... 44% 58.1M 2s
[2024-12-05T22:55:22.711+0000] {subprocess.py:106} INFO -  13150K .......... .......... .......... .......... .......... 45% 17.8M 2s
[2024-12-05T22:55:22.717+0000] {subprocess.py:106} INFO -  13200K .......... .......... .......... .......... .......... 45% 84.1M 2s
[2024-12-05T22:55:22.730+0000] {subprocess.py:106} INFO -  13250K .......... .......... .......... .......... .......... 45% 61.7M 2s
[2024-12-05T22:55:22.751+0000] {subprocess.py:106} INFO -  13300K .......... .......... .......... .......... .......... 45% 58.0M 2s
[2024-12-05T22:55:22.768+0000] {subprocess.py:106} INFO -  13350K .......... .......... .......... .......... .......... 45% 30.2M 2s
[2024-12-05T22:55:22.771+0000] {subprocess.py:106} INFO -  13400K .......... .......... .......... .......... .......... 45% 19.8M 2s
[2024-12-05T22:55:22.779+0000] {subprocess.py:106} INFO -  13450K .......... .......... .......... .......... .......... 46% 20.1M 2s
[2024-12-05T22:55:22.780+0000] {subprocess.py:106} INFO -  13500K .......... .......... .......... .......... .......... 46% 68.3M 2s
[2024-12-05T22:55:22.787+0000] {subprocess.py:106} INFO -  13550K .......... .......... .......... .......... .......... 46% 44.0M 2s
[2024-12-05T22:55:22.795+0000] {subprocess.py:106} INFO -  13600K .......... .......... .......... .......... .......... 46% 67.4M 2s
[2024-12-05T22:55:22.800+0000] {subprocess.py:106} INFO -  13650K .......... .......... .......... .......... .......... 46% 47.1M 2s
[2024-12-05T22:55:22.808+0000] {subprocess.py:106} INFO -  13700K .......... .......... .......... .......... .......... 46% 39.3M 2s
[2024-12-05T22:55:22.818+0000] {subprocess.py:106} INFO -  13750K .......... .......... .......... .......... .......... 47% 17.6M 2s
[2024-12-05T22:55:22.845+0000] {subprocess.py:106} INFO -  13800K .......... .......... .......... .......... .......... 47% 67.6M 2s
[2024-12-05T22:55:22.852+0000] {subprocess.py:106} INFO -  13850K .......... .......... .......... .......... .......... 47%  128M 2s
[2024-12-05T22:55:22.855+0000] {subprocess.py:106} INFO -  13900K .......... .......... .......... .......... .......... 47%  158M 2s
[2024-12-05T22:55:22.865+0000] {subprocess.py:106} INFO -  13950K .......... .......... .......... .......... .......... 47%  153M 2s
[2024-12-05T22:55:22.879+0000] {subprocess.py:106} INFO -  14000K .......... .......... .......... .......... .......... 47% 82.9M 2s
[2024-12-05T22:55:22.892+0000] {subprocess.py:106} INFO -  14050K .......... .......... .......... .......... .......... 48%  158M 2s
[2024-12-05T22:55:22.894+0000] {subprocess.py:106} INFO -  14100K .......... .......... .......... .......... .......... 48%  123M 2s
[2024-12-05T22:55:22.916+0000] {subprocess.py:106} INFO -  14150K .......... .......... .......... .......... .......... 48%  102M 2s
[2024-12-05T22:55:22.927+0000] {subprocess.py:106} INFO -  14200K .......... .......... .......... .......... .......... 48% 68.3M 2s
[2024-12-05T22:55:22.945+0000] {subprocess.py:106} INFO -  14250K .......... .......... .......... .......... .......... 48%  128M 2s
[2024-12-05T22:55:22.945+0000] {subprocess.py:106} INFO -  14300K .......... .......... .......... .......... .......... 48%  148M 2s
[2024-12-05T22:55:23.000+0000] {subprocess.py:106} INFO -  14350K .......... .......... .......... .......... .......... 49%  109M 2s
[2024-12-05T22:55:23.041+0000] {subprocess.py:106} INFO -  14400K .......... .......... .......... .......... .......... 49% 68.7M 2s
[2024-12-05T22:55:23.068+0000] {subprocess.py:106} INFO -  14450K .......... .......... .......... .......... .......... 49%  126M 2s
[2024-12-05T22:55:23.070+0000] {subprocess.py:106} INFO -  14500K .......... .......... .......... .......... .......... 49% 80.4M 2s
[2024-12-05T22:55:23.072+0000] {subprocess.py:106} INFO -  14550K .......... .......... .......... .......... .......... 49% 87.5M 2s
[2024-12-05T22:55:23.084+0000] {subprocess.py:106} INFO -  14600K .......... .......... .......... .......... .......... 49% 70.7M 2s
[2024-12-05T22:55:23.094+0000] {subprocess.py:106} INFO -  14650K .......... .......... .......... .......... .......... 50%  126M 2s
[2024-12-05T22:55:23.102+0000] {subprocess.py:106} INFO -  14700K .......... .......... .......... .......... .......... 50%  137M 2s
[2024-12-05T22:55:23.118+0000] {subprocess.py:106} INFO -  14750K .......... .......... .......... .......... .......... 50%  165M 2s
[2024-12-05T22:55:23.125+0000] {subprocess.py:106} INFO -  14800K .......... .......... .......... .......... .......... 50%  135M 2s
[2024-12-05T22:55:23.129+0000] {subprocess.py:106} INFO -  14850K .......... .......... .......... .......... .......... 50%  143M 2s
[2024-12-05T22:55:23.135+0000] {subprocess.py:106} INFO -  14900K .......... .......... .......... .......... .......... 51%  148M 2s
[2024-12-05T22:55:23.146+0000] {subprocess.py:106} INFO -  14950K .......... .......... .......... .......... .......... 51%  110M 2s
[2024-12-05T22:55:23.167+0000] {subprocess.py:106} INFO -  15000K .......... .......... .......... .......... .......... 51%  110M 2s
[2024-12-05T22:55:23.171+0000] {subprocess.py:106} INFO -  15050K .......... .......... .......... .......... .......... 51%  177M 2s
[2024-12-05T22:55:23.209+0000] {subprocess.py:106} INFO -  15100K .......... .......... .......... .......... .......... 51%  128M 2s
[2024-12-05T22:55:23.216+0000] {subprocess.py:106} INFO -  15150K .......... .......... .......... .......... .......... 51% 68.5M 2s
[2024-12-05T22:55:23.218+0000] {subprocess.py:106} INFO -  15200K .......... .......... .......... .......... .......... 52%  126M 2s
[2024-12-05T22:55:23.221+0000] {subprocess.py:106} INFO -  15250K .......... .......... .......... .......... .......... 52%  163M 2s
[2024-12-05T22:55:23.292+0000] {subprocess.py:106} INFO -  15300K .......... .......... .......... .......... .......... 52%  157M 2s
[2024-12-05T22:55:23.316+0000] {subprocess.py:106} INFO -  15350K .......... .......... .......... .......... .......... 52%  140M 2s
[2024-12-05T22:55:23.320+0000] {subprocess.py:106} INFO -  15400K .......... .......... .......... .......... .......... 52% 29.2M 2s
[2024-12-05T22:55:23.331+0000] {subprocess.py:106} INFO -  15450K .......... .......... .......... .......... .......... 52% 74.4M 2s
[2024-12-05T22:55:23.340+0000] {subprocess.py:106} INFO -  15500K .......... .......... .......... .......... .......... 53% 53.8M 2s
[2024-12-05T22:55:23.347+0000] {subprocess.py:106} INFO -  15550K .......... .......... .......... .......... .......... 53% 35.8M 2s
[2024-12-05T22:55:23.349+0000] {subprocess.py:106} INFO -  15600K .......... .......... .......... .......... .......... 53% 38.0M 2s
[2024-12-05T22:55:23.349+0000] {subprocess.py:106} INFO -  15650K .......... .......... .......... .......... .......... 53% 43.3M 2s
[2024-12-05T22:55:23.350+0000] {subprocess.py:106} INFO -  15700K .......... .......... .......... .......... .......... 53% 35.5M 2s
[2024-12-05T22:55:23.350+0000] {subprocess.py:106} INFO -  15750K .......... .......... .......... .......... .......... 53% 21.5M 2s
[2024-12-05T22:55:23.350+0000] {subprocess.py:106} INFO -  15800K .......... .......... .......... .......... .......... 54% 36.1M 1s
[2024-12-05T22:55:23.350+0000] {subprocess.py:106} INFO -  15850K .......... .......... .......... .......... .......... 54% 65.6M 1s
[2024-12-05T22:55:23.350+0000] {subprocess.py:106} INFO -  15900K .......... .......... .......... .......... .......... 54% 26.7M 1s
[2024-12-05T22:55:23.351+0000] {subprocess.py:106} INFO -  15950K .......... .......... .......... .......... .......... 54% 20.4M 1s
[2024-12-05T22:55:23.351+0000] {subprocess.py:106} INFO -  16000K .......... .......... .......... .......... .......... 54% 23.7M 1s
[2024-12-05T22:55:23.351+0000] {subprocess.py:106} INFO -  16050K .......... .......... .......... .......... .......... 54% 87.2M 1s
[2024-12-05T22:55:23.352+0000] {subprocess.py:106} INFO -  16100K .......... .......... .......... .......... .......... 55% 94.8M 1s
[2024-12-05T22:55:23.357+0000] {subprocess.py:106} INFO -  16150K .......... .......... .......... .......... .......... 55% 43.1M 1s
[2024-12-05T22:55:23.359+0000] {subprocess.py:106} INFO -  16200K .......... .......... .......... .......... .......... 55% 42.0M 1s
[2024-12-05T22:55:23.364+0000] {subprocess.py:106} INFO -  16250K .......... .......... .......... .......... .......... 55% 32.4M 1s
[2024-12-05T22:55:23.366+0000] {subprocess.py:106} INFO -  16300K .......... .......... .......... .......... .......... 55% 26.2M 1s
[2024-12-05T22:55:23.368+0000] {subprocess.py:106} INFO -  16350K .......... .......... .......... .......... .......... 55% 30.3M 1s
[2024-12-05T22:55:23.369+0000] {subprocess.py:106} INFO -  16400K .......... .......... .......... .......... .......... 56% 40.3M 1s
[2024-12-05T22:55:23.370+0000] {subprocess.py:106} INFO -  16450K .......... .......... .......... .......... .......... 56% 71.1M 1s
[2024-12-05T22:55:23.371+0000] {subprocess.py:106} INFO -  16500K .......... .......... .......... .......... .......... 56% 26.4M 1s
[2024-12-05T22:55:23.372+0000] {subprocess.py:106} INFO -  16550K .......... .......... .......... .......... .......... 56% 33.5M 1s
[2024-12-05T22:55:23.374+0000] {subprocess.py:106} INFO -  16600K .......... .......... .......... .......... .......... 56% 64.2M 1s
[2024-12-05T22:55:23.377+0000] {subprocess.py:106} INFO -  16650K .......... .......... .......... .......... .......... 56% 36.6M 1s
[2024-12-05T22:55:23.377+0000] {subprocess.py:106} INFO -  16700K .......... .......... .......... .......... .......... 57% 25.7M 1s
[2024-12-05T22:55:23.377+0000] {subprocess.py:106} INFO -  16750K .......... .......... .......... .......... .......... 57% 51.3M 1s
[2024-12-05T22:55:23.377+0000] {subprocess.py:106} INFO -  16800K .......... .......... .......... .......... .......... 57% 43.9M 1s
[2024-12-05T22:55:23.377+0000] {subprocess.py:106} INFO -  16850K .......... .......... .......... .......... .......... 57% 53.4M 1s
[2024-12-05T22:55:23.378+0000] {subprocess.py:106} INFO -  16900K .......... .......... .......... .......... .......... 57% 41.4M 1s
[2024-12-05T22:55:23.378+0000] {subprocess.py:106} INFO -  16950K .......... .......... .......... .......... .......... 58% 48.5M 1s
[2024-12-05T22:55:23.379+0000] {subprocess.py:106} INFO -  17000K .......... .......... .......... .......... .......... 58% 50.3M 1s
[2024-12-05T22:55:23.379+0000] {subprocess.py:106} INFO -  17050K .......... .......... .......... .......... .......... 58% 36.7M 1s
[2024-12-05T22:55:23.384+0000] {subprocess.py:106} INFO -  17100K .......... .......... .......... .......... .......... 58% 23.2M 1s
[2024-12-05T22:55:23.386+0000] {subprocess.py:106} INFO -  17150K .......... .......... .......... .......... .......... 58% 94.5M 1s
[2024-12-05T22:55:23.386+0000] {subprocess.py:106} INFO -  17200K .......... .......... .......... .......... .......... 58% 30.6M 1s
[2024-12-05T22:55:23.388+0000] {subprocess.py:106} INFO -  17250K .......... .......... .......... .......... .......... 59% 38.0M 1s
[2024-12-05T22:55:23.389+0000] {subprocess.py:106} INFO -  17300K .......... .......... .......... .......... .......... 59% 70.9M 1s
[2024-12-05T22:55:23.390+0000] {subprocess.py:106} INFO -  17350K .......... .......... .......... .......... .......... 59% 53.2M 1s
[2024-12-05T22:55:23.391+0000] {subprocess.py:106} INFO -  17400K .......... .......... .......... .......... .......... 59% 69.3M 1s
[2024-12-05T22:55:23.392+0000] {subprocess.py:106} INFO -  17450K .......... .......... .......... .......... .......... 59% 85.4M 1s
[2024-12-05T22:55:23.392+0000] {subprocess.py:106} INFO -  17500K .......... .......... .......... .......... .......... 59% 82.2M 1s
[2024-12-05T22:55:23.393+0000] {subprocess.py:106} INFO -  17550K .......... .......... .......... .......... .......... 60%  169M 1s
[2024-12-05T22:55:23.393+0000] {subprocess.py:106} INFO -  17600K .......... .......... .......... .......... .......... 60%  132M 1s
[2024-12-05T22:55:23.394+0000] {subprocess.py:106} INFO -  17650K .......... .......... .......... .......... .......... 60%  137M 1s
[2024-12-05T22:55:23.395+0000] {subprocess.py:106} INFO -  17700K .......... .......... .......... .......... .......... 60%  122M 1s
[2024-12-05T22:55:23.396+0000] {subprocess.py:106} INFO -  17750K .......... .......... .......... .......... .......... 60% 67.6M 1s
[2024-12-05T22:55:23.397+0000] {subprocess.py:106} INFO -  17800K .......... .......... .......... .......... .......... 60%  153M 1s
[2024-12-05T22:55:23.399+0000] {subprocess.py:106} INFO -  17850K .......... .......... .......... .......... .......... 61% 59.4M 1s
[2024-12-05T22:55:23.401+0000] {subprocess.py:106} INFO -  17900K .......... .......... .......... .......... .......... 61% 20.8M 1s
[2024-12-05T22:55:23.402+0000] {subprocess.py:106} INFO -  17950K .......... .......... .......... .......... .......... 61%  179M 1s
[2024-12-05T22:55:23.405+0000] {subprocess.py:106} INFO -  18000K .......... .......... .......... .......... .......... 61%  202M 1s
[2024-12-05T22:55:23.408+0000] {subprocess.py:106} INFO -  18050K .......... .......... .......... .......... .......... 61%  110M 1s
[2024-12-05T22:55:23.410+0000] {subprocess.py:106} INFO -  18100K .......... .......... .......... .......... .......... 61%  216M 1s
[2024-12-05T22:55:23.417+0000] {subprocess.py:106} INFO -  18150K .......... .......... .......... .......... .......... 62%  196M 1s
[2024-12-05T22:55:23.424+0000] {subprocess.py:106} INFO -  18200K .......... .......... .......... .......... .......... 62%  200M 1s
[2024-12-05T22:55:23.433+0000] {subprocess.py:106} INFO -  18250K .......... .......... .......... .......... .......... 62% 21.0M 1s
[2024-12-05T22:55:23.434+0000] {subprocess.py:106} INFO -  18300K .......... .......... .......... .......... .......... 62%  168M 1s
[2024-12-05T22:55:23.439+0000] {subprocess.py:106} INFO -  18350K .......... .......... .......... .......... .......... 62%  261M 1s
[2024-12-05T22:55:23.442+0000] {subprocess.py:106} INFO -  18400K .......... .......... .......... .......... .......... 62%  237M 1s
[2024-12-05T22:55:23.445+0000] {subprocess.py:106} INFO -  18450K .......... .......... .......... .......... .......... 63%  221M 1s
[2024-12-05T22:55:23.448+0000] {subprocess.py:106} INFO -  18500K .......... .......... .......... .......... .......... 63%  244M 1s
[2024-12-05T22:55:23.449+0000] {subprocess.py:106} INFO -  18550K .......... .......... .......... .......... .......... 63%  265M 1s
[2024-12-05T22:55:23.451+0000] {subprocess.py:106} INFO -  18600K .......... .......... .......... .......... .......... 63% 94.8M 1s
[2024-12-05T22:55:23.454+0000] {subprocess.py:106} INFO -  18650K .......... .......... .......... .......... .......... 63% 37.2M 1s
[2024-12-05T22:55:23.454+0000] {subprocess.py:106} INFO -  18700K .......... .......... .......... .......... .......... 63% 16.1M 1s
[2024-12-05T22:55:23.458+0000] {subprocess.py:106} INFO -  18750K .......... .......... .......... .......... .......... 64%  104M 1s
[2024-12-05T22:55:23.459+0000] {subprocess.py:106} INFO -  18800K .......... .......... .......... .......... .......... 64% 12.5M 1s
[2024-12-05T22:55:23.460+0000] {subprocess.py:106} INFO -  18850K .......... .......... .......... .......... .......... 64% 41.2M 1s
[2024-12-05T22:55:23.460+0000] {subprocess.py:106} INFO -  18900K .......... .......... .......... .......... .......... 64% 5.14M 1s
[2024-12-05T22:55:23.461+0000] {subprocess.py:106} INFO -  18950K .......... .......... .......... .......... .......... 64%  208M 1s
[2024-12-05T22:55:23.461+0000] {subprocess.py:106} INFO -  19000K .......... .......... .......... .......... .......... 65% 35.9M 1s
[2024-12-05T22:55:23.464+0000] {subprocess.py:106} INFO -  19050K .......... .......... .......... .......... .......... 65% 71.9M 1s
[2024-12-05T22:55:23.465+0000] {subprocess.py:106} INFO -  19100K .......... .......... .......... .......... .......... 65% 25.5M 1s
[2024-12-05T22:55:23.466+0000] {subprocess.py:106} INFO -  19150K .......... .......... .......... .......... .......... 65%  121M 1s
[2024-12-05T22:55:23.468+0000] {subprocess.py:106} INFO -  19200K .......... .......... .......... .......... .......... 65%  172M 1s
[2024-12-05T22:55:23.470+0000] {subprocess.py:106} INFO -  19250K .......... .......... .......... .......... .......... 65%  115M 1s
[2024-12-05T22:55:23.472+0000] {subprocess.py:106} INFO -  19300K .......... .......... .......... .......... .......... 66%  194M 1s
[2024-12-05T22:55:23.472+0000] {subprocess.py:106} INFO -  19350K .......... .......... .......... .......... .......... 66%  232M 1s
[2024-12-05T22:55:23.472+0000] {subprocess.py:106} INFO -  19400K .......... .......... .......... .......... .......... 66%  223M 1s
[2024-12-05T22:55:23.474+0000] {subprocess.py:106} INFO -  19450K .......... .......... .......... .......... .......... 66%  261M 1s
[2024-12-05T22:55:23.475+0000] {subprocess.py:106} INFO -  19500K .......... .......... .......... .......... .......... 66%  138M 1s
[2024-12-05T22:55:23.477+0000] {subprocess.py:106} INFO -  19550K .......... .......... .......... .......... .......... 66%  229M 1s
[2024-12-05T22:55:23.477+0000] {subprocess.py:106} INFO -  19600K .......... .......... .......... .......... .......... 67%  236M 1s
[2024-12-05T22:55:23.488+0000] {subprocess.py:106} INFO -  19650K .......... .......... .......... .......... .......... 67%  262M 1s
[2024-12-05T22:55:23.489+0000] {subprocess.py:106} INFO -  19700K .......... .......... .......... .......... .......... 67%  243M 1s
[2024-12-05T22:55:23.490+0000] {subprocess.py:106} INFO -  19750K .......... .......... .......... .......... .......... 67%  264M 1s
[2024-12-05T22:55:23.491+0000] {subprocess.py:106} INFO -  19800K .......... .......... .......... .......... .......... 67%  227M 1s
[2024-12-05T22:55:23.492+0000] {subprocess.py:106} INFO -  19850K .......... .......... .......... .......... .......... 67%  182M 1s
[2024-12-05T22:55:23.494+0000] {subprocess.py:106} INFO -  19900K .......... .......... .......... .......... .......... 68%  195M 1s
[2024-12-05T22:55:23.495+0000] {subprocess.py:106} INFO -  19950K .......... .......... .......... .......... .......... 68%  222M 1s
[2024-12-05T22:55:23.497+0000] {subprocess.py:106} INFO -  20000K .......... .......... .......... .......... .......... 68%  287M 1s
[2024-12-05T22:55:23.497+0000] {subprocess.py:106} INFO -  20050K .......... .......... .......... .......... .......... 68%  258M 1s
[2024-12-05T22:55:23.499+0000] {subprocess.py:106} INFO -  20100K .......... .......... .......... .......... .......... 68%  220M 1s
[2024-12-05T22:55:23.500+0000] {subprocess.py:106} INFO -  20150K .......... .......... .......... .......... .......... 68%  257M 1s
[2024-12-05T22:55:23.503+0000] {subprocess.py:106} INFO -  20200K .......... .......... .......... .......... .......... 69%  191M 1s
[2024-12-05T22:55:23.503+0000] {subprocess.py:106} INFO -  20250K .......... .......... .......... .......... .......... 69%  270M 1s
[2024-12-05T22:55:23.505+0000] {subprocess.py:106} INFO -  20300K .......... .......... .......... .......... .......... 69%  205M 1s
[2024-12-05T22:55:23.505+0000] {subprocess.py:106} INFO -  20350K .......... .......... .......... .......... .......... 69%  189M 1s
[2024-12-05T22:55:23.506+0000] {subprocess.py:106} INFO -  20400K .......... .......... .......... .......... .......... 69%  198M 1s
[2024-12-05T22:55:23.509+0000] {subprocess.py:106} INFO -  20450K .......... .......... .......... .......... .......... 69%  234M 1s
[2024-12-05T22:55:23.512+0000] {subprocess.py:106} INFO -  20500K .......... .......... .......... .......... .......... 70%  167M 1s
[2024-12-05T22:55:23.513+0000] {subprocess.py:106} INFO -  20550K .......... .......... .......... .......... .......... 70%  198M 1s
[2024-12-05T22:55:23.514+0000] {subprocess.py:106} INFO -  20600K .......... .......... .......... .......... .......... 70%  263M 1s
[2024-12-05T22:55:23.515+0000] {subprocess.py:106} INFO -  20650K .......... .......... .......... .......... .......... 70%  226M 1s
[2024-12-05T22:55:23.516+0000] {subprocess.py:106} INFO -  20700K .......... .......... .......... .......... .......... 70%  254M 1s
[2024-12-05T22:55:23.517+0000] {subprocess.py:106} INFO -  20750K .......... .......... .......... .......... .......... 70%  242M 1s
[2024-12-05T22:55:23.518+0000] {subprocess.py:106} INFO -  20800K .......... .......... .......... .......... .......... 71%  245M 1s
[2024-12-05T22:55:23.518+0000] {subprocess.py:106} INFO -  20850K .......... .......... .......... .......... .......... 71% 14.3M 1s
[2024-12-05T22:55:23.519+0000] {subprocess.py:106} INFO -  20900K .......... .......... .......... .......... .......... 71%  132M 1s
[2024-12-05T22:55:23.520+0000] {subprocess.py:106} INFO -  20950K .......... .......... .......... .......... .......... 71%  194M 1s
[2024-12-05T22:55:23.521+0000] {subprocess.py:106} INFO -  21000K .......... .......... .......... .......... .......... 71%  133M 1s
[2024-12-05T22:55:23.522+0000] {subprocess.py:106} INFO -  21050K .......... .......... .......... .......... .......... 72% 67.3M 1s
[2024-12-05T22:55:23.523+0000] {subprocess.py:106} INFO -  21100K .......... .......... .......... .......... .......... 72%  144M 1s
[2024-12-05T22:55:23.523+0000] {subprocess.py:106} INFO -  21150K .......... .......... .......... .......... .......... 72% 85.8M 1s
[2024-12-05T22:55:23.524+0000] {subprocess.py:106} INFO -  21200K .......... .......... .......... .......... .......... 72% 14.1M 1s
[2024-12-05T22:55:23.525+0000] {subprocess.py:106} INFO -  21250K .......... .......... .......... .......... .......... 72% 94.7M 1s
[2024-12-05T22:55:23.525+0000] {subprocess.py:106} INFO -  21300K .......... .......... .......... .......... .......... 72% 16.0M 1s
[2024-12-05T22:55:23.526+0000] {subprocess.py:106} INFO -  21350K .......... .......... .......... .......... .......... 73% 81.8M 1s
[2024-12-05T22:55:23.527+0000] {subprocess.py:106} INFO -  21400K .......... .......... .......... .......... .......... 73%  103M 1s
[2024-12-05T22:55:23.528+0000] {subprocess.py:106} INFO -  21450K .......... .......... .......... .......... .......... 73%  140M 1s
[2024-12-05T22:55:23.529+0000] {subprocess.py:106} INFO -  21500K .......... .......... .......... .......... .......... 73% 18.2M 1s
[2024-12-05T22:55:23.529+0000] {subprocess.py:106} INFO -  21550K .......... .......... .......... .......... .......... 73% 20.4M 1s
[2024-12-05T22:55:23.529+0000] {subprocess.py:106} INFO -  21600K .......... .......... .......... .......... .......... 73% 38.0M 1s
[2024-12-05T22:55:23.530+0000] {subprocess.py:106} INFO -  21650K .......... .......... .......... .......... .......... 74% 45.9M 1s
[2024-12-05T22:55:23.530+0000] {subprocess.py:106} INFO -  21700K .......... .......... .......... .......... .......... 74% 35.3M 1s
[2024-12-05T22:55:23.533+0000] {subprocess.py:106} INFO -  21750K .......... .......... .......... .......... .......... 74%  101M 1s
[2024-12-05T22:55:23.534+0000] {subprocess.py:106} INFO -  21800K .......... .......... .......... .......... .......... 74% 7.81M 1s
[2024-12-05T22:55:23.535+0000] {subprocess.py:106} INFO -  21850K .......... .......... .......... .......... .......... 74% 11.6M 1s
[2024-12-05T22:55:23.535+0000] {subprocess.py:106} INFO -  21900K .......... .......... .......... .......... .......... 74% 21.3M 1s
[2024-12-05T22:55:23.537+0000] {subprocess.py:106} INFO -  21950K .......... .......... .......... .......... .......... 75% 18.0M 1s
[2024-12-05T22:55:23.538+0000] {subprocess.py:106} INFO -  22000K .......... .......... .......... .......... .......... 75% 27.8M 1s
[2024-12-05T22:55:23.539+0000] {subprocess.py:106} INFO -  22050K .......... .......... .......... .......... .......... 75% 44.0M 1s
[2024-12-05T22:55:23.541+0000] {subprocess.py:106} INFO -  22100K .......... .......... .......... .......... .......... 75% 13.7M 1s
[2024-12-05T22:55:23.542+0000] {subprocess.py:106} INFO -  22150K .......... .......... .......... .......... .......... 75%  145M 1s
[2024-12-05T22:55:23.543+0000] {subprocess.py:106} INFO -  22200K .......... .......... .......... .......... .......... 75% 30.0M 1s
[2024-12-05T22:55:23.545+0000] {subprocess.py:106} INFO -  22250K .......... .......... .......... .......... .......... 76% 62.3M 1s
[2024-12-05T22:55:23.547+0000] {subprocess.py:106} INFO -  22300K .......... .......... .......... .......... .......... 76% 29.1M 1s
[2024-12-05T22:55:23.548+0000] {subprocess.py:106} INFO -  22350K .......... .......... .......... .......... .......... 76% 14.1M 1s
[2024-12-05T22:55:23.551+0000] {subprocess.py:106} INFO -  22400K .......... .......... .......... .......... .......... 76% 81.7M 1s
[2024-12-05T22:55:23.553+0000] {subprocess.py:106} INFO -  22450K .......... .......... .......... .......... .......... 76% 36.5M 1s
[2024-12-05T22:55:23.555+0000] {subprocess.py:106} INFO -  22500K .......... .......... .......... .......... .......... 76% 11.5M 1s
[2024-12-05T22:55:23.557+0000] {subprocess.py:106} INFO -  22550K .......... .......... .......... .......... .......... 77% 1.91M 1s
[2024-12-05T22:55:23.558+0000] {subprocess.py:106} INFO -  22600K .......... .......... .......... .......... .......... 77% 32.8M 1s
[2024-12-05T22:55:23.559+0000] {subprocess.py:106} INFO -  22650K .......... .......... .......... .......... .......... 77% 78.5M 1s
[2024-12-05T22:55:23.560+0000] {subprocess.py:106} INFO -  22700K .......... .......... .......... .......... .......... 77% 14.8M 1s
[2024-12-05T22:55:23.563+0000] {subprocess.py:106} INFO -  22750K .......... .......... .......... .......... .......... 77% 23.4M 1s
[2024-12-05T22:55:23.563+0000] {subprocess.py:106} INFO -  22800K .......... .......... .......... .......... .......... 77% 80.1M 1s
[2024-12-05T22:55:23.576+0000] {subprocess.py:106} INFO -  22850K .......... .......... .......... .......... .......... 78%  163M 1s
[2024-12-05T22:55:23.595+0000] {subprocess.py:106} INFO -  22900K .......... .......... .......... .......... .......... 78% 7.44M 1s
[2024-12-05T22:55:23.604+0000] {subprocess.py:106} INFO -  22950K .......... .......... .......... .......... .......... 78% 22.7M 1s
[2024-12-05T22:55:23.608+0000] {subprocess.py:106} INFO -  23000K .......... .......... .......... .......... .......... 78% 16.6M 1s
[2024-12-05T22:55:23.613+0000] {subprocess.py:106} INFO -  23050K .......... .......... .......... .......... .......... 78% 3.96M 1s
[2024-12-05T22:55:23.614+0000] {subprocess.py:106} INFO -  23100K .......... .......... .......... .......... .......... 78% 27.4M 1s
[2024-12-05T22:55:23.617+0000] {subprocess.py:106} INFO -  23150K .......... .......... .......... .......... .......... 79% 51.5M 1s
[2024-12-05T22:55:23.634+0000] {subprocess.py:106} INFO -  23200K .......... .......... .......... .......... .......... 79% 40.7M 1s
[2024-12-05T22:55:23.700+0000] {subprocess.py:106} INFO -  23250K .......... .......... .......... .......... .......... 79% 44.1M 1s
[2024-12-05T22:55:23.706+0000] {subprocess.py:106} INFO -  23300K .......... .......... .......... .......... .......... 79% 46.0M 1s
[2024-12-05T22:55:23.713+0000] {subprocess.py:106} INFO -  23350K .......... .......... .......... .......... .......... 79% 42.3M 0s
[2024-12-05T22:55:23.720+0000] {subprocess.py:106} INFO -  23400K .......... .......... .......... .......... .......... 80% 55.1M 0s
[2024-12-05T22:55:23.725+0000] {subprocess.py:106} INFO -  23450K .......... .......... .......... .......... .......... 80% 31.7M 0s
[2024-12-05T22:55:23.730+0000] {subprocess.py:106} INFO -  23500K .......... .......... .......... .......... .......... 80% 20.7M 0s
[2024-12-05T22:55:23.730+0000] {subprocess.py:106} INFO -  23550K .......... .......... .......... .......... .......... 80% 20.8M 0s
[2024-12-05T22:55:23.731+0000] {subprocess.py:106} INFO -  23600K .......... .......... .......... .......... .......... 80% 41.8M 0s
[2024-12-05T22:55:23.731+0000] {subprocess.py:106} INFO -  23650K .......... .......... .......... .......... .......... 80% 28.2M 0s
[2024-12-05T22:55:23.734+0000] {subprocess.py:106} INFO -  23700K .......... .......... .......... .......... .......... 81% 8.24M 0s
[2024-12-05T22:55:23.735+0000] {subprocess.py:106} INFO -  23750K .......... .......... .......... .......... .......... 81% 94.7M 0s
[2024-12-05T22:55:23.736+0000] {subprocess.py:106} INFO -  23800K .......... .......... .......... .......... .......... 81% 23.4M 0s
[2024-12-05T22:55:23.737+0000] {subprocess.py:106} INFO -  23850K .......... .......... .......... .......... .......... 81% 44.2M 0s
[2024-12-05T22:55:23.739+0000] {subprocess.py:106} INFO -  23900K .......... .......... .......... .......... .......... 81% 50.7M 0s
[2024-12-05T22:55:23.740+0000] {subprocess.py:106} INFO -  23950K .......... .......... .......... .......... .......... 81% 38.5M 0s
[2024-12-05T22:55:23.745+0000] {subprocess.py:106} INFO -  24000K .......... .......... .......... .......... .......... 82% 33.0M 0s
[2024-12-05T22:55:23.772+0000] {subprocess.py:106} INFO -  24050K .......... .......... .......... .......... .......... 82% 43.1M 0s
[2024-12-05T22:55:23.782+0000] {subprocess.py:106} INFO -  24100K .......... .......... .......... .......... .......... 82% 26.1M 0s
[2024-12-05T22:55:23.789+0000] {subprocess.py:106} INFO -  24150K .......... .......... .......... .......... .......... 82% 57.5M 0s
[2024-12-05T22:55:23.804+0000] {subprocess.py:106} INFO -  24200K .......... .......... .......... .......... .......... 82%  170M 0s
[2024-12-05T22:55:23.834+0000] {subprocess.py:106} INFO -  24250K .......... .......... .......... .......... .......... 82%  138M 0s
[2024-12-05T22:55:23.839+0000] {subprocess.py:106} INFO -  24300K .......... .......... .......... .......... .......... 83%  156M 0s
[2024-12-05T22:55:23.868+0000] {subprocess.py:106} INFO -  24350K .......... .......... .......... .......... .......... 83%  166M 0s
[2024-12-05T22:55:23.893+0000] {subprocess.py:106} INFO -  24400K .......... .......... .......... .......... .......... 83%  103M 0s
[2024-12-05T22:55:23.945+0000] {subprocess.py:106} INFO -  24450K .......... .......... .......... .......... .......... 83% 52.1M 0s
[2024-12-05T22:55:23.961+0000] {subprocess.py:106} INFO -  24500K .......... .......... .......... .......... .......... 83% 26.3M 0s
[2024-12-05T22:55:23.969+0000] {subprocess.py:106} INFO -  24550K .......... .......... .......... .......... .......... 83% 73.5M 0s
[2024-12-05T22:55:23.978+0000] {subprocess.py:106} INFO -  24600K .......... .......... .......... .......... .......... 84%  159M 0s
[2024-12-05T22:55:23.989+0000] {subprocess.py:106} INFO -  24650K .......... .......... .......... .......... .......... 84%  110M 0s
[2024-12-05T22:55:24.018+0000] {subprocess.py:106} INFO -  24700K .......... .......... .......... .......... .......... 84%  145M 0s
[2024-12-05T22:55:24.018+0000] {subprocess.py:106} INFO -  24750K .......... .......... .......... .......... .......... 84% 28.3M 0s
[2024-12-05T22:55:24.018+0000] {subprocess.py:106} INFO -  24800K .......... .......... .......... .......... .......... 84%  180M 0s
[2024-12-05T22:55:24.018+0000] {subprocess.py:106} INFO -  24850K .......... .......... .......... .......... .......... 84%  183M 0s
[2024-12-05T22:55:24.019+0000] {subprocess.py:106} INFO -  24900K .......... .......... .......... .......... .......... 85% 74.5M 0s
[2024-12-05T22:55:24.022+0000] {subprocess.py:106} INFO -  24950K .......... .......... .......... .......... .......... 85%  143M 0s
[2024-12-05T22:55:24.023+0000] {subprocess.py:106} INFO -  25000K .......... .......... .......... .......... .......... 85% 89.6M 0s
[2024-12-05T22:55:24.023+0000] {subprocess.py:106} INFO -  25050K .......... .......... .......... .......... .......... 85%  147M 0s
[2024-12-05T22:55:24.024+0000] {subprocess.py:106} INFO -  25100K .......... .......... .......... .......... .......... 85% 83.1M 0s
[2024-12-05T22:55:24.025+0000] {subprocess.py:106} INFO -  25150K .......... .......... .......... .......... .......... 85% 27.9M 0s
[2024-12-05T22:55:24.036+0000] {subprocess.py:106} INFO -  25200K .......... .......... .......... .......... .......... 86%  106M 0s
[2024-12-05T22:55:24.043+0000] {subprocess.py:106} INFO -  25250K .......... .......... .......... .......... .......... 86%  162M 0s
[2024-12-05T22:55:24.044+0000] {subprocess.py:106} INFO -  25300K .......... .......... .......... .......... .......... 86% 81.4M 0s
[2024-12-05T22:55:24.044+0000] {subprocess.py:106} INFO -  25350K .......... .......... .......... .......... .......... 86% 58.5M 0s
[2024-12-05T22:55:24.051+0000] {subprocess.py:106} INFO -  25400K .......... .......... .......... .......... .......... 86%  101M 0s
[2024-12-05T22:55:24.053+0000] {subprocess.py:106} INFO -  25450K .......... .......... .......... .......... .......... 87% 27.5M 0s
[2024-12-05T22:55:24.054+0000] {subprocess.py:106} INFO -  25500K .......... .......... .......... .......... .......... 87% 19.6M 0s
[2024-12-05T22:55:24.060+0000] {subprocess.py:106} INFO -  25550K .......... .......... .......... .......... .......... 87% 4.98M 0s
[2024-12-05T22:55:24.061+0000] {subprocess.py:106} INFO -  25600K .......... .......... .......... .......... .......... 87% 65.4M 0s
[2024-12-05T22:55:24.070+0000] {subprocess.py:106} INFO -  25650K .......... .......... .......... .......... .......... 87% 87.6M 0s
[2024-12-05T22:55:24.070+0000] {subprocess.py:106} INFO -  25700K .......... .......... .......... .......... .......... 87% 21.4M 0s
[2024-12-05T22:55:24.073+0000] {subprocess.py:106} INFO -  25750K .......... .......... .......... .......... .......... 88% 54.7M 0s
[2024-12-05T22:55:24.076+0000] {subprocess.py:106} INFO -  25800K .......... .......... .......... .......... .......... 88% 20.2M 0s
[2024-12-05T22:55:24.076+0000] {subprocess.py:106} INFO -  25850K .......... .......... .......... .......... .......... 88% 10.1M 0s
[2024-12-05T22:55:24.077+0000] {subprocess.py:106} INFO -  25900K .......... .......... .......... .......... .......... 88% 26.0M 0s
[2024-12-05T22:55:24.077+0000] {subprocess.py:106} INFO -  25950K .......... .......... .......... .......... .......... 88% 37.9M 0s
[2024-12-05T22:55:24.077+0000] {subprocess.py:106} INFO -  26000K .......... .......... .......... .......... .......... 88% 24.7M 0s
[2024-12-05T22:55:24.077+0000] {subprocess.py:106} INFO -  26050K .......... .......... .......... .......... .......... 89% 28.4M 0s
[2024-12-05T22:55:24.078+0000] {subprocess.py:106} INFO -  26100K .......... .......... .......... .......... .......... 89% 23.7M 0s
[2024-12-05T22:55:24.078+0000] {subprocess.py:106} INFO -  26150K .......... .......... .......... .......... .......... 89%  104M 0s
[2024-12-05T22:55:24.078+0000] {subprocess.py:106} INFO -  26200K .......... .......... .......... .......... .......... 89% 41.0M 0s
[2024-12-05T22:55:24.079+0000] {subprocess.py:106} INFO -  26250K .......... .......... .......... .......... .......... 89% 27.4M 0s
[2024-12-05T22:55:24.079+0000] {subprocess.py:106} INFO -  26300K .......... .......... .......... .......... .......... 89%  120M 0s
[2024-12-05T22:55:24.080+0000] {subprocess.py:106} INFO -  26350K .......... .......... .......... .......... .......... 90%  192M 0s
[2024-12-05T22:55:24.080+0000] {subprocess.py:106} INFO -  26400K .......... .......... .......... .......... .......... 90% 30.4M 0s
[2024-12-05T22:55:24.080+0000] {subprocess.py:106} INFO -  26450K .......... .......... .......... .......... .......... 90% 26.7M 0s
[2024-12-05T22:55:24.080+0000] {subprocess.py:106} INFO -  26500K .......... .......... .......... .......... .......... 90% 66.9M 0s
[2024-12-05T22:55:24.082+0000] {subprocess.py:106} INFO -  26550K .......... .......... .......... .......... .......... 90% 47.5M 0s
[2024-12-05T22:55:24.095+0000] {subprocess.py:106} INFO -  26600K .......... .......... .......... .......... .......... 90% 54.8M 0s
[2024-12-05T22:55:24.096+0000] {subprocess.py:106} INFO -  26650K .......... .......... .......... .......... .......... 91% 47.7M 0s
[2024-12-05T22:55:24.096+0000] {subprocess.py:106} INFO -  26700K .......... .......... .......... .......... .......... 91%  159M 0s
[2024-12-05T22:55:24.096+0000] {subprocess.py:106} INFO -  26750K .......... .......... .......... .......... .......... 91% 82.2M 0s
[2024-12-05T22:55:24.097+0000] {subprocess.py:106} INFO -  26800K .......... .......... .......... .......... .......... 91%  175M 0s
[2024-12-05T22:55:24.097+0000] {subprocess.py:106} INFO -  26850K .......... .......... .......... .......... .......... 91%  169M 0s
[2024-12-05T22:55:24.097+0000] {subprocess.py:106} INFO -  26900K .......... .......... .......... .......... .......... 91% 80.2M 0s
[2024-12-05T22:55:24.097+0000] {subprocess.py:106} INFO -  26950K .......... .......... .......... .......... .......... 92% 61.1M 0s
[2024-12-05T22:55:24.098+0000] {subprocess.py:106} INFO -  27000K .......... .......... .......... .......... .......... 92%  110M 0s
[2024-12-05T22:55:24.098+0000] {subprocess.py:106} INFO -  27050K .......... .......... .......... .......... .......... 92%  104M 0s
[2024-12-05T22:55:24.098+0000] {subprocess.py:106} INFO -  27100K .......... .......... .......... .......... .......... 92% 7.14M 0s
[2024-12-05T22:55:24.099+0000] {subprocess.py:106} INFO -  27150K .......... .......... .......... .......... .......... 92% 85.8M 0s
[2024-12-05T22:55:24.100+0000] {subprocess.py:106} INFO -  27200K .......... .......... .......... .......... .......... 92% 17.5M 0s
[2024-12-05T22:55:24.102+0000] {subprocess.py:106} INFO -  27250K .......... .......... .......... .......... .......... 93%  155M 0s
[2024-12-05T22:55:24.103+0000] {subprocess.py:106} INFO -  27300K .......... .......... .......... .......... .......... 93% 25.6M 0s
[2024-12-05T22:55:24.209+0000] {subprocess.py:106} INFO -  27350K .......... .......... .......... .......... .......... 93% 25.6M 0s
[2024-12-05T22:55:24.213+0000] {subprocess.py:106} INFO -  27400K .......... .......... .......... .......... .......... 93% 41.0M 0s
[2024-12-05T22:55:24.217+0000] {subprocess.py:106} INFO -  27450K .......... .......... .......... .......... .......... 93% 37.3M 0s
[2024-12-05T22:55:24.225+0000] {subprocess.py:106} INFO -  27500K .......... .......... .......... .......... .......... 94% 21.8M 0s
[2024-12-05T22:55:24.227+0000] {subprocess.py:106} INFO -  27550K .......... .......... .......... .......... .......... 94% 12.0M 0s
[2024-12-05T22:55:24.228+0000] {subprocess.py:106} INFO -  27600K .......... .......... .......... .......... .......... 94%  152M 0s
[2024-12-05T22:55:24.229+0000] {subprocess.py:106} INFO -  27650K .......... .......... .......... .......... .......... 94% 29.2M 0s
[2024-12-05T22:55:24.232+0000] {subprocess.py:106} INFO -  27700K .......... .......... .......... .......... .......... 94% 24.7M 0s
[2024-12-05T22:55:24.236+0000] {subprocess.py:106} INFO -  27750K .......... .......... .......... .......... .......... 94% 12.8M 0s
[2024-12-05T22:55:24.341+0000] {subprocess.py:106} INFO -  27800K .......... .......... .......... .......... .......... 95% 13.7M 0s
[2024-12-05T22:55:24.374+0000] {subprocess.py:106} INFO -  27850K .......... .......... .......... .......... .......... 95% 52.4M 0s
[2024-12-05T22:55:24.400+0000] {subprocess.py:106} INFO -  27900K .......... .......... .......... .......... .......... 95% 19.5M 0s
[2024-12-05T22:55:24.410+0000] {subprocess.py:106} INFO -  27950K .......... .......... .......... .......... .......... 95% 25.7M 0s
[2024-12-05T22:55:24.501+0000] {subprocess.py:106} INFO -  28000K .......... .......... .......... .......... .......... 95% 40.8M 0s
[2024-12-05T22:55:24.506+0000] {subprocess.py:106} INFO -  28050K .......... .......... .......... .......... .......... 95% 79.2M 0s
[2024-12-05T22:55:24.510+0000] {subprocess.py:106} INFO -  28100K .......... .......... .......... .......... .......... 96% 6.66M 0s
[2024-12-05T22:55:24.512+0000] {subprocess.py:106} INFO -  28150K .......... .......... .......... .......... .......... 96% 54.4M 0s
[2024-12-05T22:55:24.513+0000] {subprocess.py:106} INFO -  28200K .......... .......... .......... .......... .......... 96% 29.8M 0s
[2024-12-05T22:55:24.515+0000] {subprocess.py:106} INFO -  28250K .......... .......... .......... .......... .......... 96%  138M 0s
[2024-12-05T22:55:24.528+0000] {subprocess.py:106} INFO -  28300K .......... .......... .......... .......... .......... 96%  182M 0s
[2024-12-05T22:55:24.547+0000] {subprocess.py:106} INFO -  28350K .......... .......... .......... .......... .......... 96%  127M 0s
[2024-12-05T22:55:24.577+0000] {subprocess.py:106} INFO -  28400K .......... .......... .......... .......... .......... 97%  155M 0s
[2024-12-05T22:55:24.601+0000] {subprocess.py:106} INFO -  28450K .......... .......... .......... .......... .......... 97%  175M 0s
[2024-12-05T22:55:24.608+0000] {subprocess.py:106} INFO -  28500K .......... .......... .......... .......... .......... 97% 85.7M 0s
[2024-12-05T22:55:24.617+0000] {subprocess.py:106} INFO -  28550K .......... .......... .......... .......... .......... 97%  190M 0s
[2024-12-05T22:55:24.627+0000] {subprocess.py:106} INFO -  28600K .......... .......... .......... .......... .......... 97%  142M 0s
[2024-12-05T22:55:24.657+0000] {subprocess.py:106} INFO -  28650K .......... .......... .......... .......... .......... 97%  189M 0s
[2024-12-05T22:55:24.664+0000] {subprocess.py:106} INFO -  28700K .......... .......... .......... .......... .......... 98%  182M 0s
[2024-12-05T22:55:24.666+0000] {subprocess.py:106} INFO -  28750K .......... .......... .......... .......... .......... 98%  172M 0s
[2024-12-05T22:55:24.669+0000] {subprocess.py:106} INFO -  28800K .......... .......... .......... .......... .......... 98% 61.7M 0s
[2024-12-05T22:55:24.671+0000] {subprocess.py:106} INFO -  28850K .......... .......... .......... .......... .......... 98%  146M 0s
[2024-12-05T22:55:24.673+0000] {subprocess.py:106} INFO -  28900K .......... .......... .......... .......... .......... 98%  114M 0s
[2024-12-05T22:55:24.676+0000] {subprocess.py:106} INFO -  28950K .......... .......... .......... .......... .......... 98%  162M 0s
[2024-12-05T22:55:24.679+0000] {subprocess.py:106} INFO -  29000K .......... .......... .......... .......... .......... 99%  186M 0s
[2024-12-05T22:55:24.681+0000] {subprocess.py:106} INFO -  29050K .......... .......... .......... .......... .......... 99%  169M 0s
[2024-12-05T22:55:24.687+0000] {subprocess.py:106} INFO -  29100K .......... .......... .......... .......... .......... 99% 30.0M 0s
[2024-12-05T22:55:24.689+0000] {subprocess.py:106} INFO -  29150K .......... .......... .......... .......... .......... 99% 32.2M 0s
[2024-12-05T22:55:24.690+0000] {subprocess.py:106} INFO -  29200K .......... .......... .......... .......... .......... 99%  116M 0s
[2024-12-05T22:55:24.691+0000] {subprocess.py:106} INFO -  29250K .......... .......... .......... .......... .......... 99% 86.7M 0s
[2024-12-05T22:55:24.692+0000] {subprocess.py:106} INFO -  29300K ....                                                  100% 8.87M=2.1s
[2024-12-05T22:55:24.694+0000] {subprocess.py:106} INFO - 
[2024-12-05T22:55:24.695+0000] {subprocess.py:106} INFO - 2024-12-05 22:55:21 (13.5 MB/s) - ‘/opt/***/output_2021-03.parquet’ saved [30007852/30007852]
[2024-12-05T22:55:24.699+0000] {subprocess.py:106} INFO - 
[2024-12-05T22:55:24.701+0000] {subprocess.py:110} INFO - Command exited with return code 0
[2024-12-05T22:55:24.838+0000] {taskinstance.py:340} INFO - ::group::Post task execution logs
[2024-12-05T22:55:24.840+0000] {taskinstance.py:352} INFO - Marking task as SUCCESS. dag_id=LocalIngestionDag, task_id=wget, run_id=scheduled__2021-03-02T06:00:00+00:00, execution_date=20210302T060000, start_date=20241205T225518, end_date=20241205T225524
[2024-12-05T22:55:24.897+0000] {local_task_job_runner.py:266} INFO - Task exited with return code 0
[2024-12-05T22:55:24.930+0000] {taskinstance.py:3895} INFO - 1 downstream tasks scheduled from follow-on schedule check
[2024-12-05T22:55:24.931+0000] {local_task_job_runner.py:245} INFO - ::endgroup::
[2024-12-05T23:58:35.975+0000] {local_task_job_runner.py:123} INFO - ::group::Pre task execution logs
[2024-12-05T23:58:35.988+0000] {taskinstance.py:2603} INFO - Dependencies not met for <TaskInstance: LocalIngestionDag.wget scheduled__2021-03-02T06:00:00+00:00 [queued]>, dependency 'Execution Date' FAILED: The execution date is 2021-03-02T06:00:00+00:00 but this is after the task's end date 2021-02-03T00:00:00+00:00.
[2024-12-05T23:58:35.988+0000] {taskinstance.py:2603} INFO - Dependencies not met for <TaskInstance: LocalIngestionDag.wget scheduled__2021-03-02T06:00:00+00:00 [queued]>, dependency 'Execution Date' FAILED: The execution date is 2021-03-02T06:00:00+00:00 but this is after the task's DAG's end date 2021-02-03T00:00:00+00:00.
[2024-12-05T23:58:35.995+0000] {local_task_job_runner.py:166} INFO - Task is not able to be run
