[2024-12-09T23:56:50.034+0000] {local_task_job_runner.py:123} INFO - ::group::Pre task execution logs
[2024-12-09T23:56:50.084+0000] {taskinstance.py:2613} INFO - Dependencies all met for dep_context=non-requeueable deps ti=<TaskInstance: homework_dag_v2.download_dataset scheduled__2022-02-01T00:00:00+00:00 [queued]>
[2024-12-09T23:56:50.112+0000] {taskinstance.py:2613} INFO - Dependencies all met for dep_context=requeueable deps ti=<TaskInstance: homework_dag_v2.download_dataset scheduled__2022-02-01T00:00:00+00:00 [queued]>
[2024-12-09T23:56:50.113+0000] {taskinstance.py:2866} INFO - Starting attempt 1 of 1
[2024-12-09T23:56:50.150+0000] {taskinstance.py:2889} INFO - Executing <Task(BashOperator): download_dataset> on 2022-02-01 00:00:00+00:00
[2024-12-09T23:56:50.170+0000] {warnings.py:112} WARNING - /home/***/.local/lib/python3.12/site-packages/***/task/task_runner/standard_task_runner.py:70: DeprecationWarning: This process (pid=12127) is multi-threaded, use of fork() may lead to deadlocks in the child.
  pid = os.fork()

[2024-12-09T23:56:50.195+0000] {standard_task_runner.py:72} INFO - Started process 12138 to run task
[2024-12-09T23:56:50.196+0000] {standard_task_runner.py:104} INFO - Running: ['***', 'tasks', 'run', 'homework_dag_v2', 'download_dataset', 'scheduled__2022-02-01T00:00:00+00:00', '--job-id', '201', '--raw', '--subdir', 'DAGS_FOLDER/homework_dag_v2.py', '--cfg-path', '/tmp/tmp9azdqlvm']
[2024-12-09T23:56:50.209+0000] {standard_task_runner.py:105} INFO - Job 201: Subtask download_dataset
[2024-12-09T23:56:50.318+0000] {task_command.py:467} INFO - Running <TaskInstance: homework_dag_v2.download_dataset scheduled__2022-02-01T00:00:00+00:00 [running]> on host 39ecaeffba2c
[2024-12-09T23:56:50.448+0000] {taskinstance.py:3132} INFO - Exporting env vars: AIRFLOW_CTX_DAG_OWNER='***' AIRFLOW_CTX_DAG_ID='homework_dag_v2' AIRFLOW_CTX_TASK_ID='download_dataset' AIRFLOW_CTX_EXECUTION_DATE='2022-02-01T00:00:00+00:00' AIRFLOW_CTX_TRY_NUMBER='1' AIRFLOW_CTX_DAG_RUN_ID='scheduled__2022-02-01T00:00:00+00:00'
[2024-12-09T23:56:50.455+0000] {taskinstance.py:731} INFO - ::endgroup::
[2024-12-09T23:56:50.468+0000] {subprocess.py:78} INFO - Tmp dir root location: /tmp
[2024-12-09T23:56:50.472+0000] {subprocess.py:88} INFO - Running command: ['/usr/bin/bash', '-c', 'wget https://d37ci6vzurychx.cloudfront.net/trip-data/green_tripdata_2022-02.parquet -O /opt/***/green_tripdata_2022-02.parquet']
[2024-12-09T23:56:50.487+0000] {subprocess.py:99} INFO - Output:
[2024-12-09T23:56:50.501+0000] {subprocess.py:106} INFO - --2024-12-09 23:56:50--  https://d37ci6vzurychx.cloudfront.net/trip-data/green_tripdata_2022-02.parquet
[2024-12-09T23:56:50.632+0000] {subprocess.py:106} INFO - Resolving d37ci6vzurychx.cloudfront.net (d37ci6vzurychx.cloudfront.net)... 18.173.251.90, 18.173.251.37, 18.173.251.156, ...
[2024-12-09T23:56:50.693+0000] {subprocess.py:106} INFO - Connecting to d37ci6vzurychx.cloudfront.net (d37ci6vzurychx.cloudfront.net)|18.173.251.90|:443... connected.
[2024-12-09T23:56:51.235+0000] {subprocess.py:106} INFO - HTTP request sent, awaiting response... 200 OK
[2024-12-09T23:56:51.236+0000] {subprocess.py:106} INFO - Length: 1428262 (1.4M) [binary/octet-stream]
[2024-12-09T23:56:51.237+0000] {subprocess.py:106} INFO - Saving to: ‘/opt/***/green_tripdata_2022-02.parquet’
[2024-12-09T23:56:51.238+0000] {subprocess.py:106} INFO - 
[2024-12-09T23:56:51.345+0000] {subprocess.py:106} INFO -      0K .......... .......... .......... .......... ..........  3%  812K 2s
[2024-12-09T23:56:51.362+0000] {subprocess.py:106} INFO -     50K .......... .......... .......... .......... ..........  7%  766K 2s
[2024-12-09T23:56:51.404+0000] {subprocess.py:106} INFO -    100K .......... .......... .......... .......... .......... 10% 1.18M 1s
[2024-12-09T23:56:51.419+0000] {subprocess.py:106} INFO -    150K .......... .......... .......... .......... .......... 14% 3.11M 1s
[2024-12-09T23:56:51.438+0000] {subprocess.py:106} INFO -    200K .......... .......... .......... .......... .......... 17% 2.67M 1s
[2024-12-09T23:56:51.452+0000] {subprocess.py:106} INFO -    250K .......... .......... .......... .......... .......... 21% 3.29M 1s
[2024-12-09T23:56:51.467+0000] {subprocess.py:106} INFO -    300K .......... .......... .......... .......... .......... 25% 3.45M 1s
[2024-12-09T23:56:51.478+0000] {subprocess.py:106} INFO -    350K .......... .......... .......... .......... .......... 28% 4.47M 1s
[2024-12-09T23:56:51.487+0000] {subprocess.py:106} INFO -    400K .......... .......... .......... .......... .......... 32% 4.94M 1s
[2024-12-09T23:56:51.494+0000] {subprocess.py:106} INFO -    450K .......... .......... .......... .......... .......... 35% 7.54M 0s
[2024-12-09T23:56:51.500+0000] {subprocess.py:106} INFO -    500K .......... .......... .......... .......... .......... 39% 10.4M 0s
[2024-12-09T23:56:51.506+0000] {subprocess.py:106} INFO -    550K .......... .......... .......... .......... .......... 43% 6.78M 0s
[2024-12-09T23:56:51.511+0000] {subprocess.py:106} INFO -    600K .......... .......... .......... .......... .......... 46% 8.83M 0s
[2024-12-09T23:56:51.517+0000] {subprocess.py:106} INFO -    650K .......... .......... .......... .......... .......... 50% 8.56M 0s
[2024-12-09T23:56:51.523+0000] {subprocess.py:106} INFO -    700K .......... .......... .......... .......... .......... 53% 8.10M 0s
[2024-12-09T23:56:51.527+0000] {subprocess.py:106} INFO -    750K .......... .......... .......... .......... .......... 57% 11.8M 0s
[2024-12-09T23:56:51.532+0000] {subprocess.py:106} INFO -    800K .......... .......... .......... .......... .......... 60% 10.4M 0s
[2024-12-09T23:56:51.535+0000] {subprocess.py:106} INFO -    850K .......... .......... .......... .......... .......... 64% 15.3M 0s
[2024-12-09T23:56:51.539+0000] {subprocess.py:106} INFO -    900K .......... .......... .......... .......... .......... 68% 11.4M 0s
[2024-12-09T23:56:51.544+0000] {subprocess.py:106} INFO -    950K .......... .......... .......... .......... .......... 71% 10.9M 0s
[2024-12-09T23:56:51.547+0000] {subprocess.py:106} INFO -   1000K .......... .......... .......... .......... .......... 75% 14.6M 0s
[2024-12-09T23:56:51.551+0000] {subprocess.py:106} INFO -   1050K .......... .......... .......... .......... .......... 78% 13.3M 0s
[2024-12-09T23:56:51.554+0000] {subprocess.py:106} INFO -   1100K .......... .......... .......... .......... .......... 82% 15.0M 0s
[2024-12-09T23:56:51.557+0000] {subprocess.py:106} INFO -   1150K .......... .......... .......... .......... .......... 86% 17.2M 0s
[2024-12-09T23:56:51.562+0000] {subprocess.py:106} INFO -   1200K .......... .......... .......... .......... .......... 89% 8.85M 0s
[2024-12-09T23:56:51.566+0000] {subprocess.py:106} INFO -   1250K .......... .......... .......... .......... .......... 93% 13.3M 0s
[2024-12-09T23:56:51.569+0000] {subprocess.py:106} INFO -   1300K .......... .......... .......... .......... .......... 96% 15.5M 0s
[2024-12-09T23:56:51.571+0000] {subprocess.py:106} INFO -   1350K .......... .......... .......... .......... ....      100% 29.3M=0.3s
[2024-12-09T23:56:51.571+0000] {subprocess.py:106} INFO - 
[2024-12-09T23:56:51.572+0000] {subprocess.py:106} INFO - 2024-12-09 23:56:51 (4.06 MB/s) - ‘/opt/***/green_tripdata_2022-02.parquet’ saved [1428262/1428262]
[2024-12-09T23:56:51.572+0000] {subprocess.py:106} INFO - 
[2024-12-09T23:56:51.572+0000] {subprocess.py:110} INFO - Command exited with return code 0
[2024-12-09T23:56:51.598+0000] {taskinstance.py:340} INFO - ::group::Post task execution logs
[2024-12-09T23:56:51.599+0000] {taskinstance.py:352} INFO - Marking task as SUCCESS. dag_id=homework_dag_v2, task_id=download_dataset, run_id=scheduled__2022-02-01T00:00:00+00:00, execution_date=20220201T000000, start_date=20241209T235650, end_date=20241209T235651
[2024-12-09T23:56:51.637+0000] {local_task_job_runner.py:266} INFO - Task exited with return code 0
[2024-12-09T23:56:51.657+0000] {taskinstance.py:3895} INFO - 1 downstream tasks scheduled from follow-on schedule check
[2024-12-09T23:56:51.658+0000] {local_task_job_runner.py:245} INFO - ::endgroup::
