[2024-12-09T23:58:09.387+0000] {local_task_job_runner.py:123} INFO - ::group::Pre task execution logs
[2024-12-09T23:58:09.451+0000] {taskinstance.py:2613} INFO - Dependencies all met for dep_context=non-requeueable deps ti=<TaskInstance: homework_dag_v2.download_dataset scheduled__2022-05-01T00:00:00+00:00 [queued]>
[2024-12-09T23:58:09.461+0000] {taskinstance.py:2613} INFO - Dependencies all met for dep_context=requeueable deps ti=<TaskInstance: homework_dag_v2.download_dataset scheduled__2022-05-01T00:00:00+00:00 [queued]>
[2024-12-09T23:58:09.462+0000] {taskinstance.py:2866} INFO - Starting attempt 2 of 2
[2024-12-09T23:58:09.484+0000] {taskinstance.py:2889} INFO - Executing <Task(BashOperator): download_dataset> on 2022-05-01 00:00:00+00:00
[2024-12-09T23:58:09.516+0000] {warnings.py:112} WARNING - /home/***/.local/lib/python3.12/site-packages/***/task/task_runner/standard_task_runner.py:70: DeprecationWarning: This process (pid=12277) is multi-threaded, use of fork() may lead to deadlocks in the child.
  pid = os.fork()

[2024-12-09T23:58:09.519+0000] {standard_task_runner.py:72} INFO - Started process 12293 to run task
[2024-12-09T23:58:09.523+0000] {standard_task_runner.py:104} INFO - Running: ['***', 'tasks', 'run', 'homework_dag_v2', 'download_dataset', 'scheduled__2022-05-01T00:00:00+00:00', '--job-id', '241', '--raw', '--subdir', 'DAGS_FOLDER/homework_dag_v2.py', '--cfg-path', '/tmp/tmpi59p2qvn']
[2024-12-09T23:58:09.528+0000] {standard_task_runner.py:105} INFO - Job 241: Subtask download_dataset
[2024-12-09T23:58:09.633+0000] {task_command.py:467} INFO - Running <TaskInstance: homework_dag_v2.download_dataset scheduled__2022-05-01T00:00:00+00:00 [running]> on host 39ecaeffba2c
[2024-12-09T23:58:09.749+0000] {taskinstance.py:3132} INFO - Exporting env vars: AIRFLOW_CTX_DAG_OWNER='***' AIRFLOW_CTX_DAG_ID='homework_dag_v2' AIRFLOW_CTX_TASK_ID='download_dataset' AIRFLOW_CTX_EXECUTION_DATE='2022-05-01T00:00:00+00:00' AIRFLOW_CTX_TRY_NUMBER='2' AIRFLOW_CTX_DAG_RUN_ID='scheduled__2022-05-01T00:00:00+00:00'
[2024-12-09T23:58:09.752+0000] {taskinstance.py:731} INFO - ::endgroup::
[2024-12-09T23:58:09.766+0000] {subprocess.py:78} INFO - Tmp dir root location: /tmp
[2024-12-09T23:58:09.767+0000] {subprocess.py:88} INFO - Running command: ['/usr/bin/bash', '-c', 'wget https://d37ci6vzurychx.cloudfront.net/trip-data/green_tripdata_2022-05.parquet -O /opt/***/green_tripdata_2022-05.parquet']
[2024-12-09T23:58:09.781+0000] {subprocess.py:99} INFO - Output:
[2024-12-09T23:58:09.786+0000] {subprocess.py:106} INFO - --2024-12-09 23:58:09--  https://d37ci6vzurychx.cloudfront.net/trip-data/green_tripdata_2022-05.parquet
[2024-12-09T23:58:09.798+0000] {subprocess.py:106} INFO - Resolving d37ci6vzurychx.cloudfront.net (d37ci6vzurychx.cloudfront.net)... 52.85.39.117, 52.85.39.153, 52.85.39.65, ...
[2024-12-09T23:58:09.829+0000] {subprocess.py:106} INFO - Connecting to d37ci6vzurychx.cloudfront.net (d37ci6vzurychx.cloudfront.net)|52.85.39.117|:443... connected.
[2024-12-09T23:58:10.274+0000] {subprocess.py:106} INFO - HTTP request sent, awaiting response... 200 OK
[2024-12-09T23:58:10.275+0000] {subprocess.py:106} INFO - Length: 1589636 (1.5M) [binary/octet-stream]
[2024-12-09T23:58:10.276+0000] {subprocess.py:106} INFO - Saving to: ‘/opt/***/green_tripdata_2022-05.parquet’
[2024-12-09T23:58:10.277+0000] {subprocess.py:106} INFO - 
[2024-12-09T23:58:10.395+0000] {subprocess.py:106} INFO -      0K .......... .......... .......... .......... ..........  3%  749K 2s
[2024-12-09T23:58:10.407+0000] {subprocess.py:106} INFO -     50K .......... .......... .......... .......... ..........  6%  805K 2s
[2024-12-09T23:58:10.454+0000] {subprocess.py:106} INFO -    100K .......... .......... .......... .......... ..........  9%  988K 2s
[2024-12-09T23:58:10.463+0000] {subprocess.py:106} INFO -    150K .......... .......... .......... .......... .......... 12% 6.54M 1s
[2024-12-09T23:58:10.469+0000] {subprocess.py:106} INFO -    200K .......... .......... .......... .......... .......... 16% 5.96M 1s
[2024-12-09T23:58:10.485+0000] {subprocess.py:106} INFO -    250K .......... .......... .......... .......... .......... 19% 3.24M 1s
[2024-12-09T23:58:10.534+0000] {subprocess.py:106} INFO -    300K .......... .......... .......... .......... .......... 22% 1.02M 1s
[2024-12-09T23:58:10.557+0000] {subprocess.py:106} INFO -    350K .......... .......... .......... .......... .......... 25% 2.99M 1s
[2024-12-09T23:58:10.594+0000] {subprocess.py:106} INFO -    400K .......... .......... .......... .......... .......... 28% 1.08M 1s
[2024-12-09T23:58:10.600+0000] {subprocess.py:106} INFO -    450K .......... .......... .......... .......... .......... 32% 8.35M 1s
[2024-12-09T23:58:10.623+0000] {subprocess.py:106} INFO -    500K .......... .......... .......... .......... .......... 35% 2.09M 1s
[2024-12-09T23:58:10.648+0000] {subprocess.py:106} INFO -    550K .......... .......... .......... .......... .......... 38% 2.08M 1s
[2024-12-09T23:58:10.653+0000] {subprocess.py:106} INFO -    600K .......... .......... .......... .......... .......... 41% 7.02M 1s
[2024-12-09T23:58:10.657+0000] {subprocess.py:106} INFO -    650K .......... .......... .......... .......... .......... 45% 12.6M 0s
[2024-12-09T23:58:10.661+0000] {subprocess.py:106} INFO -    700K .......... .......... .......... .......... .......... 48% 11.7M 0s
[2024-12-09T23:58:10.666+0000] {subprocess.py:106} INFO -    750K .......... .......... .......... .......... .......... 51% 11.7M 0s
[2024-12-09T23:58:10.671+0000] {subprocess.py:106} INFO -    800K .......... .......... .......... .......... .......... 54% 12.6M 0s
[2024-12-09T23:58:10.673+0000] {subprocess.py:106} INFO -    850K .......... .......... .......... .......... .......... 57% 12.3M 0s
[2024-12-09T23:58:10.677+0000] {subprocess.py:106} INFO -    900K .......... .......... .......... .......... .......... 61% 14.3M 0s
[2024-12-09T23:58:10.681+0000] {subprocess.py:106} INFO -    950K .......... .......... .......... .......... .......... 64% 10.6M 0s
[2024-12-09T23:58:10.685+0000] {subprocess.py:106} INFO -   1000K .......... .......... .......... .......... .......... 67% 12.6M 0s
[2024-12-09T23:58:10.688+0000] {subprocess.py:106} INFO -   1050K .......... .......... .......... .......... .......... 70% 17.3M 0s
[2024-12-09T23:58:10.690+0000] {subprocess.py:106} INFO -   1100K .......... .......... .......... .......... .......... 74% 21.0M 0s
[2024-12-09T23:58:10.693+0000] {subprocess.py:106} INFO -   1150K .......... .......... .......... .......... .......... 77% 15.9M 0s
[2024-12-09T23:58:10.697+0000] {subprocess.py:106} INFO -   1200K .......... .......... .......... .......... .......... 80% 15.0M 0s
[2024-12-09T23:58:10.700+0000] {subprocess.py:106} INFO -   1250K .......... .......... .......... .......... .......... 83% 14.1M 0s
[2024-12-09T23:58:10.703+0000] {subprocess.py:106} INFO -   1300K .......... .......... .......... .......... .......... 86% 17.7M 0s
[2024-12-09T23:58:10.707+0000] {subprocess.py:106} INFO -   1350K .......... .......... .......... .......... .......... 90% 11.0M 0s
[2024-12-09T23:58:10.712+0000] {subprocess.py:106} INFO -   1400K .......... .......... .......... .......... .......... 93% 11.5M 0s
[2024-12-09T23:58:10.715+0000] {subprocess.py:106} INFO -   1450K .......... .......... .......... .......... .......... 96% 15.0M 0s
[2024-12-09T23:58:10.719+0000] {subprocess.py:106} INFO -   1500K .......... .......... .......... .......... .......... 99% 14.8M 0s
[2024-12-09T23:58:10.720+0000] {subprocess.py:106} INFO -   1550K ..                                                    100% 83.1M=0.4s
[2024-12-09T23:58:10.721+0000] {subprocess.py:106} INFO - 
[2024-12-09T23:58:10.725+0000] {subprocess.py:106} INFO - 2024-12-09 23:58:10 (3.41 MB/s) - ‘/opt/***/green_tripdata_2022-05.parquet’ saved [1589636/1589636]
[2024-12-09T23:58:10.726+0000] {subprocess.py:106} INFO - 
[2024-12-09T23:58:10.727+0000] {subprocess.py:110} INFO - Command exited with return code 0
[2024-12-09T23:58:10.755+0000] {taskinstance.py:340} INFO - ::group::Post task execution logs
[2024-12-09T23:58:10.755+0000] {taskinstance.py:352} INFO - Marking task as SUCCESS. dag_id=homework_dag_v2, task_id=download_dataset, run_id=scheduled__2022-05-01T00:00:00+00:00, execution_date=20220501T000000, start_date=20241209T235809, end_date=20241209T235810
[2024-12-09T23:58:10.777+0000] {local_task_job_runner.py:266} INFO - Task exited with return code 0
[2024-12-09T23:58:10.797+0000] {taskinstance.py:3895} INFO - 1 downstream tasks scheduled from follow-on schedule check
[2024-12-09T23:58:10.799+0000] {local_task_job_runner.py:245} INFO - ::endgroup::
