[2024-12-06T21:14:16.844+0000] {local_task_job_runner.py:123} INFO - ::group::Pre task execution logs
[2024-12-06T21:14:16.856+0000] {taskinstance.py:2613} INFO - Dependencies all met for dep_context=non-requeueable deps ti=<TaskInstance: homework_zone_dag.download_dataset scheduled__2021-01-01T00:00:00+00:00 [queued]>
[2024-12-06T21:14:16.861+0000] {taskinstance.py:2613} INFO - Dependencies all met for dep_context=requeueable deps ti=<TaskInstance: homework_zone_dag.download_dataset scheduled__2021-01-01T00:00:00+00:00 [queued]>
[2024-12-06T21:14:16.861+0000] {taskinstance.py:2866} INFO - Starting attempt 1 of 1
[2024-12-06T21:14:16.868+0000] {taskinstance.py:2889} INFO - Executing <Task(BashOperator): download_dataset> on 2021-01-01 00:00:00+00:00
[2024-12-06T21:14:16.881+0000] {warnings.py:112} WARNING - /home/***/.local/lib/python3.12/site-packages/***/task/task_runner/standard_task_runner.py:70: DeprecationWarning: This process (pid=5030) is multi-threaded, use of fork() may lead to deadlocks in the child.
  pid = os.fork()

[2024-12-06T21:14:16.884+0000] {standard_task_runner.py:72} INFO - Started process 5031 to run task
[2024-12-06T21:14:16.886+0000] {standard_task_runner.py:104} INFO - Running: ['***', 'tasks', 'run', 'homework_zone_dag', 'download_dataset', 'scheduled__2021-01-01T00:00:00+00:00', '--job-id', '137', '--raw', '--subdir', 'DAGS_FOLDER/homework_zone_dag.py', '--cfg-path', '/tmp/tmpuumy0rcz']
[2024-12-06T21:14:16.895+0000] {standard_task_runner.py:105} INFO - Job 137: Subtask download_dataset
[2024-12-06T21:14:16.929+0000] {task_command.py:467} INFO - Running <TaskInstance: homework_zone_dag.download_dataset scheduled__2021-01-01T00:00:00+00:00 [running]> on host 39ecaeffba2c
[2024-12-06T21:14:16.975+0000] {taskinstance.py:3132} INFO - Exporting env vars: AIRFLOW_CTX_DAG_OWNER='***' AIRFLOW_CTX_DAG_ID='homework_zone_dag' AIRFLOW_CTX_TASK_ID='download_dataset' AIRFLOW_CTX_EXECUTION_DATE='2021-01-01T00:00:00+00:00' AIRFLOW_CTX_TRY_NUMBER='1' AIRFLOW_CTX_DAG_RUN_ID='scheduled__2021-01-01T00:00:00+00:00'
[2024-12-06T21:14:16.976+0000] {taskinstance.py:731} INFO - ::endgroup::
[2024-12-06T21:14:16.991+0000] {subprocess.py:78} INFO - Tmp dir root location: /tmp
[2024-12-06T21:14:16.992+0000] {subprocess.py:88} INFO - Running command: ['/usr/bin/bash', '-c', 'wget https://d37ci6vzurychx.cloudfront.net/misc/taxi_zone_lookup.csv -O /opt/***/zones.csv']
[2024-12-06T21:14:17.004+0000] {subprocess.py:99} INFO - Output:
[2024-12-06T21:14:17.016+0000] {subprocess.py:106} INFO - --2024-12-06 21:14:17--  https://d37ci6vzurychx.cloudfront.net/misc/taxi_zone_lookup.csv
[2024-12-06T21:14:17.114+0000] {subprocess.py:106} INFO - Resolving d37ci6vzurychx.cloudfront.net (d37ci6vzurychx.cloudfront.net)... 18.154.99.220, 18.154.99.225, 18.154.99.177, ...
[2024-12-06T21:14:17.143+0000] {subprocess.py:106} INFO - Connecting to d37ci6vzurychx.cloudfront.net (d37ci6vzurychx.cloudfront.net)|18.154.99.220|:443... connected.
[2024-12-06T21:14:17.522+0000] {subprocess.py:106} INFO - HTTP request sent, awaiting response... 200 OK
[2024-12-06T21:14:17.523+0000] {subprocess.py:106} INFO - Length: 12331 (12K) [text/csv]
[2024-12-06T21:14:17.538+0000] {subprocess.py:106} INFO - Saving to: ‘/opt/***/zones.csv’
[2024-12-06T21:14:17.538+0000] {subprocess.py:106} INFO - 
[2024-12-06T21:14:17.539+0000] {subprocess.py:106} INFO -      0K .......... ..                                         100% 85.8M=0s
[2024-12-06T21:14:17.539+0000] {subprocess.py:106} INFO - 
[2024-12-06T21:14:17.539+0000] {subprocess.py:106} INFO - 2024-12-06 21:14:17 (85.8 MB/s) - ‘/opt/***/zones.csv’ saved [12331/12331]
[2024-12-06T21:14:17.544+0000] {subprocess.py:106} INFO - 
[2024-12-06T21:14:17.547+0000] {subprocess.py:110} INFO - Command exited with return code 0
[2024-12-06T21:14:17.846+0000] {taskinstance.py:340} INFO - ::group::Post task execution logs
[2024-12-06T21:14:17.847+0000] {taskinstance.py:352} INFO - Marking task as SUCCESS. dag_id=homework_zone_dag, task_id=download_dataset, run_id=scheduled__2021-01-01T00:00:00+00:00, execution_date=20210101T000000, start_date=20241206T211416, end_date=20241206T211417
[2024-12-06T21:14:17.896+0000] {local_task_job_runner.py:266} INFO - Task exited with return code 0
[2024-12-06T21:14:17.915+0000] {taskinstance.py:3895} INFO - 1 downstream tasks scheduled from follow-on schedule check
[2024-12-06T21:14:17.916+0000] {local_task_job_runner.py:245} INFO - ::endgroup::
