[2024-12-06T20:30:23.661+0000] {local_task_job_runner.py:123} INFO - ::group::Pre task execution logs
[2024-12-06T20:30:23.674+0000] {taskinstance.py:2613} INFO - Dependencies all met for dep_context=non-requeueable deps ti=<TaskInstance: LocalIngestionDag_v02.wget scheduled__2021-03-02T06:00:00+00:00 [queued]>
[2024-12-06T20:30:23.682+0000] {taskinstance.py:2613} INFO - Dependencies all met for dep_context=requeueable deps ti=<TaskInstance: LocalIngestionDag_v02.wget scheduled__2021-03-02T06:00:00+00:00 [queued]>
[2024-12-06T20:30:23.683+0000] {taskinstance.py:2866} INFO - Starting attempt 2 of 2
[2024-12-06T20:30:23.691+0000] {taskinstance.py:2889} INFO - Executing <Task(BashOperator): wget> on 2021-03-02 06:00:00+00:00
[2024-12-06T20:30:23.697+0000] {warnings.py:112} WARNING - /home/***/.local/lib/python3.12/site-packages/***/task/task_runner/standard_task_runner.py:70: DeprecationWarning: This process (pid=4141) is multi-threaded, use of fork() may lead to deadlocks in the child.
  pid = os.fork()

[2024-12-06T20:30:23.699+0000] {standard_task_runner.py:72} INFO - Started process 4145 to run task
[2024-12-06T20:30:23.698+0000] {standard_task_runner.py:104} INFO - Running: ['***', 'tasks', 'run', 'LocalIngestionDag_v02', 'wget', 'scheduled__2021-03-02T06:00:00+00:00', '--job-id', '87', '--raw', '--subdir', 'DAGS_FOLDER/data_ingestion_local.py', '--cfg-path', '/tmp/tmp877v_ebg']
[2024-12-06T20:30:23.701+0000] {standard_task_runner.py:105} INFO - Job 87: Subtask wget
[2024-12-06T20:30:23.753+0000] {task_command.py:467} INFO - Running <TaskInstance: LocalIngestionDag_v02.wget scheduled__2021-03-02T06:00:00+00:00 [running]> on host 39ecaeffba2c
[2024-12-06T20:30:24.085+0000] {taskinstance.py:3132} INFO - Exporting env vars: AIRFLOW_CTX_DAG_OWNER='***' AIRFLOW_CTX_DAG_ID='LocalIngestionDag_v02' AIRFLOW_CTX_TASK_ID='wget' AIRFLOW_CTX_EXECUTION_DATE='2021-03-02T06:00:00+00:00' AIRFLOW_CTX_TRY_NUMBER='2' AIRFLOW_CTX_DAG_RUN_ID='scheduled__2021-03-02T06:00:00+00:00'
[2024-12-06T20:30:24.086+0000] {taskinstance.py:731} INFO - ::endgroup::
[2024-12-06T20:30:24.095+0000] {subprocess.py:78} INFO - Tmp dir root location: /tmp
[2024-12-06T20:30:24.096+0000] {subprocess.py:88} INFO - Running command: ['/usr/bin/bash', '-c', 'wget https://d37ci6vzurychx.cloudfront.net/trip-data/yellow_tripdata_2021-03.parquet -O /opt/***/output_2021-03.parquet']
[2024-12-06T20:30:24.102+0000] {subprocess.py:99} INFO - Output:
[2024-12-06T20:30:24.104+0000] {subprocess.py:106} INFO - --2024-12-06 20:30:24--  https://d37ci6vzurychx.cloudfront.net/trip-data/yellow_tripdata_2021-03.parquet
[2024-12-06T20:30:24.161+0000] {subprocess.py:106} INFO - Resolving d37ci6vzurychx.cloudfront.net (d37ci6vzurychx.cloudfront.net)... 52.84.160.73, 52.84.160.116, 52.84.160.213, ...
[2024-12-06T20:30:24.183+0000] {subprocess.py:106} INFO - Connecting to d37ci6vzurychx.cloudfront.net (d37ci6vzurychx.cloudfront.net)|52.84.160.73|:443... connected.
[2024-12-06T20:30:24.268+0000] {subprocess.py:106} INFO - HTTP request sent, awaiting response... 200 OK
[2024-12-06T20:30:24.269+0000] {subprocess.py:106} INFO - Length: 30007852 (29M) [application/x-www-form-urlencoded]
[2024-12-06T20:30:24.269+0000] {subprocess.py:106} INFO - Saving to: ‘/opt/***/output_2021-03.parquet’
[2024-12-06T20:30:24.269+0000] {subprocess.py:106} INFO - 
[2024-12-06T20:30:24.304+0000] {subprocess.py:106} INFO -      0K .......... .......... .......... .......... ..........  0% 1.42M 20s
[2024-12-06T20:30:24.306+0000] {subprocess.py:106} INFO -     50K .......... .......... .......... .......... ..........  0% 15.0M 11s
[2024-12-06T20:30:24.322+0000] {subprocess.py:106} INFO -    100K .......... .......... .......... .......... ..........  0% 3.10M 10s
[2024-12-06T20:30:24.328+0000] {subprocess.py:106} INFO -    150K .......... .......... .......... .......... ..........  0% 7.31M 9s
[2024-12-06T20:30:24.334+0000] {subprocess.py:106} INFO -    200K .......... .......... .......... .......... ..........  0% 8.64M 8s
[2024-12-06T20:30:24.338+0000] {subprocess.py:106} INFO -    250K .......... .......... .......... .......... ..........  1% 12.3M 7s
[2024-12-06T20:30:24.346+0000] {subprocess.py:106} INFO -    300K .......... .......... .......... .......... ..........  1% 5.87M 6s
[2024-12-06T20:30:24.348+0000] {subprocess.py:106} INFO -    350K .......... .......... .......... .......... ..........  1% 70.2M 6s
[2024-12-06T20:30:24.357+0000] {subprocess.py:106} INFO -    400K .......... .......... .......... .......... ..........  1% 4.97M 6s
[2024-12-06T20:30:24.358+0000] {subprocess.py:106} INFO -    450K .......... .......... .......... .......... ..........  1% 31.4M 5s
[2024-12-06T20:30:24.359+0000] {subprocess.py:106} INFO -    500K .......... .......... .......... .......... ..........  1% 72.7M 5s
[2024-12-06T20:30:24.363+0000] {subprocess.py:106} INFO -    550K .......... .......... .......... .......... ..........  2% 11.2M 5s
[2024-12-06T20:30:24.365+0000] {subprocess.py:106} INFO -    600K .......... .......... .......... .......... ..........  2% 30.6M 4s
[2024-12-06T20:30:24.372+0000] {subprocess.py:106} INFO -    650K .......... .......... .......... .......... ..........  2% 8.88M 4s
[2024-12-06T20:30:24.377+0000] {subprocess.py:106} INFO -    700K .......... .......... .......... .......... ..........  2% 7.25M 4s
[2024-12-06T20:30:24.382+0000] {subprocess.py:106} INFO -    750K .......... .......... .......... .......... ..........  2% 12.7M 4s
[2024-12-06T20:30:24.385+0000] {subprocess.py:106} INFO -    800K .......... .......... .......... .......... ..........  2% 13.6M 4s
[2024-12-06T20:30:24.385+0000] {subprocess.py:106} INFO -    850K .......... .......... .......... .......... ..........  3%  115M 4s
[2024-12-06T20:30:24.388+0000] {subprocess.py:106} INFO -    900K .......... .......... .......... .......... ..........  3% 14.9M 4s
[2024-12-06T20:30:24.389+0000] {subprocess.py:106} INFO -    950K .......... .......... .......... .......... ..........  3% 88.7M 3s
[2024-12-06T20:30:24.389+0000] {subprocess.py:106} INFO -   1000K .......... .......... .......... .......... ..........  3%  232M 3s
[2024-12-06T20:30:24.391+0000] {subprocess.py:106} INFO -   1050K .......... .......... .......... .......... ..........  3% 28.8M 3s
[2024-12-06T20:30:24.391+0000] {subprocess.py:106} INFO -   1100K .......... .......... .......... .......... ..........  3% 98.1M 3s
[2024-12-06T20:30:24.394+0000] {subprocess.py:106} INFO -   1150K .......... .......... .......... .......... ..........  4% 18.8M 3s
[2024-12-06T20:30:24.395+0000] {subprocess.py:106} INFO -   1200K .......... .......... .......... .......... ..........  4%  210M 3s
[2024-12-06T20:30:24.397+0000] {subprocess.py:106} INFO -   1250K .......... .......... .......... .......... ..........  4% 19.0M 3s
[2024-12-06T20:30:24.398+0000] {subprocess.py:106} INFO -   1300K .......... .......... .......... .......... ..........  4% 38.2M 3s
[2024-12-06T20:30:24.400+0000] {subprocess.py:106} INFO -   1350K .......... .......... .......... .......... ..........  4% 22.7M 3s
[2024-12-06T20:30:24.402+0000] {subprocess.py:106} INFO -   1400K .......... .......... .......... .......... ..........  4% 45.9M 3s
[2024-12-06T20:30:24.403+0000] {subprocess.py:106} INFO -   1450K .......... .......... .......... .......... ..........  5% 64.0M 2s
[2024-12-06T20:30:24.404+0000] {subprocess.py:106} INFO -   1500K .......... .......... .......... .......... ..........  5% 21.9M 2s
[2024-12-06T20:30:24.405+0000] {subprocess.py:106} INFO -   1550K .......... .......... .......... .......... ..........  5% 82.9M 2s
[2024-12-06T20:30:24.405+0000] {subprocess.py:106} INFO -   1600K .......... .......... .......... .......... ..........  5% 90.3M 2s
[2024-12-06T20:30:24.406+0000] {subprocess.py:106} INFO -   1650K .......... .......... .......... .......... ..........  5%  195M 2s
[2024-12-06T20:30:24.407+0000] {subprocess.py:106} INFO -   1700K .......... .......... .......... .......... ..........  5% 37.6M 2s
[2024-12-06T20:30:24.408+0000] {subprocess.py:106} INFO -   1750K .......... .......... .......... .......... ..........  6% 47.3M 2s
[2024-12-06T20:30:24.471+0000] {subprocess.py:106} INFO -   1800K .......... .......... .......... .......... ..........  6%  806K 3s
[2024-12-06T20:30:24.474+0000] {subprocess.py:106} INFO -   1850K .......... .......... .......... .......... ..........  6% 13.0M 3s
[2024-12-06T20:30:24.475+0000] {subprocess.py:106} INFO -   1900K .......... .......... .......... .......... ..........  6%  121M 3s
[2024-12-06T20:30:24.477+0000] {subprocess.py:106} INFO -   1950K .......... .......... .......... .......... ..........  6%  146M 3s
[2024-12-06T20:30:24.479+0000] {subprocess.py:106} INFO -   2000K .......... .......... .......... .......... ..........  6%  101M 3s
[2024-12-06T20:30:24.522+0000] {subprocess.py:106} INFO -   2050K .......... .......... .......... .......... ..........  7% 1.08M 3s
[2024-12-06T20:30:24.525+0000] {subprocess.py:106} INFO -   2100K .......... .......... .......... .......... ..........  7% 53.8M 3s
[2024-12-06T20:30:24.526+0000] {subprocess.py:106} INFO -   2150K .......... .......... .......... .......... ..........  7% 41.4M 3s
[2024-12-06T20:30:24.528+0000] {subprocess.py:106} INFO -   2200K .......... .......... .......... .......... ..........  7% 35.7M 3s
[2024-12-06T20:30:24.529+0000] {subprocess.py:106} INFO -   2250K .......... .......... .......... .......... ..........  7%  256M 3s
[2024-12-06T20:30:24.529+0000] {subprocess.py:106} INFO -   2300K .......... .......... .......... .......... ..........  8% 28.0M 3s
[2024-12-06T20:30:24.530+0000] {subprocess.py:106} INFO -   2350K .......... .......... .......... .......... ..........  8%  146M 3s
[2024-12-06T20:30:24.537+0000] {subprocess.py:106} INFO -   2400K .......... .......... .......... .......... ..........  8%  168M 3s
[2024-12-06T20:30:24.538+0000] {subprocess.py:106} INFO -   2450K .......... .......... .......... .......... ..........  8% 42.6M 3s
[2024-12-06T20:30:24.539+0000] {subprocess.py:106} INFO -   2500K .......... .......... .......... .......... ..........  8% 57.4M 3s
[2024-12-06T20:30:24.541+0000] {subprocess.py:106} INFO -   2550K .......... .......... .......... .......... ..........  8%  113M 3s
[2024-12-06T20:30:24.543+0000] {subprocess.py:106} INFO -   2600K .......... .......... .......... .......... ..........  9% 16.2M 3s
[2024-12-06T20:30:24.544+0000] {subprocess.py:106} INFO -   2650K .......... .......... .......... .......... ..........  9% 36.1M 3s
[2024-12-06T20:30:24.545+0000] {subprocess.py:106} INFO -   2700K .......... .......... .......... .......... ..........  9%  259M 3s
[2024-12-06T20:30:24.546+0000] {subprocess.py:106} INFO -   2750K .......... .......... .......... .......... ..........  9%  215M 3s
[2024-12-06T20:30:24.584+0000] {subprocess.py:106} INFO -   2800K .......... .......... .......... .......... ..........  9%  980K 3s
[2024-12-06T20:30:24.586+0000] {subprocess.py:106} INFO -   2850K .......... .......... .......... .......... ..........  9% 99.7M 3s
[2024-12-06T20:30:24.587+0000] {subprocess.py:106} INFO -   2900K .......... .......... .......... .......... .......... 10% 40.1M 3s
[2024-12-06T20:30:24.593+0000] {subprocess.py:106} INFO -   2950K .......... .......... .......... .......... .......... 10% 31.2M 3s
[2024-12-06T20:30:24.595+0000] {subprocess.py:106} INFO -   3000K .......... .......... .......... .......... .......... 10% 35.6M 3s
[2024-12-06T20:30:24.600+0000] {subprocess.py:106} INFO -   3050K .......... .......... .......... .......... .......... 10% 14.8M 3s
[2024-12-06T20:30:24.603+0000] {subprocess.py:106} INFO -   3100K .......... .......... .......... .......... .......... 10% 55.3M 3s
[2024-12-06T20:30:24.606+0000] {subprocess.py:106} INFO -   3150K .......... .......... .......... .......... .......... 10% 31.2M 3s
[2024-12-06T20:30:24.630+0000] {subprocess.py:106} INFO -   3200K .......... .......... .......... .......... .......... 11% 1.40M 3s
[2024-12-06T20:30:25.118+0000] {subprocess.py:106} INFO -   3250K .......... .......... .......... .......... .......... 11%  102K 7s
[2024-12-06T20:30:25.686+0000] {subprocess.py:106} INFO -   3300K .......... .......... .......... .......... .......... 11% 88.1K 11s
[2024-12-06T20:30:25.700+0000] {subprocess.py:106} INFO -   3350K .......... .......... .......... .......... .......... 11% 15.6M 11s
[2024-12-06T20:30:25.701+0000] {subprocess.py:106} INFO -   3400K .......... .......... .......... .......... .......... 11%  249M 11s
[2024-12-06T20:30:25.704+0000] {subprocess.py:106} INFO -   3450K .......... .......... .......... .......... .......... 11%  258M 10s
[2024-12-06T20:30:25.707+0000] {subprocess.py:106} INFO -   3500K .......... .......... .......... .......... .......... 12%  275M 10s
[2024-12-06T20:30:25.713+0000] {subprocess.py:106} INFO -   3550K .......... .......... .......... .......... .......... 12%  261M 10s
[2024-12-06T20:30:25.713+0000] {subprocess.py:106} INFO -   3600K .......... .......... .......... .......... .......... 12%  218M 10s
[2024-12-06T20:30:25.714+0000] {subprocess.py:106} INFO -   3650K .......... .......... .......... .......... .......... 12% 7.16M 10s
[2024-12-06T20:30:25.716+0000] {subprocess.py:106} INFO -   3700K .......... .......... .......... .......... .......... 12% 70.9M 10s
[2024-12-06T20:30:25.718+0000] {subprocess.py:106} INFO -   3750K .......... .......... .......... .......... .......... 12%  205M 10s
[2024-12-06T20:30:25.720+0000] {subprocess.py:106} INFO -   3800K .......... .......... .......... .......... .......... 13%  242M 9s
[2024-12-06T20:30:25.726+0000] {subprocess.py:106} INFO -   3850K .......... .......... .......... .......... .......... 13%  241M 9s
[2024-12-06T20:30:25.727+0000] {subprocess.py:106} INFO -   3900K .......... .......... .......... .......... .......... 13%  222M 9s
[2024-12-06T20:30:25.728+0000] {subprocess.py:106} INFO -   3950K .......... .......... .......... .......... .......... 13%  244M 9s
[2024-12-06T20:30:25.729+0000] {subprocess.py:106} INFO -   4000K .......... .......... .......... .......... .......... 13%  186M 9s
[2024-12-06T20:30:25.731+0000] {subprocess.py:106} INFO -   4050K .......... .......... .......... .......... .......... 13%  215M 9s
[2024-12-06T20:30:25.733+0000] {subprocess.py:106} INFO -   4100K .......... .......... .......... .......... .......... 14%  241M 9s
[2024-12-06T20:30:25.734+0000] {subprocess.py:106} INFO -   4150K .......... .......... .......... .......... .......... 14%  185M 9s
[2024-12-06T20:30:25.735+0000] {subprocess.py:106} INFO -   4200K .......... .......... .......... .......... .......... 14%  217M 8s
[2024-12-06T20:30:25.737+0000] {subprocess.py:106} INFO -   4250K .......... .......... .......... .......... .......... 14%  237M 8s
[2024-12-06T20:30:25.739+0000] {subprocess.py:106} INFO -   4300K .......... .......... .......... .......... .......... 14%  167M 8s
[2024-12-06T20:30:25.741+0000] {subprocess.py:106} INFO -   4350K .......... .......... .......... .......... .......... 15%  124M 8s
[2024-12-06T20:30:25.742+0000] {subprocess.py:106} INFO -   4400K .......... .......... .......... .......... .......... 15%  184M 8s
[2024-12-06T20:30:25.747+0000] {subprocess.py:106} INFO -   4450K .......... .......... .......... .......... .......... 15%  175M 8s
[2024-12-06T20:30:25.748+0000] {subprocess.py:106} INFO -   4500K .......... .......... .......... .......... .......... 15%  210M 8s
[2024-12-06T20:30:25.751+0000] {subprocess.py:106} INFO -   4550K .......... .......... .......... .......... .......... 15%  148M 8s
[2024-12-06T20:30:25.763+0000] {subprocess.py:106} INFO -   4600K .......... .......... .......... .......... .......... 15%  164M 8s
[2024-12-06T20:30:25.775+0000] {subprocess.py:106} INFO -   4650K .......... .......... .......... .......... .......... 16%  183M 8s
[2024-12-06T20:30:25.777+0000] {subprocess.py:106} INFO -   4700K .......... .......... .......... .......... .......... 16% 32.4M 7s
[2024-12-06T20:30:25.778+0000] {subprocess.py:106} INFO -   4750K .......... .......... .......... .......... .......... 16% 28.0M 7s
[2024-12-06T20:30:25.781+0000] {subprocess.py:106} INFO -   4800K .......... .......... .......... .......... .......... 16%  169M 7s
[2024-12-06T20:30:25.783+0000] {subprocess.py:106} INFO -   4850K .......... .......... .......... .......... .......... 16%  219M 7s
[2024-12-06T20:30:25.787+0000] {subprocess.py:106} INFO -   4900K .......... .......... .......... .......... .......... 16%  280M 7s
[2024-12-06T20:30:25.788+0000] {subprocess.py:106} INFO -   4950K .......... .......... .......... .......... .......... 17% 49.3M 7s
[2024-12-06T20:30:25.789+0000] {subprocess.py:106} INFO -   5000K .......... .......... .......... .......... .......... 17%  262M 7s
[2024-12-06T20:30:25.789+0000] {subprocess.py:106} INFO -   5050K .......... .......... .......... .......... .......... 17%  275M 7s
[2024-12-06T20:30:25.791+0000] {subprocess.py:106} INFO -   5100K .......... .......... .......... .......... .......... 17%  263M 7s
[2024-12-06T20:30:25.792+0000] {subprocess.py:106} INFO -   5150K .......... .......... .......... .......... .......... 17% 31.7M 7s
[2024-12-06T20:30:25.793+0000] {subprocess.py:106} INFO -   5200K .......... .......... .......... .......... .......... 17%  187M 7s
[2024-12-06T20:30:25.794+0000] {subprocess.py:106} INFO -   5250K .......... .......... .......... .......... .......... 18% 58.8M 7s
[2024-12-06T20:30:25.795+0000] {subprocess.py:106} INFO -   5300K .......... .......... .......... .......... .......... 18%  202M 6s
[2024-12-06T20:30:25.797+0000] {subprocess.py:106} INFO -   5350K .......... .......... .......... .......... .......... 18%  158M 6s
[2024-12-06T20:30:25.799+0000] {subprocess.py:106} INFO -   5400K .......... .......... .......... .......... .......... 18%  189M 6s
[2024-12-06T20:30:25.801+0000] {subprocess.py:106} INFO -   5450K .......... .......... .......... .......... .......... 18%  252M 6s
[2024-12-06T20:30:25.802+0000] {subprocess.py:106} INFO -   5500K .......... .......... .......... .......... .......... 18%  210M 6s
[2024-12-06T20:30:25.803+0000] {subprocess.py:106} INFO -   5550K .......... .......... .......... .......... .......... 19%  254M 6s
[2024-12-06T20:30:25.805+0000] {subprocess.py:106} INFO -   5600K .......... .......... .......... .......... .......... 19%  234M 6s
[2024-12-06T20:30:25.807+0000] {subprocess.py:106} INFO -   5650K .......... .......... .......... .......... .......... 19%  253M 6s
[2024-12-06T20:30:25.809+0000] {subprocess.py:106} INFO -   5700K .......... .......... .......... .......... .......... 19% 79.1M 6s
[2024-12-06T20:30:25.809+0000] {subprocess.py:106} INFO -   5750K .......... .......... .......... .......... .......... 19%  228M 6s
[2024-12-06T20:30:25.810+0000] {subprocess.py:106} INFO -   5800K .......... .......... .......... .......... .......... 19% 11.1M 6s
[2024-12-06T20:30:25.815+0000] {subprocess.py:106} INFO -   5850K .......... .......... .......... .......... .......... 20% 69.1M 6s
[2024-12-06T20:30:25.818+0000] {subprocess.py:106} INFO -   5900K .......... .......... .......... .......... .......... 20% 78.0M 6s
[2024-12-06T20:30:25.821+0000] {subprocess.py:106} INFO -   5950K .......... .......... .......... .......... .......... 20%  252M 6s
[2024-12-06T20:30:25.822+0000] {subprocess.py:106} INFO -   6000K .......... .......... .......... .......... .......... 20%  207M 6s
[2024-12-06T20:30:25.824+0000] {subprocess.py:106} INFO -   6050K .......... .......... .......... .......... .......... 20%  272M 6s
[2024-12-06T20:30:25.825+0000] {subprocess.py:106} INFO -   6100K .......... .......... .......... .......... .......... 20%  256M 5s
[2024-12-06T20:30:25.827+0000] {subprocess.py:106} INFO -   6150K .......... .......... .......... .......... .......... 21% 49.0M 5s
[2024-12-06T20:30:25.830+0000] {subprocess.py:106} INFO -   6200K .......... .......... .......... .......... .......... 21%  212M 5s
[2024-12-06T20:30:25.830+0000] {subprocess.py:106} INFO -   6250K .......... .......... .......... .......... .......... 21%  183M 5s
[2024-12-06T20:30:25.831+0000] {subprocess.py:106} INFO -   6300K .......... .......... .......... .......... .......... 21% 84.9M 5s
[2024-12-06T20:30:25.831+0000] {subprocess.py:106} INFO -   6350K .......... .......... .......... .......... .......... 21%  225M 5s
[2024-12-06T20:30:25.832+0000] {subprocess.py:106} INFO -   6400K .......... .......... .......... .......... .......... 22%  209M 5s
[2024-12-06T20:30:25.833+0000] {subprocess.py:106} INFO -   6450K .......... .......... .......... .......... .......... 22%  236M 5s
[2024-12-06T20:30:25.834+0000] {subprocess.py:106} INFO -   6500K .......... .......... .......... .......... .......... 22%  230M 5s
[2024-12-06T20:30:25.835+0000] {subprocess.py:106} INFO -   6550K .......... .......... .......... .......... .......... 22%  189M 5s
[2024-12-06T20:30:25.836+0000] {subprocess.py:106} INFO -   6600K .......... .......... .......... .......... .......... 22%  217M 5s
[2024-12-06T20:30:25.842+0000] {subprocess.py:106} INFO -   6650K .......... .......... .......... .......... .......... 22% 31.6M 5s
[2024-12-06T20:30:25.844+0000] {subprocess.py:106} INFO -   6700K .......... .......... .......... .......... .......... 23%  221M 5s
[2024-12-06T20:30:25.846+0000] {subprocess.py:106} INFO -   6750K .......... .......... .......... .......... .......... 23%  241M 5s
[2024-12-06T20:30:25.847+0000] {subprocess.py:106} INFO -   6800K .......... .......... .......... .......... .......... 23%  251M 5s
[2024-12-06T20:30:25.849+0000] {subprocess.py:106} INFO -   6850K .......... .......... .......... .......... .......... 23%  271M 5s
[2024-12-06T20:30:25.860+0000] {subprocess.py:106} INFO -   6900K .......... .......... .......... .......... .......... 23%  216M 5s
[2024-12-06T20:30:25.860+0000] {subprocess.py:106} INFO -   6950K .......... .......... .......... .......... .......... 23%  238M 5s
[2024-12-06T20:30:25.862+0000] {subprocess.py:106} INFO -   7000K .......... .......... .......... .......... .......... 24% 38.8M 5s
[2024-12-06T20:30:25.867+0000] {subprocess.py:106} INFO -   7050K .......... .......... .......... .......... .......... 24%  227M 5s
[2024-12-06T20:30:25.870+0000] {subprocess.py:106} INFO -   7100K .......... .......... .......... .......... .......... 24%  193M 5s
[2024-12-06T20:30:25.871+0000] {subprocess.py:106} INFO -   7150K .......... .......... .......... .......... .......... 24%  225M 4s
[2024-12-06T20:30:25.877+0000] {subprocess.py:106} INFO -   7200K .......... .......... .......... .......... .......... 24%  247M 4s
[2024-12-06T20:30:25.881+0000] {subprocess.py:106} INFO -   7250K .......... .......... .......... .......... .......... 24% 87.4M 4s
[2024-12-06T20:30:25.882+0000] {subprocess.py:106} INFO -   7300K .......... .......... .......... .......... .......... 25%  157M 4s
[2024-12-06T20:30:25.884+0000] {subprocess.py:106} INFO -   7350K .......... .......... .......... .......... .......... 25%  209M 4s
[2024-12-06T20:30:25.888+0000] {subprocess.py:106} INFO -   7400K .......... .......... .......... .......... .......... 25% 51.0M 4s
[2024-12-06T20:30:25.900+0000] {subprocess.py:106} INFO -   7450K .......... .......... .......... .......... .......... 25%  160M 4s
[2024-12-06T20:30:25.901+0000] {subprocess.py:106} INFO -   7500K .......... .......... .......... .......... .......... 25%  175M 4s
[2024-12-06T20:30:25.904+0000] {subprocess.py:106} INFO -   7550K .......... .......... .......... .......... .......... 25%  173M 4s
[2024-12-06T20:30:25.948+0000] {subprocess.py:106} INFO -   7600K .......... .......... .......... .......... .......... 26%  109M 4s
[2024-12-06T20:30:25.950+0000] {subprocess.py:106} INFO -   7650K .......... .......... .......... .......... .......... 26%  180M 4s
[2024-12-06T20:30:25.951+0000] {subprocess.py:106} INFO -   7700K .......... .......... .......... .......... .......... 26%  213M 4s
[2024-12-06T20:30:25.952+0000] {subprocess.py:106} INFO -   7750K .......... .......... .......... .......... .......... 26%  138M 4s
[2024-12-06T20:30:25.962+0000] {subprocess.py:106} INFO -   7800K .......... .......... .......... .......... .......... 26%  190M 4s
[2024-12-06T20:30:25.963+0000] {subprocess.py:106} INFO -   7850K .......... .......... .......... .......... .......... 26%  215M 4s
[2024-12-06T20:30:25.972+0000] {subprocess.py:106} INFO -   7900K .......... .......... .......... .......... .......... 27%  204M 4s
[2024-12-06T20:30:25.993+0000] {subprocess.py:106} INFO -   7950K .......... .......... .......... .......... .......... 27%  196M 4s
[2024-12-06T20:30:26.000+0000] {subprocess.py:106} INFO -   8000K .......... .......... .......... .......... .......... 27% 81.1M 4s
[2024-12-06T20:30:26.031+0000] {subprocess.py:106} INFO -   8050K .......... .......... .......... .......... .......... 27%  193M 4s
[2024-12-06T20:30:26.053+0000] {subprocess.py:106} INFO -   8100K .......... .......... .......... .......... .......... 27%  210M 4s
[2024-12-06T20:30:26.059+0000] {subprocess.py:106} INFO -   8150K .......... .......... .......... .......... .......... 27%  127M 4s
[2024-12-06T20:30:26.061+0000] {subprocess.py:106} INFO -   8200K .......... .......... .......... .......... .......... 28%  271M 4s
[2024-12-06T20:30:26.062+0000] {subprocess.py:106} INFO -   8250K .......... .......... .......... .......... .......... 28%  227M 4s
[2024-12-06T20:30:26.063+0000] {subprocess.py:106} INFO -   8300K .......... .......... .......... .......... .......... 28%  236M 4s
[2024-12-06T20:30:26.064+0000] {subprocess.py:106} INFO -   8350K .......... .......... .......... .......... .......... 28%  239M 4s
[2024-12-06T20:30:26.072+0000] {subprocess.py:106} INFO -   8400K .......... .......... .......... .......... .......... 28%  231M 4s
[2024-12-06T20:30:26.074+0000] {subprocess.py:106} INFO -   8450K .......... .......... .......... .......... .......... 29%  203M 4s
[2024-12-06T20:30:26.083+0000] {subprocess.py:106} INFO -   8500K .......... .......... .......... .......... .......... 29%  222M 4s
[2024-12-06T20:30:26.090+0000] {subprocess.py:106} INFO -   8550K .......... .......... .......... .......... .......... 29%  191M 4s
[2024-12-06T20:30:26.097+0000] {subprocess.py:106} INFO -   8600K .......... .......... .......... .......... .......... 29% 24.4M 4s
[2024-12-06T20:30:26.100+0000] {subprocess.py:106} INFO -   8650K .......... .......... .......... .......... .......... 29%  212M 3s
[2024-12-06T20:30:26.102+0000] {subprocess.py:106} INFO -   8700K .......... .......... .......... .......... .......... 29%  222M 3s
[2024-12-06T20:30:26.107+0000] {subprocess.py:106} INFO -   8750K .......... .......... .......... .......... .......... 30%  185M 3s
[2024-12-06T20:30:26.109+0000] {subprocess.py:106} INFO -   8800K .......... .......... .......... .......... .......... 30% 16.9M 3s
[2024-12-06T20:30:26.117+0000] {subprocess.py:106} INFO -   8850K .......... .......... .......... .......... .......... 30% 25.9M 3s
[2024-12-06T20:30:26.122+0000] {subprocess.py:106} INFO -   8900K .......... .......... .......... .......... .......... 30%  226M 3s
[2024-12-06T20:30:26.152+0000] {subprocess.py:106} INFO -   8950K .......... .......... .......... .......... .......... 30% 37.5M 3s
[2024-12-06T20:30:26.523+0000] {subprocess.py:106} INFO -   9000K .......... .......... .......... .......... .......... 30%  208M 3s
[2024-12-06T20:30:26.552+0000] {subprocess.py:106} INFO -   9050K .......... .......... .......... .......... .......... 31%  231M 3s
[2024-12-06T20:30:26.579+0000] {subprocess.py:106} INFO -   9100K .......... .......... .......... .......... .......... 31%  217M 3s
[2024-12-06T20:30:26.582+0000] {subprocess.py:106} INFO -   9150K .......... .......... .......... .......... .......... 31%  274M 3s
[2024-12-06T20:30:26.585+0000] {subprocess.py:106} INFO -   9200K .......... .......... .......... .......... .......... 31%  283M 3s
[2024-12-06T20:30:26.587+0000] {subprocess.py:106} INFO -   9250K .......... .......... .......... .......... .......... 31%  217M 3s
[2024-12-06T20:30:26.593+0000] {subprocess.py:106} INFO -   9300K .......... .......... .......... .......... .......... 31% 16.1M 3s
[2024-12-06T20:30:26.594+0000] {subprocess.py:106} INFO -   9350K .......... .......... .......... .......... .......... 32%  188M 3s
[2024-12-06T20:30:26.596+0000] {subprocess.py:106} INFO -   9400K .......... .......... .......... .......... .......... 32%  199M 3s
[2024-12-06T20:30:26.603+0000] {subprocess.py:106} INFO -   9450K .......... .......... .......... .......... .......... 32%  247M 3s
[2024-12-06T20:30:26.605+0000] {subprocess.py:106} INFO -   9500K .......... .......... .......... .......... .......... 32%  195M 3s
[2024-12-06T20:30:26.606+0000] {subprocess.py:106} INFO -   9550K .......... .......... .......... .......... .......... 32% 38.9M 3s
[2024-12-06T20:30:26.607+0000] {subprocess.py:106} INFO -   9600K .......... .......... .......... .......... .......... 32% 24.6M 3s
[2024-12-06T20:30:26.608+0000] {subprocess.py:106} INFO -   9650K .......... .......... .......... .......... .......... 33% 75.5M 3s
[2024-12-06T20:30:26.611+0000] {subprocess.py:106} INFO -   9700K .......... .......... .......... .......... .......... 33%  225M 3s
[2024-12-06T20:30:26.617+0000] {subprocess.py:106} INFO -   9750K .......... .......... .......... .......... .......... 33% 11.8M 3s
[2024-12-06T20:30:26.618+0000] {subprocess.py:106} INFO -   9800K .......... .......... .......... .......... .......... 33% 77.1M 3s
[2024-12-06T20:30:26.619+0000] {subprocess.py:106} INFO -   9850K .......... .......... .......... .......... .......... 33%  238M 3s
[2024-12-06T20:30:26.619+0000] {subprocess.py:106} INFO -   9900K .......... .......... .......... .......... .......... 33%  259M 3s
[2024-12-06T20:30:26.625+0000] {subprocess.py:106} INFO -   9950K .......... .......... .......... .......... .......... 34% 16.5M 3s
[2024-12-06T20:30:26.626+0000] {subprocess.py:106} INFO -  10000K .......... .......... .......... .......... .......... 34%  205M 3s
[2024-12-06T20:30:26.628+0000] {subprocess.py:106} INFO -  10050K .......... .......... .......... .......... .......... 34% 30.1M 3s
[2024-12-06T20:30:26.638+0000] {subprocess.py:106} INFO -  10100K .......... .......... .......... .......... .......... 34%  263M 3s
[2024-12-06T20:30:26.641+0000] {subprocess.py:106} INFO -  10150K .......... .......... .......... .......... .......... 34% 26.2M 3s
[2024-12-06T20:30:26.646+0000] {subprocess.py:106} INFO -  10200K .......... .......... .......... .......... .......... 34%  239M 3s
[2024-12-06T20:30:26.647+0000] {subprocess.py:106} INFO -  10250K .......... .......... .......... .......... .......... 35%  220M 3s
[2024-12-06T20:30:26.649+0000] {subprocess.py:106} INFO -  10300K .......... .......... .......... .......... .......... 35%  179M 3s
[2024-12-06T20:30:26.654+0000] {subprocess.py:106} INFO -  10350K .......... .......... .......... .......... .......... 35%  308M 3s
[2024-12-06T20:30:26.656+0000] {subprocess.py:106} INFO -  10400K .......... .......... .......... .......... .......... 35% 59.5M 3s
[2024-12-06T20:30:26.660+0000] {subprocess.py:106} INFO -  10450K .......... .......... .......... .......... .......... 35% 19.8M 3s
[2024-12-06T20:30:26.662+0000] {subprocess.py:106} INFO -  10500K .......... .......... .......... .......... .......... 36%  202M 3s
[2024-12-06T20:30:26.663+0000] {subprocess.py:106} INFO -  10550K .......... .......... .......... .......... .......... 36%  267M 3s
[2024-12-06T20:30:26.665+0000] {subprocess.py:106} INFO -  10600K .......... .......... .......... .......... .......... 36%  313M 3s
[2024-12-06T20:30:26.674+0000] {subprocess.py:106} INFO -  10650K .......... .......... .......... .......... .......... 36% 92.0M 3s
[2024-12-06T20:30:26.676+0000] {subprocess.py:106} INFO -  10700K .......... .......... .......... .......... .......... 36%  238M 3s
[2024-12-06T20:30:26.678+0000] {subprocess.py:106} INFO -  10750K .......... .......... .......... .......... .......... 36%  256M 3s
[2024-12-06T20:30:26.679+0000] {subprocess.py:106} INFO -  10800K .......... .......... .......... .......... .......... 37% 64.2M 3s
[2024-12-06T20:30:26.680+0000] {subprocess.py:106} INFO -  10850K .......... .......... .......... .......... .......... 37%  102M 3s
[2024-12-06T20:30:26.681+0000] {subprocess.py:106} INFO -  10900K .......... .......... .......... .......... .......... 37% 33.6M 3s
[2024-12-06T20:30:26.681+0000] {subprocess.py:106} INFO -  10950K .......... .......... .......... .......... .......... 37%  129M 3s
[2024-12-06T20:30:26.682+0000] {subprocess.py:106} INFO -  11000K .......... .......... .......... .......... .......... 37%  209M 2s
[2024-12-06T20:30:26.684+0000] {subprocess.py:106} INFO -  11050K .......... .......... .......... .......... .......... 37%  223M 2s
[2024-12-06T20:30:26.688+0000] {subprocess.py:106} INFO -  11100K .......... .......... .......... .......... .......... 38%  231M 2s
[2024-12-06T20:30:26.689+0000] {subprocess.py:106} INFO -  11150K .......... .......... .......... .......... .......... 38%  316M 2s
[2024-12-06T20:30:26.690+0000] {subprocess.py:106} INFO -  11200K .......... .......... .......... .......... .......... 38%  328M 2s
[2024-12-06T20:30:26.692+0000] {subprocess.py:106} INFO -  11250K .......... .......... .......... .......... .......... 38%  295M 2s
[2024-12-06T20:30:26.694+0000] {subprocess.py:106} INFO -  11300K .......... .......... .......... .......... .......... 38%  272M 2s
[2024-12-06T20:30:26.696+0000] {subprocess.py:106} INFO -  11350K .......... .......... .......... .......... .......... 38%  206M 2s
[2024-12-06T20:30:26.698+0000] {subprocess.py:106} INFO -  11400K .......... .......... .......... .......... .......... 39%  321M 2s
[2024-12-06T20:30:26.702+0000] {subprocess.py:106} INFO -  11450K .......... .......... .......... .......... .......... 39%  309M 2s
[2024-12-06T20:30:26.704+0000] {subprocess.py:106} INFO -  11500K .......... .......... .......... .......... .......... 39% 17.0M 2s
[2024-12-06T20:30:26.707+0000] {subprocess.py:106} INFO -  11550K .......... .......... .......... .......... .......... 39%  241M 2s
[2024-12-06T20:30:26.708+0000] {subprocess.py:106} INFO -  11600K .......... .......... .......... .......... .......... 39%  302M 2s
[2024-12-06T20:30:26.709+0000] {subprocess.py:106} INFO -  11650K .......... .......... .......... .......... .......... 39%  215M 2s
[2024-12-06T20:30:26.710+0000] {subprocess.py:106} INFO -  11700K .......... .......... .......... .......... .......... 40%  189M 2s
[2024-12-06T20:30:26.714+0000] {subprocess.py:106} INFO -  11750K .......... .......... .......... .......... .......... 40%  236M 2s
[2024-12-06T20:30:26.714+0000] {subprocess.py:106} INFO -  11800K .......... .......... .......... .......... .......... 40% 45.5M 2s
[2024-12-06T20:30:26.715+0000] {subprocess.py:106} INFO -  11850K .......... .......... .......... .......... .......... 40%  109M 2s
[2024-12-06T20:30:26.718+0000] {subprocess.py:106} INFO -  11900K .......... .......... .......... .......... .......... 40% 48.4M 2s
[2024-12-06T20:30:26.719+0000] {subprocess.py:106} INFO -  11950K .......... .......... .......... .......... .......... 40%  261M 2s
[2024-12-06T20:30:26.719+0000] {subprocess.py:106} INFO -  12000K .......... .......... .......... .......... .......... 41%  155M 2s
[2024-12-06T20:30:26.720+0000] {subprocess.py:106} INFO -  12050K .......... .......... .......... .......... .......... 41%  234M 2s
[2024-12-06T20:30:26.722+0000] {subprocess.py:106} INFO -  12100K .......... .......... .......... .......... .......... 41%  249M 2s
[2024-12-06T20:30:26.725+0000] {subprocess.py:106} INFO -  12150K .......... .......... .......... .......... .......... 41%  114M 2s
[2024-12-06T20:30:26.726+0000] {subprocess.py:106} INFO -  12200K .......... .......... .......... .......... .......... 41% 21.0M 2s
[2024-12-06T20:30:26.726+0000] {subprocess.py:106} INFO -  12250K .......... .......... .......... .......... .......... 41%  146M 2s
[2024-12-06T20:30:26.727+0000] {subprocess.py:106} INFO -  12300K .......... .......... .......... .......... .......... 42%  297M 2s
[2024-12-06T20:30:26.727+0000] {subprocess.py:106} INFO -  12350K .......... .......... .......... .......... .......... 42%  153M 2s
[2024-12-06T20:30:26.728+0000] {subprocess.py:106} INFO -  12400K .......... .......... .......... .......... .......... 42%  105M 2s
[2024-12-06T20:30:26.729+0000] {subprocess.py:106} INFO -  12450K .......... .......... .......... .......... .......... 42%  286M 2s
[2024-12-06T20:30:26.729+0000] {subprocess.py:106} INFO -  12500K .......... .......... .......... .......... .......... 42% 26.1M 2s
[2024-12-06T20:30:26.730+0000] {subprocess.py:106} INFO -  12550K .......... .......... .......... .......... .......... 42%  193M 2s
[2024-12-06T20:30:26.731+0000] {subprocess.py:106} INFO -  12600K .......... .......... .......... .......... .......... 43% 88.6M 2s
[2024-12-06T20:30:26.731+0000] {subprocess.py:106} INFO -  12650K .......... .......... .......... .......... .......... 43%  103M 2s
[2024-12-06T20:30:26.732+0000] {subprocess.py:106} INFO -  12700K .......... .......... .......... .......... .......... 43% 11.7M 2s
[2024-12-06T20:30:26.738+0000] {subprocess.py:106} INFO -  12750K .......... .......... .......... .......... .......... 43% 93.2M 2s
[2024-12-06T20:30:26.741+0000] {subprocess.py:106} INFO -  12800K .......... .......... .......... .......... .......... 43%  238M 2s
[2024-12-06T20:30:26.744+0000] {subprocess.py:106} INFO -  12850K .......... .......... .......... .......... .......... 44% 17.2M 2s
[2024-12-06T20:30:26.745+0000] {subprocess.py:106} INFO -  12900K .......... .......... .......... .......... .......... 44%  226M 2s
[2024-12-06T20:30:26.748+0000] {subprocess.py:106} INFO -  12950K .......... .......... .......... .......... .......... 44% 63.6M 2s
[2024-12-06T20:30:26.752+0000] {subprocess.py:106} INFO -  13000K .......... .......... .......... .......... .......... 44% 78.6M 2s
[2024-12-06T20:30:26.753+0000] {subprocess.py:106} INFO -  13050K .......... .......... .......... .......... .......... 44% 10.7M 2s
[2024-12-06T20:30:26.759+0000] {subprocess.py:106} INFO -  13100K .......... .......... .......... .......... .......... 44% 95.2M 2s
[2024-12-06T20:30:26.760+0000] {subprocess.py:106} INFO -  13150K .......... .......... .......... .......... .......... 45% 54.7M 2s
[2024-12-06T20:30:26.761+0000] {subprocess.py:106} INFO -  13200K .......... .......... .......... .......... .......... 45%  220M 2s
[2024-12-06T20:30:26.761+0000] {subprocess.py:106} INFO -  13250K .......... .......... .......... .......... .......... 45% 82.0M 2s
[2024-12-06T20:30:26.772+0000] {subprocess.py:106} INFO -  13300K .......... .......... .......... .......... .......... 45%  152M 2s
[2024-12-06T20:30:26.773+0000] {subprocess.py:106} INFO -  13350K .......... .......... .......... .......... .......... 45%  210M 2s
[2024-12-06T20:30:26.775+0000] {subprocess.py:106} INFO -  13400K .......... .......... .......... .......... .......... 45%  327M 2s
[2024-12-06T20:30:26.776+0000] {subprocess.py:106} INFO -  13450K .......... .......... .......... .......... .......... 46%  228M 2s
[2024-12-06T20:30:26.776+0000] {subprocess.py:106} INFO -  13500K .......... .......... .......... .......... .......... 46%  322M 2s
[2024-12-06T20:30:26.777+0000] {subprocess.py:106} INFO -  13550K .......... .......... .......... .......... .......... 46% 10.8M 2s
[2024-12-06T20:30:26.778+0000] {subprocess.py:106} INFO -  13600K .......... .......... .......... .......... .......... 46% 25.5M 2s
[2024-12-06T20:30:26.779+0000] {subprocess.py:106} INFO -  13650K .......... .......... .......... .......... .......... 46% 8.54M 2s
[2024-12-06T20:30:26.780+0000] {subprocess.py:106} INFO -  13700K .......... .......... .......... .......... .......... 46%  225M 2s
[2024-12-06T20:30:26.781+0000] {subprocess.py:106} INFO -  13750K .......... .......... .......... .......... .......... 47%  166M 2s
[2024-12-06T20:30:26.782+0000] {subprocess.py:106} INFO -  13800K .......... .......... .......... .......... .......... 47%  216M 2s
[2024-12-06T20:30:26.783+0000] {subprocess.py:106} INFO -  13850K .......... .......... .......... .......... .......... 47% 71.4M 2s
[2024-12-06T20:30:26.783+0000] {subprocess.py:106} INFO -  13900K .......... .......... .......... .......... .......... 47% 94.4M 2s
[2024-12-06T20:30:26.784+0000] {subprocess.py:106} INFO -  13950K .......... .......... .......... .......... .......... 47%  180M 2s
[2024-12-06T20:30:26.784+0000] {subprocess.py:106} INFO -  14000K .......... .......... .......... .......... .......... 47% 33.2M 2s
[2024-12-06T20:30:26.785+0000] {subprocess.py:106} INFO -  14050K .......... .......... .......... .......... .......... 48%  210M 2s
[2024-12-06T20:30:26.787+0000] {subprocess.py:106} INFO -  14100K .......... .......... .......... .......... .......... 48%  168M 2s
[2024-12-06T20:30:26.788+0000] {subprocess.py:106} INFO -  14150K .......... .......... .......... .......... .......... 48% 16.1M 2s
[2024-12-06T20:30:26.788+0000] {subprocess.py:106} INFO -  14200K .......... .......... .......... .......... .......... 48% 19.4M 2s
[2024-12-06T20:30:26.789+0000] {subprocess.py:106} INFO -  14250K .......... .......... .......... .......... .......... 48%  181M 2s
[2024-12-06T20:30:26.789+0000] {subprocess.py:106} INFO -  14300K .......... .......... .......... .......... .......... 48% 11.4M 2s
[2024-12-06T20:30:26.791+0000] {subprocess.py:106} INFO -  14350K .......... .......... .......... .......... .......... 49% 7.71M 2s
[2024-12-06T20:30:26.791+0000] {subprocess.py:106} INFO -  14400K .......... .......... .......... .......... .......... 49% 39.0M 2s
[2024-12-06T20:30:26.792+0000] {subprocess.py:106} INFO -  14450K .......... .......... .......... .......... .......... 49%  229M 2s
[2024-12-06T20:30:26.792+0000] {subprocess.py:106} INFO -  14500K .......... .......... .......... .......... .......... 49%  127M 2s
[2024-12-06T20:30:26.792+0000] {subprocess.py:106} INFO -  14550K .......... .......... .......... .......... .......... 49% 57.7M 2s
[2024-12-06T20:30:26.793+0000] {subprocess.py:106} INFO -  14600K .......... .......... .......... .......... .......... 49% 40.6M 2s
[2024-12-06T20:30:26.793+0000] {subprocess.py:106} INFO -  14650K .......... .......... .......... .......... .......... 50%  101M 2s
[2024-12-06T20:30:26.793+0000] {subprocess.py:106} INFO -  14700K .......... .......... .......... .......... .......... 50%  257M 2s
[2024-12-06T20:30:26.794+0000] {subprocess.py:106} INFO -  14750K .......... .......... .......... .......... .......... 50%  160M 2s
[2024-12-06T20:30:26.794+0000] {subprocess.py:106} INFO -  14800K .......... .......... .......... .......... .......... 50%  199M 2s
[2024-12-06T20:30:26.795+0000] {subprocess.py:106} INFO -  14850K .......... .......... .......... .......... .......... 50% 69.3M 2s
[2024-12-06T20:30:26.796+0000] {subprocess.py:106} INFO -  14900K .......... .......... .......... .......... .......... 51% 60.4M 2s
[2024-12-06T20:30:26.797+0000] {subprocess.py:106} INFO -  14950K .......... .......... .......... .......... .......... 51% 89.4M 2s
[2024-12-06T20:30:26.797+0000] {subprocess.py:106} INFO -  15000K .......... .......... .......... .......... .......... 51%  108M 1s
[2024-12-06T20:30:26.797+0000] {subprocess.py:106} INFO -  15050K .......... .......... .......... .......... .......... 51%  152M 1s
[2024-12-06T20:30:26.798+0000] {subprocess.py:106} INFO -  15100K .......... .......... .......... .......... .......... 51%  183M 1s
[2024-12-06T20:30:26.800+0000] {subprocess.py:106} INFO -  15150K .......... .......... .......... .......... .......... 51%  246M 1s
[2024-12-06T20:30:26.801+0000] {subprocess.py:106} INFO -  15200K .......... .......... .......... .......... .......... 52%  202M 1s
[2024-12-06T20:30:26.802+0000] {subprocess.py:106} INFO -  15250K .......... .......... .......... .......... .......... 52%  174M 1s
[2024-12-06T20:30:26.818+0000] {subprocess.py:106} INFO -  15300K .......... .......... .......... .......... .......... 52%  214M 1s
[2024-12-06T20:30:26.819+0000] {subprocess.py:106} INFO -  15350K .......... .......... .......... .......... .......... 52%  181M 1s
[2024-12-06T20:30:26.820+0000] {subprocess.py:106} INFO -  15400K .......... .......... .......... .......... .......... 52%  262M 1s
[2024-12-06T20:30:26.821+0000] {subprocess.py:106} INFO -  15450K .......... .......... .......... .......... .......... 52% 61.8M 1s
[2024-12-06T20:30:26.821+0000] {subprocess.py:106} INFO -  15500K .......... .......... .......... .......... .......... 53% 81.4M 1s
[2024-12-06T20:30:26.821+0000] {subprocess.py:106} INFO -  15550K .......... .......... .......... .......... .......... 53% 11.7M 1s
[2024-12-06T20:30:26.822+0000] {subprocess.py:106} INFO -  15600K .......... .......... .......... .......... .......... 53% 42.6M 1s
[2024-12-06T20:30:26.825+0000] {subprocess.py:106} INFO -  15650K .......... .......... .......... .......... .......... 53% 40.2M 1s
[2024-12-06T20:30:26.841+0000] {subprocess.py:106} INFO -  15700K .......... .......... .......... .......... .......... 53%  235M 1s
[2024-12-06T20:30:26.842+0000] {subprocess.py:106} INFO -  15750K .......... .......... .......... .......... .......... 53%  104M 1s
[2024-12-06T20:30:26.844+0000] {subprocess.py:106} INFO -  15800K .......... .......... .......... .......... .......... 54% 51.5M 1s
[2024-12-06T20:30:26.845+0000] {subprocess.py:106} INFO -  15850K .......... .......... .......... .......... .......... 54%  138M 1s
[2024-12-06T20:30:26.846+0000] {subprocess.py:106} INFO -  15900K .......... .......... .......... .......... .......... 54% 45.9M 1s
[2024-12-06T20:30:26.846+0000] {subprocess.py:106} INFO -  15950K .......... .......... .......... .......... .......... 54% 93.3M 1s
[2024-12-06T20:30:26.847+0000] {subprocess.py:106} INFO -  16000K .......... .......... .......... .......... .......... 54% 51.9M 1s
[2024-12-06T20:30:26.848+0000] {subprocess.py:106} INFO -  16050K .......... .......... .......... .......... .......... 54% 69.3M 1s
[2024-12-06T20:30:26.849+0000] {subprocess.py:106} INFO -  16100K .......... .......... .......... .......... .......... 55%  189M 1s
[2024-12-06T20:30:26.850+0000] {subprocess.py:106} INFO -  16150K .......... .......... .......... .......... .......... 55%  137M 1s
[2024-12-06T20:30:26.850+0000] {subprocess.py:106} INFO -  16200K .......... .......... .......... .......... .......... 55%  224M 1s
[2024-12-06T20:30:26.851+0000] {subprocess.py:106} INFO -  16250K .......... .......... .......... .......... .......... 55%  106M 1s
[2024-12-06T20:30:26.852+0000] {subprocess.py:106} INFO -  16300K .......... .......... .......... .......... .......... 55% 35.9M 1s
[2024-12-06T20:30:26.853+0000] {subprocess.py:106} INFO -  16350K .......... .......... .......... .......... .......... 55% 53.0M 1s
[2024-12-06T20:30:26.854+0000] {subprocess.py:106} INFO -  16400K .......... .......... .......... .......... .......... 56% 43.2M 1s
[2024-12-06T20:30:26.854+0000] {subprocess.py:106} INFO -  16450K .......... .......... .......... .......... .......... 56%  198M 1s
[2024-12-06T20:30:26.855+0000] {subprocess.py:106} INFO -  16500K .......... .......... .......... .......... .......... 56% 79.0M 1s
[2024-12-06T20:30:26.856+0000] {subprocess.py:106} INFO -  16550K .......... .......... .......... .......... .......... 56% 23.0M 1s
[2024-12-06T20:30:26.856+0000] {subprocess.py:106} INFO -  16600K .......... .......... .......... .......... .......... 56%  157M 1s
[2024-12-06T20:30:26.859+0000] {subprocess.py:106} INFO -  16650K .......... .......... .......... .......... .......... 56% 13.0M 1s
[2024-12-06T20:30:26.860+0000] {subprocess.py:106} INFO -  16700K .......... .......... .......... .......... .......... 57% 41.4M 1s
[2024-12-06T20:30:26.861+0000] {subprocess.py:106} INFO -  16750K .......... .......... .......... .......... .......... 57%  119M 1s
[2024-12-06T20:30:26.862+0000] {subprocess.py:106} INFO -  16800K .......... .......... .......... .......... .......... 57%  200M 1s
[2024-12-06T20:30:26.864+0000] {subprocess.py:106} INFO -  16850K .......... .......... .......... .......... .......... 57% 13.4M 1s
[2024-12-06T20:30:26.865+0000] {subprocess.py:106} INFO -  16900K .......... .......... .......... .......... .......... 57% 7.96M 1s
[2024-12-06T20:30:26.866+0000] {subprocess.py:106} INFO -  16950K .......... .......... .......... .......... .......... 58% 39.0M 1s
[2024-12-06T20:30:26.867+0000] {subprocess.py:106} INFO -  17000K .......... .......... .......... .......... .......... 58% 5.44M 1s
[2024-12-06T20:30:26.869+0000] {subprocess.py:106} INFO -  17050K .......... .......... .......... .......... .......... 58%  106M 1s
[2024-12-06T20:30:26.870+0000] {subprocess.py:106} INFO -  17100K .......... .......... .......... .......... .......... 58%  240M 1s
[2024-12-06T20:30:26.871+0000] {subprocess.py:106} INFO -  17150K .......... .......... .......... .......... .......... 58%  253M 1s
[2024-12-06T20:30:26.872+0000] {subprocess.py:106} INFO -  17200K .......... .......... .......... .......... .......... 58%  282M 1s
[2024-12-06T20:30:26.872+0000] {subprocess.py:106} INFO -  17250K .......... .......... .......... .......... .......... 59%  137M 1s
[2024-12-06T20:30:26.873+0000] {subprocess.py:106} INFO -  17300K .......... .......... .......... .......... .......... 59%  194M 1s
[2024-12-06T20:30:26.873+0000] {subprocess.py:106} INFO -  17350K .......... .......... .......... .......... .......... 59% 64.1M 1s
[2024-12-06T20:30:26.874+0000] {subprocess.py:106} INFO -  17400K .......... .......... .......... .......... .......... 59%  158M 1s
[2024-12-06T20:30:26.874+0000] {subprocess.py:106} INFO -  17450K .......... .......... .......... .......... .......... 59%  194M 1s
[2024-12-06T20:30:26.874+0000] {subprocess.py:106} INFO -  17500K .......... .......... .......... .......... .......... 59%  110M 1s
[2024-12-06T20:30:26.874+0000] {subprocess.py:106} INFO -  17550K .......... .......... .......... .......... .......... 60%  100M 1s
[2024-12-06T20:30:26.875+0000] {subprocess.py:106} INFO -  17600K .......... .......... .......... .......... .......... 60%  198M 1s
[2024-12-06T20:30:26.875+0000] {subprocess.py:106} INFO -  17650K .......... .......... .......... .......... .......... 60%  253M 1s
[2024-12-06T20:30:26.875+0000] {subprocess.py:106} INFO -  17700K .......... .......... .......... .......... .......... 60%  263M 1s
[2024-12-06T20:30:26.875+0000] {subprocess.py:106} INFO -  17750K .......... .......... .......... .......... .......... 60%  168M 1s
[2024-12-06T20:30:26.876+0000] {subprocess.py:106} INFO -  17800K .......... .......... .......... .......... .......... 60%  115M 1s
[2024-12-06T20:30:26.876+0000] {subprocess.py:106} INFO -  17850K .......... .......... .......... .......... .......... 61% 92.0M 1s
[2024-12-06T20:30:26.877+0000] {subprocess.py:106} INFO -  17900K .......... .......... .......... .......... .......... 61%  270M 1s
[2024-12-06T20:30:26.877+0000] {subprocess.py:106} INFO -  17950K .......... .......... .......... .......... .......... 61%  204M 1s
[2024-12-06T20:30:26.877+0000] {subprocess.py:106} INFO -  18000K .......... .......... .......... .......... .......... 61%  253M 1s
[2024-12-06T20:30:26.878+0000] {subprocess.py:106} INFO -  18050K .......... .......... .......... .......... .......... 61%  237M 1s
[2024-12-06T20:30:26.878+0000] {subprocess.py:106} INFO -  18100K .......... .......... .......... .......... .......... 61% 25.0M 1s
[2024-12-06T20:30:26.879+0000] {subprocess.py:106} INFO -  18150K .......... .......... .......... .......... .......... 62% 72.4M 1s
[2024-12-06T20:30:26.879+0000] {subprocess.py:106} INFO -  18200K .......... .......... .......... .......... .......... 62%  174M 1s
[2024-12-06T20:30:26.880+0000] {subprocess.py:106} INFO -  18250K .......... .......... .......... .......... .......... 62%  161M 1s
[2024-12-06T20:30:26.880+0000] {subprocess.py:106} INFO -  18300K .......... .......... .......... .......... .......... 62%  101M 1s
[2024-12-06T20:30:26.880+0000] {subprocess.py:106} INFO -  18350K .......... .......... .......... .......... .......... 62% 96.4M 1s
[2024-12-06T20:30:26.881+0000] {subprocess.py:106} INFO -  18400K .......... .......... .......... .......... .......... 62%  272M 1s
[2024-12-06T20:30:26.881+0000] {subprocess.py:106} INFO -  18450K .......... .......... .......... .......... .......... 63%  282M 1s
[2024-12-06T20:30:26.882+0000] {subprocess.py:106} INFO -  18500K .......... .......... .......... .......... .......... 63%  274M 1s
[2024-12-06T20:30:26.882+0000] {subprocess.py:106} INFO -  18550K .......... .......... .......... .......... .......... 63% 3.32M 1s
[2024-12-06T20:30:26.883+0000] {subprocess.py:106} INFO -  18600K .......... .......... .......... .......... .......... 63% 79.5M 1s
[2024-12-06T20:30:26.883+0000] {subprocess.py:106} INFO -  18650K .......... .......... .......... .......... .......... 63% 64.7M 1s
[2024-12-06T20:30:26.884+0000] {subprocess.py:106} INFO -  18700K .......... .......... .......... .......... .......... 63% 94.7M 1s
[2024-12-06T20:30:26.884+0000] {subprocess.py:106} INFO -  18750K .......... .......... .......... .......... .......... 64%  187M 1s
[2024-12-06T20:30:26.885+0000] {subprocess.py:106} INFO -  18800K .......... .......... .......... .......... .......... 64%  207M 1s
[2024-12-06T20:30:26.887+0000] {subprocess.py:106} INFO -  18850K .......... .......... .......... .......... .......... 64% 13.6M 1s
[2024-12-06T20:30:26.888+0000] {subprocess.py:106} INFO -  18900K .......... .......... .......... .......... .......... 64% 43.6M 1s
[2024-12-06T20:30:26.888+0000] {subprocess.py:106} INFO -  18950K .......... .......... .......... .......... .......... 64% 2.14M 1s
[2024-12-06T20:30:26.889+0000] {subprocess.py:106} INFO -  19000K .......... .......... .......... .......... .......... 65%  114M 1s
[2024-12-06T20:30:26.889+0000] {subprocess.py:106} INFO -  19050K .......... .......... .......... .......... .......... 65% 3.42M 1s
[2024-12-06T20:30:26.890+0000] {subprocess.py:106} INFO -  19100K .......... .......... .......... .......... .......... 65% 66.1M 1s
[2024-12-06T20:30:26.890+0000] {subprocess.py:106} INFO -  19150K .......... .......... .......... .......... .......... 65% 21.1M 1s
[2024-12-06T20:30:26.891+0000] {subprocess.py:106} INFO -  19200K .......... .......... .......... .......... .......... 65% 45.8M 1s
[2024-12-06T20:30:26.892+0000] {subprocess.py:106} INFO -  19250K .......... .......... .......... .......... .......... 65% 51.6M 1s
[2024-12-06T20:30:26.892+0000] {subprocess.py:106} INFO -  19300K .......... .......... .......... .......... .......... 66%  181M 1s
[2024-12-06T20:30:26.892+0000] {subprocess.py:106} INFO -  19350K .......... .......... .......... .......... .......... 66% 55.1M 1s
[2024-12-06T20:30:26.893+0000] {subprocess.py:106} INFO -  19400K .......... .......... .......... .......... .......... 66%  115M 1s
[2024-12-06T20:30:26.893+0000] {subprocess.py:106} INFO -  19450K .......... .......... .......... .......... .......... 66% 87.5M 1s
[2024-12-06T20:30:26.893+0000] {subprocess.py:106} INFO -  19500K .......... .......... .......... .......... .......... 66%  175M 1s
[2024-12-06T20:30:26.894+0000] {subprocess.py:106} INFO -  19550K .......... .......... .......... .......... .......... 66%  185M 1s
[2024-12-06T20:30:26.894+0000] {subprocess.py:106} INFO -  19600K .......... .......... .......... .......... .......... 67%  148M 1s
[2024-12-06T20:30:26.894+0000] {subprocess.py:106} INFO -  19650K .......... .......... .......... .......... .......... 67% 11.8M 1s
[2024-12-06T20:30:26.894+0000] {subprocess.py:106} INFO -  19700K .......... .......... .......... .......... .......... 67% 13.0M 1s
[2024-12-06T20:30:26.895+0000] {subprocess.py:106} INFO -  19750K .......... .......... .......... .......... .......... 67%  211M 1s
[2024-12-06T20:30:26.895+0000] {subprocess.py:106} INFO -  19800K .......... .......... .......... .......... .......... 67% 13.6M 1s
[2024-12-06T20:30:26.895+0000] {subprocess.py:106} INFO -  19850K .......... .......... .......... .......... .......... 67%  106M 1s
[2024-12-06T20:30:26.895+0000] {subprocess.py:106} INFO -  19900K .......... .......... .......... .......... .......... 68%  193M 1s
[2024-12-06T20:30:26.896+0000] {subprocess.py:106} INFO -  19950K .......... .......... .......... .......... .......... 68% 40.6M 1s
[2024-12-06T20:30:26.897+0000] {subprocess.py:106} INFO -  20000K .......... .......... .......... .......... .......... 68%  205M 1s
[2024-12-06T20:30:26.897+0000] {subprocess.py:106} INFO -  20050K .......... .......... .......... .......... .......... 68%  242M 1s
[2024-12-06T20:30:26.897+0000] {subprocess.py:106} INFO -  20100K .......... .......... .......... .......... .......... 68%  286M 1s
[2024-12-06T20:30:26.898+0000] {subprocess.py:106} INFO -  20150K .......... .......... .......... .......... .......... 68% 38.2M 1s
[2024-12-06T20:30:26.898+0000] {subprocess.py:106} INFO -  20200K .......... .......... .......... .......... .......... 69% 6.49M 1s
[2024-12-06T20:30:26.899+0000] {subprocess.py:106} INFO -  20250K .......... .......... .......... .......... .......... 69% 89.2M 1s
[2024-12-06T20:30:26.899+0000] {subprocess.py:106} INFO -  20300K .......... .......... .......... .......... .......... 69%  115M 1s
[2024-12-06T20:30:26.899+0000] {subprocess.py:106} INFO -  20350K .......... .......... .......... .......... .......... 69%  109M 1s
[2024-12-06T20:30:26.900+0000] {subprocess.py:106} INFO -  20400K .......... .......... .......... .......... .......... 69% 76.6M 1s
[2024-12-06T20:30:26.900+0000] {subprocess.py:106} INFO -  20450K .......... .......... .......... .......... .......... 69% 81.3M 1s
[2024-12-06T20:30:26.900+0000] {subprocess.py:106} INFO -  20500K .......... .......... .......... .......... .......... 70% 72.5M 1s
[2024-12-06T20:30:26.901+0000] {subprocess.py:106} INFO -  20550K .......... .......... .......... .......... .......... 70% 89.0M 1s
[2024-12-06T20:30:26.901+0000] {subprocess.py:106} INFO -  20600K .......... .......... .......... .......... .......... 70%  131M 1s
[2024-12-06T20:30:26.901+0000] {subprocess.py:106} INFO -  20650K .......... .......... .......... .......... .......... 70%  167M 1s
[2024-12-06T20:30:26.901+0000] {subprocess.py:106} INFO -  20700K .......... .......... .......... .......... .......... 70% 51.9M 1s
[2024-12-06T20:30:26.901+0000] {subprocess.py:106} INFO -  20750K .......... .......... .......... .......... .......... 70%  154M 1s
[2024-12-06T20:30:26.902+0000] {subprocess.py:106} INFO -  20800K .......... .......... .......... .......... .......... 71%  139M 1s
[2024-12-06T20:30:26.902+0000] {subprocess.py:106} INFO -  20850K .......... .......... .......... .......... .......... 71% 25.9M 1s
[2024-12-06T20:30:26.902+0000] {subprocess.py:106} INFO -  20900K .......... .......... .......... .......... .......... 71% 20.8M 1s
[2024-12-06T20:30:26.902+0000] {subprocess.py:106} INFO -  20950K .......... .......... .......... .......... .......... 71% 31.0M 1s
[2024-12-06T20:30:26.903+0000] {subprocess.py:106} INFO -  21000K .......... .......... .......... .......... .......... 71%  155M 1s
[2024-12-06T20:30:26.903+0000] {subprocess.py:106} INFO -  21050K .......... .......... .......... .......... .......... 72%  106M 1s
[2024-12-06T20:30:26.903+0000] {subprocess.py:106} INFO -  21100K .......... .......... .......... .......... .......... 72% 4.07M 1s
[2024-12-06T20:30:26.903+0000] {subprocess.py:106} INFO -  21150K .......... .......... .......... .......... .......... 72%  172M 1s
[2024-12-06T20:30:26.903+0000] {subprocess.py:106} INFO -  21200K .......... .......... .......... .......... .......... 72%  225M 1s
[2024-12-06T20:30:26.904+0000] {subprocess.py:106} INFO -  21250K .......... .......... .......... .......... .......... 72%  134M 1s
[2024-12-06T20:30:26.904+0000] {subprocess.py:106} INFO -  21300K .......... .......... .......... .......... .......... 72%  131M 1s
[2024-12-06T20:30:26.904+0000] {subprocess.py:106} INFO -  21350K .......... .......... .......... .......... .......... 73% 13.6M 1s
[2024-12-06T20:30:26.904+0000] {subprocess.py:106} INFO -  21400K .......... .......... .......... .......... .......... 73% 97.3M 1s
[2024-12-06T20:30:26.904+0000] {subprocess.py:106} INFO -  21450K .......... .......... .......... .......... .......... 73% 73.0M 1s
[2024-12-06T20:30:26.905+0000] {subprocess.py:106} INFO -  21500K .......... .......... .......... .......... .......... 73% 53.2M 1s
[2024-12-06T20:30:26.905+0000] {subprocess.py:106} INFO -  21550K .......... .......... .......... .......... .......... 73%  224M 1s
[2024-12-06T20:30:26.905+0000] {subprocess.py:106} INFO -  21600K .......... .......... .......... .......... .......... 73%  240M 1s
[2024-12-06T20:30:26.905+0000] {subprocess.py:106} INFO -  21650K .......... .......... .......... .......... .......... 74% 3.73M 1s
[2024-12-06T20:30:26.905+0000] {subprocess.py:106} INFO -  21700K .......... .......... .......... .......... .......... 74%  252M 1s
[2024-12-06T20:30:26.906+0000] {subprocess.py:106} INFO -  21750K .......... .......... .......... .......... .......... 74% 11.9M 1s
[2024-12-06T20:30:26.906+0000] {subprocess.py:106} INFO -  21800K .......... .......... .......... .......... .......... 74%  283M 1s
[2024-12-06T20:30:26.906+0000] {subprocess.py:106} INFO -  21850K .......... .......... .......... .......... .......... 74%  103M 1s
[2024-12-06T20:30:26.906+0000] {subprocess.py:106} INFO -  21900K .......... .......... .......... .......... .......... 74%  119M 1s
[2024-12-06T20:30:26.907+0000] {subprocess.py:106} INFO -  21950K .......... .......... .......... .......... .......... 75%  264M 1s
[2024-12-06T20:30:26.907+0000] {subprocess.py:106} INFO -  22000K .......... .......... .......... .......... .......... 75%  150M 1s
[2024-12-06T20:30:26.907+0000] {subprocess.py:106} INFO -  22050K .......... .......... .......... .......... .......... 75%  232M 1s
[2024-12-06T20:30:26.907+0000] {subprocess.py:106} INFO -  22100K .......... .......... .......... .......... .......... 75%  200M 1s
[2024-12-06T20:30:26.907+0000] {subprocess.py:106} INFO -  22150K .......... .......... .......... .......... .......... 75% 92.0M 1s
[2024-12-06T20:30:26.908+0000] {subprocess.py:106} INFO -  22200K .......... .......... .......... .......... .......... 75%  265M 1s
[2024-12-06T20:30:26.908+0000] {subprocess.py:106} INFO -  22250K .......... .......... .......... .......... .......... 76%  234M 1s
[2024-12-06T20:30:26.908+0000] {subprocess.py:106} INFO -  22300K .......... .......... .......... .......... .......... 76%  283M 1s
[2024-12-06T20:30:26.908+0000] {subprocess.py:106} INFO -  22350K .......... .......... .......... .......... .......... 76%  296M 1s
[2024-12-06T20:30:26.908+0000] {subprocess.py:106} INFO -  22400K .......... .......... .......... .......... .......... 76%  300M 1s
[2024-12-06T20:30:26.909+0000] {subprocess.py:106} INFO -  22450K .......... .......... .......... .......... .......... 76%  323M 1s
[2024-12-06T20:30:26.909+0000] {subprocess.py:106} INFO -  22500K .......... .......... .......... .......... .......... 76%  220M 1s
[2024-12-06T20:30:26.909+0000] {subprocess.py:106} INFO -  22550K .......... .......... .......... .......... .......... 77% 44.7M 1s
[2024-12-06T20:30:26.909+0000] {subprocess.py:106} INFO -  22600K .......... .......... .......... .......... .......... 77% 49.4M 1s
[2024-12-06T20:30:26.909+0000] {subprocess.py:106} INFO -  22650K .......... .......... .......... .......... .......... 77%  113M 1s
[2024-12-06T20:30:26.910+0000] {subprocess.py:106} INFO -  22700K .......... .......... .......... .......... .......... 77% 68.3M 1s
[2024-12-06T20:30:26.910+0000] {subprocess.py:106} INFO -  22750K .......... .......... .......... .......... .......... 77% 30.8M 1s
[2024-12-06T20:30:26.910+0000] {subprocess.py:106} INFO -  22800K .......... .......... .......... .......... .......... 77%  281M 1s
[2024-12-06T20:30:26.910+0000] {subprocess.py:106} INFO -  22850K .......... .......... .......... .......... .......... 78%  270M 1s
[2024-12-06T20:30:26.911+0000] {subprocess.py:106} INFO -  22900K .......... .......... .......... .......... .......... 78%  230M 0s
[2024-12-06T20:30:26.911+0000] {subprocess.py:106} INFO -  22950K .......... .......... .......... .......... .......... 78% 26.9M 0s
[2024-12-06T20:30:26.911+0000] {subprocess.py:106} INFO -  23000K .......... .......... .......... .......... .......... 78%  218M 0s
[2024-12-06T20:30:26.911+0000] {subprocess.py:106} INFO -  23050K .......... .......... .......... .......... .......... 78%  227M 0s
[2024-12-06T20:30:26.911+0000] {subprocess.py:106} INFO -  23100K .......... .......... .......... .......... .......... 78%  291M 0s
[2024-12-06T20:30:26.912+0000] {subprocess.py:106} INFO -  23150K .......... .......... .......... .......... .......... 79%  240M 0s
[2024-12-06T20:30:26.912+0000] {subprocess.py:106} INFO -  23200K .......... .......... .......... .......... .......... 79%  108M 0s
[2024-12-06T20:30:26.912+0000] {subprocess.py:106} INFO -  23250K .......... .......... .......... .......... .......... 79% 13.9M 0s
[2024-12-06T20:30:26.913+0000] {subprocess.py:106} INFO -  23300K .......... .......... .......... .......... .......... 79%  132M 0s
[2024-12-06T20:30:26.913+0000] {subprocess.py:106} INFO -  23350K .......... .......... .......... .......... .......... 79%  166M 0s
[2024-12-06T20:30:26.913+0000] {subprocess.py:106} INFO -  23400K .......... .......... .......... .......... .......... 80%  206M 0s
[2024-12-06T20:30:26.913+0000] {subprocess.py:106} INFO -  23450K .......... .......... .......... .......... .......... 80% 19.2M 0s
[2024-12-06T20:30:26.913+0000] {subprocess.py:106} INFO -  23500K .......... .......... .......... .......... .......... 80% 23.2M 0s
[2024-12-06T20:30:26.913+0000] {subprocess.py:106} INFO -  23550K .......... .......... .......... .......... .......... 80%  142M 0s
[2024-12-06T20:30:26.914+0000] {subprocess.py:106} INFO -  23600K .......... .......... .......... .......... .......... 80%  274M 0s
[2024-12-06T20:30:26.914+0000] {subprocess.py:106} INFO -  23650K .......... .......... .......... .......... .......... 80% 19.4M 0s
[2024-12-06T20:30:26.914+0000] {subprocess.py:106} INFO -  23700K .......... .......... .......... .......... .......... 81%  244M 0s
[2024-12-06T20:30:26.914+0000] {subprocess.py:106} INFO -  23750K .......... .......... .......... .......... .......... 81%  201M 0s
[2024-12-06T20:30:26.914+0000] {subprocess.py:106} INFO -  23800K .......... .......... .......... .......... .......... 81% 52.8M 0s
[2024-12-06T20:30:26.915+0000] {subprocess.py:106} INFO -  23850K .......... .......... .......... .......... .......... 81% 21.6M 0s
[2024-12-06T20:30:26.915+0000] {subprocess.py:106} INFO -  23900K .......... .......... .......... .......... .......... 81%  207M 0s
[2024-12-06T20:30:26.915+0000] {subprocess.py:106} INFO -  23950K .......... .......... .......... .......... .......... 81%  240M 0s
[2024-12-06T20:30:26.915+0000] {subprocess.py:106} INFO -  24000K .......... .......... .......... .......... .......... 82%  273M 0s
[2024-12-06T20:30:26.916+0000] {subprocess.py:106} INFO -  24050K .......... .......... .......... .......... .......... 82%  249M 0s
[2024-12-06T20:30:26.916+0000] {subprocess.py:106} INFO -  24100K .......... .......... .......... .......... .......... 82%  232M 0s
[2024-12-06T20:30:26.916+0000] {subprocess.py:106} INFO -  24150K .......... .......... .......... .......... .......... 82%  180M 0s
[2024-12-06T20:30:26.917+0000] {subprocess.py:106} INFO -  24200K .......... .......... .......... .......... .......... 82%  230M 0s
[2024-12-06T20:30:26.917+0000] {subprocess.py:106} INFO -  24250K .......... .......... .......... .......... .......... 82%  288M 0s
[2024-12-06T20:30:26.917+0000] {subprocess.py:106} INFO -  24300K .......... .......... .......... .......... .......... 83%  216M 0s
[2024-12-06T20:30:26.918+0000] {subprocess.py:106} INFO -  24350K .......... .......... .......... .......... .......... 83% 43.2M 0s
[2024-12-06T20:30:26.918+0000] {subprocess.py:106} INFO -  24400K .......... .......... .......... .......... .......... 83%  173M 0s
[2024-12-06T20:30:26.918+0000] {subprocess.py:106} INFO -  24450K .......... .......... .......... .......... .......... 83% 32.7M 0s
[2024-12-06T20:30:26.918+0000] {subprocess.py:106} INFO -  24500K .......... .......... .......... .......... .......... 83% 68.7M 0s
[2024-12-06T20:30:26.919+0000] {subprocess.py:106} INFO -  24550K .......... .......... .......... .......... .......... 83%  201M 0s
[2024-12-06T20:30:26.919+0000] {subprocess.py:106} INFO -  24600K .......... .......... .......... .......... .......... 84% 10.3M 0s
[2024-12-06T20:30:26.919+0000] {subprocess.py:106} INFO -  24650K .......... .......... .......... .......... .......... 84% 6.62M 0s
[2024-12-06T20:30:26.919+0000] {subprocess.py:106} INFO -  24700K .......... .......... .......... .......... .......... 84% 45.5M 0s
[2024-12-06T20:30:26.920+0000] {subprocess.py:106} INFO -  24750K .......... .......... .......... .......... .......... 84%  140M 0s
[2024-12-06T20:30:26.920+0000] {subprocess.py:106} INFO -  24800K .......... .......... .......... .......... .......... 84%  204M 0s
[2024-12-06T20:30:26.921+0000] {subprocess.py:106} INFO -  24850K .......... .......... .......... .......... .......... 84% 16.2M 0s
[2024-12-06T20:30:26.921+0000] {subprocess.py:106} INFO -  24900K .......... .......... .......... .......... .......... 85% 35.4M 0s
[2024-12-06T20:30:26.921+0000] {subprocess.py:106} INFO -  24950K .......... .......... .......... .......... .......... 85%  103M 0s
[2024-12-06T20:30:26.922+0000] {subprocess.py:106} INFO -  25000K .......... .......... .......... .......... .......... 85% 77.1M 0s
[2024-12-06T20:30:26.922+0000] {subprocess.py:106} INFO -  25050K .......... .......... .......... .......... .......... 85%  267M 0s
[2024-12-06T20:30:26.922+0000] {subprocess.py:106} INFO -  25100K .......... .......... .......... .......... .......... 85% 17.0M 0s
[2024-12-06T20:30:26.922+0000] {subprocess.py:106} INFO -  25150K .......... .......... .......... .......... .......... 85% 23.4M 0s
[2024-12-06T20:30:26.923+0000] {subprocess.py:106} INFO -  25200K .......... .......... .......... .......... .......... 86%  122M 0s
[2024-12-06T20:30:26.923+0000] {subprocess.py:106} INFO -  25250K .......... .......... .......... .......... .......... 86%  292M 0s
[2024-12-06T20:30:26.923+0000] {subprocess.py:106} INFO -  25300K .......... .......... .......... .......... .......... 86% 4.11M 0s
[2024-12-06T20:30:26.923+0000] {subprocess.py:106} INFO -  25350K .......... .......... .......... .......... .......... 86% 2.72M 0s
[2024-12-06T20:30:26.924+0000] {subprocess.py:106} INFO -  25400K .......... .......... .......... .......... .......... 86%  233K 0s
[2024-12-06T20:30:26.924+0000] {subprocess.py:106} INFO -  25450K .......... .......... .......... .......... .......... 87% 2.42M 0s
[2024-12-06T20:30:26.924+0000] {subprocess.py:106} INFO -  25500K .......... .......... .......... .......... .......... 87%  903K 0s
[2024-12-06T20:30:26.925+0000] {subprocess.py:106} INFO -  25550K .......... .......... .......... .......... .......... 87%  269K 0s
[2024-12-06T20:30:26.925+0000] {subprocess.py:106} INFO -  25600K .......... .......... .......... .......... .......... 87% 3.16M 0s
[2024-12-06T20:30:26.925+0000] {subprocess.py:106} INFO -  25650K .......... .......... .......... .......... .......... 87%  157M 0s
[2024-12-06T20:30:26.925+0000] {subprocess.py:106} INFO -  25700K .......... .......... .......... .......... .......... 87%  129M 0s
[2024-12-06T20:30:26.926+0000] {subprocess.py:106} INFO -  25750K .......... .......... .......... .......... .......... 88%  189M 0s
[2024-12-06T20:30:26.926+0000] {subprocess.py:106} INFO -  25800K .......... .......... .......... .......... .......... 88%  215M 0s
[2024-12-06T20:30:26.926+0000] {subprocess.py:106} INFO -  25850K .......... .......... .......... .......... .......... 88%  225M 0s
[2024-12-06T20:30:26.926+0000] {subprocess.py:106} INFO -  25900K .......... .......... .......... .......... .......... 88%  211M 0s
[2024-12-06T20:30:26.926+0000] {subprocess.py:106} INFO -  25950K .......... .......... .......... .......... .......... 88% 88.9M 0s
[2024-12-06T20:30:26.927+0000] {subprocess.py:106} INFO -  26000K .......... .......... .......... .......... .......... 88%  141M 0s
[2024-12-06T20:30:26.927+0000] {subprocess.py:106} INFO -  26050K .......... .......... .......... .......... .......... 89%  188M 0s
[2024-12-06T20:30:26.927+0000] {subprocess.py:106} INFO -  26100K .......... .......... .......... .......... .......... 89%  211M 0s
[2024-12-06T20:30:26.928+0000] {subprocess.py:106} INFO -  26150K .......... .......... .......... .......... .......... 89%  162M 0s
[2024-12-06T20:30:26.928+0000] {subprocess.py:106} INFO -  26200K .......... .......... .......... .......... .......... 89%  225M 0s
[2024-12-06T20:30:26.929+0000] {subprocess.py:106} INFO -  26250K .......... .......... .......... .......... .......... 89% 92.5M 0s
[2024-12-06T20:30:26.929+0000] {subprocess.py:106} INFO -  26300K .......... .......... .......... .......... .......... 89%  191M 0s
[2024-12-06T20:30:26.930+0000] {subprocess.py:106} INFO -  26350K .......... .......... .......... .......... .......... 90% 94.5M 0s
[2024-12-06T20:30:26.930+0000] {subprocess.py:106} INFO -  26400K .......... .......... .......... .......... .......... 90% 7.54M 0s
[2024-12-06T20:30:26.930+0000] {subprocess.py:106} INFO -  26450K .......... .......... .......... .......... .......... 90% 48.9M 0s
[2024-12-06T20:30:26.931+0000] {subprocess.py:106} INFO -  26500K .......... .......... .......... .......... .......... 90% 25.6M 0s
[2024-12-06T20:30:26.931+0000] {subprocess.py:106} INFO -  26550K .......... .......... .......... .......... .......... 90% 8.69M 0s
[2024-12-06T20:30:26.931+0000] {subprocess.py:106} INFO -  26600K .......... .......... .......... .......... .......... 90% 72.8M 0s
[2024-12-06T20:30:26.931+0000] {subprocess.py:106} INFO -  26650K .......... .......... .......... .......... .......... 91% 68.0M 0s
[2024-12-06T20:30:26.932+0000] {subprocess.py:106} INFO -  26700K .......... .......... .......... .......... .......... 91%  305M 0s
[2024-12-06T20:30:26.932+0000] {subprocess.py:106} INFO -  26750K .......... .......... .......... .......... .......... 91%  290M 0s
[2024-12-06T20:30:26.932+0000] {subprocess.py:106} INFO -  26800K .......... .......... .......... .......... .......... 91% 12.0M 0s
[2024-12-06T20:30:26.933+0000] {subprocess.py:106} INFO -  26850K .......... .......... .......... .......... .......... 91% 13.1M 0s
[2024-12-06T20:30:26.933+0000] {subprocess.py:106} INFO -  26900K .......... .......... .......... .......... .......... 91% 16.9M 0s
[2024-12-06T20:30:26.933+0000] {subprocess.py:106} INFO -  26950K .......... .......... .......... .......... .......... 92% 42.8M 0s
[2024-12-06T20:30:26.934+0000] {subprocess.py:106} INFO -  27000K .......... .......... .......... .......... .......... 92% 93.4M 0s
[2024-12-06T20:30:26.934+0000] {subprocess.py:106} INFO -  27050K .......... .......... .......... .......... .......... 92% 47.4M 0s
[2024-12-06T20:30:26.934+0000] {subprocess.py:106} INFO -  27100K .......... .......... .......... .......... .......... 92% 12.6M 0s
[2024-12-06T20:30:26.935+0000] {subprocess.py:106} INFO -  27150K .......... .......... .......... .......... .......... 92% 5.62M 0s
[2024-12-06T20:30:26.935+0000] {subprocess.py:106} INFO -  27200K .......... .......... .......... .......... .......... 92% 20.4M 0s
[2024-12-06T20:30:26.935+0000] {subprocess.py:106} INFO -  27250K .......... .......... .......... .......... .......... 93% 95.2M 0s
[2024-12-06T20:30:26.935+0000] {subprocess.py:106} INFO -  27300K .......... .......... .......... .......... .......... 93% 68.8M 0s
[2024-12-06T20:30:26.936+0000] {subprocess.py:106} INFO -  27350K .......... .......... .......... .......... .......... 93%  114M 0s
[2024-12-06T20:30:26.937+0000] {subprocess.py:106} INFO -  27400K .......... .......... .......... .......... .......... 93% 40.3M 0s
[2024-12-06T20:30:26.937+0000] {subprocess.py:106} INFO -  27450K .......... .......... .......... .......... .......... 93%  128M 0s
[2024-12-06T20:30:26.938+0000] {subprocess.py:106} INFO -  27500K .......... .......... .......... .......... .......... 94%  164M 0s
[2024-12-06T20:30:26.938+0000] {subprocess.py:106} INFO -  27550K .......... .......... .......... .......... .......... 94% 44.5M 0s
[2024-12-06T20:30:26.938+0000] {subprocess.py:106} INFO -  27600K .......... .......... .......... .......... .......... 94% 53.4M 0s
[2024-12-06T20:30:26.939+0000] {subprocess.py:106} INFO -  27650K .......... .......... .......... .......... .......... 94% 54.2M 0s
[2024-12-06T20:30:26.939+0000] {subprocess.py:106} INFO -  27700K .......... .......... .......... .......... .......... 94% 45.1M 0s
[2024-12-06T20:30:26.940+0000] {subprocess.py:106} INFO -  27750K .......... .......... .......... .......... .......... 94% 54.1M 0s
[2024-12-06T20:30:26.940+0000] {subprocess.py:106} INFO -  27800K .......... .......... .......... .......... .......... 95% 54.5M 0s
[2024-12-06T20:30:26.940+0000] {subprocess.py:106} INFO -  27850K .......... .......... .......... .......... .......... 95% 30.9M 0s
[2024-12-06T20:30:26.940+0000] {subprocess.py:106} INFO -  27900K .......... .......... .......... .......... .......... 95% 16.3M 0s
[2024-12-06T20:30:26.941+0000] {subprocess.py:106} INFO -  27950K .......... .......... .......... .......... .......... 95% 17.8M 0s
[2024-12-06T20:30:26.941+0000] {subprocess.py:106} INFO -  28000K .......... .......... .......... .......... .......... 95% 61.1M 0s
[2024-12-06T20:30:26.941+0000] {subprocess.py:106} INFO -  28050K .......... .......... .......... .......... .......... 95% 54.8M 0s
[2024-12-06T20:30:26.941+0000] {subprocess.py:106} INFO -  28100K .......... .......... .......... .......... .......... 96% 20.8M 0s
[2024-12-06T20:30:26.942+0000] {subprocess.py:106} INFO -  28150K .......... .......... .......... .......... .......... 96% 31.8M 0s
[2024-12-06T20:30:26.942+0000] {subprocess.py:106} INFO -  28200K .......... .......... .......... .......... .......... 96%  220M 0s
[2024-12-06T20:30:26.942+0000] {subprocess.py:106} INFO -  28250K .......... .......... .......... .......... .......... 96% 53.6M 0s
[2024-12-06T20:30:26.942+0000] {subprocess.py:106} INFO -  28300K .......... .......... .......... .......... .......... 96% 10.4M 0s
[2024-12-06T20:30:26.942+0000] {subprocess.py:106} INFO -  28350K .......... .......... .......... .......... .......... 96% 50.4M 0s
[2024-12-06T20:30:26.943+0000] {subprocess.py:106} INFO -  28400K .......... .......... .......... .......... .......... 97%  255M 0s
[2024-12-06T20:30:26.943+0000] {subprocess.py:106} INFO -  28450K .......... .......... .......... .......... .......... 97%  142M 0s
[2024-12-06T20:30:26.943+0000] {subprocess.py:106} INFO -  28500K .......... .......... .......... .......... .......... 97%  257M 0s
[2024-12-06T20:30:26.943+0000] {subprocess.py:106} INFO -  28550K .......... .......... .......... .......... .......... 97% 89.0M 0s
[2024-12-06T20:30:26.944+0000] {subprocess.py:106} INFO -  28600K .......... .......... .......... .......... .......... 97%  310M 0s
[2024-12-06T20:30:26.944+0000] {subprocess.py:106} INFO -  28650K .......... .......... .......... .......... .......... 97%  213M 0s
[2024-12-06T20:30:26.944+0000] {subprocess.py:106} INFO -  28700K .......... .......... .......... .......... .......... 98% 79.1M 0s
[2024-12-06T20:30:26.944+0000] {subprocess.py:106} INFO -  28750K .......... .......... .......... .......... .......... 98%  101M 0s
[2024-12-06T20:30:26.945+0000] {subprocess.py:106} INFO -  28800K .......... .......... .......... .......... .......... 98% 38.4M 0s
[2024-12-06T20:30:26.945+0000] {subprocess.py:106} INFO -  28850K .......... .......... .......... .......... .......... 98%  155M 0s
[2024-12-06T20:30:26.945+0000] {subprocess.py:106} INFO -  28900K .......... .......... .......... .......... .......... 98%  236M 0s
[2024-12-06T20:30:26.946+0000] {subprocess.py:106} INFO -  28950K .......... .......... .......... .......... .......... 98%  142M 0s
[2024-12-06T20:30:26.946+0000] {subprocess.py:106} INFO -  29000K .......... .......... .......... .......... .......... 99% 61.2M 0s
[2024-12-06T20:30:26.946+0000] {subprocess.py:106} INFO -  29050K .......... .......... .......... .......... .......... 99% 29.8M 0s
[2024-12-06T20:30:26.946+0000] {subprocess.py:106} INFO -  29100K .......... .......... .......... .......... .......... 99% 64.5M 0s
[2024-12-06T20:30:26.947+0000] {subprocess.py:106} INFO -  29150K .......... .......... .......... .......... .......... 99% 50.0M 0s
[2024-12-06T20:30:26.947+0000] {subprocess.py:106} INFO -  29200K .......... .......... .......... .......... .......... 99%  126M 0s
[2024-12-06T20:30:26.947+0000] {subprocess.py:106} INFO -  29250K .......... .......... .......... .......... .......... 99%  169M 0s
[2024-12-06T20:30:26.947+0000] {subprocess.py:106} INFO -  29300K ....                                                  100%  130M=2.4s
[2024-12-06T20:30:26.948+0000] {subprocess.py:106} INFO - 
[2024-12-06T20:30:26.948+0000] {subprocess.py:106} INFO - 2024-12-06 20:30:26 (11.7 MB/s) - ‘/opt/***/output_2021-03.parquet’ saved [30007852/30007852]
[2024-12-06T20:30:26.949+0000] {subprocess.py:106} INFO - 
[2024-12-06T20:30:26.950+0000] {subprocess.py:110} INFO - Command exited with return code 0
[2024-12-06T20:30:27.064+0000] {taskinstance.py:340} INFO - ::group::Post task execution logs
[2024-12-06T20:30:27.070+0000] {taskinstance.py:352} INFO - Marking task as SUCCESS. dag_id=LocalIngestionDag_v02, task_id=wget, run_id=scheduled__2021-03-02T06:00:00+00:00, execution_date=20210302T060000, start_date=20241206T203023, end_date=20241206T203027
[2024-12-06T20:30:27.172+0000] {local_task_job_runner.py:266} INFO - Task exited with return code 0
[2024-12-06T20:30:27.251+0000] {taskinstance.py:3895} INFO - 1 downstream tasks scheduled from follow-on schedule check
[2024-12-06T20:30:27.253+0000] {local_task_job_runner.py:245} INFO - ::endgroup::
