[2024-12-06T17:46:09.744+0000] {local_task_job_runner.py:123} INFO - ::group::Pre task execution logs
[2024-12-06T17:46:09.757+0000] {taskinstance.py:2613} INFO - Dependencies all met for dep_context=non-requeueable deps ti=<TaskInstance: LocalIngestionDag_v02.wget scheduled__2021-03-02T06:00:00+00:00 [queued]>
[2024-12-06T17:46:09.762+0000] {taskinstance.py:2613} INFO - Dependencies all met for dep_context=requeueable deps ti=<TaskInstance: LocalIngestionDag_v02.wget scheduled__2021-03-02T06:00:00+00:00 [queued]>
[2024-12-06T17:46:09.763+0000] {taskinstance.py:2866} INFO - Starting attempt 1 of 1
[2024-12-06T17:46:10.343+0000] {taskinstance.py:2889} INFO - Executing <Task(BashOperator): wget> on 2021-03-02 06:00:00+00:00
[2024-12-06T17:46:10.351+0000] {standard_task_runner.py:104} INFO - Running: ['***', 'tasks', 'run', 'LocalIngestionDag_v02', 'wget', 'scheduled__2021-03-02T06:00:00+00:00', '--job-id', '36', '--raw', '--subdir', 'DAGS_FOLDER/data_ingestion_local.py', '--cfg-path', '/tmp/tmpk2k0326k']
[2024-12-06T17:46:10.361+0000] {warnings.py:112} WARNING - /home/***/.local/lib/python3.12/site-packages/***/task/task_runner/standard_task_runner.py:70: DeprecationWarning: This process (pid=2090) is multi-threaded, use of fork() may lead to deadlocks in the child.
  pid = os.fork()

[2024-12-06T17:46:10.368+0000] {standard_task_runner.py:105} INFO - Job 36: Subtask wget
[2024-12-06T17:46:10.370+0000] {standard_task_runner.py:72} INFO - Started process 2095 to run task
[2024-12-06T17:46:10.462+0000] {task_command.py:467} INFO - Running <TaskInstance: LocalIngestionDag_v02.wget scheduled__2021-03-02T06:00:00+00:00 [running]> on host 39ecaeffba2c
[2024-12-06T17:46:10.601+0000] {taskinstance.py:3132} INFO - Exporting env vars: AIRFLOW_CTX_DAG_OWNER='***' AIRFLOW_CTX_DAG_ID='LocalIngestionDag_v02' AIRFLOW_CTX_TASK_ID='wget' AIRFLOW_CTX_EXECUTION_DATE='2021-03-02T06:00:00+00:00' AIRFLOW_CTX_TRY_NUMBER='1' AIRFLOW_CTX_DAG_RUN_ID='scheduled__2021-03-02T06:00:00+00:00'
[2024-12-06T17:46:10.603+0000] {taskinstance.py:731} INFO - ::endgroup::
[2024-12-06T17:46:10.656+0000] {subprocess.py:78} INFO - Tmp dir root location: /tmp
[2024-12-06T17:46:10.661+0000] {subprocess.py:88} INFO - Running command: ['/usr/bin/bash', '-c', 'wget https://d37ci6vzurychx.cloudfront.net/trip-data/yellow_tripdata_2021-03.parquet -O /opt/***/output_2021-03.parquet']
[2024-12-06T17:46:10.696+0000] {subprocess.py:99} INFO - Output:
[2024-12-06T17:46:10.707+0000] {subprocess.py:106} INFO - --2024-12-06 17:46:10--  https://d37ci6vzurychx.cloudfront.net/trip-data/yellow_tripdata_2021-03.parquet
[2024-12-06T17:46:10.771+0000] {subprocess.py:106} INFO - Resolving d37ci6vzurychx.cloudfront.net (d37ci6vzurychx.cloudfront.net)... 18.154.99.47, 18.154.99.220, 18.154.99.225, ...
[2024-12-06T17:46:10.783+0000] {subprocess.py:106} INFO - Connecting to d37ci6vzurychx.cloudfront.net (d37ci6vzurychx.cloudfront.net)|18.154.99.47|:443... connected.
[2024-12-06T17:46:10.875+0000] {subprocess.py:106} INFO - HTTP request sent, awaiting response... 200 OK
[2024-12-06T17:46:10.876+0000] {subprocess.py:106} INFO - Length: 30007852 (29M) [application/x-www-form-urlencoded]
[2024-12-06T17:46:10.877+0000] {subprocess.py:106} INFO - Saving to: ‘/opt/***/output_2021-03.parquet’
[2024-12-06T17:46:10.878+0000] {subprocess.py:106} INFO - 
[2024-12-06T17:46:10.895+0000] {subprocess.py:106} INFO -      0K .......... .......... .......... .......... ..........  0% 2.51M 11s
[2024-12-06T17:46:10.906+0000] {subprocess.py:106} INFO -     50K .......... .......... .......... .......... ..........  0% 4.23M 9s
[2024-12-06T17:46:10.914+0000] {subprocess.py:106} INFO -    100K .......... .......... .......... .......... ..........  0% 6.28M 8s
[2024-12-06T17:46:10.923+0000] {subprocess.py:106} INFO -    150K .......... .......... .......... .......... ..........  0% 7.59M 7s
[2024-12-06T17:46:11.135+0000] {subprocess.py:106} INFO -    200K .......... .......... .......... .......... ..........  0% 18.2M 6s
[2024-12-06T17:46:11.333+0000] {subprocess.py:106} INFO -    250K .......... .......... .......... .......... ..........  1%  122K 44s
[2024-12-06T17:46:11.393+0000] {subprocess.py:106} INFO -    300K .......... .......... .......... .......... ..........  1%  143M 38s
[2024-12-06T17:46:11.399+0000] {subprocess.py:106} INFO -    350K .......... .......... .......... .......... ..........  1% 1.27M 36s
[2024-12-06T17:46:11.402+0000] {subprocess.py:106} INFO -    400K .......... .......... .......... .......... ..........  1% 4.50M 33s
[2024-12-06T17:46:11.404+0000] {subprocess.py:106} INFO -    450K .......... .......... .......... .......... ..........  1% 9.76M 29s
[2024-12-06T17:46:11.407+0000] {subprocess.py:106} INFO -    500K .......... .......... .......... .......... ..........  1%  169M 27s
[2024-12-06T17:46:11.408+0000] {subprocess.py:106} INFO -    550K .......... .......... .......... .......... ..........  2% 29.9M 25s
[2024-12-06T17:46:11.409+0000] {subprocess.py:106} INFO -    600K .......... .......... .......... .......... ..........  2% 59.0M 23s
[2024-12-06T17:46:11.409+0000] {subprocess.py:106} INFO -    650K .......... .......... .......... .......... ..........  2%  184M 21s
[2024-12-06T17:46:11.410+0000] {subprocess.py:106} INFO -    700K .......... .......... .......... .......... ..........  2%  101M 20s
[2024-12-06T17:46:11.411+0000] {subprocess.py:106} INFO -    750K .......... .......... .......... .......... ..........  2% 16.5M 18s
[2024-12-06T17:46:11.412+0000] {subprocess.py:106} INFO -    800K .......... .......... .......... .......... ..........  2% 15.1M 17s
[2024-12-06T17:46:11.413+0000] {subprocess.py:106} INFO -    850K .......... .......... .......... .......... ..........  3% 26.5M 17s
[2024-12-06T17:46:11.413+0000] {subprocess.py:106} INFO -    900K .......... .......... .......... .......... ..........  3% 9.85M 16s
[2024-12-06T17:46:11.415+0000] {subprocess.py:106} INFO -    950K .......... .......... .......... .......... ..........  3%  195M 15s
[2024-12-06T17:46:11.417+0000] {subprocess.py:106} INFO -   1000K .......... .......... .......... .......... ..........  3% 79.3M 14s
[2024-12-06T17:46:11.419+0000] {subprocess.py:106} INFO -   1050K .......... .......... .......... .......... ..........  3%  146M 14s
[2024-12-06T17:46:11.423+0000] {subprocess.py:106} INFO -   1100K .......... .......... .......... .......... ..........  3% 37.7M 13s
[2024-12-06T17:46:11.426+0000] {subprocess.py:106} INFO -   1150K .......... .......... .......... .......... ..........  4% 44.4M 12s
[2024-12-06T17:46:11.430+0000] {subprocess.py:106} INFO -   1200K .......... .......... .......... .......... ..........  4%  104M 12s
[2024-12-06T17:46:11.431+0000] {subprocess.py:106} INFO -   1250K .......... .......... .......... .......... ..........  4%  109M 11s
[2024-12-06T17:46:11.433+0000] {subprocess.py:106} INFO -   1300K .......... .......... .......... .......... ..........  4%  255M 11s
[2024-12-06T17:46:11.434+0000] {subprocess.py:106} INFO -   1350K .......... .......... .......... .......... ..........  4% 72.1M 11s
[2024-12-06T17:46:11.437+0000] {subprocess.py:106} INFO -   1400K .......... .......... .......... .......... ..........  4%  196M 10s
[2024-12-06T17:46:11.438+0000] {subprocess.py:106} INFO -   1450K .......... .......... .......... .......... ..........  5% 28.0M 10s
[2024-12-06T17:46:11.442+0000] {subprocess.py:106} INFO -   1500K .......... .......... .......... .......... ..........  5%  161M 10s
[2024-12-06T17:46:11.444+0000] {subprocess.py:106} INFO -   1550K .......... .......... .......... .......... ..........  5%  181M 9s
[2024-12-06T17:46:11.446+0000] {subprocess.py:106} INFO -   1600K .......... .......... .......... .......... ..........  5%  229M 9s
[2024-12-06T17:46:11.448+0000] {subprocess.py:106} INFO -   1650K .......... .......... .......... .......... ..........  5% 25.0M 9s
[2024-12-06T17:46:11.450+0000] {subprocess.py:106} INFO -   1700K .......... .......... .......... .......... ..........  5%  140M 8s
[2024-12-06T17:46:11.451+0000] {subprocess.py:106} INFO -   1750K .......... .......... .......... .......... ..........  6% 91.6M 8s
[2024-12-06T17:46:11.451+0000] {subprocess.py:106} INFO -   1800K .......... .......... .......... .......... ..........  6%  107M 8s
[2024-12-06T17:46:11.456+0000] {subprocess.py:106} INFO -   1850K .......... .......... .......... .......... ..........  6% 72.7M 8s
[2024-12-06T17:46:11.458+0000] {subprocess.py:106} INFO -   1900K .......... .......... .......... .......... ..........  6% 91.0M 8s
[2024-12-06T17:46:11.459+0000] {subprocess.py:106} INFO -   1950K .......... .......... .......... .......... ..........  6% 83.4M 7s
[2024-12-06T17:46:11.460+0000] {subprocess.py:106} INFO -   2000K .......... .......... .......... .......... ..........  6% 42.4M 7s
[2024-12-06T17:46:11.462+0000] {subprocess.py:106} INFO -   2050K .......... .......... .......... .......... ..........  7% 9.17M 7s
[2024-12-06T17:46:11.462+0000] {subprocess.py:106} INFO -   2100K .......... .......... .......... .......... ..........  7% 90.6M 7s
[2024-12-06T17:46:11.463+0000] {subprocess.py:106} INFO -   2150K .......... .......... .......... .......... ..........  7%  251M 7s
[2024-12-06T17:46:11.463+0000] {subprocess.py:106} INFO -   2200K .......... .......... .......... .......... ..........  7% 23.1M 7s
[2024-12-06T17:46:11.463+0000] {subprocess.py:106} INFO -   2250K .......... .......... .......... .......... ..........  7% 20.0M 6s
[2024-12-06T17:46:11.464+0000] {subprocess.py:106} INFO -   2300K .......... .......... .......... .......... ..........  8% 54.6M 6s
[2024-12-06T17:46:11.466+0000] {subprocess.py:106} INFO -   2350K .......... .......... .......... .......... ..........  8% 37.1M 6s
[2024-12-06T17:46:11.467+0000] {subprocess.py:106} INFO -   2400K .......... .......... .......... .......... ..........  8% 29.7M 6s
[2024-12-06T17:46:11.468+0000] {subprocess.py:106} INFO -   2450K .......... .......... .......... .......... ..........  8% 27.5M 6s
[2024-12-06T17:46:11.468+0000] {subprocess.py:106} INFO -   2500K .......... .......... .......... .......... ..........  8% 26.2M 6s
[2024-12-06T17:46:11.468+0000] {subprocess.py:106} INFO -   2550K .......... .......... .......... .......... ..........  8% 72.1M 6s
[2024-12-06T17:46:11.470+0000] {subprocess.py:106} INFO -   2600K .......... .......... .......... .......... ..........  9% 63.9M 6s
[2024-12-06T17:46:11.470+0000] {subprocess.py:106} INFO -   2650K .......... .......... .......... .......... ..........  9% 23.1M 6s
[2024-12-06T17:46:11.470+0000] {subprocess.py:106} INFO -   2700K .......... .......... .......... .......... ..........  9% 16.8M 5s
[2024-12-06T17:46:11.471+0000] {subprocess.py:106} INFO -   2750K .......... .......... .......... .......... ..........  9% 64.5M 5s
[2024-12-06T17:46:11.472+0000] {subprocess.py:106} INFO -   2800K .......... .......... .......... .......... ..........  9% 22.3M 5s
[2024-12-06T17:46:11.476+0000] {subprocess.py:106} INFO -   2850K .......... .......... .......... .......... ..........  9% 23.4M 5s
[2024-12-06T17:46:11.476+0000] {subprocess.py:106} INFO -   2900K .......... .......... .......... .......... .......... 10% 34.2M 5s
[2024-12-06T17:46:11.479+0000] {subprocess.py:106} INFO -   2950K .......... .......... .......... .......... .......... 10% 44.4M 5s
[2024-12-06T17:46:11.480+0000] {subprocess.py:106} INFO -   3000K .......... .......... .......... .......... .......... 10% 65.9M 5s
[2024-12-06T17:46:11.481+0000] {subprocess.py:106} INFO -   3050K .......... .......... .......... .......... .......... 10% 83.5M 5s
[2024-12-06T17:46:11.482+0000] {subprocess.py:106} INFO -   3100K .......... .......... .......... .......... .......... 10% 50.9M 5s
[2024-12-06T17:46:11.483+0000] {subprocess.py:106} INFO -   3150K .......... .......... .......... .......... .......... 10%  141M 5s
[2024-12-06T17:46:11.484+0000] {subprocess.py:106} INFO -   3200K .......... .......... .......... .......... .......... 11% 15.2M 5s
[2024-12-06T17:46:11.484+0000] {subprocess.py:106} INFO -   3250K .......... .......... .......... .......... .......... 11% 26.1M 5s
[2024-12-06T17:46:11.485+0000] {subprocess.py:106} INFO -   3300K .......... .......... .......... .......... .......... 11% 12.4M 5s
[2024-12-06T17:46:11.488+0000] {subprocess.py:106} INFO -   3350K .......... .......... .......... .......... .......... 11% 12.9M 4s
[2024-12-06T17:46:11.488+0000] {subprocess.py:106} INFO -   3400K .......... .......... .......... .......... .......... 11% 27.1M 4s
[2024-12-06T17:46:11.489+0000] {subprocess.py:106} INFO -   3450K .......... .......... .......... .......... .......... 11% 96.4M 4s
[2024-12-06T17:46:11.490+0000] {subprocess.py:106} INFO -   3500K .......... .......... .......... .......... .......... 12% 31.9M 4s
[2024-12-06T17:46:11.491+0000] {subprocess.py:106} INFO -   3550K .......... .......... .......... .......... .......... 12% 36.2M 4s
[2024-12-06T17:46:11.495+0000] {subprocess.py:106} INFO -   3600K .......... .......... .......... .......... .......... 12%  229M 4s
[2024-12-06T17:46:11.496+0000] {subprocess.py:106} INFO -   3650K .......... .......... .......... .......... .......... 12% 39.0M 4s
[2024-12-06T17:46:11.497+0000] {subprocess.py:106} INFO -   3700K .......... .......... .......... .......... .......... 12%  241M 4s
[2024-12-06T17:46:11.501+0000] {subprocess.py:106} INFO -   3750K .......... .......... .......... .......... .......... 12% 85.9M 4s
[2024-12-06T17:46:11.506+0000] {subprocess.py:106} INFO -   3800K .......... .......... .......... .......... .......... 13% 38.8M 4s
[2024-12-06T17:46:11.509+0000] {subprocess.py:106} INFO -   3850K .......... .......... .......... .......... .......... 13% 34.5M 4s
[2024-12-06T17:46:11.512+0000] {subprocess.py:106} INFO -   3900K .......... .......... .......... .......... .......... 13%  228M 4s
[2024-12-06T17:46:11.513+0000] {subprocess.py:106} INFO -   3950K .......... .......... .......... .......... .......... 13% 20.7M 4s
[2024-12-06T17:46:11.516+0000] {subprocess.py:106} INFO -   4000K .......... .......... .......... .......... .......... 13% 25.9M 4s
[2024-12-06T17:46:11.517+0000] {subprocess.py:106} INFO -   4050K .......... .......... .......... .......... .......... 13% 38.8M 4s
[2024-12-06T17:46:11.523+0000] {subprocess.py:106} INFO -   4100K .......... .......... .......... .......... .......... 14% 43.9M 4s
[2024-12-06T17:46:11.526+0000] {subprocess.py:106} INFO -   4150K .......... .......... .......... .......... .......... 14% 69.9M 4s
[2024-12-06T17:46:11.529+0000] {subprocess.py:106} INFO -   4200K .......... .......... .......... .......... .......... 14%  104M 4s
[2024-12-06T17:46:11.531+0000] {subprocess.py:106} INFO -   4250K .......... .......... .......... .......... .......... 14%  110M 4s
[2024-12-06T17:46:11.534+0000] {subprocess.py:106} INFO -   4300K .......... .......... .......... .......... .......... 14%  203M 3s
[2024-12-06T17:46:11.536+0000] {subprocess.py:106} INFO -   4350K .......... .......... .......... .......... .......... 15% 44.3M 3s
[2024-12-06T17:46:11.537+0000] {subprocess.py:106} INFO -   4400K .......... .......... .......... .......... .......... 15% 68.4M 3s
[2024-12-06T17:46:11.538+0000] {subprocess.py:106} INFO -   4450K .......... .......... .......... .......... .......... 15% 28.6M 3s
[2024-12-06T17:46:11.539+0000] {subprocess.py:106} INFO -   4500K .......... .......... .......... .......... .......... 15% 68.3M 3s
[2024-12-06T17:46:11.541+0000] {subprocess.py:106} INFO -   4550K .......... .......... .......... .......... .......... 15% 70.8M 3s
[2024-12-06T17:46:11.542+0000] {subprocess.py:106} INFO -   4600K .......... .......... .......... .......... .......... 15% 60.0M 3s
[2024-12-06T17:46:11.546+0000] {subprocess.py:106} INFO -   4650K .......... .......... .......... .......... .......... 16% 44.2M 3s
[2024-12-06T17:46:11.546+0000] {subprocess.py:106} INFO -   4700K .......... .......... .......... .......... .......... 16%  116M 3s
[2024-12-06T17:46:11.547+0000] {subprocess.py:106} INFO -   4750K .......... .......... .......... .......... .......... 16% 55.9M 3s
[2024-12-06T17:46:11.548+0000] {subprocess.py:106} INFO -   4800K .......... .......... .......... .......... .......... 16%  172M 3s
[2024-12-06T17:46:11.549+0000] {subprocess.py:106} INFO -   4850K .......... .......... .......... .......... .......... 16%  125M 3s
[2024-12-06T17:46:11.550+0000] {subprocess.py:106} INFO -   4900K .......... .......... .......... .......... .......... 16% 66.5M 3s
[2024-12-06T17:46:11.550+0000] {subprocess.py:106} INFO -   4950K .......... .......... .......... .......... .......... 17% 22.2M 3s
[2024-12-06T17:46:11.550+0000] {subprocess.py:106} INFO -   5000K .......... .......... .......... .......... .......... 17% 26.1M 3s
[2024-12-06T17:46:11.551+0000] {subprocess.py:106} INFO -   5050K .......... .......... .......... .......... .......... 17% 37.5M 3s
[2024-12-06T17:46:11.551+0000] {subprocess.py:106} INFO -   5100K .......... .......... .......... .......... .......... 17% 24.1M 3s
[2024-12-06T17:46:11.552+0000] {subprocess.py:106} INFO -   5150K .......... .......... .......... .......... .......... 17% 21.1M 3s
[2024-12-06T17:46:11.552+0000] {subprocess.py:106} INFO -   5200K .......... .......... .......... .......... .......... 17%  163M 3s
[2024-12-06T17:46:11.552+0000] {subprocess.py:106} INFO -   5250K .......... .......... .......... .......... .......... 18%  161M 3s
[2024-12-06T17:46:11.552+0000] {subprocess.py:106} INFO -   5300K .......... .......... .......... .......... .......... 18% 16.1M 3s
[2024-12-06T17:46:11.553+0000] {subprocess.py:106} INFO -   5350K .......... .......... .......... .......... .......... 18% 68.6M 3s
[2024-12-06T17:46:11.554+0000] {subprocess.py:106} INFO -   5400K .......... .......... .......... .......... .......... 18% 82.1M 3s
[2024-12-06T17:46:11.554+0000] {subprocess.py:106} INFO -   5450K .......... .......... .......... .......... .......... 18% 35.3M 3s
[2024-12-06T17:46:11.554+0000] {subprocess.py:106} INFO -   5500K .......... .......... .......... .......... .......... 18% 47.7M 3s
[2024-12-06T17:46:11.555+0000] {subprocess.py:106} INFO -   5550K .......... .......... .......... .......... .......... 19% 36.2M 3s
[2024-12-06T17:46:11.555+0000] {subprocess.py:106} INFO -   5600K .......... .......... .......... .......... .......... 19% 70.9M 3s
[2024-12-06T17:46:11.555+0000] {subprocess.py:106} INFO -   5650K .......... .......... .......... .......... .......... 19% 6.38M 3s
[2024-12-06T17:46:11.555+0000] {subprocess.py:106} INFO -   5700K .......... .......... .......... .......... .......... 19%  143M 3s
[2024-12-06T17:46:11.556+0000] {subprocess.py:106} INFO -   5750K .......... .......... .......... .......... .......... 19% 24.2M 3s
[2024-12-06T17:46:11.556+0000] {subprocess.py:106} INFO -   5800K .......... .......... .......... .......... .......... 19% 46.7M 3s
[2024-12-06T17:46:11.556+0000] {subprocess.py:106} INFO -   5850K .......... .......... .......... .......... .......... 20%  150M 3s
[2024-12-06T17:46:11.556+0000] {subprocess.py:106} INFO -   5900K .......... .......... .......... .......... .......... 20% 8.31M 3s
[2024-12-06T17:46:11.557+0000] {subprocess.py:106} INFO -   5950K .......... .......... .......... .......... .......... 20% 42.4M 3s
[2024-12-06T17:46:11.557+0000] {subprocess.py:106} INFO -   6000K .......... .......... .......... .......... .......... 20% 13.0M 3s
[2024-12-06T17:46:11.559+0000] {subprocess.py:106} INFO -   6050K .......... .......... .......... .......... .......... 20% 16.5M 3s
[2024-12-06T17:46:11.560+0000] {subprocess.py:106} INFO -   6100K .......... .......... .......... .......... .......... 20% 58.5M 2s
[2024-12-06T17:46:11.560+0000] {subprocess.py:106} INFO -   6150K .......... .......... .......... .......... .......... 21% 44.9M 2s
[2024-12-06T17:46:11.560+0000] {subprocess.py:106} INFO -   6200K .......... .......... .......... .......... .......... 21% 10.4M 2s
[2024-12-06T17:46:11.560+0000] {subprocess.py:106} INFO -   6250K .......... .......... .......... .......... .......... 21% 63.8M 2s
[2024-12-06T17:46:11.561+0000] {subprocess.py:106} INFO -   6300K .......... .......... .......... .......... .......... 21% 33.3M 2s
[2024-12-06T17:46:11.561+0000] {subprocess.py:106} INFO -   6350K .......... .......... .......... .......... .......... 21% 11.9M 2s
[2024-12-06T17:46:11.563+0000] {subprocess.py:106} INFO -   6400K .......... .......... .......... .......... .......... 22% 19.2M 2s
[2024-12-06T17:46:11.563+0000] {subprocess.py:106} INFO -   6450K .......... .......... .......... .......... .......... 22% 34.2M 2s
[2024-12-06T17:46:11.563+0000] {subprocess.py:106} INFO -   6500K .......... .......... .......... .......... .......... 22% 22.9M 2s
[2024-12-06T17:46:11.564+0000] {subprocess.py:106} INFO -   6550K .......... .......... .......... .......... .......... 22%  242M 2s
[2024-12-06T17:46:11.564+0000] {subprocess.py:106} INFO -   6600K .......... .......... .......... .......... .......... 22%  243M 2s
[2024-12-06T17:46:11.564+0000] {subprocess.py:106} INFO -   6650K .......... .......... .......... .......... .......... 22%  298M 2s
[2024-12-06T17:46:11.564+0000] {subprocess.py:106} INFO -   6700K .......... .......... .......... .......... .......... 23%  284M 2s
[2024-12-06T17:46:11.565+0000] {subprocess.py:106} INFO -   6750K .......... .......... .......... .......... .......... 23%  272M 2s
[2024-12-06T17:46:11.565+0000] {subprocess.py:106} INFO -   6800K .......... .......... .......... .......... .......... 23%  308M 2s
[2024-12-06T17:46:11.565+0000] {subprocess.py:106} INFO -   6850K .......... .......... .......... .......... .......... 23%  210M 2s
[2024-12-06T17:46:11.566+0000] {subprocess.py:106} INFO -   6900K .......... .......... .......... .......... .......... 23% 59.6M 2s
[2024-12-06T17:46:11.566+0000] {subprocess.py:106} INFO -   6950K .......... .......... .......... .......... .......... 23% 14.9M 2s
[2024-12-06T17:46:11.566+0000] {subprocess.py:106} INFO -   7000K .......... .......... .......... .......... .......... 24% 20.3M 2s
[2024-12-06T17:46:11.566+0000] {subprocess.py:106} INFO -   7050K .......... .......... .......... .......... .......... 24%  124M 2s
[2024-12-06T17:46:11.567+0000] {subprocess.py:106} INFO -   7100K .......... .......... .......... .......... .......... 24% 35.4M 2s
[2024-12-06T17:46:11.567+0000] {subprocess.py:106} INFO -   7150K .......... .......... .......... .......... .......... 24% 83.6M 2s
[2024-12-06T17:46:11.569+0000] {subprocess.py:106} INFO -   7200K .......... .......... .......... .......... .......... 24% 22.4M 2s
[2024-12-06T17:46:11.570+0000] {subprocess.py:106} INFO -   7250K .......... .......... .......... .......... .......... 24% 56.6M 2s
[2024-12-06T17:46:11.571+0000] {subprocess.py:106} INFO -   7300K .......... .......... .......... .......... .......... 25%  196M 2s
[2024-12-06T17:46:11.572+0000] {subprocess.py:106} INFO -   7350K .......... .......... .......... .......... .......... 25% 98.7M 2s
[2024-12-06T17:46:11.574+0000] {subprocess.py:106} INFO -   7400K .......... .......... .......... .......... .......... 25% 97.7M 2s
[2024-12-06T17:46:11.575+0000] {subprocess.py:106} INFO -   7450K .......... .......... .......... .......... .......... 25%  202M 2s
[2024-12-06T17:46:11.576+0000] {subprocess.py:106} INFO -   7500K .......... .......... .......... .......... .......... 25% 61.5M 2s
[2024-12-06T17:46:11.576+0000] {subprocess.py:106} INFO -   7550K .......... .......... .......... .......... .......... 25%  139M 2s
[2024-12-06T17:46:11.577+0000] {subprocess.py:106} INFO -   7600K .......... .......... .......... .......... .......... 26% 74.4M 2s
[2024-12-06T17:46:11.581+0000] {subprocess.py:106} INFO -   7650K .......... .......... .......... .......... .......... 26% 88.2M 2s
[2024-12-06T17:46:11.582+0000] {subprocess.py:106} INFO -   7700K .......... .......... .......... .......... .......... 26% 59.2M 2s
[2024-12-06T17:46:11.582+0000] {subprocess.py:106} INFO -   7750K .......... .......... .......... .......... .......... 26%  227M 2s
[2024-12-06T17:46:11.583+0000] {subprocess.py:106} INFO -   7800K .......... .......... .......... .......... .......... 26%  106M 2s
[2024-12-06T17:46:11.584+0000] {subprocess.py:106} INFO -   7850K .......... .......... .......... .......... .......... 26%  244M 2s
[2024-12-06T17:46:11.584+0000] {subprocess.py:106} INFO -   7900K .......... .......... .......... .......... .......... 27%  283M 2s
[2024-12-06T17:46:11.586+0000] {subprocess.py:106} INFO -   7950K .......... .......... .......... .......... .......... 27% 70.6M 2s
[2024-12-06T17:46:11.586+0000] {subprocess.py:106} INFO -   8000K .......... .......... .......... .......... .......... 27%  105M 2s
[2024-12-06T17:46:11.587+0000] {subprocess.py:106} INFO -   8050K .......... .......... .......... .......... .......... 27%  174M 2s
[2024-12-06T17:46:11.587+0000] {subprocess.py:106} INFO -   8100K .......... .......... .......... .......... .......... 27%  224M 2s
[2024-12-06T17:46:11.588+0000] {subprocess.py:106} INFO -   8150K .......... .......... .......... .......... .......... 27% 48.1M 2s
[2024-12-06T17:46:11.588+0000] {subprocess.py:106} INFO -   8200K .......... .......... .......... .......... .......... 28%  223M 2s
[2024-12-06T17:46:11.589+0000] {subprocess.py:106} INFO -   8250K .......... .......... .......... .......... .......... 28% 29.0M 2s
[2024-12-06T17:46:11.590+0000] {subprocess.py:106} INFO -   8300K .......... .......... .......... .......... .......... 28% 20.5M 2s
[2024-12-06T17:46:11.592+0000] {subprocess.py:106} INFO -   8350K .......... .......... .......... .......... .......... 28%  114M 2s
[2024-12-06T17:46:11.592+0000] {subprocess.py:106} INFO -   8400K .......... .......... .......... .......... .......... 28% 31.8M 2s
[2024-12-06T17:46:11.593+0000] {subprocess.py:106} INFO -   8450K .......... .......... .......... .......... .......... 29% 22.0M 2s
[2024-12-06T17:46:11.595+0000] {subprocess.py:106} INFO -   8500K .......... .......... .......... .......... .......... 29% 68.0M 2s
[2024-12-06T17:46:11.596+0000] {subprocess.py:106} INFO -   8550K .......... .......... .......... .......... .......... 29% 50.1M 2s
[2024-12-06T17:46:11.596+0000] {subprocess.py:106} INFO -   8600K .......... .......... .......... .......... .......... 29% 69.9M 2s
[2024-12-06T17:46:11.597+0000] {subprocess.py:106} INFO -   8650K .......... .......... .......... .......... .......... 29% 47.8M 2s
[2024-12-06T17:46:11.597+0000] {subprocess.py:106} INFO -   8700K .......... .......... .......... .......... .......... 29%  117M 2s
[2024-12-06T17:46:11.598+0000] {subprocess.py:106} INFO -   8750K .......... .......... .......... .......... .......... 30% 77.3M 2s
[2024-12-06T17:46:11.598+0000] {subprocess.py:106} INFO -   8800K .......... .......... .......... .......... .......... 30% 79.9M 2s
[2024-12-06T17:46:11.600+0000] {subprocess.py:106} INFO -   8850K .......... .......... .......... .......... .......... 30%  168M 2s
[2024-12-06T17:46:11.600+0000] {subprocess.py:106} INFO -   8900K .......... .......... .......... .......... .......... 30% 52.6M 2s
[2024-12-06T17:46:11.601+0000] {subprocess.py:106} INFO -   8950K .......... .......... .......... .......... .......... 30% 25.3M 2s
[2024-12-06T17:46:11.602+0000] {subprocess.py:106} INFO -   9000K .......... .......... .......... .......... .......... 30%  210M 2s
[2024-12-06T17:46:11.603+0000] {subprocess.py:106} INFO -   9050K .......... .......... .......... .......... .......... 31%  235M 2s
[2024-12-06T17:46:11.603+0000] {subprocess.py:106} INFO -   9100K .......... .......... .......... .......... .......... 31%  158M 2s
[2024-12-06T17:46:11.604+0000] {subprocess.py:106} INFO -   9150K .......... .......... .......... .......... .......... 31%  163M 2s
[2024-12-06T17:46:11.605+0000] {subprocess.py:106} INFO -   9200K .......... .......... .......... .......... .......... 31%  152M 2s
[2024-12-06T17:46:11.605+0000] {subprocess.py:106} INFO -   9250K .......... .......... .......... .......... .......... 31%  203M 2s
[2024-12-06T17:46:11.606+0000] {subprocess.py:106} INFO -   9300K .......... .......... .......... .......... .......... 31%  295M 2s
[2024-12-06T17:46:11.606+0000] {subprocess.py:106} INFO -   9350K .......... .......... .......... .......... .......... 32%  199M 2s
[2024-12-06T17:46:11.607+0000] {subprocess.py:106} INFO -   9400K .......... .......... .......... .......... .......... 32%  186M 2s
[2024-12-06T17:46:11.609+0000] {subprocess.py:106} INFO -   9450K .......... .......... .......... .......... .......... 32%  265M 2s
[2024-12-06T17:46:11.610+0000] {subprocess.py:106} INFO -   9500K .......... .......... .......... .......... .......... 32%  241M 1s
[2024-12-06T17:46:11.613+0000] {subprocess.py:106} INFO -   9550K .......... .......... .......... .......... .......... 32%  301M 1s
[2024-12-06T17:46:11.618+0000] {subprocess.py:106} INFO -   9600K .......... .......... .......... .......... .......... 32%  217M 1s
[2024-12-06T17:46:11.621+0000] {subprocess.py:106} INFO -   9650K .......... .......... .......... .......... .......... 33%  206M 1s
[2024-12-06T17:46:11.623+0000] {subprocess.py:106} INFO -   9700K .......... .......... .......... .......... .......... 33%  196M 1s
[2024-12-06T17:46:11.628+0000] {subprocess.py:106} INFO -   9750K .......... .......... .......... .......... .......... 33%  251M 1s
[2024-12-06T17:46:11.630+0000] {subprocess.py:106} INFO -   9800K .......... .......... .......... .......... .......... 33%  248M 1s
[2024-12-06T17:46:11.631+0000] {subprocess.py:106} INFO -   9850K .......... .......... .......... .......... .......... 33%  183M 1s
[2024-12-06T17:46:11.633+0000] {subprocess.py:106} INFO -   9900K .......... .......... .......... .......... .......... 33%  145M 1s
[2024-12-06T17:46:11.637+0000] {subprocess.py:106} INFO -   9950K .......... .......... .......... .......... .......... 34%  261M 1s
[2024-12-06T17:46:11.638+0000] {subprocess.py:106} INFO -  10000K .......... .......... .......... .......... .......... 34%  189M 1s
[2024-12-06T17:46:11.638+0000] {subprocess.py:106} INFO -  10050K .......... .......... .......... .......... .......... 34% 83.8M 1s
[2024-12-06T17:46:11.638+0000] {subprocess.py:106} INFO -  10100K .......... .......... .......... .......... .......... 34%  244M 1s
[2024-12-06T17:46:11.639+0000] {subprocess.py:106} INFO -  10150K .......... .......... .......... .......... .......... 34%  213M 1s
[2024-12-06T17:46:11.640+0000] {subprocess.py:106} INFO -  10200K .......... .......... .......... .......... .......... 34%  122M 1s
[2024-12-06T17:46:11.641+0000] {subprocess.py:106} INFO -  10250K .......... .......... .......... .......... .......... 35%  137M 1s
[2024-12-06T17:46:11.641+0000] {subprocess.py:106} INFO -  10300K .......... .......... .......... .......... .......... 35%  245M 1s
[2024-12-06T17:46:11.641+0000] {subprocess.py:106} INFO -  10350K .......... .......... .......... .......... .......... 35%  228M 1s
[2024-12-06T17:46:11.641+0000] {subprocess.py:106} INFO -  10400K .......... .......... .......... .......... .......... 35%  306M 1s
[2024-12-06T17:46:11.641+0000] {subprocess.py:106} INFO -  10450K .......... .......... .......... .......... .......... 35%  201M 1s
[2024-12-06T17:46:11.642+0000] {subprocess.py:106} INFO -  10500K .......... .......... .......... .......... .......... 36%  254M 1s
[2024-12-06T17:46:11.642+0000] {subprocess.py:106} INFO -  10550K .......... .......... .......... .......... .......... 36%  263M 1s
[2024-12-06T17:46:11.642+0000] {subprocess.py:106} INFO -  10600K .......... .......... .......... .......... .......... 36%  237M 1s
[2024-12-06T17:46:11.643+0000] {subprocess.py:106} INFO -  10650K .......... .......... .......... .......... .......... 36%  175M 1s
[2024-12-06T17:46:11.643+0000] {subprocess.py:106} INFO -  10700K .......... .......... .......... .......... .......... 36%  269M 1s
[2024-12-06T17:46:11.643+0000] {subprocess.py:106} INFO -  10750K .......... .......... .......... .......... .......... 36% 88.1M 1s
[2024-12-06T17:46:11.643+0000] {subprocess.py:106} INFO -  10800K .......... .......... .......... .......... .......... 37%  173M 1s
[2024-12-06T17:46:11.644+0000] {subprocess.py:106} INFO -  10850K .......... .......... .......... .......... .......... 37%  213M 1s
[2024-12-06T17:46:11.645+0000] {subprocess.py:106} INFO -  10900K .......... .......... .......... .......... .......... 37% 93.9M 1s
[2024-12-06T17:46:11.647+0000] {subprocess.py:106} INFO -  10950K .......... .......... .......... .......... .......... 37%  213M 1s
[2024-12-06T17:46:11.648+0000] {subprocess.py:106} INFO -  11000K .......... .......... .......... .......... .......... 37%  199M 1s
[2024-12-06T17:46:11.648+0000] {subprocess.py:106} INFO -  11050K .......... .......... .......... .......... .......... 37% 75.3M 1s
[2024-12-06T17:46:11.648+0000] {subprocess.py:106} INFO -  11100K .......... .......... .......... .......... .......... 38%  171M 1s
[2024-12-06T17:46:11.648+0000] {subprocess.py:106} INFO -  11150K .......... .......... .......... .......... .......... 38%  184M 1s
[2024-12-06T17:46:11.649+0000] {subprocess.py:106} INFO -  11200K .......... .......... .......... .......... .......... 38% 63.7M 1s
[2024-12-06T17:46:11.649+0000] {subprocess.py:106} INFO -  11250K .......... .......... .......... .......... .......... 38% 32.3M 1s
[2024-12-06T17:46:11.650+0000] {subprocess.py:106} INFO -  11300K .......... .......... .......... .......... .......... 38%  106M 1s
[2024-12-06T17:46:11.650+0000] {subprocess.py:106} INFO -  11350K .......... .......... .......... .......... .......... 38% 14.5M 1s
[2024-12-06T17:46:11.650+0000] {subprocess.py:106} INFO -  11400K .......... .......... .......... .......... .......... 39% 69.8M 1s
[2024-12-06T17:46:11.651+0000] {subprocess.py:106} INFO -  11450K .......... .......... .......... .......... .......... 39% 10.0M 1s
[2024-12-06T17:46:11.651+0000] {subprocess.py:106} INFO -  11500K .......... .......... .......... .......... .......... 39% 12.8M 1s
[2024-12-06T17:46:11.651+0000] {subprocess.py:106} INFO -  11550K .......... .......... .......... .......... .......... 39% 27.4M 1s
[2024-12-06T17:46:11.651+0000] {subprocess.py:106} INFO -  11600K .......... .......... .......... .......... .......... 39% 25.8M 1s
[2024-12-06T17:46:11.652+0000] {subprocess.py:106} INFO -  11650K .......... .......... .......... .......... .......... 39% 99.0M 1s
[2024-12-06T17:46:11.652+0000] {subprocess.py:106} INFO -  11700K .......... .......... .......... .......... .......... 40% 21.8M 1s
[2024-12-06T17:46:11.652+0000] {subprocess.py:106} INFO -  11750K .......... .......... .......... .......... .......... 40% 67.2M 1s
[2024-12-06T17:46:11.653+0000] {subprocess.py:106} INFO -  11800K .......... .......... .......... .......... .......... 40%  263M 1s
[2024-12-06T17:46:11.653+0000] {subprocess.py:106} INFO -  11850K .......... .......... .......... .......... .......... 40% 55.4M 1s
[2024-12-06T17:46:11.653+0000] {subprocess.py:106} INFO -  11900K .......... .......... .......... .......... .......... 40% 53.6M 1s
[2024-12-06T17:46:11.654+0000] {subprocess.py:106} INFO -  11950K .......... .......... .......... .......... .......... 40%  287M 1s
[2024-12-06T17:46:11.654+0000] {subprocess.py:106} INFO -  12000K .......... .......... .......... .......... .......... 41% 71.4M 1s
[2024-12-06T17:46:11.654+0000] {subprocess.py:106} INFO -  12050K .......... .......... .......... .......... .......... 41% 70.6M 1s
[2024-12-06T17:46:11.655+0000] {subprocess.py:106} INFO -  12100K .......... .......... .......... .......... .......... 41%  161M 1s
[2024-12-06T17:46:11.655+0000] {subprocess.py:106} INFO -  12150K .......... .......... .......... .......... .......... 41% 9.96M 1s
[2024-12-06T17:46:11.655+0000] {subprocess.py:106} INFO -  12200K .......... .......... .......... .......... .......... 41%  222M 1s
[2024-12-06T17:46:11.655+0000] {subprocess.py:106} INFO -  12250K .......... .......... .......... .......... .......... 41%  230M 1s
[2024-12-06T17:46:11.655+0000] {subprocess.py:106} INFO -  12300K .......... .......... .......... .......... .......... 42% 43.4M 1s
[2024-12-06T17:46:11.656+0000] {subprocess.py:106} INFO -  12350K .......... .......... .......... .......... .......... 42%  248M 1s
[2024-12-06T17:46:11.656+0000] {subprocess.py:106} INFO -  12400K .......... .......... .......... .......... .......... 42% 31.8M 1s
[2024-12-06T17:46:11.656+0000] {subprocess.py:106} INFO -  12450K .......... .......... .......... .......... .......... 42% 4.34M 1s
[2024-12-06T17:46:11.656+0000] {subprocess.py:106} INFO -  12500K .......... .......... .......... .......... .......... 42% 25.5M 1s
[2024-12-06T17:46:11.657+0000] {subprocess.py:106} INFO -  12550K .......... .......... .......... .......... .......... 42% 24.5M 1s
[2024-12-06T17:46:11.659+0000] {subprocess.py:106} INFO -  12600K .......... .......... .......... .......... .......... 43% 22.1M 1s
[2024-12-06T17:46:11.660+0000] {subprocess.py:106} INFO -  12650K .......... .......... .......... .......... .......... 43% 86.3M 1s
[2024-12-06T17:46:11.662+0000] {subprocess.py:106} INFO -  12700K .......... .......... .......... .......... .......... 43%  122M 1s
[2024-12-06T17:46:11.662+0000] {subprocess.py:106} INFO -  12750K .......... .......... .......... .......... .......... 43% 25.6M 1s
[2024-12-06T17:46:11.664+0000] {subprocess.py:106} INFO -  12800K .......... .......... .......... .......... .......... 43%  229M 1s
[2024-12-06T17:46:11.664+0000] {subprocess.py:106} INFO -  12850K .......... .......... .......... .......... .......... 44%  180M 1s
[2024-12-06T17:46:11.664+0000] {subprocess.py:106} INFO -  12900K .......... .......... .......... .......... .......... 44% 39.3M 1s
[2024-12-06T17:46:11.666+0000] {subprocess.py:106} INFO -  12950K .......... .......... .......... .......... .......... 44% 23.7M 1s
[2024-12-06T17:46:11.667+0000] {subprocess.py:106} INFO -  13000K .......... .......... .......... .......... .......... 44%  236M 1s
[2024-12-06T17:46:11.667+0000] {subprocess.py:106} INFO -  13050K .......... .......... .......... .......... .......... 44%  173M 1s
[2024-12-06T17:46:11.668+0000] {subprocess.py:106} INFO -  13100K .......... .......... .......... .......... .......... 44% 33.4M 1s
[2024-12-06T17:46:11.670+0000] {subprocess.py:106} INFO -  13150K .......... .......... .......... .......... .......... 45%  139M 1s
[2024-12-06T17:46:11.671+0000] {subprocess.py:106} INFO -  13200K .......... .......... .......... .......... .......... 45% 26.6M 1s
[2024-12-06T17:46:11.673+0000] {subprocess.py:106} INFO -  13250K .......... .......... .......... .......... .......... 45% 16.8M 1s
[2024-12-06T17:46:11.673+0000] {subprocess.py:106} INFO -  13300K .......... .......... .......... .......... .......... 45%  243M 1s
[2024-12-06T17:46:11.675+0000] {subprocess.py:106} INFO -  13350K .......... .......... .......... .......... .......... 45%  190M 1s
[2024-12-06T17:46:11.680+0000] {subprocess.py:106} INFO -  13400K .......... .......... .......... .......... .......... 45%  209M 1s
[2024-12-06T17:46:11.680+0000] {subprocess.py:106} INFO -  13450K .......... .......... .......... .......... .......... 46% 49.3M 1s
[2024-12-06T17:46:11.681+0000] {subprocess.py:106} INFO -  13500K .......... .......... .......... .......... .......... 46%  196M 1s
[2024-12-06T17:46:11.682+0000] {subprocess.py:106} INFO -  13550K .......... .......... .......... .......... .......... 46% 75.6M 1s
[2024-12-06T17:46:11.682+0000] {subprocess.py:106} INFO -  13600K .......... .......... .......... .......... .......... 46% 65.7M 1s
[2024-12-06T17:46:11.683+0000] {subprocess.py:106} INFO -  13650K .......... .......... .......... .......... .......... 46% 51.9M 1s
[2024-12-06T17:46:11.684+0000] {subprocess.py:106} INFO -  13700K .......... .......... .......... .......... .......... 46% 65.3M 1s
[2024-12-06T17:46:11.684+0000] {subprocess.py:106} INFO -  13750K .......... .......... .......... .......... .......... 47%  233M 1s
[2024-12-06T17:46:11.685+0000] {subprocess.py:106} INFO -  13800K .......... .......... .......... .......... .......... 47%  114M 1s
[2024-12-06T17:46:11.685+0000] {subprocess.py:106} INFO -  13850K .......... .......... .......... .......... .......... 47%  172M 1s
[2024-12-06T17:46:11.687+0000] {subprocess.py:106} INFO -  13900K .......... .......... .......... .......... .......... 47%  238M 1s
[2024-12-06T17:46:11.687+0000] {subprocess.py:106} INFO -  13950K .......... .......... .......... .......... .......... 47%  204M 1s
[2024-12-06T17:46:11.688+0000] {subprocess.py:106} INFO -  14000K .......... .......... .......... .......... .......... 47%  113M 1s
[2024-12-06T17:46:11.690+0000] {subprocess.py:106} INFO -  14050K .......... .......... .......... .......... .......... 48% 98.9M 1s
[2024-12-06T17:46:11.691+0000] {subprocess.py:106} INFO -  14100K .......... .......... .......... .......... .......... 48%  214M 1s
[2024-12-06T17:46:11.691+0000] {subprocess.py:106} INFO -  14150K .......... .......... .......... .......... .......... 48%  260M 1s
[2024-12-06T17:46:11.692+0000] {subprocess.py:106} INFO -  14200K .......... .......... .......... .......... .......... 48%  231M 1s
[2024-12-06T17:46:11.693+0000] {subprocess.py:106} INFO -  14250K .......... .......... .......... .......... .......... 48% 79.0M 1s
[2024-12-06T17:46:11.693+0000] {subprocess.py:106} INFO -  14300K .......... .......... .......... .......... .......... 48% 76.4M 1s
[2024-12-06T17:46:11.693+0000] {subprocess.py:106} INFO -  14350K .......... .......... .......... .......... .......... 49%  198M 1s
[2024-12-06T17:46:11.694+0000] {subprocess.py:106} INFO -  14400K .......... .......... .......... .......... .......... 49% 67.0M 1s
[2024-12-06T17:46:11.695+0000] {subprocess.py:106} INFO -  14450K .......... .......... .......... .......... .......... 49%  143M 1s
[2024-12-06T17:46:11.695+0000] {subprocess.py:106} INFO -  14500K .......... .......... .......... .......... .......... 49%  102M 1s
[2024-12-06T17:46:11.696+0000] {subprocess.py:106} INFO -  14550K .......... .......... .......... .......... .......... 49%  112M 1s
[2024-12-06T17:46:11.696+0000] {subprocess.py:106} INFO -  14600K .......... .......... .......... .......... .......... 49% 79.0M 1s
[2024-12-06T17:46:11.696+0000] {subprocess.py:106} INFO -  14650K .......... .......... .......... .......... .......... 50% 24.3M 1s
[2024-12-06T17:46:11.696+0000] {subprocess.py:106} INFO -  14700K .......... .......... .......... .......... .......... 50%  193M 1s
[2024-12-06T17:46:11.697+0000] {subprocess.py:106} INFO -  14750K .......... .......... .......... .......... .......... 50%  199M 1s
[2024-12-06T17:46:11.697+0000] {subprocess.py:106} INFO -  14800K .......... .......... .......... .......... .......... 50% 78.0M 1s
[2024-12-06T17:46:11.697+0000] {subprocess.py:106} INFO -  14850K .......... .......... .......... .......... .......... 50% 79.6M 1s
[2024-12-06T17:46:11.698+0000] {subprocess.py:106} INFO -  14900K .......... .......... .......... .......... .......... 51% 96.5M 1s
[2024-12-06T17:46:11.698+0000] {subprocess.py:106} INFO -  14950K .......... .......... .......... .......... .......... 51%  207M 1s
[2024-12-06T17:46:11.698+0000] {subprocess.py:106} INFO -  15000K .......... .......... .......... .......... .......... 51%  180M 1s
[2024-12-06T17:46:11.699+0000] {subprocess.py:106} INFO -  15050K .......... .......... .......... .......... .......... 51%  110M 1s
[2024-12-06T17:46:11.699+0000] {subprocess.py:106} INFO -  15100K .......... .......... .......... .......... .......... 51%  154M 1s
[2024-12-06T17:46:11.700+0000] {subprocess.py:106} INFO -  15150K .......... .......... .......... .......... .......... 51%  186M 1s
[2024-12-06T17:46:11.700+0000] {subprocess.py:106} INFO -  15200K .......... .......... .......... .......... .......... 52%  133M 1s
[2024-12-06T17:46:11.701+0000] {subprocess.py:106} INFO -  15250K .......... .......... .......... .......... .......... 52%  125M 1s
[2024-12-06T17:46:11.701+0000] {subprocess.py:106} INFO -  15300K .......... .......... .......... .......... .......... 52% 60.5M 1s
[2024-12-06T17:46:11.702+0000] {subprocess.py:106} INFO -  15350K .......... .......... .......... .......... .......... 52% 67.2M 1s
[2024-12-06T17:46:11.703+0000] {subprocess.py:106} INFO -  15400K .......... .......... .......... .......... .......... 52% 95.5M 1s
[2024-12-06T17:46:11.707+0000] {subprocess.py:106} INFO -  15450K .......... .......... .......... .......... .......... 52% 47.2M 1s
[2024-12-06T17:46:11.707+0000] {subprocess.py:106} INFO -  15500K .......... .......... .......... .......... .......... 53%  116M 1s
[2024-12-06T17:46:11.708+0000] {subprocess.py:106} INFO -  15550K .......... .......... .......... .......... .......... 53% 89.0M 1s
[2024-12-06T17:46:11.708+0000] {subprocess.py:106} INFO -  15600K .......... .......... .......... .......... .......... 53% 73.4M 1s
[2024-12-06T17:46:11.709+0000] {subprocess.py:106} INFO -  15650K .......... .......... .......... .......... .......... 53% 92.2M 1s
[2024-12-06T17:46:11.710+0000] {subprocess.py:106} INFO -  15700K .......... .......... .......... .......... .......... 53% 74.0M 1s
[2024-12-06T17:46:11.710+0000] {subprocess.py:106} INFO -  15750K .......... .......... .......... .......... .......... 53%  244M 1s
[2024-12-06T17:46:11.712+0000] {subprocess.py:106} INFO -  15800K .......... .......... .......... .......... .......... 54%  189M 1s
[2024-12-06T17:46:11.712+0000] {subprocess.py:106} INFO -  15850K .......... .......... .......... .......... .......... 54%  185M 1s
[2024-12-06T17:46:11.713+0000] {subprocess.py:106} INFO -  15900K .......... .......... .......... .......... .......... 54%  154M 1s
[2024-12-06T17:46:11.714+0000] {subprocess.py:106} INFO -  15950K .......... .......... .......... .......... .......... 54%  211M 1s
[2024-12-06T17:46:11.714+0000] {subprocess.py:106} INFO -  16000K .......... .......... .......... .......... .......... 54% 96.8M 1s
[2024-12-06T17:46:11.715+0000] {subprocess.py:106} INFO -  16050K .......... .......... .......... .......... .......... 54%  171M 1s
[2024-12-06T17:46:11.716+0000] {subprocess.py:106} INFO -  16100K .......... .......... .......... .......... .......... 55%  218M 1s
[2024-12-06T17:46:11.717+0000] {subprocess.py:106} INFO -  16150K .......... .......... .......... .......... .......... 55%  106M 1s
[2024-12-06T17:46:11.717+0000] {subprocess.py:106} INFO -  16200K .......... .......... .......... .......... .......... 55%  195M 1s
[2024-12-06T17:46:11.718+0000] {subprocess.py:106} INFO -  16250K .......... .......... .......... .......... .......... 55%  238M 1s
[2024-12-06T17:46:11.720+0000] {subprocess.py:106} INFO -  16300K .......... .......... .......... .......... .......... 55%  206M 1s
[2024-12-06T17:46:11.720+0000] {subprocess.py:106} INFO -  16350K .......... .......... .......... .......... .......... 55%  215M 1s
[2024-12-06T17:46:11.721+0000] {subprocess.py:106} INFO -  16400K .......... .......... .......... .......... .......... 56%  220M 1s
[2024-12-06T17:46:11.722+0000] {subprocess.py:106} INFO -  16450K .......... .......... .......... .......... .......... 56%  163M 1s
[2024-12-06T17:46:11.722+0000] {subprocess.py:106} INFO -  16500K .......... .......... .......... .......... .......... 56% 53.8M 1s
[2024-12-06T17:46:11.723+0000] {subprocess.py:106} INFO -  16550K .......... .......... .......... .......... .......... 56% 89.3M 1s
[2024-12-06T17:46:11.723+0000] {subprocess.py:106} INFO -  16600K .......... .......... .......... .......... .......... 56%  176M 1s
[2024-12-06T17:46:11.724+0000] {subprocess.py:106} INFO -  16650K .......... .......... .......... .......... .......... 56% 78.3M 1s
[2024-12-06T17:46:11.724+0000] {subprocess.py:106} INFO -  16700K .......... .......... .......... .......... .......... 57% 85.9M 1s
[2024-12-06T17:46:11.726+0000] {subprocess.py:106} INFO -  16750K .......... .......... .......... .......... .......... 57%  108M 1s
[2024-12-06T17:46:11.727+0000] {subprocess.py:106} INFO -  16800K .......... .......... .......... .......... .......... 57% 74.0M 1s
[2024-12-06T17:46:11.728+0000] {subprocess.py:106} INFO -  16850K .......... .......... .......... .......... .......... 57%  155M 1s
[2024-12-06T17:46:11.728+0000] {subprocess.py:106} INFO -  16900K .......... .......... .......... .......... .......... 57%  264M 1s
[2024-12-06T17:46:11.728+0000] {subprocess.py:106} INFO -  16950K .......... .......... .......... .......... .......... 58%  134M 1s
[2024-12-06T17:46:11.729+0000] {subprocess.py:106} INFO -  17000K .......... .......... .......... .......... .......... 58%  215M 1s
[2024-12-06T17:46:11.729+0000] {subprocess.py:106} INFO -  17050K .......... .......... .......... .......... .......... 58%  235M 1s
[2024-12-06T17:46:11.732+0000] {subprocess.py:106} INFO -  17100K .......... .......... .......... .......... .......... 58%  211M 1s
[2024-12-06T17:46:11.733+0000] {subprocess.py:106} INFO -  17150K .......... .......... .......... .......... .......... 58%  227M 1s
[2024-12-06T17:46:11.733+0000] {subprocess.py:106} INFO -  17200K .......... .......... .......... .......... .......... 58%  235M 1s
[2024-12-06T17:46:11.734+0000] {subprocess.py:106} INFO -  17250K .......... .......... .......... .......... .......... 59%  101M 1s
[2024-12-06T17:46:11.735+0000] {subprocess.py:106} INFO -  17300K .......... .......... .......... .......... .......... 59%  139M 1s
[2024-12-06T17:46:11.736+0000] {subprocess.py:106} INFO -  17350K .......... .......... .......... .......... .......... 59%  225M 1s
[2024-12-06T17:46:11.738+0000] {subprocess.py:106} INFO -  17400K .......... .......... .......... .......... .......... 59%  243M 1s
[2024-12-06T17:46:11.738+0000] {subprocess.py:106} INFO -  17450K .......... .......... .......... .......... .......... 59%  263M 1s
[2024-12-06T17:46:11.739+0000] {subprocess.py:106} INFO -  17500K .......... .......... .......... .......... .......... 59%  275M 1s
[2024-12-06T17:46:11.740+0000] {subprocess.py:106} INFO -  17550K .......... .......... .......... .......... .......... 60%  239M 1s
[2024-12-06T17:46:11.741+0000] {subprocess.py:106} INFO -  17600K .......... .......... .......... .......... .......... 60%  241M 1s
[2024-12-06T17:46:11.741+0000] {subprocess.py:106} INFO -  17650K .......... .......... .......... .......... .......... 60%  174M 1s
[2024-12-06T17:46:11.742+0000] {subprocess.py:106} INFO -  17700K .......... .......... .......... .......... .......... 60% 70.8M 1s
[2024-12-06T17:46:11.743+0000] {subprocess.py:106} INFO -  17750K .......... .......... .......... .......... .......... 60%  262M 1s
[2024-12-06T17:46:11.744+0000] {subprocess.py:106} INFO -  17800K .......... .......... .......... .......... .......... 60%  246M 1s
[2024-12-06T17:46:11.745+0000] {subprocess.py:106} INFO -  17850K .......... .......... .......... .......... .......... 61%  233M 1s
[2024-12-06T17:46:11.745+0000] {subprocess.py:106} INFO -  17900K .......... .......... .......... .......... .......... 61%  223M 1s
[2024-12-06T17:46:11.746+0000] {subprocess.py:106} INFO -  17950K .......... .......... .......... .......... .......... 61% 76.2M 1s
[2024-12-06T17:46:11.747+0000] {subprocess.py:106} INFO -  18000K .......... .......... .......... .......... .......... 61%  141M 1s
[2024-12-06T17:46:11.749+0000] {subprocess.py:106} INFO -  18050K .......... .......... .......... .......... .......... 61% 93.2M 1s
[2024-12-06T17:46:11.754+0000] {subprocess.py:106} INFO -  18100K .......... .......... .......... .......... .......... 61% 95.9M 1s
[2024-12-06T17:46:11.756+0000] {subprocess.py:106} INFO -  18150K .......... .......... .......... .......... .......... 62%  243M 1s
[2024-12-06T17:46:11.757+0000] {subprocess.py:106} INFO -  18200K .......... .......... .......... .......... .......... 62%  285M 1s
[2024-12-06T17:46:11.758+0000] {subprocess.py:106} INFO -  18250K .......... .......... .......... .......... .......... 62%  237M 1s
[2024-12-06T17:46:11.760+0000] {subprocess.py:106} INFO -  18300K .......... .......... .......... .......... .......... 62%  205M 1s
[2024-12-06T17:46:11.762+0000] {subprocess.py:106} INFO -  18350K .......... .......... .......... .......... .......... 62%  106M 0s
[2024-12-06T17:46:11.763+0000] {subprocess.py:106} INFO -  18400K .......... .......... .......... .......... .......... 62%  216M 0s
[2024-12-06T17:46:11.764+0000] {subprocess.py:106} INFO -  18450K .......... .......... .......... .......... .......... 63% 63.6M 0s
[2024-12-06T17:46:11.767+0000] {subprocess.py:106} INFO -  18500K .......... .......... .......... .......... .......... 63% 78.8M 0s
[2024-12-06T17:46:11.768+0000] {subprocess.py:106} INFO -  18550K .......... .......... .......... .......... .......... 63%  105M 0s
[2024-12-06T17:46:11.770+0000] {subprocess.py:106} INFO -  18600K .......... .......... .......... .......... .......... 63% 62.9M 0s
[2024-12-06T17:46:11.772+0000] {subprocess.py:106} INFO -  18650K .......... .......... .......... .......... .......... 63% 85.2M 0s
[2024-12-06T17:46:11.773+0000] {subprocess.py:106} INFO -  18700K .......... .......... .......... .......... .......... 63% 96.5M 0s
[2024-12-06T17:46:11.774+0000] {subprocess.py:106} INFO -  18750K .......... .......... .......... .......... .......... 64%  110M 0s
[2024-12-06T17:46:11.774+0000] {subprocess.py:106} INFO -  18800K .......... .......... .......... .......... .......... 64% 60.9M 0s
[2024-12-06T17:46:11.774+0000] {subprocess.py:106} INFO -  18850K .......... .......... .......... .......... .......... 64% 83.3M 0s
[2024-12-06T17:46:11.775+0000] {subprocess.py:106} INFO -  18900K .......... .......... .......... .......... .......... 64%  124M 0s
[2024-12-06T17:46:11.776+0000] {subprocess.py:106} INFO -  18950K .......... .......... .......... .......... .......... 64%  124M 0s
[2024-12-06T17:46:11.776+0000] {subprocess.py:106} INFO -  19000K .......... .......... .......... .......... .......... 65%  161M 0s
[2024-12-06T17:46:11.776+0000] {subprocess.py:106} INFO -  19050K .......... .......... .......... .......... .......... 65%  112M 0s
[2024-12-06T17:46:11.777+0000] {subprocess.py:106} INFO -  19100K .......... .......... .......... .......... .......... 65%  108M 0s
[2024-12-06T17:46:11.777+0000] {subprocess.py:106} INFO -  19150K .......... .......... .......... .......... .......... 65%  184M 0s
[2024-12-06T17:46:11.777+0000] {subprocess.py:106} INFO -  19200K .......... .......... .......... .......... .......... 65%  249M 0s
[2024-12-06T17:46:11.778+0000] {subprocess.py:106} INFO -  19250K .......... .......... .......... .......... .......... 65% 62.6M 0s
[2024-12-06T17:46:11.778+0000] {subprocess.py:106} INFO -  19300K .......... .......... .......... .......... .......... 66% 98.2M 0s
[2024-12-06T17:46:11.778+0000] {subprocess.py:106} INFO -  19350K .......... .......... .......... .......... .......... 66% 79.0M 0s
[2024-12-06T17:46:11.779+0000] {subprocess.py:106} INFO -  19400K .......... .......... .......... .......... .......... 66%  260M 0s
[2024-12-06T17:46:11.780+0000] {subprocess.py:106} INFO -  19450K .......... .......... .......... .......... .......... 66%  188M 0s
[2024-12-06T17:46:11.781+0000] {subprocess.py:106} INFO -  19500K .......... .......... .......... .......... .......... 66%  248M 0s
[2024-12-06T17:46:11.781+0000] {subprocess.py:106} INFO -  19550K .......... .......... .......... .......... .......... 66%  241M 0s
[2024-12-06T17:46:11.782+0000] {subprocess.py:106} INFO -  19600K .......... .......... .......... .......... .......... 67%  226M 0s
[2024-12-06T17:46:11.782+0000] {subprocess.py:106} INFO -  19650K .......... .......... .......... .......... .......... 67% 89.7M 0s
[2024-12-06T17:46:11.783+0000] {subprocess.py:106} INFO -  19700K .......... .......... .......... .......... .......... 67% 64.8M 0s
[2024-12-06T17:46:11.783+0000] {subprocess.py:106} INFO -  19750K .......... .......... .......... .......... .......... 67% 93.1M 0s
[2024-12-06T17:46:11.786+0000] {subprocess.py:106} INFO -  19800K .......... .......... .......... .......... .......... 67%  182M 0s
[2024-12-06T17:46:11.791+0000] {subprocess.py:106} INFO -  19850K .......... .......... .......... .......... .......... 67%  196M 0s
[2024-12-06T17:46:11.794+0000] {subprocess.py:106} INFO -  19900K .......... .......... .......... .......... .......... 68%  133M 0s
[2024-12-06T17:46:11.795+0000] {subprocess.py:106} INFO -  19950K .......... .......... .......... .......... .......... 68%  100M 0s
[2024-12-06T17:46:11.796+0000] {subprocess.py:106} INFO -  20000K .......... .......... .......... .......... .......... 68% 58.4M 0s
[2024-12-06T17:46:11.797+0000] {subprocess.py:106} INFO -  20050K .......... .......... .......... .......... .......... 68%  193M 0s
[2024-12-06T17:46:11.800+0000] {subprocess.py:106} INFO -  20100K .......... .......... .......... .......... .......... 68% 47.5M 0s
[2024-12-06T17:46:11.802+0000] {subprocess.py:106} INFO -  20150K .......... .......... .......... .......... .......... 68%  117M 0s
[2024-12-06T17:46:11.803+0000] {subprocess.py:106} INFO -  20200K .......... .......... .......... .......... .......... 69% 56.1M 0s
[2024-12-06T17:46:11.806+0000] {subprocess.py:106} INFO -  20250K .......... .......... .......... .......... .......... 69%  112M 0s
[2024-12-06T17:46:11.806+0000] {subprocess.py:106} INFO -  20300K .......... .......... .......... .......... .......... 69% 81.1M 0s
[2024-12-06T17:46:11.807+0000] {subprocess.py:106} INFO -  20350K .......... .......... .......... .......... .......... 69%  121M 0s
[2024-12-06T17:46:11.809+0000] {subprocess.py:106} INFO -  20400K .......... .......... .......... .......... .......... 69%  167M 0s
[2024-12-06T17:46:11.813+0000] {subprocess.py:106} INFO -  20450K .......... .......... .......... .......... .......... 69%  234M 0s
[2024-12-06T17:46:11.814+0000] {subprocess.py:106} INFO -  20500K .......... .......... .......... .......... .......... 70%  289M 0s
[2024-12-06T17:46:11.817+0000] {subprocess.py:106} INFO -  20550K .......... .......... .......... .......... .......... 70%  140M 0s
[2024-12-06T17:46:11.818+0000] {subprocess.py:106} INFO -  20600K .......... .......... .......... .......... .......... 70%  232M 0s
[2024-12-06T17:46:11.819+0000] {subprocess.py:106} INFO -  20650K .......... .......... .......... .......... .......... 70%  212M 0s
[2024-12-06T17:46:11.820+0000] {subprocess.py:106} INFO -  20700K .......... .......... .......... .......... .......... 70%  158M 0s
[2024-12-06T17:46:11.821+0000] {subprocess.py:106} INFO -  20750K .......... .......... .......... .......... .......... 70%  198M 0s
[2024-12-06T17:46:11.822+0000] {subprocess.py:106} INFO -  20800K .......... .......... .......... .......... .......... 71%  100M 0s
[2024-12-06T17:46:11.822+0000] {subprocess.py:106} INFO -  20850K .......... .......... .......... .......... .......... 71%  183M 0s
[2024-12-06T17:46:11.823+0000] {subprocess.py:106} INFO -  20900K .......... .......... .......... .......... .......... 71%  224M 0s
[2024-12-06T17:46:11.824+0000] {subprocess.py:106} INFO -  20950K .......... .......... .......... .......... .......... 71%  192M 0s
[2024-12-06T17:46:11.824+0000] {subprocess.py:106} INFO -  21000K .......... .......... .......... .......... .......... 71% 93.9M 0s
[2024-12-06T17:46:11.825+0000] {subprocess.py:106} INFO -  21050K .......... .......... .......... .......... .......... 72%  194M 0s
[2024-12-06T17:46:11.825+0000] {subprocess.py:106} INFO -  21100K .......... .......... .......... .......... .......... 72%  253M 0s
[2024-12-06T17:46:11.826+0000] {subprocess.py:106} INFO -  21150K .......... .......... .......... .......... .......... 72%  283M 0s
[2024-12-06T17:46:11.827+0000] {subprocess.py:106} INFO -  21200K .......... .......... .......... .......... .......... 72%  254M 0s
[2024-12-06T17:46:11.827+0000] {subprocess.py:106} INFO -  21250K .......... .......... .......... .......... .......... 72%  109M 0s
[2024-12-06T17:46:11.828+0000] {subprocess.py:106} INFO -  21300K .......... .......... .......... .......... .......... 72%  201M 0s
[2024-12-06T17:46:11.828+0000] {subprocess.py:106} INFO -  21350K .......... .......... .......... .......... .......... 73%  161M 0s
[2024-12-06T17:46:11.831+0000] {subprocess.py:106} INFO -  21400K .......... .......... .......... .......... .......... 73%  135M 0s
[2024-12-06T17:46:11.833+0000] {subprocess.py:106} INFO -  21450K .......... .......... .......... .......... .......... 73%  156M 0s
[2024-12-06T17:46:11.834+0000] {subprocess.py:106} INFO -  21500K .......... .......... .......... .......... .......... 73%  146M 0s
[2024-12-06T17:46:11.835+0000] {subprocess.py:106} INFO -  21550K .......... .......... .......... .......... .......... 73%  248M 0s
[2024-12-06T17:46:11.839+0000] {subprocess.py:106} INFO -  21600K .......... .......... .......... .......... .......... 73%  242M 0s
[2024-12-06T17:46:11.842+0000] {subprocess.py:106} INFO -  21650K .......... .......... .......... .......... .......... 74%  225M 0s
[2024-12-06T17:46:11.843+0000] {subprocess.py:106} INFO -  21700K .......... .......... .......... .......... .......... 74%  253M 0s
[2024-12-06T17:46:11.843+0000] {subprocess.py:106} INFO -  21750K .......... .......... .......... .......... .......... 74%  107M 0s
[2024-12-06T17:46:11.844+0000] {subprocess.py:106} INFO -  21800K .......... .......... .......... .......... .......... 74%  302M 0s
[2024-12-06T17:46:11.844+0000] {subprocess.py:106} INFO -  21850K .......... .......... .......... .......... .......... 74%  235M 0s
[2024-12-06T17:46:11.845+0000] {subprocess.py:106} INFO -  21900K .......... .......... .......... .......... .......... 74%  154M 0s
[2024-12-06T17:46:11.845+0000] {subprocess.py:106} INFO -  21950K .......... .......... .......... .......... .......... 75%  144M 0s
[2024-12-06T17:46:11.845+0000] {subprocess.py:106} INFO -  22000K .......... .......... .......... .......... .......... 75%  163M 0s
[2024-12-06T17:46:11.846+0000] {subprocess.py:106} INFO -  22050K .......... .......... .......... .......... .......... 75% 59.1M 0s
[2024-12-06T17:46:11.846+0000] {subprocess.py:106} INFO -  22100K .......... .......... .......... .......... .......... 75%  195M 0s
[2024-12-06T17:46:11.847+0000] {subprocess.py:106} INFO -  22150K .......... .......... .......... .......... .......... 75%  178M 0s
[2024-12-06T17:46:11.847+0000] {subprocess.py:106} INFO -  22200K .......... .......... .......... .......... .......... 75%  136M 0s
[2024-12-06T17:46:11.847+0000] {subprocess.py:106} INFO -  22250K .......... .......... .......... .......... .......... 76%  161M 0s
[2024-12-06T17:46:11.848+0000] {subprocess.py:106} INFO -  22300K .......... .......... .......... .......... .......... 76%  200M 0s
[2024-12-06T17:46:11.851+0000] {subprocess.py:106} INFO -  22350K .......... .......... .......... .......... .......... 76%  175M 0s
[2024-12-06T17:46:11.852+0000] {subprocess.py:106} INFO -  22400K .......... .......... .......... .......... .......... 76%  124M 0s
[2024-12-06T17:46:11.853+0000] {subprocess.py:106} INFO -  22450K .......... .......... .......... .......... .......... 76% 64.9M 0s
[2024-12-06T17:46:11.854+0000] {subprocess.py:106} INFO -  22500K .......... .......... .......... .......... .......... 76% 20.9M 0s
[2024-12-06T17:46:11.855+0000] {subprocess.py:106} INFO -  22550K .......... .......... .......... .......... .......... 77% 32.2M 0s
[2024-12-06T17:46:11.855+0000] {subprocess.py:106} INFO -  22600K .......... .......... .......... .......... .......... 77% 56.6M 0s
[2024-12-06T17:46:11.855+0000] {subprocess.py:106} INFO -  22650K .......... .......... .......... .......... .......... 77% 26.4M 0s
[2024-12-06T17:46:11.856+0000] {subprocess.py:106} INFO -  22700K .......... .......... .......... .......... .......... 77% 94.5M 0s
[2024-12-06T17:46:11.856+0000] {subprocess.py:106} INFO -  22750K .......... .......... .......... .......... .......... 77% 62.1M 0s
[2024-12-06T17:46:11.857+0000] {subprocess.py:106} INFO -  22800K .......... .......... .......... .......... .......... 77% 21.0M 0s
[2024-12-06T17:46:11.857+0000] {subprocess.py:106} INFO -  22850K .......... .......... .......... .......... .......... 78% 81.2M 0s
[2024-12-06T17:46:11.857+0000] {subprocess.py:106} INFO -  22900K .......... .......... .......... .......... .......... 78% 22.1M 0s
[2024-12-06T17:46:11.857+0000] {subprocess.py:106} INFO -  22950K .......... .......... .......... .......... .......... 78%  264M 0s
[2024-12-06T17:46:11.858+0000] {subprocess.py:106} INFO -  23000K .......... .......... .......... .......... .......... 78%  113M 0s
[2024-12-06T17:46:11.858+0000] {subprocess.py:106} INFO -  23050K .......... .......... .......... .......... .......... 78% 13.9M 0s
[2024-12-06T17:46:11.858+0000] {subprocess.py:106} INFO -  23100K .......... .......... .......... .......... .......... 78%  280M 0s
[2024-12-06T17:46:11.858+0000] {subprocess.py:106} INFO -  23150K .......... .......... .......... .......... .......... 79% 55.5M 0s
[2024-12-06T17:46:11.859+0000] {subprocess.py:106} INFO -  23200K .......... .......... .......... .......... .......... 79% 14.2M 0s
[2024-12-06T17:46:11.859+0000] {subprocess.py:106} INFO -  23250K .......... .......... .......... .......... .......... 79% 32.4M 0s
[2024-12-06T17:46:11.859+0000] {subprocess.py:106} INFO -  23300K .......... .......... .......... .......... .......... 79% 52.3M 0s
[2024-12-06T17:46:11.859+0000] {subprocess.py:106} INFO -  23350K .......... .......... .......... .......... .......... 79%  108M 0s
[2024-12-06T17:46:11.860+0000] {subprocess.py:106} INFO -  23400K .......... .......... .......... .......... .......... 80% 63.9M 0s
[2024-12-06T17:46:11.860+0000] {subprocess.py:106} INFO -  23450K .......... .......... .......... .......... .......... 80%  272M 0s
[2024-12-06T17:46:11.860+0000] {subprocess.py:106} INFO -  23500K .......... .......... .......... .......... .......... 80%  221M 0s
[2024-12-06T17:46:11.861+0000] {subprocess.py:106} INFO -  23550K .......... .......... .......... .......... .......... 80% 78.7M 0s
[2024-12-06T17:46:11.862+0000] {subprocess.py:106} INFO -  23600K .......... .......... .......... .......... .......... 80% 27.3M 0s
[2024-12-06T17:46:11.862+0000] {subprocess.py:106} INFO -  23650K .......... .......... .......... .......... .......... 80%  282M 0s
[2024-12-06T17:46:11.862+0000] {subprocess.py:106} INFO -  23700K .......... .......... .......... .......... .......... 81%  140M 0s
[2024-12-06T17:46:11.863+0000] {subprocess.py:106} INFO -  23750K .......... .......... .......... .......... .......... 81%  171M 0s
[2024-12-06T17:46:11.864+0000] {subprocess.py:106} INFO -  23800K .......... .......... .......... .......... .......... 81%  156M 0s
[2024-12-06T17:46:11.864+0000] {subprocess.py:106} INFO -  23850K .......... .......... .......... .......... .......... 81%  201M 0s
[2024-12-06T17:46:11.866+0000] {subprocess.py:106} INFO -  23900K .......... .......... .......... .......... .......... 81% 15.7M 0s
[2024-12-06T17:46:11.871+0000] {subprocess.py:106} INFO -  23950K .......... .......... .......... .......... .......... 81% 23.0M 0s
[2024-12-06T17:46:11.872+0000] {subprocess.py:106} INFO -  24000K .......... .......... .......... .......... .......... 82% 13.9M 0s
[2024-12-06T17:46:11.873+0000] {subprocess.py:106} INFO -  24050K .......... .......... .......... .......... .......... 82% 54.8M 0s
[2024-12-06T17:46:11.874+0000] {subprocess.py:106} INFO -  24100K .......... .......... .......... .......... .......... 82% 15.7M 0s
[2024-12-06T17:46:11.875+0000] {subprocess.py:106} INFO -  24150K .......... .......... .......... .......... .......... 82% 14.1M 0s
[2024-12-06T17:46:11.876+0000] {subprocess.py:106} INFO -  24200K .......... .......... .......... .......... .......... 82% 93.6M 0s
[2024-12-06T17:46:11.879+0000] {subprocess.py:106} INFO -  24250K .......... .......... .......... .......... .......... 82%  118M 0s
[2024-12-06T17:46:11.880+0000] {subprocess.py:106} INFO -  24300K .......... .......... .......... .......... .......... 83%  218M 0s
[2024-12-06T17:46:11.881+0000] {subprocess.py:106} INFO -  24350K .......... .......... .......... .......... .......... 83%  240M 0s
[2024-12-06T17:46:11.881+0000] {subprocess.py:106} INFO -  24400K .......... .......... .......... .......... .......... 83%  300M 0s
[2024-12-06T17:46:11.883+0000] {subprocess.py:106} INFO -  24450K .......... .......... .......... .......... .......... 83% 33.4M 0s
[2024-12-06T17:46:11.885+0000] {subprocess.py:106} INFO -  24500K .......... .......... .......... .......... .......... 83%  212M 0s
[2024-12-06T17:46:11.887+0000] {subprocess.py:106} INFO -  24550K .......... .......... .......... .......... .......... 83% 69.8M 0s
[2024-12-06T17:46:11.888+0000] {subprocess.py:106} INFO -  24600K .......... .......... .......... .......... .......... 84% 71.3M 0s
[2024-12-06T17:46:11.889+0000] {subprocess.py:106} INFO -  24650K .......... .......... .......... .......... .......... 84%  269M 0s
[2024-12-06T17:46:11.889+0000] {subprocess.py:106} INFO -  24700K .......... .......... .......... .......... .......... 84%  171M 0s
[2024-12-06T17:46:11.889+0000] {subprocess.py:106} INFO -  24750K .......... .......... .......... .......... .......... 84% 52.1M 0s
[2024-12-06T17:46:11.891+0000] {subprocess.py:106} INFO -  24800K .......... .......... .......... .......... .......... 84% 50.9M 0s
[2024-12-06T17:46:11.892+0000] {subprocess.py:106} INFO -  24850K .......... .......... .......... .......... .......... 84% 59.5M 0s
[2024-12-06T17:46:11.893+0000] {subprocess.py:106} INFO -  24900K .......... .......... .......... .......... .......... 85%  250M 0s
[2024-12-06T17:46:11.894+0000] {subprocess.py:106} INFO -  24950K .......... .......... .......... .......... .......... 85%  110M 0s
[2024-12-06T17:46:11.894+0000] {subprocess.py:106} INFO -  25000K .......... .......... .......... .......... .......... 85%  273M 0s
[2024-12-06T17:46:11.895+0000] {subprocess.py:106} INFO -  25050K .......... .......... .......... .......... .......... 85%  244M 0s
[2024-12-06T17:46:11.896+0000] {subprocess.py:106} INFO -  25100K .......... .......... .......... .......... .......... 85% 75.5M 0s
[2024-12-06T17:46:11.897+0000] {subprocess.py:106} INFO -  25150K .......... .......... .......... .......... .......... 85%  134M 0s
[2024-12-06T17:46:11.897+0000] {subprocess.py:106} INFO -  25200K .......... .......... .......... .......... .......... 86% 77.1M 0s
[2024-12-06T17:46:11.898+0000] {subprocess.py:106} INFO -  25250K .......... .......... .......... .......... .......... 86% 68.5M 0s
[2024-12-06T17:46:11.898+0000] {subprocess.py:106} INFO -  25300K .......... .......... .......... .......... .......... 86%  106M 0s
[2024-12-06T17:46:11.898+0000] {subprocess.py:106} INFO -  25350K .......... .......... .......... .......... .......... 86%  185M 0s
[2024-12-06T17:46:11.899+0000] {subprocess.py:106} INFO -  25400K .......... .......... .......... .......... .......... 86%  298M 0s
[2024-12-06T17:46:11.900+0000] {subprocess.py:106} INFO -  25450K .......... .......... .......... .......... .......... 87%  287M 0s
[2024-12-06T17:46:11.901+0000] {subprocess.py:106} INFO -  25500K .......... .......... .......... .......... .......... 87%  294M 0s
[2024-12-06T17:46:11.901+0000] {subprocess.py:106} INFO -  25550K .......... .......... .......... .......... .......... 87%  302M 0s
[2024-12-06T17:46:11.903+0000] {subprocess.py:106} INFO -  25600K .......... .......... .......... .......... .......... 87%  288M 0s
[2024-12-06T17:46:11.903+0000] {subprocess.py:106} INFO -  25650K .......... .......... .......... .......... .......... 87%  157M 0s
[2024-12-06T17:46:11.906+0000] {subprocess.py:106} INFO -  25700K .......... .......... .......... .......... .......... 87%  304M 0s
[2024-12-06T17:46:11.906+0000] {subprocess.py:106} INFO -  25750K .......... .......... .......... .......... .......... 88%  227M 0s
[2024-12-06T17:46:11.907+0000] {subprocess.py:106} INFO -  25800K .......... .......... .......... .......... .......... 88%  126M 0s
[2024-12-06T17:46:11.912+0000] {subprocess.py:106} INFO -  25850K .......... .......... .......... .......... .......... 88%  230M 0s
[2024-12-06T17:46:11.913+0000] {subprocess.py:106} INFO -  25900K .......... .......... .......... .......... .......... 88%  327M 0s
[2024-12-06T17:46:11.919+0000] {subprocess.py:106} INFO -  25950K .......... .......... .......... .......... .......... 88% 63.0M 0s
[2024-12-06T17:46:11.926+0000] {subprocess.py:106} INFO -  26000K .......... .......... .......... .......... .......... 88%  187M 0s
[2024-12-06T17:46:11.933+0000] {subprocess.py:106} INFO -  26050K .......... .......... .......... .......... .......... 89% 62.6M 0s
[2024-12-06T17:46:11.944+0000] {subprocess.py:106} INFO -  26100K .......... .......... .......... .......... .......... 89%  152M 0s
[2024-12-06T17:46:11.944+0000] {subprocess.py:106} INFO -  26150K .......... .......... .......... .......... .......... 89%  163M 0s
[2024-12-06T17:46:11.945+0000] {subprocess.py:106} INFO -  26200K .......... .......... .......... .......... .......... 89%  170M 0s
[2024-12-06T17:46:11.945+0000] {subprocess.py:106} INFO -  26250K .......... .......... .......... .......... .......... 89%  151M 0s
[2024-12-06T17:46:11.947+0000] {subprocess.py:106} INFO -  26300K .......... .......... .......... .......... .......... 89% 81.0M 0s
[2024-12-06T17:46:11.948+0000] {subprocess.py:106} INFO -  26350K .......... .......... .......... .......... .......... 90%  131M 0s
[2024-12-06T17:46:11.948+0000] {subprocess.py:106} INFO -  26400K .......... .......... .......... .......... .......... 90%  313M 0s
[2024-12-06T17:46:11.950+0000] {subprocess.py:106} INFO -  26450K .......... .......... .......... .......... .......... 90% 34.7M 0s
[2024-12-06T17:46:11.952+0000] {subprocess.py:106} INFO -  26500K .......... .......... .......... .......... .......... 90%  235M 0s
[2024-12-06T17:46:11.953+0000] {subprocess.py:106} INFO -  26550K .......... .......... .......... .......... .......... 90%  153M 0s
[2024-12-06T17:46:11.955+0000] {subprocess.py:106} INFO -  26600K .......... .......... .......... .......... .......... 90% 71.3M 0s
[2024-12-06T17:46:11.956+0000] {subprocess.py:106} INFO -  26650K .......... .......... .......... .......... .......... 91% 57.5M 0s
[2024-12-06T17:46:11.956+0000] {subprocess.py:106} INFO -  26700K .......... .......... .......... .......... .......... 91% 20.2M 0s
[2024-12-06T17:46:11.956+0000] {subprocess.py:106} INFO -  26750K .......... .......... .......... .......... .......... 91% 53.0M 0s
[2024-12-06T17:46:11.957+0000] {subprocess.py:106} INFO -  26800K .......... .......... .......... .......... .......... 91% 22.4M 0s
[2024-12-06T17:46:11.957+0000] {subprocess.py:106} INFO -  26850K .......... .......... .......... .......... .......... 91% 44.1M 0s
[2024-12-06T17:46:11.958+0000] {subprocess.py:106} INFO -  26900K .......... .......... .......... .......... .......... 91%  192M 0s
[2024-12-06T17:46:11.958+0000] {subprocess.py:106} INFO -  26950K .......... .......... .......... .......... .......... 92% 61.1M 0s
[2024-12-06T17:46:11.958+0000] {subprocess.py:106} INFO -  27000K .......... .......... .......... .......... .......... 92% 20.2M 0s
[2024-12-06T17:46:11.959+0000] {subprocess.py:106} INFO -  27050K .......... .......... .......... .......... .......... 92% 28.9M 0s
[2024-12-06T17:46:11.959+0000] {subprocess.py:106} INFO -  27100K .......... .......... .......... .......... .......... 92% 19.5M 0s
[2024-12-06T17:46:11.959+0000] {subprocess.py:106} INFO -  27150K .......... .......... .......... .......... .......... 92%  176M 0s
[2024-12-06T17:46:11.961+0000] {subprocess.py:106} INFO -  27200K .......... .......... .......... .......... .......... 92% 12.2M 0s
[2024-12-06T17:46:11.962+0000] {subprocess.py:106} INFO -  27250K .......... .......... .......... .......... .......... 93%  173M 0s
[2024-12-06T17:46:11.962+0000] {subprocess.py:106} INFO -  27300K .......... .......... .......... .......... .......... 93%  236M 0s
[2024-12-06T17:46:11.962+0000] {subprocess.py:106} INFO -  27350K .......... .......... .......... .......... .......... 93%  236M 0s
[2024-12-06T17:46:11.963+0000] {subprocess.py:106} INFO -  27400K .......... .......... .......... .......... .......... 93%  213M 0s
[2024-12-06T17:46:11.963+0000] {subprocess.py:106} INFO -  27450K .......... .......... .......... .......... .......... 93% 92.1M 0s
[2024-12-06T17:46:11.963+0000] {subprocess.py:106} INFO -  27500K .......... .......... .......... .......... .......... 94%  125M 0s
[2024-12-06T17:46:11.963+0000] {subprocess.py:106} INFO -  27550K .......... .......... .......... .......... .......... 94%  223M 0s
[2024-12-06T17:46:11.964+0000] {subprocess.py:106} INFO -  27600K .......... .......... .......... .......... .......... 94%  209M 0s
[2024-12-06T17:46:11.964+0000] {subprocess.py:106} INFO -  27650K .......... .......... .......... .......... .......... 94%  175M 0s
[2024-12-06T17:46:11.964+0000] {subprocess.py:106} INFO -  27700K .......... .......... .......... .......... .......... 94%  183M 0s
[2024-12-06T17:46:11.964+0000] {subprocess.py:106} INFO -  27750K .......... .......... .......... .......... .......... 94%  226M 0s
[2024-12-06T17:46:11.965+0000] {subprocess.py:106} INFO -  27800K .......... .......... .......... .......... .......... 95%  112M 0s
[2024-12-06T17:46:11.965+0000] {subprocess.py:106} INFO -  27850K .......... .......... .......... .......... .......... 95%  134M 0s
[2024-12-06T17:46:11.965+0000] {subprocess.py:106} INFO -  27900K .......... .......... .......... .......... .......... 95%  186M 0s
[2024-12-06T17:46:11.965+0000] {subprocess.py:106} INFO -  27950K .......... .......... .......... .......... .......... 95%  230M 0s
[2024-12-06T17:46:11.966+0000] {subprocess.py:106} INFO -  28000K .......... .......... .......... .......... .......... 95%  165M 0s
[2024-12-06T17:46:11.966+0000] {subprocess.py:106} INFO -  28050K .......... .......... .......... .......... .......... 95% 77.5M 0s
[2024-12-06T17:46:11.966+0000] {subprocess.py:106} INFO -  28100K .......... .......... .......... .......... .......... 96%  245M 0s
[2024-12-06T17:46:11.967+0000] {subprocess.py:106} INFO -  28150K .......... .......... .......... .......... .......... 96%  239M 0s
[2024-12-06T17:46:11.967+0000] {subprocess.py:106} INFO -  28200K .......... .......... .......... .......... .......... 96%  260M 0s
[2024-12-06T17:46:11.967+0000] {subprocess.py:106} INFO -  28250K .......... .......... .......... .......... .......... 96%  243M 0s
[2024-12-06T17:46:11.968+0000] {subprocess.py:106} INFO -  28300K .......... .......... .......... .......... .......... 96%  256M 0s
[2024-12-06T17:46:11.968+0000] {subprocess.py:106} INFO -  28350K .......... .......... .......... .......... .......... 96%  212M 0s
[2024-12-06T17:46:11.968+0000] {subprocess.py:106} INFO -  28400K .......... .......... .......... .......... .......... 97%  248M 0s
[2024-12-06T17:46:11.968+0000] {subprocess.py:106} INFO -  28450K .......... .......... .......... .......... .......... 97%  201M 0s
[2024-12-06T17:46:11.970+0000] {subprocess.py:106} INFO -  28500K .......... .......... .......... .......... .......... 97%  251M 0s
[2024-12-06T17:46:11.971+0000] {subprocess.py:106} INFO -  28550K .......... .......... .......... .......... .......... 97%  255M 0s
[2024-12-06T17:46:11.971+0000] {subprocess.py:106} INFO -  28600K .......... .......... .......... .......... .......... 97%  200M 0s
[2024-12-06T17:46:11.972+0000] {subprocess.py:106} INFO -  28650K .......... .......... .......... .......... .......... 97%  222M 0s
[2024-12-06T17:46:11.972+0000] {subprocess.py:106} INFO -  28700K .......... .......... .......... .......... .......... 98% 94.8M 0s
[2024-12-06T17:46:11.972+0000] {subprocess.py:106} INFO -  28750K .......... .......... .......... .......... .......... 98%  129M 0s
[2024-12-06T17:46:11.972+0000] {subprocess.py:106} INFO -  28800K .......... .......... .......... .......... .......... 98%  227M 0s
[2024-12-06T17:46:11.972+0000] {subprocess.py:106} INFO -  28850K .......... .......... .......... .......... .......... 98%  132M 0s
[2024-12-06T17:46:11.973+0000] {subprocess.py:106} INFO -  28900K .......... .......... .......... .......... .......... 98%  163M 0s
[2024-12-06T17:46:11.973+0000] {subprocess.py:106} INFO -  28950K .......... .......... .......... .......... .......... 98%  208M 0s
[2024-12-06T17:46:11.974+0000] {subprocess.py:106} INFO -  29000K .......... .......... .......... .......... .......... 99%  214M 0s
[2024-12-06T17:46:11.979+0000] {subprocess.py:106} INFO -  29050K .......... .......... .......... .......... .......... 99%  222M 0s
[2024-12-06T17:46:11.983+0000] {subprocess.py:106} INFO -  29100K .......... .......... .......... .......... .......... 99%  132M 0s
[2024-12-06T17:46:11.984+0000] {subprocess.py:106} INFO -  29150K .......... .......... .......... .......... .......... 99%  220M 0s
[2024-12-06T17:46:11.989+0000] {subprocess.py:106} INFO -  29200K .......... .......... .......... .......... .......... 99%  102M 0s
[2024-12-06T17:46:11.989+0000] {subprocess.py:106} INFO -  29250K .......... .......... .......... .......... .......... 99%  133M 0s
[2024-12-06T17:46:11.989+0000] {subprocess.py:106} INFO -  29300K ....                                                  100% 8.87M=1.0s
[2024-12-06T17:46:11.990+0000] {subprocess.py:106} INFO - 
[2024-12-06T17:46:11.990+0000] {subprocess.py:106} INFO - 2024-12-06 17:46:11 (29.5 MB/s) - ‘/opt/***/output_2021-03.parquet’ saved [30007852/30007852]
[2024-12-06T17:46:11.991+0000] {subprocess.py:106} INFO - 
[2024-12-06T17:46:11.991+0000] {subprocess.py:110} INFO - Command exited with return code 0
[2024-12-06T17:46:12.037+0000] {taskinstance.py:340} INFO - ::group::Post task execution logs
[2024-12-06T17:46:12.038+0000] {taskinstance.py:352} INFO - Marking task as SUCCESS. dag_id=LocalIngestionDag_v02, task_id=wget, run_id=scheduled__2021-03-02T06:00:00+00:00, execution_date=20210302T060000, start_date=20241206T174609, end_date=20241206T174612
[2024-12-06T17:46:12.073+0000] {local_task_job_runner.py:266} INFO - Task exited with return code 0
[2024-12-06T17:46:12.118+0000] {taskinstance.py:3895} INFO - 1 downstream tasks scheduled from follow-on schedule check
[2024-12-06T17:46:12.120+0000] {local_task_job_runner.py:245} INFO - ::endgroup::
