[2024-12-09T23:56:50.582+0000] {local_task_job_runner.py:123} INFO - ::group::Pre task execution logs
[2024-12-09T23:56:50.614+0000] {taskinstance.py:2613} INFO - Dependencies all met for dep_context=non-requeueable deps ti=<TaskInstance: homework_dag_v2.download_dataset scheduled__2022-06-01T00:00:00+00:00 [queued]>
[2024-12-09T23:56:50.633+0000] {taskinstance.py:2613} INFO - Dependencies all met for dep_context=requeueable deps ti=<TaskInstance: homework_dag_v2.download_dataset scheduled__2022-06-01T00:00:00+00:00 [queued]>
[2024-12-09T23:56:50.635+0000] {taskinstance.py:2866} INFO - Starting attempt 1 of 1
[2024-12-09T23:56:50.665+0000] {taskinstance.py:2889} INFO - Executing <Task(BashOperator): download_dataset> on 2022-06-01 00:00:00+00:00
[2024-12-09T23:56:50.691+0000] {warnings.py:112} WARNING - /home/***/.local/lib/python3.12/site-packages/***/task/task_runner/standard_task_runner.py:70: DeprecationWarning: This process (pid=12131) is multi-threaded, use of fork() may lead to deadlocks in the child.
  pid = os.fork()

[2024-12-09T23:56:50.694+0000] {standard_task_runner.py:72} INFO - Started process 12151 to run task
[2024-12-09T23:56:50.699+0000] {standard_task_runner.py:104} INFO - Running: ['***', 'tasks', 'run', 'homework_dag_v2', 'download_dataset', 'scheduled__2022-06-01T00:00:00+00:00', '--job-id', '206', '--raw', '--subdir', 'DAGS_FOLDER/homework_dag_v2.py', '--cfg-path', '/tmp/tmpj8el3vnr']
[2024-12-09T23:56:50.705+0000] {standard_task_runner.py:105} INFO - Job 206: Subtask download_dataset
[2024-12-09T23:56:50.791+0000] {task_command.py:467} INFO - Running <TaskInstance: homework_dag_v2.download_dataset scheduled__2022-06-01T00:00:00+00:00 [running]> on host 39ecaeffba2c
[2024-12-09T23:56:50.883+0000] {taskinstance.py:3132} INFO - Exporting env vars: AIRFLOW_CTX_DAG_OWNER='***' AIRFLOW_CTX_DAG_ID='homework_dag_v2' AIRFLOW_CTX_TASK_ID='download_dataset' AIRFLOW_CTX_EXECUTION_DATE='2022-06-01T00:00:00+00:00' AIRFLOW_CTX_TRY_NUMBER='1' AIRFLOW_CTX_DAG_RUN_ID='scheduled__2022-06-01T00:00:00+00:00'
[2024-12-09T23:56:50.885+0000] {taskinstance.py:731} INFO - ::endgroup::
[2024-12-09T23:56:50.902+0000] {subprocess.py:78} INFO - Tmp dir root location: /tmp
[2024-12-09T23:56:50.903+0000] {subprocess.py:88} INFO - Running command: ['/usr/bin/bash', '-c', 'wget https://d37ci6vzurychx.cloudfront.net/trip-data/green_tripdata_2022-06.parquet -O /opt/***/green_tripdata_2022-06.parquet']
[2024-12-09T23:56:50.911+0000] {subprocess.py:99} INFO - Output:
[2024-12-09T23:56:50.915+0000] {subprocess.py:106} INFO - --2024-12-09 23:56:50--  https://d37ci6vzurychx.cloudfront.net/trip-data/green_tripdata_2022-06.parquet
[2024-12-09T23:56:50.949+0000] {subprocess.py:106} INFO - Resolving d37ci6vzurychx.cloudfront.net (d37ci6vzurychx.cloudfront.net)... 18.173.251.90, 18.173.251.37, 18.173.251.156, ...
[2024-12-09T23:56:50.999+0000] {subprocess.py:106} INFO - Connecting to d37ci6vzurychx.cloudfront.net (d37ci6vzurychx.cloudfront.net)|18.173.251.90|:443... connected.
[2024-12-09T23:56:51.496+0000] {subprocess.py:106} INFO - HTTP request sent, awaiting response... 200 OK
[2024-12-09T23:56:51.497+0000] {subprocess.py:106} INFO - Length: 1529658 (1.5M) [binary/octet-stream]
[2024-12-09T23:56:51.498+0000] {subprocess.py:106} INFO - Saving to: ‘/opt/***/green_tripdata_2022-06.parquet’
[2024-12-09T23:56:51.501+0000] {subprocess.py:106} INFO - 
[2024-12-09T23:56:51.621+0000] {subprocess.py:106} INFO -      0K .......... .......... .......... .......... ..........  3%  670K 2s
[2024-12-09T23:56:51.638+0000] {subprocess.py:106} INFO -     50K .......... .......... .......... .......... ..........  6%  796K 2s
[2024-12-09T23:56:51.689+0000] {subprocess.py:106} INFO -    100K .......... .......... .......... .......... .......... 10%  905K 2s
[2024-12-09T23:56:51.712+0000] {subprocess.py:106} INFO -    150K .......... .......... .......... .......... .......... 13% 2.10M 1s
[2024-12-09T23:56:51.724+0000] {subprocess.py:106} INFO -    200K .......... .......... .......... .......... .......... 16% 4.25M 1s
[2024-12-09T23:56:51.739+0000] {subprocess.py:106} INFO -    250K .......... .......... .......... .......... .......... 20% 3.26M 1s
[2024-12-09T23:56:51.749+0000] {subprocess.py:106} INFO -    300K .......... .......... .......... .......... .......... 23% 4.74M 1s
[2024-12-09T23:56:51.762+0000] {subprocess.py:106} INFO -    350K .......... .......... .......... .......... .......... 26% 3.69M 1s
[2024-12-09T23:56:51.773+0000] {subprocess.py:106} INFO -    400K .......... .......... .......... .......... .......... 30% 4.76M 1s
[2024-12-09T23:56:51.780+0000] {subprocess.py:106} INFO -    450K .......... .......... .......... .......... .......... 33% 9.14M 1s
[2024-12-09T23:56:51.785+0000] {subprocess.py:106} INFO -    500K .......... .......... .......... .......... .......... 36% 6.50M 0s
[2024-12-09T23:56:51.797+0000] {subprocess.py:106} INFO -    550K .......... .......... .......... .......... .......... 40% 4.84M 0s
[2024-12-09T23:56:51.804+0000] {subprocess.py:106} INFO -    600K .......... .......... .......... .......... .......... 43% 5.72M 0s
[2024-12-09T23:56:51.814+0000] {subprocess.py:106} INFO -    650K .......... .......... .......... .......... .......... 46% 5.21M 0s
[2024-12-09T23:56:51.819+0000] {subprocess.py:106} INFO -    700K .......... .......... .......... .......... .......... 50% 9.50M 0s
[2024-12-09T23:56:51.822+0000] {subprocess.py:106} INFO -    750K .......... .......... .......... .......... .......... 53% 15.3M 0s
[2024-12-09T23:56:51.826+0000] {subprocess.py:106} INFO -    800K .......... .......... .......... .......... .......... 56% 11.4M 0s
[2024-12-09T23:56:51.830+0000] {subprocess.py:106} INFO -    850K .......... .......... .......... .......... .......... 60% 12.0M 0s
[2024-12-09T23:56:51.834+0000] {subprocess.py:106} INFO -    900K .......... .......... .......... .......... .......... 63% 13.8M 0s
[2024-12-09T23:56:51.838+0000] {subprocess.py:106} INFO -    950K .......... .......... .......... .......... .......... 66% 11.4M 0s
[2024-12-09T23:56:51.841+0000] {subprocess.py:106} INFO -   1000K .......... .......... .......... .......... .......... 70% 18.7M 0s
[2024-12-09T23:56:51.844+0000] {subprocess.py:106} INFO -   1050K .......... .......... .......... .......... .......... 73% 16.6M 0s
[2024-12-09T23:56:51.846+0000] {subprocess.py:106} INFO -   1100K .......... .......... .......... .......... .......... 76% 17.3M 0s
[2024-12-09T23:56:51.849+0000] {subprocess.py:106} INFO -   1150K .......... .......... .......... .......... .......... 80% 17.2M 0s
[2024-12-09T23:56:51.852+0000] {subprocess.py:106} INFO -   1200K .......... .......... .......... .......... .......... 83% 17.0M 0s
[2024-12-09T23:56:51.856+0000] {subprocess.py:106} INFO -   1250K .......... .......... .......... .......... .......... 87% 13.3M 0s
[2024-12-09T23:56:51.859+0000] {subprocess.py:106} INFO -   1300K .......... .......... .......... .......... .......... 90% 17.1M 0s
[2024-12-09T23:56:51.862+0000] {subprocess.py:106} INFO -   1350K .......... .......... .......... .......... .......... 93% 14.6M 0s
[2024-12-09T23:56:51.865+0000] {subprocess.py:106} INFO -   1400K .......... .......... .......... .......... .......... 97% 17.0M 0s
[2024-12-09T23:56:51.890+0000] {subprocess.py:106} INFO -   1450K .......... .......... .......... .......... ...       100% 1.68M=0.4s
[2024-12-09T23:56:51.896+0000] {subprocess.py:106} INFO - 
[2024-12-09T23:56:51.900+0000] {subprocess.py:106} INFO - 2024-12-09 23:56:51 (3.70 MB/s) - ‘/opt/***/green_tripdata_2022-06.parquet’ saved [1529658/1529658]
[2024-12-09T23:56:51.911+0000] {subprocess.py:106} INFO - 
[2024-12-09T23:56:51.914+0000] {subprocess.py:110} INFO - Command exited with return code 0
[2024-12-09T23:56:52.012+0000] {taskinstance.py:340} INFO - ::group::Post task execution logs
[2024-12-09T23:56:52.017+0000] {taskinstance.py:352} INFO - Marking task as SUCCESS. dag_id=homework_dag_v2, task_id=download_dataset, run_id=scheduled__2022-06-01T00:00:00+00:00, execution_date=20220601T000000, start_date=20241209T235650, end_date=20241209T235652
[2024-12-09T23:56:52.098+0000] {local_task_job_runner.py:266} INFO - Task exited with return code 0
[2024-12-09T23:56:52.123+0000] {taskinstance.py:3895} INFO - 1 downstream tasks scheduled from follow-on schedule check
[2024-12-09T23:56:52.124+0000] {local_task_job_runner.py:245} INFO - ::endgroup::
