[2024-12-05T20:39:31.350+0000] {local_task_job_runner.py:123} INFO - ::group::Pre task execution logs
[2024-12-05T20:39:31.360+0000] {taskinstance.py:2613} INFO - Dependencies all met for dep_context=non-requeueable deps ti=<TaskInstance: LocalIngestionDag.ingest scheduled__2021-03-02T06:00:00+00:00 [queued]>
[2024-12-05T20:39:31.366+0000] {taskinstance.py:2613} INFO - Dependencies all met for dep_context=requeueable deps ti=<TaskInstance: LocalIngestionDag.ingest scheduled__2021-03-02T06:00:00+00:00 [queued]>
[2024-12-05T20:39:31.366+0000] {taskinstance.py:2866} INFO - Starting attempt 2 of 2
[2024-12-05T20:39:31.374+0000] {taskinstance.py:2889} INFO - Executing <Task(BashOperator): ingest> on 2021-03-02 06:00:00+00:00
[2024-12-05T20:39:31.378+0000] {warnings.py:112} WARNING - /home/***/.local/lib/python3.12/site-packages/***/task/task_runner/standard_task_runner.py:70: DeprecationWarning: This process (pid=773) is multi-threaded, use of fork() may lead to deadlocks in the child.
  pid = os.fork()

[2024-12-05T20:39:31.379+0000] {standard_task_runner.py:72} INFO - Started process 778 to run task
[2024-12-05T20:39:31.379+0000] {standard_task_runner.py:104} INFO - Running: ['***', 'tasks', 'run', 'LocalIngestionDag', 'ingest', 'scheduled__2021-03-02T06:00:00+00:00', '--job-id', '29', '--raw', '--subdir', 'DAGS_FOLDER/data_ingestion_local.py', '--cfg-path', '/tmp/tmphm6062t0']
[2024-12-05T20:39:31.381+0000] {standard_task_runner.py:105} INFO - Job 29: Subtask ingest
[2024-12-05T20:39:31.412+0000] {task_command.py:467} INFO - Running <TaskInstance: LocalIngestionDag.ingest scheduled__2021-03-02T06:00:00+00:00 [running]> on host cf87bc668ac5
[2024-12-05T20:39:31.459+0000] {taskinstance.py:3132} INFO - Exporting env vars: AIRFLOW_CTX_DAG_OWNER='***' AIRFLOW_CTX_DAG_ID='LocalIngestionDag' AIRFLOW_CTX_TASK_ID='ingest' AIRFLOW_CTX_EXECUTION_DATE='2021-03-02T06:00:00+00:00' AIRFLOW_CTX_TRY_NUMBER='2' AIRFLOW_CTX_DAG_RUN_ID='scheduled__2021-03-02T06:00:00+00:00'
[2024-12-05T20:39:31.460+0000] {taskinstance.py:731} INFO - ::endgroup::
[2024-12-05T20:39:31.469+0000] {subprocess.py:78} INFO - Tmp dir root location: /tmp
[2024-12-05T20:39:31.470+0000] {subprocess.py:88} INFO - Running command: ['/usr/bin/bash', '-c', 'ls /opt/***']
[2024-12-05T20:39:31.475+0000] {subprocess.py:99} INFO - Output:
[2024-12-05T20:39:31.477+0000] {subprocess.py:106} INFO - ***.cfg
[2024-12-05T20:39:31.477+0000] {subprocess.py:106} INFO - config
[2024-12-05T20:39:31.477+0000] {subprocess.py:106} INFO - dags
[2024-12-05T20:39:31.477+0000] {subprocess.py:106} INFO - logs
[2024-12-05T20:39:31.477+0000] {subprocess.py:106} INFO - output.parquet
[2024-12-05T20:39:31.478+0000] {subprocess.py:106} INFO - output_2021-01.parquet
[2024-12-05T20:39:31.478+0000] {subprocess.py:106} INFO - output_2021-02.parquet
[2024-12-05T20:39:31.478+0000] {subprocess.py:106} INFO - output_2021-03.parquet
[2024-12-05T20:39:31.478+0000] {subprocess.py:106} INFO - output_2021-04.parquet
[2024-12-05T20:39:31.478+0000] {subprocess.py:106} INFO - output_2021-05.parquet
[2024-12-05T20:39:31.478+0000] {subprocess.py:106} INFO - plugins
[2024-12-05T20:39:31.478+0000] {subprocess.py:106} INFO - requirements.txt
[2024-12-05T20:39:31.479+0000] {subprocess.py:106} INFO - webserver_config.py
[2024-12-05T20:39:31.479+0000] {subprocess.py:110} INFO - Command exited with return code 0
[2024-12-05T20:39:31.494+0000] {taskinstance.py:340} INFO - ::group::Post task execution logs
[2024-12-05T20:39:31.495+0000] {taskinstance.py:352} INFO - Marking task as SUCCESS. dag_id=LocalIngestionDag, task_id=ingest, run_id=scheduled__2021-03-02T06:00:00+00:00, execution_date=20210302T060000, start_date=20241205T203931, end_date=20241205T203931
[2024-12-05T20:39:31.520+0000] {local_task_job_runner.py:266} INFO - Task exited with return code 0
[2024-12-05T20:39:31.529+0000] {taskinstance.py:3895} INFO - 0 downstream tasks scheduled from follow-on schedule check
[2024-12-05T20:39:31.530+0000] {local_task_job_runner.py:245} INFO - ::endgroup::
