[2024-12-09T23:32:54.543+0000] {processor.py:186} INFO - Started process (PID=13697) to work on /opt/airflow/dags/homework_dag_v2.py
[2024-12-09T23:32:54.546+0000] {processor.py:914} INFO - Processing file /opt/airflow/dags/homework_dag_v2.py for tasks to queue
[2024-12-09T23:32:54.549+0000] {logging_mixin.py:190} INFO - [2024-12-09T23:32:54.548+0000] {dagbag.py:588} INFO - Filling up the DagBag from /opt/airflow/dags/homework_dag_v2.py
[2024-12-09T23:32:54.576+0000] {processor.py:925} INFO - DAG(s) 'homework_dag' retrieved from /opt/airflow/dags/homework_dag_v2.py
[2024-12-09T23:32:55.222+0000] {logging_mixin.py:190} INFO - [2024-12-09T23:32:55.222+0000] {dag.py:3239} INFO - Sync 1 DAGs
[2024-12-09T23:32:55.236+0000] {logging_mixin.py:190} INFO - [2024-12-09T23:32:55.236+0000] {dag.py:4180} INFO - Setting next_dagrun for homework_dag to None, run_after=None
[2024-12-09T23:32:55.252+0000] {processor.py:208} INFO - Processing /opt/airflow/dags/homework_dag_v2.py took 0.734 seconds
[2024-12-09T23:33:25.973+0000] {processor.py:186} INFO - Started process (PID=13707) to work on /opt/airflow/dags/homework_dag_v2.py
[2024-12-09T23:33:25.975+0000] {processor.py:914} INFO - Processing file /opt/airflow/dags/homework_dag_v2.py for tasks to queue
[2024-12-09T23:33:25.986+0000] {logging_mixin.py:190} INFO - [2024-12-09T23:33:25.978+0000] {dagbag.py:588} INFO - Filling up the DagBag from /opt/airflow/dags/homework_dag_v2.py
[2024-12-09T23:33:26.217+0000] {processor.py:925} INFO - DAG(s) 'homework_dag' retrieved from /opt/airflow/dags/homework_dag_v2.py
[2024-12-09T23:33:26.305+0000] {logging_mixin.py:190} INFO - [2024-12-09T23:33:26.304+0000] {dag.py:3239} INFO - Sync 1 DAGs
[2024-12-09T23:33:26.347+0000] {logging_mixin.py:190} INFO - [2024-12-09T23:33:26.346+0000] {dag.py:4180} INFO - Setting next_dagrun for homework_dag to None, run_after=None
[2024-12-09T23:33:26.362+0000] {processor.py:208} INFO - Processing /opt/airflow/dags/homework_dag_v2.py took 0.413 seconds
[2024-12-09T23:33:56.880+0000] {processor.py:186} INFO - Started process (PID=13717) to work on /opt/airflow/dags/homework_dag_v2.py
[2024-12-09T23:33:56.881+0000] {processor.py:914} INFO - Processing file /opt/airflow/dags/homework_dag_v2.py for tasks to queue
[2024-12-09T23:33:56.884+0000] {logging_mixin.py:190} INFO - [2024-12-09T23:33:56.883+0000] {dagbag.py:588} INFO - Filling up the DagBag from /opt/airflow/dags/homework_dag_v2.py
[2024-12-09T23:33:56.906+0000] {processor.py:925} INFO - DAG(s) 'homework_dag' retrieved from /opt/airflow/dags/homework_dag_v2.py
[2024-12-09T23:33:56.915+0000] {logging_mixin.py:190} INFO - [2024-12-09T23:33:56.915+0000] {dag.py:3239} INFO - Sync 1 DAGs
[2024-12-09T23:33:56.958+0000] {logging_mixin.py:190} INFO - [2024-12-09T23:33:56.958+0000] {dag.py:4180} INFO - Setting next_dagrun for homework_dag to None, run_after=None
[2024-12-09T23:33:56.972+0000] {processor.py:208} INFO - Processing /opt/airflow/dags/homework_dag_v2.py took 0.102 seconds
[2024-12-09T23:34:27.499+0000] {processor.py:186} INFO - Started process (PID=13727) to work on /opt/airflow/dags/homework_dag_v2.py
[2024-12-09T23:34:27.501+0000] {processor.py:914} INFO - Processing file /opt/airflow/dags/homework_dag_v2.py for tasks to queue
[2024-12-09T23:34:27.502+0000] {logging_mixin.py:190} INFO - [2024-12-09T23:34:27.502+0000] {dagbag.py:588} INFO - Filling up the DagBag from /opt/airflow/dags/homework_dag_v2.py
[2024-12-09T23:34:27.524+0000] {processor.py:925} INFO - DAG(s) 'homework_dag' retrieved from /opt/airflow/dags/homework_dag_v2.py
[2024-12-09T23:34:27.617+0000] {logging_mixin.py:190} INFO - [2024-12-09T23:34:27.616+0000] {dag.py:3239} INFO - Sync 1 DAGs
[2024-12-09T23:34:27.930+0000] {logging_mixin.py:190} INFO - [2024-12-09T23:34:27.930+0000] {dag.py:4180} INFO - Setting next_dagrun for homework_dag to None, run_after=None
[2024-12-09T23:34:27.939+0000] {processor.py:208} INFO - Processing /opt/airflow/dags/homework_dag_v2.py took 0.449 seconds
[2024-12-09T23:34:57.994+0000] {processor.py:186} INFO - Started process (PID=13737) to work on /opt/airflow/dags/homework_dag_v2.py
[2024-12-09T23:34:57.995+0000] {processor.py:914} INFO - Processing file /opt/airflow/dags/homework_dag_v2.py for tasks to queue
[2024-12-09T23:34:57.997+0000] {logging_mixin.py:190} INFO - [2024-12-09T23:34:57.996+0000] {dagbag.py:588} INFO - Filling up the DagBag from /opt/airflow/dags/homework_dag_v2.py
[2024-12-09T23:34:58.021+0000] {processor.py:925} INFO - DAG(s) 'homework_dag' retrieved from /opt/airflow/dags/homework_dag_v2.py
[2024-12-09T23:34:58.043+0000] {logging_mixin.py:190} INFO - [2024-12-09T23:34:58.043+0000] {dag.py:3239} INFO - Sync 1 DAGs
[2024-12-09T23:34:58.060+0000] {logging_mixin.py:190} INFO - [2024-12-09T23:34:58.059+0000] {dag.py:4180} INFO - Setting next_dagrun for homework_dag to None, run_after=None
[2024-12-09T23:34:58.069+0000] {processor.py:208} INFO - Processing /opt/airflow/dags/homework_dag_v2.py took 0.086 seconds
[2024-12-09T23:35:28.533+0000] {processor.py:186} INFO - Started process (PID=13747) to work on /opt/airflow/dags/homework_dag_v2.py
[2024-12-09T23:35:28.535+0000] {processor.py:914} INFO - Processing file /opt/airflow/dags/homework_dag_v2.py for tasks to queue
[2024-12-09T23:35:28.537+0000] {logging_mixin.py:190} INFO - [2024-12-09T23:35:28.536+0000] {dagbag.py:588} INFO - Filling up the DagBag from /opt/airflow/dags/homework_dag_v2.py
[2024-12-09T23:35:28.557+0000] {processor.py:925} INFO - DAG(s) 'homework_dag' retrieved from /opt/airflow/dags/homework_dag_v2.py
[2024-12-09T23:35:28.571+0000] {logging_mixin.py:190} INFO - [2024-12-09T23:35:28.571+0000] {dag.py:3239} INFO - Sync 1 DAGs
[2024-12-09T23:35:28.593+0000] {logging_mixin.py:190} INFO - [2024-12-09T23:35:28.593+0000] {dag.py:4180} INFO - Setting next_dagrun for homework_dag to None, run_after=None
[2024-12-09T23:35:28.604+0000] {processor.py:208} INFO - Processing /opt/airflow/dags/homework_dag_v2.py took 0.087 seconds
[2024-12-09T23:35:59.123+0000] {processor.py:186} INFO - Started process (PID=13757) to work on /opt/airflow/dags/homework_dag_v2.py
[2024-12-09T23:35:59.125+0000] {processor.py:914} INFO - Processing file /opt/airflow/dags/homework_dag_v2.py for tasks to queue
[2024-12-09T23:35:59.126+0000] {logging_mixin.py:190} INFO - [2024-12-09T23:35:59.126+0000] {dagbag.py:588} INFO - Filling up the DagBag from /opt/airflow/dags/homework_dag_v2.py
[2024-12-09T23:35:59.162+0000] {processor.py:925} INFO - DAG(s) 'homework_dag' retrieved from /opt/airflow/dags/homework_dag_v2.py
[2024-12-09T23:35:59.645+0000] {logging_mixin.py:190} INFO - [2024-12-09T23:35:59.645+0000] {dag.py:3239} INFO - Sync 1 DAGs
[2024-12-09T23:35:59.657+0000] {logging_mixin.py:190} INFO - [2024-12-09T23:35:59.657+0000] {dag.py:4180} INFO - Setting next_dagrun for homework_dag to None, run_after=None
[2024-12-09T23:35:59.667+0000] {processor.py:208} INFO - Processing /opt/airflow/dags/homework_dag_v2.py took 0.555 seconds
[2024-12-09T23:36:30.187+0000] {processor.py:186} INFO - Started process (PID=13767) to work on /opt/airflow/dags/homework_dag_v2.py
[2024-12-09T23:36:30.190+0000] {processor.py:914} INFO - Processing file /opt/airflow/dags/homework_dag_v2.py for tasks to queue
[2024-12-09T23:36:30.192+0000] {logging_mixin.py:190} INFO - [2024-12-09T23:36:30.191+0000] {dagbag.py:588} INFO - Filling up the DagBag from /opt/airflow/dags/homework_dag_v2.py
[2024-12-09T23:36:30.300+0000] {processor.py:925} INFO - DAG(s) 'homework_dag' retrieved from /opt/airflow/dags/homework_dag_v2.py
[2024-12-09T23:36:30.340+0000] {logging_mixin.py:190} INFO - [2024-12-09T23:36:30.339+0000] {dag.py:3239} INFO - Sync 1 DAGs
[2024-12-09T23:36:30.428+0000] {logging_mixin.py:190} INFO - [2024-12-09T23:36:30.428+0000] {dag.py:4180} INFO - Setting next_dagrun for homework_dag to None, run_after=None
[2024-12-09T23:36:31.402+0000] {processor.py:208} INFO - Processing /opt/airflow/dags/homework_dag_v2.py took 1.228 seconds
[2024-12-09T23:37:02.190+0000] {processor.py:186} INFO - Started process (PID=13777) to work on /opt/airflow/dags/homework_dag_v2.py
[2024-12-09T23:37:02.192+0000] {processor.py:914} INFO - Processing file /opt/airflow/dags/homework_dag_v2.py for tasks to queue
[2024-12-09T23:37:02.194+0000] {logging_mixin.py:190} INFO - [2024-12-09T23:37:02.193+0000] {dagbag.py:588} INFO - Filling up the DagBag from /opt/airflow/dags/homework_dag_v2.py
[2024-12-09T23:37:02.206+0000] {processor.py:925} INFO - DAG(s) 'homework_dag' retrieved from /opt/airflow/dags/homework_dag_v2.py
[2024-12-09T23:37:02.214+0000] {logging_mixin.py:190} INFO - [2024-12-09T23:37:02.213+0000] {dag.py:3239} INFO - Sync 1 DAGs
[2024-12-09T23:37:02.230+0000] {logging_mixin.py:190} INFO - [2024-12-09T23:37:02.230+0000] {dag.py:4180} INFO - Setting next_dagrun for homework_dag to None, run_after=None
[2024-12-09T23:37:02.238+0000] {processor.py:208} INFO - Processing /opt/airflow/dags/homework_dag_v2.py took 0.056 seconds
[2024-12-09T23:37:05.251+0000] {processor.py:186} INFO - Started process (PID=13784) to work on /opt/airflow/dags/homework_dag_v2.py
[2024-12-09T23:37:05.252+0000] {processor.py:914} INFO - Processing file /opt/airflow/dags/homework_dag_v2.py for tasks to queue
[2024-12-09T23:37:05.254+0000] {logging_mixin.py:190} INFO - [2024-12-09T23:37:05.254+0000] {dagbag.py:588} INFO - Filling up the DagBag from /opt/airflow/dags/homework_dag_v2.py
[2024-12-09T23:37:05.276+0000] {processor.py:925} INFO - DAG(s) 'homework_dag' retrieved from /opt/airflow/dags/homework_dag_v2.py
[2024-12-09T23:37:05.295+0000] {logging_mixin.py:190} INFO - [2024-12-09T23:37:05.295+0000] {dag.py:3239} INFO - Sync 1 DAGs
[2024-12-09T23:37:05.311+0000] {logging_mixin.py:190} INFO - [2024-12-09T23:37:05.311+0000] {dag.py:4180} INFO - Setting next_dagrun for homework_dag to None, run_after=None
[2024-12-09T23:37:05.323+0000] {processor.py:208} INFO - Processing /opt/airflow/dags/homework_dag_v2.py took 0.082 seconds
[2024-12-09T23:37:35.771+0000] {processor.py:186} INFO - Started process (PID=13794) to work on /opt/airflow/dags/homework_dag_v2.py
[2024-12-09T23:37:35.774+0000] {processor.py:914} INFO - Processing file /opt/airflow/dags/homework_dag_v2.py for tasks to queue
[2024-12-09T23:37:35.776+0000] {logging_mixin.py:190} INFO - [2024-12-09T23:37:35.775+0000] {dagbag.py:588} INFO - Filling up the DagBag from /opt/airflow/dags/homework_dag_v2.py
[2024-12-09T23:37:35.797+0000] {processor.py:925} INFO - DAG(s) 'homework_dag' retrieved from /opt/airflow/dags/homework_dag_v2.py
[2024-12-09T23:37:36.142+0000] {logging_mixin.py:190} INFO - [2024-12-09T23:37:36.142+0000] {dag.py:3239} INFO - Sync 1 DAGs
[2024-12-09T23:37:36.153+0000] {logging_mixin.py:190} INFO - [2024-12-09T23:37:36.153+0000] {dag.py:4180} INFO - Setting next_dagrun for homework_dag to None, run_after=None
[2024-12-09T23:37:36.162+0000] {processor.py:208} INFO - Processing /opt/airflow/dags/homework_dag_v2.py took 0.402 seconds
[2024-12-09T23:38:06.207+0000] {processor.py:186} INFO - Started process (PID=13804) to work on /opt/airflow/dags/homework_dag_v2.py
[2024-12-09T23:38:06.208+0000] {processor.py:914} INFO - Processing file /opt/airflow/dags/homework_dag_v2.py for tasks to queue
[2024-12-09T23:38:06.209+0000] {logging_mixin.py:190} INFO - [2024-12-09T23:38:06.209+0000] {dagbag.py:588} INFO - Filling up the DagBag from /opt/airflow/dags/homework_dag_v2.py
[2024-12-09T23:38:06.221+0000] {processor.py:925} INFO - DAG(s) 'homework_dag' retrieved from /opt/airflow/dags/homework_dag_v2.py
[2024-12-09T23:38:06.242+0000] {logging_mixin.py:190} INFO - [2024-12-09T23:38:06.242+0000] {dag.py:3239} INFO - Sync 1 DAGs
[2024-12-09T23:38:06.260+0000] {logging_mixin.py:190} INFO - [2024-12-09T23:38:06.260+0000] {dag.py:4180} INFO - Setting next_dagrun for homework_dag to None, run_after=None
[2024-12-09T23:38:06.269+0000] {processor.py:208} INFO - Processing /opt/airflow/dags/homework_dag_v2.py took 0.068 seconds
[2024-12-09T23:38:36.806+0000] {processor.py:186} INFO - Started process (PID=13814) to work on /opt/airflow/dags/homework_dag_v2.py
[2024-12-09T23:38:36.808+0000] {processor.py:914} INFO - Processing file /opt/airflow/dags/homework_dag_v2.py for tasks to queue
[2024-12-09T23:38:36.810+0000] {logging_mixin.py:190} INFO - [2024-12-09T23:38:36.810+0000] {dagbag.py:588} INFO - Filling up the DagBag from /opt/airflow/dags/homework_dag_v2.py
[2024-12-09T23:38:36.837+0000] {processor.py:925} INFO - DAG(s) 'homework_dag' retrieved from /opt/airflow/dags/homework_dag_v2.py
[2024-12-09T23:38:36.864+0000] {logging_mixin.py:190} INFO - [2024-12-09T23:38:36.863+0000] {dag.py:3239} INFO - Sync 1 DAGs
[2024-12-09T23:38:36.891+0000] {logging_mixin.py:190} INFO - [2024-12-09T23:38:36.891+0000] {dag.py:4180} INFO - Setting next_dagrun for homework_dag to None, run_after=None
[2024-12-09T23:38:36.906+0000] {processor.py:208} INFO - Processing /opt/airflow/dags/homework_dag_v2.py took 0.110 seconds
[2024-12-09T23:39:07.308+0000] {processor.py:186} INFO - Started process (PID=13824) to work on /opt/airflow/dags/homework_dag_v2.py
[2024-12-09T23:39:07.309+0000] {processor.py:914} INFO - Processing file /opt/airflow/dags/homework_dag_v2.py for tasks to queue
[2024-12-09T23:39:07.311+0000] {logging_mixin.py:190} INFO - [2024-12-09T23:39:07.311+0000] {dagbag.py:588} INFO - Filling up the DagBag from /opt/airflow/dags/homework_dag_v2.py
[2024-12-09T23:39:07.340+0000] {processor.py:925} INFO - DAG(s) 'homework_dag' retrieved from /opt/airflow/dags/homework_dag_v2.py
[2024-12-09T23:39:07.627+0000] {logging_mixin.py:190} INFO - [2024-12-09T23:39:07.626+0000] {dag.py:3239} INFO - Sync 1 DAGs
[2024-12-09T23:39:07.642+0000] {logging_mixin.py:190} INFO - [2024-12-09T23:39:07.642+0000] {dag.py:4180} INFO - Setting next_dagrun for homework_dag to None, run_after=None
[2024-12-09T23:39:07.653+0000] {processor.py:208} INFO - Processing /opt/airflow/dags/homework_dag_v2.py took 0.352 seconds
[2024-12-09T23:39:38.312+0000] {processor.py:186} INFO - Started process (PID=13834) to work on /opt/airflow/dags/homework_dag_v2.py
[2024-12-09T23:39:38.314+0000] {processor.py:914} INFO - Processing file /opt/airflow/dags/homework_dag_v2.py for tasks to queue
[2024-12-09T23:39:38.316+0000] {logging_mixin.py:190} INFO - [2024-12-09T23:39:38.315+0000] {dagbag.py:588} INFO - Filling up the DagBag from /opt/airflow/dags/homework_dag_v2.py
[2024-12-09T23:39:38.335+0000] {processor.py:925} INFO - DAG(s) 'homework_dag' retrieved from /opt/airflow/dags/homework_dag_v2.py
[2024-12-09T23:39:38.363+0000] {logging_mixin.py:190} INFO - [2024-12-09T23:39:38.363+0000] {dag.py:3239} INFO - Sync 1 DAGs
[2024-12-09T23:39:38.383+0000] {logging_mixin.py:190} INFO - [2024-12-09T23:39:38.383+0000] {dag.py:4180} INFO - Setting next_dagrun for homework_dag to None, run_after=None
[2024-12-09T23:39:38.395+0000] {processor.py:208} INFO - Processing /opt/airflow/dags/homework_dag_v2.py took 0.094 seconds
[2024-12-09T23:40:08.892+0000] {processor.py:186} INFO - Started process (PID=13844) to work on /opt/airflow/dags/homework_dag_v2.py
[2024-12-09T23:40:08.892+0000] {processor.py:914} INFO - Processing file /opt/airflow/dags/homework_dag_v2.py for tasks to queue
[2024-12-09T23:40:08.893+0000] {logging_mixin.py:190} INFO - [2024-12-09T23:40:08.893+0000] {dagbag.py:588} INFO - Filling up the DagBag from /opt/airflow/dags/homework_dag_v2.py
[2024-12-09T23:40:08.904+0000] {processor.py:925} INFO - DAG(s) 'homework_dag' retrieved from /opt/airflow/dags/homework_dag_v2.py
[2024-12-09T23:40:08.912+0000] {logging_mixin.py:190} INFO - [2024-12-09T23:40:08.912+0000] {dag.py:3239} INFO - Sync 1 DAGs
[2024-12-09T23:40:08.927+0000] {logging_mixin.py:190} INFO - [2024-12-09T23:40:08.927+0000] {dag.py:4180} INFO - Setting next_dagrun for homework_dag to None, run_after=None
[2024-12-09T23:40:08.934+0000] {processor.py:208} INFO - Processing /opt/airflow/dags/homework_dag_v2.py took 0.048 seconds
[2024-12-09T23:40:39.489+0000] {processor.py:186} INFO - Started process (PID=13854) to work on /opt/airflow/dags/homework_dag_v2.py
[2024-12-09T23:40:39.491+0000] {processor.py:914} INFO - Processing file /opt/airflow/dags/homework_dag_v2.py for tasks to queue
[2024-12-09T23:40:39.493+0000] {logging_mixin.py:190} INFO - [2024-12-09T23:40:39.492+0000] {dagbag.py:588} INFO - Filling up the DagBag from /opt/airflow/dags/homework_dag_v2.py
[2024-12-09T23:40:39.511+0000] {processor.py:925} INFO - DAG(s) 'homework_dag' retrieved from /opt/airflow/dags/homework_dag_v2.py
[2024-12-09T23:40:39.799+0000] {logging_mixin.py:190} INFO - [2024-12-09T23:40:39.799+0000] {dag.py:3239} INFO - Sync 1 DAGs
[2024-12-09T23:40:39.808+0000] {logging_mixin.py:190} INFO - [2024-12-09T23:40:39.808+0000] {dag.py:4180} INFO - Setting next_dagrun for homework_dag to None, run_after=None
[2024-12-09T23:40:39.817+0000] {processor.py:208} INFO - Processing /opt/airflow/dags/homework_dag_v2.py took 0.339 seconds
[2024-12-09T23:41:10.025+0000] {processor.py:186} INFO - Started process (PID=13863) to work on /opt/airflow/dags/homework_dag_v2.py
[2024-12-09T23:41:10.027+0000] {processor.py:914} INFO - Processing file /opt/airflow/dags/homework_dag_v2.py for tasks to queue
[2024-12-09T23:41:10.029+0000] {logging_mixin.py:190} INFO - [2024-12-09T23:41:10.028+0000] {dagbag.py:588} INFO - Filling up the DagBag from /opt/airflow/dags/homework_dag_v2.py
[2024-12-09T23:41:10.047+0000] {processor.py:925} INFO - DAG(s) 'homework_dag' retrieved from /opt/airflow/dags/homework_dag_v2.py
[2024-12-09T23:41:10.068+0000] {logging_mixin.py:190} INFO - [2024-12-09T23:41:10.068+0000] {dag.py:3239} INFO - Sync 1 DAGs
[2024-12-09T23:41:10.087+0000] {logging_mixin.py:190} INFO - [2024-12-09T23:41:10.087+0000] {dag.py:4180} INFO - Setting next_dagrun for homework_dag to None, run_after=None
[2024-12-09T23:41:10.097+0000] {processor.py:208} INFO - Processing /opt/airflow/dags/homework_dag_v2.py took 0.084 seconds
[2024-12-09T23:41:40.563+0000] {processor.py:186} INFO - Started process (PID=13872) to work on /opt/airflow/dags/homework_dag_v2.py
[2024-12-09T23:41:40.564+0000] {processor.py:914} INFO - Processing file /opt/airflow/dags/homework_dag_v2.py for tasks to queue
[2024-12-09T23:41:40.565+0000] {logging_mixin.py:190} INFO - [2024-12-09T23:41:40.565+0000] {dagbag.py:588} INFO - Filling up the DagBag from /opt/airflow/dags/homework_dag_v2.py
[2024-12-09T23:41:40.576+0000] {processor.py:925} INFO - DAG(s) 'homework_dag' retrieved from /opt/airflow/dags/homework_dag_v2.py
[2024-12-09T23:41:40.584+0000] {logging_mixin.py:190} INFO - [2024-12-09T23:41:40.584+0000] {dag.py:3239} INFO - Sync 1 DAGs
[2024-12-09T23:41:40.599+0000] {logging_mixin.py:190} INFO - [2024-12-09T23:41:40.599+0000] {dag.py:4180} INFO - Setting next_dagrun for homework_dag to None, run_after=None
[2024-12-09T23:41:40.607+0000] {processor.py:208} INFO - Processing /opt/airflow/dags/homework_dag_v2.py took 0.053 seconds
[2024-12-09T23:42:11.132+0000] {processor.py:186} INFO - Started process (PID=13882) to work on /opt/airflow/dags/homework_dag_v2.py
[2024-12-09T23:42:11.134+0000] {processor.py:914} INFO - Processing file /opt/airflow/dags/homework_dag_v2.py for tasks to queue
[2024-12-09T23:42:11.136+0000] {logging_mixin.py:190} INFO - [2024-12-09T23:42:11.135+0000] {dagbag.py:588} INFO - Filling up the DagBag from /opt/airflow/dags/homework_dag_v2.py
[2024-12-09T23:42:11.160+0000] {processor.py:925} INFO - DAG(s) 'homework_dag' retrieved from /opt/airflow/dags/homework_dag_v2.py
[2024-12-09T23:42:11.404+0000] {logging_mixin.py:190} INFO - [2024-12-09T23:42:11.404+0000] {dag.py:3239} INFO - Sync 1 DAGs
[2024-12-09T23:42:11.414+0000] {logging_mixin.py:190} INFO - [2024-12-09T23:42:11.414+0000] {dag.py:4180} INFO - Setting next_dagrun for homework_dag to None, run_after=None
[2024-12-09T23:42:11.421+0000] {processor.py:208} INFO - Processing /opt/airflow/dags/homework_dag_v2.py took 0.304 seconds
[2024-12-09T23:42:41.837+0000] {processor.py:186} INFO - Started process (PID=13892) to work on /opt/airflow/dags/homework_dag_v2.py
[2024-12-09T23:42:41.840+0000] {processor.py:914} INFO - Processing file /opt/airflow/dags/homework_dag_v2.py for tasks to queue
[2024-12-09T23:42:41.843+0000] {logging_mixin.py:190} INFO - [2024-12-09T23:42:41.842+0000] {dagbag.py:588} INFO - Filling up the DagBag from /opt/airflow/dags/homework_dag_v2.py
[2024-12-09T23:42:41.872+0000] {processor.py:925} INFO - DAG(s) 'homework_dag' retrieved from /opt/airflow/dags/homework_dag_v2.py
[2024-12-09T23:42:41.894+0000] {logging_mixin.py:190} INFO - [2024-12-09T23:42:41.894+0000] {dag.py:3239} INFO - Sync 1 DAGs
[2024-12-09T23:42:41.915+0000] {logging_mixin.py:190} INFO - [2024-12-09T23:42:41.914+0000] {dag.py:4180} INFO - Setting next_dagrun for homework_dag to None, run_after=None
[2024-12-09T23:42:41.925+0000] {processor.py:208} INFO - Processing /opt/airflow/dags/homework_dag_v2.py took 0.104 seconds
[2024-12-09T23:43:12.449+0000] {processor.py:186} INFO - Started process (PID=13902) to work on /opt/airflow/dags/homework_dag_v2.py
[2024-12-09T23:43:12.450+0000] {processor.py:914} INFO - Processing file /opt/airflow/dags/homework_dag_v2.py for tasks to queue
[2024-12-09T23:43:12.452+0000] {logging_mixin.py:190} INFO - [2024-12-09T23:43:12.452+0000] {dagbag.py:588} INFO - Filling up the DagBag from /opt/airflow/dags/homework_dag_v2.py
[2024-12-09T23:43:12.468+0000] {processor.py:925} INFO - DAG(s) 'homework_dag' retrieved from /opt/airflow/dags/homework_dag_v2.py
[2024-12-09T23:43:12.480+0000] {logging_mixin.py:190} INFO - [2024-12-09T23:43:12.480+0000] {dag.py:3239} INFO - Sync 1 DAGs
[2024-12-09T23:43:12.499+0000] {logging_mixin.py:190} INFO - [2024-12-09T23:43:12.499+0000] {dag.py:4180} INFO - Setting next_dagrun for homework_dag to None, run_after=None
[2024-12-09T23:43:12.509+0000] {processor.py:208} INFO - Processing /opt/airflow/dags/homework_dag_v2.py took 0.068 seconds
[2024-12-09T23:43:43.034+0000] {processor.py:186} INFO - Started process (PID=13912) to work on /opt/airflow/dags/homework_dag_v2.py
[2024-12-09T23:43:43.037+0000] {processor.py:914} INFO - Processing file /opt/airflow/dags/homework_dag_v2.py for tasks to queue
[2024-12-09T23:43:43.039+0000] {logging_mixin.py:190} INFO - [2024-12-09T23:43:43.039+0000] {dagbag.py:588} INFO - Filling up the DagBag from /opt/airflow/dags/homework_dag_v2.py
[2024-12-09T23:43:43.056+0000] {processor.py:925} INFO - DAG(s) 'homework_dag' retrieved from /opt/airflow/dags/homework_dag_v2.py
[2024-12-09T23:43:43.332+0000] {logging_mixin.py:190} INFO - [2024-12-09T23:43:43.332+0000] {dag.py:3239} INFO - Sync 1 DAGs
[2024-12-09T23:43:43.341+0000] {logging_mixin.py:190} INFO - [2024-12-09T23:43:43.341+0000] {dag.py:4180} INFO - Setting next_dagrun for homework_dag to None, run_after=None
[2024-12-09T23:43:43.348+0000] {processor.py:208} INFO - Processing /opt/airflow/dags/homework_dag_v2.py took 0.322 seconds
[2024-12-09T23:44:13.500+0000] {processor.py:186} INFO - Started process (PID=13922) to work on /opt/airflow/dags/homework_dag_v2.py
[2024-12-09T23:44:13.501+0000] {processor.py:914} INFO - Processing file /opt/airflow/dags/homework_dag_v2.py for tasks to queue
[2024-12-09T23:44:13.504+0000] {logging_mixin.py:190} INFO - [2024-12-09T23:44:13.504+0000] {dagbag.py:588} INFO - Filling up the DagBag from /opt/airflow/dags/homework_dag_v2.py
[2024-12-09T23:44:13.537+0000] {processor.py:925} INFO - DAG(s) 'homework_dag' retrieved from /opt/airflow/dags/homework_dag_v2.py
[2024-12-09T23:44:13.560+0000] {logging_mixin.py:190} INFO - [2024-12-09T23:44:13.560+0000] {dag.py:3239} INFO - Sync 1 DAGs
[2024-12-09T23:44:13.578+0000] {logging_mixin.py:190} INFO - [2024-12-09T23:44:13.578+0000] {dag.py:4180} INFO - Setting next_dagrun for homework_dag to None, run_after=None
[2024-12-09T23:44:13.589+0000] {processor.py:208} INFO - Processing /opt/airflow/dags/homework_dag_v2.py took 0.102 seconds
[2024-12-09T23:44:31.220+0000] {processor.py:186} INFO - Started process (PID=13926) to work on /opt/airflow/dags/homework_dag_v2.py
[2024-12-09T23:44:31.221+0000] {processor.py:914} INFO - Processing file /opt/airflow/dags/homework_dag_v2.py for tasks to queue
[2024-12-09T23:44:31.223+0000] {logging_mixin.py:190} INFO - [2024-12-09T23:44:31.222+0000] {dagbag.py:588} INFO - Filling up the DagBag from /opt/airflow/dags/homework_dag_v2.py
[2024-12-09T23:44:31.237+0000] {processor.py:925} INFO - DAG(s) 'homework_dag' retrieved from /opt/airflow/dags/homework_dag_v2.py
[2024-12-09T23:44:31.291+0000] {logging_mixin.py:190} INFO - [2024-12-09T23:44:31.290+0000] {dag.py:3239} INFO - Sync 1 DAGs
[2024-12-09T23:44:31.308+0000] {logging_mixin.py:190} INFO - [2024-12-09T23:44:31.308+0000] {dag.py:4180} INFO - Setting next_dagrun for homework_dag to 2021-05-01 00:00:00+00:00, run_after=2021-06-01 00:00:00+00:00
[2024-12-09T23:44:31.323+0000] {processor.py:208} INFO - Processing /opt/airflow/dags/homework_dag_v2.py took 0.108 seconds
[2024-12-09T23:44:57.706+0000] {processor.py:186} INFO - Started process (PID=13936) to work on /opt/airflow/dags/homework_dag_v2.py
[2024-12-09T23:44:57.707+0000] {processor.py:914} INFO - Processing file /opt/airflow/dags/homework_dag_v2.py for tasks to queue
[2024-12-09T23:44:57.708+0000] {logging_mixin.py:190} INFO - [2024-12-09T23:44:57.707+0000] {dagbag.py:588} INFO - Filling up the DagBag from /opt/airflow/dags/homework_dag_v2.py
[2024-12-09T23:44:57.717+0000] {processor.py:925} INFO - DAG(s) 'homework_dag_v2' retrieved from /opt/airflow/dags/homework_dag_v2.py
[2024-12-09T23:44:57.880+0000] {logging_mixin.py:190} INFO - [2024-12-09T23:44:57.880+0000] {override.py:1911} INFO - Created Permission View: can read on DAG:homework_dag_v2
[2024-12-09T23:44:57.884+0000] {logging_mixin.py:190} INFO - [2024-12-09T23:44:57.884+0000] {override.py:1911} INFO - Created Permission View: can edit on DAG:homework_dag_v2
[2024-12-09T23:44:57.886+0000] {logging_mixin.py:190} INFO - [2024-12-09T23:44:57.886+0000] {override.py:1911} INFO - Created Permission View: can delete on DAG:homework_dag_v2
[2024-12-09T23:44:57.888+0000] {logging_mixin.py:190} INFO - [2024-12-09T23:44:57.888+0000] {override.py:1911} INFO - Created Permission View: can create on DAG Run:homework_dag_v2
[2024-12-09T23:44:57.890+0000] {logging_mixin.py:190} INFO - [2024-12-09T23:44:57.890+0000] {override.py:1911} INFO - Created Permission View: can read on DAG Run:homework_dag_v2
[2024-12-09T23:44:57.892+0000] {logging_mixin.py:190} INFO - [2024-12-09T23:44:57.892+0000] {override.py:1911} INFO - Created Permission View: can delete on DAG Run:homework_dag_v2
[2024-12-09T23:44:57.894+0000] {logging_mixin.py:190} INFO - [2024-12-09T23:44:57.894+0000] {override.py:1911} INFO - Created Permission View: menu access on DAG Run:homework_dag_v2
[2024-12-09T23:44:57.894+0000] {logging_mixin.py:190} INFO - [2024-12-09T23:44:57.894+0000] {dag.py:3239} INFO - Sync 1 DAGs
[2024-12-09T23:44:57.900+0000] {logging_mixin.py:190} INFO - [2024-12-09T23:44:57.900+0000] {dag.py:3262} INFO - Creating ORM DAG for homework_dag_v2
[2024-12-09T23:44:57.904+0000] {logging_mixin.py:190} INFO - [2024-12-09T23:44:57.904+0000] {dag.py:4180} INFO - Setting next_dagrun for homework_dag_v2 to 2021-01-01 00:00:00+00:00, run_after=2021-02-01 00:00:00+00:00
[2024-12-09T23:44:57.910+0000] {processor.py:208} INFO - Processing /opt/airflow/dags/homework_dag_v2.py took 0.218 seconds
[2024-12-09T23:45:06.169+0000] {processor.py:186} INFO - Started process (PID=13937) to work on /opt/airflow/dags/homework_dag_v2.py
[2024-12-09T23:45:06.177+0000] {processor.py:914} INFO - Processing file /opt/airflow/dags/homework_dag_v2.py for tasks to queue
[2024-12-09T23:45:06.185+0000] {logging_mixin.py:190} INFO - [2024-12-09T23:45:06.183+0000] {dagbag.py:588} INFO - Filling up the DagBag from /opt/airflow/dags/homework_dag_v2.py
[2024-12-09T23:45:06.378+0000] {processor.py:925} INFO - DAG(s) 'homework_dag_v2' retrieved from /opt/airflow/dags/homework_dag_v2.py
[2024-12-09T23:45:06.412+0000] {logging_mixin.py:190} INFO - [2024-12-09T23:45:06.412+0000] {dag.py:3239} INFO - Sync 1 DAGs
[2024-12-09T23:45:08.323+0000] {logging_mixin.py:190} INFO - [2024-12-09T23:45:08.323+0000] {dag.py:4180} INFO - Setting next_dagrun for homework_dag_v2 to None, run_after=None
[2024-12-09T23:45:08.348+0000] {processor.py:208} INFO - Processing /opt/airflow/dags/homework_dag_v2.py took 2.209 seconds
[2024-12-09T23:45:38.950+0000] {processor.py:186} INFO - Started process (PID=13953) to work on /opt/airflow/dags/homework_dag_v2.py
[2024-12-09T23:45:38.953+0000] {processor.py:914} INFO - Processing file /opt/airflow/dags/homework_dag_v2.py for tasks to queue
[2024-12-09T23:45:38.956+0000] {logging_mixin.py:190} INFO - [2024-12-09T23:45:38.955+0000] {dagbag.py:588} INFO - Filling up the DagBag from /opt/airflow/dags/homework_dag_v2.py
[2024-12-09T23:45:38.982+0000] {processor.py:925} INFO - DAG(s) 'homework_dag_v2' retrieved from /opt/airflow/dags/homework_dag_v2.py
[2024-12-09T23:45:39.005+0000] {logging_mixin.py:190} INFO - [2024-12-09T23:45:39.005+0000] {dag.py:3239} INFO - Sync 1 DAGs
[2024-12-09T23:45:39.023+0000] {logging_mixin.py:190} INFO - [2024-12-09T23:45:39.023+0000] {dag.py:4180} INFO - Setting next_dagrun for homework_dag_v2 to None, run_after=None
[2024-12-09T23:45:39.033+0000] {processor.py:208} INFO - Processing /opt/airflow/dags/homework_dag_v2.py took 0.099 seconds
[2024-12-09T23:45:43.083+0000] {processor.py:186} INFO - Started process (PID=13954) to work on /opt/airflow/dags/homework_dag_v2.py
[2024-12-09T23:45:43.084+0000] {processor.py:914} INFO - Processing file /opt/airflow/dags/homework_dag_v2.py for tasks to queue
[2024-12-09T23:45:43.085+0000] {logging_mixin.py:190} INFO - [2024-12-09T23:45:43.085+0000] {dagbag.py:588} INFO - Filling up the DagBag from /opt/airflow/dags/homework_dag_v2.py
[2024-12-09T23:45:43.094+0000] {processor.py:925} INFO - DAG(s) 'homework_dag_v2' retrieved from /opt/airflow/dags/homework_dag_v2.py
[2024-12-09T23:45:43.400+0000] {logging_mixin.py:190} INFO - [2024-12-09T23:45:43.399+0000] {dag.py:3239} INFO - Sync 1 DAGs
[2024-12-09T23:45:43.412+0000] {logging_mixin.py:190} INFO - [2024-12-09T23:45:43.411+0000] {dag.py:4180} INFO - Setting next_dagrun for homework_dag_v2 to None, run_after=None
[2024-12-09T23:45:43.423+0000] {processor.py:208} INFO - Processing /opt/airflow/dags/homework_dag_v2.py took 0.343 seconds
[2024-12-09T23:45:48.524+0000] {processor.py:186} INFO - Started process (PID=13956) to work on /opt/airflow/dags/homework_dag_v2.py
[2024-12-09T23:45:48.526+0000] {processor.py:914} INFO - Processing file /opt/airflow/dags/homework_dag_v2.py for tasks to queue
[2024-12-09T23:45:48.527+0000] {logging_mixin.py:190} INFO - [2024-12-09T23:45:48.527+0000] {dagbag.py:588} INFO - Filling up the DagBag from /opt/airflow/dags/homework_dag_v2.py
[2024-12-09T23:45:48.542+0000] {processor.py:925} INFO - DAG(s) 'homework_dag_v2' retrieved from /opt/airflow/dags/homework_dag_v2.py
[2024-12-09T23:45:48.584+0000] {logging_mixin.py:190} INFO - [2024-12-09T23:45:48.584+0000] {dag.py:3239} INFO - Sync 1 DAGs
[2024-12-09T23:45:49.111+0000] {logging_mixin.py:190} INFO - [2024-12-09T23:45:49.108+0000] {dag.py:4180} INFO - Setting next_dagrun for homework_dag_v2 to None, run_after=None
[2024-12-09T23:45:49.151+0000] {processor.py:208} INFO - Processing /opt/airflow/dags/homework_dag_v2.py took 0.635 seconds
[2024-12-09T23:45:55.452+0000] {processor.py:186} INFO - Started process (PID=13968) to work on /opt/airflow/dags/homework_dag_v2.py
[2024-12-09T23:45:55.469+0000] {processor.py:914} INFO - Processing file /opt/airflow/dags/homework_dag_v2.py for tasks to queue
[2024-12-09T23:45:55.490+0000] {logging_mixin.py:190} INFO - [2024-12-09T23:45:55.489+0000] {dagbag.py:588} INFO - Filling up the DagBag from /opt/airflow/dags/homework_dag_v2.py
[2024-12-09T23:45:55.648+0000] {processor.py:925} INFO - DAG(s) 'homework_dag_v2' retrieved from /opt/airflow/dags/homework_dag_v2.py
[2024-12-09T23:45:55.682+0000] {logging_mixin.py:190} INFO - [2024-12-09T23:45:55.681+0000] {dag.py:3239} INFO - Sync 1 DAGs
[2024-12-09T23:45:55.791+0000] {logging_mixin.py:190} INFO - [2024-12-09T23:45:55.790+0000] {dag.py:4180} INFO - Setting next_dagrun for homework_dag_v2 to None, run_after=None
[2024-12-09T23:45:55.826+0000] {processor.py:208} INFO - Processing /opt/airflow/dags/homework_dag_v2.py took 0.455 seconds
[2024-12-09T23:45:59.003+0000] {processor.py:186} INFO - Started process (PID=13969) to work on /opt/airflow/dags/homework_dag_v2.py
[2024-12-09T23:45:59.023+0000] {processor.py:914} INFO - Processing file /opt/airflow/dags/homework_dag_v2.py for tasks to queue
[2024-12-09T23:45:59.042+0000] {logging_mixin.py:190} INFO - [2024-12-09T23:45:59.040+0000] {dagbag.py:588} INFO - Filling up the DagBag from /opt/airflow/dags/homework_dag_v2.py
[2024-12-09T23:45:59.209+0000] {processor.py:925} INFO - DAG(s) 'homework_dag_v2' retrieved from /opt/airflow/dags/homework_dag_v2.py
[2024-12-09T23:45:59.302+0000] {logging_mixin.py:190} INFO - [2024-12-09T23:45:59.302+0000] {dag.py:3239} INFO - Sync 1 DAGs
[2024-12-09T23:45:59.643+0000] {logging_mixin.py:190} INFO - [2024-12-09T23:45:59.643+0000] {dag.py:4180} INFO - Setting next_dagrun for homework_dag_v2 to None, run_after=None
[2024-12-09T23:46:00.158+0000] {processor.py:208} INFO - Processing /opt/airflow/dags/homework_dag_v2.py took 1.334 seconds
[2024-12-09T23:46:00.294+0000] {processor.py:186} INFO - Started process (PID=13971) to work on /opt/airflow/dags/homework_dag_v2.py
[2024-12-09T23:46:00.305+0000] {processor.py:914} INFO - Processing file /opt/airflow/dags/homework_dag_v2.py for tasks to queue
[2024-12-09T23:46:00.312+0000] {logging_mixin.py:190} INFO - [2024-12-09T23:46:00.309+0000] {dagbag.py:588} INFO - Filling up the DagBag from /opt/airflow/dags/homework_dag_v2.py
[2024-12-09T23:46:00.415+0000] {processor.py:925} INFO - DAG(s) 'homework_dag_v2' retrieved from /opt/airflow/dags/homework_dag_v2.py
[2024-12-09T23:46:00.451+0000] {logging_mixin.py:190} INFO - [2024-12-09T23:46:00.451+0000] {dag.py:3239} INFO - Sync 1 DAGs
[2024-12-09T23:46:00.512+0000] {logging_mixin.py:190} INFO - [2024-12-09T23:46:00.512+0000] {dag.py:4180} INFO - Setting next_dagrun for homework_dag_v2 to None, run_after=None
[2024-12-09T23:46:00.579+0000] {processor.py:208} INFO - Processing /opt/airflow/dags/homework_dag_v2.py took 0.295 seconds
[2024-12-09T23:46:03.945+0000] {processor.py:186} INFO - Started process (PID=13984) to work on /opt/airflow/dags/homework_dag_v2.py
[2024-12-09T23:46:04.629+0000] {processor.py:914} INFO - Processing file /opt/airflow/dags/homework_dag_v2.py for tasks to queue
[2024-12-09T23:46:04.675+0000] {logging_mixin.py:190} INFO - [2024-12-09T23:46:04.647+0000] {dagbag.py:588} INFO - Filling up the DagBag from /opt/airflow/dags/homework_dag_v2.py
[2024-12-09T23:46:04.871+0000] {processor.py:925} INFO - DAG(s) 'homework_dag_v2' retrieved from /opt/airflow/dags/homework_dag_v2.py
[2024-12-09T23:46:05.104+0000] {logging_mixin.py:190} INFO - [2024-12-09T23:46:05.104+0000] {dag.py:3239} INFO - Sync 1 DAGs
[2024-12-09T23:46:05.189+0000] {logging_mixin.py:190} INFO - [2024-12-09T23:46:05.189+0000] {dag.py:4180} INFO - Setting next_dagrun for homework_dag_v2 to None, run_after=None
[2024-12-09T23:46:05.230+0000] {processor.py:208} INFO - Processing /opt/airflow/dags/homework_dag_v2.py took 1.393 seconds
[2024-12-09T23:46:35.382+0000] {processor.py:186} INFO - Started process (PID=14007) to work on /opt/airflow/dags/homework_dag_v2.py
[2024-12-09T23:46:35.383+0000] {processor.py:914} INFO - Processing file /opt/airflow/dags/homework_dag_v2.py for tasks to queue
[2024-12-09T23:46:35.384+0000] {logging_mixin.py:190} INFO - [2024-12-09T23:46:35.383+0000] {dagbag.py:588} INFO - Filling up the DagBag from /opt/airflow/dags/homework_dag_v2.py
[2024-12-09T23:46:35.393+0000] {processor.py:925} INFO - DAG(s) 'homework_dag_v2' retrieved from /opt/airflow/dags/homework_dag_v2.py
[2024-12-09T23:46:35.412+0000] {logging_mixin.py:190} INFO - [2024-12-09T23:46:35.412+0000] {dag.py:3239} INFO - Sync 1 DAGs
[2024-12-09T23:46:35.427+0000] {logging_mixin.py:190} INFO - [2024-12-09T23:46:35.427+0000] {dag.py:4180} INFO - Setting next_dagrun for homework_dag_v2 to None, run_after=None
[2024-12-09T23:46:35.437+0000] {processor.py:208} INFO - Processing /opt/airflow/dags/homework_dag_v2.py took 0.060 seconds
[2024-12-09T23:47:06.246+0000] {processor.py:186} INFO - Started process (PID=14016) to work on /opt/airflow/dags/homework_dag_v2.py
[2024-12-09T23:47:06.249+0000] {processor.py:914} INFO - Processing file /opt/airflow/dags/homework_dag_v2.py for tasks to queue
[2024-12-09T23:47:06.250+0000] {logging_mixin.py:190} INFO - [2024-12-09T23:47:06.250+0000] {dagbag.py:588} INFO - Filling up the DagBag from /opt/airflow/dags/homework_dag_v2.py
[2024-12-09T23:47:06.264+0000] {processor.py:925} INFO - DAG(s) 'homework_dag_v2' retrieved from /opt/airflow/dags/homework_dag_v2.py
[2024-12-09T23:47:06.279+0000] {logging_mixin.py:190} INFO - [2024-12-09T23:47:06.278+0000] {dag.py:3239} INFO - Sync 1 DAGs
[2024-12-09T23:47:06.292+0000] {logging_mixin.py:190} INFO - [2024-12-09T23:47:06.291+0000] {dag.py:4180} INFO - Setting next_dagrun for homework_dag_v2 to None, run_after=None
[2024-12-09T23:47:06.418+0000] {processor.py:208} INFO - Processing /opt/airflow/dags/homework_dag_v2.py took 0.184 seconds
[2024-12-09T23:47:37.233+0000] {processor.py:186} INFO - Started process (PID=14032) to work on /opt/airflow/dags/homework_dag_v2.py
[2024-12-09T23:47:37.234+0000] {processor.py:914} INFO - Processing file /opt/airflow/dags/homework_dag_v2.py for tasks to queue
[2024-12-09T23:47:37.235+0000] {logging_mixin.py:190} INFO - [2024-12-09T23:47:37.235+0000] {dagbag.py:588} INFO - Filling up the DagBag from /opt/airflow/dags/homework_dag_v2.py
[2024-12-09T23:47:37.247+0000] {processor.py:925} INFO - DAG(s) 'homework_dag_v2' retrieved from /opt/airflow/dags/homework_dag_v2.py
[2024-12-09T23:47:37.262+0000] {logging_mixin.py:190} INFO - [2024-12-09T23:47:37.262+0000] {dag.py:3239} INFO - Sync 1 DAGs
[2024-12-09T23:47:37.401+0000] {logging_mixin.py:190} INFO - [2024-12-09T23:47:37.401+0000] {dag.py:4180} INFO - Setting next_dagrun for homework_dag_v2 to None, run_after=None
[2024-12-09T23:47:37.409+0000] {processor.py:208} INFO - Processing /opt/airflow/dags/homework_dag_v2.py took 0.182 seconds
[2024-12-09T23:48:07.725+0000] {processor.py:186} INFO - Started process (PID=14042) to work on /opt/airflow/dags/homework_dag_v2.py
[2024-12-09T23:48:07.726+0000] {processor.py:914} INFO - Processing file /opt/airflow/dags/homework_dag_v2.py for tasks to queue
[2024-12-09T23:48:07.727+0000] {logging_mixin.py:190} INFO - [2024-12-09T23:48:07.727+0000] {dagbag.py:588} INFO - Filling up the DagBag from /opt/airflow/dags/homework_dag_v2.py
[2024-12-09T23:48:07.739+0000] {processor.py:925} INFO - DAG(s) 'homework_dag_v2' retrieved from /opt/airflow/dags/homework_dag_v2.py
[2024-12-09T23:48:07.758+0000] {logging_mixin.py:190} INFO - [2024-12-09T23:48:07.758+0000] {dag.py:3239} INFO - Sync 1 DAGs
[2024-12-09T23:48:07.771+0000] {logging_mixin.py:190} INFO - [2024-12-09T23:48:07.771+0000] {dag.py:4180} INFO - Setting next_dagrun for homework_dag_v2 to None, run_after=None
[2024-12-09T23:48:07.779+0000] {processor.py:208} INFO - Processing /opt/airflow/dags/homework_dag_v2.py took 0.067 seconds
[2024-12-09T23:48:38.157+0000] {processor.py:186} INFO - Started process (PID=14052) to work on /opt/airflow/dags/homework_dag_v2.py
[2024-12-09T23:48:38.159+0000] {processor.py:914} INFO - Processing file /opt/airflow/dags/homework_dag_v2.py for tasks to queue
[2024-12-09T23:48:38.160+0000] {logging_mixin.py:190} INFO - [2024-12-09T23:48:38.160+0000] {dagbag.py:588} INFO - Filling up the DagBag from /opt/airflow/dags/homework_dag_v2.py
[2024-12-09T23:48:38.169+0000] {processor.py:925} INFO - DAG(s) 'homework_dag_v2' retrieved from /opt/airflow/dags/homework_dag_v2.py
[2024-12-09T23:48:38.185+0000] {logging_mixin.py:190} INFO - [2024-12-09T23:48:38.184+0000] {dag.py:3239} INFO - Sync 1 DAGs
[2024-12-09T23:48:38.199+0000] {logging_mixin.py:190} INFO - [2024-12-09T23:48:38.199+0000] {dag.py:4180} INFO - Setting next_dagrun for homework_dag_v2 to None, run_after=None
[2024-12-09T23:48:38.210+0000] {processor.py:208} INFO - Processing /opt/airflow/dags/homework_dag_v2.py took 0.060 seconds
[2024-12-09T23:49:08.611+0000] {processor.py:186} INFO - Started process (PID=14062) to work on /opt/airflow/dags/homework_dag_v2.py
[2024-12-09T23:49:08.612+0000] {processor.py:914} INFO - Processing file /opt/airflow/dags/homework_dag_v2.py for tasks to queue
[2024-12-09T23:49:08.613+0000] {logging_mixin.py:190} INFO - [2024-12-09T23:49:08.613+0000] {dagbag.py:588} INFO - Filling up the DagBag from /opt/airflow/dags/homework_dag_v2.py
[2024-12-09T23:49:08.630+0000] {processor.py:925} INFO - DAG(s) 'homework_dag_v2' retrieved from /opt/airflow/dags/homework_dag_v2.py
[2024-12-09T23:49:08.653+0000] {logging_mixin.py:190} INFO - [2024-12-09T23:49:08.653+0000] {dag.py:3239} INFO - Sync 1 DAGs
[2024-12-09T23:49:08.667+0000] {logging_mixin.py:190} INFO - [2024-12-09T23:49:08.666+0000] {dag.py:4180} INFO - Setting next_dagrun for homework_dag_v2 to None, run_after=None
[2024-12-09T23:49:08.677+0000] {processor.py:208} INFO - Processing /opt/airflow/dags/homework_dag_v2.py took 0.074 seconds
[2024-12-09T23:49:39.683+0000] {processor.py:186} INFO - Started process (PID=14072) to work on /opt/airflow/dags/homework_dag_v2.py
[2024-12-09T23:49:39.685+0000] {processor.py:914} INFO - Processing file /opt/airflow/dags/homework_dag_v2.py for tasks to queue
[2024-12-09T23:49:39.686+0000] {logging_mixin.py:190} INFO - [2024-12-09T23:49:39.686+0000] {dagbag.py:588} INFO - Filling up the DagBag from /opt/airflow/dags/homework_dag_v2.py
[2024-12-09T23:49:39.699+0000] {processor.py:925} INFO - DAG(s) 'homework_dag_v2' retrieved from /opt/airflow/dags/homework_dag_v2.py
[2024-12-09T23:49:39.719+0000] {logging_mixin.py:190} INFO - [2024-12-09T23:49:39.719+0000] {dag.py:3239} INFO - Sync 1 DAGs
[2024-12-09T23:49:39.733+0000] {logging_mixin.py:190} INFO - [2024-12-09T23:49:39.733+0000] {dag.py:4180} INFO - Setting next_dagrun for homework_dag_v2 to None, run_after=None
[2024-12-09T23:49:39.856+0000] {processor.py:208} INFO - Processing /opt/airflow/dags/homework_dag_v2.py took 0.184 seconds
[2024-12-09T23:50:10.424+0000] {processor.py:186} INFO - Started process (PID=14082) to work on /opt/airflow/dags/homework_dag_v2.py
[2024-12-09T23:50:10.426+0000] {processor.py:914} INFO - Processing file /opt/airflow/dags/homework_dag_v2.py for tasks to queue
[2024-12-09T23:50:10.427+0000] {logging_mixin.py:190} INFO - [2024-12-09T23:50:10.427+0000] {dagbag.py:588} INFO - Filling up the DagBag from /opt/airflow/dags/homework_dag_v2.py
[2024-12-09T23:50:10.443+0000] {processor.py:925} INFO - DAG(s) 'homework_dag_v2' retrieved from /opt/airflow/dags/homework_dag_v2.py
[2024-12-09T23:50:10.462+0000] {logging_mixin.py:190} INFO - [2024-12-09T23:50:10.462+0000] {dag.py:3239} INFO - Sync 1 DAGs
[2024-12-09T23:50:10.607+0000] {logging_mixin.py:190} INFO - [2024-12-09T23:50:10.607+0000] {dag.py:4180} INFO - Setting next_dagrun for homework_dag_v2 to None, run_after=None
[2024-12-09T23:50:10.615+0000] {processor.py:208} INFO - Processing /opt/airflow/dags/homework_dag_v2.py took 0.203 seconds
[2024-12-09T23:50:41.007+0000] {processor.py:186} INFO - Started process (PID=14092) to work on /opt/airflow/dags/homework_dag_v2.py
[2024-12-09T23:50:41.010+0000] {processor.py:914} INFO - Processing file /opt/airflow/dags/homework_dag_v2.py for tasks to queue
[2024-12-09T23:50:41.011+0000] {logging_mixin.py:190} INFO - [2024-12-09T23:50:41.011+0000] {dagbag.py:588} INFO - Filling up the DagBag from /opt/airflow/dags/homework_dag_v2.py
[2024-12-09T23:50:41.022+0000] {processor.py:925} INFO - DAG(s) 'homework_dag_v2' retrieved from /opt/airflow/dags/homework_dag_v2.py
[2024-12-09T23:50:41.037+0000] {logging_mixin.py:190} INFO - [2024-12-09T23:50:41.037+0000] {dag.py:3239} INFO - Sync 1 DAGs
[2024-12-09T23:50:41.050+0000] {logging_mixin.py:190} INFO - [2024-12-09T23:50:41.050+0000] {dag.py:4180} INFO - Setting next_dagrun for homework_dag_v2 to None, run_after=None
[2024-12-09T23:50:41.058+0000] {processor.py:208} INFO - Processing /opt/airflow/dags/homework_dag_v2.py took 0.059 seconds
[2024-12-09T23:51:11.555+0000] {processor.py:186} INFO - Started process (PID=14102) to work on /opt/airflow/dags/homework_dag_v2.py
[2024-12-09T23:51:11.557+0000] {processor.py:914} INFO - Processing file /opt/airflow/dags/homework_dag_v2.py for tasks to queue
[2024-12-09T23:51:11.558+0000] {logging_mixin.py:190} INFO - [2024-12-09T23:51:11.557+0000] {dagbag.py:588} INFO - Filling up the DagBag from /opt/airflow/dags/homework_dag_v2.py
[2024-12-09T23:51:11.573+0000] {processor.py:925} INFO - DAG(s) 'homework_dag_v2' retrieved from /opt/airflow/dags/homework_dag_v2.py
[2024-12-09T23:51:11.593+0000] {logging_mixin.py:190} INFO - [2024-12-09T23:51:11.593+0000] {dag.py:3239} INFO - Sync 1 DAGs
[2024-12-09T23:51:11.606+0000] {logging_mixin.py:190} INFO - [2024-12-09T23:51:11.606+0000] {dag.py:4180} INFO - Setting next_dagrun for homework_dag_v2 to None, run_after=None
[2024-12-09T23:51:11.617+0000] {processor.py:208} INFO - Processing /opt/airflow/dags/homework_dag_v2.py took 0.073 seconds
[2024-12-09T23:51:41.951+0000] {processor.py:186} INFO - Started process (PID=14112) to work on /opt/airflow/dags/homework_dag_v2.py
[2024-12-09T23:51:41.952+0000] {processor.py:914} INFO - Processing file /opt/airflow/dags/homework_dag_v2.py for tasks to queue
[2024-12-09T23:51:41.953+0000] {logging_mixin.py:190} INFO - [2024-12-09T23:51:41.953+0000] {dagbag.py:588} INFO - Filling up the DagBag from /opt/airflow/dags/homework_dag_v2.py
[2024-12-09T23:51:41.964+0000] {processor.py:925} INFO - DAG(s) 'homework_dag_v2' retrieved from /opt/airflow/dags/homework_dag_v2.py
[2024-12-09T23:51:41.979+0000] {logging_mixin.py:190} INFO - [2024-12-09T23:51:41.979+0000] {dag.py:3239} INFO - Sync 1 DAGs
[2024-12-09T23:51:41.991+0000] {logging_mixin.py:190} INFO - [2024-12-09T23:51:41.991+0000] {dag.py:4180} INFO - Setting next_dagrun for homework_dag_v2 to None, run_after=None
[2024-12-09T23:51:41.999+0000] {processor.py:208} INFO - Processing /opt/airflow/dags/homework_dag_v2.py took 0.055 seconds
[2024-12-09T23:52:12.399+0000] {processor.py:186} INFO - Started process (PID=14122) to work on /opt/airflow/dags/homework_dag_v2.py
[2024-12-09T23:52:12.401+0000] {processor.py:914} INFO - Processing file /opt/airflow/dags/homework_dag_v2.py for tasks to queue
[2024-12-09T23:52:12.402+0000] {logging_mixin.py:190} INFO - [2024-12-09T23:52:12.402+0000] {dagbag.py:588} INFO - Filling up the DagBag from /opt/airflow/dags/homework_dag_v2.py
[2024-12-09T23:52:12.416+0000] {processor.py:925} INFO - DAG(s) 'homework_dag_v2' retrieved from /opt/airflow/dags/homework_dag_v2.py
[2024-12-09T23:52:12.435+0000] {logging_mixin.py:190} INFO - [2024-12-09T23:52:12.435+0000] {dag.py:3239} INFO - Sync 1 DAGs
[2024-12-09T23:52:12.447+0000] {logging_mixin.py:190} INFO - [2024-12-09T23:52:12.447+0000] {dag.py:4180} INFO - Setting next_dagrun for homework_dag_v2 to None, run_after=None
[2024-12-09T23:52:12.455+0000] {processor.py:208} INFO - Processing /opt/airflow/dags/homework_dag_v2.py took 0.063 seconds
[2024-12-09T23:52:43.180+0000] {processor.py:186} INFO - Started process (PID=14132) to work on /opt/airflow/dags/homework_dag_v2.py
[2024-12-09T23:52:43.181+0000] {processor.py:914} INFO - Processing file /opt/airflow/dags/homework_dag_v2.py for tasks to queue
[2024-12-09T23:52:43.183+0000] {logging_mixin.py:190} INFO - [2024-12-09T23:52:43.182+0000] {dagbag.py:588} INFO - Filling up the DagBag from /opt/airflow/dags/homework_dag_v2.py
[2024-12-09T23:52:43.193+0000] {processor.py:925} INFO - DAG(s) 'homework_dag_v2' retrieved from /opt/airflow/dags/homework_dag_v2.py
[2024-12-09T23:52:43.211+0000] {logging_mixin.py:190} INFO - [2024-12-09T23:52:43.211+0000] {dag.py:3239} INFO - Sync 1 DAGs
[2024-12-09T23:52:43.367+0000] {logging_mixin.py:190} INFO - [2024-12-09T23:52:43.366+0000] {dag.py:4180} INFO - Setting next_dagrun for homework_dag_v2 to None, run_after=None
[2024-12-09T23:52:43.376+0000] {processor.py:208} INFO - Processing /opt/airflow/dags/homework_dag_v2.py took 0.203 seconds
[2024-12-09T23:53:13.827+0000] {processor.py:186} INFO - Started process (PID=14142) to work on /opt/airflow/dags/homework_dag_v2.py
[2024-12-09T23:53:13.828+0000] {processor.py:914} INFO - Processing file /opt/airflow/dags/homework_dag_v2.py for tasks to queue
[2024-12-09T23:53:13.829+0000] {logging_mixin.py:190} INFO - [2024-12-09T23:53:13.829+0000] {dagbag.py:588} INFO - Filling up the DagBag from /opt/airflow/dags/homework_dag_v2.py
[2024-12-09T23:53:13.841+0000] {processor.py:925} INFO - DAG(s) 'homework_dag_v2' retrieved from /opt/airflow/dags/homework_dag_v2.py
[2024-12-09T23:53:13.860+0000] {logging_mixin.py:190} INFO - [2024-12-09T23:53:13.859+0000] {dag.py:3239} INFO - Sync 1 DAGs
[2024-12-09T23:53:13.991+0000] {logging_mixin.py:190} INFO - [2024-12-09T23:53:13.991+0000] {dag.py:4180} INFO - Setting next_dagrun for homework_dag_v2 to None, run_after=None
[2024-12-09T23:53:14.000+0000] {processor.py:208} INFO - Processing /opt/airflow/dags/homework_dag_v2.py took 0.179 seconds
[2024-12-09T23:53:44.259+0000] {processor.py:186} INFO - Started process (PID=14152) to work on /opt/airflow/dags/homework_dag_v2.py
[2024-12-09T23:53:44.260+0000] {processor.py:914} INFO - Processing file /opt/airflow/dags/homework_dag_v2.py for tasks to queue
[2024-12-09T23:53:44.261+0000] {logging_mixin.py:190} INFO - [2024-12-09T23:53:44.261+0000] {dagbag.py:588} INFO - Filling up the DagBag from /opt/airflow/dags/homework_dag_v2.py
[2024-12-09T23:53:44.270+0000] {processor.py:925} INFO - DAG(s) 'homework_dag_v2' retrieved from /opt/airflow/dags/homework_dag_v2.py
[2024-12-09T23:53:44.285+0000] {logging_mixin.py:190} INFO - [2024-12-09T23:53:44.285+0000] {dag.py:3239} INFO - Sync 1 DAGs
[2024-12-09T23:53:44.297+0000] {logging_mixin.py:190} INFO - [2024-12-09T23:53:44.297+0000] {dag.py:4180} INFO - Setting next_dagrun for homework_dag_v2 to None, run_after=None
[2024-12-09T23:53:44.305+0000] {processor.py:208} INFO - Processing /opt/airflow/dags/homework_dag_v2.py took 0.052 seconds
[2024-12-09T23:54:14.683+0000] {processor.py:186} INFO - Started process (PID=14162) to work on /opt/airflow/dags/homework_dag_v2.py
[2024-12-09T23:54:14.684+0000] {processor.py:914} INFO - Processing file /opt/airflow/dags/homework_dag_v2.py for tasks to queue
[2024-12-09T23:54:14.684+0000] {logging_mixin.py:190} INFO - [2024-12-09T23:54:14.684+0000] {dagbag.py:588} INFO - Filling up the DagBag from /opt/airflow/dags/homework_dag_v2.py
[2024-12-09T23:54:14.692+0000] {processor.py:925} INFO - DAG(s) 'homework_dag_v2' retrieved from /opt/airflow/dags/homework_dag_v2.py
[2024-12-09T23:54:14.705+0000] {logging_mixin.py:190} INFO - [2024-12-09T23:54:14.705+0000] {dag.py:3239} INFO - Sync 1 DAGs
[2024-12-09T23:54:14.717+0000] {logging_mixin.py:190} INFO - [2024-12-09T23:54:14.717+0000] {dag.py:4180} INFO - Setting next_dagrun for homework_dag_v2 to None, run_after=None
[2024-12-09T23:54:14.725+0000] {processor.py:208} INFO - Processing /opt/airflow/dags/homework_dag_v2.py took 0.050 seconds
[2024-12-09T23:54:45.153+0000] {processor.py:186} INFO - Started process (PID=14172) to work on /opt/airflow/dags/homework_dag_v2.py
[2024-12-09T23:54:45.155+0000] {processor.py:914} INFO - Processing file /opt/airflow/dags/homework_dag_v2.py for tasks to queue
[2024-12-09T23:54:45.156+0000] {logging_mixin.py:190} INFO - [2024-12-09T23:54:45.156+0000] {dagbag.py:588} INFO - Filling up the DagBag from /opt/airflow/dags/homework_dag_v2.py
[2024-12-09T23:54:45.171+0000] {processor.py:925} INFO - DAG(s) 'homework_dag_v2' retrieved from /opt/airflow/dags/homework_dag_v2.py
[2024-12-09T23:54:45.191+0000] {logging_mixin.py:190} INFO - [2024-12-09T23:54:45.191+0000] {dag.py:3239} INFO - Sync 1 DAGs
[2024-12-09T23:54:45.203+0000] {logging_mixin.py:190} INFO - [2024-12-09T23:54:45.203+0000] {dag.py:4180} INFO - Setting next_dagrun for homework_dag_v2 to None, run_after=None
[2024-12-09T23:54:45.216+0000] {processor.py:208} INFO - Processing /opt/airflow/dags/homework_dag_v2.py took 0.069 seconds
[2024-12-09T23:55:15.910+0000] {processor.py:186} INFO - Started process (PID=14182) to work on /opt/airflow/dags/homework_dag_v2.py
[2024-12-09T23:55:15.911+0000] {processor.py:914} INFO - Processing file /opt/airflow/dags/homework_dag_v2.py for tasks to queue
[2024-12-09T23:55:15.912+0000] {logging_mixin.py:190} INFO - [2024-12-09T23:55:15.912+0000] {dagbag.py:588} INFO - Filling up the DagBag from /opt/airflow/dags/homework_dag_v2.py
[2024-12-09T23:55:15.920+0000] {processor.py:925} INFO - DAG(s) 'homework_dag_v2' retrieved from /opt/airflow/dags/homework_dag_v2.py
[2024-12-09T23:55:15.932+0000] {logging_mixin.py:190} INFO - [2024-12-09T23:55:15.932+0000] {dag.py:3239} INFO - Sync 1 DAGs
[2024-12-09T23:55:16.062+0000] {logging_mixin.py:190} INFO - [2024-12-09T23:55:16.061+0000] {dag.py:4180} INFO - Setting next_dagrun for homework_dag_v2 to None, run_after=None
[2024-12-09T23:55:16.069+0000] {processor.py:208} INFO - Processing /opt/airflow/dags/homework_dag_v2.py took 0.162 seconds
[2024-12-09T23:55:46.796+0000] {processor.py:186} INFO - Started process (PID=14192) to work on /opt/airflow/dags/homework_dag_v2.py
[2024-12-09T23:55:46.798+0000] {processor.py:914} INFO - Processing file /opt/airflow/dags/homework_dag_v2.py for tasks to queue
[2024-12-09T23:55:46.799+0000] {logging_mixin.py:190} INFO - [2024-12-09T23:55:46.798+0000] {dagbag.py:588} INFO - Filling up the DagBag from /opt/airflow/dags/homework_dag_v2.py
[2024-12-09T23:55:46.807+0000] {processor.py:925} INFO - DAG(s) 'homework_dag_v2' retrieved from /opt/airflow/dags/homework_dag_v2.py
[2024-12-09T23:55:46.823+0000] {logging_mixin.py:190} INFO - [2024-12-09T23:55:46.823+0000] {dag.py:3239} INFO - Sync 1 DAGs
[2024-12-09T23:55:46.955+0000] {logging_mixin.py:190} INFO - [2024-12-09T23:55:46.955+0000] {dag.py:4180} INFO - Setting next_dagrun for homework_dag_v2 to None, run_after=None
[2024-12-09T23:55:46.964+0000] {processor.py:208} INFO - Processing /opt/airflow/dags/homework_dag_v2.py took 0.174 seconds
[2024-12-09T23:56:17.323+0000] {processor.py:186} INFO - Started process (PID=14202) to work on /opt/airflow/dags/homework_dag_v2.py
[2024-12-09T23:56:17.324+0000] {processor.py:914} INFO - Processing file /opt/airflow/dags/homework_dag_v2.py for tasks to queue
[2024-12-09T23:56:17.325+0000] {logging_mixin.py:190} INFO - [2024-12-09T23:56:17.325+0000] {dagbag.py:588} INFO - Filling up the DagBag from /opt/airflow/dags/homework_dag_v2.py
[2024-12-09T23:56:17.336+0000] {processor.py:925} INFO - DAG(s) 'homework_dag_v2' retrieved from /opt/airflow/dags/homework_dag_v2.py
[2024-12-09T23:56:17.354+0000] {logging_mixin.py:190} INFO - [2024-12-09T23:56:17.354+0000] {dag.py:3239} INFO - Sync 1 DAGs
[2024-12-09T23:56:17.394+0000] {logging_mixin.py:190} INFO - [2024-12-09T23:56:17.394+0000] {dag.py:4180} INFO - Setting next_dagrun for homework_dag_v2 to None, run_after=None
[2024-12-09T23:56:17.410+0000] {processor.py:208} INFO - Processing /opt/airflow/dags/homework_dag_v2.py took 0.095 seconds
[2024-12-09T23:56:46.852+0000] {processor.py:186} INFO - Started process (PID=14212) to work on /opt/airflow/dags/homework_dag_v2.py
[2024-12-09T23:56:46.853+0000] {processor.py:914} INFO - Processing file /opt/airflow/dags/homework_dag_v2.py for tasks to queue
[2024-12-09T23:56:46.854+0000] {logging_mixin.py:190} INFO - [2024-12-09T23:56:46.853+0000] {dagbag.py:588} INFO - Filling up the DagBag from /opt/airflow/dags/homework_dag_v2.py
[2024-12-09T23:56:46.863+0000] {processor.py:925} INFO - DAG(s) 'homework_dag_v2' retrieved from /opt/airflow/dags/homework_dag_v2.py
[2024-12-09T23:56:47.324+0000] {logging_mixin.py:190} INFO - [2024-12-09T23:56:47.324+0000] {dag.py:3239} INFO - Sync 1 DAGs
[2024-12-09T23:56:47.343+0000] {logging_mixin.py:190} INFO - [2024-12-09T23:56:47.342+0000] {dag.py:4180} INFO - Setting next_dagrun for homework_dag_v2 to 2022-01-01 00:00:00+00:00, run_after=2022-02-01 00:00:00+00:00
[2024-12-09T23:56:47.381+0000] {processor.py:208} INFO - Processing /opt/airflow/dags/homework_dag_v2.py took 0.536 seconds
[2024-12-09T23:57:17.447+0000] {processor.py:186} INFO - Started process (PID=14251) to work on /opt/airflow/dags/homework_dag_v2.py
[2024-12-09T23:57:17.449+0000] {processor.py:914} INFO - Processing file /opt/airflow/dags/homework_dag_v2.py for tasks to queue
[2024-12-09T23:57:17.451+0000] {logging_mixin.py:190} INFO - [2024-12-09T23:57:17.450+0000] {dagbag.py:588} INFO - Filling up the DagBag from /opt/airflow/dags/homework_dag_v2.py
[2024-12-09T23:57:17.468+0000] {processor.py:925} INFO - DAG(s) 'homework_dag_v2' retrieved from /opt/airflow/dags/homework_dag_v2.py
[2024-12-09T23:57:17.489+0000] {logging_mixin.py:190} INFO - [2024-12-09T23:57:17.489+0000] {dag.py:3239} INFO - Sync 1 DAGs
[2024-12-09T23:57:17.503+0000] {logging_mixin.py:190} INFO - [2024-12-09T23:57:17.503+0000] {dag.py:4180} INFO - Setting next_dagrun for homework_dag_v2 to None, run_after=None
[2024-12-09T23:57:17.513+0000] {processor.py:208} INFO - Processing /opt/airflow/dags/homework_dag_v2.py took 0.084 seconds
[2024-12-09T23:57:48.308+0000] {processor.py:186} INFO - Started process (PID=14261) to work on /opt/airflow/dags/homework_dag_v2.py
[2024-12-09T23:57:48.309+0000] {processor.py:914} INFO - Processing file /opt/airflow/dags/homework_dag_v2.py for tasks to queue
[2024-12-09T23:57:48.310+0000] {logging_mixin.py:190} INFO - [2024-12-09T23:57:48.309+0000] {dagbag.py:588} INFO - Filling up the DagBag from /opt/airflow/dags/homework_dag_v2.py
[2024-12-09T23:57:48.318+0000] {processor.py:925} INFO - DAG(s) 'homework_dag_v2' retrieved from /opt/airflow/dags/homework_dag_v2.py
[2024-12-09T23:57:48.331+0000] {logging_mixin.py:190} INFO - [2024-12-09T23:57:48.331+0000] {dag.py:3239} INFO - Sync 1 DAGs
[2024-12-09T23:57:48.343+0000] {logging_mixin.py:190} INFO - [2024-12-09T23:57:48.343+0000] {dag.py:4180} INFO - Setting next_dagrun for homework_dag_v2 to None, run_after=None
[2024-12-09T23:57:48.456+0000] {processor.py:208} INFO - Processing /opt/airflow/dags/homework_dag_v2.py took 0.155 seconds
[2024-12-09T23:57:53.369+0000] {processor.py:186} INFO - Started process (PID=14262) to work on /opt/airflow/dags/homework_dag_v2.py
[2024-12-09T23:57:53.371+0000] {processor.py:914} INFO - Processing file /opt/airflow/dags/homework_dag_v2.py for tasks to queue
[2024-12-09T23:57:53.372+0000] {logging_mixin.py:190} INFO - [2024-12-09T23:57:53.372+0000] {dagbag.py:588} INFO - Filling up the DagBag from /opt/airflow/dags/homework_dag_v2.py
[2024-12-09T23:57:53.388+0000] {processor.py:925} INFO - DAG(s) 'homework_dag_v2' retrieved from /opt/airflow/dags/homework_dag_v2.py
[2024-12-09T23:57:53.405+0000] {logging_mixin.py:190} INFO - [2024-12-09T23:57:53.405+0000] {dag.py:3239} INFO - Sync 1 DAGs
[2024-12-09T23:57:53.418+0000] {logging_mixin.py:190} INFO - [2024-12-09T23:57:53.418+0000] {dag.py:4180} INFO - Setting next_dagrun for homework_dag_v2 to None, run_after=None
[2024-12-09T23:57:53.544+0000] {processor.py:208} INFO - Processing /opt/airflow/dags/homework_dag_v2.py took 0.181 seconds
[2024-12-09T23:58:07.284+0000] {processor.py:186} INFO - Started process (PID=14275) to work on /opt/airflow/dags/homework_dag_v2.py
[2024-12-09T23:58:07.286+0000] {processor.py:914} INFO - Processing file /opt/airflow/dags/homework_dag_v2.py for tasks to queue
[2024-12-09T23:58:07.294+0000] {logging_mixin.py:190} INFO - [2024-12-09T23:58:07.289+0000] {dagbag.py:588} INFO - Filling up the DagBag from /opt/airflow/dags/homework_dag_v2.py
[2024-12-09T23:58:07.612+0000] {processor.py:925} INFO - DAG(s) 'homework_dag_v2' retrieved from /opt/airflow/dags/homework_dag_v2.py
[2024-12-09T23:58:08.365+0000] {logging_mixin.py:190} INFO - [2024-12-09T23:58:08.364+0000] {dag.py:3239} INFO - Sync 1 DAGs
[2024-12-09T23:58:09.097+0000] {logging_mixin.py:190} INFO - [2024-12-09T23:58:09.097+0000] {dag.py:4180} INFO - Setting next_dagrun for homework_dag_v2 to None, run_after=None
[2024-12-09T23:58:09.123+0000] {processor.py:208} INFO - Processing /opt/airflow/dags/homework_dag_v2.py took 1.866 seconds
[2024-12-09T23:58:21.659+0000] {processor.py:186} INFO - Started process (PID=14306) to work on /opt/airflow/dags/homework_dag_v2.py
[2024-12-09T23:58:21.661+0000] {processor.py:914} INFO - Processing file /opt/airflow/dags/homework_dag_v2.py for tasks to queue
[2024-12-09T23:58:21.663+0000] {logging_mixin.py:190} INFO - [2024-12-09T23:58:21.662+0000] {dagbag.py:588} INFO - Filling up the DagBag from /opt/airflow/dags/homework_dag_v2.py
[2024-12-09T23:58:21.736+0000] {processor.py:925} INFO - DAG(s) 'homework_dag_v2' retrieved from /opt/airflow/dags/homework_dag_v2.py
[2024-12-09T23:58:21.795+0000] {logging_mixin.py:190} INFO - [2024-12-09T23:58:21.795+0000] {dag.py:3239} INFO - Sync 1 DAGs
[2024-12-09T23:58:23.097+0000] {logging_mixin.py:190} INFO - [2024-12-09T23:58:23.097+0000] {dag.py:4180} INFO - Setting next_dagrun for homework_dag_v2 to None, run_after=None
[2024-12-09T23:58:23.111+0000] {processor.py:208} INFO - Processing /opt/airflow/dags/homework_dag_v2.py took 1.477 seconds
[2024-12-09T23:58:54.176+0000] {processor.py:186} INFO - Started process (PID=14316) to work on /opt/airflow/dags/homework_dag_v2.py
[2024-12-09T23:58:54.180+0000] {processor.py:914} INFO - Processing file /opt/airflow/dags/homework_dag_v2.py for tasks to queue
[2024-12-09T23:58:54.182+0000] {logging_mixin.py:190} INFO - [2024-12-09T23:58:54.181+0000] {dagbag.py:588} INFO - Filling up the DagBag from /opt/airflow/dags/homework_dag_v2.py
[2024-12-09T23:58:54.200+0000] {processor.py:925} INFO - DAG(s) 'homework_dag_v2' retrieved from /opt/airflow/dags/homework_dag_v2.py
[2024-12-09T23:58:54.613+0000] {logging_mixin.py:190} INFO - [2024-12-09T23:58:54.613+0000] {dag.py:3239} INFO - Sync 1 DAGs
[2024-12-09T23:58:54.626+0000] {logging_mixin.py:190} INFO - [2024-12-09T23:58:54.626+0000] {dag.py:4180} INFO - Setting next_dagrun for homework_dag_v2 to None, run_after=None
[2024-12-09T23:58:54.635+0000] {processor.py:208} INFO - Processing /opt/airflow/dags/homework_dag_v2.py took 0.471 seconds
[2024-12-09T23:59:24.757+0000] {processor.py:186} INFO - Started process (PID=14326) to work on /opt/airflow/dags/homework_dag_v2.py
[2024-12-09T23:59:24.766+0000] {processor.py:914} INFO - Processing file /opt/airflow/dags/homework_dag_v2.py for tasks to queue
[2024-12-09T23:59:24.775+0000] {logging_mixin.py:190} INFO - [2024-12-09T23:59:24.774+0000] {dagbag.py:588} INFO - Filling up the DagBag from /opt/airflow/dags/homework_dag_v2.py
[2024-12-09T23:59:24.808+0000] {processor.py:925} INFO - DAG(s) 'homework_dag_v2' retrieved from /opt/airflow/dags/homework_dag_v2.py
[2024-12-09T23:59:24.839+0000] {logging_mixin.py:190} INFO - [2024-12-09T23:59:24.839+0000] {dag.py:3239} INFO - Sync 1 DAGs
[2024-12-09T23:59:24.857+0000] {logging_mixin.py:190} INFO - [2024-12-09T23:59:24.857+0000] {dag.py:4180} INFO - Setting next_dagrun for homework_dag_v2 to None, run_after=None
[2024-12-09T23:59:24.868+0000] {processor.py:208} INFO - Processing /opt/airflow/dags/homework_dag_v2.py took 0.123 seconds
[2024-12-09T23:59:55.410+0000] {processor.py:186} INFO - Started process (PID=14336) to work on /opt/airflow/dags/homework_dag_v2.py
[2024-12-09T23:59:55.411+0000] {processor.py:914} INFO - Processing file /opt/airflow/dags/homework_dag_v2.py for tasks to queue
[2024-12-09T23:59:55.413+0000] {logging_mixin.py:190} INFO - [2024-12-09T23:59:55.412+0000] {dagbag.py:588} INFO - Filling up the DagBag from /opt/airflow/dags/homework_dag_v2.py
[2024-12-09T23:59:55.425+0000] {processor.py:925} INFO - DAG(s) 'homework_dag_v2' retrieved from /opt/airflow/dags/homework_dag_v2.py
[2024-12-09T23:59:55.442+0000] {logging_mixin.py:190} INFO - [2024-12-09T23:59:55.441+0000] {dag.py:3239} INFO - Sync 1 DAGs
[2024-12-09T23:59:55.457+0000] {logging_mixin.py:190} INFO - [2024-12-09T23:59:55.457+0000] {dag.py:4180} INFO - Setting next_dagrun for homework_dag_v2 to None, run_after=None
[2024-12-09T23:59:55.466+0000] {processor.py:208} INFO - Processing /opt/airflow/dags/homework_dag_v2.py took 0.061 seconds
