[2024-12-04T20:27:15.437+0000] {local_task_job_runner.py:123} INFO - ::group::Pre task execution logs
[2024-12-04T20:27:15.446+0000] {taskinstance.py:2613} INFO - Dependencies all met for dep_context=non-requeueable deps ti=<TaskInstance: data_ingestion_gcs_dag.download_dataset_task manual__2024-12-04T20:27:13.351749+00:00 [queued]>
[2024-12-04T20:27:15.450+0000] {taskinstance.py:2613} INFO - Dependencies all met for dep_context=requeueable deps ti=<TaskInstance: data_ingestion_gcs_dag.download_dataset_task manual__2024-12-04T20:27:13.351749+00:00 [queued]>
[2024-12-04T20:27:15.451+0000] {taskinstance.py:2866} INFO - Starting attempt 1 of 2
[2024-12-04T20:27:15.458+0000] {taskinstance.py:2889} INFO - Executing <Task(BashOperator): download_dataset_task> on 2024-12-04 20:27:13.351749+00:00
[2024-12-04T20:27:15.462+0000] {warnings.py:112} WARNING - /home/***/.local/lib/python3.12/site-packages/***/task/task_runner/standard_task_runner.py:70: DeprecationWarning: This process (pid=72774) is multi-threaded, use of fork() may lead to deadlocks in the child.
  pid = os.fork()

[2024-12-04T20:27:15.464+0000] {standard_task_runner.py:72} INFO - Started process 72775 to run task
[2024-12-04T20:27:15.464+0000] {standard_task_runner.py:104} INFO - Running: ['***', 'tasks', 'run', 'data_ingestion_gcs_dag', 'download_dataset_task', 'manual__2024-12-04T20:27:13.351749+00:00', '--job-id', '142', '--raw', '--subdir', 'DAGS_FOLDER/data_ingestion_gcs_dag.py', '--cfg-path', '/tmp/tmpoc4k8m2a']
[2024-12-04T20:27:15.465+0000] {standard_task_runner.py:105} INFO - Job 142: Subtask download_dataset_task
[2024-12-04T20:27:15.493+0000] {task_command.py:467} INFO - Running <TaskInstance: data_ingestion_gcs_dag.download_dataset_task manual__2024-12-04T20:27:13.351749+00:00 [running]> on host 4cef807186dc
[2024-12-04T20:27:15.544+0000] {taskinstance.py:3132} INFO - Exporting env vars: AIRFLOW_CTX_DAG_OWNER='***' AIRFLOW_CTX_DAG_ID='data_ingestion_gcs_dag' AIRFLOW_CTX_TASK_ID='download_dataset_task' AIRFLOW_CTX_EXECUTION_DATE='2024-12-04T20:27:13.351749+00:00' AIRFLOW_CTX_TRY_NUMBER='1' AIRFLOW_CTX_DAG_RUN_ID='manual__2024-12-04T20:27:13.351749+00:00'
[2024-12-04T20:27:15.546+0000] {taskinstance.py:731} INFO - ::endgroup::
[2024-12-04T20:27:15.555+0000] {subprocess.py:78} INFO - Tmp dir root location: /tmp
[2024-12-04T20:27:15.555+0000] {subprocess.py:88} INFO - Running command: ['/usr/bin/bash', '-c', 'curl -sSL https://github.com/DataTalksClub/nyc-tlc-data/releases/download/yellow/yellow_tripdata_2021-01.csv.gz > /opt/***/yellow_tripdata_2021-01.csv.gz']
[2024-12-04T20:27:15.566+0000] {subprocess.py:99} INFO - Output:
[2024-12-04T20:27:21.485+0000] {subprocess.py:110} INFO - Command exited with return code 0
[2024-12-04T20:27:21.533+0000] {taskinstance.py:340} INFO - ::group::Post task execution logs
[2024-12-04T20:27:21.534+0000] {taskinstance.py:352} INFO - Marking task as SUCCESS. dag_id=data_ingestion_gcs_dag, task_id=download_dataset_task, run_id=manual__2024-12-04T20:27:13.351749+00:00, execution_date=20241204T202713, start_date=20241204T202715, end_date=20241204T202721
[2024-12-04T20:27:21.599+0000] {local_task_job_runner.py:266} INFO - Task exited with return code 0
[2024-12-04T20:27:21.639+0000] {taskinstance.py:3895} INFO - 1 downstream tasks scheduled from follow-on schedule check
[2024-12-04T20:27:21.644+0000] {local_task_job_runner.py:245} INFO - ::endgroup::
