[2024-12-05T20:22:01.102+0000] {local_task_job_runner.py:123} INFO - ::group::Pre task execution logs
[2024-12-05T20:22:01.113+0000] {taskinstance.py:2613} INFO - Dependencies all met for dep_context=non-requeueable deps ti=<TaskInstance: LocalIngestionDag.ingest manual__2024-12-05T20:21:59.536261+00:00 [queued]>
[2024-12-05T20:22:01.120+0000] {taskinstance.py:2613} INFO - Dependencies all met for dep_context=requeueable deps ti=<TaskInstance: LocalIngestionDag.ingest manual__2024-12-05T20:21:59.536261+00:00 [queued]>
[2024-12-05T20:22:01.120+0000] {taskinstance.py:2866} INFO - Starting attempt 1 of 1
[2024-12-05T20:22:01.127+0000] {taskinstance.py:2889} INFO - Executing <Task(BashOperator): ingest> on 2024-12-05 20:21:59.536261+00:00
[2024-12-05T20:22:01.130+0000] {warnings.py:112} WARNING - /home/***/.local/lib/python3.12/site-packages/***/task/task_runner/standard_task_runner.py:70: DeprecationWarning: This process (pid=465) is multi-threaded, use of fork() may lead to deadlocks in the child.
  pid = os.fork()

[2024-12-05T20:22:01.131+0000] {standard_task_runner.py:72} INFO - Started process 466 to run task
[2024-12-05T20:22:01.132+0000] {standard_task_runner.py:104} INFO - Running: ['***', 'tasks', 'run', 'LocalIngestionDag', 'ingest', 'manual__2024-12-05T20:21:59.536261+00:00', '--job-id', '6', '--raw', '--subdir', 'DAGS_FOLDER/data_ingestion_local.py', '--cfg-path', '/tmp/tmppcjt89y5']
[2024-12-05T20:22:01.133+0000] {standard_task_runner.py:105} INFO - Job 6: Subtask ingest
[2024-12-05T20:22:01.181+0000] {task_command.py:467} INFO - Running <TaskInstance: LocalIngestionDag.ingest manual__2024-12-05T20:21:59.536261+00:00 [running]> on host cf87bc668ac5
[2024-12-05T20:22:01.257+0000] {taskinstance.py:3132} INFO - Exporting env vars: AIRFLOW_CTX_DAG_OWNER='***' AIRFLOW_CTX_DAG_ID='LocalIngestionDag' AIRFLOW_CTX_TASK_ID='ingest' AIRFLOW_CTX_EXECUTION_DATE='2024-12-05T20:21:59.536261+00:00' AIRFLOW_CTX_TRY_NUMBER='1' AIRFLOW_CTX_DAG_RUN_ID='manual__2024-12-05T20:21:59.536261+00:00'
[2024-12-05T20:22:01.259+0000] {taskinstance.py:731} INFO - ::endgroup::
[2024-12-05T20:22:01.268+0000] {subprocess.py:78} INFO - Tmp dir root location: /tmp
[2024-12-05T20:22:01.268+0000] {subprocess.py:88} INFO - Running command: ['/usr/bin/bash', '-c', 'ls /opt/***']
[2024-12-05T20:22:01.273+0000] {subprocess.py:99} INFO - Output:
[2024-12-05T20:22:01.275+0000] {subprocess.py:106} INFO - ***.cfg
[2024-12-05T20:22:01.275+0000] {subprocess.py:106} INFO - config
[2024-12-05T20:22:01.276+0000] {subprocess.py:106} INFO - dags
[2024-12-05T20:22:01.276+0000] {subprocess.py:106} INFO - logs
[2024-12-05T20:22:01.276+0000] {subprocess.py:106} INFO - output.parquet
[2024-12-05T20:22:01.276+0000] {subprocess.py:106} INFO - plugins
[2024-12-05T20:22:01.277+0000] {subprocess.py:106} INFO - requirements.txt
[2024-12-05T20:22:01.277+0000] {subprocess.py:106} INFO - webserver_config.py
[2024-12-05T20:22:01.277+0000] {subprocess.py:110} INFO - Command exited with return code 0
[2024-12-05T20:22:01.303+0000] {taskinstance.py:340} INFO - ::group::Post task execution logs
[2024-12-05T20:22:01.304+0000] {taskinstance.py:352} INFO - Marking task as SUCCESS. dag_id=LocalIngestionDag, task_id=ingest, run_id=manual__2024-12-05T20:21:59.536261+00:00, execution_date=20241205T202159, start_date=20241205T202201, end_date=20241205T202201
[2024-12-05T20:22:01.406+0000] {local_task_job_runner.py:266} INFO - Task exited with return code 0
[2024-12-05T20:22:01.549+0000] {taskinstance.py:3895} INFO - 0 downstream tasks scheduled from follow-on schedule check
[2024-12-05T20:22:01.622+0000] {local_task_job_runner.py:245} INFO - ::endgroup::
