[2024-12-06T20:30:23.650+0000] {local_task_job_runner.py:123} INFO - ::group::Pre task execution logs
[2024-12-06T20:30:23.667+0000] {taskinstance.py:2613} INFO - Dependencies all met for dep_context=non-requeueable deps ti=<TaskInstance: LocalIngestionDag_v02.wget scheduled__2021-01-02T06:00:00+00:00 [queued]>
[2024-12-06T20:30:23.674+0000] {taskinstance.py:2613} INFO - Dependencies all met for dep_context=requeueable deps ti=<TaskInstance: LocalIngestionDag_v02.wget scheduled__2021-01-02T06:00:00+00:00 [queued]>
[2024-12-06T20:30:23.675+0000] {taskinstance.py:2866} INFO - Starting attempt 2 of 2
[2024-12-06T20:30:23.946+0000] {taskinstance.py:2889} INFO - Executing <Task(BashOperator): wget> on 2021-01-02 06:00:00+00:00
[2024-12-06T20:30:23.954+0000] {warnings.py:112} WARNING - /home/***/.local/lib/python3.12/site-packages/***/task/task_runner/standard_task_runner.py:70: DeprecationWarning: This process (pid=4143) is multi-threaded, use of fork() may lead to deadlocks in the child.
  pid = os.fork()

[2024-12-06T20:30:23.957+0000] {standard_task_runner.py:72} INFO - Started process 4148 to run task
[2024-12-06T20:30:23.957+0000] {standard_task_runner.py:104} INFO - Running: ['***', 'tasks', 'run', 'LocalIngestionDag_v02', 'wget', 'scheduled__2021-01-02T06:00:00+00:00', '--job-id', '86', '--raw', '--subdir', 'DAGS_FOLDER/data_ingestion_local.py', '--cfg-path', '/tmp/tmpvdu44ex7']
[2024-12-06T20:30:23.960+0000] {standard_task_runner.py:105} INFO - Job 86: Subtask wget
[2024-12-06T20:30:24.008+0000] {task_command.py:467} INFO - Running <TaskInstance: LocalIngestionDag_v02.wget scheduled__2021-01-02T06:00:00+00:00 [running]> on host 39ecaeffba2c
[2024-12-06T20:30:24.068+0000] {taskinstance.py:3132} INFO - Exporting env vars: AIRFLOW_CTX_DAG_OWNER='***' AIRFLOW_CTX_DAG_ID='LocalIngestionDag_v02' AIRFLOW_CTX_TASK_ID='wget' AIRFLOW_CTX_EXECUTION_DATE='2021-01-02T06:00:00+00:00' AIRFLOW_CTX_TRY_NUMBER='2' AIRFLOW_CTX_DAG_RUN_ID='scheduled__2021-01-02T06:00:00+00:00'
[2024-12-06T20:30:24.069+0000] {taskinstance.py:731} INFO - ::endgroup::
[2024-12-06T20:30:24.083+0000] {subprocess.py:78} INFO - Tmp dir root location: /tmp
[2024-12-06T20:30:24.084+0000] {subprocess.py:88} INFO - Running command: ['/usr/bin/bash', '-c', 'wget https://d37ci6vzurychx.cloudfront.net/trip-data/yellow_tripdata_2021-01.parquet -O /opt/***/output_2021-01.parquet']
[2024-12-06T20:30:24.093+0000] {subprocess.py:99} INFO - Output:
[2024-12-06T20:30:24.097+0000] {subprocess.py:106} INFO - --2024-12-06 20:30:24--  https://d37ci6vzurychx.cloudfront.net/trip-data/yellow_tripdata_2021-01.parquet
[2024-12-06T20:30:24.161+0000] {subprocess.py:106} INFO - Resolving d37ci6vzurychx.cloudfront.net (d37ci6vzurychx.cloudfront.net)... 52.84.160.73, 52.84.160.116, 52.84.160.213, ...
[2024-12-06T20:30:24.183+0000] {subprocess.py:106} INFO - Connecting to d37ci6vzurychx.cloudfront.net (d37ci6vzurychx.cloudfront.net)|52.84.160.73|:443... connected.
[2024-12-06T20:30:24.738+0000] {subprocess.py:106} INFO - HTTP request sent, awaiting response... 200 OK
[2024-12-06T20:30:24.766+0000] {subprocess.py:106} INFO - Length: 21686067 (21M) [application/x-www-form-urlencoded]
[2024-12-06T20:30:24.784+0000] {subprocess.py:106} INFO - Saving to: ‘/opt/***/output_2021-01.parquet’
[2024-12-06T20:30:24.796+0000] {subprocess.py:106} INFO - 
[2024-12-06T20:30:24.930+0000] {subprocess.py:106} INFO -      0K .......... .......... .......... .......... ..........  0%  277K 76s
[2024-12-06T20:30:24.956+0000] {subprocess.py:106} INFO -     50K .......... .......... .......... .......... ..........  0% 1.34M 46s
[2024-12-06T20:30:24.996+0000] {subprocess.py:106} INFO -    100K .......... .......... .......... .......... ..........  0% 1.57M 35s
[2024-12-06T20:30:25.047+0000] {subprocess.py:106} INFO -    150K .......... .......... .......... .......... ..........  0% 1.04M 31s
[2024-12-06T20:30:25.117+0000] {subprocess.py:106} INFO -    200K .......... .......... .......... .......... ..........  1%  616K 31s
[2024-12-06T20:30:25.127+0000] {subprocess.py:106} INFO -    250K .......... .......... .......... .......... ..........  1% 96.2M 26s
[2024-12-06T20:30:25.151+0000] {subprocess.py:106} INFO -    300K .......... .......... .......... .......... ..........  1%  114M 22s
[2024-12-06T20:30:25.169+0000] {subprocess.py:106} INFO -    350K .......... .......... .......... .......... ..........  1% 3.93M 20s
[2024-12-06T20:30:25.180+0000] {subprocess.py:106} INFO -    400K .......... .......... .......... .......... ..........  2% 4.06M 18s
[2024-12-06T20:30:25.216+0000] {subprocess.py:106} INFO -    450K .......... .......... .......... .......... ..........  2% 8.70M 17s
[2024-12-06T20:30:25.229+0000] {subprocess.py:106} INFO -    500K .......... .......... .......... .......... ..........  2% 9.82M 15s
[2024-12-06T20:30:25.232+0000] {subprocess.py:106} INFO -    550K .......... .......... .......... .......... ..........  2% 8.85M 14s
[2024-12-06T20:30:25.242+0000] {subprocess.py:106} INFO -    600K .......... .......... .......... .......... ..........  3% 25.3M 13s
[2024-12-06T20:30:25.248+0000] {subprocess.py:106} INFO -    650K .......... .......... .......... .......... ..........  3% 52.1M 12s
[2024-12-06T20:30:25.250+0000] {subprocess.py:106} INFO -    700K .......... .......... .......... .......... ..........  3% 14.2M 12s
[2024-12-06T20:30:25.251+0000] {subprocess.py:106} INFO -    750K .......... .......... .......... .......... ..........  3% 13.8M 11s
[2024-12-06T20:30:25.259+0000] {subprocess.py:106} INFO -    800K .......... .......... .......... .......... ..........  4% 35.2M 10s
[2024-12-06T20:30:25.269+0000] {subprocess.py:106} INFO -    850K .......... .......... .......... .......... ..........  4% 65.0M 10s
[2024-12-06T20:30:25.289+0000] {subprocess.py:106} INFO -    900K .......... .......... .......... .......... ..........  4% 5.31M 9s
[2024-12-06T20:30:25.346+0000] {subprocess.py:106} INFO -    950K .......... .......... .......... .......... ..........  4% 2.61M 9s
[2024-12-06T20:30:25.352+0000] {subprocess.py:106} INFO -   1000K .......... .......... .......... .......... ..........  4% 44.1M 9s
[2024-12-06T20:30:25.385+0000] {subprocess.py:106} INFO -   1050K .......... .......... .......... .......... ..........  5% 4.02M 9s
[2024-12-06T20:30:25.407+0000] {subprocess.py:106} INFO -   1100K .......... .......... .......... .......... ..........  5% 4.77M 8s
[2024-12-06T20:30:25.425+0000] {subprocess.py:106} INFO -   1150K .......... .......... .......... .......... ..........  5% 17.8M 8s
[2024-12-06T20:30:25.428+0000] {subprocess.py:106} INFO -   1200K .......... .......... .......... .......... ..........  5% 2.04M 8s
[2024-12-06T20:30:25.432+0000] {subprocess.py:106} INFO -   1250K .......... .......... .......... .......... ..........  6% 55.4M 8s
[2024-12-06T20:30:25.447+0000] {subprocess.py:106} INFO -   1300K .......... .......... .......... .......... ..........  6%  130M 7s
[2024-12-06T20:30:25.458+0000] {subprocess.py:106} INFO -   1350K .......... .......... .......... .......... ..........  6% 57.2M 7s
[2024-12-06T20:30:25.461+0000] {subprocess.py:106} INFO -   1400K .......... .......... .......... .......... ..........  6% 66.2M 7s
[2024-12-06T20:30:25.463+0000] {subprocess.py:106} INFO -   1450K .......... .......... .......... .......... ..........  7% 13.9M 7s
[2024-12-06T20:30:25.464+0000] {subprocess.py:106} INFO -   1500K .......... .......... .......... .......... ..........  7% 40.9M 7s
[2024-12-06T20:30:25.465+0000] {subprocess.py:106} INFO -   1550K .......... .......... .......... .......... ..........  7% 69.3M 6s
[2024-12-06T20:30:25.506+0000] {subprocess.py:106} INFO -   1600K .......... .......... .......... .......... ..........  7% 86.1M 6s
[2024-12-06T20:30:25.513+0000] {subprocess.py:106} INFO -   1650K .......... .......... .......... .......... ..........  8% 50.3M 6s
[2024-12-06T20:30:25.518+0000] {subprocess.py:106} INFO -   1700K .......... .......... .......... .......... ..........  8% 85.6M 6s
[2024-12-06T20:30:25.520+0000] {subprocess.py:106} INFO -   1750K .......... .......... .......... .......... ..........  8%  224M 6s
[2024-12-06T20:30:25.525+0000] {subprocess.py:106} INFO -   1800K .......... .......... .......... .......... ..........  8% 3.46M 6s
[2024-12-06T20:30:25.528+0000] {subprocess.py:106} INFO -   1850K .......... .......... .......... .......... ..........  8% 1.15M 6s
[2024-12-06T20:30:25.530+0000] {subprocess.py:106} INFO -   1900K .......... .......... .......... .......... ..........  9% 1.19M 6s
[2024-12-06T20:30:25.531+0000] {subprocess.py:106} INFO -   1950K .......... .......... .......... .......... ..........  9% 7.55M 6s
[2024-12-06T20:30:25.531+0000] {subprocess.py:106} INFO -   2000K .......... .......... .......... .......... ..........  9% 38.2M 6s
[2024-12-06T20:30:25.532+0000] {subprocess.py:106} INFO -   2050K .......... .......... .......... .......... ..........  9%  177M 6s
[2024-12-06T20:30:25.533+0000] {subprocess.py:106} INFO -   2100K .......... .......... .......... .......... .......... 10% 16.7M 6s
[2024-12-06T20:30:25.533+0000] {subprocess.py:106} INFO -   2150K .......... .......... .......... .......... .......... 10%  102M 5s
[2024-12-06T20:30:25.533+0000] {subprocess.py:106} INFO -   2200K .......... .......... .......... .......... .......... 10% 9.59M 5s
[2024-12-06T20:30:25.534+0000] {subprocess.py:106} INFO -   2250K .......... .......... .......... .......... .......... 10% 19.2M 5s
[2024-12-06T20:30:25.534+0000] {subprocess.py:106} INFO -   2300K .......... .......... .......... .......... .......... 11% 13.7M 5s
[2024-12-06T20:30:25.534+0000] {subprocess.py:106} INFO -   2350K .......... .......... .......... .......... .......... 11%  141M 5s
[2024-12-06T20:30:25.534+0000] {subprocess.py:106} INFO -   2400K .......... .......... .......... .......... .......... 11% 18.1M 5s
[2024-12-06T20:30:25.535+0000] {subprocess.py:106} INFO -   2450K .......... .......... .......... .......... .......... 11% 8.11M 5s
[2024-12-06T20:30:25.535+0000] {subprocess.py:106} INFO -   2500K .......... .......... .......... .......... .......... 12%  147M 5s
[2024-12-06T20:30:25.535+0000] {subprocess.py:106} INFO -   2550K .......... .......... .......... .......... .......... 12% 18.3M 5s
[2024-12-06T20:30:25.536+0000] {subprocess.py:106} INFO -   2600K .......... .......... .......... .......... .......... 12% 18.5M 5s
[2024-12-06T20:30:25.536+0000] {subprocess.py:106} INFO -   2650K .......... .......... .......... .......... .......... 12% 26.3M 4s
[2024-12-06T20:30:25.536+0000] {subprocess.py:106} INFO -   2700K .......... .......... .......... .......... .......... 12% 63.8M 4s
[2024-12-06T20:30:25.536+0000] {subprocess.py:106} INFO -   2750K .......... .......... .......... .......... .......... 13% 23.6M 4s
[2024-12-06T20:30:25.537+0000] {subprocess.py:106} INFO -   2800K .......... .......... .......... .......... .......... 13% 42.0M 4s
[2024-12-06T20:30:25.537+0000] {subprocess.py:106} INFO -   2850K .......... .......... .......... .......... .......... 13% 5.74M 4s
[2024-12-06T20:30:25.537+0000] {subprocess.py:106} INFO -   2900K .......... .......... .......... .......... .......... 13% 6.85M 4s
[2024-12-06T20:30:25.538+0000] {subprocess.py:106} INFO -   2950K .......... .......... .......... .......... .......... 14%  134M 4s
[2024-12-06T20:30:25.538+0000] {subprocess.py:106} INFO -   3000K .......... .......... .......... .......... .......... 14% 49.8M 4s
[2024-12-06T20:30:25.540+0000] {subprocess.py:106} INFO -   3050K .......... .......... .......... .......... .......... 14% 6.75M 4s
[2024-12-06T20:30:25.567+0000] {subprocess.py:106} INFO -   3100K .......... .......... .......... .......... .......... 14% 9.90M 4s
[2024-12-06T20:30:25.577+0000] {subprocess.py:106} INFO -   3150K .......... .......... .......... .......... .......... 15%  179M 4s
[2024-12-06T20:30:25.588+0000] {subprocess.py:106} INFO -   3200K .......... .......... .......... .......... .......... 15% 58.5M 4s
[2024-12-06T20:30:25.593+0000] {subprocess.py:106} INFO -   3250K .......... .......... .......... .......... .......... 15% 64.3M 4s
[2024-12-06T20:30:25.603+0000] {subprocess.py:106} INFO -   3300K .......... .......... .......... .......... .......... 15%  117M 4s
[2024-12-06T20:30:25.609+0000] {subprocess.py:106} INFO -   3350K .......... .......... .......... .......... .......... 16%  251M 4s
[2024-12-06T20:30:25.621+0000] {subprocess.py:106} INFO -   3400K .......... .......... .......... .......... .......... 16% 6.98M 4s
[2024-12-06T20:30:25.628+0000] {subprocess.py:106} INFO -   3450K .......... .......... .......... .......... .......... 16% 8.35M 4s
[2024-12-06T20:30:25.629+0000] {subprocess.py:106} INFO -   3500K .......... .......... .......... .......... .......... 16% 7.91M 4s
[2024-12-06T20:30:25.638+0000] {subprocess.py:106} INFO -   3550K .......... .......... .......... .......... .......... 16% 5.42M 4s
[2024-12-06T20:30:25.645+0000] {subprocess.py:106} INFO -   3600K .......... .......... .......... .......... .......... 17% 10.1M 3s
[2024-12-06T20:30:25.659+0000] {subprocess.py:106} INFO -   3650K .......... .......... .......... .......... .......... 17% 41.0M 3s
[2024-12-06T20:30:25.749+0000] {subprocess.py:106} INFO -   3700K .......... .......... .......... .......... .......... 17%  175K 5s
[2024-12-06T20:30:25.789+0000] {subprocess.py:106} INFO -   3750K .......... .......... .......... .......... .......... 17% 1.23M 5s
[2024-12-06T20:30:25.792+0000] {subprocess.py:106} INFO -   3800K .......... .......... .......... .......... .......... 18%  274M 5s
[2024-12-06T20:30:25.794+0000] {subprocess.py:106} INFO -   3850K .......... .......... .......... .......... .......... 18%  260M 5s
[2024-12-06T20:30:25.798+0000] {subprocess.py:106} INFO -   3900K .......... .......... .......... .......... .......... 18%  271M 5s
[2024-12-06T20:30:25.799+0000] {subprocess.py:106} INFO -   3950K .......... .......... .......... .......... .......... 18%  168M 5s
[2024-12-06T20:30:25.800+0000] {subprocess.py:106} INFO -   4000K .......... .......... .......... .......... .......... 19% 19.9M 4s
[2024-12-06T20:30:25.803+0000] {subprocess.py:106} INFO -   4050K .......... .......... .......... .......... .......... 19%  218M 4s
[2024-12-06T20:30:25.805+0000] {subprocess.py:106} INFO -   4100K .......... .......... .......... .......... .......... 19%  259M 4s
[2024-12-06T20:30:25.806+0000] {subprocess.py:106} INFO -   4150K .......... .......... .......... .......... .......... 19%  230M 4s
[2024-12-06T20:30:25.807+0000] {subprocess.py:106} INFO -   4200K .......... .......... .......... .......... .......... 20%  273M 4s
[2024-12-06T20:30:25.809+0000] {subprocess.py:106} INFO -   4250K .......... .......... .......... .......... .......... 20% 13.7M 4s
[2024-12-06T20:30:25.809+0000] {subprocess.py:106} INFO -   4300K .......... .......... .......... .......... .......... 20%  253M 4s
[2024-12-06T20:30:25.816+0000] {subprocess.py:106} INFO -   4350K .......... .......... .......... .......... .......... 20%  251M 4s
[2024-12-06T20:30:25.822+0000] {subprocess.py:106} INFO -   4400K .......... .......... .......... .......... .......... 21%  242M 4s
[2024-12-06T20:30:25.825+0000] {subprocess.py:106} INFO -   4450K .......... .......... .......... .......... .......... 21%  251M 4s
[2024-12-06T20:30:25.830+0000] {subprocess.py:106} INFO -   4500K .......... .......... .......... .......... .......... 21%  317M 4s
[2024-12-06T20:30:25.831+0000] {subprocess.py:106} INFO -   4550K .......... .......... .......... .......... .......... 21%  303M 4s
[2024-12-06T20:30:25.832+0000] {subprocess.py:106} INFO -   4600K .......... .......... .......... .......... .......... 21%  139M 4s
[2024-12-06T20:30:25.836+0000] {subprocess.py:106} INFO -   4650K .......... .......... .......... .......... .......... 22%  308M 4s
[2024-12-06T20:30:25.843+0000] {subprocess.py:106} INFO -   4700K .......... .......... .......... .......... .......... 22%  294M 4s
[2024-12-06T20:30:25.844+0000] {subprocess.py:106} INFO -   4750K .......... .......... .......... .......... .......... 22%  239M 4s
[2024-12-06T20:30:25.846+0000] {subprocess.py:106} INFO -   4800K .......... .......... .......... .......... .......... 22%  254M 4s
[2024-12-06T20:30:25.847+0000] {subprocess.py:106} INFO -   4850K .......... .......... .......... .......... .......... 23%  237M 4s
[2024-12-06T20:30:25.858+0000] {subprocess.py:106} INFO -   4900K .......... .......... .......... .......... .......... 23%  308M 3s
[2024-12-06T20:30:25.862+0000] {subprocess.py:106} INFO -   4950K .......... .......... .......... .......... .......... 23%  245M 3s
[2024-12-06T20:30:25.866+0000] {subprocess.py:106} INFO -   5000K .......... .......... .......... .......... .......... 23%  264M 3s
[2024-12-06T20:30:25.870+0000] {subprocess.py:106} INFO -   5050K .......... .......... .......... .......... .......... 24%  177M 3s
[2024-12-06T20:30:25.872+0000] {subprocess.py:106} INFO -   5100K .......... .......... .......... .......... .......... 24%  228M 3s
[2024-12-06T20:30:25.877+0000] {subprocess.py:106} INFO -   5150K .......... .......... .......... .......... .......... 24%  288M 3s
[2024-12-06T20:30:25.881+0000] {subprocess.py:106} INFO -   5200K .......... .......... .......... .......... .......... 24%  178M 3s
[2024-12-06T20:30:25.882+0000] {subprocess.py:106} INFO -   5250K .......... .......... .......... .......... .......... 25% 80.4M 3s
[2024-12-06T20:30:25.884+0000] {subprocess.py:106} INFO -   5300K .......... .......... .......... .......... .......... 25%  253M 3s
[2024-12-06T20:30:25.889+0000] {subprocess.py:106} INFO -   5350K .......... .......... .......... .......... .......... 25%  193M 3s
[2024-12-06T20:30:25.901+0000] {subprocess.py:106} INFO -   5400K .......... .......... .......... .......... .......... 25%  292M 3s
[2024-12-06T20:30:25.903+0000] {subprocess.py:106} INFO -   5450K .......... .......... .......... .......... .......... 25%  195M 3s
[2024-12-06T20:30:25.946+0000] {subprocess.py:106} INFO -   5500K .......... .......... .......... .......... .......... 26%  263M 3s
[2024-12-06T20:30:25.950+0000] {subprocess.py:106} INFO -   5550K .......... .......... .......... .......... .......... 26%  312M 3s
[2024-12-06T20:30:26.030+0000] {subprocess.py:106} INFO -   5600K .......... .......... .......... .......... .......... 26%  219K 4s
[2024-12-06T20:30:26.082+0000] {subprocess.py:106} INFO -   5650K .......... .......... .......... .......... .......... 26%  967K 4s
[2024-12-06T20:30:26.092+0000] {subprocess.py:106} INFO -   5700K .......... .......... .......... .......... .......... 27% 42.7M 4s
[2024-12-06T20:30:26.102+0000] {subprocess.py:106} INFO -   5750K .......... .......... .......... .......... .......... 27%  295M 4s
[2024-12-06T20:30:26.108+0000] {subprocess.py:106} INFO -   5800K .......... .......... .......... .......... .......... 27%  280M 4s
[2024-12-06T20:30:26.119+0000] {subprocess.py:106} INFO -   5850K .......... .......... .......... .......... .......... 27%  270M 3s
[2024-12-06T20:30:26.155+0000] {subprocess.py:106} INFO -   5900K .......... .......... .......... .......... .......... 28% 27.3M 3s
[2024-12-06T20:30:26.318+0000] {subprocess.py:106} INFO -   5950K .......... .......... .......... .......... .......... 28%  218M 3s
[2024-12-06T20:30:26.451+0000] {subprocess.py:106} INFO -   6000K .......... .......... .......... .......... .......... 28%  291M 3s
[2024-12-06T20:30:26.502+0000] {subprocess.py:106} INFO -   6050K .......... .......... .......... .......... .......... 28%  135M 3s
[2024-12-06T20:30:26.514+0000] {subprocess.py:106} INFO -   6100K .......... .......... .......... .......... .......... 29% 20.8M 3s
[2024-12-06T20:30:26.548+0000] {subprocess.py:106} INFO -   6150K .......... .......... .......... .......... .......... 29%  152M 3s
[2024-12-06T20:30:26.569+0000] {subprocess.py:106} INFO -   6200K .......... .......... .......... .......... .......... 29% 95.1M 3s
[2024-12-06T20:30:26.575+0000] {subprocess.py:106} INFO -   6250K .......... .......... .......... .......... .......... 29%  139M 3s
[2024-12-06T20:30:26.586+0000] {subprocess.py:106} INFO -   6300K .......... .......... .......... .......... .......... 29% 24.9M 3s
[2024-12-06T20:30:26.587+0000] {subprocess.py:106} INFO -   6350K .......... .......... .......... .......... .......... 30%  257M 3s
[2024-12-06T20:30:26.591+0000] {subprocess.py:106} INFO -   6400K .......... .......... .......... .......... .......... 30% 36.1M 3s
[2024-12-06T20:30:26.594+0000] {subprocess.py:106} INFO -   6450K .......... .......... .......... .......... .......... 30%  114M 3s
[2024-12-06T20:30:26.596+0000] {subprocess.py:106} INFO -   6500K .......... .......... .......... .......... .......... 30%  151M 3s
[2024-12-06T20:30:26.603+0000] {subprocess.py:106} INFO -   6550K .......... .......... .......... .......... .......... 31%  134M 3s
[2024-12-06T20:30:26.604+0000] {subprocess.py:106} INFO -   6600K .......... .......... .......... .......... .......... 31% 59.7M 3s
[2024-12-06T20:30:26.605+0000] {subprocess.py:106} INFO -   6650K .......... .......... .......... .......... .......... 31% 78.3M 3s
[2024-12-06T20:30:26.606+0000] {subprocess.py:106} INFO -   6700K .......... .......... .......... .......... .......... 31%  106M 3s
[2024-12-06T20:30:26.606+0000] {subprocess.py:106} INFO -   6750K .......... .......... .......... .......... .......... 32% 79.3M 3s
[2024-12-06T20:30:26.607+0000] {subprocess.py:106} INFO -   6800K .......... .......... .......... .......... .......... 32%  173M 3s
[2024-12-06T20:30:26.608+0000] {subprocess.py:106} INFO -   6850K .......... .......... .......... .......... .......... 32%  189M 3s
[2024-12-06T20:30:26.609+0000] {subprocess.py:106} INFO -   6900K .......... .......... .......... .......... .......... 32%  232M 3s
[2024-12-06T20:30:26.611+0000] {subprocess.py:106} INFO -   6950K .......... .......... .......... .......... .......... 33%  290M 3s
[2024-12-06T20:30:26.616+0000] {subprocess.py:106} INFO -   7000K .......... .......... .......... .......... .......... 33% 14.6M 3s
[2024-12-06T20:30:26.618+0000] {subprocess.py:106} INFO -   7050K .......... .......... .......... .......... .......... 33% 37.6M 3s
[2024-12-06T20:30:26.619+0000] {subprocess.py:106} INFO -   7100K .......... .......... .......... .......... .......... 33%  222M 3s
[2024-12-06T20:30:26.625+0000] {subprocess.py:106} INFO -   7150K .......... .......... .......... .......... .......... 33%  122M 3s
[2024-12-06T20:30:26.628+0000] {subprocess.py:106} INFO -   7200K .......... .......... .......... .......... .......... 34%  215M 3s
[2024-12-06T20:30:26.633+0000] {subprocess.py:106} INFO -   7250K .......... .......... .......... .......... .......... 34% 80.8M 3s
[2024-12-06T20:30:26.641+0000] {subprocess.py:106} INFO -   7300K .......... .......... .......... .......... .......... 34% 53.4M 3s
[2024-12-06T20:30:26.649+0000] {subprocess.py:106} INFO -   7350K .......... .......... .......... .......... .......... 34% 38.2M 3s
[2024-12-06T20:30:26.651+0000] {subprocess.py:106} INFO -   7400K .......... .......... .......... .......... .......... 35% 42.2M 3s
[2024-12-06T20:30:26.656+0000] {subprocess.py:106} INFO -   7450K .......... .......... .......... .......... .......... 35% 22.9M 2s
[2024-12-06T20:30:26.660+0000] {subprocess.py:106} INFO -   7500K .......... .......... .......... .......... .......... 35%  211M 2s
[2024-12-06T20:30:26.662+0000] {subprocess.py:106} INFO -   7550K .......... .......... .......... .......... .......... 35% 65.3M 2s
[2024-12-06T20:30:26.663+0000] {subprocess.py:106} INFO -   7600K .......... .......... .......... .......... .......... 36%  196M 2s
[2024-12-06T20:30:26.667+0000] {subprocess.py:106} INFO -   7650K .......... .......... .......... .......... .......... 36% 1.69M 2s
[2024-12-06T20:30:26.675+0000] {subprocess.py:106} INFO -   7700K .......... .......... .......... .......... .......... 36% 2.11M 2s
[2024-12-06T20:30:26.676+0000] {subprocess.py:106} INFO -   7750K .......... .......... .......... .......... .......... 36%  238K 3s
[2024-12-06T20:30:26.680+0000] {subprocess.py:106} INFO -   7800K .......... .......... .......... .......... .......... 37%  753K 3s
[2024-12-06T20:30:26.680+0000] {subprocess.py:106} INFO -   7850K .......... .......... .......... .......... .......... 37%  821K 3s
[2024-12-06T20:30:26.681+0000] {subprocess.py:106} INFO -   7900K .......... .......... .......... .......... .......... 37% 5.81M 3s
[2024-12-06T20:30:26.682+0000] {subprocess.py:106} INFO -   7950K .......... .......... .......... .......... .......... 37% 1.23M 3s
[2024-12-06T20:30:26.684+0000] {subprocess.py:106} INFO -   8000K .......... .......... .......... .......... .......... 38%  151M 3s
[2024-12-06T20:30:26.688+0000] {subprocess.py:106} INFO -   8050K .......... .......... .......... .......... .......... 38% 1.83M 3s
[2024-12-06T20:30:26.689+0000] {subprocess.py:106} INFO -   8100K .......... .......... .......... .......... .......... 38% 8.59M 3s
[2024-12-06T20:30:26.691+0000] {subprocess.py:106} INFO -   8150K .......... .......... .......... .......... .......... 38%  124M 3s
[2024-12-06T20:30:26.695+0000] {subprocess.py:106} INFO -   8200K .......... .......... .......... .......... .......... 38% 37.0M 3s
[2024-12-06T20:30:26.698+0000] {subprocess.py:106} INFO -   8250K .......... .......... .......... .......... .......... 39% 41.3M 3s
[2024-12-06T20:30:26.703+0000] {subprocess.py:106} INFO -   8300K .......... .......... .......... .......... .......... 39% 37.3M 3s
[2024-12-06T20:30:26.705+0000] {subprocess.py:106} INFO -   8350K .......... .......... .......... .......... .......... 39%  139M 3s
[2024-12-06T20:30:26.708+0000] {subprocess.py:106} INFO -   8400K .......... .......... .......... .......... .......... 39% 42.4M 3s
[2024-12-06T20:30:26.708+0000] {subprocess.py:106} INFO -   8450K .......... .......... .......... .......... .......... 40%  103M 3s
[2024-12-06T20:30:26.709+0000] {subprocess.py:106} INFO -   8500K .......... .......... .......... .......... .......... 40% 16.2M 3s
[2024-12-06T20:30:26.710+0000] {subprocess.py:106} INFO -   8550K .......... .......... .......... .......... .......... 40% 21.0M 3s
[2024-12-06T20:30:26.714+0000] {subprocess.py:106} INFO -   8600K .......... .......... .......... .......... .......... 40% 25.2M 3s
[2024-12-06T20:30:26.714+0000] {subprocess.py:106} INFO -   8650K .......... .......... .......... .......... .......... 41% 46.0M 3s
[2024-12-06T20:30:26.715+0000] {subprocess.py:106} INFO -   8700K .......... .......... .......... .......... .......... 41% 11.0M 3s
[2024-12-06T20:30:26.718+0000] {subprocess.py:106} INFO -   8750K .......... .......... .......... .......... .......... 41%  194M 3s
[2024-12-06T20:30:26.719+0000] {subprocess.py:106} INFO -   8800K .......... .......... .......... .......... .......... 41%  107M 3s
[2024-12-06T20:30:26.719+0000] {subprocess.py:106} INFO -   8850K .......... .......... .......... .......... .......... 42%  113M 3s
[2024-12-06T20:30:26.720+0000] {subprocess.py:106} INFO -   8900K .......... .......... .......... .......... .......... 42%  104M 3s
[2024-12-06T20:30:26.722+0000] {subprocess.py:106} INFO -   8950K .......... .......... .......... .......... .......... 42%  103M 3s
[2024-12-06T20:30:26.726+0000] {subprocess.py:106} INFO -   9000K .......... .......... .......... .......... .......... 42%  209M 2s
[2024-12-06T20:30:26.727+0000] {subprocess.py:106} INFO -   9050K .......... .......... .......... .......... .......... 42% 70.7M 2s
[2024-12-06T20:30:26.727+0000] {subprocess.py:106} INFO -   9100K .......... .......... .......... .......... .......... 43%  117M 2s
[2024-12-06T20:30:26.728+0000] {subprocess.py:106} INFO -   9150K .......... .......... .......... .......... .......... 43% 53.9M 2s
[2024-12-06T20:30:26.729+0000] {subprocess.py:106} INFO -   9200K .......... .......... .......... .......... .......... 43%  113M 2s
[2024-12-06T20:30:26.730+0000] {subprocess.py:106} INFO -   9250K .......... .......... .......... .......... .......... 43% 74.2M 2s
[2024-12-06T20:30:26.730+0000] {subprocess.py:106} INFO -   9300K .......... .......... .......... .......... .......... 44% 63.8M 2s
[2024-12-06T20:30:26.730+0000] {subprocess.py:106} INFO -   9350K .......... .......... .......... .......... .......... 44% 85.1M 2s
[2024-12-06T20:30:26.731+0000] {subprocess.py:106} INFO -   9400K .......... .......... .......... .......... .......... 44%  231M 2s
[2024-12-06T20:30:26.732+0000] {subprocess.py:106} INFO -   9450K .......... .......... .......... .......... .......... 44% 73.6M 2s
[2024-12-06T20:30:26.738+0000] {subprocess.py:106} INFO -   9500K .......... .......... .......... .......... .......... 45% 39.0M 2s
[2024-12-06T20:30:26.739+0000] {subprocess.py:106} INFO -   9550K .......... .......... .......... .......... .......... 45% 80.6M 2s
[2024-12-06T20:30:26.740+0000] {subprocess.py:106} INFO -   9600K .......... .......... .......... .......... .......... 45% 98.6M 2s
[2024-12-06T20:30:26.742+0000] {subprocess.py:106} INFO -   9650K .......... .......... .......... .......... .......... 45%  103M 2s
[2024-12-06T20:30:26.743+0000] {subprocess.py:106} INFO -   9700K .......... .......... .......... .......... .......... 46% 29.1M 2s
[2024-12-06T20:30:26.743+0000] {subprocess.py:106} INFO -   9750K .......... .......... .......... .......... .......... 46% 76.0M 2s
[2024-12-06T20:30:26.744+0000] {subprocess.py:106} INFO -   9800K .......... .......... .......... .......... .......... 46%  112M 2s
[2024-12-06T20:30:26.745+0000] {subprocess.py:106} INFO -   9850K .......... .......... .......... .......... .......... 46%  511K 2s
[2024-12-06T20:30:26.748+0000] {subprocess.py:106} INFO -   9900K .......... .......... .......... .......... .......... 46%  128M 2s
[2024-12-06T20:30:26.751+0000] {subprocess.py:106} INFO -   9950K .......... .......... .......... .......... .......... 47%  188M 2s
[2024-12-06T20:30:26.754+0000] {subprocess.py:106} INFO -  10000K .......... .......... .......... .......... .......... 47%  202M 2s
[2024-12-06T20:30:26.756+0000] {subprocess.py:106} INFO -  10050K .......... .......... .......... .......... .......... 47% 93.2M 2s
[2024-12-06T20:30:26.758+0000] {subprocess.py:106} INFO -  10100K .......... .......... .......... .......... .......... 47% 63.0M 2s
[2024-12-06T20:30:26.759+0000] {subprocess.py:106} INFO -  10150K .......... .......... .......... .......... .......... 48%  188M 2s
[2024-12-06T20:30:26.760+0000] {subprocess.py:106} INFO -  10200K .......... .......... .......... .......... .......... 48%  218M 2s
[2024-12-06T20:30:26.761+0000] {subprocess.py:106} INFO -  10250K .......... .......... .......... .......... .......... 48% 56.3M 2s
[2024-12-06T20:30:26.761+0000] {subprocess.py:106} INFO -  10300K .......... .......... .......... .......... .......... 48%  112M 2s
[2024-12-06T20:30:26.776+0000] {subprocess.py:106} INFO -  10350K .......... .......... .......... .......... .......... 49% 29.5M 2s
[2024-12-06T20:30:26.782+0000] {subprocess.py:106} INFO -  10400K .......... .......... .......... .......... .......... 49% 41.5M 2s
[2024-12-06T20:30:26.783+0000] {subprocess.py:106} INFO -  10450K .......... .......... .......... .......... .......... 49% 48.1M 2s
[2024-12-06T20:30:26.784+0000] {subprocess.py:106} INFO -  10500K .......... .......... .......... .......... .......... 49% 22.9M 2s
[2024-12-06T20:30:26.784+0000] {subprocess.py:106} INFO -  10550K .......... .......... .......... .......... .......... 50%  124M 2s
[2024-12-06T20:30:26.785+0000] {subprocess.py:106} INFO -  10600K .......... .......... .......... .......... .......... 50%  134M 2s
[2024-12-06T20:30:26.785+0000] {subprocess.py:106} INFO -  10650K .......... .......... .......... .......... .......... 50% 26.5M 2s
[2024-12-06T20:30:26.786+0000] {subprocess.py:106} INFO -  10700K .......... .......... .......... .......... .......... 50%  160M 2s
[2024-12-06T20:30:26.786+0000] {subprocess.py:106} INFO -  10750K .......... .......... .......... .......... .......... 50% 46.9M 2s
[2024-12-06T20:30:26.788+0000] {subprocess.py:106} INFO -  10800K .......... .......... .......... .......... .......... 51% 58.3M 2s
[2024-12-06T20:30:26.788+0000] {subprocess.py:106} INFO -  10850K .......... .......... .......... .......... .......... 51%  278M 2s
[2024-12-06T20:30:26.789+0000] {subprocess.py:106} INFO -  10900K .......... .......... .......... .......... .......... 51% 41.7M 2s
[2024-12-06T20:30:26.791+0000] {subprocess.py:106} INFO -  10950K .......... .......... .......... .......... .......... 51% 46.6M 2s
[2024-12-06T20:30:26.792+0000] {subprocess.py:106} INFO -  11000K .......... .......... .......... .......... .......... 52% 43.4M 2s
[2024-12-06T20:30:26.792+0000] {subprocess.py:106} INFO -  11050K .......... .......... .......... .......... .......... 52% 54.0M 2s
[2024-12-06T20:30:26.792+0000] {subprocess.py:106} INFO -  11100K .......... .......... .......... .......... .......... 52% 71.0M 2s
[2024-12-06T20:30:26.793+0000] {subprocess.py:106} INFO -  11150K .......... .......... .......... .......... .......... 52% 80.8M 2s
[2024-12-06T20:30:26.794+0000] {subprocess.py:106} INFO -  11200K .......... .......... .......... .......... .......... 53% 29.0M 2s
[2024-12-06T20:30:26.794+0000] {subprocess.py:106} INFO -  11250K .......... .......... .......... .......... .......... 53% 40.3M 2s
[2024-12-06T20:30:26.795+0000] {subprocess.py:106} INFO -  11300K .......... .......... .......... .......... .......... 53% 18.6M 2s
[2024-12-06T20:30:26.795+0000] {subprocess.py:106} INFO -  11350K .......... .......... .......... .......... .......... 53% 70.5M 2s
[2024-12-06T20:30:26.796+0000] {subprocess.py:106} INFO -  11400K .......... .......... .......... .......... .......... 54%  246M 2s
[2024-12-06T20:30:26.797+0000] {subprocess.py:106} INFO -  11450K .......... .......... .......... .......... .......... 54% 48.4M 2s
[2024-12-06T20:30:26.800+0000] {subprocess.py:106} INFO -  11500K .......... .......... .......... .......... .......... 54%  150M 2s
[2024-12-06T20:30:26.800+0000] {subprocess.py:106} INFO -  11550K .......... .......... .......... .......... .......... 54%  237M 2s
[2024-12-06T20:30:26.801+0000] {subprocess.py:106} INFO -  11600K .......... .......... .......... .......... .......... 55%  191M 2s
[2024-12-06T20:30:26.801+0000] {subprocess.py:106} INFO -  11650K .......... .......... .......... .......... .......... 55% 31.6M 2s
[2024-12-06T20:30:26.802+0000] {subprocess.py:106} INFO -  11700K .......... .......... .......... .......... .......... 55%  153M 2s
[2024-12-06T20:30:26.818+0000] {subprocess.py:106} INFO -  11750K .......... .......... .......... .......... .......... 55% 69.5M 2s
[2024-12-06T20:30:26.819+0000] {subprocess.py:106} INFO -  11800K .......... .......... .......... .......... .......... 55%  232M 2s
[2024-12-06T20:30:26.820+0000] {subprocess.py:106} INFO -  11850K .......... .......... .......... .......... .......... 56% 63.8M 2s
[2024-12-06T20:30:26.820+0000] {subprocess.py:106} INFO -  11900K .......... .......... .......... .......... .......... 56%  166M 2s
[2024-12-06T20:30:26.821+0000] {subprocess.py:106} INFO -  11950K .......... .......... .......... .......... .......... 56%  183M 2s
[2024-12-06T20:30:26.821+0000] {subprocess.py:106} INFO -  12000K .......... .......... .......... .......... .......... 56%  233M 2s
[2024-12-06T20:30:26.821+0000] {subprocess.py:106} INFO -  12050K .......... .......... .......... .......... .......... 57% 66.9M 2s
[2024-12-06T20:30:26.822+0000] {subprocess.py:106} INFO -  12100K .......... .......... .......... .......... .......... 57% 43.9M 1s
[2024-12-06T20:30:26.824+0000] {subprocess.py:106} INFO -  12150K .......... .......... .......... .......... .......... 57%  112M 1s
[2024-12-06T20:30:26.826+0000] {subprocess.py:106} INFO -  12200K .......... .......... .......... .......... .......... 57%  197M 1s
[2024-12-06T20:30:26.841+0000] {subprocess.py:106} INFO -  12250K .......... .......... .......... .......... .......... 58%  211M 1s
[2024-12-06T20:30:26.842+0000] {subprocess.py:106} INFO -  12300K .......... .......... .......... .......... .......... 58%  254M 1s
[2024-12-06T20:30:26.844+0000] {subprocess.py:106} INFO -  12350K .......... .......... .......... .......... .......... 58% 97.1M 1s
[2024-12-06T20:30:26.845+0000] {subprocess.py:106} INFO -  12400K .......... .......... .......... .......... .......... 58% 92.0M 1s
[2024-12-06T20:30:26.846+0000] {subprocess.py:106} INFO -  12450K .......... .......... .......... .......... .......... 59%  156M 1s
[2024-12-06T20:30:26.846+0000] {subprocess.py:106} INFO -  12500K .......... .......... .......... .......... .......... 59%  173M 1s
[2024-12-06T20:30:26.848+0000] {subprocess.py:106} INFO -  12550K .......... .......... .......... .......... .......... 59% 59.2M 1s
[2024-12-06T20:30:26.849+0000] {subprocess.py:106} INFO -  12600K .......... .......... .......... .......... .......... 59% 63.4M 1s
[2024-12-06T20:30:26.850+0000] {subprocess.py:106} INFO -  12650K .......... .......... .......... .......... .......... 59% 74.7M 1s
[2024-12-06T20:30:26.850+0000] {subprocess.py:106} INFO -  12700K .......... .......... .......... .......... .......... 60%  190M 1s
[2024-12-06T20:30:26.851+0000] {subprocess.py:106} INFO -  12750K .......... .......... .......... .......... .......... 60%  270M 1s
[2024-12-06T20:30:26.852+0000] {subprocess.py:106} INFO -  12800K .......... .......... .......... .......... .......... 60% 47.5M 1s
[2024-12-06T20:30:26.853+0000] {subprocess.py:106} INFO -  12850K .......... .......... .......... .......... .......... 60%  279M 1s
[2024-12-06T20:30:26.854+0000] {subprocess.py:106} INFO -  12900K .......... .......... .......... .......... .......... 61% 45.5M 1s
[2024-12-06T20:30:26.855+0000] {subprocess.py:106} INFO -  12950K .......... .......... .......... .......... .......... 61% 46.8M 1s
[2024-12-06T20:30:26.856+0000] {subprocess.py:106} INFO -  13000K .......... .......... .......... .......... .......... 61%  138M 1s
[2024-12-06T20:30:26.859+0000] {subprocess.py:106} INFO -  13050K .......... .......... .......... .......... .......... 61% 75.3M 1s
[2024-12-06T20:30:26.860+0000] {subprocess.py:106} INFO -  13100K .......... .......... .......... .......... .......... 62% 76.4M 1s
[2024-12-06T20:30:26.861+0000] {subprocess.py:106} INFO -  13150K .......... .......... .......... .......... .......... 62%  204M 1s
[2024-12-06T20:30:26.862+0000] {subprocess.py:106} INFO -  13200K .......... .......... .......... .......... .......... 62% 89.6M 1s
[2024-12-06T20:30:26.864+0000] {subprocess.py:106} INFO -  13250K .......... .......... .......... .......... .......... 62% 81.0M 1s
[2024-12-06T20:30:26.865+0000] {subprocess.py:106} INFO -  13300K .......... .......... .......... .......... .......... 63% 24.9M 1s
[2024-12-06T20:30:26.865+0000] {subprocess.py:106} INFO -  13350K .......... .......... .......... .......... .......... 63%  143M 1s
[2024-12-06T20:30:26.866+0000] {subprocess.py:106} INFO -  13400K .......... .......... .......... .......... .......... 63%  154M 1s
[2024-12-06T20:30:26.867+0000] {subprocess.py:106} INFO -  13450K .......... .......... .......... .......... .......... 63%  191M 1s
[2024-12-06T20:30:26.869+0000] {subprocess.py:106} INFO -  13500K .......... .......... .......... .......... .......... 63%  256M 1s
[2024-12-06T20:30:26.870+0000] {subprocess.py:106} INFO -  13550K .......... .......... .......... .......... .......... 64%  122M 1s
[2024-12-06T20:30:26.870+0000] {subprocess.py:106} INFO -  13600K .......... .......... .......... .......... .......... 64% 25.6M 1s
[2024-12-06T20:30:26.871+0000] {subprocess.py:106} INFO -  13650K .......... .......... .......... .......... .......... 64% 35.7M 1s
[2024-12-06T20:30:26.871+0000] {subprocess.py:106} INFO -  13700K .......... .......... .......... .......... .......... 64%  126M 1s
[2024-12-06T20:30:26.872+0000] {subprocess.py:106} INFO -  13750K .......... .......... .......... .......... .......... 65%  190M 1s
[2024-12-06T20:30:26.872+0000] {subprocess.py:106} INFO -  13800K .......... .......... .......... .......... .......... 65% 36.7M 1s
[2024-12-06T20:30:26.873+0000] {subprocess.py:106} INFO -  13850K .......... .......... .......... .......... .......... 65%  168M 1s
[2024-12-06T20:30:26.873+0000] {subprocess.py:106} INFO -  13900K .......... .......... .......... .......... .......... 65%  132M 1s
[2024-12-06T20:30:26.873+0000] {subprocess.py:106} INFO -  13950K .......... .......... .......... .......... .......... 66%  121M 1s
[2024-12-06T20:30:26.874+0000] {subprocess.py:106} INFO -  14000K .......... .......... .......... .......... .......... 66% 73.2M 1s
[2024-12-06T20:30:26.874+0000] {subprocess.py:106} INFO -  14050K .......... .......... .......... .......... .......... 66%  298M 1s
[2024-12-06T20:30:26.874+0000] {subprocess.py:106} INFO -  14100K .......... .......... .......... .......... .......... 66% 36.5M 1s
[2024-12-06T20:30:26.875+0000] {subprocess.py:106} INFO -  14150K .......... .......... .......... .......... .......... 67% 31.3M 1s
[2024-12-06T20:30:26.875+0000] {subprocess.py:106} INFO -  14200K .......... .......... .......... .......... .......... 67% 62.2M 1s
[2024-12-06T20:30:26.875+0000] {subprocess.py:106} INFO -  14250K .......... .......... .......... .......... .......... 67%  263M 1s
[2024-12-06T20:30:26.875+0000] {subprocess.py:106} INFO -  14300K .......... .......... .......... .......... .......... 67%  323M 1s
[2024-12-06T20:30:26.876+0000] {subprocess.py:106} INFO -  14350K .......... .......... .......... .......... .......... 67% 47.6M 1s
[2024-12-06T20:30:26.876+0000] {subprocess.py:106} INFO -  14400K .......... .......... .......... .......... .......... 68% 35.2M 1s
[2024-12-06T20:30:26.877+0000] {subprocess.py:106} INFO -  14450K .......... .......... .......... .......... .......... 68% 43.2M 1s
[2024-12-06T20:30:26.877+0000] {subprocess.py:106} INFO -  14500K .......... .......... .......... .......... .......... 68% 69.1M 1s
[2024-12-06T20:30:26.877+0000] {subprocess.py:106} INFO -  14550K .......... .......... .......... .......... .......... 68% 16.1M 1s
[2024-12-06T20:30:26.878+0000] {subprocess.py:106} INFO -  14600K .......... .......... .......... .......... .......... 69% 23.1M 1s
[2024-12-06T20:30:26.878+0000] {subprocess.py:106} INFO -  14650K .......... .......... .......... .......... .......... 69% 21.8M 1s
[2024-12-06T20:30:26.878+0000] {subprocess.py:106} INFO -  14700K .......... .......... .......... .......... .......... 69% 11.9M 1s
[2024-12-06T20:30:26.879+0000] {subprocess.py:106} INFO -  14750K .......... .......... .......... .......... .......... 69% 20.0M 1s
[2024-12-06T20:30:26.879+0000] {subprocess.py:106} INFO -  14800K .......... .......... .......... .......... .......... 70% 4.77M 1s
[2024-12-06T20:30:26.879+0000] {subprocess.py:106} INFO -  14850K .......... .......... .......... .......... .......... 70% 2.56M 1s
[2024-12-06T20:30:26.880+0000] {subprocess.py:106} INFO -  14900K .......... .......... .......... .......... .......... 70%  134M 1s
[2024-12-06T20:30:26.880+0000] {subprocess.py:106} INFO -  14950K .......... .......... .......... .......... .......... 70%  143M 1s
[2024-12-06T20:30:26.880+0000] {subprocess.py:106} INFO -  15000K .......... .......... .......... .......... .......... 71% 83.5M 1s
[2024-12-06T20:30:26.881+0000] {subprocess.py:106} INFO -  15050K .......... .......... .......... .......... .......... 71% 8.21M 1s
[2024-12-06T20:30:26.881+0000] {subprocess.py:106} INFO -  15100K .......... .......... .......... .......... .......... 71% 31.4M 1s
[2024-12-06T20:30:26.882+0000] {subprocess.py:106} INFO -  15150K .......... .......... .......... .......... .......... 71%  153M 1s
[2024-12-06T20:30:26.882+0000] {subprocess.py:106} INFO -  15200K .......... .......... .......... .......... .......... 72% 3.74M 1s
[2024-12-06T20:30:26.882+0000] {subprocess.py:106} INFO -  15250K .......... .......... .......... .......... .......... 72%  110M 1s
[2024-12-06T20:30:26.883+0000] {subprocess.py:106} INFO -  15300K .......... .......... .......... .......... .......... 72%  119M 1s
[2024-12-06T20:30:26.883+0000] {subprocess.py:106} INFO -  15350K .......... .......... .......... .......... .......... 72%  197M 1s
[2024-12-06T20:30:26.883+0000] {subprocess.py:106} INFO -  15400K .......... .......... .......... .......... .......... 72%  221M 1s
[2024-12-06T20:30:26.884+0000] {subprocess.py:106} INFO -  15450K .......... .......... .......... .......... .......... 73%  204M 1s
[2024-12-06T20:30:26.884+0000] {subprocess.py:106} INFO -  15500K .......... .......... .......... .......... .......... 73%  200M 1s
[2024-12-06T20:30:26.884+0000] {subprocess.py:106} INFO -  15550K .......... .......... .......... .......... .......... 73%  196M 1s
[2024-12-06T20:30:26.887+0000] {subprocess.py:106} INFO -  15600K .......... .......... .......... .......... .......... 73%  199M 1s
[2024-12-06T20:30:26.888+0000] {subprocess.py:106} INFO -  15650K .......... .......... .......... .......... .......... 74%  229M 1s
[2024-12-06T20:30:26.888+0000] {subprocess.py:106} INFO -  15700K .......... .......... .......... .......... .......... 74%  229M 1s
[2024-12-06T20:30:26.889+0000] {subprocess.py:106} INFO -  15750K .......... .......... .......... .......... .......... 74%  192M 1s
[2024-12-06T20:30:26.889+0000] {subprocess.py:106} INFO -  15800K .......... .......... .......... .......... .......... 74% 65.7M 1s
[2024-12-06T20:30:26.889+0000] {subprocess.py:106} INFO -  15850K .......... .......... .......... .......... .......... 75% 82.4M 1s
[2024-12-06T20:30:26.890+0000] {subprocess.py:106} INFO -  15900K .......... .......... .......... .......... .......... 75%  260M 1s
[2024-12-06T20:30:26.891+0000] {subprocess.py:106} INFO -  15950K .......... .......... .......... .......... .......... 75%  227M 1s
[2024-12-06T20:30:26.891+0000] {subprocess.py:106} INFO -  16000K .......... .......... .......... .......... .......... 75%  220M 1s
[2024-12-06T20:30:26.892+0000] {subprocess.py:106} INFO -  16050K .......... .......... .......... .......... .......... 76%  233M 1s
[2024-12-06T20:30:26.892+0000] {subprocess.py:106} INFO -  16100K .......... .......... .......... .......... .......... 76% 64.6M 1s
[2024-12-06T20:30:26.892+0000] {subprocess.py:106} INFO -  16150K .......... .......... .......... .......... .......... 76%  181M 1s
[2024-12-06T20:30:26.892+0000] {subprocess.py:106} INFO -  16200K .......... .......... .......... .......... .......... 76%  226M 1s
[2024-12-06T20:30:26.893+0000] {subprocess.py:106} INFO -  16250K .......... .......... .......... .......... .......... 76% 95.7M 1s
[2024-12-06T20:30:26.893+0000] {subprocess.py:106} INFO -  16300K .......... .......... .......... .......... .......... 77%  171M 1s
[2024-12-06T20:30:26.893+0000] {subprocess.py:106} INFO -  16350K .......... .......... .......... .......... .......... 77%  173M 1s
[2024-12-06T20:30:26.893+0000] {subprocess.py:106} INFO -  16400K .......... .......... .......... .......... .......... 77%  194M 1s
[2024-12-06T20:30:26.893+0000] {subprocess.py:106} INFO -  16450K .......... .......... .......... .......... .......... 77%  243M 1s
[2024-12-06T20:30:26.894+0000] {subprocess.py:106} INFO -  16500K .......... .......... .......... .......... .......... 78%  152M 1s
[2024-12-06T20:30:26.894+0000] {subprocess.py:106} INFO -  16550K .......... .......... .......... .......... .......... 78%  155M 1s
[2024-12-06T20:30:26.894+0000] {subprocess.py:106} INFO -  16600K .......... .......... .......... .......... .......... 78%  184M 1s
[2024-12-06T20:30:26.894+0000] {subprocess.py:106} INFO -  16650K .......... .......... .......... .......... .......... 78%  254M 1s
[2024-12-06T20:30:26.895+0000] {subprocess.py:106} INFO -  16700K .......... .......... .......... .......... .......... 79%  182M 1s
[2024-12-06T20:30:26.895+0000] {subprocess.py:106} INFO -  16750K .......... .......... .......... .......... .......... 79%  270M 1s
[2024-12-06T20:30:26.895+0000] {subprocess.py:106} INFO -  16800K .......... .......... .......... .......... .......... 79%  225M 1s
[2024-12-06T20:30:26.895+0000] {subprocess.py:106} INFO -  16850K .......... .......... .......... .......... .......... 79%  240M 1s
[2024-12-06T20:30:26.896+0000] {subprocess.py:106} INFO -  16900K .......... .......... .......... .......... .......... 80% 84.6M 1s
[2024-12-06T20:30:26.896+0000] {subprocess.py:106} INFO -  16950K .......... .......... .......... .......... .......... 80%  267M 1s
[2024-12-06T20:30:26.897+0000] {subprocess.py:106} INFO -  17000K .......... .......... .......... .......... .......... 80%  105M 1s
[2024-12-06T20:30:26.897+0000] {subprocess.py:106} INFO -  17050K .......... .......... .......... .......... .......... 80%  271M 1s
[2024-12-06T20:30:26.897+0000] {subprocess.py:106} INFO -  17100K .......... .......... .......... .......... .......... 80%  239M 0s
[2024-12-06T20:30:26.897+0000] {subprocess.py:106} INFO -  17150K .......... .......... .......... .......... .......... 81%  263M 0s
[2024-12-06T20:30:26.897+0000] {subprocess.py:106} INFO -  17200K .......... .......... .......... .......... .......... 81%  248M 0s
[2024-12-06T20:30:26.898+0000] {subprocess.py:106} INFO -  17250K .......... .......... .......... .......... .......... 81%  214M 0s
[2024-12-06T20:30:26.898+0000] {subprocess.py:106} INFO -  17300K .......... .......... .......... .......... .......... 81%  269M 0s
[2024-12-06T20:30:26.898+0000] {subprocess.py:106} INFO -  17350K .......... .......... .......... .......... .......... 82%  118M 0s
[2024-12-06T20:30:26.898+0000] {subprocess.py:106} INFO -  17400K .......... .......... .......... .......... .......... 82%  215M 0s
[2024-12-06T20:30:26.898+0000] {subprocess.py:106} INFO -  17450K .......... .......... .......... .......... .......... 82%  180M 0s
[2024-12-06T20:30:26.899+0000] {subprocess.py:106} INFO -  17500K .......... .......... .......... .......... .......... 82%  251M 0s
[2024-12-06T20:30:26.899+0000] {subprocess.py:106} INFO -  17550K .......... .......... .......... .......... .......... 83%  198M 0s
[2024-12-06T20:30:26.899+0000] {subprocess.py:106} INFO -  17600K .......... .......... .......... .......... .......... 83% 73.3M 0s
[2024-12-06T20:30:26.899+0000] {subprocess.py:106} INFO -  17650K .......... .......... .......... .......... .......... 83%  258M 0s
[2024-12-06T20:30:26.899+0000] {subprocess.py:106} INFO -  17700K .......... .......... .......... .......... .......... 83%  271M 0s
[2024-12-06T20:30:26.899+0000] {subprocess.py:106} INFO -  17750K .......... .......... .......... .......... .......... 84%  266M 0s
[2024-12-06T20:30:26.900+0000] {subprocess.py:106} INFO -  17800K .......... .......... .......... .......... .......... 84% 72.8M 0s
[2024-12-06T20:30:26.900+0000] {subprocess.py:106} INFO -  17850K .......... .......... .......... .......... .......... 84%  134M 0s
[2024-12-06T20:30:26.900+0000] {subprocess.py:106} INFO -  17900K .......... .......... .......... .......... .......... 84%  188M 0s
[2024-12-06T20:30:26.900+0000] {subprocess.py:106} INFO -  17950K .......... .......... .......... .......... .......... 84%  231M 0s
[2024-12-06T20:30:26.900+0000] {subprocess.py:106} INFO -  18000K .......... .......... .......... .......... .......... 85%  226M 0s
[2024-12-06T20:30:26.900+0000] {subprocess.py:106} INFO -  18050K .......... .......... .......... .......... .......... 85%  191M 0s
[2024-12-06T20:30:26.901+0000] {subprocess.py:106} INFO -  18100K .......... .......... .......... .......... .......... 85%  214M 0s
[2024-12-06T20:30:26.901+0000] {subprocess.py:106} INFO -  18150K .......... .......... .......... .......... .......... 85% 89.2M 0s
[2024-12-06T20:30:26.901+0000] {subprocess.py:106} INFO -  18200K .......... .......... .......... .......... .......... 86%  262M 0s
[2024-12-06T20:30:26.901+0000] {subprocess.py:106} INFO -  18250K .......... .......... .......... .......... .......... 86%  202M 0s
[2024-12-06T20:30:26.902+0000] {subprocess.py:106} INFO -  18300K .......... .......... .......... .......... .......... 86%  183M 0s
[2024-12-06T20:30:26.902+0000] {subprocess.py:106} INFO -  18350K .......... .......... .......... .......... .......... 86%  265M 0s
[2024-12-06T20:30:26.902+0000] {subprocess.py:106} INFO -  18400K .......... .......... .......... .......... .......... 87%  238M 0s
[2024-12-06T20:30:26.902+0000] {subprocess.py:106} INFO -  18450K .......... .......... .......... .......... .......... 87%  298M 0s
[2024-12-06T20:30:26.902+0000] {subprocess.py:106} INFO -  18500K .......... .......... .......... .......... .......... 87%  123M 0s
[2024-12-06T20:30:26.903+0000] {subprocess.py:106} INFO -  18550K .......... .......... .......... .......... .......... 87%  229M 0s
[2024-12-06T20:30:26.903+0000] {subprocess.py:106} INFO -  18600K .......... .......... .......... .......... .......... 88%  283M 0s
[2024-12-06T20:30:26.903+0000] {subprocess.py:106} INFO -  18650K .......... .......... .......... .......... .......... 88%  292M 0s
[2024-12-06T20:30:26.903+0000] {subprocess.py:106} INFO -  18700K .......... .......... .......... .......... .......... 88%  296M 0s
[2024-12-06T20:30:26.903+0000] {subprocess.py:106} INFO -  18750K .......... .......... .......... .......... .......... 88% 99.2M 0s
[2024-12-06T20:30:26.903+0000] {subprocess.py:106} INFO -  18800K .......... .......... .......... .......... .......... 89%  315M 0s
[2024-12-06T20:30:26.904+0000] {subprocess.py:106} INFO -  18850K .......... .......... .......... .......... .......... 89%  319M 0s
[2024-12-06T20:30:26.904+0000] {subprocess.py:106} INFO -  18900K .......... .......... .......... .......... .......... 89%  284M 0s
[2024-12-06T20:30:26.904+0000] {subprocess.py:106} INFO -  18950K .......... .......... .......... .......... .......... 89%  253M 0s
[2024-12-06T20:30:26.904+0000] {subprocess.py:106} INFO -  19000K .......... .......... .......... .......... .......... 89%  137M 0s
[2024-12-06T20:30:26.905+0000] {subprocess.py:106} INFO -  19050K .......... .......... .......... .......... .......... 90%  144M 0s
[2024-12-06T20:30:26.905+0000] {subprocess.py:106} INFO -  19100K .......... .......... .......... .......... .......... 90%  184M 0s
[2024-12-06T20:30:26.905+0000] {subprocess.py:106} INFO -  19150K .......... .......... .......... .......... .......... 90%  216M 0s
[2024-12-06T20:30:26.905+0000] {subprocess.py:106} INFO -  19200K .......... .......... .......... .......... .......... 90%  322M 0s
[2024-12-06T20:30:26.905+0000] {subprocess.py:106} INFO -  19250K .......... .......... .......... .......... .......... 91%  313M 0s
[2024-12-06T20:30:26.906+0000] {subprocess.py:106} INFO -  19300K .......... .......... .......... .......... .......... 91%  227M 0s
[2024-12-06T20:30:26.906+0000] {subprocess.py:106} INFO -  19350K .......... .......... .......... .......... .......... 91%  104M 0s
[2024-12-06T20:30:26.906+0000] {subprocess.py:106} INFO -  19400K .......... .......... .......... .......... .......... 91%  199M 0s
[2024-12-06T20:30:26.906+0000] {subprocess.py:106} INFO -  19450K .......... .......... .......... .......... .......... 92%  285M 0s
[2024-12-06T20:30:26.907+0000] {subprocess.py:106} INFO -  19500K .......... .......... .......... .......... .......... 92%  275M 0s
[2024-12-06T20:30:26.907+0000] {subprocess.py:106} INFO -  19550K .......... .......... .......... .......... .......... 92%  274M 0s
[2024-12-06T20:30:26.907+0000] {subprocess.py:106} INFO -  19600K .......... .......... .......... .......... .......... 92%  283M 0s
[2024-12-06T20:30:26.907+0000] {subprocess.py:106} INFO -  19650K .......... .......... .......... .......... .......... 93%  304M 0s
[2024-12-06T20:30:26.908+0000] {subprocess.py:106} INFO -  19700K .......... .......... .......... .......... .......... 93%  114M 0s
[2024-12-06T20:30:26.908+0000] {subprocess.py:106} INFO -  19750K .......... .......... .......... .......... .......... 93%  275M 0s
[2024-12-06T20:30:26.908+0000] {subprocess.py:106} INFO -  19800K .......... .......... .......... .......... .......... 93%  205M 0s
[2024-12-06T20:30:26.908+0000] {subprocess.py:106} INFO -  19850K .......... .......... .......... .......... .......... 93%  297M 0s
[2024-12-06T20:30:26.908+0000] {subprocess.py:106} INFO -  19900K .......... .......... .......... .......... .......... 94%  219M 0s
[2024-12-06T20:30:26.909+0000] {subprocess.py:106} INFO -  19950K .......... .......... .......... .......... .......... 94%  343M 0s
[2024-12-06T20:30:26.909+0000] {subprocess.py:106} INFO -  20000K .......... .......... .......... .......... .......... 94%  105M 0s
[2024-12-06T20:30:26.909+0000] {subprocess.py:106} INFO -  20050K .......... .......... .......... .......... .......... 94%  213M 0s
[2024-12-06T20:30:26.909+0000] {subprocess.py:106} INFO -  20100K .......... .......... .......... .......... .......... 95% 61.5M 0s
[2024-12-06T20:30:26.910+0000] {subprocess.py:106} INFO -  20150K .......... .......... .......... .......... .......... 95%  205M 0s
[2024-12-06T20:30:26.910+0000] {subprocess.py:106} INFO -  20200K .......... .......... .......... .......... .......... 95%  294M 0s
[2024-12-06T20:30:26.910+0000] {subprocess.py:106} INFO -  20250K .......... .......... .......... .......... .......... 95%  255M 0s
[2024-12-06T20:30:26.910+0000] {subprocess.py:106} INFO -  20300K .......... .......... .......... .......... .......... 96%  135M 0s
[2024-12-06T20:30:26.910+0000] {subprocess.py:106} INFO -  20350K .......... .......... .......... .......... .......... 96%  206M 0s
[2024-12-06T20:30:26.911+0000] {subprocess.py:106} INFO -  20400K .......... .......... .......... .......... .......... 96%  269M 0s
[2024-12-06T20:30:26.911+0000] {subprocess.py:106} INFO -  20450K .......... .......... .......... .......... .......... 96%  269M 0s
[2024-12-06T20:30:26.911+0000] {subprocess.py:106} INFO -  20500K .......... .......... .......... .......... .......... 97%  271M 0s
[2024-12-06T20:30:26.911+0000] {subprocess.py:106} INFO -  20550K .......... .......... .......... .......... .......... 97%  227M 0s
[2024-12-06T20:30:26.911+0000] {subprocess.py:106} INFO -  20600K .......... .......... .......... .......... .......... 97% 97.1M 0s
[2024-12-06T20:30:26.912+0000] {subprocess.py:106} INFO -  20650K .......... .......... .......... .......... .......... 97%  267M 0s
[2024-12-06T20:30:26.912+0000] {subprocess.py:106} INFO -  20700K .......... .......... .......... .......... .......... 97%  189M 0s
[2024-12-06T20:30:26.912+0000] {subprocess.py:106} INFO -  20750K .......... .......... .......... .......... .......... 98%  299M 0s
[2024-12-06T20:30:26.912+0000] {subprocess.py:106} INFO -  20800K .......... .......... .......... .......... .......... 98%  304M 0s
[2024-12-06T20:30:26.912+0000] {subprocess.py:106} INFO -  20850K .......... .......... .......... .......... .......... 98%  304M 0s
[2024-12-06T20:30:26.913+0000] {subprocess.py:106} INFO -  20900K .......... .......... .......... .......... .......... 98%  304M 0s
[2024-12-06T20:30:26.913+0000] {subprocess.py:106} INFO -  20950K .......... .......... .......... .......... .......... 99%  118M 0s
[2024-12-06T20:30:26.913+0000] {subprocess.py:106} INFO -  21000K .......... .......... .......... .......... .......... 99% 48.8M 0s
[2024-12-06T20:30:26.913+0000] {subprocess.py:106} INFO -  21050K .......... .......... .......... .......... .......... 99%  338M 0s
[2024-12-06T20:30:26.913+0000] {subprocess.py:106} INFO -  21100K .......... .......... .......... .......... .......... 99%  255M 0s
[2024-12-06T20:30:26.914+0000] {subprocess.py:106} INFO -  21150K .......... .......... .......                         100%  464M=2.1s
[2024-12-06T20:30:26.914+0000] {subprocess.py:106} INFO - 
[2024-12-06T20:30:26.914+0000] {subprocess.py:106} INFO - 2024-12-06 20:30:26 (9.68 MB/s) - ‘/opt/***/output_2021-01.parquet’ saved [21686067/21686067]
[2024-12-06T20:30:26.914+0000] {subprocess.py:106} INFO - 
[2024-12-06T20:30:26.915+0000] {subprocess.py:110} INFO - Command exited with return code 0
[2024-12-06T20:30:26.981+0000] {taskinstance.py:340} INFO - ::group::Post task execution logs
[2024-12-06T20:30:26.982+0000] {taskinstance.py:352} INFO - Marking task as SUCCESS. dag_id=LocalIngestionDag_v02, task_id=wget, run_id=scheduled__2021-01-02T06:00:00+00:00, execution_date=20210102T060000, start_date=20241206T203023, end_date=20241206T203026
[2024-12-06T20:30:27.068+0000] {local_task_job_runner.py:266} INFO - Task exited with return code 0
[2024-12-06T20:30:27.207+0000] {taskinstance.py:3895} INFO - 1 downstream tasks scheduled from follow-on schedule check
[2024-12-06T20:30:27.210+0000] {local_task_job_runner.py:245} INFO - ::endgroup::
