[2024-12-06T17:46:09.743+0000] {local_task_job_runner.py:123} INFO - ::group::Pre task execution logs
[2024-12-06T17:46:09.760+0000] {taskinstance.py:2613} INFO - Dependencies all met for dep_context=non-requeueable deps ti=<TaskInstance: LocalIngestionDag_v02.wget scheduled__2021-01-02T06:00:00+00:00 [queued]>
[2024-12-06T17:46:09.767+0000] {taskinstance.py:2613} INFO - Dependencies all met for dep_context=requeueable deps ti=<TaskInstance: LocalIngestionDag_v02.wget scheduled__2021-01-02T06:00:00+00:00 [queued]>
[2024-12-06T17:46:09.768+0000] {taskinstance.py:2866} INFO - Starting attempt 1 of 1
[2024-12-06T17:46:09.781+0000] {taskinstance.py:2889} INFO - Executing <Task(BashOperator): wget> on 2021-01-02 06:00:00+00:00
[2024-12-06T17:46:09.792+0000] {warnings.py:112} WARNING - /home/***/.local/lib/python3.12/site-packages/***/task/task_runner/standard_task_runner.py:70: DeprecationWarning: This process (pid=2088) is multi-threaded, use of fork() may lead to deadlocks in the child.
  pid = os.fork()

[2024-12-06T17:46:09.793+0000] {standard_task_runner.py:72} INFO - Started process 2092 to run task
[2024-12-06T17:46:09.794+0000] {standard_task_runner.py:104} INFO - Running: ['***', 'tasks', 'run', 'LocalIngestionDag_v02', 'wget', 'scheduled__2021-01-02T06:00:00+00:00', '--job-id', '34', '--raw', '--subdir', 'DAGS_FOLDER/data_ingestion_local.py', '--cfg-path', '/tmp/tmpghoudop_']
[2024-12-06T17:46:09.797+0000] {standard_task_runner.py:105} INFO - Job 34: Subtask wget
[2024-12-06T17:46:09.826+0000] {task_command.py:467} INFO - Running <TaskInstance: LocalIngestionDag_v02.wget scheduled__2021-01-02T06:00:00+00:00 [running]> on host 39ecaeffba2c
[2024-12-06T17:46:10.575+0000] {taskinstance.py:3132} INFO - Exporting env vars: AIRFLOW_CTX_DAG_OWNER='***' AIRFLOW_CTX_DAG_ID='LocalIngestionDag_v02' AIRFLOW_CTX_TASK_ID='wget' AIRFLOW_CTX_EXECUTION_DATE='2021-01-02T06:00:00+00:00' AIRFLOW_CTX_TRY_NUMBER='1' AIRFLOW_CTX_DAG_RUN_ID='scheduled__2021-01-02T06:00:00+00:00'
[2024-12-06T17:46:10.576+0000] {taskinstance.py:731} INFO - ::endgroup::
[2024-12-06T17:46:10.591+0000] {subprocess.py:78} INFO - Tmp dir root location: /tmp
[2024-12-06T17:46:10.592+0000] {subprocess.py:88} INFO - Running command: ['/usr/bin/bash', '-c', 'wget https://d37ci6vzurychx.cloudfront.net/trip-data/yellow_tripdata_2021-01.parquet -O /opt/***/output_2021-01.parquet']
[2024-12-06T17:46:10.600+0000] {subprocess.py:99} INFO - Output:
[2024-12-06T17:46:10.617+0000] {subprocess.py:106} INFO - --2024-12-06 17:46:10--  https://d37ci6vzurychx.cloudfront.net/trip-data/yellow_tripdata_2021-01.parquet
[2024-12-06T17:46:10.692+0000] {subprocess.py:106} INFO - Resolving d37ci6vzurychx.cloudfront.net (d37ci6vzurychx.cloudfront.net)... 18.154.99.47, 18.154.99.220, 18.154.99.225, ...
[2024-12-06T17:46:11.703+0000] {subprocess.py:106} INFO - Connecting to d37ci6vzurychx.cloudfront.net (d37ci6vzurychx.cloudfront.net)|18.154.99.47|:443... connected.
[2024-12-06T17:46:11.751+0000] {subprocess.py:106} INFO - HTTP request sent, awaiting response... 200 OK
[2024-12-06T17:46:11.753+0000] {subprocess.py:106} INFO - Length: 21686067 (21M) [application/x-www-form-urlencoded]
[2024-12-06T17:46:11.755+0000] {subprocess.py:106} INFO - Saving to: ‘/opt/***/output_2021-01.parquet’
[2024-12-06T17:46:11.759+0000] {subprocess.py:106} INFO - 
[2024-12-06T17:46:11.762+0000] {subprocess.py:106} INFO -      0K .......... .......... .......... .......... ..........  0% 4.66M 4s
[2024-12-06T17:46:11.779+0000] {subprocess.py:106} INFO -     50K .......... .......... .......... .......... ..........  0% 2.64M 6s
[2024-12-06T17:46:11.786+0000] {subprocess.py:106} INFO -    100K .......... .......... .......... .......... ..........  0% 7.44M 5s
[2024-12-06T17:46:11.794+0000] {subprocess.py:106} INFO -    150K .......... .......... .......... .......... ..........  0% 46.4M 4s
[2024-12-06T17:46:11.797+0000] {subprocess.py:106} INFO -    200K .......... .......... .......... .......... ..........  1%  106M 3s
[2024-12-06T17:46:11.803+0000] {subprocess.py:106} INFO -    250K .......... .......... .......... .......... ..........  1% 89.3M 3s
[2024-12-06T17:46:11.807+0000] {subprocess.py:106} INFO -    300K .......... .......... .......... .......... ..........  1% 11.3M 2s
[2024-12-06T17:46:11.813+0000] {subprocess.py:106} INFO -    350K .......... .......... .......... .......... ..........  1% 15.6M 2s
[2024-12-06T17:46:11.814+0000] {subprocess.py:106} INFO -    400K .......... .......... .......... .......... ..........  2% 31.5M 2s
[2024-12-06T17:46:11.817+0000] {subprocess.py:106} INFO -    450K .......... .......... .......... .......... ..........  2% 20.4M 2s
[2024-12-06T17:46:11.818+0000] {subprocess.py:106} INFO -    500K .......... .......... .......... .......... ..........  2% 40.4M 2s
[2024-12-06T17:46:11.820+0000] {subprocess.py:106} INFO -    550K .......... .......... .......... .......... ..........  2% 8.14M 2s
[2024-12-06T17:46:11.821+0000] {subprocess.py:106} INFO -    600K .......... .......... .......... .......... ..........  3% 66.8M 2s
[2024-12-06T17:46:11.821+0000] {subprocess.py:106} INFO -    650K .......... .......... .......... .......... ..........  3% 73.3M 2s
[2024-12-06T17:46:11.822+0000] {subprocess.py:106} INFO -    700K .......... .......... .......... .......... ..........  3% 44.7M 2s
[2024-12-06T17:46:11.823+0000] {subprocess.py:106} INFO -    750K .......... .......... .......... .......... ..........  3% 94.2M 2s
[2024-12-06T17:46:11.824+0000] {subprocess.py:106} INFO -    800K .......... .......... .......... .......... ..........  4% 21.6M 1s
[2024-12-06T17:46:11.825+0000] {subprocess.py:106} INFO -    850K .......... .......... .......... .......... ..........  4% 55.7M 1s
[2024-12-06T17:46:11.826+0000] {subprocess.py:106} INFO -    900K .......... .......... .......... .......... ..........  4% 30.6M 1s
[2024-12-06T17:46:11.828+0000] {subprocess.py:106} INFO -    950K .......... .......... .......... .......... ..........  4% 3.73M 2s
[2024-12-06T17:46:11.829+0000] {subprocess.py:106} INFO -   1000K .......... .......... .......... .......... ..........  4% 40.1M 2s
[2024-12-06T17:46:11.831+0000] {subprocess.py:106} INFO -   1050K .......... .......... .......... .......... ..........  5%  131M 1s
[2024-12-06T17:46:11.835+0000] {subprocess.py:106} INFO -   1100K .......... .......... .......... .......... ..........  5%  164M 1s
[2024-12-06T17:46:11.842+0000] {subprocess.py:106} INFO -   1150K .......... .......... .......... .......... ..........  5% 59.4M 1s
[2024-12-06T17:46:11.843+0000] {subprocess.py:106} INFO -   1200K .......... .......... .......... .......... ..........  5%  270M 1s
[2024-12-06T17:46:11.843+0000] {subprocess.py:106} INFO -   1250K .......... .......... .......... .......... ..........  6%  152M 1s
[2024-12-06T17:46:11.844+0000] {subprocess.py:106} INFO -   1300K .......... .......... .......... .......... ..........  6% 30.8M 1s
[2024-12-06T17:46:11.844+0000] {subprocess.py:106} INFO -   1350K .......... .......... .......... .......... ..........  6% 49.3M 1s
[2024-12-06T17:46:11.844+0000] {subprocess.py:106} INFO -   1400K .......... .......... .......... .......... ..........  6%  219M 1s
[2024-12-06T17:46:11.845+0000] {subprocess.py:106} INFO -   1450K .......... .......... .......... .......... ..........  7% 83.2M 1s
[2024-12-06T17:46:11.845+0000] {subprocess.py:106} INFO -   1500K .......... .......... .......... .......... ..........  7%  105M 1s
[2024-12-06T17:46:11.845+0000] {subprocess.py:106} INFO -   1550K .......... .......... .......... .......... ..........  7%  130M 1s
[2024-12-06T17:46:11.846+0000] {subprocess.py:106} INFO -   1600K .......... .......... .......... .......... ..........  7%  200M 1s
[2024-12-06T17:46:11.846+0000] {subprocess.py:106} INFO -   1650K .......... .......... .......... .......... ..........  8% 97.7M 1s
[2024-12-06T17:46:11.847+0000] {subprocess.py:106} INFO -   1700K .......... .......... .......... .......... ..........  8%  225M 1s
[2024-12-06T17:46:11.847+0000] {subprocess.py:106} INFO -   1750K .......... .......... .......... .......... ..........  8%  106M 1s
[2024-12-06T17:46:11.847+0000] {subprocess.py:106} INFO -   1800K .......... .......... .......... .......... ..........  8% 29.0M 1s
[2024-12-06T17:46:11.849+0000] {subprocess.py:106} INFO -   1850K .......... .......... .......... .......... ..........  8% 83.4M 1s
[2024-12-06T17:46:11.851+0000] {subprocess.py:106} INFO -   1900K .......... .......... .......... .......... ..........  9% 86.2M 1s
[2024-12-06T17:46:11.852+0000] {subprocess.py:106} INFO -   1950K .......... .......... .......... .......... ..........  9%  138M 1s
[2024-12-06T17:46:11.852+0000] {subprocess.py:106} INFO -   2000K .......... .......... .......... .......... ..........  9%  100M 1s
[2024-12-06T17:46:11.853+0000] {subprocess.py:106} INFO -   2050K .......... .......... .......... .......... ..........  9%  185M 1s
[2024-12-06T17:46:11.854+0000] {subprocess.py:106} INFO -   2100K .......... .......... .......... .......... .......... 10% 85.5M 1s
[2024-12-06T17:46:11.855+0000] {subprocess.py:106} INFO -   2150K .......... .......... .......... .......... .......... 10%  149M 1s
[2024-12-06T17:46:11.855+0000] {subprocess.py:106} INFO -   2200K .......... .......... .......... .......... .......... 10% 54.6M 1s
[2024-12-06T17:46:11.855+0000] {subprocess.py:106} INFO -   2250K .......... .......... .......... .......... .......... 10%  162M 1s
[2024-12-06T17:46:11.856+0000] {subprocess.py:106} INFO -   2300K .......... .......... .......... .......... .......... 11%  157M 1s
[2024-12-06T17:46:11.856+0000] {subprocess.py:106} INFO -   2350K .......... .......... .......... .......... .......... 11%  124M 1s
[2024-12-06T17:46:11.857+0000] {subprocess.py:106} INFO -   2400K .......... .......... .......... .......... .......... 11%  185M 1s
[2024-12-06T17:46:11.857+0000] {subprocess.py:106} INFO -   2450K .......... .......... .......... .......... .......... 11% 84.6M 1s
[2024-12-06T17:46:11.857+0000] {subprocess.py:106} INFO -   2500K .......... .......... .......... .......... .......... 12%  144M 1s
[2024-12-06T17:46:11.857+0000] {subprocess.py:106} INFO -   2550K .......... .......... .......... .......... .......... 12%  121M 1s
[2024-12-06T17:46:11.858+0000] {subprocess.py:106} INFO -   2600K .......... .......... .......... .......... .......... 12%  163M 1s
[2024-12-06T17:46:11.858+0000] {subprocess.py:106} INFO -   2650K .......... .......... .......... .......... .......... 12% 95.0M 1s
[2024-12-06T17:46:11.871+0000] {subprocess.py:106} INFO -   2700K .......... .......... .......... .......... .......... 12% 2.37M 1s
[2024-12-06T17:46:11.872+0000] {subprocess.py:106} INFO -   2750K .......... .......... .......... .......... .......... 13% 25.7M 1s
[2024-12-06T17:46:11.873+0000] {subprocess.py:106} INFO -   2800K .......... .......... .......... .......... .......... 13% 23.9M 1s
[2024-12-06T17:46:11.874+0000] {subprocess.py:106} INFO -   2850K .......... .......... .......... .......... .......... 13% 27.0M 1s
[2024-12-06T17:46:11.877+0000] {subprocess.py:106} INFO -   2900K .......... .......... .......... .......... .......... 13%  195M 1s
[2024-12-06T17:46:11.880+0000] {subprocess.py:106} INFO -   2950K .......... .......... .......... .......... .......... 14%  217M 1s
[2024-12-06T17:46:11.881+0000] {subprocess.py:106} INFO -   3000K .......... .......... .......... .......... .......... 14%  190M 1s
[2024-12-06T17:46:11.885+0000] {subprocess.py:106} INFO -   3050K .......... .......... .......... .......... .......... 14%  178M 1s
[2024-12-06T17:46:11.888+0000] {subprocess.py:106} INFO -   3100K .......... .......... .......... .......... .......... 14% 58.0M 1s
[2024-12-06T17:46:11.888+0000] {subprocess.py:106} INFO -   3150K .......... .......... .......... .......... .......... 15%  278M 1s
[2024-12-06T17:46:11.888+0000] {subprocess.py:106} INFO -   3200K .......... .......... .......... .......... .......... 15%  302M 1s
[2024-12-06T17:46:11.889+0000] {subprocess.py:106} INFO -   3250K .......... .......... .......... .......... .......... 15%  213M 1s
[2024-12-06T17:46:11.889+0000] {subprocess.py:106} INFO -   3300K .......... .......... .......... .......... .......... 15%  129M 1s
[2024-12-06T17:46:11.889+0000] {subprocess.py:106} INFO -   3350K .......... .......... .......... .......... .......... 16%  158M 1s
[2024-12-06T17:46:11.890+0000] {subprocess.py:106} INFO -   3400K .......... .......... .......... .......... .......... 16% 56.6M 1s
[2024-12-06T17:46:11.891+0000] {subprocess.py:106} INFO -   3450K .......... .......... .......... .......... .......... 16%  119M 1s
[2024-12-06T17:46:11.892+0000] {subprocess.py:106} INFO -   3500K .......... .......... .......... .......... .......... 16%  103M 1s
[2024-12-06T17:46:11.893+0000] {subprocess.py:106} INFO -   3550K .......... .......... .......... .......... .......... 16% 49.7M 1s
[2024-12-06T17:46:11.893+0000] {subprocess.py:106} INFO -   3600K .......... .......... .......... .......... .......... 17% 13.2M 1s
[2024-12-06T17:46:11.894+0000] {subprocess.py:106} INFO -   3650K .......... .......... .......... .......... .......... 17%  138M 1s
[2024-12-06T17:46:11.894+0000] {subprocess.py:106} INFO -   3700K .......... .......... .......... .......... .......... 17% 73.2M 1s
[2024-12-06T17:46:11.894+0000] {subprocess.py:106} INFO -   3750K .......... .......... .......... .......... .......... 17%  174M 1s
[2024-12-06T17:46:11.896+0000] {subprocess.py:106} INFO -   3800K .......... .......... .......... .......... .......... 18%  259M 1s
[2024-12-06T17:46:11.896+0000] {subprocess.py:106} INFO -   3850K .......... .......... .......... .......... .......... 18%  308M 1s
[2024-12-06T17:46:11.897+0000] {subprocess.py:106} INFO -   3900K .......... .......... .......... .......... .......... 18%  212M 1s
[2024-12-06T17:46:11.897+0000] {subprocess.py:106} INFO -   3950K .......... .......... .......... .......... .......... 18%  275M 1s
[2024-12-06T17:46:11.897+0000] {subprocess.py:106} INFO -   4000K .......... .......... .......... .......... .......... 19%  157M 1s
[2024-12-06T17:46:11.898+0000] {subprocess.py:106} INFO -   4050K .......... .......... .......... .......... .......... 19%  173M 1s
[2024-12-06T17:46:11.898+0000] {subprocess.py:106} INFO -   4100K .......... .......... .......... .......... .......... 19%  262M 1s
[2024-12-06T17:46:11.898+0000] {subprocess.py:106} INFO -   4150K .......... .......... .......... .......... .......... 19%  296M 1s
[2024-12-06T17:46:11.899+0000] {subprocess.py:106} INFO -   4200K .......... .......... .......... .......... .......... 20% 18.4M 1s
[2024-12-06T17:46:11.900+0000] {subprocess.py:106} INFO -   4250K .......... .......... .......... .......... .......... 20%  114M 1s
[2024-12-06T17:46:11.901+0000] {subprocess.py:106} INFO -   4300K .......... .......... .......... .......... .......... 20%  178M 1s
[2024-12-06T17:46:11.901+0000] {subprocess.py:106} INFO -   4350K .......... .......... .......... .......... .......... 20%  243M 1s
[2024-12-06T17:46:11.901+0000] {subprocess.py:106} INFO -   4400K .......... .......... .......... .......... .......... 21%  281M 1s
[2024-12-06T17:46:11.902+0000] {subprocess.py:106} INFO -   4450K .......... .......... .......... .......... .......... 21%  226M 1s
[2024-12-06T17:46:11.904+0000] {subprocess.py:106} INFO -   4500K .......... .......... .......... .......... .......... 21%  213M 1s
[2024-12-06T17:46:11.906+0000] {subprocess.py:106} INFO -   4550K .......... .......... .......... .......... .......... 21%  125M 0s
[2024-12-06T17:46:11.911+0000] {subprocess.py:106} INFO -   4600K .......... .......... .......... .......... .......... 21%  291M 0s
[2024-12-06T17:46:11.913+0000] {subprocess.py:106} INFO -   4650K .......... .......... .......... .......... .......... 22%  129M 0s
[2024-12-06T17:46:11.919+0000] {subprocess.py:106} INFO -   4700K .......... .......... .......... .......... .......... 22%  226M 0s
[2024-12-06T17:46:11.929+0000] {subprocess.py:106} INFO -   4750K .......... .......... .......... .......... .......... 22% 72.0M 0s
[2024-12-06T17:46:11.934+0000] {subprocess.py:106} INFO -   4800K .......... .......... .......... .......... .......... 22% 73.1M 0s
[2024-12-06T17:46:11.943+0000] {subprocess.py:106} INFO -   4850K .......... .......... .......... .......... .......... 23%  109M 0s
[2024-12-06T17:46:11.945+0000] {subprocess.py:106} INFO -   4900K .......... .......... .......... .......... .......... 23% 65.2M 0s
[2024-12-06T17:46:11.947+0000] {subprocess.py:106} INFO -   4950K .......... .......... .......... .......... .......... 23%  182M 0s
[2024-12-06T17:46:11.948+0000] {subprocess.py:106} INFO -   5000K .......... .......... .......... .......... .......... 23%  217M 0s
[2024-12-06T17:46:11.950+0000] {subprocess.py:106} INFO -   5050K .......... .......... .......... .......... .......... 24%  245M 0s
[2024-12-06T17:46:11.953+0000] {subprocess.py:106} INFO -   5100K .......... .......... .......... .......... .......... 24%  283M 0s
[2024-12-06T17:46:11.955+0000] {subprocess.py:106} INFO -   5150K .......... .......... .......... .......... .......... 24%  316M 0s
[2024-12-06T17:46:11.956+0000] {subprocess.py:106} INFO -   5200K .......... .......... .......... .......... .......... 24%  302M 0s
[2024-12-06T17:46:11.956+0000] {subprocess.py:106} INFO -   5250K .......... .......... .......... .......... .......... 25%  204M 0s
[2024-12-06T17:46:11.956+0000] {subprocess.py:106} INFO -   5300K .......... .......... .......... .......... .......... 25%  257M 0s
[2024-12-06T17:46:11.957+0000] {subprocess.py:106} INFO -   5350K .......... .......... .......... .......... .......... 25%  282M 0s
[2024-12-06T17:46:11.957+0000] {subprocess.py:106} INFO -   5400K .......... .......... .......... .......... .......... 25%  293M 0s
[2024-12-06T17:46:11.957+0000] {subprocess.py:106} INFO -   5450K .......... .......... .......... .......... .......... 25% 10.7M 0s
[2024-12-06T17:46:11.957+0000] {subprocess.py:106} INFO -   5500K .......... .......... .......... .......... .......... 26%  109M 0s
[2024-12-06T17:46:11.958+0000] {subprocess.py:106} INFO -   5550K .......... .......... .......... .......... .......... 26% 82.1M 0s
[2024-12-06T17:46:11.958+0000] {subprocess.py:106} INFO -   5600K .......... .......... .......... .......... .......... 26% 83.3M 0s
[2024-12-06T17:46:11.958+0000] {subprocess.py:106} INFO -   5650K .......... .......... .......... .......... .......... 26% 68.8M 0s
[2024-12-06T17:46:11.959+0000] {subprocess.py:106} INFO -   5700K .......... .......... .......... .......... .......... 27% 18.7M 0s
[2024-12-06T17:46:11.959+0000] {subprocess.py:106} INFO -   5750K .......... .......... .......... .......... .......... 27%  270M 0s
[2024-12-06T17:46:11.959+0000] {subprocess.py:106} INFO -   5800K .......... .......... .......... .......... .......... 27%  251M 0s
[2024-12-06T17:46:11.959+0000] {subprocess.py:106} INFO -   5850K .......... .......... .......... .......... .......... 27%  148M 0s
[2024-12-06T17:46:11.961+0000] {subprocess.py:106} INFO -   5900K .......... .......... .......... .......... .......... 28%  145M 0s
[2024-12-06T17:46:11.962+0000] {subprocess.py:106} INFO -   5950K .......... .......... .......... .......... .......... 28% 73.4M 0s
[2024-12-06T17:46:11.962+0000] {subprocess.py:106} INFO -   6000K .......... .......... .......... .......... .......... 28%  252M 0s
[2024-12-06T17:46:11.962+0000] {subprocess.py:106} INFO -   6050K .......... .......... .......... .......... .......... 28%  185M 0s
[2024-12-06T17:46:11.962+0000] {subprocess.py:106} INFO -   6100K .......... .......... .......... .......... .......... 29% 94.8M 0s
[2024-12-06T17:46:11.963+0000] {subprocess.py:106} INFO -   6150K .......... .......... .......... .......... .......... 29% 79.6M 0s
[2024-12-06T17:46:11.963+0000] {subprocess.py:106} INFO -   6200K .......... .......... .......... .......... .......... 29%  147M 0s
[2024-12-06T17:46:11.963+0000] {subprocess.py:106} INFO -   6250K .......... .......... .......... .......... .......... 29% 75.2M 0s
[2024-12-06T17:46:11.963+0000] {subprocess.py:106} INFO -   6300K .......... .......... .......... .......... .......... 29%  163M 0s
[2024-12-06T17:46:11.963+0000] {subprocess.py:106} INFO -   6350K .......... .......... .......... .......... .......... 30% 43.7M 0s
[2024-12-06T17:46:11.964+0000] {subprocess.py:106} INFO -   6400K .......... .......... .......... .......... .......... 30% 51.7M 0s
[2024-12-06T17:46:11.964+0000] {subprocess.py:106} INFO -   6450K .......... .......... .......... .......... .......... 30%  153M 0s
[2024-12-06T17:46:11.964+0000] {subprocess.py:106} INFO -   6500K .......... .......... .......... .......... .......... 30%  203M 0s
[2024-12-06T17:46:11.964+0000] {subprocess.py:106} INFO -   6550K .......... .......... .......... .......... .......... 31%  183M 0s
[2024-12-06T17:46:11.964+0000] {subprocess.py:106} INFO -   6600K .......... .......... .......... .......... .......... 31%  167M 0s
[2024-12-06T17:46:11.965+0000] {subprocess.py:106} INFO -   6650K .......... .......... .......... .......... .......... 31%  134M 0s
[2024-12-06T17:46:11.965+0000] {subprocess.py:106} INFO -   6700K .......... .......... .......... .......... .......... 31% 52.3M 0s
[2024-12-06T17:46:11.965+0000] {subprocess.py:106} INFO -   6750K .......... .......... .......... .......... .......... 32% 25.1M 0s
[2024-12-06T17:46:11.966+0000] {subprocess.py:106} INFO -   6800K .......... .......... .......... .......... .......... 32%  124M 0s
[2024-12-06T17:46:11.966+0000] {subprocess.py:106} INFO -   6850K .......... .......... .......... .......... .......... 32%  148M 0s
[2024-12-06T17:46:11.966+0000] {subprocess.py:106} INFO -   6900K .......... .......... .......... .......... .......... 32%  267M 0s
[2024-12-06T17:46:11.966+0000] {subprocess.py:106} INFO -   6950K .......... .......... .......... .......... .......... 33%  220M 0s
[2024-12-06T17:46:11.967+0000] {subprocess.py:106} INFO -   7000K .......... .......... .......... .......... .......... 33%  315M 0s
[2024-12-06T17:46:11.967+0000] {subprocess.py:106} INFO -   7050K .......... .......... .......... .......... .......... 33%  234M 0s
[2024-12-06T17:46:11.967+0000] {subprocess.py:106} INFO -   7100K .......... .......... .......... .......... .......... 33%  259M 0s
[2024-12-06T17:46:11.967+0000] {subprocess.py:106} INFO -   7150K .......... .......... .......... .......... .......... 33%  147M 0s
[2024-12-06T17:46:11.968+0000] {subprocess.py:106} INFO -   7200K .......... .......... .......... .......... .......... 34%  245M 0s
[2024-12-06T17:46:11.968+0000] {subprocess.py:106} INFO -   7250K .......... .......... .......... .......... .......... 34%  256M 0s
[2024-12-06T17:46:11.968+0000] {subprocess.py:106} INFO -   7300K .......... .......... .......... .......... .......... 34%  136M 0s
[2024-12-06T17:46:11.968+0000] {subprocess.py:106} INFO -   7350K .......... .......... .......... .......... .......... 34% 6.64M 0s
[2024-12-06T17:46:11.968+0000] {subprocess.py:106} INFO -   7400K .......... .......... .......... .......... .......... 35%  123M 0s
[2024-12-06T17:46:11.971+0000] {subprocess.py:106} INFO -   7450K .......... .......... .......... .......... .......... 35%  202M 0s
[2024-12-06T17:46:11.971+0000] {subprocess.py:106} INFO -   7500K .......... .......... .......... .......... .......... 35%  271M 0s
[2024-12-06T17:46:11.971+0000] {subprocess.py:106} INFO -   7550K .......... .......... .......... .......... .......... 35%  113M 0s
[2024-12-06T17:46:11.972+0000] {subprocess.py:106} INFO -   7600K .......... .......... .......... .......... .......... 36%  280M 0s
[2024-12-06T17:46:11.972+0000] {subprocess.py:106} INFO -   7650K .......... .......... .......... .......... .......... 36% 28.6M 0s
[2024-12-06T17:46:11.972+0000] {subprocess.py:106} INFO -   7700K .......... .......... .......... .......... .......... 36%  161M 0s
[2024-12-06T17:46:11.972+0000] {subprocess.py:106} INFO -   7750K .......... .......... .......... .......... .......... 36% 34.1M 0s
[2024-12-06T17:46:11.972+0000] {subprocess.py:106} INFO -   7800K .......... .......... .......... .......... .......... 37%  187M 0s
[2024-12-06T17:46:11.973+0000] {subprocess.py:106} INFO -   7850K .......... .......... .......... .......... .......... 37% 53.0M 0s
[2024-12-06T17:46:11.974+0000] {subprocess.py:106} INFO -   7900K .......... .......... .......... .......... .......... 37%  177M 0s
[2024-12-06T17:46:11.979+0000] {subprocess.py:106} INFO -   7950K .......... .......... .......... .......... .......... 37% 50.3M 0s
[2024-12-06T17:46:11.985+0000] {subprocess.py:106} INFO -   8000K .......... .......... .......... .......... .......... 38%  213M 0s
[2024-12-06T17:46:11.989+0000] {subprocess.py:106} INFO -   8050K .......... .......... .......... .......... .......... 38%  188M 0s
[2024-12-06T17:46:11.990+0000] {subprocess.py:106} INFO -   8100K .......... .......... .......... .......... .......... 38%  219M 0s
[2024-12-06T17:46:11.990+0000] {subprocess.py:106} INFO -   8150K .......... .......... .......... .......... .......... 38% 65.1M 0s
[2024-12-06T17:46:11.990+0000] {subprocess.py:106} INFO -   8200K .......... .......... .......... .......... .......... 38% 86.6M 0s
[2024-12-06T17:46:11.991+0000] {subprocess.py:106} INFO -   8250K .......... .......... .......... .......... .......... 39%  115M 0s
[2024-12-06T17:46:11.991+0000] {subprocess.py:106} INFO -   8300K .......... .......... .......... .......... .......... 39%  238M 0s
[2024-12-06T17:46:11.991+0000] {subprocess.py:106} INFO -   8350K .......... .......... .......... .......... .......... 39%  260M 0s
[2024-12-06T17:46:11.991+0000] {subprocess.py:106} INFO -   8400K .......... .......... .......... .......... .......... 39%  296M 0s
[2024-12-06T17:46:11.992+0000] {subprocess.py:106} INFO -   8450K .......... .......... .......... .......... .......... 40%  230M 0s
[2024-12-06T17:46:11.992+0000] {subprocess.py:106} INFO -   8500K .......... .......... .......... .......... .......... 40%  245M 0s
[2024-12-06T17:46:11.992+0000] {subprocess.py:106} INFO -   8550K .......... .......... .......... .......... .......... 40%  106M 0s
[2024-12-06T17:46:11.993+0000] {subprocess.py:106} INFO -   8600K .......... .......... .......... .......... .......... 40% 96.9M 0s
[2024-12-06T17:46:11.993+0000] {subprocess.py:106} INFO -   8650K .......... .......... .......... .......... .......... 41%  277M 0s
[2024-12-06T17:46:11.993+0000] {subprocess.py:106} INFO -   8700K .......... .......... .......... .......... .......... 41%  286M 0s
[2024-12-06T17:46:11.994+0000] {subprocess.py:106} INFO -   8750K .......... .......... .......... .......... .......... 41%  138M 0s
[2024-12-06T17:46:11.997+0000] {subprocess.py:106} INFO -   8800K .......... .......... .......... .......... .......... 41%  248M 0s
[2024-12-06T17:46:11.999+0000] {subprocess.py:106} INFO -   8850K .......... .......... .......... .......... .......... 42%  138M 0s
[2024-12-06T17:46:12.004+0000] {subprocess.py:106} INFO -   8900K .......... .......... .......... .......... .......... 42%  133M 0s
[2024-12-06T17:46:12.009+0000] {subprocess.py:106} INFO -   8950K .......... .......... .......... .......... .......... 42%  126M 0s
[2024-12-06T17:46:12.014+0000] {subprocess.py:106} INFO -   9000K .......... .......... .......... .......... .......... 42%  268M 0s
[2024-12-06T17:46:12.017+0000] {subprocess.py:106} INFO -   9050K .......... .......... .......... .......... .......... 42%  292M 0s
[2024-12-06T17:46:12.020+0000] {subprocess.py:106} INFO -   9100K .......... .......... .......... .......... .......... 43%  262M 0s
[2024-12-06T17:46:12.021+0000] {subprocess.py:106} INFO -   9150K .......... .......... .......... .......... .......... 43%  274M 0s
[2024-12-06T17:46:12.026+0000] {subprocess.py:106} INFO -   9200K .......... .......... .......... .......... .......... 43% 72.0M 0s
[2024-12-06T17:46:12.033+0000] {subprocess.py:106} INFO -   9250K .......... .......... .......... .......... .......... 43%  182M 0s
[2024-12-06T17:46:12.036+0000] {subprocess.py:106} INFO -   9300K .......... .......... .......... .......... .......... 44%  300M 0s
[2024-12-06T17:46:12.036+0000] {subprocess.py:106} INFO -   9350K .......... .......... .......... .......... .......... 44%  163M 0s
[2024-12-06T17:46:12.037+0000] {subprocess.py:106} INFO -   9400K .......... .......... .......... .......... .......... 44%  211M 0s
[2024-12-06T17:46:12.037+0000] {subprocess.py:106} INFO -   9450K .......... .......... .......... .......... .......... 44%  191M 0s
[2024-12-06T17:46:12.038+0000] {subprocess.py:106} INFO -   9500K .......... .......... .......... .......... .......... 45%  313M 0s
[2024-12-06T17:46:12.038+0000] {subprocess.py:106} INFO -   9550K .......... .......... .......... .......... .......... 45%  263M 0s
[2024-12-06T17:46:12.045+0000] {subprocess.py:106} INFO -   9600K .......... .......... .......... .......... .......... 45%  290M 0s
[2024-12-06T17:46:12.046+0000] {subprocess.py:106} INFO -   9650K .......... .......... .......... .......... .......... 45%  169M 0s
[2024-12-06T17:46:12.046+0000] {subprocess.py:106} INFO -   9700K .......... .......... .......... .......... .......... 46%  195M 0s
[2024-12-06T17:46:12.047+0000] {subprocess.py:106} INFO -   9750K .......... .......... .......... .......... .......... 46%  156M 0s
[2024-12-06T17:46:12.047+0000] {subprocess.py:106} INFO -   9800K .......... .......... .......... .......... .......... 46%  267M 0s
[2024-12-06T17:46:12.047+0000] {subprocess.py:106} INFO -   9850K .......... .......... .......... .......... .......... 46% 75.7M 0s
[2024-12-06T17:46:12.048+0000] {subprocess.py:106} INFO -   9900K .......... .......... .......... .......... .......... 46%  281M 0s
[2024-12-06T17:46:12.048+0000] {subprocess.py:106} INFO -   9950K .......... .......... .......... .......... .......... 47%  162M 0s
[2024-12-06T17:46:12.048+0000] {subprocess.py:106} INFO -  10000K .......... .......... .......... .......... .......... 47%  227M 0s
[2024-12-06T17:46:12.049+0000] {subprocess.py:106} INFO -  10050K .......... .......... .......... .......... .......... 47% 98.7M 0s
[2024-12-06T17:46:12.050+0000] {subprocess.py:106} INFO -  10100K .......... .......... .......... .......... .......... 47%  245M 0s
[2024-12-06T17:46:12.050+0000] {subprocess.py:106} INFO -  10150K .......... .......... .......... .......... .......... 48%  323M 0s
[2024-12-06T17:46:12.050+0000] {subprocess.py:106} INFO -  10200K .......... .......... .......... .......... .......... 48%  203M 0s
[2024-12-06T17:46:12.050+0000] {subprocess.py:106} INFO -  10250K .......... .......... .......... .......... .......... 48%  192M 0s
[2024-12-06T17:46:12.051+0000] {subprocess.py:106} INFO -  10300K .......... .......... .......... .......... .......... 48%  248M 0s
[2024-12-06T17:46:12.051+0000] {subprocess.py:106} INFO -  10350K .......... .......... .......... .......... .......... 49%  252M 0s
[2024-12-06T17:46:12.051+0000] {subprocess.py:106} INFO -  10400K .......... .......... .......... .......... .......... 49%  284M 0s
[2024-12-06T17:46:12.052+0000] {subprocess.py:106} INFO -  10450K .......... .......... .......... .......... .......... 49% 86.3M 0s
[2024-12-06T17:46:12.052+0000] {subprocess.py:106} INFO -  10500K .......... .......... .......... .......... .......... 49%  245M 0s
[2024-12-06T17:46:12.052+0000] {subprocess.py:106} INFO -  10550K .......... .......... .......... .......... .......... 50%  284M 0s
[2024-12-06T17:46:12.053+0000] {subprocess.py:106} INFO -  10600K .......... .......... .......... .......... .......... 50%  162M 0s
[2024-12-06T17:46:12.053+0000] {subprocess.py:106} INFO -  10650K .......... .......... .......... .......... .......... 50%  194M 0s
[2024-12-06T17:46:12.053+0000] {subprocess.py:106} INFO -  10700K .......... .......... .......... .......... .......... 50%  169M 0s
[2024-12-06T17:46:12.053+0000] {subprocess.py:106} INFO -  10750K .......... .......... .......... .......... .......... 50%  172M 0s
[2024-12-06T17:46:12.054+0000] {subprocess.py:106} INFO -  10800K .......... .......... .......... .......... .......... 51%  206M 0s
[2024-12-06T17:46:12.054+0000] {subprocess.py:106} INFO -  10850K .......... .......... .......... .......... .......... 51%  293M 0s
[2024-12-06T17:46:12.054+0000] {subprocess.py:106} INFO -  10900K .......... .......... .......... .......... .......... 51%  231M 0s
[2024-12-06T17:46:12.055+0000] {subprocess.py:106} INFO -  10950K .......... .......... .......... .......... .......... 51%  212M 0s
[2024-12-06T17:46:12.055+0000] {subprocess.py:106} INFO -  11000K .......... .......... .......... .......... .......... 52%  298M 0s
[2024-12-06T17:46:12.056+0000] {subprocess.py:106} INFO -  11050K .......... .......... .......... .......... .......... 52%  172M 0s
[2024-12-06T17:46:12.056+0000] {subprocess.py:106} INFO -  11100K .......... .......... .......... .......... .......... 52%  181M 0s
[2024-12-06T17:46:12.057+0000] {subprocess.py:106} INFO -  11150K .......... .......... .......... .......... .......... 52%  259M 0s
[2024-12-06T17:46:12.057+0000] {subprocess.py:106} INFO -  11200K .......... .......... .......... .......... .......... 53%  256M 0s
[2024-12-06T17:46:12.058+0000] {subprocess.py:106} INFO -  11250K .......... .......... .......... .......... .......... 53%  278M 0s
[2024-12-06T17:46:12.058+0000] {subprocess.py:106} INFO -  11300K .......... .......... .......... .......... .......... 53%  204M 0s
[2024-12-06T17:46:12.058+0000] {subprocess.py:106} INFO -  11350K .......... .......... .......... .......... .......... 53%  217M 0s
[2024-12-06T17:46:12.059+0000] {subprocess.py:106} INFO -  11400K .......... .......... .......... .......... .......... 54%  240M 0s
[2024-12-06T17:46:12.059+0000] {subprocess.py:106} INFO -  11450K .......... .......... .......... .......... .......... 54%  195M 0s
[2024-12-06T17:46:12.059+0000] {subprocess.py:106} INFO -  11500K .......... .......... .......... .......... .......... 54%  271M 0s
[2024-12-06T17:46:12.059+0000] {subprocess.py:106} INFO -  11550K .......... .......... .......... .......... .......... 54%  144M 0s
[2024-12-06T17:46:12.060+0000] {subprocess.py:106} INFO -  11600K .......... .......... .......... .......... .......... 55%  283M 0s
[2024-12-06T17:46:12.060+0000] {subprocess.py:106} INFO -  11650K .......... .......... .......... .......... .......... 55%  160M 0s
[2024-12-06T17:46:12.060+0000] {subprocess.py:106} INFO -  11700K .......... .......... .......... .......... .......... 55%  102M 0s
[2024-12-06T17:46:12.061+0000] {subprocess.py:106} INFO -  11750K .......... .......... .......... .......... .......... 55%  215M 0s
[2024-12-06T17:46:12.061+0000] {subprocess.py:106} INFO -  11800K .......... .......... .......... .......... .......... 55%  252M 0s
[2024-12-06T17:46:12.061+0000] {subprocess.py:106} INFO -  11850K .......... .......... .......... .......... .......... 56%  250M 0s
[2024-12-06T17:46:12.062+0000] {subprocess.py:106} INFO -  11900K .......... .......... .......... .......... .......... 56%  191M 0s
[2024-12-06T17:46:12.062+0000] {subprocess.py:106} INFO -  11950K .......... .......... .......... .......... .......... 56%  206M 0s
[2024-12-06T17:46:12.062+0000] {subprocess.py:106} INFO -  12000K .......... .......... .......... .......... .......... 56%  263M 0s
[2024-12-06T17:46:12.062+0000] {subprocess.py:106} INFO -  12050K .......... .......... .......... .......... .......... 57%  146M 0s
[2024-12-06T17:46:12.062+0000] {subprocess.py:106} INFO -  12100K .......... .......... .......... .......... .......... 57%  267M 0s
[2024-12-06T17:46:12.063+0000] {subprocess.py:106} INFO -  12150K .......... .......... .......... .......... .......... 57%  283M 0s
[2024-12-06T17:46:12.063+0000] {subprocess.py:106} INFO -  12200K .......... .......... .......... .......... .......... 57%  243M 0s
[2024-12-06T17:46:12.063+0000] {subprocess.py:106} INFO -  12250K .......... .......... .......... .......... .......... 58%  234M 0s
[2024-12-06T17:46:12.064+0000] {subprocess.py:106} INFO -  12300K .......... .......... .......... .......... .......... 58%  222M 0s
[2024-12-06T17:46:12.064+0000] {subprocess.py:106} INFO -  12350K .......... .......... .......... .......... .......... 58% 95.4M 0s
[2024-12-06T17:46:12.064+0000] {subprocess.py:106} INFO -  12400K .......... .......... .......... .......... .......... 58%  293M 0s
[2024-12-06T17:46:12.065+0000] {subprocess.py:106} INFO -  12450K .......... .......... .......... .......... .......... 59%  317M 0s
[2024-12-06T17:46:12.065+0000] {subprocess.py:106} INFO -  12500K .......... .......... .......... .......... .......... 59%  253M 0s
[2024-12-06T17:46:12.066+0000] {subprocess.py:106} INFO -  12550K .......... .......... .......... .......... .......... 59% 13.0M 0s
[2024-12-06T17:46:12.067+0000] {subprocess.py:106} INFO -  12600K .......... .......... .......... .......... .......... 59% 73.1M 0s
[2024-12-06T17:46:12.067+0000] {subprocess.py:106} INFO -  12650K .......... .......... .......... .......... .......... 59%  290M 0s
[2024-12-06T17:46:12.067+0000] {subprocess.py:106} INFO -  12700K .......... .......... .......... .......... .......... 60%  262M 0s
[2024-12-06T17:46:12.068+0000] {subprocess.py:106} INFO -  12750K .......... .......... .......... .......... .......... 60%  115M 0s
[2024-12-06T17:46:12.068+0000] {subprocess.py:106} INFO -  12800K .......... .......... .......... .......... .......... 60% 95.0M 0s
[2024-12-06T17:46:12.068+0000] {subprocess.py:106} INFO -  12850K .......... .......... .......... .......... .......... 60%  230M 0s
[2024-12-06T17:46:12.068+0000] {subprocess.py:106} INFO -  12900K .......... .......... .......... .......... .......... 61%  211M 0s
[2024-12-06T17:46:12.069+0000] {subprocess.py:106} INFO -  12950K .......... .......... .......... .......... .......... 61% 10.3M 0s
[2024-12-06T17:46:12.069+0000] {subprocess.py:106} INFO -  13000K .......... .......... .......... .......... .......... 61% 21.0M 0s
[2024-12-06T17:46:12.069+0000] {subprocess.py:106} INFO -  13050K .......... .......... .......... .......... .......... 61%  177M 0s
[2024-12-06T17:46:12.070+0000] {subprocess.py:106} INFO -  13100K .......... .......... .......... .......... .......... 62%  142M 0s
[2024-12-06T17:46:12.070+0000] {subprocess.py:106} INFO -  13150K .......... .......... .......... .......... .......... 62% 84.3M 0s
[2024-12-06T17:46:12.071+0000] {subprocess.py:106} INFO -  13200K .......... .......... .......... .......... .......... 62%  236M 0s
[2024-12-06T17:46:12.071+0000] {subprocess.py:106} INFO -  13250K .......... .......... .......... .......... .......... 62%  145M 0s
[2024-12-06T17:46:12.071+0000] {subprocess.py:106} INFO -  13300K .......... .......... .......... .......... .......... 63%  289M 0s
[2024-12-06T17:46:12.072+0000] {subprocess.py:106} INFO -  13350K .......... .......... .......... .......... .......... 63% 7.42M 0s
[2024-12-06T17:46:12.072+0000] {subprocess.py:106} INFO -  13400K .......... .......... .......... .......... .......... 63%  112M 0s
[2024-12-06T17:46:12.072+0000] {subprocess.py:106} INFO -  13450K .......... .......... .......... .......... .......... 63%  162M 0s
[2024-12-06T17:46:12.073+0000] {subprocess.py:106} INFO -  13500K .......... .......... .......... .......... .......... 63%  310M 0s
[2024-12-06T17:46:12.073+0000] {subprocess.py:106} INFO -  13550K .......... .......... .......... .......... .......... 64%  146M 0s
[2024-12-06T17:46:12.073+0000] {subprocess.py:106} INFO -  13600K .......... .......... .......... .......... .......... 64%  185M 0s
[2024-12-06T17:46:12.073+0000] {subprocess.py:106} INFO -  13650K .......... .......... .......... .......... .......... 64%  286M 0s
[2024-12-06T17:46:12.074+0000] {subprocess.py:106} INFO -  13700K .......... .......... .......... .......... .......... 64%  261M 0s
[2024-12-06T17:46:12.074+0000] {subprocess.py:106} INFO -  13750K .......... .......... .......... .......... .......... 65%  332M 0s
[2024-12-06T17:46:12.074+0000] {subprocess.py:106} INFO -  13800K .......... .......... .......... .......... .......... 65%  119M 0s
[2024-12-06T17:46:12.074+0000] {subprocess.py:106} INFO -  13850K .......... .......... .......... .......... .......... 65%  310M 0s
[2024-12-06T17:46:12.074+0000] {subprocess.py:106} INFO -  13900K .......... .......... .......... .......... .......... 65%  255M 0s
[2024-12-06T17:46:12.075+0000] {subprocess.py:106} INFO -  13950K .......... .......... .......... .......... .......... 66% 76.9M 0s
[2024-12-06T17:46:12.075+0000] {subprocess.py:106} INFO -  14000K .......... .......... .......... .......... .......... 66% 50.7M 0s
[2024-12-06T17:46:12.076+0000] {subprocess.py:106} INFO -  14050K .......... .......... .......... .......... .......... 66%  135M 0s
[2024-12-06T17:46:12.077+0000] {subprocess.py:106} INFO -  14100K .......... .......... .......... .......... .......... 66%  313M 0s
[2024-12-06T17:46:12.077+0000] {subprocess.py:106} INFO -  14150K .......... .......... .......... .......... .......... 67%  310M 0s
[2024-12-06T17:46:12.078+0000] {subprocess.py:106} INFO -  14200K .......... .......... .......... .......... .......... 67% 70.9M 0s
[2024-12-06T17:46:12.078+0000] {subprocess.py:106} INFO -  14250K .......... .......... .......... .......... .......... 67%  282M 0s
[2024-12-06T17:46:12.078+0000] {subprocess.py:106} INFO -  14300K .......... .......... .......... .......... .......... 67%  258M 0s
[2024-12-06T17:46:12.079+0000] {subprocess.py:106} INFO -  14350K .......... .......... .......... .......... .......... 67%  122M 0s
[2024-12-06T17:46:12.079+0000] {subprocess.py:106} INFO -  14400K .......... .......... .......... .......... .......... 68% 87.3M 0s
[2024-12-06T17:46:12.079+0000] {subprocess.py:106} INFO -  14450K .......... .......... .......... .......... .......... 68%  145M 0s
[2024-12-06T17:46:12.080+0000] {subprocess.py:106} INFO -  14500K .......... .......... .......... .......... .......... 68%  129M 0s
[2024-12-06T17:46:12.080+0000] {subprocess.py:106} INFO -  14550K .......... .......... .......... .......... .......... 68% 91.1M 0s
[2024-12-06T17:46:12.080+0000] {subprocess.py:106} INFO -  14600K .......... .......... .......... .......... .......... 69%  100M 0s
[2024-12-06T17:46:12.080+0000] {subprocess.py:106} INFO -  14650K .......... .......... .......... .......... .......... 69% 92.5M 0s
[2024-12-06T17:46:12.080+0000] {subprocess.py:106} INFO -  14700K .......... .......... .......... .......... .......... 69%  205M 0s
[2024-12-06T17:46:12.081+0000] {subprocess.py:106} INFO -  14750K .......... .......... .......... .......... .......... 69% 94.4M 0s
[2024-12-06T17:46:12.081+0000] {subprocess.py:106} INFO -  14800K .......... .......... .......... .......... .......... 70% 66.0M 0s
[2024-12-06T17:46:12.081+0000] {subprocess.py:106} INFO -  14850K .......... .......... .......... .......... .......... 70%  295M 0s
[2024-12-06T17:46:12.081+0000] {subprocess.py:106} INFO -  14900K .......... .......... .......... .......... .......... 70%  284M 0s
[2024-12-06T17:46:12.082+0000] {subprocess.py:106} INFO -  14950K .......... .......... .......... .......... .......... 70%  260M 0s
[2024-12-06T17:46:12.083+0000] {subprocess.py:106} INFO -  15000K .......... .......... .......... .......... .......... 71%  230M 0s
[2024-12-06T17:46:12.084+0000] {subprocess.py:106} INFO -  15050K .......... .......... .......... .......... .......... 71%  223M 0s
[2024-12-06T17:46:12.085+0000] {subprocess.py:106} INFO -  15100K .......... .......... .......... .......... .......... 71%  293M 0s
[2024-12-06T17:46:12.085+0000] {subprocess.py:106} INFO -  15150K .......... .......... .......... .......... .......... 71%  299M 0s
[2024-12-06T17:46:12.085+0000] {subprocess.py:106} INFO -  15200K .......... .......... .......... .......... .......... 72%  176M 0s
[2024-12-06T17:46:12.086+0000] {subprocess.py:106} INFO -  15250K .......... .......... .......... .......... .......... 72%  227M 0s
[2024-12-06T17:46:12.088+0000] {subprocess.py:106} INFO -  15300K .......... .......... .......... .......... .......... 72%  270M 0s
[2024-12-06T17:46:12.090+0000] {subprocess.py:106} INFO -  15350K .......... .......... .......... .......... .......... 72%  297M 0s
[2024-12-06T17:46:12.091+0000] {subprocess.py:106} INFO -  15400K .......... .......... .......... .......... .......... 72% 12.1M 0s
[2024-12-06T17:46:12.091+0000] {subprocess.py:106} INFO -  15450K .......... .......... .......... .......... .......... 73% 48.8M 0s
[2024-12-06T17:46:12.091+0000] {subprocess.py:106} INFO -  15500K .......... .......... .......... .......... .......... 73%  206M 0s
[2024-12-06T17:46:12.092+0000] {subprocess.py:106} INFO -  15550K .......... .......... .......... .......... .......... 73%  289M 0s
[2024-12-06T17:46:12.092+0000] {subprocess.py:106} INFO -  15600K .......... .......... .......... .......... .......... 73%  154M 0s
[2024-12-06T17:46:12.093+0000] {subprocess.py:106} INFO -  15650K .......... .......... .......... .......... .......... 74%  296M 0s
[2024-12-06T17:46:12.101+0000] {subprocess.py:106} INFO -  15700K .......... .......... .......... .......... .......... 74%  138M 0s
[2024-12-06T17:46:12.104+0000] {subprocess.py:106} INFO -  15750K .......... .......... .......... .......... .......... 74%  225M 0s
[2024-12-06T17:46:12.105+0000] {subprocess.py:106} INFO -  15800K .......... .......... .......... .......... .......... 74%  191M 0s
[2024-12-06T17:46:12.105+0000] {subprocess.py:106} INFO -  15850K .......... .......... .......... .......... .......... 75%  125M 0s
[2024-12-06T17:46:12.106+0000] {subprocess.py:106} INFO -  15900K .......... .......... .......... .......... .......... 75% 54.0M 0s
[2024-12-06T17:46:12.106+0000] {subprocess.py:106} INFO -  15950K .......... .......... .......... .......... .......... 75% 83.7M 0s
[2024-12-06T17:46:12.108+0000] {subprocess.py:106} INFO -  16000K .......... .......... .......... .......... .......... 75% 52.4M 0s
[2024-12-06T17:46:12.108+0000] {subprocess.py:106} INFO -  16050K .......... .......... .......... .......... .......... 76% 75.8M 0s
[2024-12-06T17:46:12.110+0000] {subprocess.py:106} INFO -  16100K .......... .......... .......... .......... .......... 76%  131M 0s
[2024-12-06T17:46:12.110+0000] {subprocess.py:106} INFO -  16150K .......... .......... .......... .......... .......... 76%  216M 0s
[2024-12-06T17:46:12.110+0000] {subprocess.py:106} INFO -  16200K .......... .......... .......... .......... .......... 76% 87.1M 0s
[2024-12-06T17:46:12.111+0000] {subprocess.py:106} INFO -  16250K .......... .......... .......... .......... .......... 76%  311M 0s
[2024-12-06T17:46:12.111+0000] {subprocess.py:106} INFO -  16300K .......... .......... .......... .......... .......... 77%  228M 0s
[2024-12-06T17:46:12.112+0000] {subprocess.py:106} INFO -  16350K .......... .......... .......... .......... .......... 77%  123M 0s
[2024-12-06T17:46:12.113+0000] {subprocess.py:106} INFO -  16400K .......... .......... .......... .......... .......... 77% 67.6M 0s
[2024-12-06T17:46:12.113+0000] {subprocess.py:106} INFO -  16450K .......... .......... .......... .......... .......... 77% 47.7M 0s
[2024-12-06T17:46:12.113+0000] {subprocess.py:106} INFO -  16500K .......... .......... .......... .......... .......... 78% 38.2M 0s
[2024-12-06T17:46:12.114+0000] {subprocess.py:106} INFO -  16550K .......... .......... .......... .......... .......... 78%  157M 0s
[2024-12-06T17:46:12.114+0000] {subprocess.py:106} INFO -  16600K .......... .......... .......... .......... .......... 78% 77.1M 0s
[2024-12-06T17:46:12.116+0000] {subprocess.py:106} INFO -  16650K .......... .......... .......... .......... .......... 78%  228M 0s
[2024-12-06T17:46:12.116+0000] {subprocess.py:106} INFO -  16700K .......... .......... .......... .......... .......... 79%  178M 0s
[2024-12-06T17:46:12.117+0000] {subprocess.py:106} INFO -  16750K .......... .......... .......... .......... .......... 79%  211M 0s
[2024-12-06T17:46:12.117+0000] {subprocess.py:106} INFO -  16800K .......... .......... .......... .......... .......... 79%  243M 0s
[2024-12-06T17:46:12.117+0000] {subprocess.py:106} INFO -  16850K .......... .......... .......... .......... .......... 79%  281M 0s
[2024-12-06T17:46:12.117+0000] {subprocess.py:106} INFO -  16900K .......... .......... .......... .......... .......... 80%  198M 0s
[2024-12-06T17:46:12.118+0000] {subprocess.py:106} INFO -  16950K .......... .......... .......... .......... .......... 80%  230M 0s
[2024-12-06T17:46:12.118+0000] {subprocess.py:106} INFO -  17000K .......... .......... .......... .......... .......... 80%  221M 0s
[2024-12-06T17:46:12.118+0000] {subprocess.py:106} INFO -  17050K .......... .......... .......... .......... .......... 80%  264M 0s
[2024-12-06T17:46:12.119+0000] {subprocess.py:106} INFO -  17100K .......... .......... .......... .......... .......... 80%  283M 0s
[2024-12-06T17:46:12.119+0000] {subprocess.py:106} INFO -  17150K .......... .......... .......... .......... .......... 81%  103M 0s
[2024-12-06T17:46:12.120+0000] {subprocess.py:106} INFO -  17200K .......... .......... .......... .......... .......... 81%  272M 0s
[2024-12-06T17:46:12.120+0000] {subprocess.py:106} INFO -  17250K .......... .......... .......... .......... .......... 81%  211M 0s
[2024-12-06T17:46:12.120+0000] {subprocess.py:106} INFO -  17300K .......... .......... .......... .......... .......... 81%  198M 0s
[2024-12-06T17:46:12.120+0000] {subprocess.py:106} INFO -  17350K .......... .......... .......... .......... .......... 82%  216M 0s
[2024-12-06T17:46:12.121+0000] {subprocess.py:106} INFO -  17400K .......... .......... .......... .......... .......... 82%  179M 0s
[2024-12-06T17:46:12.121+0000] {subprocess.py:106} INFO -  17450K .......... .......... .......... .......... .......... 82%  187M 0s
[2024-12-06T17:46:12.121+0000] {subprocess.py:106} INFO -  17500K .......... .......... .......... .......... .......... 82%  128M 0s
[2024-12-06T17:46:12.121+0000] {subprocess.py:106} INFO -  17550K .......... .......... .......... .......... .......... 83%  123M 0s
[2024-12-06T17:46:12.121+0000] {subprocess.py:106} INFO -  17600K .......... .......... .......... .......... .......... 83%  214M 0s
[2024-12-06T17:46:12.122+0000] {subprocess.py:106} INFO -  17650K .......... .......... .......... .......... .......... 83%  266M 0s
[2024-12-06T17:46:12.122+0000] {subprocess.py:106} INFO -  17700K .......... .......... .......... .......... .......... 83%  105M 0s
[2024-12-06T17:46:12.122+0000] {subprocess.py:106} INFO -  17750K .......... .......... .......... .......... .......... 84%  279M 0s
[2024-12-06T17:46:12.122+0000] {subprocess.py:106} INFO -  17800K .......... .......... .......... .......... .......... 84%  261M 0s
[2024-12-06T17:46:12.122+0000] {subprocess.py:106} INFO -  17850K .......... .......... .......... .......... .......... 84%  273M 0s
[2024-12-06T17:46:12.123+0000] {subprocess.py:106} INFO -  17900K .......... .......... .......... .......... .......... 84%  226M 0s
[2024-12-06T17:46:12.123+0000] {subprocess.py:106} INFO -  17950K .......... .......... .......... .......... .......... 84% 85.4M 0s
[2024-12-06T17:46:12.123+0000] {subprocess.py:106} INFO -  18000K .......... .......... .......... .......... .......... 85%  226M 0s
[2024-12-06T17:46:12.123+0000] {subprocess.py:106} INFO -  18050K .......... .......... .......... .......... .......... 85% 80.7M 0s
[2024-12-06T17:46:12.123+0000] {subprocess.py:106} INFO -  18100K .......... .......... .......... .......... .......... 85%  115M 0s
[2024-12-06T17:46:12.123+0000] {subprocess.py:106} INFO -  18150K .......... .......... .......... .......... .......... 85%  270M 0s
[2024-12-06T17:46:12.123+0000] {subprocess.py:106} INFO -  18200K .......... .......... .......... .......... .......... 86%  140M 0s
[2024-12-06T17:46:12.124+0000] {subprocess.py:106} INFO -  18250K .......... .......... .......... .......... .......... 86%  160M 0s
[2024-12-06T17:46:12.124+0000] {subprocess.py:106} INFO -  18300K .......... .......... .......... .......... .......... 86%  219M 0s
[2024-12-06T17:46:12.124+0000] {subprocess.py:106} INFO -  18350K .......... .......... .......... .......... .......... 86%  251M 0s
[2024-12-06T17:46:12.124+0000] {subprocess.py:106} INFO -  18400K .......... .......... .......... .......... .......... 87%  138M 0s
[2024-12-06T17:46:12.124+0000] {subprocess.py:106} INFO -  18450K .......... .......... .......... .......... .......... 87%  274M 0s
[2024-12-06T17:46:12.124+0000] {subprocess.py:106} INFO -  18500K .......... .......... .......... .......... .......... 87%  252M 0s
[2024-12-06T17:46:12.124+0000] {subprocess.py:106} INFO -  18550K .......... .......... .......... .......... .......... 87%  285M 0s
[2024-12-06T17:46:12.125+0000] {subprocess.py:106} INFO -  18600K .......... .......... .......... .......... .......... 88%  312M 0s
[2024-12-06T17:46:12.125+0000] {subprocess.py:106} INFO -  18650K .......... .......... .......... .......... .......... 88%  208M 0s
[2024-12-06T17:46:12.125+0000] {subprocess.py:106} INFO -  18700K .......... .......... .......... .......... .......... 88% 86.6M 0s
[2024-12-06T17:46:12.126+0000] {subprocess.py:106} INFO -  18750K .......... .......... .......... .......... .......... 88%  323M 0s
[2024-12-06T17:46:12.126+0000] {subprocess.py:106} INFO -  18800K .......... .......... .......... .......... .......... 89%  150M 0s
[2024-12-06T17:46:12.126+0000] {subprocess.py:106} INFO -  18850K .......... .......... .......... .......... .......... 89%  105M 0s
[2024-12-06T17:46:12.126+0000] {subprocess.py:106} INFO -  18900K .......... .......... .......... .......... .......... 89%  217M 0s
[2024-12-06T17:46:12.127+0000] {subprocess.py:106} INFO -  18950K .......... .......... .......... .......... .......... 89%  227M 0s
[2024-12-06T17:46:12.127+0000] {subprocess.py:106} INFO -  19000K .......... .......... .......... .......... .......... 89%  153M 0s
[2024-12-06T17:46:12.128+0000] {subprocess.py:106} INFO -  19050K .......... .......... .......... .......... .......... 90%  264M 0s
[2024-12-06T17:46:12.128+0000] {subprocess.py:106} INFO -  19100K .......... .......... .......... .......... .......... 90%  240M 0s
[2024-12-06T17:46:12.128+0000] {subprocess.py:106} INFO -  19150K .......... .......... .......... .......... .......... 90%  232M 0s
[2024-12-06T17:46:12.129+0000] {subprocess.py:106} INFO -  19200K .......... .......... .......... .......... .......... 90%  216M 0s
[2024-12-06T17:46:12.129+0000] {subprocess.py:106} INFO -  19250K .......... .......... .......... .......... .......... 91%  298M 0s
[2024-12-06T17:46:12.129+0000] {subprocess.py:106} INFO -  19300K .......... .......... .......... .......... .......... 91%  112M 0s
[2024-12-06T17:46:12.130+0000] {subprocess.py:106} INFO -  19350K .......... .......... .......... .......... .......... 91%  175M 0s
[2024-12-06T17:46:12.131+0000] {subprocess.py:106} INFO -  19400K .......... .......... .......... .......... .......... 91%  300M 0s
[2024-12-06T17:46:12.131+0000] {subprocess.py:106} INFO -  19450K .......... .......... .......... .......... .......... 92%  215M 0s
[2024-12-06T17:46:12.131+0000] {subprocess.py:106} INFO -  19500K .......... .......... .......... .......... .......... 92%  123M 0s
[2024-12-06T17:46:12.131+0000] {subprocess.py:106} INFO -  19550K .......... .......... .......... .......... .......... 92% 90.0M 0s
[2024-12-06T17:46:12.131+0000] {subprocess.py:106} INFO -  19600K .......... .......... .......... .......... .......... 92%  275M 0s
[2024-12-06T17:46:12.132+0000] {subprocess.py:106} INFO -  19650K .......... .......... .......... .......... .......... 93%  233M 0s
[2024-12-06T17:46:12.132+0000] {subprocess.py:106} INFO -  19700K .......... .......... .......... .......... .......... 93%  259M 0s
[2024-12-06T17:46:12.132+0000] {subprocess.py:106} INFO -  19750K .......... .......... .......... .......... .......... 93%  248M 0s
[2024-12-06T17:46:12.132+0000] {subprocess.py:106} INFO -  19800K .......... .......... .......... .......... .......... 93%  351M 0s
[2024-12-06T17:46:12.132+0000] {subprocess.py:106} INFO -  19850K .......... .......... .......... .......... .......... 93%  105M 0s
[2024-12-06T17:46:12.132+0000] {subprocess.py:106} INFO -  19900K .......... .......... .......... .......... .......... 94%  158M 0s
[2024-12-06T17:46:12.133+0000] {subprocess.py:106} INFO -  19950K .......... .......... .......... .......... .......... 94%  150M 0s
[2024-12-06T17:46:12.133+0000] {subprocess.py:106} INFO -  20000K .......... .......... .......... .......... .......... 94% 79.2M 0s
[2024-12-06T17:46:12.133+0000] {subprocess.py:106} INFO -  20050K .......... .......... .......... .......... .......... 94% 91.4M 0s
[2024-12-06T17:46:12.133+0000] {subprocess.py:106} INFO -  20100K .......... .......... .......... .......... .......... 95%  167M 0s
[2024-12-06T17:46:12.133+0000] {subprocess.py:106} INFO -  20150K .......... .......... .......... .......... .......... 95% 78.3M 0s
[2024-12-06T17:46:12.133+0000] {subprocess.py:106} INFO -  20200K .......... .......... .......... .......... .......... 95% 94.4M 0s
[2024-12-06T17:46:12.133+0000] {subprocess.py:106} INFO -  20250K .......... .......... .......... .......... .......... 95% 65.9M 0s
[2024-12-06T17:46:12.134+0000] {subprocess.py:106} INFO -  20300K .......... .......... .......... .......... .......... 96%  184M 0s
[2024-12-06T17:46:12.134+0000] {subprocess.py:106} INFO -  20350K .......... .......... .......... .......... .......... 96%  292M 0s
[2024-12-06T17:46:12.134+0000] {subprocess.py:106} INFO -  20400K .......... .......... .......... .......... .......... 96% 19.5M 0s
[2024-12-06T17:46:12.134+0000] {subprocess.py:106} INFO -  20450K .......... .......... .......... .......... .......... 96%  241M 0s
[2024-12-06T17:46:12.134+0000] {subprocess.py:106} INFO -  20500K .......... .......... .......... .......... .......... 97% 56.5M 0s
[2024-12-06T17:46:12.134+0000] {subprocess.py:106} INFO -  20550K .......... .......... .......... .......... .......... 97% 88.7M 0s
[2024-12-06T17:46:12.135+0000] {subprocess.py:106} INFO -  20600K .......... .......... .......... .......... .......... 97%  314M 0s
[2024-12-06T17:46:12.135+0000] {subprocess.py:106} INFO -  20650K .......... .......... .......... .......... .......... 97% 57.9M 0s
[2024-12-06T17:46:12.135+0000] {subprocess.py:106} INFO -  20700K .......... .......... .......... .......... .......... 97%  261M 0s
[2024-12-06T17:46:12.135+0000] {subprocess.py:106} INFO -  20750K .......... .......... .......... .......... .......... 98%  197M 0s
[2024-12-06T17:46:12.136+0000] {subprocess.py:106} INFO -  20800K .......... .......... .......... .......... .......... 98% 52.8M 0s
[2024-12-06T17:46:12.136+0000] {subprocess.py:106} INFO -  20850K .......... .......... .......... .......... .......... 98%  138M 0s
[2024-12-06T17:46:12.136+0000] {subprocess.py:106} INFO -  20900K .......... .......... .......... .......... .......... 98%  280M 0s
[2024-12-06T17:46:12.137+0000] {subprocess.py:106} INFO -  20950K .......... .......... .......... .......... .......... 99%  269M 0s
[2024-12-06T17:46:12.137+0000] {subprocess.py:106} INFO -  21000K .......... .......... .......... .......... .......... 99%  294M 0s
[2024-12-06T17:46:12.137+0000] {subprocess.py:106} INFO -  21050K .......... .......... .......... .......... .......... 99%  286M 0s
[2024-12-06T17:46:12.137+0000] {subprocess.py:106} INFO -  21100K .......... .......... .......... .......... .......... 99%  288M 0s
[2024-12-06T17:46:12.138+0000] {subprocess.py:106} INFO -  21150K .......... .......... .......                         100%  275M=0.3s
[2024-12-06T17:46:12.138+0000] {subprocess.py:106} INFO - 
[2024-12-06T17:46:12.138+0000] {subprocess.py:106} INFO - 2024-12-06 17:46:12 (72.3 MB/s) - ‘/opt/***/output_2021-01.parquet’ saved [21686067/21686067]
[2024-12-06T17:46:12.139+0000] {subprocess.py:106} INFO - 
[2024-12-06T17:46:12.140+0000] {subprocess.py:110} INFO - Command exited with return code 0
[2024-12-06T17:46:12.189+0000] {taskinstance.py:340} INFO - ::group::Post task execution logs
[2024-12-06T17:46:12.189+0000] {taskinstance.py:352} INFO - Marking task as SUCCESS. dag_id=LocalIngestionDag_v02, task_id=wget, run_id=scheduled__2021-01-02T06:00:00+00:00, execution_date=20210102T060000, start_date=20241206T174609, end_date=20241206T174612
[2024-12-06T17:46:12.213+0000] {local_task_job_runner.py:266} INFO - Task exited with return code 0
[2024-12-06T17:46:12.288+0000] {taskinstance.py:3895} INFO - 1 downstream tasks scheduled from follow-on schedule check
[2024-12-06T17:46:12.289+0000] {local_task_job_runner.py:245} INFO - ::endgroup::
