[2024-12-05T20:39:31.344+0000] {local_task_job_runner.py:123} INFO - ::group::Pre task execution logs
[2024-12-05T20:39:31.355+0000] {taskinstance.py:2613} INFO - Dependencies all met for dep_context=non-requeueable deps ti=<TaskInstance: LocalIngestionDag.ingest scheduled__2021-05-02T06:00:00+00:00 [queued]>
[2024-12-05T20:39:31.360+0000] {taskinstance.py:2613} INFO - Dependencies all met for dep_context=requeueable deps ti=<TaskInstance: LocalIngestionDag.ingest scheduled__2021-05-02T06:00:00+00:00 [queued]>
[2024-12-05T20:39:31.360+0000] {taskinstance.py:2866} INFO - Starting attempt 2 of 2
[2024-12-05T20:39:31.368+0000] {taskinstance.py:2889} INFO - Executing <Task(BashOperator): ingest> on 2021-05-02 06:00:00+00:00
[2024-12-05T20:39:31.371+0000] {warnings.py:112} WARNING - /home/***/.local/lib/python3.12/site-packages/***/task/task_runner/standard_task_runner.py:70: DeprecationWarning: This process (pid=771) is multi-threaded, use of fork() may lead to deadlocks in the child.
  pid = os.fork()

[2024-12-05T20:39:31.373+0000] {standard_task_runner.py:72} INFO - Started process 775 to run task
[2024-12-05T20:39:31.373+0000] {standard_task_runner.py:104} INFO - Running: ['***', 'tasks', 'run', 'LocalIngestionDag', 'ingest', 'scheduled__2021-05-02T06:00:00+00:00', '--job-id', '28', '--raw', '--subdir', 'DAGS_FOLDER/data_ingestion_local.py', '--cfg-path', '/tmp/tmp26j6lti3']
[2024-12-05T20:39:31.374+0000] {standard_task_runner.py:105} INFO - Job 28: Subtask ingest
[2024-12-05T20:39:31.403+0000] {task_command.py:467} INFO - Running <TaskInstance: LocalIngestionDag.ingest scheduled__2021-05-02T06:00:00+00:00 [running]> on host cf87bc668ac5
[2024-12-05T20:39:31.443+0000] {taskinstance.py:3132} INFO - Exporting env vars: AIRFLOW_CTX_DAG_OWNER='***' AIRFLOW_CTX_DAG_ID='LocalIngestionDag' AIRFLOW_CTX_TASK_ID='ingest' AIRFLOW_CTX_EXECUTION_DATE='2021-05-02T06:00:00+00:00' AIRFLOW_CTX_TRY_NUMBER='2' AIRFLOW_CTX_DAG_RUN_ID='scheduled__2021-05-02T06:00:00+00:00'
[2024-12-05T20:39:31.448+0000] {taskinstance.py:731} INFO - ::endgroup::
[2024-12-05T20:39:31.461+0000] {subprocess.py:78} INFO - Tmp dir root location: /tmp
[2024-12-05T20:39:31.464+0000] {subprocess.py:88} INFO - Running command: ['/usr/bin/bash', '-c', 'ls /opt/***']
[2024-12-05T20:39:31.471+0000] {subprocess.py:99} INFO - Output:
[2024-12-05T20:39:31.473+0000] {subprocess.py:106} INFO - ***.cfg
[2024-12-05T20:39:31.473+0000] {subprocess.py:106} INFO - config
[2024-12-05T20:39:31.474+0000] {subprocess.py:106} INFO - dags
[2024-12-05T20:39:31.474+0000] {subprocess.py:106} INFO - logs
[2024-12-05T20:39:31.474+0000] {subprocess.py:106} INFO - output.parquet
[2024-12-05T20:39:31.474+0000] {subprocess.py:106} INFO - output_2021-01.parquet
[2024-12-05T20:39:31.474+0000] {subprocess.py:106} INFO - output_2021-02.parquet
[2024-12-05T20:39:31.474+0000] {subprocess.py:106} INFO - output_2021-03.parquet
[2024-12-05T20:39:31.475+0000] {subprocess.py:106} INFO - output_2021-04.parquet
[2024-12-05T20:39:31.475+0000] {subprocess.py:106} INFO - output_2021-05.parquet
[2024-12-05T20:39:31.475+0000] {subprocess.py:106} INFO - plugins
[2024-12-05T20:39:31.475+0000] {subprocess.py:106} INFO - requirements.txt
[2024-12-05T20:39:31.476+0000] {subprocess.py:106} INFO - webserver_config.py
[2024-12-05T20:39:31.476+0000] {subprocess.py:110} INFO - Command exited with return code 0
[2024-12-05T20:39:31.491+0000] {taskinstance.py:340} INFO - ::group::Post task execution logs
[2024-12-05T20:39:31.492+0000] {taskinstance.py:352} INFO - Marking task as SUCCESS. dag_id=LocalIngestionDag, task_id=ingest, run_id=scheduled__2021-05-02T06:00:00+00:00, execution_date=20210502T060000, start_date=20241205T203931, end_date=20241205T203931
[2024-12-05T20:39:31.513+0000] {local_task_job_runner.py:266} INFO - Task exited with return code 0
[2024-12-05T20:39:31.524+0000] {taskinstance.py:3895} INFO - 0 downstream tasks scheduled from follow-on schedule check
[2024-12-05T20:39:31.525+0000] {local_task_job_runner.py:245} INFO - ::endgroup::
