[2024-12-07T00:16:07.029+0000] {processor.py:186} INFO - Started process (PID=7035) to work on /opt/airflow/dags/homework_zone_dag.py
[2024-12-07T00:16:07.030+0000] {processor.py:914} INFO - Processing file /opt/airflow/dags/homework_zone_dag.py for tasks to queue
[2024-12-07T00:16:07.031+0000] {logging_mixin.py:190} INFO - [2024-12-07T00:16:07.031+0000] {dagbag.py:588} INFO - Filling up the DagBag from /opt/airflow/dags/homework_zone_dag.py
[2024-12-07T00:16:07.042+0000] {processor.py:925} INFO - DAG(s) 'homework_zone_dag' retrieved from /opt/airflow/dags/homework_zone_dag.py
[2024-12-07T00:16:07.059+0000] {logging_mixin.py:190} INFO - [2024-12-07T00:16:07.059+0000] {dag.py:3239} INFO - Sync 1 DAGs
[2024-12-07T00:16:07.075+0000] {logging_mixin.py:190} INFO - [2024-12-07T00:16:07.075+0000] {dag.py:4180} INFO - Setting next_dagrun for homework_zone_dag to None, run_after=None
[2024-12-07T00:16:07.091+0000] {processor.py:208} INFO - Processing /opt/airflow/dags/homework_zone_dag.py took 0.068 seconds
[2024-12-07T01:03:09.767+0000] {processor.py:186} INFO - Started process (PID=7044) to work on /opt/airflow/dags/homework_zone_dag.py
[2024-12-07T01:03:09.769+0000] {processor.py:914} INFO - Processing file /opt/airflow/dags/homework_zone_dag.py for tasks to queue
[2024-12-07T01:03:09.771+0000] {logging_mixin.py:190} INFO - [2024-12-07T01:03:09.771+0000] {dagbag.py:588} INFO - Filling up the DagBag from /opt/airflow/dags/homework_zone_dag.py
[2024-12-07T01:03:09.806+0000] {processor.py:925} INFO - DAG(s) 'homework_zone_dag' retrieved from /opt/airflow/dags/homework_zone_dag.py
[2024-12-07T01:03:09.834+0000] {logging_mixin.py:190} INFO - [2024-12-07T01:03:09.833+0000] {dag.py:3239} INFO - Sync 1 DAGs
[2024-12-07T01:03:09.867+0000] {logging_mixin.py:190} INFO - [2024-12-07T01:03:09.867+0000] {dag.py:4180} INFO - Setting next_dagrun for homework_zone_dag to None, run_after=None
[2024-12-07T01:03:09.882+0000] {processor.py:208} INFO - Processing /opt/airflow/dags/homework_zone_dag.py took 0.128 seconds
[2024-12-07T01:42:29.663+0000] {processor.py:186} INFO - Started process (PID=7053) to work on /opt/airflow/dags/homework_zone_dag.py
[2024-12-07T01:42:29.664+0000] {processor.py:914} INFO - Processing file /opt/airflow/dags/homework_zone_dag.py for tasks to queue
[2024-12-07T01:42:29.665+0000] {logging_mixin.py:190} INFO - [2024-12-07T01:42:29.664+0000] {dagbag.py:588} INFO - Filling up the DagBag from /opt/airflow/dags/homework_zone_dag.py
[2024-12-07T01:42:29.678+0000] {processor.py:925} INFO - DAG(s) 'homework_zone_dag' retrieved from /opt/airflow/dags/homework_zone_dag.py
[2024-12-07T01:42:29.702+0000] {logging_mixin.py:190} INFO - [2024-12-07T01:42:29.702+0000] {dag.py:3239} INFO - Sync 1 DAGs
[2024-12-07T01:42:29.721+0000] {logging_mixin.py:190} INFO - [2024-12-07T01:42:29.721+0000] {dag.py:4180} INFO - Setting next_dagrun for homework_zone_dag to None, run_after=None
[2024-12-07T01:42:29.736+0000] {processor.py:208} INFO - Processing /opt/airflow/dags/homework_zone_dag.py took 0.082 seconds
[2024-12-07T02:15:10.801+0000] {processor.py:186} INFO - Started process (PID=7062) to work on /opt/airflow/dags/homework_zone_dag.py
[2024-12-07T02:15:10.803+0000] {processor.py:914} INFO - Processing file /opt/airflow/dags/homework_zone_dag.py for tasks to queue
[2024-12-07T02:15:10.808+0000] {logging_mixin.py:190} INFO - [2024-12-07T02:15:10.807+0000] {dagbag.py:588} INFO - Filling up the DagBag from /opt/airflow/dags/homework_zone_dag.py
[2024-12-07T02:15:10.830+0000] {processor.py:925} INFO - DAG(s) 'homework_zone_dag' retrieved from /opt/airflow/dags/homework_zone_dag.py
[2024-12-07T02:15:10.855+0000] {logging_mixin.py:190} INFO - [2024-12-07T02:15:10.855+0000] {dag.py:3239} INFO - Sync 1 DAGs
[2024-12-07T02:15:10.879+0000] {logging_mixin.py:190} INFO - [2024-12-07T02:15:10.878+0000] {dag.py:4180} INFO - Setting next_dagrun for homework_zone_dag to None, run_after=None
[2024-12-07T02:15:10.890+0000] {processor.py:208} INFO - Processing /opt/airflow/dags/homework_zone_dag.py took 0.101 seconds
[2024-12-07T03:00:46.584+0000] {processor.py:186} INFO - Started process (PID=7071) to work on /opt/airflow/dags/homework_zone_dag.py
[2024-12-07T03:00:46.585+0000] {processor.py:914} INFO - Processing file /opt/airflow/dags/homework_zone_dag.py for tasks to queue
[2024-12-07T03:00:46.586+0000] {logging_mixin.py:190} INFO - [2024-12-07T03:00:46.585+0000] {dagbag.py:588} INFO - Filling up the DagBag from /opt/airflow/dags/homework_zone_dag.py
[2024-12-07T03:00:46.594+0000] {processor.py:925} INFO - DAG(s) 'homework_zone_dag' retrieved from /opt/airflow/dags/homework_zone_dag.py
[2024-12-07T03:00:46.615+0000] {logging_mixin.py:190} INFO - [2024-12-07T03:00:46.615+0000] {dag.py:3239} INFO - Sync 1 DAGs
[2024-12-07T03:00:46.631+0000] {logging_mixin.py:190} INFO - [2024-12-07T03:00:46.631+0000] {dag.py:4180} INFO - Setting next_dagrun for homework_zone_dag to None, run_after=None
[2024-12-07T03:00:46.643+0000] {processor.py:208} INFO - Processing /opt/airflow/dags/homework_zone_dag.py took 0.064 seconds
[2024-12-07T03:17:54.844+0000] {processor.py:186} INFO - Started process (PID=7080) to work on /opt/airflow/dags/homework_zone_dag.py
[2024-12-07T03:17:54.845+0000] {processor.py:914} INFO - Processing file /opt/airflow/dags/homework_zone_dag.py for tasks to queue
[2024-12-07T03:17:54.848+0000] {logging_mixin.py:190} INFO - [2024-12-07T03:17:54.847+0000] {dagbag.py:588} INFO - Filling up the DagBag from /opt/airflow/dags/homework_zone_dag.py
[2024-12-07T03:17:54.891+0000] {processor.py:925} INFO - DAG(s) 'homework_zone_dag' retrieved from /opt/airflow/dags/homework_zone_dag.py
[2024-12-07T03:17:54.923+0000] {logging_mixin.py:190} INFO - [2024-12-07T03:17:54.923+0000] {dag.py:3239} INFO - Sync 1 DAGs
[2024-12-07T03:17:54.948+0000] {logging_mixin.py:190} INFO - [2024-12-07T03:17:54.948+0000] {dag.py:4180} INFO - Setting next_dagrun for homework_zone_dag to None, run_after=None
[2024-12-07T03:17:54.964+0000] {processor.py:208} INFO - Processing /opt/airflow/dags/homework_zone_dag.py took 0.128 seconds
[2024-12-07T03:44:44.726+0000] {processor.py:186} INFO - Started process (PID=7089) to work on /opt/airflow/dags/homework_zone_dag.py
[2024-12-07T03:44:44.726+0000] {processor.py:914} INFO - Processing file /opt/airflow/dags/homework_zone_dag.py for tasks to queue
[2024-12-07T03:44:44.728+0000] {logging_mixin.py:190} INFO - [2024-12-07T03:44:44.727+0000] {dagbag.py:588} INFO - Filling up the DagBag from /opt/airflow/dags/homework_zone_dag.py
[2024-12-07T03:44:44.746+0000] {processor.py:925} INFO - DAG(s) 'homework_zone_dag' retrieved from /opt/airflow/dags/homework_zone_dag.py
[2024-12-07T03:44:44.772+0000] {logging_mixin.py:190} INFO - [2024-12-07T03:44:44.772+0000] {dag.py:3239} INFO - Sync 1 DAGs
[2024-12-07T03:44:44.791+0000] {logging_mixin.py:190} INFO - [2024-12-07T03:44:44.791+0000] {dag.py:4180} INFO - Setting next_dagrun for homework_zone_dag to None, run_after=None
[2024-12-07T03:44:44.808+0000] {processor.py:208} INFO - Processing /opt/airflow/dags/homework_zone_dag.py took 0.089 seconds
[2024-12-07T04:39:33.857+0000] {processor.py:186} INFO - Started process (PID=7098) to work on /opt/airflow/dags/homework_zone_dag.py
[2024-12-07T04:39:33.860+0000] {processor.py:914} INFO - Processing file /opt/airflow/dags/homework_zone_dag.py for tasks to queue
[2024-12-07T04:39:33.866+0000] {logging_mixin.py:190} INFO - [2024-12-07T04:39:33.863+0000] {dagbag.py:588} INFO - Filling up the DagBag from /opt/airflow/dags/homework_zone_dag.py
[2024-12-07T04:39:33.900+0000] {processor.py:925} INFO - DAG(s) 'homework_zone_dag' retrieved from /opt/airflow/dags/homework_zone_dag.py
[2024-12-07T04:39:33.925+0000] {logging_mixin.py:190} INFO - [2024-12-07T04:39:33.925+0000] {dag.py:3239} INFO - Sync 1 DAGs
[2024-12-07T04:39:33.947+0000] {logging_mixin.py:190} INFO - [2024-12-07T04:39:33.946+0000] {dag.py:4180} INFO - Setting next_dagrun for homework_zone_dag to None, run_after=None
[2024-12-07T04:39:33.961+0000] {processor.py:208} INFO - Processing /opt/airflow/dags/homework_zone_dag.py took 0.120 seconds
[2024-12-07T05:46:33.336+0000] {processor.py:186} INFO - Started process (PID=7107) to work on /opt/airflow/dags/homework_zone_dag.py
[2024-12-07T05:46:33.337+0000] {processor.py:914} INFO - Processing file /opt/airflow/dags/homework_zone_dag.py for tasks to queue
[2024-12-07T05:46:33.338+0000] {logging_mixin.py:190} INFO - [2024-12-07T05:46:33.338+0000] {dagbag.py:588} INFO - Filling up the DagBag from /opt/airflow/dags/homework_zone_dag.py
[2024-12-07T05:46:33.354+0000] {processor.py:925} INFO - DAG(s) 'homework_zone_dag' retrieved from /opt/airflow/dags/homework_zone_dag.py
[2024-12-07T05:46:33.379+0000] {logging_mixin.py:190} INFO - [2024-12-07T05:46:33.379+0000] {dag.py:3239} INFO - Sync 1 DAGs
[2024-12-07T05:46:33.397+0000] {logging_mixin.py:190} INFO - [2024-12-07T05:46:33.397+0000] {dag.py:4180} INFO - Setting next_dagrun for homework_zone_dag to None, run_after=None
[2024-12-07T05:46:33.411+0000] {processor.py:208} INFO - Processing /opt/airflow/dags/homework_zone_dag.py took 0.082 seconds
[2024-12-07T06:02:15.633+0000] {processor.py:186} INFO - Started process (PID=7115) to work on /opt/airflow/dags/homework_zone_dag.py
[2024-12-07T06:02:15.634+0000] {processor.py:914} INFO - Processing file /opt/airflow/dags/homework_zone_dag.py for tasks to queue
[2024-12-07T06:02:15.636+0000] {logging_mixin.py:190} INFO - [2024-12-07T06:02:15.636+0000] {dagbag.py:588} INFO - Filling up the DagBag from /opt/airflow/dags/homework_zone_dag.py
[2024-12-07T06:02:15.653+0000] {processor.py:925} INFO - DAG(s) 'homework_zone_dag' retrieved from /opt/airflow/dags/homework_zone_dag.py
[2024-12-07T06:02:15.675+0000] {logging_mixin.py:190} INFO - [2024-12-07T06:02:15.674+0000] {dag.py:3239} INFO - Sync 1 DAGs
[2024-12-07T06:02:15.691+0000] {logging_mixin.py:190} INFO - [2024-12-07T06:02:15.691+0000] {dag.py:4180} INFO - Setting next_dagrun for homework_zone_dag to None, run_after=None
[2024-12-07T06:02:15.705+0000] {processor.py:208} INFO - Processing /opt/airflow/dags/homework_zone_dag.py took 0.078 seconds
[2024-12-07T06:47:43.354+0000] {processor.py:186} INFO - Started process (PID=7124) to work on /opt/airflow/dags/homework_zone_dag.py
[2024-12-07T06:47:43.355+0000] {processor.py:914} INFO - Processing file /opt/airflow/dags/homework_zone_dag.py for tasks to queue
[2024-12-07T06:47:43.356+0000] {logging_mixin.py:190} INFO - [2024-12-07T06:47:43.356+0000] {dagbag.py:588} INFO - Filling up the DagBag from /opt/airflow/dags/homework_zone_dag.py
[2024-12-07T06:47:43.373+0000] {processor.py:925} INFO - DAG(s) 'homework_zone_dag' retrieved from /opt/airflow/dags/homework_zone_dag.py
[2024-12-07T06:47:43.392+0000] {logging_mixin.py:190} INFO - [2024-12-07T06:47:43.392+0000] {dag.py:3239} INFO - Sync 1 DAGs
[2024-12-07T06:47:43.410+0000] {logging_mixin.py:190} INFO - [2024-12-07T06:47:43.410+0000] {dag.py:4180} INFO - Setting next_dagrun for homework_zone_dag to None, run_after=None
[2024-12-07T06:47:43.426+0000] {processor.py:208} INFO - Processing /opt/airflow/dags/homework_zone_dag.py took 0.078 seconds
[2024-12-07T07:39:02.097+0000] {processor.py:186} INFO - Started process (PID=7133) to work on /opt/airflow/dags/homework_zone_dag.py
[2024-12-07T07:39:02.099+0000] {processor.py:914} INFO - Processing file /opt/airflow/dags/homework_zone_dag.py for tasks to queue
[2024-12-07T07:39:02.100+0000] {logging_mixin.py:190} INFO - [2024-12-07T07:39:02.100+0000] {dagbag.py:588} INFO - Filling up the DagBag from /opt/airflow/dags/homework_zone_dag.py
[2024-12-07T07:39:02.135+0000] {processor.py:925} INFO - DAG(s) 'homework_zone_dag' retrieved from /opt/airflow/dags/homework_zone_dag.py
[2024-12-07T07:39:02.159+0000] {logging_mixin.py:190} INFO - [2024-12-07T07:39:02.159+0000] {dag.py:3239} INFO - Sync 1 DAGs
[2024-12-07T07:39:02.176+0000] {logging_mixin.py:190} INFO - [2024-12-07T07:39:02.175+0000] {dag.py:4180} INFO - Setting next_dagrun for homework_zone_dag to None, run_after=None
[2024-12-07T07:39:02.191+0000] {processor.py:208} INFO - Processing /opt/airflow/dags/homework_zone_dag.py took 0.105 seconds
[2024-12-07T07:54:53.337+0000] {processor.py:186} INFO - Started process (PID=7142) to work on /opt/airflow/dags/homework_zone_dag.py
[2024-12-07T07:54:53.338+0000] {processor.py:914} INFO - Processing file /opt/airflow/dags/homework_zone_dag.py for tasks to queue
[2024-12-07T07:54:53.339+0000] {logging_mixin.py:190} INFO - [2024-12-07T07:54:53.339+0000] {dagbag.py:588} INFO - Filling up the DagBag from /opt/airflow/dags/homework_zone_dag.py
[2024-12-07T07:54:53.349+0000] {processor.py:925} INFO - DAG(s) 'homework_zone_dag' retrieved from /opt/airflow/dags/homework_zone_dag.py
[2024-12-07T07:54:53.370+0000] {logging_mixin.py:190} INFO - [2024-12-07T07:54:53.370+0000] {dag.py:3239} INFO - Sync 1 DAGs
[2024-12-07T07:54:53.386+0000] {logging_mixin.py:190} INFO - [2024-12-07T07:54:53.386+0000] {dag.py:4180} INFO - Setting next_dagrun for homework_zone_dag to None, run_after=None
[2024-12-07T07:54:53.401+0000] {processor.py:208} INFO - Processing /opt/airflow/dags/homework_zone_dag.py took 0.067 seconds
[2024-12-07T09:00:50.756+0000] {processor.py:186} INFO - Started process (PID=7151) to work on /opt/airflow/dags/homework_zone_dag.py
[2024-12-07T09:00:50.757+0000] {processor.py:914} INFO - Processing file /opt/airflow/dags/homework_zone_dag.py for tasks to queue
[2024-12-07T09:00:50.758+0000] {logging_mixin.py:190} INFO - [2024-12-07T09:00:50.757+0000] {dagbag.py:588} INFO - Filling up the DagBag from /opt/airflow/dags/homework_zone_dag.py
[2024-12-07T09:00:50.770+0000] {processor.py:925} INFO - DAG(s) 'homework_zone_dag' retrieved from /opt/airflow/dags/homework_zone_dag.py
[2024-12-07T09:00:50.790+0000] {logging_mixin.py:190} INFO - [2024-12-07T09:00:50.790+0000] {dag.py:3239} INFO - Sync 1 DAGs
[2024-12-07T09:00:50.805+0000] {logging_mixin.py:190} INFO - [2024-12-07T09:00:50.805+0000] {dag.py:4180} INFO - Setting next_dagrun for homework_zone_dag to None, run_after=None
[2024-12-07T09:00:50.814+0000] {processor.py:208} INFO - Processing /opt/airflow/dags/homework_zone_dag.py took 0.067 seconds
[2024-12-07T09:16:50.771+0000] {processor.py:186} INFO - Started process (PID=7160) to work on /opt/airflow/dags/homework_zone_dag.py
[2024-12-07T09:16:50.772+0000] {processor.py:914} INFO - Processing file /opt/airflow/dags/homework_zone_dag.py for tasks to queue
[2024-12-07T09:16:50.773+0000] {logging_mixin.py:190} INFO - [2024-12-07T09:16:50.773+0000] {dagbag.py:588} INFO - Filling up the DagBag from /opt/airflow/dags/homework_zone_dag.py
[2024-12-07T09:16:50.789+0000] {processor.py:925} INFO - DAG(s) 'homework_zone_dag' retrieved from /opt/airflow/dags/homework_zone_dag.py
[2024-12-07T09:16:50.816+0000] {logging_mixin.py:190} INFO - [2024-12-07T09:16:50.816+0000] {dag.py:3239} INFO - Sync 1 DAGs
[2024-12-07T09:16:50.833+0000] {logging_mixin.py:190} INFO - [2024-12-07T09:16:50.832+0000] {dag.py:4180} INFO - Setting next_dagrun for homework_zone_dag to None, run_after=None
[2024-12-07T09:16:50.853+0000] {processor.py:208} INFO - Processing /opt/airflow/dags/homework_zone_dag.py took 0.089 seconds
[2024-12-07T10:05:18.523+0000] {processor.py:186} INFO - Started process (PID=7168) to work on /opt/airflow/dags/homework_zone_dag.py
[2024-12-07T10:05:18.524+0000] {processor.py:914} INFO - Processing file /opt/airflow/dags/homework_zone_dag.py for tasks to queue
[2024-12-07T10:05:18.525+0000] {logging_mixin.py:190} INFO - [2024-12-07T10:05:18.525+0000] {dagbag.py:588} INFO - Filling up the DagBag from /opt/airflow/dags/homework_zone_dag.py
[2024-12-07T10:05:18.540+0000] {processor.py:925} INFO - DAG(s) 'homework_zone_dag' retrieved from /opt/airflow/dags/homework_zone_dag.py
[2024-12-07T10:05:18.557+0000] {logging_mixin.py:190} INFO - [2024-12-07T10:05:18.556+0000] {dag.py:3239} INFO - Sync 1 DAGs
[2024-12-07T10:05:18.573+0000] {logging_mixin.py:190} INFO - [2024-12-07T10:05:18.573+0000] {dag.py:4180} INFO - Setting next_dagrun for homework_zone_dag to None, run_after=None
[2024-12-07T10:05:18.585+0000] {processor.py:208} INFO - Processing /opt/airflow/dags/homework_zone_dag.py took 0.067 seconds
[2024-12-07T10:52:36.703+0000] {processor.py:186} INFO - Started process (PID=7177) to work on /opt/airflow/dags/homework_zone_dag.py
[2024-12-07T10:52:36.704+0000] {processor.py:914} INFO - Processing file /opt/airflow/dags/homework_zone_dag.py for tasks to queue
[2024-12-07T10:52:36.706+0000] {logging_mixin.py:190} INFO - [2024-12-07T10:52:36.706+0000] {dagbag.py:588} INFO - Filling up the DagBag from /opt/airflow/dags/homework_zone_dag.py
[2024-12-07T10:52:36.723+0000] {processor.py:925} INFO - DAG(s) 'homework_zone_dag' retrieved from /opt/airflow/dags/homework_zone_dag.py
[2024-12-07T10:52:36.748+0000] {logging_mixin.py:190} INFO - [2024-12-07T10:52:36.747+0000] {dag.py:3239} INFO - Sync 1 DAGs
[2024-12-07T10:52:36.763+0000] {logging_mixin.py:190} INFO - [2024-12-07T10:52:36.763+0000] {dag.py:4180} INFO - Setting next_dagrun for homework_zone_dag to None, run_after=None
[2024-12-07T10:52:36.779+0000] {processor.py:208} INFO - Processing /opt/airflow/dags/homework_zone_dag.py took 0.086 seconds
[2024-12-07T11:09:54.973+0000] {processor.py:186} INFO - Started process (PID=7186) to work on /opt/airflow/dags/homework_zone_dag.py
[2024-12-07T11:09:54.974+0000] {processor.py:914} INFO - Processing file /opt/airflow/dags/homework_zone_dag.py for tasks to queue
[2024-12-07T11:09:54.975+0000] {logging_mixin.py:190} INFO - [2024-12-07T11:09:54.975+0000] {dagbag.py:588} INFO - Filling up the DagBag from /opt/airflow/dags/homework_zone_dag.py
[2024-12-07T11:09:54.992+0000] {processor.py:925} INFO - DAG(s) 'homework_zone_dag' retrieved from /opt/airflow/dags/homework_zone_dag.py
[2024-12-07T11:09:55.014+0000] {logging_mixin.py:190} INFO - [2024-12-07T11:09:55.013+0000] {dag.py:3239} INFO - Sync 1 DAGs
[2024-12-07T11:09:55.031+0000] {logging_mixin.py:190} INFO - [2024-12-07T11:09:55.031+0000] {dag.py:4180} INFO - Setting next_dagrun for homework_zone_dag to None, run_after=None
[2024-12-07T11:09:55.042+0000] {processor.py:208} INFO - Processing /opt/airflow/dags/homework_zone_dag.py took 0.078 seconds
[2024-12-07T12:34:11.097+0000] {processor.py:186} INFO - Started process (PID=7195) to work on /opt/airflow/dags/homework_zone_dag.py
[2024-12-07T12:34:11.098+0000] {processor.py:914} INFO - Processing file /opt/airflow/dags/homework_zone_dag.py for tasks to queue
[2024-12-07T12:34:11.099+0000] {logging_mixin.py:190} INFO - [2024-12-07T12:34:11.099+0000] {dagbag.py:588} INFO - Filling up the DagBag from /opt/airflow/dags/homework_zone_dag.py
[2024-12-07T12:34:11.117+0000] {processor.py:925} INFO - DAG(s) 'homework_zone_dag' retrieved from /opt/airflow/dags/homework_zone_dag.py
[2024-12-07T12:34:11.137+0000] {logging_mixin.py:190} INFO - [2024-12-07T12:34:11.137+0000] {dag.py:3239} INFO - Sync 1 DAGs
[2024-12-07T12:34:11.162+0000] {logging_mixin.py:190} INFO - [2024-12-07T12:34:11.162+0000] {dag.py:4180} INFO - Setting next_dagrun for homework_zone_dag to None, run_after=None
[2024-12-07T12:34:11.176+0000] {processor.py:208} INFO - Processing /opt/airflow/dags/homework_zone_dag.py took 0.087 seconds
[2024-12-07T14:10:12.161+0000] {processor.py:186} INFO - Started process (PID=7204) to work on /opt/airflow/dags/homework_zone_dag.py
[2024-12-07T14:10:12.163+0000] {processor.py:914} INFO - Processing file /opt/airflow/dags/homework_zone_dag.py for tasks to queue
[2024-12-07T14:10:12.167+0000] {logging_mixin.py:190} INFO - [2024-12-07T14:10:12.166+0000] {dagbag.py:588} INFO - Filling up the DagBag from /opt/airflow/dags/homework_zone_dag.py
[2024-12-07T14:10:12.192+0000] {processor.py:925} INFO - DAG(s) 'homework_zone_dag' retrieved from /opt/airflow/dags/homework_zone_dag.py
[2024-12-07T14:10:12.220+0000] {logging_mixin.py:190} INFO - [2024-12-07T14:10:12.220+0000] {dag.py:3239} INFO - Sync 1 DAGs
[2024-12-07T14:10:12.238+0000] {logging_mixin.py:190} INFO - [2024-12-07T14:10:12.238+0000] {dag.py:4180} INFO - Setting next_dagrun for homework_zone_dag to None, run_after=None
[2024-12-07T14:10:12.252+0000] {processor.py:208} INFO - Processing /opt/airflow/dags/homework_zone_dag.py took 0.101 seconds
[2024-12-07T15:10:16.801+0000] {processor.py:186} INFO - Started process (PID=7213) to work on /opt/airflow/dags/homework_zone_dag.py
[2024-12-07T15:10:16.802+0000] {processor.py:914} INFO - Processing file /opt/airflow/dags/homework_zone_dag.py for tasks to queue
[2024-12-07T15:10:16.804+0000] {logging_mixin.py:190} INFO - [2024-12-07T15:10:16.803+0000] {dagbag.py:588} INFO - Filling up the DagBag from /opt/airflow/dags/homework_zone_dag.py
[2024-12-07T15:10:16.820+0000] {processor.py:925} INFO - DAG(s) 'homework_zone_dag' retrieved from /opt/airflow/dags/homework_zone_dag.py
[2024-12-07T15:10:16.840+0000] {logging_mixin.py:190} INFO - [2024-12-07T15:10:16.839+0000] {dag.py:3239} INFO - Sync 1 DAGs
[2024-12-07T15:10:16.855+0000] {logging_mixin.py:190} INFO - [2024-12-07T15:10:16.855+0000] {dag.py:4180} INFO - Setting next_dagrun for homework_zone_dag to None, run_after=None
[2024-12-07T15:10:16.868+0000] {processor.py:208} INFO - Processing /opt/airflow/dags/homework_zone_dag.py took 0.079 seconds
[2024-12-07T15:43:34.834+0000] {processor.py:186} INFO - Started process (PID=7222) to work on /opt/airflow/dags/homework_zone_dag.py
[2024-12-07T15:43:34.836+0000] {processor.py:914} INFO - Processing file /opt/airflow/dags/homework_zone_dag.py for tasks to queue
[2024-12-07T15:43:34.838+0000] {logging_mixin.py:190} INFO - [2024-12-07T15:43:34.838+0000] {dagbag.py:588} INFO - Filling up the DagBag from /opt/airflow/dags/homework_zone_dag.py
[2024-12-07T15:43:34.880+0000] {processor.py:925} INFO - DAG(s) 'homework_zone_dag' retrieved from /opt/airflow/dags/homework_zone_dag.py
[2024-12-07T15:43:34.923+0000] {logging_mixin.py:190} INFO - [2024-12-07T15:43:34.923+0000] {dag.py:3239} INFO - Sync 1 DAGs
[2024-12-07T15:43:34.954+0000] {logging_mixin.py:190} INFO - [2024-12-07T15:43:34.954+0000] {dag.py:4180} INFO - Setting next_dagrun for homework_zone_dag to None, run_after=None
[2024-12-07T15:43:34.972+0000] {processor.py:208} INFO - Processing /opt/airflow/dags/homework_zone_dag.py took 0.159 seconds
[2024-12-07T16:14:56.649+0000] {processor.py:186} INFO - Started process (PID=7231) to work on /opt/airflow/dags/homework_zone_dag.py
[2024-12-07T16:14:56.650+0000] {processor.py:914} INFO - Processing file /opt/airflow/dags/homework_zone_dag.py for tasks to queue
[2024-12-07T16:14:56.651+0000] {logging_mixin.py:190} INFO - [2024-12-07T16:14:56.651+0000] {dagbag.py:588} INFO - Filling up the DagBag from /opt/airflow/dags/homework_zone_dag.py
[2024-12-07T16:14:56.664+0000] {processor.py:925} INFO - DAG(s) 'homework_zone_dag' retrieved from /opt/airflow/dags/homework_zone_dag.py
[2024-12-07T16:14:56.682+0000] {logging_mixin.py:190} INFO - [2024-12-07T16:14:56.682+0000] {dag.py:3239} INFO - Sync 1 DAGs
[2024-12-07T16:14:56.696+0000] {logging_mixin.py:190} INFO - [2024-12-07T16:14:56.696+0000] {dag.py:4180} INFO - Setting next_dagrun for homework_zone_dag to None, run_after=None
[2024-12-07T16:14:56.710+0000] {processor.py:208} INFO - Processing /opt/airflow/dags/homework_zone_dag.py took 0.064 seconds
[2024-12-07T16:52:31.263+0000] {processor.py:186} INFO - Started process (PID=7240) to work on /opt/airflow/dags/homework_zone_dag.py
[2024-12-07T16:52:31.264+0000] {processor.py:914} INFO - Processing file /opt/airflow/dags/homework_zone_dag.py for tasks to queue
[2024-12-07T16:52:31.266+0000] {logging_mixin.py:190} INFO - [2024-12-07T16:52:31.265+0000] {dagbag.py:588} INFO - Filling up the DagBag from /opt/airflow/dags/homework_zone_dag.py
[2024-12-07T16:52:31.287+0000] {processor.py:925} INFO - DAG(s) 'homework_zone_dag' retrieved from /opt/airflow/dags/homework_zone_dag.py
[2024-12-07T16:52:31.308+0000] {logging_mixin.py:190} INFO - [2024-12-07T16:52:31.307+0000] {dag.py:3239} INFO - Sync 1 DAGs
[2024-12-07T16:52:31.337+0000] {logging_mixin.py:190} INFO - [2024-12-07T16:52:31.337+0000] {dag.py:4180} INFO - Setting next_dagrun for homework_zone_dag to None, run_after=None
[2024-12-07T16:52:31.352+0000] {processor.py:208} INFO - Processing /opt/airflow/dags/homework_zone_dag.py took 0.099 seconds
[2024-12-07T17:25:14.134+0000] {processor.py:186} INFO - Started process (PID=7249) to work on /opt/airflow/dags/homework_zone_dag.py
[2024-12-07T17:25:14.135+0000] {processor.py:914} INFO - Processing file /opt/airflow/dags/homework_zone_dag.py for tasks to queue
[2024-12-07T17:25:14.136+0000] {logging_mixin.py:190} INFO - [2024-12-07T17:25:14.135+0000] {dagbag.py:588} INFO - Filling up the DagBag from /opt/airflow/dags/homework_zone_dag.py
[2024-12-07T17:25:14.148+0000] {processor.py:925} INFO - DAG(s) 'homework_zone_dag' retrieved from /opt/airflow/dags/homework_zone_dag.py
[2024-12-07T17:25:14.164+0000] {logging_mixin.py:190} INFO - [2024-12-07T17:25:14.164+0000] {dag.py:3239} INFO - Sync 1 DAGs
[2024-12-07T17:25:14.176+0000] {logging_mixin.py:190} INFO - [2024-12-07T17:25:14.176+0000] {dag.py:4180} INFO - Setting next_dagrun for homework_zone_dag to None, run_after=None
[2024-12-07T17:25:14.188+0000] {processor.py:208} INFO - Processing /opt/airflow/dags/homework_zone_dag.py took 0.059 seconds
[2024-12-07T18:26:24.352+0000] {processor.py:186} INFO - Started process (PID=7258) to work on /opt/airflow/dags/homework_zone_dag.py
[2024-12-07T18:26:24.352+0000] {processor.py:914} INFO - Processing file /opt/airflow/dags/homework_zone_dag.py for tasks to queue
[2024-12-07T18:26:24.354+0000] {logging_mixin.py:190} INFO - [2024-12-07T18:26:24.354+0000] {dagbag.py:588} INFO - Filling up the DagBag from /opt/airflow/dags/homework_zone_dag.py
[2024-12-07T18:26:24.403+0000] {processor.py:925} INFO - DAG(s) 'homework_zone_dag' retrieved from /opt/airflow/dags/homework_zone_dag.py
[2024-12-07T18:26:24.431+0000] {logging_mixin.py:190} INFO - [2024-12-07T18:26:24.431+0000] {dag.py:3239} INFO - Sync 1 DAGs
[2024-12-07T18:26:24.471+0000] {logging_mixin.py:190} INFO - [2024-12-07T18:26:24.470+0000] {dag.py:4180} INFO - Setting next_dagrun for homework_zone_dag to None, run_after=None
[2024-12-07T18:26:24.501+0000] {processor.py:208} INFO - Processing /opt/airflow/dags/homework_zone_dag.py took 0.157 seconds
[2024-12-07T18:37:49.442+0000] {processor.py:186} INFO - Started process (PID=7266) to work on /opt/airflow/dags/homework_zone_dag.py
[2024-12-07T18:37:49.443+0000] {processor.py:914} INFO - Processing file /opt/airflow/dags/homework_zone_dag.py for tasks to queue
[2024-12-07T18:37:49.444+0000] {logging_mixin.py:190} INFO - [2024-12-07T18:37:49.444+0000] {dagbag.py:588} INFO - Filling up the DagBag from /opt/airflow/dags/homework_zone_dag.py
[2024-12-07T18:37:49.455+0000] {processor.py:925} INFO - DAG(s) 'homework_zone_dag' retrieved from /opt/airflow/dags/homework_zone_dag.py
[2024-12-07T18:37:49.481+0000] {logging_mixin.py:190} INFO - [2024-12-07T18:37:49.481+0000] {dag.py:3239} INFO - Sync 1 DAGs
[2024-12-07T18:37:49.498+0000] {logging_mixin.py:190} INFO - [2024-12-07T18:37:49.498+0000] {dag.py:4180} INFO - Setting next_dagrun for homework_zone_dag to None, run_after=None
[2024-12-07T18:37:49.512+0000] {processor.py:208} INFO - Processing /opt/airflow/dags/homework_zone_dag.py took 0.077 seconds
[2024-12-07T19:38:53.746+0000] {processor.py:186} INFO - Started process (PID=7275) to work on /opt/airflow/dags/homework_zone_dag.py
[2024-12-07T19:38:53.748+0000] {processor.py:914} INFO - Processing file /opt/airflow/dags/homework_zone_dag.py for tasks to queue
[2024-12-07T19:38:53.749+0000] {logging_mixin.py:190} INFO - [2024-12-07T19:38:53.749+0000] {dagbag.py:588} INFO - Filling up the DagBag from /opt/airflow/dags/homework_zone_dag.py
[2024-12-07T19:38:53.771+0000] {processor.py:925} INFO - DAG(s) 'homework_zone_dag' retrieved from /opt/airflow/dags/homework_zone_dag.py
[2024-12-07T19:38:53.807+0000] {logging_mixin.py:190} INFO - [2024-12-07T19:38:53.806+0000] {dag.py:3239} INFO - Sync 1 DAGs
[2024-12-07T19:38:53.831+0000] {logging_mixin.py:190} INFO - [2024-12-07T19:38:53.831+0000] {dag.py:4180} INFO - Setting next_dagrun for homework_zone_dag to None, run_after=None
[2024-12-07T19:38:53.852+0000] {processor.py:208} INFO - Processing /opt/airflow/dags/homework_zone_dag.py took 0.117 seconds
[2024-12-07T19:55:01.697+0000] {processor.py:186} INFO - Started process (PID=7284) to work on /opt/airflow/dags/homework_zone_dag.py
[2024-12-07T19:55:01.698+0000] {processor.py:914} INFO - Processing file /opt/airflow/dags/homework_zone_dag.py for tasks to queue
[2024-12-07T19:55:01.699+0000] {logging_mixin.py:190} INFO - [2024-12-07T19:55:01.699+0000] {dagbag.py:588} INFO - Filling up the DagBag from /opt/airflow/dags/homework_zone_dag.py
[2024-12-07T19:55:01.712+0000] {processor.py:925} INFO - DAG(s) 'homework_zone_dag' retrieved from /opt/airflow/dags/homework_zone_dag.py
[2024-12-07T19:55:01.729+0000] {logging_mixin.py:190} INFO - [2024-12-07T19:55:01.729+0000] {dag.py:3239} INFO - Sync 1 DAGs
[2024-12-07T19:55:01.747+0000] {logging_mixin.py:190} INFO - [2024-12-07T19:55:01.747+0000] {dag.py:4180} INFO - Setting next_dagrun for homework_zone_dag to None, run_after=None
[2024-12-07T19:55:01.756+0000] {processor.py:208} INFO - Processing /opt/airflow/dags/homework_zone_dag.py took 0.066 seconds
[2024-12-07T20:40:06.555+0000] {processor.py:186} INFO - Started process (PID=7293) to work on /opt/airflow/dags/homework_zone_dag.py
[2024-12-07T20:40:06.560+0000] {processor.py:914} INFO - Processing file /opt/airflow/dags/homework_zone_dag.py for tasks to queue
[2024-12-07T20:40:06.568+0000] {logging_mixin.py:190} INFO - [2024-12-07T20:40:06.566+0000] {dagbag.py:588} INFO - Filling up the DagBag from /opt/airflow/dags/homework_zone_dag.py
[2024-12-07T20:40:06.599+0000] {processor.py:925} INFO - DAG(s) 'homework_zone_dag' retrieved from /opt/airflow/dags/homework_zone_dag.py
[2024-12-07T20:40:06.628+0000] {logging_mixin.py:190} INFO - [2024-12-07T20:40:06.628+0000] {dag.py:3239} INFO - Sync 1 DAGs
[2024-12-07T20:40:06.651+0000] {logging_mixin.py:190} INFO - [2024-12-07T20:40:06.651+0000] {dag.py:4180} INFO - Setting next_dagrun for homework_zone_dag to None, run_after=None
[2024-12-07T20:40:06.670+0000] {processor.py:208} INFO - Processing /opt/airflow/dags/homework_zone_dag.py took 0.125 seconds
[2024-12-07T21:30:48.460+0000] {processor.py:186} INFO - Started process (PID=7302) to work on /opt/airflow/dags/homework_zone_dag.py
[2024-12-07T21:30:48.461+0000] {processor.py:914} INFO - Processing file /opt/airflow/dags/homework_zone_dag.py for tasks to queue
[2024-12-07T21:30:48.462+0000] {logging_mixin.py:190} INFO - [2024-12-07T21:30:48.461+0000] {dagbag.py:588} INFO - Filling up the DagBag from /opt/airflow/dags/homework_zone_dag.py
[2024-12-07T21:30:48.475+0000] {processor.py:925} INFO - DAG(s) 'homework_zone_dag' retrieved from /opt/airflow/dags/homework_zone_dag.py
[2024-12-07T21:30:48.497+0000] {logging_mixin.py:190} INFO - [2024-12-07T21:30:48.497+0000] {dag.py:3239} INFO - Sync 1 DAGs
[2024-12-07T21:30:48.515+0000] {logging_mixin.py:190} INFO - [2024-12-07T21:30:48.514+0000] {dag.py:4180} INFO - Setting next_dagrun for homework_zone_dag to None, run_after=None
[2024-12-07T21:30:48.528+0000] {processor.py:208} INFO - Processing /opt/airflow/dags/homework_zone_dag.py took 0.074 seconds
[2024-12-07T21:41:18.726+0000] {processor.py:186} INFO - Started process (PID=7311) to work on /opt/airflow/dags/homework_zone_dag.py
[2024-12-07T21:41:18.727+0000] {processor.py:914} INFO - Processing file /opt/airflow/dags/homework_zone_dag.py for tasks to queue
[2024-12-07T21:41:18.729+0000] {logging_mixin.py:190} INFO - [2024-12-07T21:41:18.729+0000] {dagbag.py:588} INFO - Filling up the DagBag from /opt/airflow/dags/homework_zone_dag.py
[2024-12-07T21:41:18.755+0000] {processor.py:925} INFO - DAG(s) 'homework_zone_dag' retrieved from /opt/airflow/dags/homework_zone_dag.py
[2024-12-07T21:41:18.776+0000] {logging_mixin.py:190} INFO - [2024-12-07T21:41:18.776+0000] {dag.py:3239} INFO - Sync 1 DAGs
[2024-12-07T21:41:18.797+0000] {logging_mixin.py:190} INFO - [2024-12-07T21:41:18.797+0000] {dag.py:4180} INFO - Setting next_dagrun for homework_zone_dag to None, run_after=None
[2024-12-07T21:41:18.811+0000] {processor.py:208} INFO - Processing /opt/airflow/dags/homework_zone_dag.py took 0.092 seconds
[2024-12-07T22:42:01.472+0000] {processor.py:186} INFO - Started process (PID=7320) to work on /opt/airflow/dags/homework_zone_dag.py
[2024-12-07T22:42:01.473+0000] {processor.py:914} INFO - Processing file /opt/airflow/dags/homework_zone_dag.py for tasks to queue
[2024-12-07T22:42:01.474+0000] {logging_mixin.py:190} INFO - [2024-12-07T22:42:01.473+0000] {dagbag.py:588} INFO - Filling up the DagBag from /opt/airflow/dags/homework_zone_dag.py
[2024-12-07T22:42:01.489+0000] {processor.py:925} INFO - DAG(s) 'homework_zone_dag' retrieved from /opt/airflow/dags/homework_zone_dag.py
[2024-12-07T22:42:01.505+0000] {logging_mixin.py:190} INFO - [2024-12-07T22:42:01.504+0000] {dag.py:3239} INFO - Sync 1 DAGs
[2024-12-07T22:42:01.520+0000] {logging_mixin.py:190} INFO - [2024-12-07T22:42:01.520+0000] {dag.py:4180} INFO - Setting next_dagrun for homework_zone_dag to None, run_after=None
[2024-12-07T22:42:01.533+0000] {processor.py:208} INFO - Processing /opt/airflow/dags/homework_zone_dag.py took 0.066 seconds
[2024-12-07T23:14:43.601+0000] {processor.py:186} INFO - Started process (PID=7329) to work on /opt/airflow/dags/homework_zone_dag.py
[2024-12-07T23:14:43.602+0000] {processor.py:914} INFO - Processing file /opt/airflow/dags/homework_zone_dag.py for tasks to queue
[2024-12-07T23:14:43.604+0000] {logging_mixin.py:190} INFO - [2024-12-07T23:14:43.604+0000] {dagbag.py:588} INFO - Filling up the DagBag from /opt/airflow/dags/homework_zone_dag.py
[2024-12-07T23:14:43.623+0000] {processor.py:925} INFO - DAG(s) 'homework_zone_dag' retrieved from /opt/airflow/dags/homework_zone_dag.py
[2024-12-07T23:14:43.644+0000] {logging_mixin.py:190} INFO - [2024-12-07T23:14:43.644+0000] {dag.py:3239} INFO - Sync 1 DAGs
[2024-12-07T23:14:43.658+0000] {logging_mixin.py:190} INFO - [2024-12-07T23:14:43.658+0000] {dag.py:4180} INFO - Setting next_dagrun for homework_zone_dag to None, run_after=None
[2024-12-07T23:14:43.669+0000] {processor.py:208} INFO - Processing /opt/airflow/dags/homework_zone_dag.py took 0.076 seconds
[2024-12-07T23:43:05.786+0000] {processor.py:186} INFO - Started process (PID=7338) to work on /opt/airflow/dags/homework_zone_dag.py
[2024-12-07T23:43:05.786+0000] {processor.py:914} INFO - Processing file /opt/airflow/dags/homework_zone_dag.py for tasks to queue
[2024-12-07T23:43:05.788+0000] {logging_mixin.py:190} INFO - [2024-12-07T23:43:05.787+0000] {dagbag.py:588} INFO - Filling up the DagBag from /opt/airflow/dags/homework_zone_dag.py
[2024-12-07T23:43:05.803+0000] {processor.py:925} INFO - DAG(s) 'homework_zone_dag' retrieved from /opt/airflow/dags/homework_zone_dag.py
[2024-12-07T23:43:05.821+0000] {logging_mixin.py:190} INFO - [2024-12-07T23:43:05.821+0000] {dag.py:3239} INFO - Sync 1 DAGs
[2024-12-07T23:43:05.840+0000] {logging_mixin.py:190} INFO - [2024-12-07T23:43:05.839+0000] {dag.py:4180} INFO - Setting next_dagrun for homework_zone_dag to None, run_after=None
[2024-12-07T23:43:05.852+0000] {processor.py:208} INFO - Processing /opt/airflow/dags/homework_zone_dag.py took 0.075 seconds
