[2024-12-09T23:46:10.332+0000] {local_task_job_runner.py:123} INFO - ::group::Pre task execution logs
[2024-12-09T23:46:10.362+0000] {taskinstance.py:2613} INFO - Dependencies all met for dep_context=non-requeueable deps ti=<TaskInstance: homework_dag_v2.delete_dataset scheduled__2021-01-01T00:00:00+00:00 [queued]>
[2024-12-09T23:46:10.377+0000] {taskinstance.py:2613} INFO - Dependencies all met for dep_context=requeueable deps ti=<TaskInstance: homework_dag_v2.delete_dataset scheduled__2021-01-01T00:00:00+00:00 [queued]>
[2024-12-09T23:46:10.377+0000] {taskinstance.py:2866} INFO - Starting attempt 1 of 1
[2024-12-09T23:46:10.463+0000] {taskinstance.py:2889} INFO - Executing <Task(BashOperator): delete_dataset> on 2021-01-01 00:00:00+00:00
[2024-12-09T23:46:10.497+0000] {warnings.py:112} WARNING - /home/***/.local/lib/python3.12/site-packages/***/task/task_runner/standard_task_runner.py:70: DeprecationWarning: This process (pid=11935) is multi-threaded, use of fork() may lead to deadlocks in the child.
  pid = os.fork()

[2024-12-09T23:46:10.520+0000] {standard_task_runner.py:72} INFO - Started process 11942 to run task
[2024-12-09T23:46:10.591+0000] {standard_task_runner.py:104} INFO - Running: ['***', 'tasks', 'run', 'homework_dag_v2', 'delete_dataset', 'scheduled__2021-01-01T00:00:00+00:00', '--job-id', '189', '--raw', '--subdir', 'DAGS_FOLDER/homework_dag_v2.py', '--cfg-path', '/tmp/tmpzihggkf6']
[2024-12-09T23:46:10.609+0000] {standard_task_runner.py:105} INFO - Job 189: Subtask delete_dataset
[2024-12-09T23:46:10.755+0000] {task_command.py:467} INFO - Running <TaskInstance: homework_dag_v2.delete_dataset scheduled__2021-01-01T00:00:00+00:00 [running]> on host 39ecaeffba2c
[2024-12-09T23:46:10.879+0000] {taskinstance.py:3132} INFO - Exporting env vars: AIRFLOW_CTX_DAG_OWNER='***' AIRFLOW_CTX_DAG_ID='homework_dag_v2' AIRFLOW_CTX_TASK_ID='delete_dataset' AIRFLOW_CTX_EXECUTION_DATE='2021-01-01T00:00:00+00:00' AIRFLOW_CTX_TRY_NUMBER='1' AIRFLOW_CTX_DAG_RUN_ID='scheduled__2021-01-01T00:00:00+00:00'
[2024-12-09T23:46:10.883+0000] {taskinstance.py:731} INFO - ::endgroup::
[2024-12-09T23:46:10.902+0000] {subprocess.py:78} INFO - Tmp dir root location: /tmp
[2024-12-09T23:46:10.903+0000] {subprocess.py:88} INFO - Running command: ['/usr/bin/bash', '-c', 'rm /opt/***/green_tripdata_2021-01.parquet']
[2024-12-09T23:46:10.922+0000] {subprocess.py:99} INFO - Output:
[2024-12-09T23:46:10.927+0000] {subprocess.py:110} INFO - Command exited with return code 0
[2024-12-09T23:46:10.961+0000] {taskinstance.py:340} INFO - ::group::Post task execution logs
[2024-12-09T23:46:10.961+0000] {taskinstance.py:352} INFO - Marking task as SUCCESS. dag_id=homework_dag_v2, task_id=delete_dataset, run_id=scheduled__2021-01-01T00:00:00+00:00, execution_date=20210101T000000, start_date=20241209T234610, end_date=20241209T234610
[2024-12-09T23:46:11.008+0000] {local_task_job_runner.py:266} INFO - Task exited with return code 0
[2024-12-09T23:46:11.035+0000] {taskinstance.py:3895} INFO - 0 downstream tasks scheduled from follow-on schedule check
[2024-12-09T23:46:11.041+0000] {local_task_job_runner.py:245} INFO - ::endgroup::
