[2024-12-09T23:46:00.107+0000] {local_task_job_runner.py:123} INFO - ::group::Pre task execution logs
[2024-12-09T23:46:00.181+0000] {taskinstance.py:2613} INFO - Dependencies all met for dep_context=non-requeueable deps ti=<TaskInstance: homework_dag_v2.download_dataset scheduled__2021-07-01T00:00:00+00:00 [queued]>
[2024-12-09T23:46:00.200+0000] {taskinstance.py:2613} INFO - Dependencies all met for dep_context=requeueable deps ti=<TaskInstance: homework_dag_v2.download_dataset scheduled__2021-07-01T00:00:00+00:00 [queued]>
[2024-12-09T23:46:00.205+0000] {taskinstance.py:2866} INFO - Starting attempt 2 of 2
[2024-12-09T23:46:00.269+0000] {taskinstance.py:2889} INFO - Executing <Task(BashOperator): download_dataset> on 2021-07-01 00:00:00+00:00
[2024-12-09T23:46:00.320+0000] {warnings.py:112} WARNING - /home/***/.local/lib/python3.12/site-packages/***/task/task_runner/standard_task_runner.py:70: DeprecationWarning: This process (pid=11849) is multi-threaded, use of fork() may lead to deadlocks in the child.
  pid = os.fork()

[2024-12-09T23:46:00.328+0000] {standard_task_runner.py:72} INFO - Started process 11859 to run task
[2024-12-09T23:46:00.328+0000] {standard_task_runner.py:104} INFO - Running: ['***', 'tasks', 'run', 'homework_dag_v2', 'download_dataset', 'scheduled__2021-07-01T00:00:00+00:00', '--job-id', '166', '--raw', '--subdir', 'DAGS_FOLDER/homework_dag_v2.py', '--cfg-path', '/tmp/tmpu_9ts4cq']
[2024-12-09T23:46:00.348+0000] {standard_task_runner.py:105} INFO - Job 166: Subtask download_dataset
[2024-12-09T23:46:00.681+0000] {task_command.py:467} INFO - Running <TaskInstance: homework_dag_v2.download_dataset scheduled__2021-07-01T00:00:00+00:00 [running]> on host 39ecaeffba2c
[2024-12-09T23:46:00.864+0000] {taskinstance.py:3132} INFO - Exporting env vars: AIRFLOW_CTX_DAG_OWNER='***' AIRFLOW_CTX_DAG_ID='homework_dag_v2' AIRFLOW_CTX_TASK_ID='download_dataset' AIRFLOW_CTX_EXECUTION_DATE='2021-07-01T00:00:00+00:00' AIRFLOW_CTX_TRY_NUMBER='2' AIRFLOW_CTX_DAG_RUN_ID='scheduled__2021-07-01T00:00:00+00:00'
[2024-12-09T23:46:00.869+0000] {taskinstance.py:731} INFO - ::endgroup::
[2024-12-09T23:46:00.903+0000] {subprocess.py:78} INFO - Tmp dir root location: /tmp
[2024-12-09T23:46:00.906+0000] {subprocess.py:88} INFO - Running command: ['/usr/bin/bash', '-c', 'wget https://d37ci6vzurychx.cloudfront.net/trip-data/green_tripdata_2021-07.parquet -O /opt/***/green_tripdata_2021-07.parquet']
[2024-12-09T23:46:00.917+0000] {subprocess.py:99} INFO - Output:
[2024-12-09T23:46:00.947+0000] {subprocess.py:106} INFO - --2024-12-09 23:46:00--  https://d37ci6vzurychx.cloudfront.net/trip-data/green_tripdata_2021-07.parquet
[2024-12-09T23:46:01.044+0000] {subprocess.py:106} INFO - Resolving d37ci6vzurychx.cloudfront.net (d37ci6vzurychx.cloudfront.net)... 52.85.39.117, 52.85.39.97, 52.85.39.153, ...
[2024-12-09T23:46:01.068+0000] {subprocess.py:106} INFO - Connecting to d37ci6vzurychx.cloudfront.net (d37ci6vzurychx.cloudfront.net)|52.85.39.117|:443... connected.
[2024-12-09T23:46:01.453+0000] {subprocess.py:106} INFO - HTTP request sent, awaiting response... 200 OK
[2024-12-09T23:46:01.453+0000] {subprocess.py:106} INFO - Length: 1618130 (1.5M) [binary/octet-stream]
[2024-12-09T23:46:01.454+0000] {subprocess.py:106} INFO - Saving to: ‘/opt/***/green_tripdata_2021-07.parquet’
[2024-12-09T23:46:01.454+0000] {subprocess.py:106} INFO - 
[2024-12-09T23:46:01.574+0000] {subprocess.py:106} INFO -      0K .......... .......... .......... .......... ..........  3%  798K 2s
[2024-12-09T23:46:01.579+0000] {subprocess.py:106} INFO -     50K .......... .......... .......... .......... ..........  6%  794K 2s
[2024-12-09T23:46:01.634+0000] {subprocess.py:106} INFO -    100K .......... .......... .......... .......... ..........  9%  908K 2s
[2024-12-09T23:46:01.639+0000] {subprocess.py:106} INFO -    150K .......... .......... .......... .......... .......... 12% 8.89M 1s
[2024-12-09T23:46:01.648+0000] {subprocess.py:106} INFO -    200K .......... .......... .......... .......... .......... 15% 5.83M 1s
[2024-12-09T23:46:01.651+0000] {subprocess.py:106} INFO -    250K .......... .......... .......... .......... .......... 18% 16.3M 1s
[2024-12-09T23:46:01.696+0000] {subprocess.py:106} INFO -    300K .......... .......... .......... .......... .......... 22% 1.08M 1s
[2024-12-09T23:46:01.698+0000] {subprocess.py:106} INFO -    350K .......... .......... .......... .......... .......... 25% 25.9M 1s
[2024-12-09T23:46:01.700+0000] {subprocess.py:106} INFO -    400K .......... .......... .......... .......... .......... 28% 30.5M 1s
[2024-12-09T23:46:01.702+0000] {subprocess.py:106} INFO -    450K .......... .......... .......... .......... .......... 31% 24.9M 1s
[2024-12-09T23:46:01.705+0000] {subprocess.py:106} INFO -    500K .......... .......... .......... .......... .......... 34% 13.0M 0s
[2024-12-09T23:46:01.709+0000] {subprocess.py:106} INFO -    550K .......... .......... .......... .......... .......... 37% 12.8M 0s
[2024-12-09T23:46:01.754+0000] {subprocess.py:106} INFO -    600K .......... .......... .......... .......... .......... 41% 1.08M 0s
[2024-12-09T23:46:01.755+0000] {subprocess.py:106} INFO -    650K .......... .......... .......... .......... .......... 44% 97.2M 0s
[2024-12-09T23:46:01.756+0000] {subprocess.py:106} INFO -    700K .......... .......... .......... .......... .......... 47% 57.6M 0s
[2024-12-09T23:46:01.757+0000] {subprocess.py:106} INFO -    750K .......... .......... .......... .......... .......... 50% 53.8M 0s
[2024-12-09T23:46:01.758+0000] {subprocess.py:106} INFO -    800K .......... .......... .......... .......... .......... 53% 47.1M 0s
[2024-12-09T23:46:01.762+0000] {subprocess.py:106} INFO -    850K .......... .......... .......... .......... .......... 56% 10.3M 0s
[2024-12-09T23:46:01.763+0000] {subprocess.py:106} INFO -    900K .......... .......... .......... .......... .......... 60% 51.9M 0s
[2024-12-09T23:46:01.764+0000] {subprocess.py:106} INFO -    950K .......... .......... .......... .......... .......... 63% 83.0M 0s
[2024-12-09T23:46:01.764+0000] {subprocess.py:106} INFO -   1000K .......... .......... .......... .......... .......... 66% 78.4M 0s
[2024-12-09T23:46:01.765+0000] {subprocess.py:106} INFO -   1050K .......... .......... .......... .......... .......... 69% 53.1M 0s
[2024-12-09T23:46:01.770+0000] {subprocess.py:106} INFO -   1100K .......... .......... .......... .......... .......... 72% 9.79M 0s
[2024-12-09T23:46:01.771+0000] {subprocess.py:106} INFO -   1150K .......... .......... .......... .......... .......... 75% 83.9M 0s
[2024-12-09T23:46:01.772+0000] {subprocess.py:106} INFO -   1200K .......... .......... .......... .......... .......... 79% 64.8M 0s
[2024-12-09T23:46:01.809+0000] {subprocess.py:106} INFO -   1250K .......... .......... .......... .......... .......... 82% 1.33M 0s
[2024-12-09T23:46:01.815+0000] {subprocess.py:106} INFO -   1300K .......... .......... .......... .......... .......... 85% 7.50M 0s
[2024-12-09T23:46:01.816+0000] {subprocess.py:106} INFO -   1350K .......... .......... .......... .......... .......... 88% 72.2M 0s
[2024-12-09T23:46:01.816+0000] {subprocess.py:106} INFO -   1400K .......... .......... .......... .......... .......... 91% 57.6M 0s
[2024-12-09T23:46:01.817+0000] {subprocess.py:106} INFO -   1450K .......... .......... .......... .......... .......... 94% 76.3M 0s
[2024-12-09T23:46:01.818+0000] {subprocess.py:106} INFO -   1500K .......... .......... .......... .......... .......... 98%  103M 0s
[2024-12-09T23:46:01.818+0000] {subprocess.py:106} INFO -   1550K .......... .......... ..........                      100%  122M=0.4s
[2024-12-09T23:46:01.818+0000] {subprocess.py:106} INFO - 
[2024-12-09T23:46:01.818+0000] {subprocess.py:106} INFO - 2024-12-09 23:46:01 (4.23 MB/s) - ‘/opt/***/green_tripdata_2021-07.parquet’ saved [1618130/1618130]
[2024-12-09T23:46:01.818+0000] {subprocess.py:106} INFO - 
[2024-12-09T23:46:01.819+0000] {subprocess.py:110} INFO - Command exited with return code 0
[2024-12-09T23:46:01.834+0000] {taskinstance.py:340} INFO - ::group::Post task execution logs
[2024-12-09T23:46:01.834+0000] {taskinstance.py:352} INFO - Marking task as SUCCESS. dag_id=homework_dag_v2, task_id=download_dataset, run_id=scheduled__2021-07-01T00:00:00+00:00, execution_date=20210701T000000, start_date=20241209T234600, end_date=20241209T234601
[2024-12-09T23:46:01.877+0000] {local_task_job_runner.py:266} INFO - Task exited with return code 0
[2024-12-09T23:46:01.895+0000] {taskinstance.py:3895} INFO - 1 downstream tasks scheduled from follow-on schedule check
[2024-12-09T23:46:01.896+0000] {local_task_job_runner.py:245} INFO - ::endgroup::
