[2024-12-06T17:52:52.700+0000] {local_task_job_runner.py:123} INFO - ::group::Pre task execution logs
[2024-12-06T17:52:52.708+0000] {taskinstance.py:2613} INFO - Dependencies all met for dep_context=non-requeueable deps ti=<TaskInstance: LocalIngestionDag_v02.ingest scheduled__2024-09-02T06:00:00+00:00 [queued]>
[2024-12-06T17:52:52.713+0000] {taskinstance.py:2613} INFO - Dependencies all met for dep_context=requeueable deps ti=<TaskInstance: LocalIngestionDag_v02.ingest scheduled__2024-09-02T06:00:00+00:00 [queued]>
[2024-12-06T17:52:52.713+0000] {taskinstance.py:2866} INFO - Starting attempt 1 of 1
[2024-12-06T17:52:52.719+0000] {taskinstance.py:2889} INFO - Executing <Task(PythonOperator): ingest> on 2024-09-02 06:00:00+00:00
[2024-12-06T17:52:52.723+0000] {warnings.py:112} WARNING - /home/***/.local/lib/python3.12/site-packages/***/task/task_runner/standard_task_runner.py:70: DeprecationWarning: This process (pid=2488) is multi-threaded, use of fork() may lead to deadlocks in the child.
  pid = os.fork()

[2024-12-06T17:52:52.724+0000] {standard_task_runner.py:72} INFO - Started process 2491 to run task
[2024-12-06T17:52:52.724+0000] {standard_task_runner.py:104} INFO - Running: ['***', 'tasks', 'run', 'LocalIngestionDag_v02', 'ingest', 'scheduled__2024-09-02T06:00:00+00:00', '--job-id', '69', '--raw', '--subdir', 'DAGS_FOLDER/data_ingestion_local.py', '--cfg-path', '/tmp/tmpdi6n0avb']
[2024-12-06T17:52:52.726+0000] {standard_task_runner.py:105} INFO - Job 69: Subtask ingest
[2024-12-06T17:52:52.752+0000] {task_command.py:467} INFO - Running <TaskInstance: LocalIngestionDag_v02.ingest scheduled__2024-09-02T06:00:00+00:00 [running]> on host 39ecaeffba2c
[2024-12-06T17:52:52.943+0000] {taskinstance.py:3132} INFO - Exporting env vars: AIRFLOW_CTX_DAG_OWNER='***' AIRFLOW_CTX_DAG_ID='LocalIngestionDag_v02' AIRFLOW_CTX_TASK_ID='ingest' AIRFLOW_CTX_EXECUTION_DATE='2024-09-02T06:00:00+00:00' AIRFLOW_CTX_TRY_NUMBER='1' AIRFLOW_CTX_DAG_RUN_ID='scheduled__2024-09-02T06:00:00+00:00'
[2024-12-06T17:52:52.943+0000] {taskinstance.py:731} INFO - ::endgroup::
[2024-12-06T17:52:52.950+0000] {logging_mixin.py:190} INFO - root root pgdatabase 5432 ny_taxi yellow_taxi_2024_09 /opt/***/output_2024-09.parquet
[2024-12-06T17:52:52.956+0000] {logging_mixin.py:190} INFO - connection established, inserting data...
[2024-12-06T17:52:53.217+0000] {logging_mixin.py:190} INFO - inserted, took 0.261 second
[2024-12-06T17:52:53.231+0000] {python.py:240} INFO - Done. Returned value was: None
[2024-12-06T17:52:53.237+0000] {taskinstance.py:340} INFO - ::group::Post task execution logs
[2024-12-06T17:52:53.237+0000] {taskinstance.py:352} INFO - Marking task as SUCCESS. dag_id=LocalIngestionDag_v02, task_id=ingest, run_id=scheduled__2024-09-02T06:00:00+00:00, execution_date=20240902T060000, start_date=20241206T175252, end_date=20241206T175253
[2024-12-06T17:52:53.298+0000] {local_task_job_runner.py:266} INFO - Task exited with return code 0
[2024-12-06T17:52:53.307+0000] {taskinstance.py:3895} INFO - 0 downstream tasks scheduled from follow-on schedule check
[2024-12-06T17:52:53.308+0000] {local_task_job_runner.py:245} INFO - ::endgroup::
