[2024-12-06T21:29:51.736+0000] {local_task_job_runner.py:123} INFO - ::group::Pre task execution logs
[2024-12-06T21:29:51.746+0000] {taskinstance.py:2613} INFO - Dependencies all met for dep_context=non-requeueable deps ti=<TaskInstance: homework_zone_dag.download_dataset manual__2024-12-06T21:29:49.738876+00:00 [queued]>
[2024-12-06T21:29:51.751+0000] {taskinstance.py:2613} INFO - Dependencies all met for dep_context=requeueable deps ti=<TaskInstance: homework_zone_dag.download_dataset manual__2024-12-06T21:29:49.738876+00:00 [queued]>
[2024-12-06T21:29:51.752+0000] {taskinstance.py:2866} INFO - Starting attempt 1 of 1
[2024-12-06T21:29:51.759+0000] {taskinstance.py:2889} INFO - Executing <Task(BashOperator): download_dataset> on 2024-12-06 21:29:49.738876+00:00
[2024-12-06T21:29:51.768+0000] {warnings.py:112} WARNING - /home/***/.local/lib/python3.12/site-packages/***/task/task_runner/standard_task_runner.py:70: DeprecationWarning: This process (pid=5269) is multi-threaded, use of fork() may lead to deadlocks in the child.
  pid = os.fork()

[2024-12-06T21:29:51.767+0000] {standard_task_runner.py:104} INFO - Running: ['***', 'tasks', 'run', 'homework_zone_dag', 'download_dataset', 'manual__2024-12-06T21:29:49.738876+00:00', '--job-id', '148', '--raw', '--subdir', 'DAGS_FOLDER/homework_zone_dag.py', '--cfg-path', '/tmp/tmpapoxx6tg']
[2024-12-06T21:29:51.771+0000] {standard_task_runner.py:105} INFO - Job 148: Subtask download_dataset
[2024-12-06T21:29:51.771+0000] {standard_task_runner.py:72} INFO - Started process 5270 to run task
[2024-12-06T21:29:51.832+0000] {task_command.py:467} INFO - Running <TaskInstance: homework_zone_dag.download_dataset manual__2024-12-06T21:29:49.738876+00:00 [running]> on host 39ecaeffba2c
[2024-12-06T21:29:51.895+0000] {taskinstance.py:3132} INFO - Exporting env vars: AIRFLOW_CTX_DAG_OWNER='***' AIRFLOW_CTX_DAG_ID='homework_zone_dag' AIRFLOW_CTX_TASK_ID='download_dataset' AIRFLOW_CTX_EXECUTION_DATE='2024-12-06T21:29:49.738876+00:00' AIRFLOW_CTX_TRY_NUMBER='1' AIRFLOW_CTX_DAG_RUN_ID='manual__2024-12-06T21:29:49.738876+00:00'
[2024-12-06T21:29:51.896+0000] {taskinstance.py:731} INFO - ::endgroup::
[2024-12-06T21:29:51.909+0000] {subprocess.py:78} INFO - Tmp dir root location: /tmp
[2024-12-06T21:29:51.913+0000] {subprocess.py:88} INFO - Running command: ['/usr/bin/bash', '-c', 'wget https://d37ci6vzurychx.cloudfront.net/misc/taxi_zone_lookup.csv -O /opt/***/zones.csv']
[2024-12-06T21:29:51.929+0000] {subprocess.py:99} INFO - Output:
[2024-12-06T21:29:51.983+0000] {subprocess.py:106} INFO - --2024-12-06 21:29:51--  https://d37ci6vzurychx.cloudfront.net/misc/taxi_zone_lookup.csv
[2024-12-06T21:29:52.050+0000] {subprocess.py:106} INFO - Resolving d37ci6vzurychx.cloudfront.net (d37ci6vzurychx.cloudfront.net)... 18.173.251.156, 18.173.251.37, 18.173.251.90, ...
[2024-12-06T21:29:52.094+0000] {subprocess.py:106} INFO - Connecting to d37ci6vzurychx.cloudfront.net (d37ci6vzurychx.cloudfront.net)|18.173.251.156|:443... connected.
[2024-12-06T21:29:52.269+0000] {subprocess.py:106} INFO - HTTP request sent, awaiting response... 200 OK
[2024-12-06T21:29:52.270+0000] {subprocess.py:106} INFO - Length: 12331 (12K) [text/csv]
[2024-12-06T21:29:52.271+0000] {subprocess.py:106} INFO - Saving to: ‘/opt/***/zones.csv’
[2024-12-06T21:29:52.271+0000] {subprocess.py:106} INFO - 
[2024-12-06T21:29:52.272+0000] {subprocess.py:106} INFO -      0K .......... ..                                         100% 51.5M=0s
[2024-12-06T21:29:52.272+0000] {subprocess.py:106} INFO - 
[2024-12-06T21:29:52.272+0000] {subprocess.py:106} INFO - 2024-12-06 21:29:52 (51.5 MB/s) - ‘/opt/***/zones.csv’ saved [12331/12331]
[2024-12-06T21:29:52.272+0000] {subprocess.py:106} INFO - 
[2024-12-06T21:29:52.273+0000] {subprocess.py:110} INFO - Command exited with return code 0
[2024-12-06T21:29:52.309+0000] {taskinstance.py:340} INFO - ::group::Post task execution logs
[2024-12-06T21:29:52.310+0000] {taskinstance.py:352} INFO - Marking task as SUCCESS. dag_id=homework_zone_dag, task_id=download_dataset, run_id=manual__2024-12-06T21:29:49.738876+00:00, execution_date=20241206T212949, start_date=20241206T212951, end_date=20241206T212952
[2024-12-06T21:29:52.349+0000] {local_task_job_runner.py:266} INFO - Task exited with return code 0
[2024-12-06T21:29:52.376+0000] {taskinstance.py:3895} INFO - 1 downstream tasks scheduled from follow-on schedule check
[2024-12-06T21:29:52.377+0000] {local_task_job_runner.py:245} INFO - ::endgroup::
