[2024-12-09T23:58:09.447+0000] {local_task_job_runner.py:123} INFO - ::group::Pre task execution logs
[2024-12-09T23:58:09.474+0000] {taskinstance.py:2613} INFO - Dependencies all met for dep_context=non-requeueable deps ti=<TaskInstance: homework_dag_v2.download_dataset scheduled__2022-04-01T00:00:00+00:00 [queued]>
[2024-12-09T23:58:09.489+0000] {taskinstance.py:2613} INFO - Dependencies all met for dep_context=requeueable deps ti=<TaskInstance: homework_dag_v2.download_dataset scheduled__2022-04-01T00:00:00+00:00 [queued]>
[2024-12-09T23:58:09.492+0000] {taskinstance.py:2866} INFO - Starting attempt 2 of 2
[2024-12-09T23:58:09.528+0000] {taskinstance.py:2889} INFO - Executing <Task(BashOperator): download_dataset> on 2022-04-01 00:00:00+00:00
[2024-12-09T23:58:09.537+0000] {warnings.py:112} WARNING - /home/***/.local/lib/python3.12/site-packages/***/task/task_runner/standard_task_runner.py:70: DeprecationWarning: This process (pid=12272) is multi-threaded, use of fork() may lead to deadlocks in the child.
  pid = os.fork()

[2024-12-09T23:58:09.545+0000] {standard_task_runner.py:72} INFO - Started process 12295 to run task
[2024-12-09T23:58:09.541+0000] {standard_task_runner.py:104} INFO - Running: ['***', 'tasks', 'run', 'homework_dag_v2', 'download_dataset', 'scheduled__2022-04-01T00:00:00+00:00', '--job-id', '242', '--raw', '--subdir', 'DAGS_FOLDER/homework_dag_v2.py', '--cfg-path', '/tmp/tmp_zkhjytp']
[2024-12-09T23:58:09.562+0000] {standard_task_runner.py:105} INFO - Job 242: Subtask download_dataset
[2024-12-09T23:58:09.689+0000] {task_command.py:467} INFO - Running <TaskInstance: homework_dag_v2.download_dataset scheduled__2022-04-01T00:00:00+00:00 [running]> on host 39ecaeffba2c
[2024-12-09T23:58:09.766+0000] {taskinstance.py:3132} INFO - Exporting env vars: AIRFLOW_CTX_DAG_OWNER='***' AIRFLOW_CTX_DAG_ID='homework_dag_v2' AIRFLOW_CTX_TASK_ID='download_dataset' AIRFLOW_CTX_EXECUTION_DATE='2022-04-01T00:00:00+00:00' AIRFLOW_CTX_TRY_NUMBER='2' AIRFLOW_CTX_DAG_RUN_ID='scheduled__2022-04-01T00:00:00+00:00'
[2024-12-09T23:58:09.768+0000] {taskinstance.py:731} INFO - ::endgroup::
[2024-12-09T23:58:09.789+0000] {subprocess.py:78} INFO - Tmp dir root location: /tmp
[2024-12-09T23:58:09.791+0000] {subprocess.py:88} INFO - Running command: ['/usr/bin/bash', '-c', 'wget https://d37ci6vzurychx.cloudfront.net/trip-data/green_tripdata_2022-04.parquet -O /opt/***/green_tripdata_2022-04.parquet']
[2024-12-09T23:58:09.803+0000] {subprocess.py:99} INFO - Output:
[2024-12-09T23:58:09.806+0000] {subprocess.py:106} INFO - --2024-12-09 23:58:09--  https://d37ci6vzurychx.cloudfront.net/trip-data/green_tripdata_2022-04.parquet
[2024-12-09T23:58:09.840+0000] {subprocess.py:106} INFO - Resolving d37ci6vzurychx.cloudfront.net (d37ci6vzurychx.cloudfront.net)... 52.85.39.117, 52.85.39.153, 52.85.39.65, ...
[2024-12-09T23:58:09.870+0000] {subprocess.py:106} INFO - Connecting to d37ci6vzurychx.cloudfront.net (d37ci6vzurychx.cloudfront.net)|52.85.39.117|:443... connected.
[2024-12-09T23:58:10.306+0000] {subprocess.py:106} INFO - HTTP request sent, awaiting response... 200 OK
[2024-12-09T23:58:10.307+0000] {subprocess.py:106} INFO - Length: 1570363 (1.5M) [binary/octet-stream]
[2024-12-09T23:58:10.307+0000] {subprocess.py:106} INFO - Saving to: ‘/opt/***/green_tripdata_2022-04.parquet’
[2024-12-09T23:58:10.308+0000] {subprocess.py:106} INFO - 
[2024-12-09T23:58:10.427+0000] {subprocess.py:106} INFO -      0K .......... .......... .......... .......... ..........  3%  750K 2s
[2024-12-09T23:58:10.439+0000] {subprocess.py:106} INFO -     50K .......... .......... .......... .......... ..........  6%  758K 2s
[2024-12-09T23:58:10.486+0000] {subprocess.py:106} INFO -    100K .......... .......... .......... .......... ..........  9% 1.03M 2s
[2024-12-09T23:58:10.494+0000] {subprocess.py:106} INFO -    150K .......... .......... .......... .......... .......... 13% 6.27M 1s
[2024-12-09T23:58:10.500+0000] {subprocess.py:106} INFO -    200K .......... .......... .......... .......... .......... 16% 7.96M 1s
[2024-12-09T23:58:10.546+0000] {subprocess.py:106} INFO -    250K .......... .......... .......... .......... .......... 19% 1.31M 1s
[2024-12-09T23:58:10.600+0000] {subprocess.py:106} INFO -    300K .......... .......... .......... .......... .......... 22%  798K 1s
[2024-12-09T23:58:10.624+0000] {subprocess.py:106} INFO -    350K .......... .......... .......... .......... .......... 26% 2.12M 1s
[2024-12-09T23:58:10.650+0000] {subprocess.py:106} INFO -    400K .......... .......... .......... .......... .......... 29% 1.97M 1s
[2024-12-09T23:58:10.654+0000] {subprocess.py:106} INFO -    450K .......... .......... .......... .......... .......... 32% 7.62M 1s
[2024-12-09T23:58:10.659+0000] {subprocess.py:106} INFO -    500K .......... .......... .......... .......... .......... 35% 10.8M 1s
[2024-12-09T23:58:10.664+0000] {subprocess.py:106} INFO -    550K .......... .......... .......... .......... .......... 39% 13.0M 1s
[2024-12-09T23:58:10.670+0000] {subprocess.py:106} INFO -    600K .......... .......... .......... .......... .......... 42% 6.93M 0s
[2024-12-09T23:58:10.674+0000] {subprocess.py:106} INFO -    650K .......... .......... .......... .......... .......... 45% 11.5M 0s
[2024-12-09T23:58:10.677+0000] {subprocess.py:106} INFO -    700K .......... .......... .......... .......... .......... 48% 20.2M 0s
[2024-12-09T23:58:10.679+0000] {subprocess.py:106} INFO -    750K .......... .......... .......... .......... .......... 52% 15.5M 0s
[2024-12-09T23:58:10.684+0000] {subprocess.py:106} INFO -    800K .......... .......... .......... .......... .......... 55% 15.6M 0s
[2024-12-09T23:58:10.688+0000] {subprocess.py:106} INFO -    850K .......... .......... .......... .......... .......... 58% 10.8M 0s
[2024-12-09T23:58:10.689+0000] {subprocess.py:106} INFO -    900K .......... .......... .......... .......... .......... 61% 21.3M 0s
[2024-12-09T23:58:10.693+0000] {subprocess.py:106} INFO -    950K .......... .......... .......... .......... .......... 65% 12.1M 0s
[2024-12-09T23:58:10.696+0000] {subprocess.py:106} INFO -   1000K .......... .......... .......... .......... .......... 68% 22.8M 0s
[2024-12-09T23:58:10.699+0000] {subprocess.py:106} INFO -   1050K .......... .......... .......... .......... .......... 71% 13.3M 0s
[2024-12-09T23:58:10.702+0000] {subprocess.py:106} INFO -   1100K .......... .......... .......... .......... .......... 74% 18.3M 0s
[2024-12-09T23:58:10.705+0000] {subprocess.py:106} INFO -   1150K .......... .......... .......... .......... .......... 78% 15.5M 0s
[2024-12-09T23:58:10.709+0000] {subprocess.py:106} INFO -   1200K .......... .......... .......... .......... .......... 81% 14.2M 0s
[2024-12-09T23:58:10.713+0000] {subprocess.py:106} INFO -   1250K .......... .......... .......... .......... .......... 84% 11.9M 0s
[2024-12-09T23:58:10.717+0000] {subprocess.py:106} INFO -   1300K .......... .......... .......... .......... .......... 88% 12.5M 0s
[2024-12-09T23:58:10.721+0000] {subprocess.py:106} INFO -   1350K .......... .......... .......... .......... .......... 91% 10.9M 0s
[2024-12-09T23:58:10.725+0000] {subprocess.py:106} INFO -   1400K .......... .......... .......... .......... .......... 94% 17.1M 0s
[2024-12-09T23:58:10.728+0000] {subprocess.py:106} INFO -   1450K .......... .......... .......... .......... .......... 97% 12.0M 0s
[2024-12-09T23:58:10.730+0000] {subprocess.py:106} INFO -   1500K .......... .......... .......... ...                  100% 17.8M=0.4s
[2024-12-09T23:58:10.730+0000] {subprocess.py:106} INFO - 
[2024-12-09T23:58:10.731+0000] {subprocess.py:106} INFO - 2024-12-09 23:58:10 (3.53 MB/s) - ‘/opt/***/green_tripdata_2022-04.parquet’ saved [1570363/1570363]
[2024-12-09T23:58:10.732+0000] {subprocess.py:106} INFO - 
[2024-12-09T23:58:10.736+0000] {subprocess.py:110} INFO - Command exited with return code 0
[2024-12-09T23:58:10.762+0000] {taskinstance.py:340} INFO - ::group::Post task execution logs
[2024-12-09T23:58:10.763+0000] {taskinstance.py:352} INFO - Marking task as SUCCESS. dag_id=homework_dag_v2, task_id=download_dataset, run_id=scheduled__2022-04-01T00:00:00+00:00, execution_date=20220401T000000, start_date=20241209T235809, end_date=20241209T235810
[2024-12-09T23:58:10.814+0000] {local_task_job_runner.py:266} INFO - Task exited with return code 0
[2024-12-09T23:58:10.846+0000] {taskinstance.py:3895} INFO - 1 downstream tasks scheduled from follow-on schedule check
[2024-12-09T23:58:10.848+0000] {local_task_job_runner.py:245} INFO - ::endgroup::
