[2024-11-17T00:05:48.532+0000] {processor.py:186} INFO - Started process (PID=5685) to work on /opt/airflow/dags/fds.py
[2024-11-17T00:05:48.533+0000] {processor.py:914} INFO - Processing file /opt/airflow/dags/fds.py for tasks to queue
[2024-11-17T00:05:48.535+0000] {logging_mixin.py:190} INFO - [2024-11-17T00:05:48.535+0000] {dagbag.py:588} INFO - Filling up the DagBag from /opt/airflow/dags/fds.py
[2024-11-17T00:05:48.552+0000] {processor.py:925} INFO - DAG(s) 'data_ingestion_gcs_dag' retrieved from /opt/airflow/dags/fds.py
[2024-11-17T00:05:48.616+0000] {logging_mixin.py:190} INFO - [2024-11-17T00:05:48.616+0000] {dag.py:3239} INFO - Sync 1 DAGs
[2024-11-17T00:05:48.626+0000] {logging_mixin.py:190} INFO - [2024-11-17T00:05:48.626+0000] {dag.py:4180} INFO - Setting next_dagrun for data_ingestion_gcs_dag to 2024-11-16 00:00:00+00:00, run_after=2024-11-17 00:00:00+00:00
[2024-11-17T00:05:48.636+0000] {processor.py:208} INFO - Processing /opt/airflow/dags/fds.py took 0.108 seconds
[2024-11-17T00:34:19.804+0000] {processor.py:186} INFO - Started process (PID=5691) to work on /opt/airflow/dags/fds.py
[2024-11-17T00:34:19.805+0000] {processor.py:914} INFO - Processing file /opt/airflow/dags/fds.py for tasks to queue
[2024-11-17T00:34:19.808+0000] {logging_mixin.py:190} INFO - [2024-11-17T00:34:19.808+0000] {dagbag.py:588} INFO - Filling up the DagBag from /opt/airflow/dags/fds.py
[2024-11-17T00:34:19.836+0000] {processor.py:925} INFO - DAG(s) 'data_ingestion_gcs_dag' retrieved from /opt/airflow/dags/fds.py
[2024-11-17T00:34:19.855+0000] {logging_mixin.py:190} INFO - [2024-11-17T00:34:19.855+0000] {dag.py:3239} INFO - Sync 1 DAGs
[2024-11-17T00:34:19.877+0000] {processor.py:208} INFO - Processing /opt/airflow/dags/fds.py took 0.079 seconds
[2024-11-17T00:34:50.413+0000] {processor.py:186} INFO - Started process (PID=5698) to work on /opt/airflow/dags/fds.py
[2024-11-17T00:34:50.416+0000] {processor.py:914} INFO - Processing file /opt/airflow/dags/fds.py for tasks to queue
[2024-11-17T00:34:50.433+0000] {logging_mixin.py:190} INFO - [2024-11-17T00:34:50.425+0000] {dagbag.py:588} INFO - Filling up the DagBag from /opt/airflow/dags/fds.py
[2024-11-17T00:34:50.550+0000] {processor.py:925} INFO - DAG(s) 'data_ingestion_gcs_dag' retrieved from /opt/airflow/dags/fds.py
[2024-11-17T00:34:50.587+0000] {logging_mixin.py:190} INFO - [2024-11-17T00:34:50.587+0000] {dag.py:3239} INFO - Sync 1 DAGs
[2024-11-17T00:34:50.619+0000] {logging_mixin.py:190} INFO - [2024-11-17T00:34:50.619+0000] {dag.py:4180} INFO - Setting next_dagrun for data_ingestion_gcs_dag to 2024-11-17 00:00:00+00:00, run_after=2024-11-18 00:00:00+00:00
[2024-11-17T00:34:50.634+0000] {processor.py:208} INFO - Processing /opt/airflow/dags/fds.py took 0.261 seconds
[2024-11-17T01:45:15.441+0000] {processor.py:186} INFO - Started process (PID=5705) to work on /opt/airflow/dags/fds.py
[2024-11-17T01:45:15.442+0000] {processor.py:914} INFO - Processing file /opt/airflow/dags/fds.py for tasks to queue
[2024-11-17T01:45:15.445+0000] {logging_mixin.py:190} INFO - [2024-11-17T01:45:15.444+0000] {dagbag.py:588} INFO - Filling up the DagBag from /opt/airflow/dags/fds.py
[2024-11-17T01:45:15.462+0000] {processor.py:925} INFO - DAG(s) 'data_ingestion_gcs_dag' retrieved from /opt/airflow/dags/fds.py
[2024-11-17T01:45:15.476+0000] {logging_mixin.py:190} INFO - [2024-11-17T01:45:15.476+0000] {dag.py:3239} INFO - Sync 1 DAGs
[2024-11-17T01:45:15.488+0000] {logging_mixin.py:190} INFO - [2024-11-17T01:45:15.488+0000] {dag.py:4180} INFO - Setting next_dagrun for data_ingestion_gcs_dag to 2024-11-17 00:00:00+00:00, run_after=2024-11-18 00:00:00+00:00
[2024-11-17T01:45:15.495+0000] {processor.py:208} INFO - Processing /opt/airflow/dags/fds.py took 0.060 seconds
[2024-11-17T01:45:47.492+0000] {processor.py:186} INFO - Started process (PID=5712) to work on /opt/airflow/dags/fds.py
[2024-11-17T01:45:47.493+0000] {processor.py:914} INFO - Processing file /opt/airflow/dags/fds.py for tasks to queue
[2024-11-17T01:45:47.508+0000] {logging_mixin.py:190} INFO - [2024-11-17T01:45:47.507+0000] {dagbag.py:588} INFO - Filling up the DagBag from /opt/airflow/dags/fds.py
[2024-11-17T01:45:47.554+0000] {processor.py:925} INFO - DAG(s) 'data_ingestion_gcs_dag' retrieved from /opt/airflow/dags/fds.py
[2024-11-17T01:45:47.598+0000] {logging_mixin.py:190} INFO - [2024-11-17T01:45:47.597+0000] {dag.py:3239} INFO - Sync 1 DAGs
[2024-11-17T01:45:47.632+0000] {logging_mixin.py:190} INFO - [2024-11-17T01:45:47.632+0000] {dag.py:4180} INFO - Setting next_dagrun for data_ingestion_gcs_dag to 2024-11-17 00:00:00+00:00, run_after=2024-11-18 00:00:00+00:00
[2024-11-17T01:45:47.820+0000] {processor.py:208} INFO - Processing /opt/airflow/dags/fds.py took 0.337 seconds
[2024-11-17T02:30:44.183+0000] {processor.py:186} INFO - Started process (PID=5719) to work on /opt/airflow/dags/fds.py
[2024-11-17T02:30:44.184+0000] {processor.py:914} INFO - Processing file /opt/airflow/dags/fds.py for tasks to queue
[2024-11-17T02:30:44.187+0000] {logging_mixin.py:190} INFO - [2024-11-17T02:30:44.187+0000] {dagbag.py:588} INFO - Filling up the DagBag from /opt/airflow/dags/fds.py
[2024-11-17T02:30:44.212+0000] {processor.py:925} INFO - DAG(s) 'data_ingestion_gcs_dag' retrieved from /opt/airflow/dags/fds.py
[2024-11-17T02:30:44.511+0000] {logging_mixin.py:190} INFO - [2024-11-17T02:30:44.510+0000] {dag.py:3239} INFO - Sync 1 DAGs
[2024-11-17T02:30:44.540+0000] {logging_mixin.py:190} INFO - [2024-11-17T02:30:44.539+0000] {dag.py:4180} INFO - Setting next_dagrun for data_ingestion_gcs_dag to 2024-11-17 00:00:00+00:00, run_after=2024-11-18 00:00:00+00:00
[2024-11-17T02:30:44.595+0000] {processor.py:208} INFO - Processing /opt/airflow/dags/fds.py took 0.421 seconds
[2024-11-17T02:47:32.248+0000] {processor.py:186} INFO - Started process (PID=5726) to work on /opt/airflow/dags/fds.py
[2024-11-17T02:47:32.249+0000] {processor.py:914} INFO - Processing file /opt/airflow/dags/fds.py for tasks to queue
[2024-11-17T02:47:32.251+0000] {logging_mixin.py:190} INFO - [2024-11-17T02:47:32.251+0000] {dagbag.py:588} INFO - Filling up the DagBag from /opt/airflow/dags/fds.py
[2024-11-17T02:47:32.267+0000] {processor.py:925} INFO - DAG(s) 'data_ingestion_gcs_dag' retrieved from /opt/airflow/dags/fds.py
[2024-11-17T02:47:32.281+0000] {logging_mixin.py:190} INFO - [2024-11-17T02:47:32.281+0000] {dag.py:3239} INFO - Sync 1 DAGs
[2024-11-17T02:47:32.294+0000] {logging_mixin.py:190} INFO - [2024-11-17T02:47:32.294+0000] {dag.py:4180} INFO - Setting next_dagrun for data_ingestion_gcs_dag to 2024-11-17 00:00:00+00:00, run_after=2024-11-18 00:00:00+00:00
[2024-11-17T02:47:32.305+0000] {processor.py:208} INFO - Processing /opt/airflow/dags/fds.py took 0.062 seconds
[2024-11-17T04:02:48.768+0000] {processor.py:186} INFO - Started process (PID=5733) to work on /opt/airflow/dags/fds.py
[2024-11-17T04:02:48.769+0000] {processor.py:914} INFO - Processing file /opt/airflow/dags/fds.py for tasks to queue
[2024-11-17T04:02:48.771+0000] {logging_mixin.py:190} INFO - [2024-11-17T04:02:48.771+0000] {dagbag.py:588} INFO - Filling up the DagBag from /opt/airflow/dags/fds.py
[2024-11-17T04:02:48.808+0000] {processor.py:925} INFO - DAG(s) 'data_ingestion_gcs_dag' retrieved from /opt/airflow/dags/fds.py
[2024-11-17T04:02:48.825+0000] {logging_mixin.py:190} INFO - [2024-11-17T04:02:48.825+0000] {dag.py:3239} INFO - Sync 1 DAGs
[2024-11-17T04:02:48.838+0000] {logging_mixin.py:190} INFO - [2024-11-17T04:02:48.838+0000] {dag.py:4180} INFO - Setting next_dagrun for data_ingestion_gcs_dag to 2024-11-17 00:00:00+00:00, run_after=2024-11-18 00:00:00+00:00
[2024-11-17T04:02:48.848+0000] {processor.py:208} INFO - Processing /opt/airflow/dags/fds.py took 0.087 seconds
[2024-11-17T04:03:19.160+0000] {processor.py:186} INFO - Started process (PID=5740) to work on /opt/airflow/dags/fds.py
[2024-11-17T04:03:19.161+0000] {processor.py:914} INFO - Processing file /opt/airflow/dags/fds.py for tasks to queue
[2024-11-17T04:03:19.164+0000] {logging_mixin.py:190} INFO - [2024-11-17T04:03:19.164+0000] {dagbag.py:588} INFO - Filling up the DagBag from /opt/airflow/dags/fds.py
[2024-11-17T04:03:19.183+0000] {processor.py:925} INFO - DAG(s) 'data_ingestion_gcs_dag' retrieved from /opt/airflow/dags/fds.py
[2024-11-17T04:03:19.198+0000] {logging_mixin.py:190} INFO - [2024-11-17T04:03:19.198+0000] {dag.py:3239} INFO - Sync 1 DAGs
[2024-11-17T04:03:19.212+0000] {logging_mixin.py:190} INFO - [2024-11-17T04:03:19.212+0000] {dag.py:4180} INFO - Setting next_dagrun for data_ingestion_gcs_dag to 2024-11-17 00:00:00+00:00, run_after=2024-11-18 00:00:00+00:00
[2024-11-17T04:03:19.222+0000] {processor.py:208} INFO - Processing /opt/airflow/dags/fds.py took 0.069 seconds
[2024-11-17T04:16:15.415+0000] {processor.py:186} INFO - Started process (PID=5747) to work on /opt/airflow/dags/fds.py
[2024-11-17T04:16:15.416+0000] {processor.py:914} INFO - Processing file /opt/airflow/dags/fds.py for tasks to queue
[2024-11-17T04:16:15.420+0000] {logging_mixin.py:190} INFO - [2024-11-17T04:16:15.419+0000] {dagbag.py:588} INFO - Filling up the DagBag from /opt/airflow/dags/fds.py
[2024-11-17T04:16:15.439+0000] {processor.py:925} INFO - DAG(s) 'data_ingestion_gcs_dag' retrieved from /opt/airflow/dags/fds.py
[2024-11-17T04:16:15.457+0000] {logging_mixin.py:190} INFO - [2024-11-17T04:16:15.457+0000] {dag.py:3239} INFO - Sync 1 DAGs
[2024-11-17T04:16:15.470+0000] {logging_mixin.py:190} INFO - [2024-11-17T04:16:15.470+0000] {dag.py:4180} INFO - Setting next_dagrun for data_ingestion_gcs_dag to 2024-11-17 00:00:00+00:00, run_after=2024-11-18 00:00:00+00:00
[2024-11-17T04:16:15.479+0000] {processor.py:208} INFO - Processing /opt/airflow/dags/fds.py took 0.072 seconds
[2024-11-17T05:07:05.085+0000] {processor.py:186} INFO - Started process (PID=5754) to work on /opt/airflow/dags/fds.py
[2024-11-17T05:07:05.086+0000] {processor.py:914} INFO - Processing file /opt/airflow/dags/fds.py for tasks to queue
[2024-11-17T05:07:05.090+0000] {logging_mixin.py:190} INFO - [2024-11-17T05:07:05.090+0000] {dagbag.py:588} INFO - Filling up the DagBag from /opt/airflow/dags/fds.py
[2024-11-17T05:07:05.119+0000] {processor.py:925} INFO - DAG(s) 'data_ingestion_gcs_dag' retrieved from /opt/airflow/dags/fds.py
[2024-11-17T05:07:05.138+0000] {logging_mixin.py:190} INFO - [2024-11-17T05:07:05.137+0000] {dag.py:3239} INFO - Sync 1 DAGs
[2024-11-17T05:07:05.157+0000] {logging_mixin.py:190} INFO - [2024-11-17T05:07:05.157+0000] {dag.py:4180} INFO - Setting next_dagrun for data_ingestion_gcs_dag to 2024-11-17 00:00:00+00:00, run_after=2024-11-18 00:00:00+00:00
[2024-11-17T05:07:05.169+0000] {processor.py:208} INFO - Processing /opt/airflow/dags/fds.py took 0.092 seconds
[2024-11-17T05:07:35.548+0000] {processor.py:186} INFO - Started process (PID=5761) to work on /opt/airflow/dags/fds.py
[2024-11-17T05:07:35.550+0000] {processor.py:914} INFO - Processing file /opt/airflow/dags/fds.py for tasks to queue
[2024-11-17T05:07:35.553+0000] {logging_mixin.py:190} INFO - [2024-11-17T05:07:35.553+0000] {dagbag.py:588} INFO - Filling up the DagBag from /opt/airflow/dags/fds.py
[2024-11-17T05:07:35.583+0000] {processor.py:925} INFO - DAG(s) 'data_ingestion_gcs_dag' retrieved from /opt/airflow/dags/fds.py
[2024-11-17T05:07:35.605+0000] {logging_mixin.py:190} INFO - [2024-11-17T05:07:35.605+0000] {dag.py:3239} INFO - Sync 1 DAGs
[2024-11-17T05:07:35.621+0000] {logging_mixin.py:190} INFO - [2024-11-17T05:07:35.621+0000] {dag.py:4180} INFO - Setting next_dagrun for data_ingestion_gcs_dag to 2024-11-17 00:00:00+00:00, run_after=2024-11-18 00:00:00+00:00
[2024-11-17T05:07:35.631+0000] {processor.py:208} INFO - Processing /opt/airflow/dags/fds.py took 0.092 seconds
[2024-11-17T06:17:53.848+0000] {processor.py:186} INFO - Started process (PID=5768) to work on /opt/airflow/dags/fds.py
[2024-11-17T06:17:53.849+0000] {processor.py:914} INFO - Processing file /opt/airflow/dags/fds.py for tasks to queue
[2024-11-17T06:17:53.855+0000] {logging_mixin.py:190} INFO - [2024-11-17T06:17:53.855+0000] {dagbag.py:588} INFO - Filling up the DagBag from /opt/airflow/dags/fds.py
[2024-11-17T06:17:53.899+0000] {processor.py:925} INFO - DAG(s) 'data_ingestion_gcs_dag' retrieved from /opt/airflow/dags/fds.py
[2024-11-17T06:17:53.926+0000] {logging_mixin.py:190} INFO - [2024-11-17T06:17:53.926+0000] {dag.py:3239} INFO - Sync 1 DAGs
[2024-11-17T06:17:53.947+0000] {logging_mixin.py:190} INFO - [2024-11-17T06:17:53.947+0000] {dag.py:4180} INFO - Setting next_dagrun for data_ingestion_gcs_dag to 2024-11-17 00:00:00+00:00, run_after=2024-11-18 00:00:00+00:00
[2024-11-17T06:17:54.106+0000] {processor.py:208} INFO - Processing /opt/airflow/dags/fds.py took 0.278 seconds
[2024-11-17T07:23:28.529+0000] {processor.py:186} INFO - Started process (PID=5775) to work on /opt/airflow/dags/fds.py
[2024-11-17T07:23:28.530+0000] {processor.py:914} INFO - Processing file /opt/airflow/dags/fds.py for tasks to queue
[2024-11-17T07:23:28.533+0000] {logging_mixin.py:190} INFO - [2024-11-17T07:23:28.532+0000] {dagbag.py:588} INFO - Filling up the DagBag from /opt/airflow/dags/fds.py
[2024-11-17T07:23:28.554+0000] {processor.py:925} INFO - DAG(s) 'data_ingestion_gcs_dag' retrieved from /opt/airflow/dags/fds.py
[2024-11-17T07:23:28.570+0000] {logging_mixin.py:190} INFO - [2024-11-17T07:23:28.570+0000] {dag.py:3239} INFO - Sync 1 DAGs
[2024-11-17T07:23:28.586+0000] {logging_mixin.py:190} INFO - [2024-11-17T07:23:28.586+0000] {dag.py:4180} INFO - Setting next_dagrun for data_ingestion_gcs_dag to 2024-11-17 00:00:00+00:00, run_after=2024-11-18 00:00:00+00:00
[2024-11-17T07:23:28.596+0000] {processor.py:208} INFO - Processing /opt/airflow/dags/fds.py took 0.072 seconds
[2024-11-17T08:31:44.798+0000] {processor.py:186} INFO - Started process (PID=5782) to work on /opt/airflow/dags/fds.py
[2024-11-17T08:31:44.799+0000] {processor.py:914} INFO - Processing file /opt/airflow/dags/fds.py for tasks to queue
[2024-11-17T08:31:44.802+0000] {logging_mixin.py:190} INFO - [2024-11-17T08:31:44.802+0000] {dagbag.py:588} INFO - Filling up the DagBag from /opt/airflow/dags/fds.py
[2024-11-17T08:31:44.824+0000] {processor.py:925} INFO - DAG(s) 'data_ingestion_gcs_dag' retrieved from /opt/airflow/dags/fds.py
[2024-11-17T08:31:44.842+0000] {logging_mixin.py:190} INFO - [2024-11-17T08:31:44.842+0000] {dag.py:3239} INFO - Sync 1 DAGs
[2024-11-17T08:31:44.858+0000] {logging_mixin.py:190} INFO - [2024-11-17T08:31:44.858+0000] {dag.py:4180} INFO - Setting next_dagrun for data_ingestion_gcs_dag to 2024-11-17 00:00:00+00:00, run_after=2024-11-18 00:00:00+00:00
[2024-11-17T08:31:44.868+0000] {processor.py:208} INFO - Processing /opt/airflow/dags/fds.py took 0.076 seconds
[2024-11-17T09:06:40.133+0000] {processor.py:186} INFO - Started process (PID=5789) to work on /opt/airflow/dags/fds.py
[2024-11-17T09:06:40.134+0000] {processor.py:914} INFO - Processing file /opt/airflow/dags/fds.py for tasks to queue
[2024-11-17T09:06:40.138+0000] {logging_mixin.py:190} INFO - [2024-11-17T09:06:40.138+0000] {dagbag.py:588} INFO - Filling up the DagBag from /opt/airflow/dags/fds.py
[2024-11-17T09:06:40.164+0000] {processor.py:925} INFO - DAG(s) 'data_ingestion_gcs_dag' retrieved from /opt/airflow/dags/fds.py
[2024-11-17T09:06:40.177+0000] {logging_mixin.py:190} INFO - [2024-11-17T09:06:40.177+0000] {dag.py:3239} INFO - Sync 1 DAGs
[2024-11-17T09:06:40.190+0000] {logging_mixin.py:190} INFO - [2024-11-17T09:06:40.190+0000] {dag.py:4180} INFO - Setting next_dagrun for data_ingestion_gcs_dag to 2024-11-17 00:00:00+00:00, run_after=2024-11-18 00:00:00+00:00
[2024-11-17T09:06:40.197+0000] {processor.py:208} INFO - Processing /opt/airflow/dags/fds.py took 0.072 seconds
[2024-11-17T09:39:36.632+0000] {processor.py:186} INFO - Started process (PID=5796) to work on /opt/airflow/dags/fds.py
[2024-11-17T09:39:36.633+0000] {processor.py:914} INFO - Processing file /opt/airflow/dags/fds.py for tasks to queue
[2024-11-17T09:39:36.636+0000] {logging_mixin.py:190} INFO - [2024-11-17T09:39:36.635+0000] {dagbag.py:588} INFO - Filling up the DagBag from /opt/airflow/dags/fds.py
[2024-11-17T09:39:36.657+0000] {processor.py:925} INFO - DAG(s) 'data_ingestion_gcs_dag' retrieved from /opt/airflow/dags/fds.py
[2024-11-17T09:39:36.674+0000] {logging_mixin.py:190} INFO - [2024-11-17T09:39:36.674+0000] {dag.py:3239} INFO - Sync 1 DAGs
[2024-11-17T09:39:36.688+0000] {logging_mixin.py:190} INFO - [2024-11-17T09:39:36.688+0000] {dag.py:4180} INFO - Setting next_dagrun for data_ingestion_gcs_dag to 2024-11-17 00:00:00+00:00, run_after=2024-11-18 00:00:00+00:00
[2024-11-17T09:39:36.697+0000] {processor.py:208} INFO - Processing /opt/airflow/dags/fds.py took 0.072 seconds
[2024-11-17T10:25:44.457+0000] {processor.py:186} INFO - Started process (PID=5803) to work on /opt/airflow/dags/fds.py
[2024-11-17T10:25:44.458+0000] {processor.py:914} INFO - Processing file /opt/airflow/dags/fds.py for tasks to queue
[2024-11-17T10:25:44.460+0000] {logging_mixin.py:190} INFO - [2024-11-17T10:25:44.460+0000] {dagbag.py:588} INFO - Filling up the DagBag from /opt/airflow/dags/fds.py
[2024-11-17T10:25:44.480+0000] {processor.py:925} INFO - DAG(s) 'data_ingestion_gcs_dag' retrieved from /opt/airflow/dags/fds.py
[2024-11-17T10:25:44.496+0000] {logging_mixin.py:190} INFO - [2024-11-17T10:25:44.496+0000] {dag.py:3239} INFO - Sync 1 DAGs
[2024-11-17T10:25:44.510+0000] {logging_mixin.py:190} INFO - [2024-11-17T10:25:44.510+0000] {dag.py:4180} INFO - Setting next_dagrun for data_ingestion_gcs_dag to 2024-11-17 00:00:00+00:00, run_after=2024-11-18 00:00:00+00:00
[2024-11-17T10:25:44.519+0000] {processor.py:208} INFO - Processing /opt/airflow/dags/fds.py took 0.067 seconds
[2024-11-17T10:40:49.668+0000] {processor.py:186} INFO - Started process (PID=5810) to work on /opt/airflow/dags/fds.py
[2024-11-17T10:40:49.668+0000] {processor.py:914} INFO - Processing file /opt/airflow/dags/fds.py for tasks to queue
[2024-11-17T10:40:49.672+0000] {logging_mixin.py:190} INFO - [2024-11-17T10:40:49.671+0000] {dagbag.py:588} INFO - Filling up the DagBag from /opt/airflow/dags/fds.py
[2024-11-17T10:40:49.696+0000] {processor.py:925} INFO - DAG(s) 'data_ingestion_gcs_dag' retrieved from /opt/airflow/dags/fds.py
[2024-11-17T10:40:49.714+0000] {logging_mixin.py:190} INFO - [2024-11-17T10:40:49.713+0000] {dag.py:3239} INFO - Sync 1 DAGs
[2024-11-17T10:40:49.729+0000] {logging_mixin.py:190} INFO - [2024-11-17T10:40:49.729+0000] {dag.py:4180} INFO - Setting next_dagrun for data_ingestion_gcs_dag to 2024-11-17 00:00:00+00:00, run_after=2024-11-18 00:00:00+00:00
[2024-11-17T10:40:49.739+0000] {processor.py:208} INFO - Processing /opt/airflow/dags/fds.py took 0.076 seconds
[2024-11-17T10:45:47.387+0000] {processor.py:186} INFO - Started process (PID=5817) to work on /opt/airflow/dags/fds.py
[2024-11-17T10:45:47.388+0000] {processor.py:914} INFO - Processing file /opt/airflow/dags/fds.py for tasks to queue
[2024-11-17T10:45:47.393+0000] {logging_mixin.py:190} INFO - [2024-11-17T10:45:47.393+0000] {dagbag.py:588} INFO - Filling up the DagBag from /opt/airflow/dags/fds.py
[2024-11-17T10:45:47.416+0000] {processor.py:925} INFO - DAG(s) 'data_ingestion_gcs_dag' retrieved from /opt/airflow/dags/fds.py
[2024-11-17T10:45:47.432+0000] {logging_mixin.py:190} INFO - [2024-11-17T10:45:47.432+0000] {dag.py:3239} INFO - Sync 1 DAGs
[2024-11-17T10:45:47.447+0000] {logging_mixin.py:190} INFO - [2024-11-17T10:45:47.446+0000] {dag.py:4180} INFO - Setting next_dagrun for data_ingestion_gcs_dag to 2024-11-17 00:00:00+00:00, run_after=2024-11-18 00:00:00+00:00
[2024-11-17T10:45:47.456+0000] {processor.py:208} INFO - Processing /opt/airflow/dags/fds.py took 0.080 seconds
[2024-11-17T11:00:59.845+0000] {processor.py:186} INFO - Started process (PID=5824) to work on /opt/airflow/dags/fds.py
[2024-11-17T11:00:59.846+0000] {processor.py:914} INFO - Processing file /opt/airflow/dags/fds.py for tasks to queue
[2024-11-17T11:00:59.850+0000] {logging_mixin.py:190} INFO - [2024-11-17T11:00:59.849+0000] {dagbag.py:588} INFO - Filling up the DagBag from /opt/airflow/dags/fds.py
[2024-11-17T11:00:59.869+0000] {processor.py:925} INFO - DAG(s) 'data_ingestion_gcs_dag' retrieved from /opt/airflow/dags/fds.py
[2024-11-17T11:00:59.882+0000] {logging_mixin.py:190} INFO - [2024-11-17T11:00:59.882+0000] {dag.py:3239} INFO - Sync 1 DAGs
[2024-11-17T11:00:59.894+0000] {logging_mixin.py:190} INFO - [2024-11-17T11:00:59.893+0000] {dag.py:4180} INFO - Setting next_dagrun for data_ingestion_gcs_dag to 2024-11-17 00:00:00+00:00, run_after=2024-11-18 00:00:00+00:00
[2024-11-17T11:00:59.902+0000] {processor.py:208} INFO - Processing /opt/airflow/dags/fds.py took 0.063 seconds
[2024-11-17T11:15:50.315+0000] {processor.py:186} INFO - Started process (PID=5831) to work on /opt/airflow/dags/fds.py
[2024-11-17T11:15:50.316+0000] {processor.py:914} INFO - Processing file /opt/airflow/dags/fds.py for tasks to queue
[2024-11-17T11:15:50.320+0000] {logging_mixin.py:190} INFO - [2024-11-17T11:15:50.319+0000] {dagbag.py:588} INFO - Filling up the DagBag from /opt/airflow/dags/fds.py
[2024-11-17T11:15:50.357+0000] {processor.py:925} INFO - DAG(s) 'data_ingestion_gcs_dag' retrieved from /opt/airflow/dags/fds.py
[2024-11-17T11:15:50.377+0000] {logging_mixin.py:190} INFO - [2024-11-17T11:15:50.377+0000] {dag.py:3239} INFO - Sync 1 DAGs
[2024-11-17T11:15:50.393+0000] {logging_mixin.py:190} INFO - [2024-11-17T11:15:50.393+0000] {dag.py:4180} INFO - Setting next_dagrun for data_ingestion_gcs_dag to 2024-11-17 00:00:00+00:00, run_after=2024-11-18 00:00:00+00:00
[2024-11-17T11:15:50.403+0000] {processor.py:208} INFO - Processing /opt/airflow/dags/fds.py took 0.094 seconds
[2024-11-17T11:30:55.145+0000] {processor.py:186} INFO - Started process (PID=5838) to work on /opt/airflow/dags/fds.py
[2024-11-17T11:30:55.146+0000] {processor.py:914} INFO - Processing file /opt/airflow/dags/fds.py for tasks to queue
[2024-11-17T11:30:55.149+0000] {logging_mixin.py:190} INFO - [2024-11-17T11:30:55.149+0000] {dagbag.py:588} INFO - Filling up the DagBag from /opt/airflow/dags/fds.py
[2024-11-17T11:30:55.173+0000] {processor.py:925} INFO - DAG(s) 'data_ingestion_gcs_dag' retrieved from /opt/airflow/dags/fds.py
[2024-11-17T11:30:55.190+0000] {logging_mixin.py:190} INFO - [2024-11-17T11:30:55.190+0000] {dag.py:3239} INFO - Sync 1 DAGs
[2024-11-17T11:30:55.206+0000] {logging_mixin.py:190} INFO - [2024-11-17T11:30:55.206+0000] {dag.py:4180} INFO - Setting next_dagrun for data_ingestion_gcs_dag to 2024-11-17 00:00:00+00:00, run_after=2024-11-18 00:00:00+00:00
[2024-11-17T11:30:55.217+0000] {processor.py:208} INFO - Processing /opt/airflow/dags/fds.py took 0.078 seconds
[2024-11-17T11:45:56.447+0000] {processor.py:186} INFO - Started process (PID=5845) to work on /opt/airflow/dags/fds.py
[2024-11-17T11:45:56.448+0000] {processor.py:914} INFO - Processing file /opt/airflow/dags/fds.py for tasks to queue
[2024-11-17T11:45:56.469+0000] {logging_mixin.py:190} INFO - [2024-11-17T11:45:56.467+0000] {dagbag.py:588} INFO - Filling up the DagBag from /opt/airflow/dags/fds.py
[2024-11-17T11:45:56.499+0000] {processor.py:925} INFO - DAG(s) 'data_ingestion_gcs_dag' retrieved from /opt/airflow/dags/fds.py
[2024-11-17T11:45:56.518+0000] {logging_mixin.py:190} INFO - [2024-11-17T11:45:56.518+0000] {dag.py:3239} INFO - Sync 1 DAGs
[2024-11-17T11:45:56.532+0000] {logging_mixin.py:190} INFO - [2024-11-17T11:45:56.532+0000] {dag.py:4180} INFO - Setting next_dagrun for data_ingestion_gcs_dag to 2024-11-17 00:00:00+00:00, run_after=2024-11-18 00:00:00+00:00
[2024-11-17T11:45:56.542+0000] {processor.py:208} INFO - Processing /opt/airflow/dags/fds.py took 0.102 seconds
[2024-11-17T11:51:00.620+0000] {processor.py:186} INFO - Started process (PID=5852) to work on /opt/airflow/dags/fds.py
[2024-11-17T11:51:00.621+0000] {processor.py:914} INFO - Processing file /opt/airflow/dags/fds.py for tasks to queue
[2024-11-17T11:51:00.624+0000] {logging_mixin.py:190} INFO - [2024-11-17T11:51:00.624+0000] {dagbag.py:588} INFO - Filling up the DagBag from /opt/airflow/dags/fds.py
[2024-11-17T11:51:00.645+0000] {processor.py:925} INFO - DAG(s) 'data_ingestion_gcs_dag' retrieved from /opt/airflow/dags/fds.py
[2024-11-17T11:51:00.661+0000] {logging_mixin.py:190} INFO - [2024-11-17T11:51:00.661+0000] {dag.py:3239} INFO - Sync 1 DAGs
[2024-11-17T11:51:00.675+0000] {logging_mixin.py:190} INFO - [2024-11-17T11:51:00.674+0000] {dag.py:4180} INFO - Setting next_dagrun for data_ingestion_gcs_dag to 2024-11-17 00:00:00+00:00, run_after=2024-11-18 00:00:00+00:00
[2024-11-17T11:51:00.684+0000] {processor.py:208} INFO - Processing /opt/airflow/dags/fds.py took 0.071 seconds
[2024-11-17T12:05:42.995+0000] {processor.py:186} INFO - Started process (PID=5859) to work on /opt/airflow/dags/fds.py
[2024-11-17T12:05:42.997+0000] {processor.py:914} INFO - Processing file /opt/airflow/dags/fds.py for tasks to queue
[2024-11-17T12:05:42.999+0000] {logging_mixin.py:190} INFO - [2024-11-17T12:05:42.999+0000] {dagbag.py:588} INFO - Filling up the DagBag from /opt/airflow/dags/fds.py
[2024-11-17T12:05:43.024+0000] {processor.py:925} INFO - DAG(s) 'data_ingestion_gcs_dag' retrieved from /opt/airflow/dags/fds.py
[2024-11-17T12:05:43.044+0000] {logging_mixin.py:190} INFO - [2024-11-17T12:05:43.044+0000] {dag.py:3239} INFO - Sync 1 DAGs
[2024-11-17T12:05:43.058+0000] {logging_mixin.py:190} INFO - [2024-11-17T12:05:43.058+0000] {dag.py:4180} INFO - Setting next_dagrun for data_ingestion_gcs_dag to 2024-11-17 00:00:00+00:00, run_after=2024-11-18 00:00:00+00:00
[2024-11-17T12:05:43.071+0000] {processor.py:208} INFO - Processing /opt/airflow/dags/fds.py took 0.081 seconds
[2024-11-17T12:20:48.755+0000] {processor.py:186} INFO - Started process (PID=5866) to work on /opt/airflow/dags/fds.py
[2024-11-17T12:20:48.757+0000] {processor.py:914} INFO - Processing file /opt/airflow/dags/fds.py for tasks to queue
[2024-11-17T12:20:48.761+0000] {logging_mixin.py:190} INFO - [2024-11-17T12:20:48.761+0000] {dagbag.py:588} INFO - Filling up the DagBag from /opt/airflow/dags/fds.py
[2024-11-17T12:20:48.785+0000] {processor.py:925} INFO - DAG(s) 'data_ingestion_gcs_dag' retrieved from /opt/airflow/dags/fds.py
[2024-11-17T12:20:48.804+0000] {logging_mixin.py:190} INFO - [2024-11-17T12:20:48.804+0000] {dag.py:3239} INFO - Sync 1 DAGs
[2024-11-17T12:20:48.818+0000] {logging_mixin.py:190} INFO - [2024-11-17T12:20:48.818+0000] {dag.py:4180} INFO - Setting next_dagrun for data_ingestion_gcs_dag to 2024-11-17 00:00:00+00:00, run_after=2024-11-18 00:00:00+00:00
[2024-11-17T12:20:48.827+0000] {processor.py:208} INFO - Processing /opt/airflow/dags/fds.py took 0.082 seconds
[2024-11-17T12:35:51.611+0000] {processor.py:186} INFO - Started process (PID=5873) to work on /opt/airflow/dags/fds.py
[2024-11-17T12:35:51.611+0000] {processor.py:914} INFO - Processing file /opt/airflow/dags/fds.py for tasks to queue
[2024-11-17T12:35:51.613+0000] {logging_mixin.py:190} INFO - [2024-11-17T12:35:51.612+0000] {dagbag.py:588} INFO - Filling up the DagBag from /opt/airflow/dags/fds.py
[2024-11-17T12:35:51.626+0000] {processor.py:925} INFO - DAG(s) 'data_ingestion_gcs_dag' retrieved from /opt/airflow/dags/fds.py
[2024-11-17T12:35:51.639+0000] {logging_mixin.py:190} INFO - [2024-11-17T12:35:51.638+0000] {dag.py:3239} INFO - Sync 1 DAGs
[2024-11-17T12:35:51.649+0000] {logging_mixin.py:190} INFO - [2024-11-17T12:35:51.649+0000] {dag.py:4180} INFO - Setting next_dagrun for data_ingestion_gcs_dag to 2024-11-17 00:00:00+00:00, run_after=2024-11-18 00:00:00+00:00
[2024-11-17T12:35:51.660+0000] {processor.py:208} INFO - Processing /opt/airflow/dags/fds.py took 0.053 seconds
[2024-11-17T12:50:58.274+0000] {processor.py:186} INFO - Started process (PID=5880) to work on /opt/airflow/dags/fds.py
[2024-11-17T12:50:58.275+0000] {processor.py:914} INFO - Processing file /opt/airflow/dags/fds.py for tasks to queue
[2024-11-17T12:50:58.278+0000] {logging_mixin.py:190} INFO - [2024-11-17T12:50:58.278+0000] {dagbag.py:588} INFO - Filling up the DagBag from /opt/airflow/dags/fds.py
[2024-11-17T12:50:58.303+0000] {processor.py:925} INFO - DAG(s) 'data_ingestion_gcs_dag' retrieved from /opt/airflow/dags/fds.py
[2024-11-17T12:50:58.325+0000] {logging_mixin.py:190} INFO - [2024-11-17T12:50:58.325+0000] {dag.py:3239} INFO - Sync 1 DAGs
[2024-11-17T12:50:58.344+0000] {logging_mixin.py:190} INFO - [2024-11-17T12:50:58.344+0000] {dag.py:4180} INFO - Setting next_dagrun for data_ingestion_gcs_dag to 2024-11-17 00:00:00+00:00, run_after=2024-11-18 00:00:00+00:00
[2024-11-17T12:50:58.355+0000] {processor.py:208} INFO - Processing /opt/airflow/dags/fds.py took 0.088 seconds
[2024-11-17T13:00:47.696+0000] {processor.py:186} INFO - Started process (PID=5887) to work on /opt/airflow/dags/fds.py
[2024-11-17T13:00:47.697+0000] {processor.py:914} INFO - Processing file /opt/airflow/dags/fds.py for tasks to queue
[2024-11-17T13:00:47.699+0000] {logging_mixin.py:190} INFO - [2024-11-17T13:00:47.699+0000] {dagbag.py:588} INFO - Filling up the DagBag from /opt/airflow/dags/fds.py
[2024-11-17T13:00:47.716+0000] {processor.py:925} INFO - DAG(s) 'data_ingestion_gcs_dag' retrieved from /opt/airflow/dags/fds.py
[2024-11-17T13:00:47.732+0000] {logging_mixin.py:190} INFO - [2024-11-17T13:00:47.732+0000] {dag.py:3239} INFO - Sync 1 DAGs
[2024-11-17T13:00:47.744+0000] {logging_mixin.py:190} INFO - [2024-11-17T13:00:47.744+0000] {dag.py:4180} INFO - Setting next_dagrun for data_ingestion_gcs_dag to 2024-11-17 00:00:00+00:00, run_after=2024-11-18 00:00:00+00:00
[2024-11-17T13:00:47.754+0000] {processor.py:208} INFO - Processing /opt/airflow/dags/fds.py took 0.064 seconds
[2024-11-17T13:15:45.301+0000] {processor.py:186} INFO - Started process (PID=5894) to work on /opt/airflow/dags/fds.py
[2024-11-17T13:15:45.302+0000] {processor.py:914} INFO - Processing file /opt/airflow/dags/fds.py for tasks to queue
[2024-11-17T13:15:45.305+0000] {logging_mixin.py:190} INFO - [2024-11-17T13:15:45.305+0000] {dagbag.py:588} INFO - Filling up the DagBag from /opt/airflow/dags/fds.py
[2024-11-17T13:15:45.330+0000] {processor.py:925} INFO - DAG(s) 'data_ingestion_gcs_dag' retrieved from /opt/airflow/dags/fds.py
[2024-11-17T13:15:45.347+0000] {logging_mixin.py:190} INFO - [2024-11-17T13:15:45.347+0000] {dag.py:3239} INFO - Sync 1 DAGs
[2024-11-17T13:15:45.362+0000] {logging_mixin.py:190} INFO - [2024-11-17T13:15:45.362+0000] {dag.py:4180} INFO - Setting next_dagrun for data_ingestion_gcs_dag to 2024-11-17 00:00:00+00:00, run_after=2024-11-18 00:00:00+00:00
[2024-11-17T13:15:45.372+0000] {processor.py:208} INFO - Processing /opt/airflow/dags/fds.py took 0.077 seconds
[2024-11-17T13:30:50.754+0000] {processor.py:186} INFO - Started process (PID=5901) to work on /opt/airflow/dags/fds.py
[2024-11-17T13:30:50.755+0000] {processor.py:914} INFO - Processing file /opt/airflow/dags/fds.py for tasks to queue
[2024-11-17T13:30:50.758+0000] {logging_mixin.py:190} INFO - [2024-11-17T13:30:50.758+0000] {dagbag.py:588} INFO - Filling up the DagBag from /opt/airflow/dags/fds.py
[2024-11-17T13:30:50.781+0000] {processor.py:925} INFO - DAG(s) 'data_ingestion_gcs_dag' retrieved from /opt/airflow/dags/fds.py
[2024-11-17T13:30:50.799+0000] {logging_mixin.py:190} INFO - [2024-11-17T13:30:50.799+0000] {dag.py:3239} INFO - Sync 1 DAGs
[2024-11-17T13:30:50.815+0000] {logging_mixin.py:190} INFO - [2024-11-17T13:30:50.814+0000] {dag.py:4180} INFO - Setting next_dagrun for data_ingestion_gcs_dag to 2024-11-17 00:00:00+00:00, run_after=2024-11-18 00:00:00+00:00
[2024-11-17T13:30:50.830+0000] {processor.py:208} INFO - Processing /opt/airflow/dags/fds.py took 0.082 seconds
[2024-11-17T14:01:17.020+0000] {processor.py:186} INFO - Started process (PID=5908) to work on /opt/airflow/dags/fds.py
[2024-11-17T14:01:17.021+0000] {processor.py:914} INFO - Processing file /opt/airflow/dags/fds.py for tasks to queue
[2024-11-17T14:01:17.025+0000] {logging_mixin.py:190} INFO - [2024-11-17T14:01:17.024+0000] {dagbag.py:588} INFO - Filling up the DagBag from /opt/airflow/dags/fds.py
[2024-11-17T14:01:17.048+0000] {processor.py:925} INFO - DAG(s) 'data_ingestion_gcs_dag' retrieved from /opt/airflow/dags/fds.py
[2024-11-17T14:01:17.066+0000] {logging_mixin.py:190} INFO - [2024-11-17T14:01:17.065+0000] {dag.py:3239} INFO - Sync 1 DAGs
[2024-11-17T14:01:17.082+0000] {logging_mixin.py:190} INFO - [2024-11-17T14:01:17.082+0000] {dag.py:4180} INFO - Setting next_dagrun for data_ingestion_gcs_dag to 2024-11-17 00:00:00+00:00, run_after=2024-11-18 00:00:00+00:00
[2024-11-17T14:01:17.092+0000] {processor.py:208} INFO - Processing /opt/airflow/dags/fds.py took 0.079 seconds
[2024-11-17T14:01:47.437+0000] {processor.py:186} INFO - Started process (PID=5915) to work on /opt/airflow/dags/fds.py
[2024-11-17T14:01:47.438+0000] {processor.py:914} INFO - Processing file /opt/airflow/dags/fds.py for tasks to queue
[2024-11-17T14:01:47.441+0000] {logging_mixin.py:190} INFO - [2024-11-17T14:01:47.441+0000] {dagbag.py:588} INFO - Filling up the DagBag from /opt/airflow/dags/fds.py
[2024-11-17T14:01:47.461+0000] {processor.py:925} INFO - DAG(s) 'data_ingestion_gcs_dag' retrieved from /opt/airflow/dags/fds.py
[2024-11-17T14:01:47.476+0000] {logging_mixin.py:190} INFO - [2024-11-17T14:01:47.476+0000] {dag.py:3239} INFO - Sync 1 DAGs
[2024-11-17T14:01:47.489+0000] {logging_mixin.py:190} INFO - [2024-11-17T14:01:47.489+0000] {dag.py:4180} INFO - Setting next_dagrun for data_ingestion_gcs_dag to 2024-11-17 00:00:00+00:00, run_after=2024-11-18 00:00:00+00:00
[2024-11-17T14:01:47.500+0000] {processor.py:208} INFO - Processing /opt/airflow/dags/fds.py took 0.068 seconds
[2024-11-17T14:39:28.631+0000] {processor.py:186} INFO - Started process (PID=5922) to work on /opt/airflow/dags/fds.py
[2024-11-17T14:39:28.633+0000] {processor.py:914} INFO - Processing file /opt/airflow/dags/fds.py for tasks to queue
[2024-11-17T14:39:28.641+0000] {logging_mixin.py:190} INFO - [2024-11-17T14:39:28.641+0000] {dagbag.py:588} INFO - Filling up the DagBag from /opt/airflow/dags/fds.py
[2024-11-17T14:39:28.709+0000] {processor.py:925} INFO - DAG(s) 'data_ingestion_gcs_dag' retrieved from /opt/airflow/dags/fds.py
[2024-11-17T14:39:28.733+0000] {logging_mixin.py:190} INFO - [2024-11-17T14:39:28.733+0000] {dag.py:3239} INFO - Sync 1 DAGs
[2024-11-17T14:39:28.758+0000] {logging_mixin.py:190} INFO - [2024-11-17T14:39:28.757+0000] {dag.py:4180} INFO - Setting next_dagrun for data_ingestion_gcs_dag to 2024-11-17 00:00:00+00:00, run_after=2024-11-18 00:00:00+00:00
[2024-11-17T14:39:28.771+0000] {processor.py:208} INFO - Processing /opt/airflow/dags/fds.py took 0.164 seconds
[2024-11-17T15:12:11.292+0000] {processor.py:186} INFO - Started process (PID=5929) to work on /opt/airflow/dags/fds.py
[2024-11-17T15:12:11.293+0000] {processor.py:914} INFO - Processing file /opt/airflow/dags/fds.py for tasks to queue
[2024-11-17T15:12:11.296+0000] {logging_mixin.py:190} INFO - [2024-11-17T15:12:11.296+0000] {dagbag.py:588} INFO - Filling up the DagBag from /opt/airflow/dags/fds.py
[2024-11-17T15:12:11.318+0000] {processor.py:925} INFO - DAG(s) 'data_ingestion_gcs_dag' retrieved from /opt/airflow/dags/fds.py
[2024-11-17T15:12:11.334+0000] {logging_mixin.py:190} INFO - [2024-11-17T15:12:11.334+0000] {dag.py:3239} INFO - Sync 1 DAGs
[2024-11-17T15:12:11.349+0000] {logging_mixin.py:190} INFO - [2024-11-17T15:12:11.349+0000] {dag.py:4180} INFO - Setting next_dagrun for data_ingestion_gcs_dag to 2024-11-17 00:00:00+00:00, run_after=2024-11-18 00:00:00+00:00
[2024-11-17T15:12:11.357+0000] {processor.py:208} INFO - Processing /opt/airflow/dags/fds.py took 0.070 seconds
[2024-11-17T16:07:54.560+0000] {processor.py:186} INFO - Started process (PID=5936) to work on /opt/airflow/dags/fds.py
[2024-11-17T16:07:54.560+0000] {processor.py:914} INFO - Processing file /opt/airflow/dags/fds.py for tasks to queue
[2024-11-17T16:07:54.562+0000] {logging_mixin.py:190} INFO - [2024-11-17T16:07:54.562+0000] {dagbag.py:588} INFO - Filling up the DagBag from /opt/airflow/dags/fds.py
[2024-11-17T16:07:54.582+0000] {processor.py:925} INFO - DAG(s) 'data_ingestion_gcs_dag' retrieved from /opt/airflow/dags/fds.py
[2024-11-17T16:07:54.598+0000] {logging_mixin.py:190} INFO - [2024-11-17T16:07:54.598+0000] {dag.py:3239} INFO - Sync 1 DAGs
[2024-11-17T16:07:54.613+0000] {logging_mixin.py:190} INFO - [2024-11-17T16:07:54.613+0000] {dag.py:4180} INFO - Setting next_dagrun for data_ingestion_gcs_dag to 2024-11-17 00:00:00+00:00, run_after=2024-11-18 00:00:00+00:00
[2024-11-17T16:07:54.622+0000] {processor.py:208} INFO - Processing /opt/airflow/dags/fds.py took 0.068 seconds
[2024-11-17T16:27:06.159+0000] {processor.py:186} INFO - Started process (PID=5943) to work on /opt/airflow/dags/fds.py
[2024-11-17T16:27:06.160+0000] {processor.py:914} INFO - Processing file /opt/airflow/dags/fds.py for tasks to queue
[2024-11-17T16:27:06.165+0000] {logging_mixin.py:190} INFO - [2024-11-17T16:27:06.165+0000] {dagbag.py:588} INFO - Filling up the DagBag from /opt/airflow/dags/fds.py
[2024-11-17T16:27:06.186+0000] {processor.py:925} INFO - DAG(s) 'data_ingestion_gcs_dag' retrieved from /opt/airflow/dags/fds.py
[2024-11-17T16:27:06.203+0000] {logging_mixin.py:190} INFO - [2024-11-17T16:27:06.202+0000] {dag.py:3239} INFO - Sync 1 DAGs
[2024-11-17T16:27:06.218+0000] {logging_mixin.py:190} INFO - [2024-11-17T16:27:06.218+0000] {dag.py:4180} INFO - Setting next_dagrun for data_ingestion_gcs_dag to 2024-11-17 00:00:00+00:00, run_after=2024-11-18 00:00:00+00:00
[2024-11-17T16:27:06.226+0000] {processor.py:208} INFO - Processing /opt/airflow/dags/fds.py took 0.081 seconds
[2024-11-17T17:10:18.580+0000] {processor.py:186} INFO - Started process (PID=5950) to work on /opt/airflow/dags/fds.py
[2024-11-17T17:10:18.581+0000] {processor.py:914} INFO - Processing file /opt/airflow/dags/fds.py for tasks to queue
[2024-11-17T17:10:18.584+0000] {logging_mixin.py:190} INFO - [2024-11-17T17:10:18.584+0000] {dagbag.py:588} INFO - Filling up the DagBag from /opt/airflow/dags/fds.py
[2024-11-17T17:10:18.610+0000] {processor.py:925} INFO - DAG(s) 'data_ingestion_gcs_dag' retrieved from /opt/airflow/dags/fds.py
[2024-11-17T17:10:18.627+0000] {logging_mixin.py:190} INFO - [2024-11-17T17:10:18.627+0000] {dag.py:3239} INFO - Sync 1 DAGs
[2024-11-17T17:10:18.640+0000] {logging_mixin.py:190} INFO - [2024-11-17T17:10:18.640+0000] {dag.py:4180} INFO - Setting next_dagrun for data_ingestion_gcs_dag to 2024-11-17 00:00:00+00:00, run_after=2024-11-18 00:00:00+00:00
[2024-11-17T17:10:18.650+0000] {processor.py:208} INFO - Processing /opt/airflow/dags/fds.py took 0.076 seconds
[2024-11-17T17:27:49.527+0000] {processor.py:186} INFO - Started process (PID=5957) to work on /opt/airflow/dags/fds.py
[2024-11-17T17:27:49.528+0000] {processor.py:914} INFO - Processing file /opt/airflow/dags/fds.py for tasks to queue
[2024-11-17T17:27:49.533+0000] {logging_mixin.py:190} INFO - [2024-11-17T17:27:49.532+0000] {dagbag.py:588} INFO - Filling up the DagBag from /opt/airflow/dags/fds.py
[2024-11-17T17:27:49.567+0000] {processor.py:925} INFO - DAG(s) 'data_ingestion_gcs_dag' retrieved from /opt/airflow/dags/fds.py
[2024-11-17T17:27:49.581+0000] {logging_mixin.py:190} INFO - [2024-11-17T17:27:49.581+0000] {dag.py:3239} INFO - Sync 1 DAGs
[2024-11-17T17:27:49.593+0000] {logging_mixin.py:190} INFO - [2024-11-17T17:27:49.592+0000] {dag.py:4180} INFO - Setting next_dagrun for data_ingestion_gcs_dag to 2024-11-17 00:00:00+00:00, run_after=2024-11-18 00:00:00+00:00
[2024-11-17T17:27:49.601+0000] {processor.py:208} INFO - Processing /opt/airflow/dags/fds.py took 0.083 seconds
[2024-11-17T18:15:44.683+0000] {processor.py:186} INFO - Started process (PID=5964) to work on /opt/airflow/dags/fds.py
[2024-11-17T18:15:44.684+0000] {processor.py:914} INFO - Processing file /opt/airflow/dags/fds.py for tasks to queue
[2024-11-17T18:15:44.686+0000] {logging_mixin.py:190} INFO - [2024-11-17T18:15:44.686+0000] {dagbag.py:588} INFO - Filling up the DagBag from /opt/airflow/dags/fds.py
[2024-11-17T18:15:44.706+0000] {processor.py:925} INFO - DAG(s) 'data_ingestion_gcs_dag' retrieved from /opt/airflow/dags/fds.py
[2024-11-17T18:15:44.726+0000] {logging_mixin.py:190} INFO - [2024-11-17T18:15:44.726+0000] {dag.py:3239} INFO - Sync 1 DAGs
[2024-11-17T18:15:44.741+0000] {logging_mixin.py:190} INFO - [2024-11-17T18:15:44.741+0000] {dag.py:4180} INFO - Setting next_dagrun for data_ingestion_gcs_dag to 2024-11-17 00:00:00+00:00, run_after=2024-11-18 00:00:00+00:00
[2024-11-17T18:15:44.749+0000] {processor.py:208} INFO - Processing /opt/airflow/dags/fds.py took 0.072 seconds
[2024-11-17T18:30:49.612+0000] {processor.py:186} INFO - Started process (PID=5971) to work on /opt/airflow/dags/fds.py
[2024-11-17T18:30:49.613+0000] {processor.py:914} INFO - Processing file /opt/airflow/dags/fds.py for tasks to queue
[2024-11-17T18:30:49.616+0000] {logging_mixin.py:190} INFO - [2024-11-17T18:30:49.616+0000] {dagbag.py:588} INFO - Filling up the DagBag from /opt/airflow/dags/fds.py
[2024-11-17T18:30:49.638+0000] {processor.py:925} INFO - DAG(s) 'data_ingestion_gcs_dag' retrieved from /opt/airflow/dags/fds.py
[2024-11-17T18:30:49.655+0000] {logging_mixin.py:190} INFO - [2024-11-17T18:30:49.655+0000] {dag.py:3239} INFO - Sync 1 DAGs
[2024-11-17T18:30:49.669+0000] {logging_mixin.py:190} INFO - [2024-11-17T18:30:49.669+0000] {dag.py:4180} INFO - Setting next_dagrun for data_ingestion_gcs_dag to 2024-11-17 00:00:00+00:00, run_after=2024-11-18 00:00:00+00:00
[2024-11-17T18:30:49.679+0000] {processor.py:208} INFO - Processing /opt/airflow/dags/fds.py took 0.073 seconds
[2024-11-17T18:35:47.277+0000] {processor.py:186} INFO - Started process (PID=5978) to work on /opt/airflow/dags/fds.py
[2024-11-17T18:35:47.278+0000] {processor.py:914} INFO - Processing file /opt/airflow/dags/fds.py for tasks to queue
[2024-11-17T18:35:47.280+0000] {logging_mixin.py:190} INFO - [2024-11-17T18:35:47.280+0000] {dagbag.py:588} INFO - Filling up the DagBag from /opt/airflow/dags/fds.py
[2024-11-17T18:35:47.302+0000] {processor.py:925} INFO - DAG(s) 'data_ingestion_gcs_dag' retrieved from /opt/airflow/dags/fds.py
[2024-11-17T18:35:47.320+0000] {logging_mixin.py:190} INFO - [2024-11-17T18:35:47.320+0000] {dag.py:3239} INFO - Sync 1 DAGs
[2024-11-17T18:35:47.337+0000] {logging_mixin.py:190} INFO - [2024-11-17T18:35:47.336+0000] {dag.py:4180} INFO - Setting next_dagrun for data_ingestion_gcs_dag to 2024-11-17 00:00:00+00:00, run_after=2024-11-18 00:00:00+00:00
[2024-11-17T18:35:47.350+0000] {processor.py:208} INFO - Processing /opt/airflow/dags/fds.py took 0.079 seconds
[2024-11-17T18:36:17.701+0000] {processor.py:186} INFO - Started process (PID=5985) to work on /opt/airflow/dags/fds.py
[2024-11-17T18:36:17.702+0000] {processor.py:914} INFO - Processing file /opt/airflow/dags/fds.py for tasks to queue
[2024-11-17T18:36:17.709+0000] {logging_mixin.py:190} INFO - [2024-11-17T18:36:17.708+0000] {dagbag.py:588} INFO - Filling up the DagBag from /opt/airflow/dags/fds.py
[2024-11-17T18:36:17.747+0000] {processor.py:925} INFO - DAG(s) 'data_ingestion_gcs_dag' retrieved from /opt/airflow/dags/fds.py
[2024-11-17T18:36:17.769+0000] {logging_mixin.py:190} INFO - [2024-11-17T18:36:17.769+0000] {dag.py:3239} INFO - Sync 1 DAGs
[2024-11-17T18:36:17.793+0000] {logging_mixin.py:190} INFO - [2024-11-17T18:36:17.793+0000] {dag.py:4180} INFO - Setting next_dagrun for data_ingestion_gcs_dag to 2024-11-17 00:00:00+00:00, run_after=2024-11-18 00:00:00+00:00
[2024-11-17T18:36:17.806+0000] {processor.py:208} INFO - Processing /opt/airflow/dags/fds.py took 0.115 seconds
[2024-11-17T18:50:43.679+0000] {processor.py:186} INFO - Started process (PID=5991) to work on /opt/airflow/dags/fds.py
[2024-11-17T18:50:43.680+0000] {processor.py:914} INFO - Processing file /opt/airflow/dags/fds.py for tasks to queue
[2024-11-17T18:50:43.683+0000] {logging_mixin.py:190} INFO - [2024-11-17T18:50:43.683+0000] {dagbag.py:588} INFO - Filling up the DagBag from /opt/airflow/dags/fds.py
[2024-11-17T18:50:43.710+0000] {processor.py:925} INFO - DAG(s) 'data_ingestion_gcs_dag' retrieved from /opt/airflow/dags/fds.py
[2024-11-17T18:50:43.731+0000] {logging_mixin.py:190} INFO - [2024-11-17T18:50:43.731+0000] {dag.py:3239} INFO - Sync 1 DAGs
[2024-11-17T18:50:43.745+0000] {logging_mixin.py:190} INFO - [2024-11-17T18:50:43.745+0000] {dag.py:4180} INFO - Setting next_dagrun for data_ingestion_gcs_dag to 2024-11-17 00:00:00+00:00, run_after=2024-11-18 00:00:00+00:00
[2024-11-17T18:50:43.754+0000] {processor.py:208} INFO - Processing /opt/airflow/dags/fds.py took 0.079 seconds
[2024-11-17T19:05:49.769+0000] {processor.py:186} INFO - Started process (PID=5998) to work on /opt/airflow/dags/fds.py
[2024-11-17T19:05:49.770+0000] {processor.py:914} INFO - Processing file /opt/airflow/dags/fds.py for tasks to queue
[2024-11-17T19:05:49.773+0000] {logging_mixin.py:190} INFO - [2024-11-17T19:05:49.772+0000] {dagbag.py:588} INFO - Filling up the DagBag from /opt/airflow/dags/fds.py
[2024-11-17T19:05:49.792+0000] {processor.py:925} INFO - DAG(s) 'data_ingestion_gcs_dag' retrieved from /opt/airflow/dags/fds.py
[2024-11-17T19:05:49.806+0000] {logging_mixin.py:190} INFO - [2024-11-17T19:05:49.806+0000] {dag.py:3239} INFO - Sync 1 DAGs
[2024-11-17T19:05:49.819+0000] {logging_mixin.py:190} INFO - [2024-11-17T19:05:49.819+0000] {dag.py:4180} INFO - Setting next_dagrun for data_ingestion_gcs_dag to 2024-11-17 00:00:00+00:00, run_after=2024-11-18 00:00:00+00:00
[2024-11-17T19:05:49.828+0000] {processor.py:208} INFO - Processing /opt/airflow/dags/fds.py took 0.064 seconds
[2024-11-17T19:20:45.560+0000] {processor.py:186} INFO - Started process (PID=6005) to work on /opt/airflow/dags/fds.py
[2024-11-17T19:20:45.566+0000] {processor.py:914} INFO - Processing file /opt/airflow/dags/fds.py for tasks to queue
[2024-11-17T19:20:45.573+0000] {logging_mixin.py:190} INFO - [2024-11-17T19:20:45.573+0000] {dagbag.py:588} INFO - Filling up the DagBag from /opt/airflow/dags/fds.py
[2024-11-17T19:20:45.604+0000] {processor.py:925} INFO - DAG(s) 'data_ingestion_gcs_dag' retrieved from /opt/airflow/dags/fds.py
[2024-11-17T19:20:45.626+0000] {logging_mixin.py:190} INFO - [2024-11-17T19:20:45.626+0000] {dag.py:3239} INFO - Sync 1 DAGs
[2024-11-17T19:20:45.642+0000] {logging_mixin.py:190} INFO - [2024-11-17T19:20:45.642+0000] {dag.py:4180} INFO - Setting next_dagrun for data_ingestion_gcs_dag to 2024-11-17 00:00:00+00:00, run_after=2024-11-18 00:00:00+00:00
[2024-11-17T19:20:45.651+0000] {processor.py:208} INFO - Processing /opt/airflow/dags/fds.py took 0.114 seconds
[2024-11-17T19:35:50.196+0000] {processor.py:186} INFO - Started process (PID=6012) to work on /opt/airflow/dags/fds.py
[2024-11-17T19:35:50.197+0000] {processor.py:914} INFO - Processing file /opt/airflow/dags/fds.py for tasks to queue
[2024-11-17T19:35:50.202+0000] {logging_mixin.py:190} INFO - [2024-11-17T19:35:50.201+0000] {dagbag.py:588} INFO - Filling up the DagBag from /opt/airflow/dags/fds.py
[2024-11-17T19:35:50.228+0000] {processor.py:925} INFO - DAG(s) 'data_ingestion_gcs_dag' retrieved from /opt/airflow/dags/fds.py
[2024-11-17T19:35:50.246+0000] {logging_mixin.py:190} INFO - [2024-11-17T19:35:50.246+0000] {dag.py:3239} INFO - Sync 1 DAGs
[2024-11-17T19:35:50.260+0000] {logging_mixin.py:190} INFO - [2024-11-17T19:35:50.260+0000] {dag.py:4180} INFO - Setting next_dagrun for data_ingestion_gcs_dag to 2024-11-17 00:00:00+00:00, run_after=2024-11-18 00:00:00+00:00
[2024-11-17T19:35:50.269+0000] {processor.py:208} INFO - Processing /opt/airflow/dags/fds.py took 0.081 seconds
[2024-11-17T19:36:20.613+0000] {processor.py:186} INFO - Started process (PID=6019) to work on /opt/airflow/dags/fds.py
[2024-11-17T19:36:20.615+0000] {processor.py:914} INFO - Processing file /opt/airflow/dags/fds.py for tasks to queue
[2024-11-17T19:36:20.617+0000] {logging_mixin.py:190} INFO - [2024-11-17T19:36:20.617+0000] {dagbag.py:588} INFO - Filling up the DagBag from /opt/airflow/dags/fds.py
[2024-11-17T19:36:20.636+0000] {processor.py:925} INFO - DAG(s) 'data_ingestion_gcs_dag' retrieved from /opt/airflow/dags/fds.py
[2024-11-17T19:36:20.655+0000] {logging_mixin.py:190} INFO - [2024-11-17T19:36:20.654+0000] {dag.py:3239} INFO - Sync 1 DAGs
[2024-11-17T19:36:20.667+0000] {logging_mixin.py:190} INFO - [2024-11-17T19:36:20.667+0000] {dag.py:4180} INFO - Setting next_dagrun for data_ingestion_gcs_dag to 2024-11-17 00:00:00+00:00, run_after=2024-11-18 00:00:00+00:00
[2024-11-17T19:36:20.675+0000] {processor.py:208} INFO - Processing /opt/airflow/dags/fds.py took 0.066 seconds
[2024-11-17T19:40:47.845+0000] {processor.py:186} INFO - Started process (PID=6026) to work on /opt/airflow/dags/fds.py
[2024-11-17T19:40:47.847+0000] {processor.py:914} INFO - Processing file /opt/airflow/dags/fds.py for tasks to queue
[2024-11-17T19:40:47.852+0000] {logging_mixin.py:190} INFO - [2024-11-17T19:40:47.851+0000] {dagbag.py:588} INFO - Filling up the DagBag from /opt/airflow/dags/fds.py
[2024-11-17T19:40:47.885+0000] {processor.py:925} INFO - DAG(s) 'data_ingestion_gcs_dag' retrieved from /opt/airflow/dags/fds.py
[2024-11-17T19:40:47.905+0000] {logging_mixin.py:190} INFO - [2024-11-17T19:40:47.905+0000] {dag.py:3239} INFO - Sync 1 DAGs
[2024-11-17T19:40:47.921+0000] {logging_mixin.py:190} INFO - [2024-11-17T19:40:47.921+0000] {dag.py:4180} INFO - Setting next_dagrun for data_ingestion_gcs_dag to 2024-11-17 00:00:00+00:00, run_after=2024-11-18 00:00:00+00:00
[2024-11-17T19:40:47.931+0000] {processor.py:208} INFO - Processing /opt/airflow/dags/fds.py took 0.097 seconds
[2024-11-17T19:50:46.466+0000] {processor.py:186} INFO - Started process (PID=6033) to work on /opt/airflow/dags/fds.py
[2024-11-17T19:50:46.467+0000] {processor.py:914} INFO - Processing file /opt/airflow/dags/fds.py for tasks to queue
[2024-11-17T19:50:46.471+0000] {logging_mixin.py:190} INFO - [2024-11-17T19:50:46.470+0000] {dagbag.py:588} INFO - Filling up the DagBag from /opt/airflow/dags/fds.py
[2024-11-17T19:50:46.504+0000] {processor.py:925} INFO - DAG(s) 'data_ingestion_gcs_dag' retrieved from /opt/airflow/dags/fds.py
[2024-11-17T19:50:46.528+0000] {logging_mixin.py:190} INFO - [2024-11-17T19:50:46.528+0000] {dag.py:3239} INFO - Sync 1 DAGs
[2024-11-17T19:50:46.546+0000] {logging_mixin.py:190} INFO - [2024-11-17T19:50:46.546+0000] {dag.py:4180} INFO - Setting next_dagrun for data_ingestion_gcs_dag to 2024-11-17 00:00:00+00:00, run_after=2024-11-18 00:00:00+00:00
[2024-11-17T19:50:46.557+0000] {processor.py:208} INFO - Processing /opt/airflow/dags/fds.py took 0.098 seconds
[2024-11-17T20:10:44.477+0000] {processor.py:186} INFO - Started process (PID=6040) to work on /opt/airflow/dags/fds.py
[2024-11-17T20:10:44.478+0000] {processor.py:914} INFO - Processing file /opt/airflow/dags/fds.py for tasks to queue
[2024-11-17T20:10:44.481+0000] {logging_mixin.py:190} INFO - [2024-11-17T20:10:44.481+0000] {dagbag.py:588} INFO - Filling up the DagBag from /opt/airflow/dags/fds.py
[2024-11-17T20:10:44.502+0000] {processor.py:925} INFO - DAG(s) 'data_ingestion_gcs_dag' retrieved from /opt/airflow/dags/fds.py
[2024-11-17T20:10:44.535+0000] {logging_mixin.py:190} INFO - [2024-11-17T20:10:44.535+0000] {dag.py:3239} INFO - Sync 1 DAGs
[2024-11-17T20:10:44.551+0000] {logging_mixin.py:190} INFO - [2024-11-17T20:10:44.551+0000] {dag.py:4180} INFO - Setting next_dagrun for data_ingestion_gcs_dag to 2024-11-17 00:00:00+00:00, run_after=2024-11-18 00:00:00+00:00
[2024-11-17T20:10:44.561+0000] {processor.py:208} INFO - Processing /opt/airflow/dags/fds.py took 0.098 seconds
[2024-11-17T20:15:50.175+0000] {processor.py:186} INFO - Started process (PID=6047) to work on /opt/airflow/dags/fds.py
[2024-11-17T20:15:50.176+0000] {processor.py:914} INFO - Processing file /opt/airflow/dags/fds.py for tasks to queue
[2024-11-17T20:15:50.178+0000] {logging_mixin.py:190} INFO - [2024-11-17T20:15:50.178+0000] {dagbag.py:588} INFO - Filling up the DagBag from /opt/airflow/dags/fds.py
[2024-11-17T20:15:50.198+0000] {processor.py:925} INFO - DAG(s) 'data_ingestion_gcs_dag' retrieved from /opt/airflow/dags/fds.py
[2024-11-17T20:15:50.214+0000] {logging_mixin.py:190} INFO - [2024-11-17T20:15:50.214+0000] {dag.py:3239} INFO - Sync 1 DAGs
[2024-11-17T20:15:50.229+0000] {logging_mixin.py:190} INFO - [2024-11-17T20:15:50.229+0000] {dag.py:4180} INFO - Setting next_dagrun for data_ingestion_gcs_dag to 2024-11-17 00:00:00+00:00, run_after=2024-11-18 00:00:00+00:00
[2024-11-17T20:15:50.238+0000] {processor.py:208} INFO - Processing /opt/airflow/dags/fds.py took 0.069 seconds
[2024-11-17T20:35:45.531+0000] {processor.py:186} INFO - Started process (PID=6054) to work on /opt/airflow/dags/fds.py
[2024-11-17T20:35:45.532+0000] {processor.py:914} INFO - Processing file /opt/airflow/dags/fds.py for tasks to queue
[2024-11-17T20:35:45.536+0000] {logging_mixin.py:190} INFO - [2024-11-17T20:35:45.536+0000] {dagbag.py:588} INFO - Filling up the DagBag from /opt/airflow/dags/fds.py
[2024-11-17T20:35:45.563+0000] {processor.py:925} INFO - DAG(s) 'data_ingestion_gcs_dag' retrieved from /opt/airflow/dags/fds.py
[2024-11-17T20:35:45.581+0000] {logging_mixin.py:190} INFO - [2024-11-17T20:35:45.581+0000] {dag.py:3239} INFO - Sync 1 DAGs
[2024-11-17T20:35:45.595+0000] {logging_mixin.py:190} INFO - [2024-11-17T20:35:45.595+0000] {dag.py:4180} INFO - Setting next_dagrun for data_ingestion_gcs_dag to 2024-11-17 00:00:00+00:00, run_after=2024-11-18 00:00:00+00:00
[2024-11-17T20:35:45.604+0000] {processor.py:208} INFO - Processing /opt/airflow/dags/fds.py took 0.082 seconds
[2024-11-17T20:41:07.787+0000] {processor.py:186} INFO - Started process (PID=6061) to work on /opt/airflow/dags/fds.py
[2024-11-17T20:41:07.788+0000] {processor.py:914} INFO - Processing file /opt/airflow/dags/fds.py for tasks to queue
[2024-11-17T20:41:07.792+0000] {logging_mixin.py:190} INFO - [2024-11-17T20:41:07.791+0000] {dagbag.py:588} INFO - Filling up the DagBag from /opt/airflow/dags/fds.py
[2024-11-17T20:41:07.817+0000] {processor.py:925} INFO - DAG(s) 'data_ingestion_gcs_dag' retrieved from /opt/airflow/dags/fds.py
[2024-11-17T20:41:07.830+0000] {logging_mixin.py:190} INFO - [2024-11-17T20:41:07.830+0000] {dag.py:3239} INFO - Sync 1 DAGs
[2024-11-17T20:41:07.845+0000] {logging_mixin.py:190} INFO - [2024-11-17T20:41:07.844+0000] {dag.py:4180} INFO - Setting next_dagrun for data_ingestion_gcs_dag to 2024-11-17 00:00:00+00:00, run_after=2024-11-18 00:00:00+00:00
[2024-11-17T20:41:07.853+0000] {processor.py:208} INFO - Processing /opt/airflow/dags/fds.py took 0.075 seconds
[2024-11-17T20:50:58.212+0000] {processor.py:186} INFO - Started process (PID=6068) to work on /opt/airflow/dags/fds.py
[2024-11-17T20:50:58.212+0000] {processor.py:914} INFO - Processing file /opt/airflow/dags/fds.py for tasks to queue
[2024-11-17T20:50:58.214+0000] {logging_mixin.py:190} INFO - [2024-11-17T20:50:58.213+0000] {dagbag.py:588} INFO - Filling up the DagBag from /opt/airflow/dags/fds.py
[2024-11-17T20:50:58.226+0000] {processor.py:925} INFO - DAG(s) 'data_ingestion_gcs_dag' retrieved from /opt/airflow/dags/fds.py
[2024-11-17T20:50:58.238+0000] {logging_mixin.py:190} INFO - [2024-11-17T20:50:58.238+0000] {dag.py:3239} INFO - Sync 1 DAGs
[2024-11-17T20:50:58.248+0000] {logging_mixin.py:190} INFO - [2024-11-17T20:50:58.248+0000] {dag.py:4180} INFO - Setting next_dagrun for data_ingestion_gcs_dag to 2024-11-17 00:00:00+00:00, run_after=2024-11-18 00:00:00+00:00
[2024-11-17T20:50:58.256+0000] {processor.py:208} INFO - Processing /opt/airflow/dags/fds.py took 0.048 seconds
[2024-11-17T21:10:44.318+0000] {processor.py:186} INFO - Started process (PID=6075) to work on /opt/airflow/dags/fds.py
[2024-11-17T21:10:44.318+0000] {processor.py:914} INFO - Processing file /opt/airflow/dags/fds.py for tasks to queue
[2024-11-17T21:10:44.320+0000] {logging_mixin.py:190} INFO - [2024-11-17T21:10:44.320+0000] {dagbag.py:588} INFO - Filling up the DagBag from /opt/airflow/dags/fds.py
[2024-11-17T21:10:44.335+0000] {processor.py:925} INFO - DAG(s) 'data_ingestion_gcs_dag' retrieved from /opt/airflow/dags/fds.py
[2024-11-17T21:10:44.350+0000] {logging_mixin.py:190} INFO - [2024-11-17T21:10:44.350+0000] {dag.py:3239} INFO - Sync 1 DAGs
[2024-11-17T21:10:44.365+0000] {logging_mixin.py:190} INFO - [2024-11-17T21:10:44.365+0000] {dag.py:4180} INFO - Setting next_dagrun for data_ingestion_gcs_dag to 2024-11-17 00:00:00+00:00, run_after=2024-11-18 00:00:00+00:00
[2024-11-17T21:10:44.373+0000] {processor.py:208} INFO - Processing /opt/airflow/dags/fds.py took 0.059 seconds
[2024-11-17T21:15:48.587+0000] {processor.py:186} INFO - Started process (PID=6082) to work on /opt/airflow/dags/fds.py
[2024-11-17T21:15:48.589+0000] {processor.py:914} INFO - Processing file /opt/airflow/dags/fds.py for tasks to queue
[2024-11-17T21:15:48.595+0000] {logging_mixin.py:190} INFO - [2024-11-17T21:15:48.595+0000] {dagbag.py:588} INFO - Filling up the DagBag from /opt/airflow/dags/fds.py
[2024-11-17T21:15:48.621+0000] {processor.py:925} INFO - DAG(s) 'data_ingestion_gcs_dag' retrieved from /opt/airflow/dags/fds.py
[2024-11-17T21:15:48.637+0000] {logging_mixin.py:190} INFO - [2024-11-17T21:15:48.637+0000] {dag.py:3239} INFO - Sync 1 DAGs
[2024-11-17T21:15:48.651+0000] {logging_mixin.py:190} INFO - [2024-11-17T21:15:48.651+0000] {dag.py:4180} INFO - Setting next_dagrun for data_ingestion_gcs_dag to 2024-11-17 00:00:00+00:00, run_after=2024-11-18 00:00:00+00:00
[2024-11-17T21:15:48.660+0000] {processor.py:208} INFO - Processing /opt/airflow/dags/fds.py took 0.085 seconds
[2024-11-17T21:35:47.168+0000] {processor.py:186} INFO - Started process (PID=6089) to work on /opt/airflow/dags/fds.py
[2024-11-17T21:35:47.169+0000] {processor.py:914} INFO - Processing file /opt/airflow/dags/fds.py for tasks to queue
[2024-11-17T21:35:47.173+0000] {logging_mixin.py:190} INFO - [2024-11-17T21:35:47.172+0000] {dagbag.py:588} INFO - Filling up the DagBag from /opt/airflow/dags/fds.py
[2024-11-17T21:35:47.197+0000] {processor.py:925} INFO - DAG(s) 'data_ingestion_gcs_dag' retrieved from /opt/airflow/dags/fds.py
[2024-11-17T21:35:47.223+0000] {logging_mixin.py:190} INFO - [2024-11-17T21:35:47.223+0000] {dag.py:3239} INFO - Sync 1 DAGs
[2024-11-17T21:35:47.241+0000] {logging_mixin.py:190} INFO - [2024-11-17T21:35:47.240+0000] {dag.py:4180} INFO - Setting next_dagrun for data_ingestion_gcs_dag to 2024-11-17 00:00:00+00:00, run_after=2024-11-18 00:00:00+00:00
[2024-11-17T21:35:47.255+0000] {processor.py:208} INFO - Processing /opt/airflow/dags/fds.py took 0.093 seconds
[2024-11-17T21:45:58.241+0000] {processor.py:186} INFO - Started process (PID=6096) to work on /opt/airflow/dags/fds.py
[2024-11-17T21:45:58.242+0000] {processor.py:914} INFO - Processing file /opt/airflow/dags/fds.py for tasks to queue
[2024-11-17T21:45:58.255+0000] {logging_mixin.py:190} INFO - [2024-11-17T21:45:58.255+0000] {dagbag.py:588} INFO - Filling up the DagBag from /opt/airflow/dags/fds.py
[2024-11-17T21:45:58.280+0000] {processor.py:925} INFO - DAG(s) 'data_ingestion_gcs_dag' retrieved from /opt/airflow/dags/fds.py
[2024-11-17T21:45:58.294+0000] {logging_mixin.py:190} INFO - [2024-11-17T21:45:58.294+0000] {dag.py:3239} INFO - Sync 1 DAGs
[2024-11-17T21:45:58.306+0000] {logging_mixin.py:190} INFO - [2024-11-17T21:45:58.306+0000] {dag.py:4180} INFO - Setting next_dagrun for data_ingestion_gcs_dag to 2024-11-17 00:00:00+00:00, run_after=2024-11-18 00:00:00+00:00
[2024-11-17T21:45:58.313+0000] {processor.py:208} INFO - Processing /opt/airflow/dags/fds.py took 0.086 seconds
[2024-11-17T21:46:28.669+0000] {processor.py:186} INFO - Started process (PID=6103) to work on /opt/airflow/dags/fds.py
[2024-11-17T21:46:28.671+0000] {processor.py:914} INFO - Processing file /opt/airflow/dags/fds.py for tasks to queue
[2024-11-17T21:46:28.675+0000] {logging_mixin.py:190} INFO - [2024-11-17T21:46:28.674+0000] {dagbag.py:588} INFO - Filling up the DagBag from /opt/airflow/dags/fds.py
[2024-11-17T21:46:28.739+0000] {processor.py:925} INFO - DAG(s) 'data_ingestion_gcs_dag' retrieved from /opt/airflow/dags/fds.py
[2024-11-17T21:46:28.763+0000] {logging_mixin.py:190} INFO - [2024-11-17T21:46:28.763+0000] {dag.py:3239} INFO - Sync 1 DAGs
[2024-11-17T21:46:28.780+0000] {logging_mixin.py:190} INFO - [2024-11-17T21:46:28.780+0000] {dag.py:4180} INFO - Setting next_dagrun for data_ingestion_gcs_dag to 2024-11-17 00:00:00+00:00, run_after=2024-11-18 00:00:00+00:00
[2024-11-17T21:46:28.792+0000] {processor.py:208} INFO - Processing /opt/airflow/dags/fds.py took 0.135 seconds
[2024-11-17T21:50:47.407+0000] {processor.py:186} INFO - Started process (PID=6109) to work on /opt/airflow/dags/fds.py
[2024-11-17T21:50:47.407+0000] {processor.py:914} INFO - Processing file /opt/airflow/dags/fds.py for tasks to queue
[2024-11-17T21:50:47.410+0000] {logging_mixin.py:190} INFO - [2024-11-17T21:50:47.410+0000] {dagbag.py:588} INFO - Filling up the DagBag from /opt/airflow/dags/fds.py
[2024-11-17T21:50:47.424+0000] {processor.py:925} INFO - DAG(s) 'data_ingestion_gcs_dag' retrieved from /opt/airflow/dags/fds.py
[2024-11-17T21:50:47.438+0000] {logging_mixin.py:190} INFO - [2024-11-17T21:50:47.438+0000] {dag.py:3239} INFO - Sync 1 DAGs
[2024-11-17T21:50:47.451+0000] {logging_mixin.py:190} INFO - [2024-11-17T21:50:47.451+0000] {dag.py:4180} INFO - Setting next_dagrun for data_ingestion_gcs_dag to 2024-11-17 00:00:00+00:00, run_after=2024-11-18 00:00:00+00:00
[2024-11-17T21:50:47.459+0000] {processor.py:208} INFO - Processing /opt/airflow/dags/fds.py took 0.058 seconds
[2024-11-17T22:10:45.670+0000] {processor.py:186} INFO - Started process (PID=6116) to work on /opt/airflow/dags/fds.py
[2024-11-17T22:10:45.672+0000] {processor.py:914} INFO - Processing file /opt/airflow/dags/fds.py for tasks to queue
[2024-11-17T22:10:45.682+0000] {logging_mixin.py:190} INFO - [2024-11-17T22:10:45.680+0000] {dagbag.py:588} INFO - Filling up the DagBag from /opt/airflow/dags/fds.py
[2024-11-17T22:10:45.765+0000] {processor.py:925} INFO - DAG(s) 'data_ingestion_gcs_dag' retrieved from /opt/airflow/dags/fds.py
[2024-11-17T22:10:45.851+0000] {logging_mixin.py:190} INFO - [2024-11-17T22:10:45.850+0000] {dag.py:3239} INFO - Sync 1 DAGs
[2024-11-17T22:10:45.869+0000] {logging_mixin.py:190} INFO - [2024-11-17T22:10:45.869+0000] {dag.py:4180} INFO - Setting next_dagrun for data_ingestion_gcs_dag to 2024-11-17 00:00:00+00:00, run_after=2024-11-18 00:00:00+00:00
[2024-11-17T22:10:45.913+0000] {processor.py:208} INFO - Processing /opt/airflow/dags/fds.py took 0.260 seconds
[2024-11-17T22:20:44.161+0000] {processor.py:186} INFO - Started process (PID=6123) to work on /opt/airflow/dags/fds.py
[2024-11-17T22:20:44.162+0000] {processor.py:914} INFO - Processing file /opt/airflow/dags/fds.py for tasks to queue
[2024-11-17T22:20:44.165+0000] {logging_mixin.py:190} INFO - [2024-11-17T22:20:44.164+0000] {dagbag.py:588} INFO - Filling up the DagBag from /opt/airflow/dags/fds.py
[2024-11-17T22:20:44.183+0000] {processor.py:925} INFO - DAG(s) 'data_ingestion_gcs_dag' retrieved from /opt/airflow/dags/fds.py
[2024-11-17T22:20:44.197+0000] {logging_mixin.py:190} INFO - [2024-11-17T22:20:44.197+0000] {dag.py:3239} INFO - Sync 1 DAGs
[2024-11-17T22:20:44.209+0000] {logging_mixin.py:190} INFO - [2024-11-17T22:20:44.208+0000] {dag.py:4180} INFO - Setting next_dagrun for data_ingestion_gcs_dag to 2024-11-17 00:00:00+00:00, run_after=2024-11-18 00:00:00+00:00
[2024-11-17T22:20:44.217+0000] {processor.py:208} INFO - Processing /opt/airflow/dags/fds.py took 0.066 seconds
[2024-11-17T22:35:49.709+0000] {processor.py:186} INFO - Started process (PID=6130) to work on /opt/airflow/dags/fds.py
[2024-11-17T22:35:49.711+0000] {processor.py:914} INFO - Processing file /opt/airflow/dags/fds.py for tasks to queue
[2024-11-17T22:35:49.719+0000] {logging_mixin.py:190} INFO - [2024-11-17T22:35:49.718+0000] {dagbag.py:588} INFO - Filling up the DagBag from /opt/airflow/dags/fds.py
[2024-11-17T22:35:49.785+0000] {processor.py:925} INFO - DAG(s) 'data_ingestion_gcs_dag' retrieved from /opt/airflow/dags/fds.py
[2024-11-17T22:35:49.806+0000] {logging_mixin.py:190} INFO - [2024-11-17T22:35:49.806+0000] {dag.py:3239} INFO - Sync 1 DAGs
[2024-11-17T22:35:49.821+0000] {logging_mixin.py:190} INFO - [2024-11-17T22:35:49.821+0000] {dag.py:4180} INFO - Setting next_dagrun for data_ingestion_gcs_dag to 2024-11-17 00:00:00+00:00, run_after=2024-11-18 00:00:00+00:00
[2024-11-17T22:35:49.831+0000] {processor.py:208} INFO - Processing /opt/airflow/dags/fds.py took 0.133 seconds
[2024-11-17T22:50:56.594+0000] {processor.py:186} INFO - Started process (PID=6137) to work on /opt/airflow/dags/fds.py
[2024-11-17T22:50:56.595+0000] {processor.py:914} INFO - Processing file /opt/airflow/dags/fds.py for tasks to queue
[2024-11-17T22:50:56.601+0000] {logging_mixin.py:190} INFO - [2024-11-17T22:50:56.600+0000] {dagbag.py:588} INFO - Filling up the DagBag from /opt/airflow/dags/fds.py
[2024-11-17T22:50:56.627+0000] {processor.py:925} INFO - DAG(s) 'data_ingestion_gcs_dag' retrieved from /opt/airflow/dags/fds.py
[2024-11-17T22:50:56.641+0000] {logging_mixin.py:190} INFO - [2024-11-17T22:50:56.641+0000] {dag.py:3239} INFO - Sync 1 DAGs
[2024-11-17T22:50:56.656+0000] {logging_mixin.py:190} INFO - [2024-11-17T22:50:56.656+0000] {dag.py:4180} INFO - Setting next_dagrun for data_ingestion_gcs_dag to 2024-11-17 00:00:00+00:00, run_after=2024-11-18 00:00:00+00:00
[2024-11-17T22:50:56.666+0000] {processor.py:208} INFO - Processing /opt/airflow/dags/fds.py took 0.082 seconds
[2024-11-17T23:00:46.039+0000] {processor.py:186} INFO - Started process (PID=6144) to work on /opt/airflow/dags/fds.py
[2024-11-17T23:00:46.040+0000] {processor.py:914} INFO - Processing file /opt/airflow/dags/fds.py for tasks to queue
[2024-11-17T23:00:46.044+0000] {logging_mixin.py:190} INFO - [2024-11-17T23:00:46.043+0000] {dagbag.py:588} INFO - Filling up the DagBag from /opt/airflow/dags/fds.py
[2024-11-17T23:00:46.067+0000] {processor.py:925} INFO - DAG(s) 'data_ingestion_gcs_dag' retrieved from /opt/airflow/dags/fds.py
[2024-11-17T23:00:46.085+0000] {logging_mixin.py:190} INFO - [2024-11-17T23:00:46.085+0000] {dag.py:3239} INFO - Sync 1 DAGs
[2024-11-17T23:00:46.102+0000] {logging_mixin.py:190} INFO - [2024-11-17T23:00:46.102+0000] {dag.py:4180} INFO - Setting next_dagrun for data_ingestion_gcs_dag to 2024-11-17 00:00:00+00:00, run_after=2024-11-18 00:00:00+00:00
[2024-11-17T23:00:46.113+0000] {processor.py:208} INFO - Processing /opt/airflow/dags/fds.py took 0.080 seconds
[2024-11-17T23:20:42.930+0000] {processor.py:186} INFO - Started process (PID=6151) to work on /opt/airflow/dags/fds.py
[2024-11-17T23:20:42.930+0000] {processor.py:914} INFO - Processing file /opt/airflow/dags/fds.py for tasks to queue
[2024-11-17T23:20:42.933+0000] {logging_mixin.py:190} INFO - [2024-11-17T23:20:42.933+0000] {dagbag.py:588} INFO - Filling up the DagBag from /opt/airflow/dags/fds.py
[2024-11-17T23:20:42.954+0000] {processor.py:925} INFO - DAG(s) 'data_ingestion_gcs_dag' retrieved from /opt/airflow/dags/fds.py
[2024-11-17T23:20:42.977+0000] {logging_mixin.py:190} INFO - [2024-11-17T23:20:42.976+0000] {dag.py:3239} INFO - Sync 1 DAGs
[2024-11-17T23:20:42.996+0000] {logging_mixin.py:190} INFO - [2024-11-17T23:20:42.996+0000] {dag.py:4180} INFO - Setting next_dagrun for data_ingestion_gcs_dag to 2024-11-17 00:00:00+00:00, run_after=2024-11-18 00:00:00+00:00
[2024-11-17T23:20:43.009+0000] {processor.py:208} INFO - Processing /opt/airflow/dags/fds.py took 0.085 seconds
[2024-11-17T23:30:53.704+0000] {processor.py:186} INFO - Started process (PID=6158) to work on /opt/airflow/dags/fds.py
[2024-11-17T23:30:53.705+0000] {processor.py:914} INFO - Processing file /opt/airflow/dags/fds.py for tasks to queue
[2024-11-17T23:30:53.708+0000] {logging_mixin.py:190} INFO - [2024-11-17T23:30:53.708+0000] {dagbag.py:588} INFO - Filling up the DagBag from /opt/airflow/dags/fds.py
[2024-11-17T23:30:53.730+0000] {processor.py:925} INFO - DAG(s) 'data_ingestion_gcs_dag' retrieved from /opt/airflow/dags/fds.py
[2024-11-17T23:30:53.756+0000] {logging_mixin.py:190} INFO - [2024-11-17T23:30:53.756+0000] {dag.py:3239} INFO - Sync 1 DAGs
[2024-11-17T23:30:53.772+0000] {logging_mixin.py:190} INFO - [2024-11-17T23:30:53.772+0000] {dag.py:4180} INFO - Setting next_dagrun for data_ingestion_gcs_dag to 2024-11-17 00:00:00+00:00, run_after=2024-11-18 00:00:00+00:00
[2024-11-17T23:30:53.784+0000] {processor.py:208} INFO - Processing /opt/airflow/dags/fds.py took 0.088 seconds
[2024-11-17T23:41:01.153+0000] {processor.py:186} INFO - Started process (PID=6165) to work on /opt/airflow/dags/fds.py
[2024-11-17T23:41:01.154+0000] {processor.py:914} INFO - Processing file /opt/airflow/dags/fds.py for tasks to queue
[2024-11-17T23:41:01.159+0000] {logging_mixin.py:190} INFO - [2024-11-17T23:41:01.158+0000] {dagbag.py:588} INFO - Filling up the DagBag from /opt/airflow/dags/fds.py
[2024-11-17T23:41:01.187+0000] {processor.py:925} INFO - DAG(s) 'data_ingestion_gcs_dag' retrieved from /opt/airflow/dags/fds.py
[2024-11-17T23:41:01.208+0000] {logging_mixin.py:190} INFO - [2024-11-17T23:41:01.208+0000] {dag.py:3239} INFO - Sync 1 DAGs
[2024-11-17T23:41:01.223+0000] {logging_mixin.py:190} INFO - [2024-11-17T23:41:01.223+0000] {dag.py:4180} INFO - Setting next_dagrun for data_ingestion_gcs_dag to 2024-11-17 00:00:00+00:00, run_after=2024-11-18 00:00:00+00:00
[2024-11-17T23:41:01.233+0000] {processor.py:208} INFO - Processing /opt/airflow/dags/fds.py took 0.091 seconds
[2024-11-17T23:50:46.813+0000] {processor.py:186} INFO - Started process (PID=6172) to work on /opt/airflow/dags/fds.py
[2024-11-17T23:50:46.814+0000] {processor.py:914} INFO - Processing file /opt/airflow/dags/fds.py for tasks to queue
[2024-11-17T23:50:46.818+0000] {logging_mixin.py:190} INFO - [2024-11-17T23:50:46.817+0000] {dagbag.py:588} INFO - Filling up the DagBag from /opt/airflow/dags/fds.py
[2024-11-17T23:50:46.841+0000] {processor.py:925} INFO - DAG(s) 'data_ingestion_gcs_dag' retrieved from /opt/airflow/dags/fds.py
[2024-11-17T23:50:46.856+0000] {logging_mixin.py:190} INFO - [2024-11-17T23:50:46.856+0000] {dag.py:3239} INFO - Sync 1 DAGs
[2024-11-17T23:50:46.869+0000] {logging_mixin.py:190} INFO - [2024-11-17T23:50:46.869+0000] {dag.py:4180} INFO - Setting next_dagrun for data_ingestion_gcs_dag to 2024-11-17 00:00:00+00:00, run_after=2024-11-18 00:00:00+00:00
[2024-11-17T23:50:46.876+0000] {processor.py:208} INFO - Processing /opt/airflow/dags/fds.py took 0.073 seconds
[2024-11-17T23:56:05.033+0000] {processor.py:186} INFO - Started process (PID=6179) to work on /opt/airflow/dags/fds.py
[2024-11-17T23:56:05.034+0000] {processor.py:914} INFO - Processing file /opt/airflow/dags/fds.py for tasks to queue
[2024-11-17T23:56:05.038+0000] {logging_mixin.py:190} INFO - [2024-11-17T23:56:05.038+0000] {dagbag.py:588} INFO - Filling up the DagBag from /opt/airflow/dags/fds.py
[2024-11-17T23:56:05.070+0000] {processor.py:925} INFO - DAG(s) 'data_ingestion_gcs_dag' retrieved from /opt/airflow/dags/fds.py
[2024-11-17T23:56:05.092+0000] {logging_mixin.py:190} INFO - [2024-11-17T23:56:05.091+0000] {dag.py:3239} INFO - Sync 1 DAGs
[2024-11-17T23:56:05.109+0000] {logging_mixin.py:190} INFO - [2024-11-17T23:56:05.109+0000] {dag.py:4180} INFO - Setting next_dagrun for data_ingestion_gcs_dag to 2024-11-17 00:00:00+00:00, run_after=2024-11-18 00:00:00+00:00
[2024-11-17T23:56:05.119+0000] {processor.py:208} INFO - Processing /opt/airflow/dags/fds.py took 0.092 seconds
