[2024-12-09T23:46:00.829+0000] {local_task_job_runner.py:123} INFO - ::group::Pre task execution logs
[2024-12-09T23:46:00.866+0000] {taskinstance.py:2613} INFO - Dependencies all met for dep_context=non-requeueable deps ti=<TaskInstance: homework_dag_v2.download_dataset scheduled__2021-08-01T00:00:00+00:00 [queued]>
[2024-12-09T23:46:00.886+0000] {taskinstance.py:2613} INFO - Dependencies all met for dep_context=requeueable deps ti=<TaskInstance: homework_dag_v2.download_dataset scheduled__2021-08-01T00:00:00+00:00 [queued]>
[2024-12-09T23:46:00.888+0000] {taskinstance.py:2866} INFO - Starting attempt 2 of 2
[2024-12-09T23:46:00.911+0000] {taskinstance.py:2889} INFO - Executing <Task(BashOperator): download_dataset> on 2021-08-01 00:00:00+00:00
[2024-12-09T23:46:00.920+0000] {warnings.py:112} WARNING - /home/***/.local/lib/python3.12/site-packages/***/task/task_runner/standard_task_runner.py:70: DeprecationWarning: This process (pid=11857) is multi-threaded, use of fork() may lead to deadlocks in the child.
  pid = os.fork()

[2024-12-09T23:46:00.928+0000] {standard_task_runner.py:72} INFO - Started process 11874 to run task
[2024-12-09T23:46:00.934+0000] {standard_task_runner.py:104} INFO - Running: ['***', 'tasks', 'run', 'homework_dag_v2', 'download_dataset', 'scheduled__2021-08-01T00:00:00+00:00', '--job-id', '172', '--raw', '--subdir', 'DAGS_FOLDER/homework_dag_v2.py', '--cfg-path', '/tmp/tmp3v_y4bs6']
[2024-12-09T23:46:00.938+0000] {standard_task_runner.py:105} INFO - Job 172: Subtask download_dataset
[2024-12-09T23:46:01.165+0000] {task_command.py:467} INFO - Running <TaskInstance: homework_dag_v2.download_dataset scheduled__2021-08-01T00:00:00+00:00 [running]> on host 39ecaeffba2c
[2024-12-09T23:46:01.272+0000] {taskinstance.py:3132} INFO - Exporting env vars: AIRFLOW_CTX_DAG_OWNER='***' AIRFLOW_CTX_DAG_ID='homework_dag_v2' AIRFLOW_CTX_TASK_ID='download_dataset' AIRFLOW_CTX_EXECUTION_DATE='2021-08-01T00:00:00+00:00' AIRFLOW_CTX_TRY_NUMBER='2' AIRFLOW_CTX_DAG_RUN_ID='scheduled__2021-08-01T00:00:00+00:00'
[2024-12-09T23:46:01.282+0000] {taskinstance.py:731} INFO - ::endgroup::
[2024-12-09T23:46:01.297+0000] {subprocess.py:78} INFO - Tmp dir root location: /tmp
[2024-12-09T23:46:01.299+0000] {subprocess.py:88} INFO - Running command: ['/usr/bin/bash', '-c', 'wget https://d37ci6vzurychx.cloudfront.net/trip-data/green_tripdata_2021-08.parquet -O /opt/***/green_tripdata_2021-08.parquet']
[2024-12-09T23:46:01.308+0000] {subprocess.py:99} INFO - Output:
[2024-12-09T23:46:01.311+0000] {subprocess.py:106} INFO - --2024-12-09 23:46:01--  https://d37ci6vzurychx.cloudfront.net/trip-data/green_tripdata_2021-08.parquet
[2024-12-09T23:46:01.327+0000] {subprocess.py:106} INFO - Resolving d37ci6vzurychx.cloudfront.net (d37ci6vzurychx.cloudfront.net)... 52.85.39.117, 52.85.39.97, 52.85.39.153, ...
[2024-12-09T23:46:01.342+0000] {subprocess.py:106} INFO - Connecting to d37ci6vzurychx.cloudfront.net (d37ci6vzurychx.cloudfront.net)|52.85.39.117|:443... connected.
[2024-12-09T23:46:01.730+0000] {subprocess.py:106} INFO - HTTP request sent, awaiting response... 200 OK
[2024-12-09T23:46:01.731+0000] {subprocess.py:106} INFO - Length: 1614286 (1.5M) [binary/octet-stream]
[2024-12-09T23:46:01.731+0000] {subprocess.py:106} INFO - Saving to: ‘/opt/***/green_tripdata_2021-08.parquet’
[2024-12-09T23:46:01.731+0000] {subprocess.py:106} INFO - 
[2024-12-09T23:46:01.850+0000] {subprocess.py:106} INFO -      0K .......... .......... .......... .......... ..........  3%  786K 2s
[2024-12-09T23:46:01.873+0000] {subprocess.py:106} INFO -     50K .......... .......... .......... .......... ..........  6%  637K 2s
[2024-12-09T23:46:01.909+0000] {subprocess.py:106} INFO -    100K .......... .......... .......... .......... ..........  9% 1.33M 2s
[2024-12-09T23:46:01.916+0000] {subprocess.py:106} INFO -    150K .......... .......... .......... .......... .......... 12% 7.23M 1s
[2024-12-09T23:46:01.924+0000] {subprocess.py:106} INFO -    200K .......... .......... .......... .......... .......... 15% 6.31M 1s
[2024-12-09T23:46:01.969+0000] {subprocess.py:106} INFO -    250K .......... .......... .......... .......... .......... 19% 1.09M 1s
[2024-12-09T23:46:01.986+0000] {subprocess.py:106} INFO -    300K .......... .......... .......... .......... .......... 22% 2.78M 1s
[2024-12-09T23:46:01.991+0000] {subprocess.py:106} INFO -    350K .......... .......... .......... .......... .......... 25% 59.6M 1s
[2024-12-09T23:46:01.994+0000] {subprocess.py:106} INFO -    400K .......... .......... .......... .......... .......... 28% 41.4M 1s
[2024-12-09T23:46:02.005+0000] {subprocess.py:106} INFO -    450K .......... .......... .......... .......... .......... 31% 3.03M 1s
[2024-12-09T23:46:02.007+0000] {subprocess.py:106} INFO -    500K .......... .......... .......... .......... .......... 34% 21.1M 1s
[2024-12-09T23:46:02.026+0000] {subprocess.py:106} INFO -    550K .......... .......... .......... .......... .......... 38% 2.50M 0s
[2024-12-09T23:46:02.027+0000] {subprocess.py:106} INFO -    600K .......... .......... .......... .......... .......... 41% 51.0M 0s
[2024-12-09T23:46:02.029+0000] {subprocess.py:106} INFO -    650K .......... .......... .......... .......... .......... 44% 28.8M 0s
[2024-12-09T23:46:02.030+0000] {subprocess.py:106} INFO -    700K .......... .......... .......... .......... .......... 47% 29.9M 0s
[2024-12-09T23:46:02.032+0000] {subprocess.py:106} INFO -    750K .......... .......... .......... .......... .......... 50% 28.1M 0s
[2024-12-09T23:46:02.049+0000] {subprocess.py:106} INFO -    800K .......... .......... .......... .......... .......... 53% 2.86M 0s
[2024-12-09T23:46:02.053+0000] {subprocess.py:106} INFO -    850K .......... .......... .......... .......... .......... 57%  172M 0s
[2024-12-09T23:46:02.054+0000] {subprocess.py:106} INFO -    900K .......... .......... .......... .......... .......... 60% 63.1M 0s
[2024-12-09T23:46:02.054+0000] {subprocess.py:106} INFO -    950K .......... .......... .......... .......... .......... 63%  103M 0s
[2024-12-09T23:46:02.054+0000] {subprocess.py:106} INFO -   1000K .......... .......... .......... .......... .......... 66% 43.3M 0s
[2024-12-09T23:46:02.055+0000] {subprocess.py:106} INFO -   1050K .......... .......... .......... .......... .......... 69%  103M 0s
[2024-12-09T23:46:02.055+0000] {subprocess.py:106} INFO -   1100K .......... .......... .......... .......... .......... 72%  216M 0s
[2024-12-09T23:46:02.055+0000] {subprocess.py:106} INFO -   1150K .......... .......... .......... .......... .......... 76%  249M 0s
[2024-12-09T23:46:02.088+0000] {subprocess.py:106} INFO -   1200K .......... .......... .......... .......... .......... 79% 1.40M 0s
[2024-12-09T23:46:02.088+0000] {subprocess.py:106} INFO -   1250K .......... .......... .......... .......... .......... 82% 87.8M 0s
[2024-12-09T23:46:02.089+0000] {subprocess.py:106} INFO -   1300K .......... .......... .......... .......... .......... 85% 48.3M 0s
[2024-12-09T23:46:02.090+0000] {subprocess.py:106} INFO -   1350K .......... .......... .......... .......... .......... 88% 54.8M 0s
[2024-12-09T23:46:02.091+0000] {subprocess.py:106} INFO -   1400K .......... .......... .......... .......... .......... 91% 88.6M 0s
[2024-12-09T23:46:02.092+0000] {subprocess.py:106} INFO -   1450K .......... .......... .......... .......... .......... 95% 30.0M 0s
[2024-12-09T23:46:02.093+0000] {subprocess.py:106} INFO -   1500K .......... .......... .......... .......... .......... 98% 54.3M 0s
[2024-12-09T23:46:02.096+0000] {subprocess.py:106} INFO -   1550K .......... .......... ......                          100% 10.4M=0.4s
[2024-12-09T23:46:02.096+0000] {subprocess.py:106} INFO - 
[2024-12-09T23:46:02.096+0000] {subprocess.py:106} INFO - 2024-12-09 23:46:02 (4.22 MB/s) - ‘/opt/***/green_tripdata_2021-08.parquet’ saved [1614286/1614286]
[2024-12-09T23:46:02.097+0000] {subprocess.py:106} INFO - 
[2024-12-09T23:46:02.097+0000] {subprocess.py:110} INFO - Command exited with return code 0
[2024-12-09T23:46:02.117+0000] {taskinstance.py:340} INFO - ::group::Post task execution logs
[2024-12-09T23:46:02.118+0000] {taskinstance.py:352} INFO - Marking task as SUCCESS. dag_id=homework_dag_v2, task_id=download_dataset, run_id=scheduled__2021-08-01T00:00:00+00:00, execution_date=20210801T000000, start_date=20241209T234600, end_date=20241209T234602
[2024-12-09T23:46:02.164+0000] {local_task_job_runner.py:266} INFO - Task exited with return code 0
[2024-12-09T23:46:02.195+0000] {taskinstance.py:3895} INFO - 1 downstream tasks scheduled from follow-on schedule check
[2024-12-09T23:46:02.198+0000] {local_task_job_runner.py:245} INFO - ::endgroup::
