[2024-12-05T18:08:37.148+0000] {local_task_job_runner.py:123} INFO - ::group::Pre task execution logs
[2024-12-05T18:08:37.281+0000] {taskinstance.py:2613} INFO - Dependencies all met for dep_context=non-requeueable deps ti=<TaskInstance: LocalIngestionDag.wget manual__2024-12-05T18:08:33.270108+00:00 [queued]>
[2024-12-05T18:08:37.318+0000] {taskinstance.py:2613} INFO - Dependencies all met for dep_context=requeueable deps ti=<TaskInstance: LocalIngestionDag.wget manual__2024-12-05T18:08:33.270108+00:00 [queued]>
[2024-12-05T18:08:37.323+0000] {taskinstance.py:2866} INFO - Starting attempt 1 of 1
[2024-12-05T18:08:37.383+0000] {taskinstance.py:2889} INFO - Executing <Task(BashOperator): wget> on 2024-12-05 18:08:33.270108+00:00
[2024-12-05T18:08:37.457+0000] {warnings.py:112} WARNING - /home/***/.local/lib/python3.12/site-packages/***/task/task_runner/standard_task_runner.py:70: DeprecationWarning: This process (pid=1526) is multi-threaded, use of fork() may lead to deadlocks in the child.
  pid = os.fork()

[2024-12-05T18:08:37.476+0000] {standard_task_runner.py:72} INFO - Started process 1547 to run task
[2024-12-05T18:08:37.481+0000] {standard_task_runner.py:104} INFO - Running: ['***', 'tasks', 'run', 'LocalIngestionDag', 'wget', 'manual__2024-12-05T18:08:33.270108+00:00', '--job-id', '156', '--raw', '--subdir', 'DAGS_FOLDER/data_ingestion_local.py', '--cfg-path', '/tmp/tmp3rwa2208']
[2024-12-05T18:08:37.487+0000] {standard_task_runner.py:105} INFO - Job 156: Subtask wget
[2024-12-05T18:08:37.835+0000] {task_command.py:467} INFO - Running <TaskInstance: LocalIngestionDag.wget manual__2024-12-05T18:08:33.270108+00:00 [running]> on host 073dea24e113
[2024-12-05T18:08:38.064+0000] {taskinstance.py:3132} INFO - Exporting env vars: AIRFLOW_CTX_DAG_OWNER='***' AIRFLOW_CTX_DAG_ID='LocalIngestionDag' AIRFLOW_CTX_TASK_ID='wget' AIRFLOW_CTX_EXECUTION_DATE='2024-12-05T18:08:33.270108+00:00' AIRFLOW_CTX_TRY_NUMBER='1' AIRFLOW_CTX_DAG_RUN_ID='manual__2024-12-05T18:08:33.270108+00:00'
[2024-12-05T18:08:38.068+0000] {taskinstance.py:731} INFO - ::endgroup::
[2024-12-05T18:08:38.240+0000] {subprocess.py:78} INFO - Tmp dir root location: /tmp
[2024-12-05T18:08:38.268+0000] {subprocess.py:88} INFO - Running command: ['/usr/bin/bash', '-c', 'echo "hello world"']
[2024-12-05T18:08:38.339+0000] {subprocess.py:99} INFO - Output:
[2024-12-05T18:08:38.344+0000] {subprocess.py:106} INFO - hello world
[2024-12-05T18:08:38.345+0000] {subprocess.py:110} INFO - Command exited with return code 0
[2024-12-05T18:08:38.444+0000] {taskinstance.py:340} INFO - ::group::Post task execution logs
[2024-12-05T18:08:38.452+0000] {taskinstance.py:352} INFO - Marking task as SUCCESS. dag_id=LocalIngestionDag, task_id=wget, run_id=manual__2024-12-05T18:08:33.270108+00:00, execution_date=20241205T180833, start_date=20241205T180837, end_date=20241205T180838
[2024-12-05T18:08:38.552+0000] {local_task_job_runner.py:266} INFO - Task exited with return code 0
[2024-12-05T18:08:38.603+0000] {taskinstance.py:3895} INFO - 1 downstream tasks scheduled from follow-on schedule check
[2024-12-05T18:08:38.619+0000] {local_task_job_runner.py:245} INFO - ::endgroup::
