[2024-12-09T23:46:00.572+0000] {local_task_job_runner.py:123} INFO - ::group::Pre task execution logs
[2024-12-09T23:46:00.614+0000] {taskinstance.py:2613} INFO - Dependencies all met for dep_context=non-requeueable deps ti=<TaskInstance: homework_dag_v2.download_dataset scheduled__2021-01-01T00:00:00+00:00 [queued]>
[2024-12-09T23:46:00.630+0000] {taskinstance.py:2613} INFO - Dependencies all met for dep_context=requeueable deps ti=<TaskInstance: homework_dag_v2.download_dataset scheduled__2021-01-01T00:00:00+00:00 [queued]>
[2024-12-09T23:46:00.634+0000] {taskinstance.py:2866} INFO - Starting attempt 2 of 2
[2024-12-09T23:46:00.673+0000] {taskinstance.py:2889} INFO - Executing <Task(BashOperator): download_dataset> on 2021-01-01 00:00:00+00:00
[2024-12-09T23:46:00.696+0000] {warnings.py:112} WARNING - /home/***/.local/lib/python3.12/site-packages/***/task/task_runner/standard_task_runner.py:70: DeprecationWarning: This process (pid=11851) is multi-threaded, use of fork() may lead to deadlocks in the child.
  pid = os.fork()

[2024-12-09T23:46:00.729+0000] {standard_task_runner.py:72} INFO - Started process 11866 to run task
[2024-12-09T23:46:00.719+0000] {standard_task_runner.py:104} INFO - Running: ['***', 'tasks', 'run', 'homework_dag_v2', 'download_dataset', 'scheduled__2021-01-01T00:00:00+00:00', '--job-id', '169', '--raw', '--subdir', 'DAGS_FOLDER/homework_dag_v2.py', '--cfg-path', '/tmp/tmpck6wrwsr']
[2024-12-09T23:46:00.738+0000] {standard_task_runner.py:105} INFO - Job 169: Subtask download_dataset
[2024-12-09T23:46:00.921+0000] {task_command.py:467} INFO - Running <TaskInstance: homework_dag_v2.download_dataset scheduled__2021-01-01T00:00:00+00:00 [running]> on host 39ecaeffba2c
[2024-12-09T23:46:01.070+0000] {taskinstance.py:3132} INFO - Exporting env vars: AIRFLOW_CTX_DAG_OWNER='***' AIRFLOW_CTX_DAG_ID='homework_dag_v2' AIRFLOW_CTX_TASK_ID='download_dataset' AIRFLOW_CTX_EXECUTION_DATE='2021-01-01T00:00:00+00:00' AIRFLOW_CTX_TRY_NUMBER='2' AIRFLOW_CTX_DAG_RUN_ID='scheduled__2021-01-01T00:00:00+00:00'
[2024-12-09T23:46:01.071+0000] {taskinstance.py:731} INFO - ::endgroup::
[2024-12-09T23:46:01.086+0000] {subprocess.py:78} INFO - Tmp dir root location: /tmp
[2024-12-09T23:46:01.098+0000] {subprocess.py:88} INFO - Running command: ['/usr/bin/bash', '-c', 'wget https://d37ci6vzurychx.cloudfront.net/trip-data/green_tripdata_2021-01.parquet -O /opt/***/green_tripdata_2021-01.parquet']
[2024-12-09T23:46:01.118+0000] {subprocess.py:99} INFO - Output:
[2024-12-09T23:46:01.123+0000] {subprocess.py:106} INFO - --2024-12-09 23:46:01--  https://d37ci6vzurychx.cloudfront.net/trip-data/green_tripdata_2021-01.parquet
[2024-12-09T23:46:01.159+0000] {subprocess.py:106} INFO - Resolving d37ci6vzurychx.cloudfront.net (d37ci6vzurychx.cloudfront.net)... 52.85.39.117, 52.85.39.97, 52.85.39.153, ...
[2024-12-09T23:46:01.177+0000] {subprocess.py:106} INFO - Connecting to d37ci6vzurychx.cloudfront.net (d37ci6vzurychx.cloudfront.net)|52.85.39.117|:443... connected.
[2024-12-09T23:46:01.513+0000] {subprocess.py:106} INFO - HTTP request sent, awaiting response... 200 OK
[2024-12-09T23:46:01.514+0000] {subprocess.py:106} INFO - Length: 1333519 (1.3M) [binary/octet-stream]
[2024-12-09T23:46:01.514+0000] {subprocess.py:106} INFO - Saving to: ‘/opt/***/green_tripdata_2021-01.parquet’
[2024-12-09T23:46:01.515+0000] {subprocess.py:106} INFO - 
[2024-12-09T23:46:01.527+0000] {subprocess.py:106} INFO -      0K .......... .......... .......... .......... ..........  3% 3.47M 0s
[2024-12-09T23:46:01.533+0000] {subprocess.py:106} INFO -     50K .......... .......... .......... .......... ..........  7% 7.93M 0s
[2024-12-09T23:46:01.542+0000] {subprocess.py:106} INFO -    100K .......... .......... .......... .......... .......... 11% 5.48M 0s
[2024-12-09T23:46:01.548+0000] {subprocess.py:106} INFO -    150K .......... .......... .......... .......... .......... 15% 9.80M 0s
[2024-12-09T23:46:01.552+0000] {subprocess.py:106} INFO -    200K .......... .......... .......... .......... .......... 19% 10.2M 0s
[2024-12-09T23:46:01.555+0000] {subprocess.py:106} INFO -    250K .......... .......... .......... .......... .......... 23% 16.4M 0s
[2024-12-09T23:46:01.558+0000] {subprocess.py:106} INFO -    300K .......... .......... .......... .......... .......... 26% 16.2M 0s
[2024-12-09T23:46:01.561+0000] {subprocess.py:106} INFO -    350K .......... .......... .......... .......... .......... 30% 16.1M 0s
[2024-12-09T23:46:01.563+0000] {subprocess.py:106} INFO -    400K .......... .......... .......... .......... .......... 34% 26.6M 0s
[2024-12-09T23:46:01.565+0000] {subprocess.py:106} INFO -    450K .......... .......... .......... .......... .......... 38% 21.9M 0s
[2024-12-09T23:46:01.568+0000] {subprocess.py:106} INFO -    500K .......... .......... .......... .......... .......... 42% 18.1M 0s
[2024-12-09T23:46:01.570+0000] {subprocess.py:106} INFO -    550K .......... .......... .......... .......... .......... 46% 22.9M 0s
[2024-12-09T23:46:01.571+0000] {subprocess.py:106} INFO -    600K .......... .......... .......... .......... .......... 49% 44.8M 0s
[2024-12-09T23:46:01.573+0000] {subprocess.py:106} INFO -    650K .......... .......... .......... .......... .......... 53% 28.8M 0s
[2024-12-09T23:46:01.573+0000] {subprocess.py:106} INFO -    700K .......... .......... .......... .......... .......... 57% 64.9M 0s
[2024-12-09T23:46:01.575+0000] {subprocess.py:106} INFO -    750K .......... .......... .......... .......... .......... 61% 29.9M 0s
[2024-12-09T23:46:01.577+0000] {subprocess.py:106} INFO -    800K .......... .......... .......... .......... .......... 65% 29.4M 0s
[2024-12-09T23:46:01.578+0000] {subprocess.py:106} INFO -    850K .......... .......... .......... .......... .......... 69% 52.0M 0s
[2024-12-09T23:46:01.579+0000] {subprocess.py:106} INFO -    900K .......... .......... .......... .......... .......... 72% 45.6M 0s
[2024-12-09T23:46:01.580+0000] {subprocess.py:106} INFO -    950K .......... .......... .......... .......... .......... 76% 39.7M 0s
[2024-12-09T23:46:01.582+0000] {subprocess.py:106} INFO -   1000K .......... .......... .......... .......... .......... 80% 30.0M 0s
[2024-12-09T23:46:01.582+0000] {subprocess.py:106} INFO -   1050K .......... .......... .......... .......... .......... 84% 76.6M 0s
[2024-12-09T23:46:01.582+0000] {subprocess.py:106} INFO -   1100K .......... .......... .......... .......... .......... 88%  299M 0s
[2024-12-09T23:46:01.584+0000] {subprocess.py:106} INFO -   1150K .......... .......... .......... .......... .......... 92% 30.4M 0s
[2024-12-09T23:46:01.585+0000] {subprocess.py:106} INFO -   1200K .......... .......... .......... .......... .......... 95% 69.2M 0s
[2024-12-09T23:46:01.585+0000] {subprocess.py:106} INFO -   1250K .......... .......... .......... .......... .......... 99%  304M 0s
[2024-12-09T23:46:01.585+0000] {subprocess.py:106} INFO -   1300K ..                                                    100% 4.42M=0.07s
[2024-12-09T23:46:01.585+0000] {subprocess.py:106} INFO - 
[2024-12-09T23:46:01.586+0000] {subprocess.py:106} INFO - 2024-12-09 23:46:01 (17.7 MB/s) - ‘/opt/***/green_tripdata_2021-01.parquet’ saved [1333519/1333519]
[2024-12-09T23:46:01.586+0000] {subprocess.py:106} INFO - 
[2024-12-09T23:46:01.586+0000] {subprocess.py:110} INFO - Command exited with return code 0
[2024-12-09T23:46:01.602+0000] {taskinstance.py:340} INFO - ::group::Post task execution logs
[2024-12-09T23:46:01.602+0000] {taskinstance.py:352} INFO - Marking task as SUCCESS. dag_id=homework_dag_v2, task_id=download_dataset, run_id=scheduled__2021-01-01T00:00:00+00:00, execution_date=20210101T000000, start_date=20241209T234600, end_date=20241209T234601
[2024-12-09T23:46:01.620+0000] {local_task_job_runner.py:266} INFO - Task exited with return code 0
[2024-12-09T23:46:01.637+0000] {taskinstance.py:3895} INFO - 1 downstream tasks scheduled from follow-on schedule check
[2024-12-09T23:46:01.638+0000] {local_task_job_runner.py:245} INFO - ::endgroup::
