[2024-12-09T23:58:09.698+0000] {local_task_job_runner.py:123} INFO - ::group::Pre task execution logs
[2024-12-09T23:58:09.720+0000] {taskinstance.py:2613} INFO - Dependencies all met for dep_context=non-requeueable deps ti=<TaskInstance: homework_dag_v2.download_dataset scheduled__2021-12-01T00:00:00+00:00 [queued]>
[2024-12-09T23:58:09.736+0000] {taskinstance.py:2613} INFO - Dependencies all met for dep_context=requeueable deps ti=<TaskInstance: homework_dag_v2.download_dataset scheduled__2021-12-01T00:00:00+00:00 [queued]>
[2024-12-09T23:58:09.736+0000] {taskinstance.py:2866} INFO - Starting attempt 3 of 3
[2024-12-09T23:58:09.758+0000] {taskinstance.py:2889} INFO - Executing <Task(BashOperator): download_dataset> on 2021-12-01 00:00:00+00:00
[2024-12-09T23:58:09.762+0000] {warnings.py:112} WARNING - /home/***/.local/lib/python3.12/site-packages/***/task/task_runner/standard_task_runner.py:70: DeprecationWarning: This process (pid=12275) is multi-threaded, use of fork() may lead to deadlocks in the child.
  pid = os.fork()

[2024-12-09T23:58:09.764+0000] {standard_task_runner.py:72} INFO - Started process 12305 to run task
[2024-12-09T23:58:09.767+0000] {standard_task_runner.py:104} INFO - Running: ['***', 'tasks', 'run', 'homework_dag_v2', 'download_dataset', 'scheduled__2021-12-01T00:00:00+00:00', '--job-id', '245', '--raw', '--subdir', 'DAGS_FOLDER/homework_dag_v2.py', '--cfg-path', '/tmp/tmppru459pm']
[2024-12-09T23:58:09.777+0000] {standard_task_runner.py:105} INFO - Job 245: Subtask download_dataset
[2024-12-09T23:58:09.855+0000] {task_command.py:467} INFO - Running <TaskInstance: homework_dag_v2.download_dataset scheduled__2021-12-01T00:00:00+00:00 [running]> on host 39ecaeffba2c
[2024-12-09T23:58:09.936+0000] {taskinstance.py:3132} INFO - Exporting env vars: AIRFLOW_CTX_DAG_OWNER='***' AIRFLOW_CTX_DAG_ID='homework_dag_v2' AIRFLOW_CTX_TASK_ID='download_dataset' AIRFLOW_CTX_EXECUTION_DATE='2021-12-01T00:00:00+00:00' AIRFLOW_CTX_TRY_NUMBER='3' AIRFLOW_CTX_DAG_RUN_ID='scheduled__2021-12-01T00:00:00+00:00'
[2024-12-09T23:58:09.937+0000] {taskinstance.py:731} INFO - ::endgroup::
[2024-12-09T23:58:09.947+0000] {subprocess.py:78} INFO - Tmp dir root location: /tmp
[2024-12-09T23:58:09.948+0000] {subprocess.py:88} INFO - Running command: ['/usr/bin/bash', '-c', 'wget https://d37ci6vzurychx.cloudfront.net/trip-data/green_tripdata_2021-12.parquet -O /opt/***/green_tripdata_2021-12.parquet']
[2024-12-09T23:58:09.956+0000] {subprocess.py:99} INFO - Output:
[2024-12-09T23:58:09.959+0000] {subprocess.py:106} INFO - --2024-12-09 23:58:09--  https://d37ci6vzurychx.cloudfront.net/trip-data/green_tripdata_2021-12.parquet
[2024-12-09T23:58:09.970+0000] {subprocess.py:106} INFO - Resolving d37ci6vzurychx.cloudfront.net (d37ci6vzurychx.cloudfront.net)... 52.85.39.117, 52.85.39.153, 52.85.39.65, ...
[2024-12-09T23:58:10.001+0000] {subprocess.py:106} INFO - Connecting to d37ci6vzurychx.cloudfront.net (d37ci6vzurychx.cloudfront.net)|52.85.39.117|:443... connected.
[2024-12-09T23:58:10.113+0000] {subprocess.py:106} INFO - HTTP request sent, awaiting response... 200 OK
[2024-12-09T23:58:10.117+0000] {subprocess.py:106} INFO - Length: 2008137 (1.9M) [binary/octet-stream]
[2024-12-09T23:58:10.118+0000] {subprocess.py:106} INFO - Saving to: ‘/opt/***/green_tripdata_2021-12.parquet’
[2024-12-09T23:58:10.120+0000] {subprocess.py:106} INFO - 
[2024-12-09T23:58:10.145+0000] {subprocess.py:106} INFO -      0K .......... .......... .......... .......... ..........  2% 1.52M 1s
[2024-12-09T23:58:10.157+0000] {subprocess.py:106} INFO -     50K .......... .......... .......... .......... ..........  5% 4.14M 1s
[2024-12-09T23:58:10.179+0000] {subprocess.py:106} INFO -    100K .......... .......... .......... .......... ..........  7% 2.24M 1s
[2024-12-09T23:58:10.193+0000] {subprocess.py:106} INFO -    150K .......... .......... .......... .......... .......... 10% 3.54M 1s
[2024-12-09T23:58:10.201+0000] {subprocess.py:106} INFO -    200K .......... .......... .......... .......... .......... 12% 6.03M 1s
[2024-12-09T23:58:10.208+0000] {subprocess.py:106} INFO -    250K .......... .......... .......... .......... .......... 15% 7.06M 1s
[2024-12-09T23:58:10.214+0000] {subprocess.py:106} INFO -    300K .......... .......... .......... .......... .......... 17% 8.04M 0s
[2024-12-09T23:58:10.220+0000] {subprocess.py:106} INFO -    350K .......... .......... .......... .......... .......... 20% 7.77M 0s
[2024-12-09T23:58:10.226+0000] {subprocess.py:106} INFO -    400K .......... .......... .......... .......... .......... 22% 8.39M 0s
[2024-12-09T23:58:10.231+0000] {subprocess.py:106} INFO -    450K .......... .......... .......... .......... .......... 25% 9.04M 0s
[2024-12-09T23:58:10.235+0000] {subprocess.py:106} INFO -    500K .......... .......... .......... .......... .......... 28% 13.8M 0s
[2024-12-09T23:58:10.239+0000] {subprocess.py:106} INFO -    550K .......... .......... .......... .......... .......... 30% 10.9M 0s
[2024-12-09T23:58:10.242+0000] {subprocess.py:106} INFO -    600K .......... .......... .......... .......... .......... 33% 15.3M 0s
[2024-12-09T23:58:10.245+0000] {subprocess.py:106} INFO -    650K .......... .......... .......... .......... .......... 35% 17.5M 0s
[2024-12-09T23:58:10.248+0000] {subprocess.py:106} INFO -    700K .......... .......... .......... .......... .......... 38% 16.5M 0s
[2024-12-09T23:58:10.251+0000] {subprocess.py:106} INFO -    750K .......... .......... .......... .......... .......... 40% 20.4M 0s
[2024-12-09T23:58:10.253+0000] {subprocess.py:106} INFO -    800K .......... .......... .......... .......... .......... 43% 18.8M 0s
[2024-12-09T23:58:10.255+0000] {subprocess.py:106} INFO -    850K .......... .......... .......... .......... .......... 45% 22.8M 0s
[2024-12-09T23:58:10.258+0000] {subprocess.py:106} INFO -    900K .......... .......... .......... .......... .......... 48% 18.5M 0s
[2024-12-09T23:58:10.261+0000] {subprocess.py:106} INFO -    950K .......... .......... .......... .......... .......... 50% 14.8M 0s
[2024-12-09T23:58:10.263+0000] {subprocess.py:106} INFO -   1000K .......... .......... .......... .......... .......... 53% 25.9M 0s
[2024-12-09T23:58:10.265+0000] {subprocess.py:106} INFO -   1050K .......... .......... .......... .......... .......... 56% 26.2M 0s
[2024-12-09T23:58:10.267+0000] {subprocess.py:106} INFO -   1100K .......... .......... .......... .......... .......... 58% 25.9M 0s
[2024-12-09T23:58:10.270+0000] {subprocess.py:106} INFO -   1150K .......... .......... .......... .......... .......... 61% 18.3M 0s
[2024-12-09T23:58:10.270+0000] {subprocess.py:106} INFO -   1200K .......... .......... .......... .......... .......... 63% 53.9M 0s
[2024-12-09T23:58:10.272+0000] {subprocess.py:106} INFO -   1250K .......... .......... .......... .......... .......... 66% 26.6M 0s
[2024-12-09T23:58:10.274+0000] {subprocess.py:106} INFO -   1300K .......... .......... .......... .......... .......... 68% 27.8M 0s
[2024-12-09T23:58:10.276+0000] {subprocess.py:106} INFO -   1350K .......... .......... .......... .......... .......... 71% 23.7M 0s
[2024-12-09T23:58:10.278+0000] {subprocess.py:106} INFO -   1400K .......... .......... .......... .......... .......... 73% 27.2M 0s
[2024-12-09T23:58:10.279+0000] {subprocess.py:106} INFO -   1450K .......... .......... .......... .......... .......... 76% 54.9M 0s
[2024-12-09T23:58:10.281+0000] {subprocess.py:106} INFO -   1500K .......... .......... .......... .......... .......... 79% 27.7M 0s
[2024-12-09T23:58:10.282+0000] {subprocess.py:106} INFO -   1550K .......... .......... .......... .......... .......... 81% 34.8M 0s
[2024-12-09T23:58:10.283+0000] {subprocess.py:106} INFO -   1600K .......... .......... .......... .......... .......... 84% 36.3M 0s
[2024-12-09T23:58:10.285+0000] {subprocess.py:106} INFO -   1650K .......... .......... .......... .......... .......... 86% 39.3M 0s
[2024-12-09T23:58:10.286+0000] {subprocess.py:106} INFO -   1700K .......... .......... .......... .......... .......... 89% 35.7M 0s
[2024-12-09T23:58:10.287+0000] {subprocess.py:106} INFO -   1750K .......... .......... .......... .......... .......... 91% 37.6M 0s
[2024-12-09T23:58:10.288+0000] {subprocess.py:106} INFO -   1800K .......... .......... .......... .......... .......... 94% 44.3M 0s
[2024-12-09T23:58:10.290+0000] {subprocess.py:106} INFO -   1850K .......... .......... .......... .......... .......... 96% 29.2M 0s
[2024-12-09T23:58:10.291+0000] {subprocess.py:106} INFO -   1900K .......... .......... .......... .......... .......... 99% 66.5M 0s
[2024-12-09T23:58:10.291+0000] {subprocess.py:106} INFO -   1950K .......... .                                          100%  122M=0.2s
[2024-12-09T23:58:10.292+0000] {subprocess.py:106} INFO - 
[2024-12-09T23:58:10.292+0000] {subprocess.py:106} INFO - 2024-12-09 23:58:10 (10.8 MB/s) - ‘/opt/***/green_tripdata_2021-12.parquet’ saved [2008137/2008137]
[2024-12-09T23:58:10.292+0000] {subprocess.py:106} INFO - 
[2024-12-09T23:58:10.293+0000] {subprocess.py:110} INFO - Command exited with return code 0
[2024-12-09T23:58:10.349+0000] {taskinstance.py:340} INFO - ::group::Post task execution logs
[2024-12-09T23:58:10.350+0000] {taskinstance.py:352} INFO - Marking task as SUCCESS. dag_id=homework_dag_v2, task_id=download_dataset, run_id=scheduled__2021-12-01T00:00:00+00:00, execution_date=20211201T000000, start_date=20241209T235809, end_date=20241209T235810
[2024-12-09T23:58:10.396+0000] {local_task_job_runner.py:266} INFO - Task exited with return code 0
[2024-12-09T23:58:10.418+0000] {taskinstance.py:3895} INFO - 1 downstream tasks scheduled from follow-on schedule check
[2024-12-09T23:58:10.468+0000] {local_task_job_runner.py:245} INFO - ::endgroup::
