[2024-11-30T00:14:39.755+0000] {processor.py:186} INFO - Started process (PID=58564) to work on /opt/airflow/dags/data_ingestion_gcs_dag.py
[2024-11-30T00:14:39.756+0000] {processor.py:914} INFO - Processing file /opt/airflow/dags/data_ingestion_gcs_dag.py for tasks to queue
[2024-11-30T00:14:39.757+0000] {logging_mixin.py:190} INFO - [2024-11-30T00:14:39.757+0000] {dagbag.py:588} INFO - Filling up the DagBag from /opt/airflow/dags/data_ingestion_gcs_dag.py
[2024-11-30T00:14:39.777+0000] {processor.py:925} INFO - DAG(s) 'data_ingestion_gcs_dag' retrieved from /opt/airflow/dags/data_ingestion_gcs_dag.py
[2024-11-30T00:14:39.856+0000] {logging_mixin.py:190} INFO - [2024-11-30T00:14:39.856+0000] {dag.py:3239} INFO - Sync 1 DAGs
[2024-11-30T00:14:39.876+0000] {processor.py:208} INFO - Processing /opt/airflow/dags/data_ingestion_gcs_dag.py took 0.125 seconds
[2024-11-30T01:10:49.057+0000] {processor.py:186} INFO - Started process (PID=58571) to work on /opt/airflow/dags/data_ingestion_gcs_dag.py
[2024-11-30T01:10:49.058+0000] {processor.py:914} INFO - Processing file /opt/airflow/dags/data_ingestion_gcs_dag.py for tasks to queue
[2024-11-30T01:10:49.059+0000] {logging_mixin.py:190} INFO - [2024-11-30T01:10:49.059+0000] {dagbag.py:588} INFO - Filling up the DagBag from /opt/airflow/dags/data_ingestion_gcs_dag.py
[2024-11-30T01:10:49.077+0000] {processor.py:925} INFO - DAG(s) 'data_ingestion_gcs_dag' retrieved from /opt/airflow/dags/data_ingestion_gcs_dag.py
[2024-11-30T01:10:49.104+0000] {logging_mixin.py:190} INFO - [2024-11-30T01:10:49.104+0000] {dag.py:3239} INFO - Sync 1 DAGs
[2024-11-30T01:10:49.128+0000] {processor.py:208} INFO - Processing /opt/airflow/dags/data_ingestion_gcs_dag.py took 0.075 seconds
[2024-11-30T01:11:19.490+0000] {processor.py:186} INFO - Started process (PID=58578) to work on /opt/airflow/dags/data_ingestion_gcs_dag.py
[2024-11-30T01:11:19.491+0000] {processor.py:914} INFO - Processing file /opt/airflow/dags/data_ingestion_gcs_dag.py for tasks to queue
[2024-11-30T01:11:19.493+0000] {logging_mixin.py:190} INFO - [2024-11-30T01:11:19.493+0000] {dagbag.py:588} INFO - Filling up the DagBag from /opt/airflow/dags/data_ingestion_gcs_dag.py
[2024-11-30T01:11:19.519+0000] {processor.py:925} INFO - DAG(s) 'data_ingestion_gcs_dag' retrieved from /opt/airflow/dags/data_ingestion_gcs_dag.py
[2024-11-30T01:11:19.534+0000] {logging_mixin.py:190} INFO - [2024-11-30T01:11:19.533+0000] {dag.py:3239} INFO - Sync 1 DAGs
[2024-11-30T01:11:19.548+0000] {logging_mixin.py:190} INFO - [2024-11-30T01:11:19.548+0000] {dag.py:4180} INFO - Setting next_dagrun for data_ingestion_gcs_dag to 2024-11-30 00:00:00+00:00, run_after=2024-12-01 00:00:00+00:00
[2024-11-30T01:11:19.557+0000] {processor.py:208} INFO - Processing /opt/airflow/dags/data_ingestion_gcs_dag.py took 0.077 seconds
[2024-11-30T01:15:35.680+0000] {processor.py:186} INFO - Started process (PID=58585) to work on /opt/airflow/dags/data_ingestion_gcs_dag.py
[2024-11-30T01:15:35.681+0000] {processor.py:914} INFO - Processing file /opt/airflow/dags/data_ingestion_gcs_dag.py for tasks to queue
[2024-11-30T01:15:35.683+0000] {logging_mixin.py:190} INFO - [2024-11-30T01:15:35.682+0000] {dagbag.py:588} INFO - Filling up the DagBag from /opt/airflow/dags/data_ingestion_gcs_dag.py
[2024-11-30T01:15:35.710+0000] {processor.py:925} INFO - DAG(s) 'data_ingestion_gcs_dag' retrieved from /opt/airflow/dags/data_ingestion_gcs_dag.py
[2024-11-30T01:15:35.724+0000] {logging_mixin.py:190} INFO - [2024-11-30T01:15:35.724+0000] {dag.py:3239} INFO - Sync 1 DAGs
[2024-11-30T01:15:35.736+0000] {logging_mixin.py:190} INFO - [2024-11-30T01:15:35.735+0000] {dag.py:4180} INFO - Setting next_dagrun for data_ingestion_gcs_dag to 2024-11-30 00:00:00+00:00, run_after=2024-12-01 00:00:00+00:00
[2024-11-30T01:15:35.744+0000] {processor.py:208} INFO - Processing /opt/airflow/dags/data_ingestion_gcs_dag.py took 0.071 seconds
[2024-11-30T02:16:16.491+0000] {processor.py:186} INFO - Started process (PID=58592) to work on /opt/airflow/dags/data_ingestion_gcs_dag.py
[2024-11-30T02:16:16.492+0000] {processor.py:914} INFO - Processing file /opt/airflow/dags/data_ingestion_gcs_dag.py for tasks to queue
[2024-11-30T02:16:16.493+0000] {logging_mixin.py:190} INFO - [2024-11-30T02:16:16.493+0000] {dagbag.py:588} INFO - Filling up the DagBag from /opt/airflow/dags/data_ingestion_gcs_dag.py
[2024-11-30T02:16:16.515+0000] {processor.py:925} INFO - DAG(s) 'data_ingestion_gcs_dag' retrieved from /opt/airflow/dags/data_ingestion_gcs_dag.py
[2024-11-30T02:16:16.541+0000] {logging_mixin.py:190} INFO - [2024-11-30T02:16:16.540+0000] {dag.py:3239} INFO - Sync 1 DAGs
[2024-11-30T02:16:16.559+0000] {logging_mixin.py:190} INFO - [2024-11-30T02:16:16.559+0000] {dag.py:4180} INFO - Setting next_dagrun for data_ingestion_gcs_dag to 2024-11-30 00:00:00+00:00, run_after=2024-12-01 00:00:00+00:00
[2024-11-30T02:16:16.572+0000] {processor.py:208} INFO - Processing /opt/airflow/dags/data_ingestion_gcs_dag.py took 0.085 seconds
[2024-11-30T02:16:46.910+0000] {processor.py:186} INFO - Started process (PID=58599) to work on /opt/airflow/dags/data_ingestion_gcs_dag.py
[2024-11-30T02:16:46.911+0000] {processor.py:914} INFO - Processing file /opt/airflow/dags/data_ingestion_gcs_dag.py for tasks to queue
[2024-11-30T02:16:46.912+0000] {logging_mixin.py:190} INFO - [2024-11-30T02:16:46.911+0000] {dagbag.py:588} INFO - Filling up the DagBag from /opt/airflow/dags/data_ingestion_gcs_dag.py
[2024-11-30T02:16:46.934+0000] {processor.py:925} INFO - DAG(s) 'data_ingestion_gcs_dag' retrieved from /opt/airflow/dags/data_ingestion_gcs_dag.py
[2024-11-30T02:16:46.953+0000] {logging_mixin.py:190} INFO - [2024-11-30T02:16:46.953+0000] {dag.py:3239} INFO - Sync 1 DAGs
[2024-11-30T02:16:46.964+0000] {logging_mixin.py:190} INFO - [2024-11-30T02:16:46.964+0000] {dag.py:4180} INFO - Setting next_dagrun for data_ingestion_gcs_dag to 2024-11-30 00:00:00+00:00, run_after=2024-12-01 00:00:00+00:00
[2024-11-30T02:16:46.972+0000] {processor.py:208} INFO - Processing /opt/airflow/dags/data_ingestion_gcs_dag.py took 0.069 seconds
[2024-11-30T03:17:19.564+0000] {processor.py:186} INFO - Started process (PID=58606) to work on /opt/airflow/dags/data_ingestion_gcs_dag.py
[2024-11-30T03:17:19.565+0000] {processor.py:914} INFO - Processing file /opt/airflow/dags/data_ingestion_gcs_dag.py for tasks to queue
[2024-11-30T03:17:19.567+0000] {logging_mixin.py:190} INFO - [2024-11-30T03:17:19.566+0000] {dagbag.py:588} INFO - Filling up the DagBag from /opt/airflow/dags/data_ingestion_gcs_dag.py
[2024-11-30T03:17:19.585+0000] {processor.py:925} INFO - DAG(s) 'data_ingestion_gcs_dag' retrieved from /opt/airflow/dags/data_ingestion_gcs_dag.py
[2024-11-30T03:17:19.599+0000] {logging_mixin.py:190} INFO - [2024-11-30T03:17:19.598+0000] {dag.py:3239} INFO - Sync 1 DAGs
[2024-11-30T03:17:19.611+0000] {logging_mixin.py:190} INFO - [2024-11-30T03:17:19.610+0000] {dag.py:4180} INFO - Setting next_dagrun for data_ingestion_gcs_dag to 2024-11-30 00:00:00+00:00, run_after=2024-12-01 00:00:00+00:00
[2024-11-30T03:17:19.618+0000] {processor.py:208} INFO - Processing /opt/airflow/dags/data_ingestion_gcs_dag.py took 0.059 seconds
[2024-11-30T03:34:46.114+0000] {processor.py:186} INFO - Started process (PID=58613) to work on /opt/airflow/dags/data_ingestion_gcs_dag.py
[2024-11-30T03:34:46.114+0000] {processor.py:914} INFO - Processing file /opt/airflow/dags/data_ingestion_gcs_dag.py for tasks to queue
[2024-11-30T03:34:46.115+0000] {logging_mixin.py:190} INFO - [2024-11-30T03:34:46.115+0000] {dagbag.py:588} INFO - Filling up the DagBag from /opt/airflow/dags/data_ingestion_gcs_dag.py
[2024-11-30T03:34:46.130+0000] {processor.py:925} INFO - DAG(s) 'data_ingestion_gcs_dag' retrieved from /opt/airflow/dags/data_ingestion_gcs_dag.py
[2024-11-30T03:34:46.144+0000] {logging_mixin.py:190} INFO - [2024-11-30T03:34:46.144+0000] {dag.py:3239} INFO - Sync 1 DAGs
[2024-11-30T03:34:46.156+0000] {logging_mixin.py:190} INFO - [2024-11-30T03:34:46.156+0000] {dag.py:4180} INFO - Setting next_dagrun for data_ingestion_gcs_dag to 2024-11-30 00:00:00+00:00, run_after=2024-12-01 00:00:00+00:00
[2024-11-30T03:34:46.167+0000] {processor.py:208} INFO - Processing /opt/airflow/dags/data_ingestion_gcs_dag.py took 0.057 seconds
[2024-11-30T04:18:22.115+0000] {processor.py:186} INFO - Started process (PID=58620) to work on /opt/airflow/dags/data_ingestion_gcs_dag.py
[2024-11-30T04:18:22.115+0000] {processor.py:914} INFO - Processing file /opt/airflow/dags/data_ingestion_gcs_dag.py for tasks to queue
[2024-11-30T04:18:22.116+0000] {logging_mixin.py:190} INFO - [2024-11-30T04:18:22.116+0000] {dagbag.py:588} INFO - Filling up the DagBag from /opt/airflow/dags/data_ingestion_gcs_dag.py
[2024-11-30T04:18:22.135+0000] {processor.py:925} INFO - DAG(s) 'data_ingestion_gcs_dag' retrieved from /opt/airflow/dags/data_ingestion_gcs_dag.py
[2024-11-30T04:18:22.153+0000] {logging_mixin.py:190} INFO - [2024-11-30T04:18:22.153+0000] {dag.py:3239} INFO - Sync 1 DAGs
[2024-11-30T04:18:22.166+0000] {logging_mixin.py:190} INFO - [2024-11-30T04:18:22.165+0000] {dag.py:4180} INFO - Setting next_dagrun for data_ingestion_gcs_dag to 2024-11-30 00:00:00+00:00, run_after=2024-12-01 00:00:00+00:00
[2024-11-30T04:18:22.174+0000] {processor.py:208} INFO - Processing /opt/airflow/dags/data_ingestion_gcs_dag.py took 0.064 seconds
[2024-11-30T04:35:54.485+0000] {processor.py:186} INFO - Started process (PID=58627) to work on /opt/airflow/dags/data_ingestion_gcs_dag.py
[2024-11-30T04:35:54.486+0000] {processor.py:914} INFO - Processing file /opt/airflow/dags/data_ingestion_gcs_dag.py for tasks to queue
[2024-11-30T04:35:54.487+0000] {logging_mixin.py:190} INFO - [2024-11-30T04:35:54.486+0000] {dagbag.py:588} INFO - Filling up the DagBag from /opt/airflow/dags/data_ingestion_gcs_dag.py
[2024-11-30T04:35:54.502+0000] {processor.py:925} INFO - DAG(s) 'data_ingestion_gcs_dag' retrieved from /opt/airflow/dags/data_ingestion_gcs_dag.py
[2024-11-30T04:35:54.515+0000] {logging_mixin.py:190} INFO - [2024-11-30T04:35:54.515+0000] {dag.py:3239} INFO - Sync 1 DAGs
[2024-11-30T04:35:54.528+0000] {logging_mixin.py:190} INFO - [2024-11-30T04:35:54.528+0000] {dag.py:4180} INFO - Setting next_dagrun for data_ingestion_gcs_dag to 2024-11-30 00:00:00+00:00, run_after=2024-12-01 00:00:00+00:00
[2024-11-30T04:35:54.537+0000] {processor.py:208} INFO - Processing /opt/airflow/dags/data_ingestion_gcs_dag.py took 0.056 seconds
[2024-11-30T05:19:25.772+0000] {processor.py:186} INFO - Started process (PID=58634) to work on /opt/airflow/dags/data_ingestion_gcs_dag.py
[2024-11-30T05:19:25.772+0000] {processor.py:914} INFO - Processing file /opt/airflow/dags/data_ingestion_gcs_dag.py for tasks to queue
[2024-11-30T05:19:25.774+0000] {logging_mixin.py:190} INFO - [2024-11-30T05:19:25.773+0000] {dagbag.py:588} INFO - Filling up the DagBag from /opt/airflow/dags/data_ingestion_gcs_dag.py
[2024-11-30T05:19:25.793+0000] {processor.py:925} INFO - DAG(s) 'data_ingestion_gcs_dag' retrieved from /opt/airflow/dags/data_ingestion_gcs_dag.py
[2024-11-30T05:19:25.805+0000] {logging_mixin.py:190} INFO - [2024-11-30T05:19:25.805+0000] {dag.py:3239} INFO - Sync 1 DAGs
[2024-11-30T05:19:25.816+0000] {logging_mixin.py:190} INFO - [2024-11-30T05:19:25.816+0000] {dag.py:4180} INFO - Setting next_dagrun for data_ingestion_gcs_dag to 2024-11-30 00:00:00+00:00, run_after=2024-12-01 00:00:00+00:00
[2024-11-30T05:19:25.824+0000] {processor.py:208} INFO - Processing /opt/airflow/dags/data_ingestion_gcs_dag.py took 0.058 seconds
[2024-11-30T05:52:22.438+0000] {processor.py:186} INFO - Started process (PID=58641) to work on /opt/airflow/dags/data_ingestion_gcs_dag.py
[2024-11-30T05:52:22.439+0000] {processor.py:914} INFO - Processing file /opt/airflow/dags/data_ingestion_gcs_dag.py for tasks to queue
[2024-11-30T05:52:22.439+0000] {logging_mixin.py:190} INFO - [2024-11-30T05:52:22.439+0000] {dagbag.py:588} INFO - Filling up the DagBag from /opt/airflow/dags/data_ingestion_gcs_dag.py
[2024-11-30T05:52:22.456+0000] {processor.py:925} INFO - DAG(s) 'data_ingestion_gcs_dag' retrieved from /opt/airflow/dags/data_ingestion_gcs_dag.py
[2024-11-30T05:52:22.468+0000] {logging_mixin.py:190} INFO - [2024-11-30T05:52:22.468+0000] {dag.py:3239} INFO - Sync 1 DAGs
[2024-11-30T05:52:22.479+0000] {logging_mixin.py:190} INFO - [2024-11-30T05:52:22.479+0000] {dag.py:4180} INFO - Setting next_dagrun for data_ingestion_gcs_dag to 2024-11-30 00:00:00+00:00, run_after=2024-12-01 00:00:00+00:00
[2024-11-30T05:52:22.486+0000] {processor.py:208} INFO - Processing /opt/airflow/dags/data_ingestion_gcs_dag.py took 0.052 seconds
[2024-11-30T06:20:20.032+0000] {processor.py:186} INFO - Started process (PID=58648) to work on /opt/airflow/dags/data_ingestion_gcs_dag.py
[2024-11-30T06:20:20.032+0000] {processor.py:914} INFO - Processing file /opt/airflow/dags/data_ingestion_gcs_dag.py for tasks to queue
[2024-11-30T06:20:20.033+0000] {logging_mixin.py:190} INFO - [2024-11-30T06:20:20.033+0000] {dagbag.py:588} INFO - Filling up the DagBag from /opt/airflow/dags/data_ingestion_gcs_dag.py
[2024-11-30T06:20:20.051+0000] {processor.py:925} INFO - DAG(s) 'data_ingestion_gcs_dag' retrieved from /opt/airflow/dags/data_ingestion_gcs_dag.py
[2024-11-30T06:20:20.067+0000] {logging_mixin.py:190} INFO - [2024-11-30T06:20:20.067+0000] {dag.py:3239} INFO - Sync 1 DAGs
[2024-11-30T06:20:20.081+0000] {logging_mixin.py:190} INFO - [2024-11-30T06:20:20.081+0000] {dag.py:4180} INFO - Setting next_dagrun for data_ingestion_gcs_dag to 2024-11-30 00:00:00+00:00, run_after=2024-12-01 00:00:00+00:00
[2024-11-30T06:20:20.090+0000] {processor.py:208} INFO - Processing /opt/airflow/dags/data_ingestion_gcs_dag.py took 0.062 seconds
[2024-11-30T06:36:48.480+0000] {processor.py:186} INFO - Started process (PID=58655) to work on /opt/airflow/dags/data_ingestion_gcs_dag.py
[2024-11-30T06:36:48.481+0000] {processor.py:914} INFO - Processing file /opt/airflow/dags/data_ingestion_gcs_dag.py for tasks to queue
[2024-11-30T06:36:48.482+0000] {logging_mixin.py:190} INFO - [2024-11-30T06:36:48.481+0000] {dagbag.py:588} INFO - Filling up the DagBag from /opt/airflow/dags/data_ingestion_gcs_dag.py
[2024-11-30T06:36:48.496+0000] {processor.py:925} INFO - DAG(s) 'data_ingestion_gcs_dag' retrieved from /opt/airflow/dags/data_ingestion_gcs_dag.py
[2024-11-30T06:36:48.510+0000] {logging_mixin.py:190} INFO - [2024-11-30T06:36:48.510+0000] {dag.py:3239} INFO - Sync 1 DAGs
[2024-11-30T06:36:48.522+0000] {logging_mixin.py:190} INFO - [2024-11-30T06:36:48.522+0000] {dag.py:4180} INFO - Setting next_dagrun for data_ingestion_gcs_dag to 2024-11-30 00:00:00+00:00, run_after=2024-12-01 00:00:00+00:00
[2024-11-30T06:36:48.531+0000] {processor.py:208} INFO - Processing /opt/airflow/dags/data_ingestion_gcs_dag.py took 0.055 seconds
[2024-11-30T07:20:49.050+0000] {processor.py:186} INFO - Started process (PID=58662) to work on /opt/airflow/dags/data_ingestion_gcs_dag.py
[2024-11-30T07:20:49.051+0000] {processor.py:914} INFO - Processing file /opt/airflow/dags/data_ingestion_gcs_dag.py for tasks to queue
[2024-11-30T07:20:49.052+0000] {logging_mixin.py:190} INFO - [2024-11-30T07:20:49.052+0000] {dagbag.py:588} INFO - Filling up the DagBag from /opt/airflow/dags/data_ingestion_gcs_dag.py
[2024-11-30T07:20:49.074+0000] {processor.py:925} INFO - DAG(s) 'data_ingestion_gcs_dag' retrieved from /opt/airflow/dags/data_ingestion_gcs_dag.py
[2024-11-30T07:20:49.088+0000] {logging_mixin.py:190} INFO - [2024-11-30T07:20:49.088+0000] {dag.py:3239} INFO - Sync 1 DAGs
[2024-11-30T07:20:49.099+0000] {logging_mixin.py:190} INFO - [2024-11-30T07:20:49.099+0000] {dag.py:4180} INFO - Setting next_dagrun for data_ingestion_gcs_dag to 2024-11-30 00:00:00+00:00, run_after=2024-12-01 00:00:00+00:00
[2024-11-30T07:20:49.107+0000] {processor.py:208} INFO - Processing /opt/airflow/dags/data_ingestion_gcs_dag.py took 0.064 seconds
[2024-11-30T07:26:12.586+0000] {processor.py:186} INFO - Started process (PID=58669) to work on /opt/airflow/dags/data_ingestion_gcs_dag.py
[2024-11-30T07:26:12.586+0000] {processor.py:914} INFO - Processing file /opt/airflow/dags/data_ingestion_gcs_dag.py for tasks to queue
[2024-11-30T07:26:12.587+0000] {logging_mixin.py:190} INFO - [2024-11-30T07:26:12.587+0000] {dagbag.py:588} INFO - Filling up the DagBag from /opt/airflow/dags/data_ingestion_gcs_dag.py
[2024-11-30T07:26:12.605+0000] {processor.py:925} INFO - DAG(s) 'data_ingestion_gcs_dag' retrieved from /opt/airflow/dags/data_ingestion_gcs_dag.py
[2024-11-30T07:26:12.618+0000] {logging_mixin.py:190} INFO - [2024-11-30T07:26:12.618+0000] {dag.py:3239} INFO - Sync 1 DAGs
[2024-11-30T07:26:12.629+0000] {logging_mixin.py:190} INFO - [2024-11-30T07:26:12.629+0000] {dag.py:4180} INFO - Setting next_dagrun for data_ingestion_gcs_dag to 2024-11-30 00:00:00+00:00, run_after=2024-12-01 00:00:00+00:00
[2024-11-30T07:26:12.636+0000] {processor.py:208} INFO - Processing /opt/airflow/dags/data_ingestion_gcs_dag.py took 0.056 seconds
[2024-11-30T07:40:47.356+0000] {processor.py:186} INFO - Started process (PID=58676) to work on /opt/airflow/dags/data_ingestion_gcs_dag.py
[2024-11-30T07:40:47.357+0000] {processor.py:914} INFO - Processing file /opt/airflow/dags/data_ingestion_gcs_dag.py for tasks to queue
[2024-11-30T07:40:47.358+0000] {logging_mixin.py:190} INFO - [2024-11-30T07:40:47.358+0000] {dagbag.py:588} INFO - Filling up the DagBag from /opt/airflow/dags/data_ingestion_gcs_dag.py
[2024-11-30T07:40:47.377+0000] {processor.py:925} INFO - DAG(s) 'data_ingestion_gcs_dag' retrieved from /opt/airflow/dags/data_ingestion_gcs_dag.py
[2024-11-30T07:40:47.393+0000] {logging_mixin.py:190} INFO - [2024-11-30T07:40:47.393+0000] {dag.py:3239} INFO - Sync 1 DAGs
[2024-11-30T07:40:47.407+0000] {logging_mixin.py:190} INFO - [2024-11-30T07:40:47.406+0000] {dag.py:4180} INFO - Setting next_dagrun for data_ingestion_gcs_dag to 2024-11-30 00:00:00+00:00, run_after=2024-12-01 00:00:00+00:00
[2024-11-30T07:40:47.415+0000] {processor.py:208} INFO - Processing /opt/airflow/dags/data_ingestion_gcs_dag.py took 0.065 seconds
[2024-11-30T08:00:47.277+0000] {processor.py:186} INFO - Started process (PID=58683) to work on /opt/airflow/dags/data_ingestion_gcs_dag.py
[2024-11-30T08:00:47.278+0000] {processor.py:914} INFO - Processing file /opt/airflow/dags/data_ingestion_gcs_dag.py for tasks to queue
[2024-11-30T08:00:47.279+0000] {logging_mixin.py:190} INFO - [2024-11-30T08:00:47.279+0000] {dagbag.py:588} INFO - Filling up the DagBag from /opt/airflow/dags/data_ingestion_gcs_dag.py
[2024-11-30T08:00:47.294+0000] {processor.py:925} INFO - DAG(s) 'data_ingestion_gcs_dag' retrieved from /opt/airflow/dags/data_ingestion_gcs_dag.py
[2024-11-30T08:00:47.309+0000] {logging_mixin.py:190} INFO - [2024-11-30T08:00:47.308+0000] {dag.py:3239} INFO - Sync 1 DAGs
[2024-11-30T08:00:47.322+0000] {logging_mixin.py:190} INFO - [2024-11-30T08:00:47.322+0000] {dag.py:4180} INFO - Setting next_dagrun for data_ingestion_gcs_dag to 2024-11-30 00:00:00+00:00, run_after=2024-12-01 00:00:00+00:00
[2024-11-30T08:00:47.333+0000] {processor.py:208} INFO - Processing /opt/airflow/dags/data_ingestion_gcs_dag.py took 0.062 seconds
[2024-11-30T08:20:43.453+0000] {processor.py:186} INFO - Started process (PID=58690) to work on /opt/airflow/dags/data_ingestion_gcs_dag.py
[2024-11-30T08:20:43.453+0000] {processor.py:914} INFO - Processing file /opt/airflow/dags/data_ingestion_gcs_dag.py for tasks to queue
[2024-11-30T08:20:43.454+0000] {logging_mixin.py:190} INFO - [2024-11-30T08:20:43.454+0000] {dagbag.py:588} INFO - Filling up the DagBag from /opt/airflow/dags/data_ingestion_gcs_dag.py
[2024-11-30T08:20:43.471+0000] {processor.py:925} INFO - DAG(s) 'data_ingestion_gcs_dag' retrieved from /opt/airflow/dags/data_ingestion_gcs_dag.py
[2024-11-30T08:20:43.487+0000] {logging_mixin.py:190} INFO - [2024-11-30T08:20:43.487+0000] {dag.py:3239} INFO - Sync 1 DAGs
[2024-11-30T08:20:43.500+0000] {logging_mixin.py:190} INFO - [2024-11-30T08:20:43.499+0000] {dag.py:4180} INFO - Setting next_dagrun for data_ingestion_gcs_dag to 2024-11-30 00:00:00+00:00, run_after=2024-12-01 00:00:00+00:00
[2024-11-30T08:20:43.509+0000] {processor.py:208} INFO - Processing /opt/airflow/dags/data_ingestion_gcs_dag.py took 0.061 seconds
[2024-11-30T08:30:59.274+0000] {processor.py:186} INFO - Started process (PID=58697) to work on /opt/airflow/dags/data_ingestion_gcs_dag.py
[2024-11-30T08:30:59.276+0000] {processor.py:914} INFO - Processing file /opt/airflow/dags/data_ingestion_gcs_dag.py for tasks to queue
[2024-11-30T08:30:59.277+0000] {logging_mixin.py:190} INFO - [2024-11-30T08:30:59.277+0000] {dagbag.py:588} INFO - Filling up the DagBag from /opt/airflow/dags/data_ingestion_gcs_dag.py
[2024-11-30T08:30:59.296+0000] {processor.py:925} INFO - DAG(s) 'data_ingestion_gcs_dag' retrieved from /opt/airflow/dags/data_ingestion_gcs_dag.py
[2024-11-30T08:30:59.308+0000] {logging_mixin.py:190} INFO - [2024-11-30T08:30:59.308+0000] {dag.py:3239} INFO - Sync 1 DAGs
[2024-11-30T08:30:59.319+0000] {logging_mixin.py:190} INFO - [2024-11-30T08:30:59.318+0000] {dag.py:4180} INFO - Setting next_dagrun for data_ingestion_gcs_dag to 2024-11-30 00:00:00+00:00, run_after=2024-12-01 00:00:00+00:00
[2024-11-30T08:30:59.326+0000] {processor.py:208} INFO - Processing /opt/airflow/dags/data_ingestion_gcs_dag.py took 0.059 seconds
[2024-11-30T08:35:55.852+0000] {processor.py:186} INFO - Started process (PID=58704) to work on /opt/airflow/dags/data_ingestion_gcs_dag.py
[2024-11-30T08:35:55.853+0000] {processor.py:914} INFO - Processing file /opt/airflow/dags/data_ingestion_gcs_dag.py for tasks to queue
[2024-11-30T08:35:55.854+0000] {logging_mixin.py:190} INFO - [2024-11-30T08:35:55.853+0000] {dagbag.py:588} INFO - Filling up the DagBag from /opt/airflow/dags/data_ingestion_gcs_dag.py
[2024-11-30T08:35:55.873+0000] {processor.py:925} INFO - DAG(s) 'data_ingestion_gcs_dag' retrieved from /opt/airflow/dags/data_ingestion_gcs_dag.py
[2024-11-30T08:35:55.899+0000] {logging_mixin.py:190} INFO - [2024-11-30T08:35:55.898+0000] {dag.py:3239} INFO - Sync 1 DAGs
[2024-11-30T08:35:55.914+0000] {logging_mixin.py:190} INFO - [2024-11-30T08:35:55.914+0000] {dag.py:4180} INFO - Setting next_dagrun for data_ingestion_gcs_dag to 2024-11-30 00:00:00+00:00, run_after=2024-12-01 00:00:00+00:00
[2024-11-30T08:35:55.926+0000] {processor.py:208} INFO - Processing /opt/airflow/dags/data_ingestion_gcs_dag.py took 0.079 seconds
[2024-11-30T08:55:50.495+0000] {processor.py:186} INFO - Started process (PID=58711) to work on /opt/airflow/dags/data_ingestion_gcs_dag.py
[2024-11-30T08:55:50.496+0000] {processor.py:914} INFO - Processing file /opt/airflow/dags/data_ingestion_gcs_dag.py for tasks to queue
[2024-11-30T08:55:50.497+0000] {logging_mixin.py:190} INFO - [2024-11-30T08:55:50.497+0000] {dagbag.py:588} INFO - Filling up the DagBag from /opt/airflow/dags/data_ingestion_gcs_dag.py
[2024-11-30T08:55:50.798+0000] {processor.py:925} INFO - DAG(s) 'data_ingestion_gcs_dag' retrieved from /opt/airflow/dags/data_ingestion_gcs_dag.py
[2024-11-30T08:55:50.825+0000] {logging_mixin.py:190} INFO - [2024-11-30T08:55:50.825+0000] {dag.py:3239} INFO - Sync 1 DAGs
[2024-11-30T08:55:50.846+0000] {logging_mixin.py:190} INFO - [2024-11-30T08:55:50.845+0000] {dag.py:4180} INFO - Setting next_dagrun for data_ingestion_gcs_dag to 2024-11-30 00:00:00+00:00, run_after=2024-12-01 00:00:00+00:00
[2024-11-30T08:55:50.883+0000] {processor.py:208} INFO - Processing /opt/airflow/dags/data_ingestion_gcs_dag.py took 0.391 seconds
[2024-11-30T09:05:54.256+0000] {processor.py:186} INFO - Started process (PID=58718) to work on /opt/airflow/dags/data_ingestion_gcs_dag.py
[2024-11-30T09:05:54.256+0000] {processor.py:914} INFO - Processing file /opt/airflow/dags/data_ingestion_gcs_dag.py for tasks to queue
[2024-11-30T09:05:54.257+0000] {logging_mixin.py:190} INFO - [2024-11-30T09:05:54.257+0000] {dagbag.py:588} INFO - Filling up the DagBag from /opt/airflow/dags/data_ingestion_gcs_dag.py
[2024-11-30T09:05:54.276+0000] {processor.py:925} INFO - DAG(s) 'data_ingestion_gcs_dag' retrieved from /opt/airflow/dags/data_ingestion_gcs_dag.py
[2024-11-30T09:05:54.289+0000] {logging_mixin.py:190} INFO - [2024-11-30T09:05:54.289+0000] {dag.py:3239} INFO - Sync 1 DAGs
[2024-11-30T09:05:54.314+0000] {logging_mixin.py:190} INFO - [2024-11-30T09:05:54.314+0000] {dag.py:4180} INFO - Setting next_dagrun for data_ingestion_gcs_dag to 2024-11-30 00:00:00+00:00, run_after=2024-12-01 00:00:00+00:00
[2024-11-30T09:05:54.322+0000] {processor.py:208} INFO - Processing /opt/airflow/dags/data_ingestion_gcs_dag.py took 0.071 seconds
[2024-11-30T09:25:50.735+0000] {processor.py:186} INFO - Started process (PID=58725) to work on /opt/airflow/dags/data_ingestion_gcs_dag.py
[2024-11-30T09:25:50.735+0000] {processor.py:914} INFO - Processing file /opt/airflow/dags/data_ingestion_gcs_dag.py for tasks to queue
[2024-11-30T09:25:50.736+0000] {logging_mixin.py:190} INFO - [2024-11-30T09:25:50.736+0000] {dagbag.py:588} INFO - Filling up the DagBag from /opt/airflow/dags/data_ingestion_gcs_dag.py
[2024-11-30T09:25:50.755+0000] {processor.py:925} INFO - DAG(s) 'data_ingestion_gcs_dag' retrieved from /opt/airflow/dags/data_ingestion_gcs_dag.py
[2024-11-30T09:25:50.772+0000] {logging_mixin.py:190} INFO - [2024-11-30T09:25:50.771+0000] {dag.py:3239} INFO - Sync 1 DAGs
[2024-11-30T09:25:51.130+0000] {logging_mixin.py:190} INFO - [2024-11-30T09:25:51.130+0000] {dag.py:4180} INFO - Setting next_dagrun for data_ingestion_gcs_dag to 2024-11-30 00:00:00+00:00, run_after=2024-12-01 00:00:00+00:00
[2024-11-30T09:25:51.230+0000] {processor.py:208} INFO - Processing /opt/airflow/dags/data_ingestion_gcs_dag.py took 0.500 seconds
[2024-11-30T09:36:04.602+0000] {processor.py:186} INFO - Started process (PID=58732) to work on /opt/airflow/dags/data_ingestion_gcs_dag.py
[2024-11-30T09:36:04.603+0000] {processor.py:914} INFO - Processing file /opt/airflow/dags/data_ingestion_gcs_dag.py for tasks to queue
[2024-11-30T09:36:04.604+0000] {logging_mixin.py:190} INFO - [2024-11-30T09:36:04.604+0000] {dagbag.py:588} INFO - Filling up the DagBag from /opt/airflow/dags/data_ingestion_gcs_dag.py
[2024-11-30T09:36:04.629+0000] {processor.py:925} INFO - DAG(s) 'data_ingestion_gcs_dag' retrieved from /opt/airflow/dags/data_ingestion_gcs_dag.py
[2024-11-30T09:36:04.645+0000] {logging_mixin.py:190} INFO - [2024-11-30T09:36:04.645+0000] {dag.py:3239} INFO - Sync 1 DAGs
[2024-11-30T09:36:04.659+0000] {logging_mixin.py:190} INFO - [2024-11-30T09:36:04.659+0000] {dag.py:4180} INFO - Setting next_dagrun for data_ingestion_gcs_dag to 2024-11-30 00:00:00+00:00, run_after=2024-12-01 00:00:00+00:00
[2024-11-30T09:36:04.668+0000] {processor.py:208} INFO - Processing /opt/airflow/dags/data_ingestion_gcs_dag.py took 0.072 seconds
[2024-11-30T09:50:48.168+0000] {processor.py:186} INFO - Started process (PID=58739) to work on /opt/airflow/dags/data_ingestion_gcs_dag.py
[2024-11-30T09:50:48.169+0000] {processor.py:914} INFO - Processing file /opt/airflow/dags/data_ingestion_gcs_dag.py for tasks to queue
[2024-11-30T09:50:48.169+0000] {logging_mixin.py:190} INFO - [2024-11-30T09:50:48.169+0000] {dagbag.py:588} INFO - Filling up the DagBag from /opt/airflow/dags/data_ingestion_gcs_dag.py
[2024-11-30T09:50:48.184+0000] {processor.py:925} INFO - DAG(s) 'data_ingestion_gcs_dag' retrieved from /opt/airflow/dags/data_ingestion_gcs_dag.py
[2024-11-30T09:50:48.198+0000] {logging_mixin.py:190} INFO - [2024-11-30T09:50:48.197+0000] {dag.py:3239} INFO - Sync 1 DAGs
[2024-11-30T09:50:48.210+0000] {logging_mixin.py:190} INFO - [2024-11-30T09:50:48.210+0000] {dag.py:4180} INFO - Setting next_dagrun for data_ingestion_gcs_dag to 2024-11-30 00:00:00+00:00, run_after=2024-12-01 00:00:00+00:00
[2024-11-30T09:50:48.219+0000] {processor.py:208} INFO - Processing /opt/airflow/dags/data_ingestion_gcs_dag.py took 0.057 seconds
[2024-11-30T10:10:46.057+0000] {processor.py:186} INFO - Started process (PID=58746) to work on /opt/airflow/dags/data_ingestion_gcs_dag.py
[2024-11-30T10:10:46.058+0000] {processor.py:914} INFO - Processing file /opt/airflow/dags/data_ingestion_gcs_dag.py for tasks to queue
[2024-11-30T10:10:46.059+0000] {logging_mixin.py:190} INFO - [2024-11-30T10:10:46.059+0000] {dagbag.py:588} INFO - Filling up the DagBag from /opt/airflow/dags/data_ingestion_gcs_dag.py
[2024-11-30T10:10:46.077+0000] {processor.py:925} INFO - DAG(s) 'data_ingestion_gcs_dag' retrieved from /opt/airflow/dags/data_ingestion_gcs_dag.py
[2024-11-30T10:10:46.090+0000] {logging_mixin.py:190} INFO - [2024-11-30T10:10:46.090+0000] {dag.py:3239} INFO - Sync 1 DAGs
[2024-11-30T10:10:46.102+0000] {logging_mixin.py:190} INFO - [2024-11-30T10:10:46.102+0000] {dag.py:4180} INFO - Setting next_dagrun for data_ingestion_gcs_dag to 2024-11-30 00:00:00+00:00, run_after=2024-12-01 00:00:00+00:00
[2024-11-30T10:10:46.110+0000] {processor.py:208} INFO - Processing /opt/airflow/dags/data_ingestion_gcs_dag.py took 0.058 seconds
[2024-11-30T10:20:48.451+0000] {processor.py:186} INFO - Started process (PID=58754) to work on /opt/airflow/dags/data_ingestion_gcs_dag.py
[2024-11-30T10:20:48.451+0000] {processor.py:914} INFO - Processing file /opt/airflow/dags/data_ingestion_gcs_dag.py for tasks to queue
[2024-11-30T10:20:48.452+0000] {logging_mixin.py:190} INFO - [2024-11-30T10:20:48.452+0000] {dagbag.py:588} INFO - Filling up the DagBag from /opt/airflow/dags/data_ingestion_gcs_dag.py
[2024-11-30T10:20:48.465+0000] {processor.py:925} INFO - DAG(s) 'data_ingestion_gcs_dag' retrieved from /opt/airflow/dags/data_ingestion_gcs_dag.py
[2024-11-30T10:20:48.478+0000] {logging_mixin.py:190} INFO - [2024-11-30T10:20:48.478+0000] {dag.py:3239} INFO - Sync 1 DAGs
[2024-11-30T10:20:48.488+0000] {logging_mixin.py:190} INFO - [2024-11-30T10:20:48.488+0000] {dag.py:4180} INFO - Setting next_dagrun for data_ingestion_gcs_dag to 2024-11-30 00:00:00+00:00, run_after=2024-12-01 00:00:00+00:00
[2024-11-30T10:20:48.496+0000] {processor.py:208} INFO - Processing /opt/airflow/dags/data_ingestion_gcs_dag.py took 0.049 seconds
[2024-11-30T10:40:48.949+0000] {processor.py:186} INFO - Started process (PID=58761) to work on /opt/airflow/dags/data_ingestion_gcs_dag.py
[2024-11-30T10:40:48.950+0000] {processor.py:914} INFO - Processing file /opt/airflow/dags/data_ingestion_gcs_dag.py for tasks to queue
[2024-11-30T10:40:48.951+0000] {logging_mixin.py:190} INFO - [2024-11-30T10:40:48.950+0000] {dagbag.py:588} INFO - Filling up the DagBag from /opt/airflow/dags/data_ingestion_gcs_dag.py
[2024-11-30T10:40:48.967+0000] {processor.py:925} INFO - DAG(s) 'data_ingestion_gcs_dag' retrieved from /opt/airflow/dags/data_ingestion_gcs_dag.py
[2024-11-30T10:40:48.981+0000] {logging_mixin.py:190} INFO - [2024-11-30T10:40:48.981+0000] {dag.py:3239} INFO - Sync 1 DAGs
[2024-11-30T10:40:48.992+0000] {logging_mixin.py:190} INFO - [2024-11-30T10:40:48.992+0000] {dag.py:4180} INFO - Setting next_dagrun for data_ingestion_gcs_dag to 2024-11-30 00:00:00+00:00, run_after=2024-12-01 00:00:00+00:00
[2024-11-30T10:40:48.999+0000] {processor.py:208} INFO - Processing /opt/airflow/dags/data_ingestion_gcs_dag.py took 0.055 seconds
[2024-11-30T10:45:45.760+0000] {processor.py:186} INFO - Started process (PID=58768) to work on /opt/airflow/dags/data_ingestion_gcs_dag.py
[2024-11-30T10:45:45.761+0000] {processor.py:914} INFO - Processing file /opt/airflow/dags/data_ingestion_gcs_dag.py for tasks to queue
[2024-11-30T10:45:45.762+0000] {logging_mixin.py:190} INFO - [2024-11-30T10:45:45.762+0000] {dagbag.py:588} INFO - Filling up the DagBag from /opt/airflow/dags/data_ingestion_gcs_dag.py
[2024-11-30T10:45:45.784+0000] {processor.py:925} INFO - DAG(s) 'data_ingestion_gcs_dag' retrieved from /opt/airflow/dags/data_ingestion_gcs_dag.py
[2024-11-30T10:45:45.799+0000] {logging_mixin.py:190} INFO - [2024-11-30T10:45:45.799+0000] {dag.py:3239} INFO - Sync 1 DAGs
[2024-11-30T10:45:45.812+0000] {logging_mixin.py:190} INFO - [2024-11-30T10:45:45.812+0000] {dag.py:4180} INFO - Setting next_dagrun for data_ingestion_gcs_dag to 2024-11-30 00:00:00+00:00, run_after=2024-12-01 00:00:00+00:00
[2024-11-30T10:45:45.822+0000] {processor.py:208} INFO - Processing /opt/airflow/dags/data_ingestion_gcs_dag.py took 0.069 seconds
[2024-11-30T11:05:46.906+0000] {processor.py:186} INFO - Started process (PID=58775) to work on /opt/airflow/dags/data_ingestion_gcs_dag.py
[2024-11-30T11:05:46.907+0000] {processor.py:914} INFO - Processing file /opt/airflow/dags/data_ingestion_gcs_dag.py for tasks to queue
[2024-11-30T11:05:46.908+0000] {logging_mixin.py:190} INFO - [2024-11-30T11:05:46.907+0000] {dagbag.py:588} INFO - Filling up the DagBag from /opt/airflow/dags/data_ingestion_gcs_dag.py
[2024-11-30T11:05:46.927+0000] {processor.py:925} INFO - DAG(s) 'data_ingestion_gcs_dag' retrieved from /opt/airflow/dags/data_ingestion_gcs_dag.py
[2024-11-30T11:05:46.942+0000] {logging_mixin.py:190} INFO - [2024-11-30T11:05:46.942+0000] {dag.py:3239} INFO - Sync 1 DAGs
[2024-11-30T11:05:46.957+0000] {logging_mixin.py:190} INFO - [2024-11-30T11:05:46.956+0000] {dag.py:4180} INFO - Setting next_dagrun for data_ingestion_gcs_dag to 2024-11-30 00:00:00+00:00, run_after=2024-12-01 00:00:00+00:00
[2024-11-30T11:05:46.965+0000] {processor.py:208} INFO - Processing /opt/airflow/dags/data_ingestion_gcs_dag.py took 0.064 seconds
[2024-11-30T11:25:45.831+0000] {processor.py:186} INFO - Started process (PID=58782) to work on /opt/airflow/dags/data_ingestion_gcs_dag.py
[2024-11-30T11:25:45.831+0000] {processor.py:914} INFO - Processing file /opt/airflow/dags/data_ingestion_gcs_dag.py for tasks to queue
[2024-11-30T11:25:45.832+0000] {logging_mixin.py:190} INFO - [2024-11-30T11:25:45.832+0000] {dagbag.py:588} INFO - Filling up the DagBag from /opt/airflow/dags/data_ingestion_gcs_dag.py
[2024-11-30T11:25:45.847+0000] {processor.py:925} INFO - DAG(s) 'data_ingestion_gcs_dag' retrieved from /opt/airflow/dags/data_ingestion_gcs_dag.py
[2024-11-30T11:25:45.861+0000] {logging_mixin.py:190} INFO - [2024-11-30T11:25:45.861+0000] {dag.py:3239} INFO - Sync 1 DAGs
[2024-11-30T11:25:45.875+0000] {logging_mixin.py:190} INFO - [2024-11-30T11:25:45.874+0000] {dag.py:4180} INFO - Setting next_dagrun for data_ingestion_gcs_dag to 2024-11-30 00:00:00+00:00, run_after=2024-12-01 00:00:00+00:00
[2024-11-30T11:25:45.883+0000] {processor.py:208} INFO - Processing /opt/airflow/dags/data_ingestion_gcs_dag.py took 0.056 seconds
[2024-11-30T11:45:45.556+0000] {processor.py:186} INFO - Started process (PID=58789) to work on /opt/airflow/dags/data_ingestion_gcs_dag.py
[2024-11-30T11:45:45.556+0000] {processor.py:914} INFO - Processing file /opt/airflow/dags/data_ingestion_gcs_dag.py for tasks to queue
[2024-11-30T11:45:45.557+0000] {logging_mixin.py:190} INFO - [2024-11-30T11:45:45.557+0000] {dagbag.py:588} INFO - Filling up the DagBag from /opt/airflow/dags/data_ingestion_gcs_dag.py
[2024-11-30T11:45:45.572+0000] {processor.py:925} INFO - DAG(s) 'data_ingestion_gcs_dag' retrieved from /opt/airflow/dags/data_ingestion_gcs_dag.py
[2024-11-30T11:45:45.587+0000] {logging_mixin.py:190} INFO - [2024-11-30T11:45:45.587+0000] {dag.py:3239} INFO - Sync 1 DAGs
[2024-11-30T11:45:45.602+0000] {logging_mixin.py:190} INFO - [2024-11-30T11:45:45.602+0000] {dag.py:4180} INFO - Setting next_dagrun for data_ingestion_gcs_dag to 2024-11-30 00:00:00+00:00, run_after=2024-12-01 00:00:00+00:00
[2024-11-30T11:45:45.612+0000] {processor.py:208} INFO - Processing /opt/airflow/dags/data_ingestion_gcs_dag.py took 0.060 seconds
[2024-11-30T11:50:43.187+0000] {processor.py:186} INFO - Started process (PID=58796) to work on /opt/airflow/dags/data_ingestion_gcs_dag.py
[2024-11-30T11:50:43.188+0000] {processor.py:914} INFO - Processing file /opt/airflow/dags/data_ingestion_gcs_dag.py for tasks to queue
[2024-11-30T11:50:43.190+0000] {logging_mixin.py:190} INFO - [2024-11-30T11:50:43.189+0000] {dagbag.py:588} INFO - Filling up the DagBag from /opt/airflow/dags/data_ingestion_gcs_dag.py
[2024-11-30T11:50:43.222+0000] {processor.py:925} INFO - DAG(s) 'data_ingestion_gcs_dag' retrieved from /opt/airflow/dags/data_ingestion_gcs_dag.py
[2024-11-30T11:50:43.246+0000] {logging_mixin.py:190} INFO - [2024-11-30T11:50:43.246+0000] {dag.py:3239} INFO - Sync 1 DAGs
[2024-11-30T11:50:43.266+0000] {logging_mixin.py:190} INFO - [2024-11-30T11:50:43.266+0000] {dag.py:4180} INFO - Setting next_dagrun for data_ingestion_gcs_dag to 2024-11-30 00:00:00+00:00, run_after=2024-12-01 00:00:00+00:00
[2024-11-30T11:50:43.277+0000] {processor.py:208} INFO - Processing /opt/airflow/dags/data_ingestion_gcs_dag.py took 0.099 seconds
[2024-11-30T12:05:51.216+0000] {processor.py:186} INFO - Started process (PID=58803) to work on /opt/airflow/dags/data_ingestion_gcs_dag.py
[2024-11-30T12:05:51.216+0000] {processor.py:914} INFO - Processing file /opt/airflow/dags/data_ingestion_gcs_dag.py for tasks to queue
[2024-11-30T12:05:51.217+0000] {logging_mixin.py:190} INFO - [2024-11-30T12:05:51.217+0000] {dagbag.py:588} INFO - Filling up the DagBag from /opt/airflow/dags/data_ingestion_gcs_dag.py
[2024-11-30T12:05:51.234+0000] {processor.py:925} INFO - DAG(s) 'data_ingestion_gcs_dag' retrieved from /opt/airflow/dags/data_ingestion_gcs_dag.py
[2024-11-30T12:05:51.248+0000] {logging_mixin.py:190} INFO - [2024-11-30T12:05:51.248+0000] {dag.py:3239} INFO - Sync 1 DAGs
[2024-11-30T12:05:51.259+0000] {logging_mixin.py:190} INFO - [2024-11-30T12:05:51.259+0000] {dag.py:4180} INFO - Setting next_dagrun for data_ingestion_gcs_dag to 2024-11-30 00:00:00+00:00, run_after=2024-12-01 00:00:00+00:00
[2024-11-30T12:05:51.268+0000] {processor.py:208} INFO - Processing /opt/airflow/dags/data_ingestion_gcs_dag.py took 0.057 seconds
[2024-11-30T12:25:43.066+0000] {processor.py:186} INFO - Started process (PID=58810) to work on /opt/airflow/dags/data_ingestion_gcs_dag.py
[2024-11-30T12:25:43.067+0000] {processor.py:914} INFO - Processing file /opt/airflow/dags/data_ingestion_gcs_dag.py for tasks to queue
[2024-11-30T12:25:43.068+0000] {logging_mixin.py:190} INFO - [2024-11-30T12:25:43.067+0000] {dagbag.py:588} INFO - Filling up the DagBag from /opt/airflow/dags/data_ingestion_gcs_dag.py
[2024-11-30T12:25:43.083+0000] {processor.py:925} INFO - DAG(s) 'data_ingestion_gcs_dag' retrieved from /opt/airflow/dags/data_ingestion_gcs_dag.py
[2024-11-30T12:25:43.096+0000] {logging_mixin.py:190} INFO - [2024-11-30T12:25:43.096+0000] {dag.py:3239} INFO - Sync 1 DAGs
[2024-11-30T12:25:43.109+0000] {logging_mixin.py:190} INFO - [2024-11-30T12:25:43.109+0000] {dag.py:4180} INFO - Setting next_dagrun for data_ingestion_gcs_dag to 2024-11-30 00:00:00+00:00, run_after=2024-12-01 00:00:00+00:00
[2024-11-30T12:25:43.118+0000] {processor.py:208} INFO - Processing /opt/airflow/dags/data_ingestion_gcs_dag.py took 0.056 seconds
[2024-11-30T12:40:49.863+0000] {processor.py:186} INFO - Started process (PID=58817) to work on /opt/airflow/dags/data_ingestion_gcs_dag.py
[2024-11-30T12:40:49.863+0000] {processor.py:914} INFO - Processing file /opt/airflow/dags/data_ingestion_gcs_dag.py for tasks to queue
[2024-11-30T12:40:49.864+0000] {logging_mixin.py:190} INFO - [2024-11-30T12:40:49.864+0000] {dagbag.py:588} INFO - Filling up the DagBag from /opt/airflow/dags/data_ingestion_gcs_dag.py
[2024-11-30T12:40:49.883+0000] {processor.py:925} INFO - DAG(s) 'data_ingestion_gcs_dag' retrieved from /opt/airflow/dags/data_ingestion_gcs_dag.py
[2024-11-30T12:40:49.901+0000] {logging_mixin.py:190} INFO - [2024-11-30T12:40:49.901+0000] {dag.py:3239} INFO - Sync 1 DAGs
[2024-11-30T12:40:49.916+0000] {logging_mixin.py:190} INFO - [2024-11-30T12:40:49.915+0000] {dag.py:4180} INFO - Setting next_dagrun for data_ingestion_gcs_dag to 2024-11-30 00:00:00+00:00, run_after=2024-12-01 00:00:00+00:00
[2024-11-30T12:40:49.926+0000] {processor.py:208} INFO - Processing /opt/airflow/dags/data_ingestion_gcs_dag.py took 0.067 seconds
[2024-11-30T12:51:05.541+0000] {processor.py:186} INFO - Started process (PID=58824) to work on /opt/airflow/dags/data_ingestion_gcs_dag.py
[2024-11-30T12:51:05.542+0000] {processor.py:914} INFO - Processing file /opt/airflow/dags/data_ingestion_gcs_dag.py for tasks to queue
[2024-11-30T12:51:05.543+0000] {logging_mixin.py:190} INFO - [2024-11-30T12:51:05.542+0000] {dagbag.py:588} INFO - Filling up the DagBag from /opt/airflow/dags/data_ingestion_gcs_dag.py
[2024-11-30T12:51:05.560+0000] {processor.py:925} INFO - DAG(s) 'data_ingestion_gcs_dag' retrieved from /opt/airflow/dags/data_ingestion_gcs_dag.py
[2024-11-30T12:51:05.574+0000] {logging_mixin.py:190} INFO - [2024-11-30T12:51:05.574+0000] {dag.py:3239} INFO - Sync 1 DAGs
[2024-11-30T12:51:05.587+0000] {logging_mixin.py:190} INFO - [2024-11-30T12:51:05.587+0000] {dag.py:4180} INFO - Setting next_dagrun for data_ingestion_gcs_dag to 2024-11-30 00:00:00+00:00, run_after=2024-12-01 00:00:00+00:00
[2024-11-30T12:51:05.596+0000] {processor.py:208} INFO - Processing /opt/airflow/dags/data_ingestion_gcs_dag.py took 0.059 seconds
[2024-11-30T12:56:02.418+0000] {processor.py:186} INFO - Started process (PID=58831) to work on /opt/airflow/dags/data_ingestion_gcs_dag.py
[2024-11-30T12:56:02.419+0000] {processor.py:914} INFO - Processing file /opt/airflow/dags/data_ingestion_gcs_dag.py for tasks to queue
[2024-11-30T12:56:02.419+0000] {logging_mixin.py:190} INFO - [2024-11-30T12:56:02.419+0000] {dagbag.py:588} INFO - Filling up the DagBag from /opt/airflow/dags/data_ingestion_gcs_dag.py
[2024-11-30T12:56:02.434+0000] {processor.py:925} INFO - DAG(s) 'data_ingestion_gcs_dag' retrieved from /opt/airflow/dags/data_ingestion_gcs_dag.py
[2024-11-30T12:56:02.448+0000] {logging_mixin.py:190} INFO - [2024-11-30T12:56:02.447+0000] {dag.py:3239} INFO - Sync 1 DAGs
[2024-11-30T12:56:02.460+0000] {logging_mixin.py:190} INFO - [2024-11-30T12:56:02.460+0000] {dag.py:4180} INFO - Setting next_dagrun for data_ingestion_gcs_dag to 2024-11-30 00:00:00+00:00, run_after=2024-12-01 00:00:00+00:00
[2024-11-30T12:56:02.469+0000] {processor.py:208} INFO - Processing /opt/airflow/dags/data_ingestion_gcs_dag.py took 0.054 seconds
[2024-11-30T13:15:44.941+0000] {processor.py:186} INFO - Started process (PID=58838) to work on /opt/airflow/dags/data_ingestion_gcs_dag.py
[2024-11-30T13:15:44.942+0000] {processor.py:914} INFO - Processing file /opt/airflow/dags/data_ingestion_gcs_dag.py for tasks to queue
[2024-11-30T13:15:44.943+0000] {logging_mixin.py:190} INFO - [2024-11-30T13:15:44.943+0000] {dagbag.py:588} INFO - Filling up the DagBag from /opt/airflow/dags/data_ingestion_gcs_dag.py
[2024-11-30T13:15:44.964+0000] {processor.py:925} INFO - DAG(s) 'data_ingestion_gcs_dag' retrieved from /opt/airflow/dags/data_ingestion_gcs_dag.py
[2024-11-30T13:15:44.977+0000] {logging_mixin.py:190} INFO - [2024-11-30T13:15:44.977+0000] {dag.py:3239} INFO - Sync 1 DAGs
[2024-11-30T13:15:44.990+0000] {logging_mixin.py:190} INFO - [2024-11-30T13:15:44.989+0000] {dag.py:4180} INFO - Setting next_dagrun for data_ingestion_gcs_dag to 2024-11-30 00:00:00+00:00, run_after=2024-12-01 00:00:00+00:00
[2024-11-30T13:15:44.997+0000] {processor.py:208} INFO - Processing /opt/airflow/dags/data_ingestion_gcs_dag.py took 0.062 seconds
[2024-11-30T13:35:45.832+0000] {processor.py:186} INFO - Started process (PID=58845) to work on /opt/airflow/dags/data_ingestion_gcs_dag.py
[2024-11-30T13:35:45.833+0000] {processor.py:914} INFO - Processing file /opt/airflow/dags/data_ingestion_gcs_dag.py for tasks to queue
[2024-11-30T13:35:45.835+0000] {logging_mixin.py:190} INFO - [2024-11-30T13:35:45.834+0000] {dagbag.py:588} INFO - Filling up the DagBag from /opt/airflow/dags/data_ingestion_gcs_dag.py
[2024-11-30T13:35:45.858+0000] {processor.py:925} INFO - DAG(s) 'data_ingestion_gcs_dag' retrieved from /opt/airflow/dags/data_ingestion_gcs_dag.py
[2024-11-30T13:35:45.872+0000] {logging_mixin.py:190} INFO - [2024-11-30T13:35:45.872+0000] {dag.py:3239} INFO - Sync 1 DAGs
[2024-11-30T13:35:45.884+0000] {logging_mixin.py:190} INFO - [2024-11-30T13:35:45.884+0000] {dag.py:4180} INFO - Setting next_dagrun for data_ingestion_gcs_dag to 2024-11-30 00:00:00+00:00, run_after=2024-12-01 00:00:00+00:00
[2024-11-30T13:35:45.891+0000] {processor.py:208} INFO - Processing /opt/airflow/dags/data_ingestion_gcs_dag.py took 0.065 seconds
[2024-11-30T13:55:44.673+0000] {processor.py:186} INFO - Started process (PID=58852) to work on /opt/airflow/dags/data_ingestion_gcs_dag.py
[2024-11-30T13:55:44.675+0000] {processor.py:914} INFO - Processing file /opt/airflow/dags/data_ingestion_gcs_dag.py for tasks to queue
[2024-11-30T13:55:44.676+0000] {logging_mixin.py:190} INFO - [2024-11-30T13:55:44.676+0000] {dagbag.py:588} INFO - Filling up the DagBag from /opt/airflow/dags/data_ingestion_gcs_dag.py
[2024-11-30T13:55:44.697+0000] {processor.py:925} INFO - DAG(s) 'data_ingestion_gcs_dag' retrieved from /opt/airflow/dags/data_ingestion_gcs_dag.py
[2024-11-30T13:55:44.713+0000] {logging_mixin.py:190} INFO - [2024-11-30T13:55:44.713+0000] {dag.py:3239} INFO - Sync 1 DAGs
[2024-11-30T13:55:44.725+0000] {logging_mixin.py:190} INFO - [2024-11-30T13:55:44.725+0000] {dag.py:4180} INFO - Setting next_dagrun for data_ingestion_gcs_dag to 2024-11-30 00:00:00+00:00, run_after=2024-12-01 00:00:00+00:00
[2024-11-30T13:55:44.734+0000] {processor.py:208} INFO - Processing /opt/airflow/dags/data_ingestion_gcs_dag.py took 0.068 seconds
[2024-11-30T13:56:15.053+0000] {processor.py:186} INFO - Started process (PID=58859) to work on /opt/airflow/dags/data_ingestion_gcs_dag.py
[2024-11-30T13:56:15.054+0000] {processor.py:914} INFO - Processing file /opt/airflow/dags/data_ingestion_gcs_dag.py for tasks to queue
[2024-11-30T13:56:15.055+0000] {logging_mixin.py:190} INFO - [2024-11-30T13:56:15.055+0000] {dagbag.py:588} INFO - Filling up the DagBag from /opt/airflow/dags/data_ingestion_gcs_dag.py
[2024-11-30T13:56:15.082+0000] {processor.py:925} INFO - DAG(s) 'data_ingestion_gcs_dag' retrieved from /opt/airflow/dags/data_ingestion_gcs_dag.py
[2024-11-30T13:56:15.101+0000] {logging_mixin.py:190} INFO - [2024-11-30T13:56:15.101+0000] {dag.py:3239} INFO - Sync 1 DAGs
[2024-11-30T13:56:15.113+0000] {logging_mixin.py:190} INFO - [2024-11-30T13:56:15.113+0000] {dag.py:4180} INFO - Setting next_dagrun for data_ingestion_gcs_dag to 2024-11-30 00:00:00+00:00, run_after=2024-12-01 00:00:00+00:00
[2024-11-30T13:56:15.121+0000] {processor.py:208} INFO - Processing /opt/airflow/dags/data_ingestion_gcs_dag.py took 0.075 seconds
[2024-11-30T14:10:43.653+0000] {processor.py:186} INFO - Started process (PID=58866) to work on /opt/airflow/dags/data_ingestion_gcs_dag.py
[2024-11-30T14:10:43.654+0000] {processor.py:914} INFO - Processing file /opt/airflow/dags/data_ingestion_gcs_dag.py for tasks to queue
[2024-11-30T14:10:43.655+0000] {logging_mixin.py:190} INFO - [2024-11-30T14:10:43.655+0000] {dagbag.py:588} INFO - Filling up the DagBag from /opt/airflow/dags/data_ingestion_gcs_dag.py
[2024-11-30T14:10:43.672+0000] {processor.py:925} INFO - DAG(s) 'data_ingestion_gcs_dag' retrieved from /opt/airflow/dags/data_ingestion_gcs_dag.py
[2024-11-30T14:10:43.688+0000] {logging_mixin.py:190} INFO - [2024-11-30T14:10:43.688+0000] {dag.py:3239} INFO - Sync 1 DAGs
[2024-11-30T14:10:43.701+0000] {logging_mixin.py:190} INFO - [2024-11-30T14:10:43.701+0000] {dag.py:4180} INFO - Setting next_dagrun for data_ingestion_gcs_dag to 2024-11-30 00:00:00+00:00, run_after=2024-12-01 00:00:00+00:00
[2024-11-30T14:10:43.711+0000] {processor.py:208} INFO - Processing /opt/airflow/dags/data_ingestion_gcs_dag.py took 0.062 seconds
[2024-11-30T14:23:25.410+0000] {processor.py:186} INFO - Started process (PID=58873) to work on /opt/airflow/dags/data_ingestion_gcs_dag.py
[2024-11-30T14:23:25.411+0000] {processor.py:914} INFO - Processing file /opt/airflow/dags/data_ingestion_gcs_dag.py for tasks to queue
[2024-11-30T14:23:25.413+0000] {logging_mixin.py:190} INFO - [2024-11-30T14:23:25.412+0000] {dagbag.py:588} INFO - Filling up the DagBag from /opt/airflow/dags/data_ingestion_gcs_dag.py
[2024-11-30T14:23:25.441+0000] {processor.py:925} INFO - DAG(s) 'data_ingestion_gcs_dag' retrieved from /opt/airflow/dags/data_ingestion_gcs_dag.py
[2024-11-30T14:23:25.455+0000] {logging_mixin.py:190} INFO - [2024-11-30T14:23:25.454+0000] {dag.py:3239} INFO - Sync 1 DAGs
[2024-11-30T14:23:25.468+0000] {logging_mixin.py:190} INFO - [2024-11-30T14:23:25.468+0000] {dag.py:4180} INFO - Setting next_dagrun for data_ingestion_gcs_dag to 2024-11-30 00:00:00+00:00, run_after=2024-12-01 00:00:00+00:00
[2024-11-30T14:23:25.477+0000] {processor.py:208} INFO - Processing /opt/airflow/dags/data_ingestion_gcs_dag.py took 0.076 seconds
[2024-11-30T14:40:49.870+0000] {processor.py:186} INFO - Started process (PID=58880) to work on /opt/airflow/dags/data_ingestion_gcs_dag.py
[2024-11-30T14:40:49.871+0000] {processor.py:914} INFO - Processing file /opt/airflow/dags/data_ingestion_gcs_dag.py for tasks to queue
[2024-11-30T14:40:49.872+0000] {logging_mixin.py:190} INFO - [2024-11-30T14:40:49.871+0000] {dagbag.py:588} INFO - Filling up the DagBag from /opt/airflow/dags/data_ingestion_gcs_dag.py
[2024-11-30T14:40:49.893+0000] {processor.py:925} INFO - DAG(s) 'data_ingestion_gcs_dag' retrieved from /opt/airflow/dags/data_ingestion_gcs_dag.py
[2024-11-30T14:40:49.911+0000] {logging_mixin.py:190} INFO - [2024-11-30T14:40:49.911+0000] {dag.py:3239} INFO - Sync 1 DAGs
[2024-11-30T14:40:49.927+0000] {logging_mixin.py:190} INFO - [2024-11-30T14:40:49.927+0000] {dag.py:4180} INFO - Setting next_dagrun for data_ingestion_gcs_dag to 2024-11-30 00:00:00+00:00, run_after=2024-12-01 00:00:00+00:00
[2024-11-30T14:40:49.937+0000] {processor.py:208} INFO - Processing /opt/airflow/dags/data_ingestion_gcs_dag.py took 0.072 seconds
[2024-11-30T15:00:48.316+0000] {processor.py:186} INFO - Started process (PID=58886) to work on /opt/airflow/dags/data_ingestion_gcs_dag.py
[2024-11-30T15:00:48.317+0000] {processor.py:914} INFO - Processing file /opt/airflow/dags/data_ingestion_gcs_dag.py for tasks to queue
[2024-11-30T15:00:48.318+0000] {logging_mixin.py:190} INFO - [2024-11-30T15:00:48.318+0000] {dagbag.py:588} INFO - Filling up the DagBag from /opt/airflow/dags/data_ingestion_gcs_dag.py
[2024-11-30T15:00:48.336+0000] {processor.py:925} INFO - DAG(s) 'data_ingestion_gcs_dag' retrieved from /opt/airflow/dags/data_ingestion_gcs_dag.py
[2024-11-30T15:00:48.348+0000] {logging_mixin.py:190} INFO - [2024-11-30T15:00:48.348+0000] {dag.py:3239} INFO - Sync 1 DAGs
[2024-11-30T15:00:48.359+0000] {logging_mixin.py:190} INFO - [2024-11-30T15:00:48.359+0000] {dag.py:4180} INFO - Setting next_dagrun for data_ingestion_gcs_dag to 2024-11-30 00:00:00+00:00, run_after=2024-12-01 00:00:00+00:00
[2024-11-30T15:00:48.366+0000] {processor.py:208} INFO - Processing /opt/airflow/dags/data_ingestion_gcs_dag.py took 0.058 seconds
[2024-11-30T15:01:18.680+0000] {processor.py:186} INFO - Started process (PID=58893) to work on /opt/airflow/dags/data_ingestion_gcs_dag.py
[2024-11-30T15:01:18.681+0000] {processor.py:914} INFO - Processing file /opt/airflow/dags/data_ingestion_gcs_dag.py for tasks to queue
[2024-11-30T15:01:18.682+0000] {logging_mixin.py:190} INFO - [2024-11-30T15:01:18.682+0000] {dagbag.py:588} INFO - Filling up the DagBag from /opt/airflow/dags/data_ingestion_gcs_dag.py
[2024-11-30T15:01:18.709+0000] {processor.py:925} INFO - DAG(s) 'data_ingestion_gcs_dag' retrieved from /opt/airflow/dags/data_ingestion_gcs_dag.py
[2024-11-30T15:01:18.724+0000] {logging_mixin.py:190} INFO - [2024-11-30T15:01:18.724+0000] {dag.py:3239} INFO - Sync 1 DAGs
[2024-11-30T15:01:18.736+0000] {logging_mixin.py:190} INFO - [2024-11-30T15:01:18.736+0000] {dag.py:4180} INFO - Setting next_dagrun for data_ingestion_gcs_dag to 2024-11-30 00:00:00+00:00, run_after=2024-12-01 00:00:00+00:00
[2024-11-30T15:01:18.745+0000] {processor.py:208} INFO - Processing /opt/airflow/dags/data_ingestion_gcs_dag.py took 0.073 seconds
[2024-11-30T15:05:46.209+0000] {processor.py:186} INFO - Started process (PID=58900) to work on /opt/airflow/dags/data_ingestion_gcs_dag.py
[2024-11-30T15:05:46.210+0000] {processor.py:914} INFO - Processing file /opt/airflow/dags/data_ingestion_gcs_dag.py for tasks to queue
[2024-11-30T15:05:46.211+0000] {logging_mixin.py:190} INFO - [2024-11-30T15:05:46.211+0000] {dagbag.py:588} INFO - Filling up the DagBag from /opt/airflow/dags/data_ingestion_gcs_dag.py
[2024-11-30T15:05:46.238+0000] {processor.py:925} INFO - DAG(s) 'data_ingestion_gcs_dag' retrieved from /opt/airflow/dags/data_ingestion_gcs_dag.py
[2024-11-30T15:05:46.254+0000] {logging_mixin.py:190} INFO - [2024-11-30T15:05:46.253+0000] {dag.py:3239} INFO - Sync 1 DAGs
[2024-11-30T15:05:46.266+0000] {logging_mixin.py:190} INFO - [2024-11-30T15:05:46.266+0000] {dag.py:4180} INFO - Setting next_dagrun for data_ingestion_gcs_dag to 2024-11-30 00:00:00+00:00, run_after=2024-12-01 00:00:00+00:00
[2024-11-30T15:05:46.275+0000] {processor.py:208} INFO - Processing /opt/airflow/dags/data_ingestion_gcs_dag.py took 0.076 seconds
[2024-11-30T15:20:45.583+0000] {processor.py:186} INFO - Started process (PID=58907) to work on /opt/airflow/dags/data_ingestion_gcs_dag.py
[2024-11-30T15:20:45.584+0000] {processor.py:914} INFO - Processing file /opt/airflow/dags/data_ingestion_gcs_dag.py for tasks to queue
[2024-11-30T15:20:45.585+0000] {logging_mixin.py:190} INFO - [2024-11-30T15:20:45.585+0000] {dagbag.py:588} INFO - Filling up the DagBag from /opt/airflow/dags/data_ingestion_gcs_dag.py
[2024-11-30T15:20:45.604+0000] {processor.py:925} INFO - DAG(s) 'data_ingestion_gcs_dag' retrieved from /opt/airflow/dags/data_ingestion_gcs_dag.py
[2024-11-30T15:20:45.618+0000] {logging_mixin.py:190} INFO - [2024-11-30T15:20:45.618+0000] {dag.py:3239} INFO - Sync 1 DAGs
[2024-11-30T15:20:45.632+0000] {logging_mixin.py:190} INFO - [2024-11-30T15:20:45.632+0000] {dag.py:4180} INFO - Setting next_dagrun for data_ingestion_gcs_dag to 2024-11-30 00:00:00+00:00, run_after=2024-12-01 00:00:00+00:00
[2024-11-30T15:20:45.640+0000] {processor.py:208} INFO - Processing /opt/airflow/dags/data_ingestion_gcs_dag.py took 0.065 seconds
[2024-11-30T15:40:43.802+0000] {processor.py:186} INFO - Started process (PID=58914) to work on /opt/airflow/dags/data_ingestion_gcs_dag.py
[2024-11-30T15:40:43.803+0000] {processor.py:914} INFO - Processing file /opt/airflow/dags/data_ingestion_gcs_dag.py for tasks to queue
[2024-11-30T15:40:43.804+0000] {logging_mixin.py:190} INFO - [2024-11-30T15:40:43.804+0000] {dagbag.py:588} INFO - Filling up the DagBag from /opt/airflow/dags/data_ingestion_gcs_dag.py
[2024-11-30T15:40:43.826+0000] {processor.py:925} INFO - DAG(s) 'data_ingestion_gcs_dag' retrieved from /opt/airflow/dags/data_ingestion_gcs_dag.py
[2024-11-30T15:40:43.845+0000] {logging_mixin.py:190} INFO - [2024-11-30T15:40:43.845+0000] {dag.py:3239} INFO - Sync 1 DAGs
[2024-11-30T15:40:43.860+0000] {logging_mixin.py:190} INFO - [2024-11-30T15:40:43.860+0000] {dag.py:4180} INFO - Setting next_dagrun for data_ingestion_gcs_dag to 2024-11-30 00:00:00+00:00, run_after=2024-12-01 00:00:00+00:00
[2024-11-30T15:40:43.870+0000] {processor.py:208} INFO - Processing /opt/airflow/dags/data_ingestion_gcs_dag.py took 0.073 seconds
[2024-11-30T15:55:47.646+0000] {processor.py:186} INFO - Started process (PID=58921) to work on /opt/airflow/dags/data_ingestion_gcs_dag.py
[2024-11-30T15:55:47.647+0000] {processor.py:914} INFO - Processing file /opt/airflow/dags/data_ingestion_gcs_dag.py for tasks to queue
[2024-11-30T15:55:47.649+0000] {logging_mixin.py:190} INFO - [2024-11-30T15:55:47.648+0000] {dagbag.py:588} INFO - Filling up the DagBag from /opt/airflow/dags/data_ingestion_gcs_dag.py
[2024-11-30T15:55:47.672+0000] {processor.py:925} INFO - DAG(s) 'data_ingestion_gcs_dag' retrieved from /opt/airflow/dags/data_ingestion_gcs_dag.py
[2024-11-30T15:55:47.684+0000] {logging_mixin.py:190} INFO - [2024-11-30T15:55:47.684+0000] {dag.py:3239} INFO - Sync 1 DAGs
[2024-11-30T15:55:47.695+0000] {logging_mixin.py:190} INFO - [2024-11-30T15:55:47.695+0000] {dag.py:4180} INFO - Setting next_dagrun for data_ingestion_gcs_dag to 2024-11-30 00:00:00+00:00, run_after=2024-12-01 00:00:00+00:00
[2024-11-30T15:55:47.702+0000] {processor.py:208} INFO - Processing /opt/airflow/dags/data_ingestion_gcs_dag.py took 0.063 seconds
[2024-11-30T16:06:02.729+0000] {processor.py:186} INFO - Started process (PID=58928) to work on /opt/airflow/dags/data_ingestion_gcs_dag.py
[2024-11-30T16:06:02.730+0000] {processor.py:914} INFO - Processing file /opt/airflow/dags/data_ingestion_gcs_dag.py for tasks to queue
[2024-11-30T16:06:02.731+0000] {logging_mixin.py:190} INFO - [2024-11-30T16:06:02.731+0000] {dagbag.py:588} INFO - Filling up the DagBag from /opt/airflow/dags/data_ingestion_gcs_dag.py
[2024-11-30T16:06:02.755+0000] {processor.py:925} INFO - DAG(s) 'data_ingestion_gcs_dag' retrieved from /opt/airflow/dags/data_ingestion_gcs_dag.py
[2024-11-30T16:06:02.767+0000] {logging_mixin.py:190} INFO - [2024-11-30T16:06:02.767+0000] {dag.py:3239} INFO - Sync 1 DAGs
[2024-11-30T16:06:02.777+0000] {logging_mixin.py:190} INFO - [2024-11-30T16:06:02.777+0000] {dag.py:4180} INFO - Setting next_dagrun for data_ingestion_gcs_dag to 2024-11-30 00:00:00+00:00, run_after=2024-12-01 00:00:00+00:00
[2024-11-30T16:06:02.784+0000] {processor.py:208} INFO - Processing /opt/airflow/dags/data_ingestion_gcs_dag.py took 0.063 seconds
[2024-11-30T16:15:59.561+0000] {processor.py:186} INFO - Started process (PID=58935) to work on /opt/airflow/dags/data_ingestion_gcs_dag.py
[2024-11-30T16:15:59.561+0000] {processor.py:914} INFO - Processing file /opt/airflow/dags/data_ingestion_gcs_dag.py for tasks to queue
[2024-11-30T16:15:59.562+0000] {logging_mixin.py:190} INFO - [2024-11-30T16:15:59.562+0000] {dagbag.py:588} INFO - Filling up the DagBag from /opt/airflow/dags/data_ingestion_gcs_dag.py
[2024-11-30T16:15:59.578+0000] {processor.py:925} INFO - DAG(s) 'data_ingestion_gcs_dag' retrieved from /opt/airflow/dags/data_ingestion_gcs_dag.py
[2024-11-30T16:15:59.593+0000] {logging_mixin.py:190} INFO - [2024-11-30T16:15:59.593+0000] {dag.py:3239} INFO - Sync 1 DAGs
[2024-11-30T16:15:59.605+0000] {logging_mixin.py:190} INFO - [2024-11-30T16:15:59.605+0000] {dag.py:4180} INFO - Setting next_dagrun for data_ingestion_gcs_dag to 2024-11-30 00:00:00+00:00, run_after=2024-12-01 00:00:00+00:00
[2024-11-30T16:15:59.613+0000] {processor.py:208} INFO - Processing /opt/airflow/dags/data_ingestion_gcs_dag.py took 0.057 seconds
[2024-11-30T16:35:45.591+0000] {processor.py:186} INFO - Started process (PID=58942) to work on /opt/airflow/dags/data_ingestion_gcs_dag.py
[2024-11-30T16:35:45.592+0000] {processor.py:914} INFO - Processing file /opt/airflow/dags/data_ingestion_gcs_dag.py for tasks to queue
[2024-11-30T16:35:45.592+0000] {logging_mixin.py:190} INFO - [2024-11-30T16:35:45.592+0000] {dagbag.py:588} INFO - Filling up the DagBag from /opt/airflow/dags/data_ingestion_gcs_dag.py
[2024-11-30T16:35:45.615+0000] {processor.py:925} INFO - DAG(s) 'data_ingestion_gcs_dag' retrieved from /opt/airflow/dags/data_ingestion_gcs_dag.py
[2024-11-30T16:35:45.630+0000] {logging_mixin.py:190} INFO - [2024-11-30T16:35:45.630+0000] {dag.py:3239} INFO - Sync 1 DAGs
[2024-11-30T16:35:45.647+0000] {logging_mixin.py:190} INFO - [2024-11-30T16:35:45.646+0000] {dag.py:4180} INFO - Setting next_dagrun for data_ingestion_gcs_dag to 2024-11-30 00:00:00+00:00, run_after=2024-12-01 00:00:00+00:00
[2024-11-30T16:35:45.656+0000] {processor.py:208} INFO - Processing /opt/airflow/dags/data_ingestion_gcs_dag.py took 0.071 seconds
[2024-11-30T16:50:45.176+0000] {processor.py:186} INFO - Started process (PID=58949) to work on /opt/airflow/dags/data_ingestion_gcs_dag.py
[2024-11-30T16:50:45.176+0000] {processor.py:914} INFO - Processing file /opt/airflow/dags/data_ingestion_gcs_dag.py for tasks to queue
[2024-11-30T16:50:45.177+0000] {logging_mixin.py:190} INFO - [2024-11-30T16:50:45.177+0000] {dagbag.py:588} INFO - Filling up the DagBag from /opt/airflow/dags/data_ingestion_gcs_dag.py
[2024-11-30T16:50:45.197+0000] {processor.py:925} INFO - DAG(s) 'data_ingestion_gcs_dag' retrieved from /opt/airflow/dags/data_ingestion_gcs_dag.py
[2024-11-30T16:50:45.209+0000] {logging_mixin.py:190} INFO - [2024-11-30T16:50:45.209+0000] {dag.py:3239} INFO - Sync 1 DAGs
[2024-11-30T16:50:45.221+0000] {logging_mixin.py:190} INFO - [2024-11-30T16:50:45.221+0000] {dag.py:4180} INFO - Setting next_dagrun for data_ingestion_gcs_dag to 2024-11-30 00:00:00+00:00, run_after=2024-12-01 00:00:00+00:00
[2024-11-30T16:50:45.229+0000] {processor.py:208} INFO - Processing /opt/airflow/dags/data_ingestion_gcs_dag.py took 0.059 seconds
[2024-11-30T17:10:44.214+0000] {processor.py:186} INFO - Started process (PID=58956) to work on /opt/airflow/dags/data_ingestion_gcs_dag.py
[2024-11-30T17:10:44.214+0000] {processor.py:914} INFO - Processing file /opt/airflow/dags/data_ingestion_gcs_dag.py for tasks to queue
[2024-11-30T17:10:44.215+0000] {logging_mixin.py:190} INFO - [2024-11-30T17:10:44.215+0000] {dagbag.py:588} INFO - Filling up the DagBag from /opt/airflow/dags/data_ingestion_gcs_dag.py
[2024-11-30T17:10:44.231+0000] {processor.py:925} INFO - DAG(s) 'data_ingestion_gcs_dag' retrieved from /opt/airflow/dags/data_ingestion_gcs_dag.py
[2024-11-30T17:10:44.244+0000] {logging_mixin.py:190} INFO - [2024-11-30T17:10:44.244+0000] {dag.py:3239} INFO - Sync 1 DAGs
[2024-11-30T17:10:44.256+0000] {logging_mixin.py:190} INFO - [2024-11-30T17:10:44.256+0000] {dag.py:4180} INFO - Setting next_dagrun for data_ingestion_gcs_dag to 2024-11-30 00:00:00+00:00, run_after=2024-12-01 00:00:00+00:00
[2024-11-30T17:10:44.264+0000] {processor.py:208} INFO - Processing /opt/airflow/dags/data_ingestion_gcs_dag.py took 0.055 seconds
[2024-11-30T17:11:14.533+0000] {processor.py:186} INFO - Started process (PID=58963) to work on /opt/airflow/dags/data_ingestion_gcs_dag.py
[2024-11-30T17:11:14.534+0000] {processor.py:914} INFO - Processing file /opt/airflow/dags/data_ingestion_gcs_dag.py for tasks to queue
[2024-11-30T17:11:14.535+0000] {logging_mixin.py:190} INFO - [2024-11-30T17:11:14.535+0000] {dagbag.py:588} INFO - Filling up the DagBag from /opt/airflow/dags/data_ingestion_gcs_dag.py
[2024-11-30T17:11:14.559+0000] {processor.py:925} INFO - DAG(s) 'data_ingestion_gcs_dag' retrieved from /opt/airflow/dags/data_ingestion_gcs_dag.py
[2024-11-30T17:11:14.575+0000] {logging_mixin.py:190} INFO - [2024-11-30T17:11:14.575+0000] {dag.py:3239} INFO - Sync 1 DAGs
[2024-11-30T17:11:14.587+0000] {logging_mixin.py:190} INFO - [2024-11-30T17:11:14.587+0000] {dag.py:4180} INFO - Setting next_dagrun for data_ingestion_gcs_dag to 2024-11-30 00:00:00+00:00, run_after=2024-12-01 00:00:00+00:00
[2024-11-30T17:11:14.596+0000] {processor.py:208} INFO - Processing /opt/airflow/dags/data_ingestion_gcs_dag.py took 0.072 seconds
[2024-11-30T17:11:44.910+0000] {processor.py:186} INFO - Started process (PID=58970) to work on /opt/airflow/dags/data_ingestion_gcs_dag.py
[2024-11-30T17:11:44.911+0000] {processor.py:914} INFO - Processing file /opt/airflow/dags/data_ingestion_gcs_dag.py for tasks to queue
[2024-11-30T17:11:44.912+0000] {logging_mixin.py:190} INFO - [2024-11-30T17:11:44.912+0000] {dagbag.py:588} INFO - Filling up the DagBag from /opt/airflow/dags/data_ingestion_gcs_dag.py
[2024-11-30T17:11:44.932+0000] {processor.py:925} INFO - DAG(s) 'data_ingestion_gcs_dag' retrieved from /opt/airflow/dags/data_ingestion_gcs_dag.py
[2024-11-30T17:11:44.948+0000] {logging_mixin.py:190} INFO - [2024-11-30T17:11:44.948+0000] {dag.py:3239} INFO - Sync 1 DAGs
[2024-11-30T17:11:44.960+0000] {logging_mixin.py:190} INFO - [2024-11-30T17:11:44.960+0000] {dag.py:4180} INFO - Setting next_dagrun for data_ingestion_gcs_dag to 2024-11-30 00:00:00+00:00, run_after=2024-12-01 00:00:00+00:00
[2024-11-30T17:11:44.969+0000] {processor.py:208} INFO - Processing /opt/airflow/dags/data_ingestion_gcs_dag.py took 0.065 seconds
[2024-11-30T17:25:49.904+0000] {processor.py:186} INFO - Started process (PID=58977) to work on /opt/airflow/dags/data_ingestion_gcs_dag.py
[2024-11-30T17:25:49.904+0000] {processor.py:914} INFO - Processing file /opt/airflow/dags/data_ingestion_gcs_dag.py for tasks to queue
[2024-11-30T17:25:49.905+0000] {logging_mixin.py:190} INFO - [2024-11-30T17:25:49.905+0000] {dagbag.py:588} INFO - Filling up the DagBag from /opt/airflow/dags/data_ingestion_gcs_dag.py
[2024-11-30T17:25:49.921+0000] {processor.py:925} INFO - DAG(s) 'data_ingestion_gcs_dag' retrieved from /opt/airflow/dags/data_ingestion_gcs_dag.py
[2024-11-30T17:25:49.934+0000] {logging_mixin.py:190} INFO - [2024-11-30T17:25:49.934+0000] {dag.py:3239} INFO - Sync 1 DAGs
[2024-11-30T17:25:49.946+0000] {logging_mixin.py:190} INFO - [2024-11-30T17:25:49.946+0000] {dag.py:4180} INFO - Setting next_dagrun for data_ingestion_gcs_dag to 2024-11-30 00:00:00+00:00, run_after=2024-12-01 00:00:00+00:00
[2024-11-30T17:25:49.953+0000] {processor.py:208} INFO - Processing /opt/airflow/dags/data_ingestion_gcs_dag.py took 0.053 seconds
[2024-11-30T17:40:51.785+0000] {processor.py:186} INFO - Started process (PID=58984) to work on /opt/airflow/dags/data_ingestion_gcs_dag.py
[2024-11-30T17:40:51.785+0000] {processor.py:914} INFO - Processing file /opt/airflow/dags/data_ingestion_gcs_dag.py for tasks to queue
[2024-11-30T17:40:51.786+0000] {logging_mixin.py:190} INFO - [2024-11-30T17:40:51.786+0000] {dagbag.py:588} INFO - Filling up the DagBag from /opt/airflow/dags/data_ingestion_gcs_dag.py
[2024-11-30T17:40:51.805+0000] {processor.py:925} INFO - DAG(s) 'data_ingestion_gcs_dag' retrieved from /opt/airflow/dags/data_ingestion_gcs_dag.py
[2024-11-30T17:40:51.822+0000] {logging_mixin.py:190} INFO - [2024-11-30T17:40:51.821+0000] {dag.py:3239} INFO - Sync 1 DAGs
[2024-11-30T17:40:51.837+0000] {logging_mixin.py:190} INFO - [2024-11-30T17:40:51.837+0000] {dag.py:4180} INFO - Setting next_dagrun for data_ingestion_gcs_dag to 2024-11-30 00:00:00+00:00, run_after=2024-12-01 00:00:00+00:00
[2024-11-30T17:40:51.846+0000] {processor.py:208} INFO - Processing /opt/airflow/dags/data_ingestion_gcs_dag.py took 0.066 seconds
[2024-11-30T17:55:48.137+0000] {processor.py:186} INFO - Started process (PID=58991) to work on /opt/airflow/dags/data_ingestion_gcs_dag.py
[2024-11-30T17:55:48.138+0000] {processor.py:914} INFO - Processing file /opt/airflow/dags/data_ingestion_gcs_dag.py for tasks to queue
[2024-11-30T17:55:48.139+0000] {logging_mixin.py:190} INFO - [2024-11-30T17:55:48.139+0000] {dagbag.py:588} INFO - Filling up the DagBag from /opt/airflow/dags/data_ingestion_gcs_dag.py
[2024-11-30T17:55:48.162+0000] {processor.py:925} INFO - DAG(s) 'data_ingestion_gcs_dag' retrieved from /opt/airflow/dags/data_ingestion_gcs_dag.py
[2024-11-30T17:55:48.176+0000] {logging_mixin.py:190} INFO - [2024-11-30T17:55:48.176+0000] {dag.py:3239} INFO - Sync 1 DAGs
[2024-11-30T17:55:48.188+0000] {logging_mixin.py:190} INFO - [2024-11-30T17:55:48.188+0000] {dag.py:4180} INFO - Setting next_dagrun for data_ingestion_gcs_dag to 2024-11-30 00:00:00+00:00, run_after=2024-12-01 00:00:00+00:00
[2024-11-30T17:55:48.196+0000] {processor.py:208} INFO - Processing /opt/airflow/dags/data_ingestion_gcs_dag.py took 0.066 seconds
[2024-11-30T18:15:46.237+0000] {processor.py:186} INFO - Started process (PID=58998) to work on /opt/airflow/dags/data_ingestion_gcs_dag.py
[2024-11-30T18:15:46.238+0000] {processor.py:914} INFO - Processing file /opt/airflow/dags/data_ingestion_gcs_dag.py for tasks to queue
[2024-11-30T18:15:46.239+0000] {logging_mixin.py:190} INFO - [2024-11-30T18:15:46.238+0000] {dagbag.py:588} INFO - Filling up the DagBag from /opt/airflow/dags/data_ingestion_gcs_dag.py
[2024-11-30T18:15:46.255+0000] {processor.py:925} INFO - DAG(s) 'data_ingestion_gcs_dag' retrieved from /opt/airflow/dags/data_ingestion_gcs_dag.py
[2024-11-30T18:15:46.272+0000] {logging_mixin.py:190} INFO - [2024-11-30T18:15:46.272+0000] {dag.py:3239} INFO - Sync 1 DAGs
[2024-11-30T18:15:46.283+0000] {logging_mixin.py:190} INFO - [2024-11-30T18:15:46.283+0000] {dag.py:4180} INFO - Setting next_dagrun for data_ingestion_gcs_dag to 2024-11-30 00:00:00+00:00, run_after=2024-12-01 00:00:00+00:00
[2024-11-30T18:15:46.292+0000] {processor.py:208} INFO - Processing /opt/airflow/dags/data_ingestion_gcs_dag.py took 0.060 seconds
[2024-11-30T18:30:51.645+0000] {processor.py:186} INFO - Started process (PID=59005) to work on /opt/airflow/dags/data_ingestion_gcs_dag.py
[2024-11-30T18:30:51.645+0000] {processor.py:914} INFO - Processing file /opt/airflow/dags/data_ingestion_gcs_dag.py for tasks to queue
[2024-11-30T18:30:51.647+0000] {logging_mixin.py:190} INFO - [2024-11-30T18:30:51.646+0000] {dagbag.py:588} INFO - Filling up the DagBag from /opt/airflow/dags/data_ingestion_gcs_dag.py
[2024-11-30T18:30:51.670+0000] {processor.py:925} INFO - DAG(s) 'data_ingestion_gcs_dag' retrieved from /opt/airflow/dags/data_ingestion_gcs_dag.py
[2024-11-30T18:30:51.684+0000] {logging_mixin.py:190} INFO - [2024-11-30T18:30:51.684+0000] {dag.py:3239} INFO - Sync 1 DAGs
[2024-11-30T18:30:51.697+0000] {logging_mixin.py:190} INFO - [2024-11-30T18:30:51.697+0000] {dag.py:4180} INFO - Setting next_dagrun for data_ingestion_gcs_dag to 2024-11-30 00:00:00+00:00, run_after=2024-12-01 00:00:00+00:00
[2024-11-30T18:30:51.706+0000] {processor.py:208} INFO - Processing /opt/airflow/dags/data_ingestion_gcs_dag.py took 0.068 seconds
[2024-11-30T18:50:47.268+0000] {processor.py:186} INFO - Started process (PID=59012) to work on /opt/airflow/dags/data_ingestion_gcs_dag.py
[2024-11-30T18:50:47.269+0000] {processor.py:914} INFO - Processing file /opt/airflow/dags/data_ingestion_gcs_dag.py for tasks to queue
[2024-11-30T18:50:47.270+0000] {logging_mixin.py:190} INFO - [2024-11-30T18:50:47.270+0000] {dagbag.py:588} INFO - Filling up the DagBag from /opt/airflow/dags/data_ingestion_gcs_dag.py
[2024-11-30T18:50:47.292+0000] {processor.py:925} INFO - DAG(s) 'data_ingestion_gcs_dag' retrieved from /opt/airflow/dags/data_ingestion_gcs_dag.py
[2024-11-30T18:50:47.307+0000] {logging_mixin.py:190} INFO - [2024-11-30T18:50:47.307+0000] {dag.py:3239} INFO - Sync 1 DAGs
[2024-11-30T18:50:47.323+0000] {logging_mixin.py:190} INFO - [2024-11-30T18:50:47.322+0000] {dag.py:4180} INFO - Setting next_dagrun for data_ingestion_gcs_dag to 2024-11-30 00:00:00+00:00, run_after=2024-12-01 00:00:00+00:00
[2024-11-30T18:50:47.332+0000] {processor.py:208} INFO - Processing /opt/airflow/dags/data_ingestion_gcs_dag.py took 0.071 seconds
[2024-11-30T19:10:49.736+0000] {processor.py:186} INFO - Started process (PID=59019) to work on /opt/airflow/dags/data_ingestion_gcs_dag.py
[2024-11-30T19:10:49.737+0000] {processor.py:914} INFO - Processing file /opt/airflow/dags/data_ingestion_gcs_dag.py for tasks to queue
[2024-11-30T19:10:49.738+0000] {logging_mixin.py:190} INFO - [2024-11-30T19:10:49.737+0000] {dagbag.py:588} INFO - Filling up the DagBag from /opt/airflow/dags/data_ingestion_gcs_dag.py
[2024-11-30T19:10:49.753+0000] {processor.py:925} INFO - DAG(s) 'data_ingestion_gcs_dag' retrieved from /opt/airflow/dags/data_ingestion_gcs_dag.py
[2024-11-30T19:10:49.767+0000] {logging_mixin.py:190} INFO - [2024-11-30T19:10:49.767+0000] {dag.py:3239} INFO - Sync 1 DAGs
[2024-11-30T19:10:49.778+0000] {logging_mixin.py:190} INFO - [2024-11-30T19:10:49.778+0000] {dag.py:4180} INFO - Setting next_dagrun for data_ingestion_gcs_dag to 2024-11-30 00:00:00+00:00, run_after=2024-12-01 00:00:00+00:00
[2024-11-30T19:10:49.785+0000] {processor.py:208} INFO - Processing /opt/airflow/dags/data_ingestion_gcs_dag.py took 0.053 seconds
[2024-11-30T19:25:47.481+0000] {processor.py:186} INFO - Started process (PID=59026) to work on /opt/airflow/dags/data_ingestion_gcs_dag.py
[2024-11-30T19:25:47.482+0000] {processor.py:914} INFO - Processing file /opt/airflow/dags/data_ingestion_gcs_dag.py for tasks to queue
[2024-11-30T19:25:47.484+0000] {logging_mixin.py:190} INFO - [2024-11-30T19:25:47.483+0000] {dagbag.py:588} INFO - Filling up the DagBag from /opt/airflow/dags/data_ingestion_gcs_dag.py
[2024-11-30T19:25:47.505+0000] {processor.py:925} INFO - DAG(s) 'data_ingestion_gcs_dag' retrieved from /opt/airflow/dags/data_ingestion_gcs_dag.py
[2024-11-30T19:25:47.521+0000] {logging_mixin.py:190} INFO - [2024-11-30T19:25:47.521+0000] {dag.py:3239} INFO - Sync 1 DAGs
[2024-11-30T19:25:47.535+0000] {logging_mixin.py:190} INFO - [2024-11-30T19:25:47.534+0000] {dag.py:4180} INFO - Setting next_dagrun for data_ingestion_gcs_dag to 2024-11-30 00:00:00+00:00, run_after=2024-12-01 00:00:00+00:00
[2024-11-30T19:25:47.544+0000] {processor.py:208} INFO - Processing /opt/airflow/dags/data_ingestion_gcs_dag.py took 0.072 seconds
[2024-11-30T19:40:46.711+0000] {processor.py:186} INFO - Started process (PID=59033) to work on /opt/airflow/dags/data_ingestion_gcs_dag.py
[2024-11-30T19:40:46.712+0000] {processor.py:914} INFO - Processing file /opt/airflow/dags/data_ingestion_gcs_dag.py for tasks to queue
[2024-11-30T19:40:46.712+0000] {logging_mixin.py:190} INFO - [2024-11-30T19:40:46.712+0000] {dagbag.py:588} INFO - Filling up the DagBag from /opt/airflow/dags/data_ingestion_gcs_dag.py
[2024-11-30T19:40:46.724+0000] {processor.py:925} INFO - DAG(s) 'data_ingestion_gcs_dag' retrieved from /opt/airflow/dags/data_ingestion_gcs_dag.py
[2024-11-30T19:40:46.738+0000] {logging_mixin.py:190} INFO - [2024-11-30T19:40:46.738+0000] {dag.py:3239} INFO - Sync 1 DAGs
[2024-11-30T19:40:46.750+0000] {logging_mixin.py:190} INFO - [2024-11-30T19:40:46.750+0000] {dag.py:4180} INFO - Setting next_dagrun for data_ingestion_gcs_dag to 2024-11-30 00:00:00+00:00, run_after=2024-12-01 00:00:00+00:00
[2024-11-30T19:40:46.760+0000] {processor.py:208} INFO - Processing /opt/airflow/dags/data_ingestion_gcs_dag.py took 0.052 seconds
[2024-11-30T19:55:53.867+0000] {processor.py:186} INFO - Started process (PID=59040) to work on /opt/airflow/dags/data_ingestion_gcs_dag.py
[2024-11-30T19:55:53.868+0000] {processor.py:914} INFO - Processing file /opt/airflow/dags/data_ingestion_gcs_dag.py for tasks to queue
[2024-11-30T19:55:53.869+0000] {logging_mixin.py:190} INFO - [2024-11-30T19:55:53.869+0000] {dagbag.py:588} INFO - Filling up the DagBag from /opt/airflow/dags/data_ingestion_gcs_dag.py
[2024-11-30T19:55:53.885+0000] {processor.py:925} INFO - DAG(s) 'data_ingestion_gcs_dag' retrieved from /opt/airflow/dags/data_ingestion_gcs_dag.py
[2024-11-30T19:55:53.898+0000] {logging_mixin.py:190} INFO - [2024-11-30T19:55:53.898+0000] {dag.py:3239} INFO - Sync 1 DAGs
[2024-11-30T19:55:53.910+0000] {logging_mixin.py:190} INFO - [2024-11-30T19:55:53.910+0000] {dag.py:4180} INFO - Setting next_dagrun for data_ingestion_gcs_dag to 2024-11-30 00:00:00+00:00, run_after=2024-12-01 00:00:00+00:00
[2024-11-30T19:55:53.918+0000] {processor.py:208} INFO - Processing /opt/airflow/dags/data_ingestion_gcs_dag.py took 0.057 seconds
[2024-11-30T20:05:43.682+0000] {processor.py:186} INFO - Started process (PID=59047) to work on /opt/airflow/dags/data_ingestion_gcs_dag.py
[2024-11-30T20:05:43.683+0000] {processor.py:914} INFO - Processing file /opt/airflow/dags/data_ingestion_gcs_dag.py for tasks to queue
[2024-11-30T20:05:43.684+0000] {logging_mixin.py:190} INFO - [2024-11-30T20:05:43.684+0000] {dagbag.py:588} INFO - Filling up the DagBag from /opt/airflow/dags/data_ingestion_gcs_dag.py
[2024-11-30T20:05:43.710+0000] {processor.py:925} INFO - DAG(s) 'data_ingestion_gcs_dag' retrieved from /opt/airflow/dags/data_ingestion_gcs_dag.py
[2024-11-30T20:05:43.725+0000] {logging_mixin.py:190} INFO - [2024-11-30T20:05:43.725+0000] {dag.py:3239} INFO - Sync 1 DAGs
[2024-11-30T20:05:43.738+0000] {logging_mixin.py:190} INFO - [2024-11-30T20:05:43.738+0000] {dag.py:4180} INFO - Setting next_dagrun for data_ingestion_gcs_dag to 2024-11-30 00:00:00+00:00, run_after=2024-12-01 00:00:00+00:00
[2024-11-30T20:05:43.746+0000] {processor.py:208} INFO - Processing /opt/airflow/dags/data_ingestion_gcs_dag.py took 0.072 seconds
[2024-11-30T20:25:44.829+0000] {processor.py:186} INFO - Started process (PID=59054) to work on /opt/airflow/dags/data_ingestion_gcs_dag.py
[2024-11-30T20:25:44.829+0000] {processor.py:914} INFO - Processing file /opt/airflow/dags/data_ingestion_gcs_dag.py for tasks to queue
[2024-11-30T20:25:44.830+0000] {logging_mixin.py:190} INFO - [2024-11-30T20:25:44.830+0000] {dagbag.py:588} INFO - Filling up the DagBag from /opt/airflow/dags/data_ingestion_gcs_dag.py
[2024-11-30T20:25:44.847+0000] {processor.py:925} INFO - DAG(s) 'data_ingestion_gcs_dag' retrieved from /opt/airflow/dags/data_ingestion_gcs_dag.py
[2024-11-30T20:25:44.862+0000] {logging_mixin.py:190} INFO - [2024-11-30T20:25:44.862+0000] {dag.py:3239} INFO - Sync 1 DAGs
[2024-11-30T20:25:44.874+0000] {logging_mixin.py:190} INFO - [2024-11-30T20:25:44.874+0000] {dag.py:4180} INFO - Setting next_dagrun for data_ingestion_gcs_dag to 2024-11-30 00:00:00+00:00, run_after=2024-12-01 00:00:00+00:00
[2024-11-30T20:25:44.883+0000] {processor.py:208} INFO - Processing /opt/airflow/dags/data_ingestion_gcs_dag.py took 0.057 seconds
[2024-11-30T20:36:04.587+0000] {processor.py:186} INFO - Started process (PID=59061) to work on /opt/airflow/dags/data_ingestion_gcs_dag.py
[2024-11-30T20:36:04.587+0000] {processor.py:914} INFO - Processing file /opt/airflow/dags/data_ingestion_gcs_dag.py for tasks to queue
[2024-11-30T20:36:04.588+0000] {logging_mixin.py:190} INFO - [2024-11-30T20:36:04.588+0000] {dagbag.py:588} INFO - Filling up the DagBag from /opt/airflow/dags/data_ingestion_gcs_dag.py
[2024-11-30T20:36:04.604+0000] {processor.py:925} INFO - DAG(s) 'data_ingestion_gcs_dag' retrieved from /opt/airflow/dags/data_ingestion_gcs_dag.py
[2024-11-30T20:36:04.616+0000] {logging_mixin.py:190} INFO - [2024-11-30T20:36:04.616+0000] {dag.py:3239} INFO - Sync 1 DAGs
[2024-11-30T20:36:04.627+0000] {logging_mixin.py:190} INFO - [2024-11-30T20:36:04.627+0000] {dag.py:4180} INFO - Setting next_dagrun for data_ingestion_gcs_dag to 2024-11-30 00:00:00+00:00, run_after=2024-12-01 00:00:00+00:00
[2024-11-30T20:36:04.634+0000] {processor.py:208} INFO - Processing /opt/airflow/dags/data_ingestion_gcs_dag.py took 0.052 seconds
[2024-11-30T20:55:45.409+0000] {processor.py:186} INFO - Started process (PID=59068) to work on /opt/airflow/dags/data_ingestion_gcs_dag.py
[2024-11-30T20:55:45.410+0000] {processor.py:914} INFO - Processing file /opt/airflow/dags/data_ingestion_gcs_dag.py for tasks to queue
[2024-11-30T20:55:45.410+0000] {logging_mixin.py:190} INFO - [2024-11-30T20:55:45.410+0000] {dagbag.py:588} INFO - Filling up the DagBag from /opt/airflow/dags/data_ingestion_gcs_dag.py
[2024-11-30T20:55:45.424+0000] {processor.py:925} INFO - DAG(s) 'data_ingestion_gcs_dag' retrieved from /opt/airflow/dags/data_ingestion_gcs_dag.py
[2024-11-30T20:55:45.437+0000] {logging_mixin.py:190} INFO - [2024-11-30T20:55:45.437+0000] {dag.py:3239} INFO - Sync 1 DAGs
[2024-11-30T20:55:45.448+0000] {logging_mixin.py:190} INFO - [2024-11-30T20:55:45.448+0000] {dag.py:4180} INFO - Setting next_dagrun for data_ingestion_gcs_dag to 2024-11-30 00:00:00+00:00, run_after=2024-12-01 00:00:00+00:00
[2024-11-30T20:55:45.455+0000] {processor.py:208} INFO - Processing /opt/airflow/dags/data_ingestion_gcs_dag.py took 0.049 seconds
[2024-11-30T21:01:07.021+0000] {processor.py:186} INFO - Started process (PID=59075) to work on /opt/airflow/dags/data_ingestion_gcs_dag.py
[2024-11-30T21:01:07.022+0000] {processor.py:914} INFO - Processing file /opt/airflow/dags/data_ingestion_gcs_dag.py for tasks to queue
[2024-11-30T21:01:07.023+0000] {logging_mixin.py:190} INFO - [2024-11-30T21:01:07.023+0000] {dagbag.py:588} INFO - Filling up the DagBag from /opt/airflow/dags/data_ingestion_gcs_dag.py
[2024-11-30T21:01:07.047+0000] {processor.py:925} INFO - DAG(s) 'data_ingestion_gcs_dag' retrieved from /opt/airflow/dags/data_ingestion_gcs_dag.py
[2024-11-30T21:01:07.061+0000] {logging_mixin.py:190} INFO - [2024-11-30T21:01:07.061+0000] {dag.py:3239} INFO - Sync 1 DAGs
[2024-11-30T21:01:07.073+0000] {logging_mixin.py:190} INFO - [2024-11-30T21:01:07.073+0000] {dag.py:4180} INFO - Setting next_dagrun for data_ingestion_gcs_dag to 2024-11-30 00:00:00+00:00, run_after=2024-12-01 00:00:00+00:00
[2024-11-30T21:01:07.081+0000] {processor.py:208} INFO - Processing /opt/airflow/dags/data_ingestion_gcs_dag.py took 0.068 seconds
[2024-11-30T21:06:04.867+0000] {processor.py:186} INFO - Started process (PID=59082) to work on /opt/airflow/dags/data_ingestion_gcs_dag.py
[2024-11-30T21:06:04.868+0000] {processor.py:914} INFO - Processing file /opt/airflow/dags/data_ingestion_gcs_dag.py for tasks to queue
[2024-11-30T21:06:04.869+0000] {logging_mixin.py:190} INFO - [2024-11-30T21:06:04.868+0000] {dagbag.py:588} INFO - Filling up the DagBag from /opt/airflow/dags/data_ingestion_gcs_dag.py
[2024-11-30T21:06:04.886+0000] {processor.py:925} INFO - DAG(s) 'data_ingestion_gcs_dag' retrieved from /opt/airflow/dags/data_ingestion_gcs_dag.py
[2024-11-30T21:06:04.900+0000] {logging_mixin.py:190} INFO - [2024-11-30T21:06:04.900+0000] {dag.py:3239} INFO - Sync 1 DAGs
[2024-11-30T21:06:04.913+0000] {logging_mixin.py:190} INFO - [2024-11-30T21:06:04.913+0000] {dag.py:4180} INFO - Setting next_dagrun for data_ingestion_gcs_dag to 2024-11-30 00:00:00+00:00, run_after=2024-12-01 00:00:00+00:00
[2024-11-30T21:06:04.920+0000] {processor.py:208} INFO - Processing /opt/airflow/dags/data_ingestion_gcs_dag.py took 0.059 seconds
[2024-11-30T21:20:43.214+0000] {processor.py:186} INFO - Started process (PID=59089) to work on /opt/airflow/dags/data_ingestion_gcs_dag.py
[2024-11-30T21:20:43.215+0000] {processor.py:914} INFO - Processing file /opt/airflow/dags/data_ingestion_gcs_dag.py for tasks to queue
[2024-11-30T21:20:43.217+0000] {logging_mixin.py:190} INFO - [2024-11-30T21:20:43.216+0000] {dagbag.py:588} INFO - Filling up the DagBag from /opt/airflow/dags/data_ingestion_gcs_dag.py
[2024-11-30T21:20:43.243+0000] {processor.py:925} INFO - DAG(s) 'data_ingestion_gcs_dag' retrieved from /opt/airflow/dags/data_ingestion_gcs_dag.py
[2024-11-30T21:20:43.269+0000] {logging_mixin.py:190} INFO - [2024-11-30T21:20:43.269+0000] {dag.py:3239} INFO - Sync 1 DAGs
[2024-11-30T21:20:43.285+0000] {logging_mixin.py:190} INFO - [2024-11-30T21:20:43.285+0000] {dag.py:4180} INFO - Setting next_dagrun for data_ingestion_gcs_dag to 2024-11-30 00:00:00+00:00, run_after=2024-12-01 00:00:00+00:00
[2024-11-30T21:20:43.296+0000] {processor.py:208} INFO - Processing /opt/airflow/dags/data_ingestion_gcs_dag.py took 0.089 seconds
[2024-11-30T21:35:51.559+0000] {processor.py:186} INFO - Started process (PID=59096) to work on /opt/airflow/dags/data_ingestion_gcs_dag.py
[2024-11-30T21:35:51.560+0000] {processor.py:914} INFO - Processing file /opt/airflow/dags/data_ingestion_gcs_dag.py for tasks to queue
[2024-11-30T21:35:51.561+0000] {logging_mixin.py:190} INFO - [2024-11-30T21:35:51.560+0000] {dagbag.py:588} INFO - Filling up the DagBag from /opt/airflow/dags/data_ingestion_gcs_dag.py
[2024-11-30T21:35:51.583+0000] {processor.py:925} INFO - DAG(s) 'data_ingestion_gcs_dag' retrieved from /opt/airflow/dags/data_ingestion_gcs_dag.py
[2024-11-30T21:35:51.602+0000] {logging_mixin.py:190} INFO - [2024-11-30T21:35:51.602+0000] {dag.py:3239} INFO - Sync 1 DAGs
[2024-11-30T21:35:51.614+0000] {logging_mixin.py:190} INFO - [2024-11-30T21:35:51.614+0000] {dag.py:4180} INFO - Setting next_dagrun for data_ingestion_gcs_dag to 2024-11-30 00:00:00+00:00, run_after=2024-12-01 00:00:00+00:00
[2024-11-30T21:35:51.624+0000] {processor.py:208} INFO - Processing /opt/airflow/dags/data_ingestion_gcs_dag.py took 0.071 seconds
[2024-11-30T21:55:45.050+0000] {processor.py:186} INFO - Started process (PID=59103) to work on /opt/airflow/dags/data_ingestion_gcs_dag.py
[2024-11-30T21:55:45.051+0000] {processor.py:914} INFO - Processing file /opt/airflow/dags/data_ingestion_gcs_dag.py for tasks to queue
[2024-11-30T21:55:45.052+0000] {logging_mixin.py:190} INFO - [2024-11-30T21:55:45.052+0000] {dagbag.py:588} INFO - Filling up the DagBag from /opt/airflow/dags/data_ingestion_gcs_dag.py
[2024-11-30T21:55:45.076+0000] {processor.py:925} INFO - DAG(s) 'data_ingestion_gcs_dag' retrieved from /opt/airflow/dags/data_ingestion_gcs_dag.py
[2024-11-30T21:55:45.092+0000] {logging_mixin.py:190} INFO - [2024-11-30T21:55:45.092+0000] {dag.py:3239} INFO - Sync 1 DAGs
[2024-11-30T21:55:45.107+0000] {logging_mixin.py:190} INFO - [2024-11-30T21:55:45.107+0000] {dag.py:4180} INFO - Setting next_dagrun for data_ingestion_gcs_dag to 2024-11-30 00:00:00+00:00, run_after=2024-12-01 00:00:00+00:00
[2024-11-30T21:55:45.117+0000] {processor.py:208} INFO - Processing /opt/airflow/dags/data_ingestion_gcs_dag.py took 0.072 seconds
[2024-11-30T22:05:53.635+0000] {processor.py:186} INFO - Started process (PID=59110) to work on /opt/airflow/dags/data_ingestion_gcs_dag.py
[2024-11-30T22:05:53.636+0000] {processor.py:914} INFO - Processing file /opt/airflow/dags/data_ingestion_gcs_dag.py for tasks to queue
[2024-11-30T22:05:53.637+0000] {logging_mixin.py:190} INFO - [2024-11-30T22:05:53.637+0000] {dagbag.py:588} INFO - Filling up the DagBag from /opt/airflow/dags/data_ingestion_gcs_dag.py
[2024-11-30T22:05:53.660+0000] {processor.py:925} INFO - DAG(s) 'data_ingestion_gcs_dag' retrieved from /opt/airflow/dags/data_ingestion_gcs_dag.py
[2024-11-30T22:05:53.679+0000] {logging_mixin.py:190} INFO - [2024-11-30T22:05:53.679+0000] {dag.py:3239} INFO - Sync 1 DAGs
[2024-11-30T22:05:53.697+0000] {logging_mixin.py:190} INFO - [2024-11-30T22:05:53.697+0000] {dag.py:4180} INFO - Setting next_dagrun for data_ingestion_gcs_dag to 2024-11-30 00:00:00+00:00, run_after=2024-12-01 00:00:00+00:00
[2024-11-30T22:05:53.710+0000] {processor.py:208} INFO - Processing /opt/airflow/dags/data_ingestion_gcs_dag.py took 0.080 seconds
[2024-11-30T22:15:45.463+0000] {processor.py:186} INFO - Started process (PID=59117) to work on /opt/airflow/dags/data_ingestion_gcs_dag.py
[2024-11-30T22:15:45.464+0000] {processor.py:914} INFO - Processing file /opt/airflow/dags/data_ingestion_gcs_dag.py for tasks to queue
[2024-11-30T22:15:45.465+0000] {logging_mixin.py:190} INFO - [2024-11-30T22:15:45.464+0000] {dagbag.py:588} INFO - Filling up the DagBag from /opt/airflow/dags/data_ingestion_gcs_dag.py
[2024-11-30T22:15:45.482+0000] {processor.py:925} INFO - DAG(s) 'data_ingestion_gcs_dag' retrieved from /opt/airflow/dags/data_ingestion_gcs_dag.py
[2024-11-30T22:15:45.496+0000] {logging_mixin.py:190} INFO - [2024-11-30T22:15:45.496+0000] {dag.py:3239} INFO - Sync 1 DAGs
[2024-11-30T22:15:45.507+0000] {logging_mixin.py:190} INFO - [2024-11-30T22:15:45.507+0000] {dag.py:4180} INFO - Setting next_dagrun for data_ingestion_gcs_dag to 2024-11-30 00:00:00+00:00, run_after=2024-12-01 00:00:00+00:00
[2024-11-30T22:15:45.515+0000] {processor.py:208} INFO - Processing /opt/airflow/dags/data_ingestion_gcs_dag.py took 0.056 seconds
[2024-11-30T22:30:43.216+0000] {processor.py:186} INFO - Started process (PID=59124) to work on /opt/airflow/dags/data_ingestion_gcs_dag.py
[2024-11-30T22:30:43.217+0000] {processor.py:914} INFO - Processing file /opt/airflow/dags/data_ingestion_gcs_dag.py for tasks to queue
[2024-11-30T22:30:43.218+0000] {logging_mixin.py:190} INFO - [2024-11-30T22:30:43.218+0000] {dagbag.py:588} INFO - Filling up the DagBag from /opt/airflow/dags/data_ingestion_gcs_dag.py
[2024-11-30T22:30:43.233+0000] {processor.py:925} INFO - DAG(s) 'data_ingestion_gcs_dag' retrieved from /opt/airflow/dags/data_ingestion_gcs_dag.py
[2024-11-30T22:30:43.249+0000] {logging_mixin.py:190} INFO - [2024-11-30T22:30:43.248+0000] {dag.py:3239} INFO - Sync 1 DAGs
[2024-11-30T22:30:43.263+0000] {logging_mixin.py:190} INFO - [2024-11-30T22:30:43.262+0000] {dag.py:4180} INFO - Setting next_dagrun for data_ingestion_gcs_dag to 2024-11-30 00:00:00+00:00, run_after=2024-12-01 00:00:00+00:00
[2024-11-30T22:30:43.272+0000] {processor.py:208} INFO - Processing /opt/airflow/dags/data_ingestion_gcs_dag.py took 0.060 seconds
[2024-11-30T22:40:49.881+0000] {processor.py:186} INFO - Started process (PID=59131) to work on /opt/airflow/dags/data_ingestion_gcs_dag.py
[2024-11-30T22:40:49.882+0000] {processor.py:914} INFO - Processing file /opt/airflow/dags/data_ingestion_gcs_dag.py for tasks to queue
[2024-11-30T22:40:49.883+0000] {logging_mixin.py:190} INFO - [2024-11-30T22:40:49.883+0000] {dagbag.py:588} INFO - Filling up the DagBag from /opt/airflow/dags/data_ingestion_gcs_dag.py
[2024-11-30T22:40:49.899+0000] {processor.py:925} INFO - DAG(s) 'data_ingestion_gcs_dag' retrieved from /opt/airflow/dags/data_ingestion_gcs_dag.py
[2024-11-30T22:40:49.911+0000] {logging_mixin.py:190} INFO - [2024-11-30T22:40:49.911+0000] {dag.py:3239} INFO - Sync 1 DAGs
[2024-11-30T22:40:49.922+0000] {logging_mixin.py:190} INFO - [2024-11-30T22:40:49.922+0000] {dag.py:4180} INFO - Setting next_dagrun for data_ingestion_gcs_dag to 2024-11-30 00:00:00+00:00, run_after=2024-12-01 00:00:00+00:00
[2024-11-30T22:40:49.929+0000] {processor.py:208} INFO - Processing /opt/airflow/dags/data_ingestion_gcs_dag.py took 0.052 seconds
[2024-11-30T23:00:50.634+0000] {processor.py:186} INFO - Started process (PID=59138) to work on /opt/airflow/dags/data_ingestion_gcs_dag.py
[2024-11-30T23:00:50.635+0000] {processor.py:914} INFO - Processing file /opt/airflow/dags/data_ingestion_gcs_dag.py for tasks to queue
[2024-11-30T23:00:50.636+0000] {logging_mixin.py:190} INFO - [2024-11-30T23:00:50.636+0000] {dagbag.py:588} INFO - Filling up the DagBag from /opt/airflow/dags/data_ingestion_gcs_dag.py
[2024-11-30T23:00:51.012+0000] {processor.py:925} INFO - DAG(s) 'data_ingestion_gcs_dag' retrieved from /opt/airflow/dags/data_ingestion_gcs_dag.py
[2024-11-30T23:00:51.045+0000] {logging_mixin.py:190} INFO - [2024-11-30T23:00:51.045+0000] {dag.py:3239} INFO - Sync 1 DAGs
[2024-11-30T23:00:51.069+0000] {logging_mixin.py:190} INFO - [2024-11-30T23:00:51.069+0000] {dag.py:4180} INFO - Setting next_dagrun for data_ingestion_gcs_dag to 2024-11-30 00:00:00+00:00, run_after=2024-12-01 00:00:00+00:00
[2024-11-30T23:00:51.105+0000] {processor.py:208} INFO - Processing /opt/airflow/dags/data_ingestion_gcs_dag.py took 0.476 seconds
[2024-11-30T23:11:03.950+0000] {processor.py:186} INFO - Started process (PID=59145) to work on /opt/airflow/dags/data_ingestion_gcs_dag.py
[2024-11-30T23:11:03.951+0000] {processor.py:914} INFO - Processing file /opt/airflow/dags/data_ingestion_gcs_dag.py for tasks to queue
[2024-11-30T23:11:03.952+0000] {logging_mixin.py:190} INFO - [2024-11-30T23:11:03.952+0000] {dagbag.py:588} INFO - Filling up the DagBag from /opt/airflow/dags/data_ingestion_gcs_dag.py
[2024-11-30T23:11:03.973+0000] {processor.py:925} INFO - DAG(s) 'data_ingestion_gcs_dag' retrieved from /opt/airflow/dags/data_ingestion_gcs_dag.py
[2024-11-30T23:11:03.986+0000] {logging_mixin.py:190} INFO - [2024-11-30T23:11:03.986+0000] {dag.py:3239} INFO - Sync 1 DAGs
[2024-11-30T23:11:03.997+0000] {logging_mixin.py:190} INFO - [2024-11-30T23:11:03.997+0000] {dag.py:4180} INFO - Setting next_dagrun for data_ingestion_gcs_dag to 2024-11-30 00:00:00+00:00, run_after=2024-12-01 00:00:00+00:00
[2024-11-30T23:11:04.004+0000] {processor.py:208} INFO - Processing /opt/airflow/dags/data_ingestion_gcs_dag.py took 0.061 seconds
[2024-11-30T23:25:46.493+0000] {processor.py:186} INFO - Started process (PID=59152) to work on /opt/airflow/dags/data_ingestion_gcs_dag.py
[2024-11-30T23:25:46.494+0000] {processor.py:914} INFO - Processing file /opt/airflow/dags/data_ingestion_gcs_dag.py for tasks to queue
[2024-11-30T23:25:46.495+0000] {logging_mixin.py:190} INFO - [2024-11-30T23:25:46.494+0000] {dagbag.py:588} INFO - Filling up the DagBag from /opt/airflow/dags/data_ingestion_gcs_dag.py
[2024-11-30T23:25:46.510+0000] {processor.py:925} INFO - DAG(s) 'data_ingestion_gcs_dag' retrieved from /opt/airflow/dags/data_ingestion_gcs_dag.py
[2024-11-30T23:25:46.524+0000] {logging_mixin.py:190} INFO - [2024-11-30T23:25:46.524+0000] {dag.py:3239} INFO - Sync 1 DAGs
[2024-11-30T23:25:46.535+0000] {logging_mixin.py:190} INFO - [2024-11-30T23:25:46.535+0000] {dag.py:4180} INFO - Setting next_dagrun for data_ingestion_gcs_dag to 2024-11-30 00:00:00+00:00, run_after=2024-12-01 00:00:00+00:00
[2024-11-30T23:25:46.543+0000] {processor.py:208} INFO - Processing /opt/airflow/dags/data_ingestion_gcs_dag.py took 0.054 seconds
[2024-11-30T23:45:46.011+0000] {processor.py:186} INFO - Started process (PID=59159) to work on /opt/airflow/dags/data_ingestion_gcs_dag.py
[2024-11-30T23:45:46.012+0000] {processor.py:914} INFO - Processing file /opt/airflow/dags/data_ingestion_gcs_dag.py for tasks to queue
[2024-11-30T23:45:46.013+0000] {logging_mixin.py:190} INFO - [2024-11-30T23:45:46.013+0000] {dagbag.py:588} INFO - Filling up the DagBag from /opt/airflow/dags/data_ingestion_gcs_dag.py
[2024-11-30T23:45:46.036+0000] {processor.py:925} INFO - DAG(s) 'data_ingestion_gcs_dag' retrieved from /opt/airflow/dags/data_ingestion_gcs_dag.py
[2024-11-30T23:45:46.049+0000] {logging_mixin.py:190} INFO - [2024-11-30T23:45:46.049+0000] {dag.py:3239} INFO - Sync 1 DAGs
[2024-11-30T23:45:46.060+0000] {logging_mixin.py:190} INFO - [2024-11-30T23:45:46.060+0000] {dag.py:4180} INFO - Setting next_dagrun for data_ingestion_gcs_dag to 2024-11-30 00:00:00+00:00, run_after=2024-12-01 00:00:00+00:00
[2024-11-30T23:45:46.068+0000] {processor.py:208} INFO - Processing /opt/airflow/dags/data_ingestion_gcs_dag.py took 0.063 seconds
