[2024-12-09T23:58:09.274+0000] {local_task_job_runner.py:123} INFO - ::group::Pre task execution logs
[2024-12-09T23:58:09.310+0000] {taskinstance.py:2613} INFO - Dependencies all met for dep_context=non-requeueable deps ti=<TaskInstance: homework_dag_v2.download_dataset scheduled__2022-11-01T00:00:00+00:00 [queued]>
[2024-12-09T23:58:09.324+0000] {taskinstance.py:2613} INFO - Dependencies all met for dep_context=requeueable deps ti=<TaskInstance: homework_dag_v2.download_dataset scheduled__2022-11-01T00:00:00+00:00 [queued]>
[2024-12-09T23:58:09.329+0000] {taskinstance.py:2866} INFO - Starting attempt 2 of 2
[2024-12-09T23:58:09.364+0000] {taskinstance.py:2889} INFO - Executing <Task(BashOperator): download_dataset> on 2022-11-01 00:00:00+00:00
[2024-12-09T23:58:09.382+0000] {warnings.py:112} WARNING - /home/***/.local/lib/python3.12/site-packages/***/task/task_runner/standard_task_runner.py:70: DeprecationWarning: This process (pid=12283) is multi-threaded, use of fork() may lead to deadlocks in the child.
  pid = os.fork()

[2024-12-09T23:58:09.384+0000] {standard_task_runner.py:72} INFO - Started process 12285 to run task
[2024-12-09T23:58:09.399+0000] {standard_task_runner.py:104} INFO - Running: ['***', 'tasks', 'run', 'homework_dag_v2', 'download_dataset', 'scheduled__2022-11-01T00:00:00+00:00', '--job-id', '237', '--raw', '--subdir', 'DAGS_FOLDER/homework_dag_v2.py', '--cfg-path', '/tmp/tmp2jifrql6']
[2024-12-09T23:58:09.413+0000] {standard_task_runner.py:105} INFO - Job 237: Subtask download_dataset
[2024-12-09T23:58:09.502+0000] {task_command.py:467} INFO - Running <TaskInstance: homework_dag_v2.download_dataset scheduled__2022-11-01T00:00:00+00:00 [running]> on host 39ecaeffba2c
[2024-12-09T23:58:09.632+0000] {taskinstance.py:3132} INFO - Exporting env vars: AIRFLOW_CTX_DAG_OWNER='***' AIRFLOW_CTX_DAG_ID='homework_dag_v2' AIRFLOW_CTX_TASK_ID='download_dataset' AIRFLOW_CTX_EXECUTION_DATE='2022-11-01T00:00:00+00:00' AIRFLOW_CTX_TRY_NUMBER='2' AIRFLOW_CTX_DAG_RUN_ID='scheduled__2022-11-01T00:00:00+00:00'
[2024-12-09T23:58:09.635+0000] {taskinstance.py:731} INFO - ::endgroup::
[2024-12-09T23:58:09.653+0000] {subprocess.py:78} INFO - Tmp dir root location: /tmp
[2024-12-09T23:58:09.658+0000] {subprocess.py:88} INFO - Running command: ['/usr/bin/bash', '-c', 'wget https://d37ci6vzurychx.cloudfront.net/trip-data/green_tripdata_2022-11.parquet -O /opt/***/green_tripdata_2022-11.parquet']
[2024-12-09T23:58:09.671+0000] {subprocess.py:99} INFO - Output:
[2024-12-09T23:58:09.681+0000] {subprocess.py:106} INFO - --2024-12-09 23:58:09--  https://d37ci6vzurychx.cloudfront.net/trip-data/green_tripdata_2022-11.parquet
[2024-12-09T23:58:09.751+0000] {subprocess.py:106} INFO - Resolving d37ci6vzurychx.cloudfront.net (d37ci6vzurychx.cloudfront.net)... 52.85.39.117, 52.85.39.153, 52.85.39.65, ...
[2024-12-09T23:58:09.785+0000] {subprocess.py:106} INFO - Connecting to d37ci6vzurychx.cloudfront.net (d37ci6vzurychx.cloudfront.net)|52.85.39.117|:443... connected.
[2024-12-09T23:58:10.221+0000] {subprocess.py:106} INFO - HTTP request sent, awaiting response... 200 OK
[2024-12-09T23:58:10.222+0000] {subprocess.py:106} INFO - Length: 1270324 (1.2M) [binary/octet-stream]
[2024-12-09T23:58:10.222+0000] {subprocess.py:106} INFO - Saving to: ‘/opt/***/green_tripdata_2022-11.parquet’
[2024-12-09T23:58:10.224+0000] {subprocess.py:106} INFO - 
[2024-12-09T23:58:10.341+0000] {subprocess.py:106} INFO -      0K .......... .......... .......... .......... ..........  4%  770K 2s
[2024-12-09T23:58:10.351+0000] {subprocess.py:106} INFO -     50K .......... .......... .......... .......... ..........  8%  771K 1s
[2024-12-09T23:58:10.399+0000] {subprocess.py:106} INFO -    100K .......... .......... .......... .......... .......... 12% 1.01M 1s
[2024-12-09T23:58:10.414+0000] {subprocess.py:106} INFO -    150K .......... .......... .......... .......... .......... 16% 3.39M 1s
[2024-12-09T23:58:10.424+0000] {subprocess.py:106} INFO -    200K .......... .......... .......... .......... .......... 20% 4.78M 1s
[2024-12-09T23:58:10.457+0000] {subprocess.py:106} INFO -    250K .......... .......... .......... .......... .......... 24% 1.50M 1s
[2024-12-09T23:58:10.462+0000] {subprocess.py:106} INFO -    300K .......... .......... .......... .......... .......... 28% 8.40M 1s
[2024-12-09T23:58:10.467+0000] {subprocess.py:106} INFO -    350K .......... .......... .......... .......... .......... 32% 12.1M 1s
[2024-12-09T23:58:10.471+0000] {subprocess.py:106} INFO -    400K .......... .......... .......... .......... .......... 36% 11.3M 0s
[2024-12-09T23:58:10.486+0000] {subprocess.py:106} INFO -    450K .......... .......... .......... .......... .......... 40% 3.18M 0s
[2024-12-09T23:58:10.489+0000] {subprocess.py:106} INFO -    500K .......... .......... .......... .......... .......... 44% 14.6M 0s
[2024-12-09T23:58:10.538+0000] {subprocess.py:106} INFO -    550K .......... .......... .......... .......... .......... 48% 1.02M 0s
[2024-12-09T23:58:10.588+0000] {subprocess.py:106} INFO -    600K .......... .......... .......... .......... .......... 52%  999K 0s
[2024-12-09T23:58:10.599+0000] {subprocess.py:106} INFO -    650K .......... .......... .......... .......... .......... 56% 4.05M 0s
[2024-12-09T23:58:10.621+0000] {subprocess.py:106} INFO -    700K .......... .......... .......... .......... .......... 60% 2.28M 0s
[2024-12-09T23:58:10.629+0000] {subprocess.py:106} INFO -    750K .......... .......... .......... .......... .......... 64% 6.55M 0s
[2024-12-09T23:58:10.634+0000] {subprocess.py:106} INFO -    800K .......... .......... .......... .......... .......... 68% 8.60M 0s
[2024-12-09T23:58:10.640+0000] {subprocess.py:106} INFO -    850K .......... .......... .......... .......... .......... 72% 8.37M 0s
[2024-12-09T23:58:10.642+0000] {subprocess.py:106} INFO -    900K .......... .......... .......... .......... .......... 76% 21.9M 0s
[2024-12-09T23:58:10.644+0000] {subprocess.py:106} INFO -    950K .......... .......... .......... .......... .......... 80%  142M 0s
[2024-12-09T23:58:10.646+0000] {subprocess.py:106} INFO -   1000K .......... .......... .......... .......... .......... 84% 44.4M 0s
[2024-12-09T23:58:10.646+0000] {subprocess.py:106} INFO -   1050K .......... .......... .......... .......... .......... 88% 64.3M 0s
[2024-12-09T23:58:10.647+0000] {subprocess.py:106} INFO -   1100K .......... .......... .......... .......... .......... 92%  118M 0s
[2024-12-09T23:58:10.648+0000] {subprocess.py:106} INFO -   1150K .......... .......... .......... .......... .......... 96%  135M 0s
[2024-12-09T23:58:10.649+0000] {subprocess.py:106} INFO -   1200K .......... .......... .......... ..........           100%  158M=0.4s
[2024-12-09T23:58:10.650+0000] {subprocess.py:106} INFO - 
[2024-12-09T23:58:10.650+0000] {subprocess.py:106} INFO - 2024-12-09 23:58:10 (2.86 MB/s) - ‘/opt/***/green_tripdata_2022-11.parquet’ saved [1270324/1270324]
[2024-12-09T23:58:10.651+0000] {subprocess.py:106} INFO - 
[2024-12-09T23:58:10.651+0000] {subprocess.py:110} INFO - Command exited with return code 0
[2024-12-09T23:58:10.674+0000] {taskinstance.py:340} INFO - ::group::Post task execution logs
[2024-12-09T23:58:10.677+0000] {taskinstance.py:352} INFO - Marking task as SUCCESS. dag_id=homework_dag_v2, task_id=download_dataset, run_id=scheduled__2022-11-01T00:00:00+00:00, execution_date=20221101T000000, start_date=20241209T235809, end_date=20241209T235810
[2024-12-09T23:58:10.718+0000] {local_task_job_runner.py:266} INFO - Task exited with return code 0
[2024-12-09T23:58:10.779+0000] {taskinstance.py:3895} INFO - 1 downstream tasks scheduled from follow-on schedule check
[2024-12-09T23:58:10.780+0000] {local_task_job_runner.py:245} INFO - ::endgroup::
