[2024-12-06T20:34:37.080+0000] {local_task_job_runner.py:123} INFO - ::group::Pre task execution logs
[2024-12-06T20:34:37.090+0000] {taskinstance.py:2613} INFO - Dependencies all met for dep_context=non-requeueable deps ti=<TaskInstance: homework_dag.delete_dataset scheduled__2021-02-05T06:00:00+00:00 [queued]>
[2024-12-06T20:34:37.101+0000] {taskinstance.py:2613} INFO - Dependencies all met for dep_context=requeueable deps ti=<TaskInstance: homework_dag.delete_dataset scheduled__2021-02-05T06:00:00+00:00 [queued]>
[2024-12-06T20:34:37.101+0000] {taskinstance.py:2866} INFO - Starting attempt 1 of 1
[2024-12-06T20:34:37.112+0000] {taskinstance.py:2889} INFO - Executing <Task(BashOperator): delete_dataset> on 2021-02-05 06:00:00+00:00
[2024-12-06T20:34:37.116+0000] {warnings.py:112} WARNING - /home/***/.local/lib/python3.12/site-packages/***/task/task_runner/standard_task_runner.py:70: DeprecationWarning: This process (pid=4493) is multi-threaded, use of fork() may lead to deadlocks in the child.
  pid = os.fork()

[2024-12-06T20:34:37.117+0000] {standard_task_runner.py:72} INFO - Started process 4496 to run task
[2024-12-06T20:34:37.117+0000] {standard_task_runner.py:104} INFO - Running: ['***', 'tasks', 'run', 'homework_dag', 'delete_dataset', 'scheduled__2021-02-05T06:00:00+00:00', '--job-id', '135', '--raw', '--subdir', 'DAGS_FOLDER/homework_dag.py', '--cfg-path', '/tmp/tmpuggmvpyz']
[2024-12-06T20:34:37.119+0000] {standard_task_runner.py:105} INFO - Job 135: Subtask delete_dataset
[2024-12-06T20:34:37.142+0000] {task_command.py:467} INFO - Running <TaskInstance: homework_dag.delete_dataset scheduled__2021-02-05T06:00:00+00:00 [running]> on host 39ecaeffba2c
[2024-12-06T20:34:37.198+0000] {taskinstance.py:3132} INFO - Exporting env vars: AIRFLOW_CTX_DAG_OWNER='***' AIRFLOW_CTX_DAG_ID='homework_dag' AIRFLOW_CTX_TASK_ID='delete_dataset' AIRFLOW_CTX_EXECUTION_DATE='2021-02-05T06:00:00+00:00' AIRFLOW_CTX_TRY_NUMBER='1' AIRFLOW_CTX_DAG_RUN_ID='scheduled__2021-02-05T06:00:00+00:00'
[2024-12-06T20:34:37.203+0000] {taskinstance.py:731} INFO - ::endgroup::
[2024-12-06T20:34:37.212+0000] {subprocess.py:78} INFO - Tmp dir root location: /tmp
[2024-12-06T20:34:37.213+0000] {subprocess.py:88} INFO - Running command: ['/usr/bin/bash', '-c', 'rm /opt/***/fhv_tripdata_2021-02.parquet']
[2024-12-06T20:34:37.219+0000] {subprocess.py:99} INFO - Output:
[2024-12-06T20:34:37.222+0000] {subprocess.py:110} INFO - Command exited with return code 0
[2024-12-06T20:34:37.237+0000] {taskinstance.py:340} INFO - ::group::Post task execution logs
[2024-12-06T20:34:37.239+0000] {taskinstance.py:352} INFO - Marking task as SUCCESS. dag_id=homework_dag, task_id=delete_dataset, run_id=scheduled__2021-02-05T06:00:00+00:00, execution_date=20210205T060000, start_date=20241206T203437, end_date=20241206T203437
[2024-12-06T20:34:37.257+0000] {local_task_job_runner.py:266} INFO - Task exited with return code 0
[2024-12-06T20:34:37.268+0000] {taskinstance.py:3895} INFO - 0 downstream tasks scheduled from follow-on schedule check
[2024-12-06T20:34:37.269+0000] {local_task_job_runner.py:245} INFO - ::endgroup::
