[2024-12-09T23:46:00.318+0000] {local_task_job_runner.py:123} INFO - ::group::Pre task execution logs
[2024-12-09T23:46:00.432+0000] {taskinstance.py:2613} INFO - Dependencies all met for dep_context=non-requeueable deps ti=<TaskInstance: homework_dag_v2.download_dataset scheduled__2021-10-01T00:00:00+00:00 [queued]>
[2024-12-09T23:46:00.444+0000] {taskinstance.py:2613} INFO - Dependencies all met for dep_context=requeueable deps ti=<TaskInstance: homework_dag_v2.download_dataset scheduled__2021-10-01T00:00:00+00:00 [queued]>
[2024-12-09T23:46:00.447+0000] {taskinstance.py:2866} INFO - Starting attempt 2 of 2
[2024-12-09T23:46:00.507+0000] {taskinstance.py:2889} INFO - Executing <Task(BashOperator): download_dataset> on 2021-10-01 00:00:00+00:00
[2024-12-09T23:46:00.523+0000] {warnings.py:112} WARNING - /home/***/.local/lib/python3.12/site-packages/***/task/task_runner/standard_task_runner.py:70: DeprecationWarning: This process (pid=11852) is multi-threaded, use of fork() may lead to deadlocks in the child.
  pid = os.fork()

[2024-12-09T23:46:00.571+0000] {standard_task_runner.py:72} INFO - Started process 11863 to run task
[2024-12-09T23:46:00.576+0000] {standard_task_runner.py:104} INFO - Running: ['***', 'tasks', 'run', 'homework_dag_v2', 'download_dataset', 'scheduled__2021-10-01T00:00:00+00:00', '--job-id', '167', '--raw', '--subdir', 'DAGS_FOLDER/homework_dag_v2.py', '--cfg-path', '/tmp/tmpf9he33op']
[2024-12-09T23:46:00.600+0000] {standard_task_runner.py:105} INFO - Job 167: Subtask download_dataset
[2024-12-09T23:46:00.826+0000] {task_command.py:467} INFO - Running <TaskInstance: homework_dag_v2.download_dataset scheduled__2021-10-01T00:00:00+00:00 [running]> on host 39ecaeffba2c
[2024-12-09T23:46:01.024+0000] {taskinstance.py:3132} INFO - Exporting env vars: AIRFLOW_CTX_DAG_OWNER='***' AIRFLOW_CTX_DAG_ID='homework_dag_v2' AIRFLOW_CTX_TASK_ID='download_dataset' AIRFLOW_CTX_EXECUTION_DATE='2021-10-01T00:00:00+00:00' AIRFLOW_CTX_TRY_NUMBER='2' AIRFLOW_CTX_DAG_RUN_ID='scheduled__2021-10-01T00:00:00+00:00'
[2024-12-09T23:46:01.067+0000] {taskinstance.py:731} INFO - ::endgroup::
[2024-12-09T23:46:01.098+0000] {subprocess.py:78} INFO - Tmp dir root location: /tmp
[2024-12-09T23:46:01.101+0000] {subprocess.py:88} INFO - Running command: ['/usr/bin/bash', '-c', 'wget https://d37ci6vzurychx.cloudfront.net/trip-data/green_tripdata_2021-10.parquet -O /opt/***/green_tripdata_2021-10.parquet']
[2024-12-09T23:46:01.126+0000] {subprocess.py:99} INFO - Output:
[2024-12-09T23:46:01.128+0000] {subprocess.py:106} INFO - --2024-12-09 23:46:01--  https://d37ci6vzurychx.cloudfront.net/trip-data/green_tripdata_2021-10.parquet
[2024-12-09T23:46:01.160+0000] {subprocess.py:106} INFO - Resolving d37ci6vzurychx.cloudfront.net (d37ci6vzurychx.cloudfront.net)... 52.85.39.117, 52.85.39.97, 52.85.39.153, ...
[2024-12-09T23:46:01.178+0000] {subprocess.py:106} INFO - Connecting to d37ci6vzurychx.cloudfront.net (d37ci6vzurychx.cloudfront.net)|52.85.39.117|:443... connected.
[2024-12-09T23:46:01.603+0000] {subprocess.py:106} INFO - HTTP request sent, awaiting response... 200 OK
[2024-12-09T23:46:01.604+0000] {subprocess.py:106} INFO - Length: 2167393 (2.1M) [binary/octet-stream]
[2024-12-09T23:46:01.604+0000] {subprocess.py:106} INFO - Saving to: ‘/opt/***/green_tripdata_2021-10.parquet’
[2024-12-09T23:46:01.604+0000] {subprocess.py:106} INFO - 
[2024-12-09T23:46:01.724+0000] {subprocess.py:106} INFO -      0K .......... .......... .......... .......... ..........  2%  790K 3s
[2024-12-09T23:46:01.729+0000] {subprocess.py:106} INFO -     50K .......... .......... .......... .......... ..........  4%  806K 3s
[2024-12-09T23:46:01.784+0000] {subprocess.py:106} INFO -    100K .......... .......... .......... .......... ..........  7%  899K 2s
[2024-12-09T23:46:01.790+0000] {subprocess.py:106} INFO -    150K .......... .......... .......... .......... ..........  9% 8.25M 2s
[2024-12-09T23:46:01.795+0000] {subprocess.py:106} INFO -    200K .......... .......... .......... .......... .......... 11% 10.1M 1s
[2024-12-09T23:46:01.801+0000] {subprocess.py:106} INFO -    250K .......... .......... .......... .......... .......... 14% 7.66M 1s
[2024-12-09T23:46:01.845+0000] {subprocess.py:106} INFO -    300K .......... .......... .......... .......... .......... 16% 1.11M 1s
[2024-12-09T23:46:01.848+0000] {subprocess.py:106} INFO -    350K .......... .......... .......... .......... .......... 18% 21.5M 1s
[2024-12-09T23:46:01.850+0000] {subprocess.py:106} INFO -    400K .......... .......... .......... .......... .......... 21% 45.1M 1s
[2024-12-09T23:46:01.854+0000] {subprocess.py:106} INFO -    450K .......... .......... .......... .......... .......... 23% 10.0M 1s
[2024-12-09T23:46:01.855+0000] {subprocess.py:106} INFO -    500K .......... .......... .......... .......... .......... 25% 28.1M 1s
[2024-12-09T23:46:01.872+0000] {subprocess.py:106} INFO -    550K .......... .......... .......... .......... .......... 28% 2.94M 1s
[2024-12-09T23:46:01.905+0000] {subprocess.py:106} INFO -    600K .......... .......... .......... .......... .......... 30% 1.48M 1s
[2024-12-09T23:46:01.906+0000] {subprocess.py:106} INFO -    650K .......... .......... .......... .......... .......... 33% 61.4M 1s
[2024-12-09T23:46:01.908+0000] {subprocess.py:106} INFO -    700K .......... .......... .......... .......... .......... 35% 43.7M 1s
[2024-12-09T23:46:01.909+0000] {subprocess.py:106} INFO -    750K .......... .......... .......... .......... .......... 37% 82.2M 1s
[2024-12-09T23:46:01.912+0000] {subprocess.py:106} INFO -    800K .......... .......... .......... .......... .......... 40% 27.5M 0s
[2024-12-09T23:46:01.913+0000] {subprocess.py:106} INFO -    850K .......... .......... .......... .......... .......... 42%  315M 0s
[2024-12-09T23:46:01.913+0000] {subprocess.py:106} INFO -    900K .......... .......... .......... .......... .......... 44% 27.1M 0s
[2024-12-09T23:46:01.916+0000] {subprocess.py:106} INFO -    950K .......... .......... .......... .......... .......... 47%  251M 0s
[2024-12-09T23:46:01.918+0000] {subprocess.py:106} INFO -   1000K .......... .......... .......... .......... .......... 49% 62.4M 0s
[2024-12-09T23:46:01.919+0000] {subprocess.py:106} INFO -   1050K .......... .......... .......... .......... .......... 51% 13.5M 0s
[2024-12-09T23:46:01.925+0000] {subprocess.py:106} INFO -   1100K .......... .......... .......... .......... .......... 54% 13.0M 0s
[2024-12-09T23:46:01.926+0000] {subprocess.py:106} INFO -   1150K .......... .......... .......... .......... .......... 56% 43.8M 0s
[2024-12-09T23:46:01.926+0000] {subprocess.py:106} INFO -   1200K .......... .......... .......... .......... .......... 59%  192M 0s
[2024-12-09T23:46:01.927+0000] {subprocess.py:106} INFO -   1250K .......... .......... .......... .......... .......... 61% 57.7M 0s
[2024-12-09T23:46:01.967+0000] {subprocess.py:106} INFO -   1300K .......... .......... .......... .......... .......... 63% 1.09M 0s
[2024-12-09T23:46:01.970+0000] {subprocess.py:106} INFO -   1350K .......... .......... .......... .......... .......... 66%  145M 0s
[2024-12-09T23:46:01.970+0000] {subprocess.py:106} INFO -   1400K .......... .......... .......... .......... .......... 68% 82.6M 0s
[2024-12-09T23:46:01.971+0000] {subprocess.py:106} INFO -   1450K .......... .......... .......... .......... .......... 70% 65.0M 0s
[2024-12-09T23:46:01.971+0000] {subprocess.py:106} INFO -   1500K .......... .......... .......... .......... .......... 73%  153M 0s
[2024-12-09T23:46:01.971+0000] {subprocess.py:106} INFO -   1550K .......... .......... .......... .......... .......... 75% 55.7M 0s
[2024-12-09T23:46:01.972+0000] {subprocess.py:106} INFO -   1600K .......... .......... .......... .......... .......... 77%  118M 0s
[2024-12-09T23:46:01.991+0000] {subprocess.py:106} INFO -   1650K .......... .......... .......... .......... .......... 80% 2.29M 0s
[2024-12-09T23:46:01.995+0000] {subprocess.py:106} INFO -   1700K .......... .......... .......... .......... .......... 82% 13.3M 0s
[2024-12-09T23:46:02.001+0000] {subprocess.py:106} INFO -   1750K .......... .......... .......... .......... .......... 85% 24.2M 0s
[2024-12-09T23:46:02.005+0000] {subprocess.py:106} INFO -   1800K .......... .......... .......... .......... .......... 87%  114M 0s
[2024-12-09T23:46:02.006+0000] {subprocess.py:106} INFO -   1850K .......... .......... .......... .......... .......... 89% 12.2M 0s
[2024-12-09T23:46:02.007+0000] {subprocess.py:106} INFO -   1900K .......... .......... .......... .......... .......... 92% 13.7M 0s
[2024-12-09T23:46:02.007+0000] {subprocess.py:106} INFO -   1950K .......... .......... .......... .......... .......... 94% 21.8M 0s
[2024-12-09T23:46:02.009+0000] {subprocess.py:106} INFO -   2000K .......... .......... .......... .......... .......... 96% 71.8M 0s
[2024-12-09T23:46:02.009+0000] {subprocess.py:106} INFO -   2050K .......... .......... .......... .......... .......... 99%  304M 0s
[2024-12-09T23:46:02.009+0000] {subprocess.py:106} INFO -   2100K .......... ......                                     100%  588M=0.4s
[2024-12-09T23:46:02.010+0000] {subprocess.py:106} INFO - 
[2024-12-09T23:46:02.010+0000] {subprocess.py:106} INFO - 2024-12-09 23:46:02 (5.11 MB/s) - ‘/opt/***/green_tripdata_2021-10.parquet’ saved [2167393/2167393]
[2024-12-09T23:46:02.010+0000] {subprocess.py:106} INFO - 
[2024-12-09T23:46:02.010+0000] {subprocess.py:110} INFO - Command exited with return code 0
[2024-12-09T23:46:02.033+0000] {taskinstance.py:340} INFO - ::group::Post task execution logs
[2024-12-09T23:46:02.033+0000] {taskinstance.py:352} INFO - Marking task as SUCCESS. dag_id=homework_dag_v2, task_id=download_dataset, run_id=scheduled__2021-10-01T00:00:00+00:00, execution_date=20211001T000000, start_date=20241209T234600, end_date=20241209T234602
[2024-12-09T23:46:02.081+0000] {local_task_job_runner.py:266} INFO - Task exited with return code 0
[2024-12-09T23:46:02.099+0000] {taskinstance.py:3895} INFO - 1 downstream tasks scheduled from follow-on schedule check
[2024-12-09T23:46:02.100+0000] {local_task_job_runner.py:245} INFO - ::endgroup::
