[2024-12-09T23:56:50.997+0000] {local_task_job_runner.py:123} INFO - ::group::Pre task execution logs
[2024-12-09T23:56:51.007+0000] {taskinstance.py:2613} INFO - Dependencies all met for dep_context=non-requeueable deps ti=<TaskInstance: homework_dag_v2.download_dataset scheduled__2022-09-01T00:00:00+00:00 [queued]>
[2024-12-09T23:56:51.013+0000] {taskinstance.py:2613} INFO - Dependencies all met for dep_context=requeueable deps ti=<TaskInstance: homework_dag_v2.download_dataset scheduled__2022-09-01T00:00:00+00:00 [queued]>
[2024-12-09T23:56:51.014+0000] {taskinstance.py:2866} INFO - Starting attempt 1 of 1
[2024-12-09T23:56:51.026+0000] {taskinstance.py:2889} INFO - Executing <Task(BashOperator): download_dataset> on 2022-09-01 00:00:00+00:00
[2024-12-09T23:56:51.031+0000] {warnings.py:112} WARNING - /home/***/.local/lib/python3.12/site-packages/***/task/task_runner/standard_task_runner.py:70: DeprecationWarning: This process (pid=12134) is multi-threaded, use of fork() may lead to deadlocks in the child.
  pid = os.fork()

[2024-12-09T23:56:51.033+0000] {standard_task_runner.py:72} INFO - Started process 12161 to run task
[2024-12-09T23:56:51.032+0000] {standard_task_runner.py:104} INFO - Running: ['***', 'tasks', 'run', 'homework_dag_v2', 'download_dataset', 'scheduled__2022-09-01T00:00:00+00:00', '--job-id', '209', '--raw', '--subdir', 'DAGS_FOLDER/homework_dag_v2.py', '--cfg-path', '/tmp/tmpulw3desi']
[2024-12-09T23:56:51.035+0000] {standard_task_runner.py:105} INFO - Job 209: Subtask download_dataset
[2024-12-09T23:56:51.082+0000] {task_command.py:467} INFO - Running <TaskInstance: homework_dag_v2.download_dataset scheduled__2022-09-01T00:00:00+00:00 [running]> on host 39ecaeffba2c
[2024-12-09T23:56:51.141+0000] {taskinstance.py:3132} INFO - Exporting env vars: AIRFLOW_CTX_DAG_OWNER='***' AIRFLOW_CTX_DAG_ID='homework_dag_v2' AIRFLOW_CTX_TASK_ID='download_dataset' AIRFLOW_CTX_EXECUTION_DATE='2022-09-01T00:00:00+00:00' AIRFLOW_CTX_TRY_NUMBER='1' AIRFLOW_CTX_DAG_RUN_ID='scheduled__2022-09-01T00:00:00+00:00'
[2024-12-09T23:56:51.143+0000] {taskinstance.py:731} INFO - ::endgroup::
[2024-12-09T23:56:51.153+0000] {subprocess.py:78} INFO - Tmp dir root location: /tmp
[2024-12-09T23:56:51.154+0000] {subprocess.py:88} INFO - Running command: ['/usr/bin/bash', '-c', 'wget https://d37ci6vzurychx.cloudfront.net/trip-data/green_tripdata_2022-09.parquet -O /opt/***/green_tripdata_2022-09.parquet']
[2024-12-09T23:56:51.160+0000] {subprocess.py:99} INFO - Output:
[2024-12-09T23:56:51.163+0000] {subprocess.py:106} INFO - --2024-12-09 23:56:51--  https://d37ci6vzurychx.cloudfront.net/trip-data/green_tripdata_2022-09.parquet
[2024-12-09T23:56:51.181+0000] {subprocess.py:106} INFO - Resolving d37ci6vzurychx.cloudfront.net (d37ci6vzurychx.cloudfront.net)... 18.173.251.90, 18.173.251.37, 18.173.251.156, ...
[2024-12-09T23:56:51.221+0000] {subprocess.py:106} INFO - Connecting to d37ci6vzurychx.cloudfront.net (d37ci6vzurychx.cloudfront.net)|18.173.251.90|:443... connected.
[2024-12-09T23:56:51.695+0000] {subprocess.py:106} INFO - HTTP request sent, awaiting response... 200 OK
[2024-12-09T23:56:51.696+0000] {subprocess.py:106} INFO - Length: 1445166 (1.4M) [binary/octet-stream]
[2024-12-09T23:56:51.696+0000] {subprocess.py:106} INFO - Saving to: ‘/opt/***/green_tripdata_2022-09.parquet’
[2024-12-09T23:56:51.697+0000] {subprocess.py:106} INFO - 
[2024-12-09T23:56:51.812+0000] {subprocess.py:106} INFO -      0K .......... .......... .......... .......... ..........  3%  741K 2s
[2024-12-09T23:56:51.829+0000] {subprocess.py:106} INFO -     50K .......... .......... .......... .......... ..........  7%  809K 2s
[2024-12-09T23:56:51.914+0000] {subprocess.py:106} INFO -    100K .......... .......... .......... .......... .......... 10%  571K 2s
[2024-12-09T23:56:51.916+0000] {subprocess.py:106} INFO -    150K .......... .......... .......... .......... .......... 14% 30.8M 1s
[2024-12-09T23:56:51.931+0000] {subprocess.py:106} INFO -    200K .......... .......... .......... .......... .......... 17% 3.14M 1s
[2024-12-09T23:56:51.964+0000] {subprocess.py:106} INFO -    250K .......... .......... .......... .......... .......... 21% 1.42M 1s
[2024-12-09T23:56:51.975+0000] {subprocess.py:106} INFO -    300K .......... .......... .......... .......... .......... 24% 5.89M 1s
[2024-12-09T23:56:51.980+0000] {subprocess.py:106} INFO -    350K .......... .......... .......... .......... .......... 28% 12.4M 1s
[2024-12-09T23:56:51.984+0000] {subprocess.py:106} INFO -    400K .......... .......... .......... .......... .......... 31%  192M 1s
[2024-12-09T23:56:51.989+0000] {subprocess.py:106} INFO -    450K .......... .......... .......... .......... .......... 35% 12.3M 1s
[2024-12-09T23:56:51.990+0000] {subprocess.py:106} INFO -    500K .......... .......... .......... .......... .......... 38% 6.89M 0s
[2024-12-09T23:56:51.993+0000] {subprocess.py:106} INFO -    550K .......... .......... .......... .......... .......... 42% 7.91M 0s
[2024-12-09T23:56:52.003+0000] {subprocess.py:106} INFO -    600K .......... .......... .......... .......... .......... 46% 4.98M 0s
[2024-12-09T23:56:52.015+0000] {subprocess.py:106} INFO -    650K .......... .......... .......... .......... .......... 49% 4.23M 0s
[2024-12-09T23:56:52.017+0000] {subprocess.py:106} INFO -    700K .......... .......... .......... .......... .......... 53% 20.8M 0s
[2024-12-09T23:56:52.020+0000] {subprocess.py:106} INFO -    750K .......... .......... .......... .......... .......... 56%  122M 0s
[2024-12-09T23:56:52.026+0000] {subprocess.py:106} INFO -    800K .......... .......... .......... .......... .......... 60% 12.1M 0s
[2024-12-09T23:56:52.039+0000] {subprocess.py:106} INFO -    850K .......... .......... .......... .......... .......... 63% 9.46M 0s
[2024-12-09T23:56:52.043+0000] {subprocess.py:106} INFO -    900K .......... .......... .......... .......... .......... 67% 8.55M 0s
[2024-12-09T23:56:52.051+0000] {subprocess.py:106} INFO -    950K .......... .......... .......... .......... .......... 70% 10.4M 0s
[2024-12-09T23:56:52.052+0000] {subprocess.py:106} INFO -   1000K .......... .......... .......... .......... .......... 74% 6.78M 0s
[2024-12-09T23:56:52.053+0000] {subprocess.py:106} INFO -   1050K .......... .......... .......... .......... .......... 77% 12.6M 0s
[2024-12-09T23:56:52.055+0000] {subprocess.py:106} INFO -   1100K .......... .......... .......... .......... .......... 81%  219M 0s
[2024-12-09T23:56:52.060+0000] {subprocess.py:106} INFO -   1150K .......... .......... .......... .......... .......... 85% 23.9M 0s
[2024-12-09T23:56:52.064+0000] {subprocess.py:106} INFO -   1200K .......... .......... .......... .......... .......... 88% 19.7M 0s
[2024-12-09T23:56:52.066+0000] {subprocess.py:106} INFO -   1250K .......... .......... .......... .......... .......... 92% 12.2M 0s
[2024-12-09T23:56:52.069+0000] {subprocess.py:106} INFO -   1300K .......... .......... .......... .......... .......... 95% 37.1M 0s
[2024-12-09T23:56:52.071+0000] {subprocess.py:106} INFO -   1350K .......... .......... .......... .......... .......... 99% 16.0M 0s
[2024-12-09T23:56:52.072+0000] {subprocess.py:106} INFO -   1400K .......... .                                          100% 37.8M=0.4s
[2024-12-09T23:56:52.074+0000] {subprocess.py:106} INFO - 
[2024-12-09T23:56:52.075+0000] {subprocess.py:106} INFO - 2024-12-09 23:56:52 (3.76 MB/s) - ‘/opt/***/green_tripdata_2022-09.parquet’ saved [1445166/1445166]
[2024-12-09T23:56:52.077+0000] {subprocess.py:106} INFO - 
[2024-12-09T23:56:52.079+0000] {subprocess.py:110} INFO - Command exited with return code 0
[2024-12-09T23:56:52.119+0000] {taskinstance.py:340} INFO - ::group::Post task execution logs
[2024-12-09T23:56:52.119+0000] {taskinstance.py:352} INFO - Marking task as SUCCESS. dag_id=homework_dag_v2, task_id=download_dataset, run_id=scheduled__2022-09-01T00:00:00+00:00, execution_date=20220901T000000, start_date=20241209T235651, end_date=20241209T235652
[2024-12-09T23:56:52.139+0000] {local_task_job_runner.py:266} INFO - Task exited with return code 0
[2024-12-09T23:56:52.171+0000] {taskinstance.py:3895} INFO - 1 downstream tasks scheduled from follow-on schedule check
[2024-12-09T23:56:52.174+0000] {local_task_job_runner.py:245} INFO - ::endgroup::
