[2024-12-09T23:58:09.375+0000] {local_task_job_runner.py:123} INFO - ::group::Pre task execution logs
[2024-12-09T23:58:09.401+0000] {taskinstance.py:2613} INFO - Dependencies all met for dep_context=non-requeueable deps ti=<TaskInstance: homework_dag_v2.download_dataset scheduled__2022-08-01T00:00:00+00:00 [queued]>
[2024-12-09T23:58:09.410+0000] {taskinstance.py:2613} INFO - Dependencies all met for dep_context=requeueable deps ti=<TaskInstance: homework_dag_v2.download_dataset scheduled__2022-08-01T00:00:00+00:00 [queued]>
[2024-12-09T23:58:09.411+0000] {taskinstance.py:2866} INFO - Starting attempt 2 of 2
[2024-12-09T23:58:09.434+0000] {taskinstance.py:2889} INFO - Executing <Task(BashOperator): download_dataset> on 2022-08-01 00:00:00+00:00
[2024-12-09T23:58:09.445+0000] {warnings.py:112} WARNING - /home/***/.local/lib/python3.12/site-packages/***/task/task_runner/standard_task_runner.py:70: DeprecationWarning: This process (pid=12279) is multi-threaded, use of fork() may lead to deadlocks in the child.
  pid = os.fork()

[2024-12-09T23:58:09.451+0000] {standard_task_runner.py:72} INFO - Started process 12287 to run task
[2024-12-09T23:58:09.463+0000] {standard_task_runner.py:104} INFO - Running: ['***', 'tasks', 'run', 'homework_dag_v2', 'download_dataset', 'scheduled__2022-08-01T00:00:00+00:00', '--job-id', '239', '--raw', '--subdir', 'DAGS_FOLDER/homework_dag_v2.py', '--cfg-path', '/tmp/tmpk5x87_ln']
[2024-12-09T23:58:09.472+0000] {standard_task_runner.py:105} INFO - Job 239: Subtask download_dataset
[2024-12-09T23:58:09.571+0000] {task_command.py:467} INFO - Running <TaskInstance: homework_dag_v2.download_dataset scheduled__2022-08-01T00:00:00+00:00 [running]> on host 39ecaeffba2c
[2024-12-09T23:58:09.685+0000] {taskinstance.py:3132} INFO - Exporting env vars: AIRFLOW_CTX_DAG_OWNER='***' AIRFLOW_CTX_DAG_ID='homework_dag_v2' AIRFLOW_CTX_TASK_ID='download_dataset' AIRFLOW_CTX_EXECUTION_DATE='2022-08-01T00:00:00+00:00' AIRFLOW_CTX_TRY_NUMBER='2' AIRFLOW_CTX_DAG_RUN_ID='scheduled__2022-08-01T00:00:00+00:00'
[2024-12-09T23:58:09.689+0000] {taskinstance.py:731} INFO - ::endgroup::
[2024-12-09T23:58:09.713+0000] {subprocess.py:78} INFO - Tmp dir root location: /tmp
[2024-12-09T23:58:09.717+0000] {subprocess.py:88} INFO - Running command: ['/usr/bin/bash', '-c', 'wget https://d37ci6vzurychx.cloudfront.net/trip-data/green_tripdata_2022-08.parquet -O /opt/***/green_tripdata_2022-08.parquet']
[2024-12-09T23:58:09.727+0000] {subprocess.py:99} INFO - Output:
[2024-12-09T23:58:09.732+0000] {subprocess.py:106} INFO - --2024-12-09 23:58:09--  https://d37ci6vzurychx.cloudfront.net/trip-data/green_tripdata_2022-08.parquet
[2024-12-09T23:58:09.752+0000] {subprocess.py:106} INFO - Resolving d37ci6vzurychx.cloudfront.net (d37ci6vzurychx.cloudfront.net)... 52.85.39.117, 52.85.39.153, 52.85.39.65, ...
[2024-12-09T23:58:09.785+0000] {subprocess.py:106} INFO - Connecting to d37ci6vzurychx.cloudfront.net (d37ci6vzurychx.cloudfront.net)|52.85.39.117|:443... connected.
[2024-12-09T23:58:10.222+0000] {subprocess.py:106} INFO - HTTP request sent, awaiting response... 200 OK
[2024-12-09T23:58:10.224+0000] {subprocess.py:106} INFO - Length: 1346660 (1.3M) [binary/octet-stream]
[2024-12-09T23:58:10.224+0000] {subprocess.py:106} INFO - Saving to: ‘/opt/***/green_tripdata_2022-08.parquet’
[2024-12-09T23:58:10.227+0000] {subprocess.py:106} INFO - 
[2024-12-09T23:58:10.342+0000] {subprocess.py:106} INFO -      0K .......... .......... .......... .......... ..........  3%  772K 2s
[2024-12-09T23:58:10.353+0000] {subprocess.py:106} INFO -     50K .......... .......... .......... .......... ..........  7%  760K 2s
[2024-12-09T23:58:10.400+0000] {subprocess.py:106} INFO -    100K .......... .......... .......... .......... .......... 11% 1.04M 1s
[2024-12-09T23:58:10.408+0000] {subprocess.py:106} INFO -    150K .......... .......... .......... .......... .......... 15% 6.02M 1s
[2024-12-09T23:58:10.414+0000] {subprocess.py:106} INFO -    200K .......... .......... .......... .......... .......... 19% 8.36M 1s
[2024-12-09T23:58:10.432+0000] {subprocess.py:106} INFO -    250K .......... .......... .......... .......... .......... 22% 2.72M 1s
[2024-12-09T23:58:10.463+0000] {subprocess.py:106} INFO -    300K .......... .......... .......... .......... .......... 26% 1.56M 1s
[2024-12-09T23:58:10.466+0000] {subprocess.py:106} INFO -    350K .......... .......... .......... .......... .......... 30% 24.5M 1s
[2024-12-09T23:58:10.469+0000] {subprocess.py:106} INFO -    400K .......... .......... .......... .......... .......... 34% 13.2M 0s
[2024-12-09T23:58:10.472+0000] {subprocess.py:106} INFO -    450K .......... .......... .......... .......... .......... 38% 14.5M 0s
[2024-12-09T23:58:10.477+0000] {subprocess.py:106} INFO -    500K .......... .......... .......... .......... .......... 41% 10.8M 0s
[2024-12-09T23:58:10.479+0000] {subprocess.py:106} INFO -    550K .......... .......... .......... .......... .......... 45% 20.3M 0s
[2024-12-09T23:58:10.547+0000] {subprocess.py:106} INFO -    600K .......... .......... .......... .......... .......... 49%  741K 0s
[2024-12-09T23:58:10.558+0000] {subprocess.py:106} INFO -    650K .......... .......... .......... .......... .......... 53% 4.40M 0s
[2024-12-09T23:58:10.596+0000] {subprocess.py:106} INFO -    700K .......... .......... .......... .......... .......... 57% 1.30M 0s
[2024-12-09T23:58:10.600+0000] {subprocess.py:106} INFO -    750K .......... .......... .......... .......... .......... 60% 12.1M 0s
[2024-12-09T23:58:10.621+0000] {subprocess.py:106} INFO -    800K .......... .......... .......... .......... .......... 64% 2.26M 0s
[2024-12-09T23:58:10.623+0000] {subprocess.py:106} INFO -    850K .......... .......... .......... .......... .......... 68% 24.2M 0s
[2024-12-09T23:58:10.629+0000] {subprocess.py:106} INFO -    900K .......... .......... .......... .......... .......... 72% 8.09M 0s
[2024-12-09T23:58:10.638+0000] {subprocess.py:106} INFO -    950K .......... .......... .......... .......... .......... 76% 6.07M 0s
[2024-12-09T23:58:10.640+0000] {subprocess.py:106} INFO -   1000K .......... .......... .......... .......... .......... 79% 20.6M 0s
[2024-12-09T23:58:10.641+0000] {subprocess.py:106} INFO -   1050K .......... .......... .......... .......... .......... 83% 31.1M 0s
[2024-12-09T23:58:10.642+0000] {subprocess.py:106} INFO -   1100K .......... .......... .......... .......... .......... 87% 55.8M 0s
[2024-12-09T23:58:10.646+0000] {subprocess.py:106} INFO -   1150K .......... .......... .......... .......... .......... 91% 35.8M 0s
[2024-12-09T23:58:10.646+0000] {subprocess.py:106} INFO -   1200K .......... .......... .......... .......... .......... 95% 52.5M 0s
[2024-12-09T23:58:10.647+0000] {subprocess.py:106} INFO -   1250K .......... .......... .......... .......... .......... 98%  211M 0s
[2024-12-09T23:58:10.648+0000] {subprocess.py:106} INFO -   1300K .......... .....                                      100%  428M=0.4s
[2024-12-09T23:58:10.649+0000] {subprocess.py:106} INFO - 
[2024-12-09T23:58:10.650+0000] {subprocess.py:106} INFO - 2024-12-09 23:58:10 (3.04 MB/s) - ‘/opt/***/green_tripdata_2022-08.parquet’ saved [1346660/1346660]
[2024-12-09T23:58:10.650+0000] {subprocess.py:106} INFO - 
[2024-12-09T23:58:10.651+0000] {subprocess.py:110} INFO - Command exited with return code 0
[2024-12-09T23:58:10.674+0000] {taskinstance.py:340} INFO - ::group::Post task execution logs
[2024-12-09T23:58:10.676+0000] {taskinstance.py:352} INFO - Marking task as SUCCESS. dag_id=homework_dag_v2, task_id=download_dataset, run_id=scheduled__2022-08-01T00:00:00+00:00, execution_date=20220801T000000, start_date=20241209T235809, end_date=20241209T235810
[2024-12-09T23:58:10.709+0000] {local_task_job_runner.py:266} INFO - Task exited with return code 0
[2024-12-09T23:58:10.738+0000] {taskinstance.py:3895} INFO - 1 downstream tasks scheduled from follow-on schedule check
[2024-12-09T23:58:10.741+0000] {local_task_job_runner.py:245} INFO - ::endgroup::
