[2024-12-09T23:56:50.882+0000] {local_task_job_runner.py:123} INFO - ::group::Pre task execution logs
[2024-12-09T23:56:50.895+0000] {taskinstance.py:2613} INFO - Dependencies all met for dep_context=non-requeueable deps ti=<TaskInstance: homework_dag_v2.download_dataset scheduled__2022-08-01T00:00:00+00:00 [queued]>
[2024-12-09T23:56:50.901+0000] {taskinstance.py:2613} INFO - Dependencies all met for dep_context=requeueable deps ti=<TaskInstance: homework_dag_v2.download_dataset scheduled__2022-08-01T00:00:00+00:00 [queued]>
[2024-12-09T23:56:50.901+0000] {taskinstance.py:2866} INFO - Starting attempt 1 of 1
[2024-12-09T23:56:50.911+0000] {taskinstance.py:2889} INFO - Executing <Task(BashOperator): download_dataset> on 2022-08-01 00:00:00+00:00
[2024-12-09T23:56:50.918+0000] {warnings.py:112} WARNING - /home/***/.local/lib/python3.12/site-packages/***/task/task_runner/standard_task_runner.py:70: DeprecationWarning: This process (pid=12133) is multi-threaded, use of fork() may lead to deadlocks in the child.
  pid = os.fork()

[2024-12-09T23:56:50.923+0000] {standard_task_runner.py:72} INFO - Started process 12158 to run task
[2024-12-09T23:56:50.931+0000] {standard_task_runner.py:104} INFO - Running: ['***', 'tasks', 'run', 'homework_dag_v2', 'download_dataset', 'scheduled__2022-08-01T00:00:00+00:00', '--job-id', '208', '--raw', '--subdir', 'DAGS_FOLDER/homework_dag_v2.py', '--cfg-path', '/tmp/tmp3ent47no']
[2024-12-09T23:56:50.941+0000] {standard_task_runner.py:105} INFO - Job 208: Subtask download_dataset
[2024-12-09T23:56:50.988+0000] {task_command.py:467} INFO - Running <TaskInstance: homework_dag_v2.download_dataset scheduled__2022-08-01T00:00:00+00:00 [running]> on host 39ecaeffba2c
[2024-12-09T23:56:51.050+0000] {taskinstance.py:3132} INFO - Exporting env vars: AIRFLOW_CTX_DAG_OWNER='***' AIRFLOW_CTX_DAG_ID='homework_dag_v2' AIRFLOW_CTX_TASK_ID='download_dataset' AIRFLOW_CTX_EXECUTION_DATE='2022-08-01T00:00:00+00:00' AIRFLOW_CTX_TRY_NUMBER='1' AIRFLOW_CTX_DAG_RUN_ID='scheduled__2022-08-01T00:00:00+00:00'
[2024-12-09T23:56:51.052+0000] {taskinstance.py:731} INFO - ::endgroup::
[2024-12-09T23:56:51.066+0000] {subprocess.py:78} INFO - Tmp dir root location: /tmp
[2024-12-09T23:56:51.067+0000] {subprocess.py:88} INFO - Running command: ['/usr/bin/bash', '-c', 'wget https://d37ci6vzurychx.cloudfront.net/trip-data/green_tripdata_2022-08.parquet -O /opt/***/green_tripdata_2022-08.parquet']
[2024-12-09T23:56:51.079+0000] {subprocess.py:99} INFO - Output:
[2024-12-09T23:56:51.082+0000] {subprocess.py:106} INFO - --2024-12-09 23:56:51--  https://d37ci6vzurychx.cloudfront.net/trip-data/green_tripdata_2022-08.parquet
[2024-12-09T23:56:51.092+0000] {subprocess.py:106} INFO - Resolving d37ci6vzurychx.cloudfront.net (d37ci6vzurychx.cloudfront.net)... 18.173.251.90, 18.173.251.37, 18.173.251.156, ...
[2024-12-09T23:56:51.142+0000] {subprocess.py:106} INFO - Connecting to d37ci6vzurychx.cloudfront.net (d37ci6vzurychx.cloudfront.net)|18.173.251.90|:443... connected.
[2024-12-09T23:56:51.619+0000] {subprocess.py:106} INFO - HTTP request sent, awaiting response... 200 OK
[2024-12-09T23:56:51.620+0000] {subprocess.py:106} INFO - Length: 1346660 (1.3M) [binary/octet-stream]
[2024-12-09T23:56:51.620+0000] {subprocess.py:106} INFO - Saving to: ‘/opt/***/green_tripdata_2022-08.parquet’
[2024-12-09T23:56:51.621+0000] {subprocess.py:106} INFO - 
[2024-12-09T23:56:51.739+0000] {subprocess.py:106} INFO -      0K .......... .......... .......... .......... ..........  3%  738K 2s
[2024-12-09T23:56:51.756+0000] {subprocess.py:106} INFO -     50K .......... .......... .......... .......... ..........  7%  728K 2s
[2024-12-09T23:56:51.803+0000] {subprocess.py:106} INFO -    100K .......... .......... .......... .......... .......... 11% 1.05M 1s
[2024-12-09T23:56:51.825+0000] {subprocess.py:106} INFO -    150K .......... .......... .......... .......... .......... 15% 2.85M 1s
[2024-12-09T23:56:51.838+0000] {subprocess.py:106} INFO -    200K .......... .......... .......... .......... .......... 19% 2.67M 1s
[2024-12-09T23:56:51.857+0000] {subprocess.py:106} INFO -    250K .......... .......... .......... .......... .......... 22% 2.49M 1s
[2024-12-09T23:56:51.899+0000] {subprocess.py:106} INFO -    300K .......... .......... .......... .......... .......... 26% 1.22M 1s
[2024-12-09T23:56:51.912+0000] {subprocess.py:106} INFO -    350K .......... .......... .......... .......... .......... 30% 5.09M 1s
[2024-12-09T23:56:51.916+0000] {subprocess.py:106} INFO -    400K .......... .......... .......... .......... .......... 34% 9.34M 1s
[2024-12-09T23:56:51.919+0000] {subprocess.py:106} INFO -    450K .......... .......... .......... .......... .......... 38% 10.2M 0s
[2024-12-09T23:56:51.922+0000] {subprocess.py:106} INFO -    500K .......... .......... .......... .......... .......... 41% 92.2M 0s
[2024-12-09T23:56:51.923+0000] {subprocess.py:106} INFO -    550K .......... .......... .......... .......... .......... 45% 21.2M 0s
[2024-12-09T23:56:51.925+0000] {subprocess.py:106} INFO -    600K .......... .......... .......... .......... .......... 49% 10.8M 0s
[2024-12-09T23:56:51.941+0000] {subprocess.py:106} INFO -    650K .......... .......... .......... .......... .......... 53% 2.98M 0s
[2024-12-09T23:56:51.961+0000] {subprocess.py:106} INFO -    700K .......... .......... .......... .......... .......... 57% 2.37M 0s
[2024-12-09T23:56:51.973+0000] {subprocess.py:106} INFO -    750K .......... .......... .......... .......... .......... 60% 5.01M 0s
[2024-12-09T23:56:51.980+0000] {subprocess.py:106} INFO -    800K .......... .......... .......... .......... .......... 64% 7.77M 0s
[2024-12-09T23:56:51.981+0000] {subprocess.py:106} INFO -    850K .......... .......... .......... .......... .......... 68%  147M 0s
[2024-12-09T23:56:51.984+0000] {subprocess.py:106} INFO -    900K .......... .......... .......... .......... .......... 72% 32.3M 0s
[2024-12-09T23:56:51.989+0000] {subprocess.py:106} INFO -    950K .......... .......... .......... .......... .......... 76%  144M 0s
[2024-12-09T23:56:51.990+0000] {subprocess.py:106} INFO -   1000K .......... .......... .......... .......... .......... 79% 7.79M 0s
[2024-12-09T23:56:51.990+0000] {subprocess.py:106} INFO -   1050K .......... .......... .......... .......... .......... 83%  175M 0s
[2024-12-09T23:56:51.991+0000] {subprocess.py:106} INFO -   1100K .......... .......... .......... .......... .......... 87%  108M 0s
[2024-12-09T23:56:51.991+0000] {subprocess.py:106} INFO -   1150K .......... .......... .......... .......... .......... 91%  156M 0s
[2024-12-09T23:56:51.996+0000] {subprocess.py:106} INFO -   1200K .......... .......... .......... .......... .......... 95% 5.53M 0s
[2024-12-09T23:56:51.996+0000] {subprocess.py:106} INFO -   1250K .......... .......... .......... .......... .......... 98%  106M 0s
[2024-12-09T23:56:51.997+0000] {subprocess.py:106} INFO -   1300K .......... .....                                      100%  487M=0.4s
[2024-12-09T23:56:51.998+0000] {subprocess.py:106} INFO - 
[2024-12-09T23:56:51.999+0000] {subprocess.py:106} INFO - 2024-12-09 23:56:51 (3.41 MB/s) - ‘/opt/***/green_tripdata_2022-08.parquet’ saved [1346660/1346660]
[2024-12-09T23:56:52.000+0000] {subprocess.py:106} INFO - 
[2024-12-09T23:56:52.001+0000] {subprocess.py:110} INFO - Command exited with return code 0
[2024-12-09T23:56:52.103+0000] {taskinstance.py:340} INFO - ::group::Post task execution logs
[2024-12-09T23:56:52.105+0000] {taskinstance.py:352} INFO - Marking task as SUCCESS. dag_id=homework_dag_v2, task_id=download_dataset, run_id=scheduled__2022-08-01T00:00:00+00:00, execution_date=20220801T000000, start_date=20241209T235650, end_date=20241209T235652
[2024-12-09T23:56:52.139+0000] {local_task_job_runner.py:266} INFO - Task exited with return code 0
[2024-12-09T23:56:52.178+0000] {taskinstance.py:3895} INFO - 1 downstream tasks scheduled from follow-on schedule check
[2024-12-09T23:56:52.180+0000] {local_task_job_runner.py:245} INFO - ::endgroup::
