[2024-12-05T19:54:09.442+0000] {local_task_job_runner.py:123} INFO - ::group::Pre task execution logs
[2024-12-05T19:54:09.450+0000] {taskinstance.py:2613} INFO - Dependencies all met for dep_context=non-requeueable deps ti=<TaskInstance: LocalIngestionDag.ingest manual__2024-12-05T19:54:05.651228+00:00 [queued]>
[2024-12-05T19:54:09.454+0000] {taskinstance.py:2613} INFO - Dependencies all met for dep_context=requeueable deps ti=<TaskInstance: LocalIngestionDag.ingest manual__2024-12-05T19:54:05.651228+00:00 [queued]>
[2024-12-05T19:54:09.454+0000] {taskinstance.py:2866} INFO - Starting attempt 1 of 1
[2024-12-05T19:54:09.461+0000] {taskinstance.py:2889} INFO - Executing <Task(BashOperator): ingest> on 2024-12-05 19:54:05.651228+00:00
[2024-12-05T19:54:09.465+0000] {warnings.py:112} WARNING - /home/***/.local/lib/python3.12/site-packages/***/task/task_runner/standard_task_runner.py:70: DeprecationWarning: This process (pid=73) is multi-threaded, use of fork() may lead to deadlocks in the child.
  pid = os.fork()

[2024-12-05T19:54:09.466+0000] {standard_task_runner.py:72} INFO - Started process 74 to run task
[2024-12-05T19:54:09.467+0000] {standard_task_runner.py:104} INFO - Running: ['***', 'tasks', 'run', 'LocalIngestionDag', 'ingest', 'manual__2024-12-05T19:54:05.651228+00:00', '--job-id', '4', '--raw', '--subdir', 'DAGS_FOLDER/data_ingestion_local.py', '--cfg-path', '/tmp/tmpbxbp0uzg']
[2024-12-05T19:54:09.468+0000] {standard_task_runner.py:105} INFO - Job 4: Subtask ingest
[2024-12-05T19:54:09.540+0000] {task_command.py:467} INFO - Running <TaskInstance: LocalIngestionDag.ingest manual__2024-12-05T19:54:05.651228+00:00 [running]> on host cf87bc668ac5
[2024-12-05T19:54:09.581+0000] {taskinstance.py:3132} INFO - Exporting env vars: AIRFLOW_CTX_DAG_OWNER='***' AIRFLOW_CTX_DAG_ID='LocalIngestionDag' AIRFLOW_CTX_TASK_ID='ingest' AIRFLOW_CTX_EXECUTION_DATE='2024-12-05T19:54:05.651228+00:00' AIRFLOW_CTX_TRY_NUMBER='1' AIRFLOW_CTX_DAG_RUN_ID='manual__2024-12-05T19:54:05.651228+00:00'
[2024-12-05T19:54:09.583+0000] {taskinstance.py:731} INFO - ::endgroup::
[2024-12-05T19:54:09.615+0000] {subprocess.py:78} INFO - Tmp dir root location: /tmp
[2024-12-05T19:54:09.617+0000] {subprocess.py:88} INFO - Running command: ['/usr/bin/bash', '-c', 'ls /opt/***']
[2024-12-05T19:54:09.627+0000] {subprocess.py:99} INFO - Output:
[2024-12-05T19:54:09.630+0000] {subprocess.py:106} INFO - ***.cfg
[2024-12-05T19:54:09.631+0000] {subprocess.py:106} INFO - config
[2024-12-05T19:54:09.631+0000] {subprocess.py:106} INFO - dags
[2024-12-05T19:54:09.631+0000] {subprocess.py:106} INFO - logs
[2024-12-05T19:54:09.631+0000] {subprocess.py:106} INFO - output.parquet
[2024-12-05T19:54:09.631+0000] {subprocess.py:106} INFO - plugins
[2024-12-05T19:54:09.631+0000] {subprocess.py:106} INFO - requirements.txt
[2024-12-05T19:54:09.632+0000] {subprocess.py:106} INFO - webserver_config.py
[2024-12-05T19:54:09.632+0000] {subprocess.py:110} INFO - Command exited with return code 0
[2024-12-05T19:54:09.650+0000] {taskinstance.py:340} INFO - ::group::Post task execution logs
[2024-12-05T19:54:09.651+0000] {taskinstance.py:352} INFO - Marking task as SUCCESS. dag_id=LocalIngestionDag, task_id=ingest, run_id=manual__2024-12-05T19:54:05.651228+00:00, execution_date=20241205T195405, start_date=20241205T195409, end_date=20241205T195409
[2024-12-05T19:54:09.702+0000] {local_task_job_runner.py:266} INFO - Task exited with return code 0
[2024-12-05T19:54:09.713+0000] {taskinstance.py:3895} INFO - 0 downstream tasks scheduled from follow-on schedule check
[2024-12-05T19:54:09.714+0000] {local_task_job_runner.py:245} INFO - ::endgroup::
