[2024-12-06T17:46:09.744+0000] {local_task_job_runner.py:123} INFO - ::group::Pre task execution logs
[2024-12-06T17:46:09.758+0000] {taskinstance.py:2613} INFO - Dependencies all met for dep_context=non-requeueable deps ti=<TaskInstance: LocalIngestionDag_v02.wget scheduled__2021-02-02T06:00:00+00:00 [queued]>
[2024-12-06T17:46:09.764+0000] {taskinstance.py:2613} INFO - Dependencies all met for dep_context=requeueable deps ti=<TaskInstance: LocalIngestionDag_v02.wget scheduled__2021-02-02T06:00:00+00:00 [queued]>
[2024-12-06T17:46:09.765+0000] {taskinstance.py:2866} INFO - Starting attempt 1 of 1
[2024-12-06T17:46:09.772+0000] {taskinstance.py:2889} INFO - Executing <Task(BashOperator): wget> on 2021-02-02 06:00:00+00:00
[2024-12-06T17:46:09.779+0000] {warnings.py:112} WARNING - /home/***/.local/lib/python3.12/site-packages/***/task/task_runner/standard_task_runner.py:70: DeprecationWarning: This process (pid=2089) is multi-threaded, use of fork() may lead to deadlocks in the child.
  pid = os.fork()

[2024-12-06T17:46:09.783+0000] {standard_task_runner.py:72} INFO - Started process 2091 to run task
[2024-12-06T17:46:09.783+0000] {standard_task_runner.py:104} INFO - Running: ['***', 'tasks', 'run', 'LocalIngestionDag_v02', 'wget', 'scheduled__2021-02-02T06:00:00+00:00', '--job-id', '35', '--raw', '--subdir', 'DAGS_FOLDER/data_ingestion_local.py', '--cfg-path', '/tmp/tmppdqi9ub_']
[2024-12-06T17:46:09.792+0000] {standard_task_runner.py:105} INFO - Job 35: Subtask wget
[2024-12-06T17:46:09.822+0000] {task_command.py:467} INFO - Running <TaskInstance: LocalIngestionDag_v02.wget scheduled__2021-02-02T06:00:00+00:00 [running]> on host 39ecaeffba2c
[2024-12-06T17:46:10.405+0000] {taskinstance.py:3132} INFO - Exporting env vars: AIRFLOW_CTX_DAG_OWNER='***' AIRFLOW_CTX_DAG_ID='LocalIngestionDag_v02' AIRFLOW_CTX_TASK_ID='wget' AIRFLOW_CTX_EXECUTION_DATE='2021-02-02T06:00:00+00:00' AIRFLOW_CTX_TRY_NUMBER='1' AIRFLOW_CTX_DAG_RUN_ID='scheduled__2021-02-02T06:00:00+00:00'
[2024-12-06T17:46:10.406+0000] {taskinstance.py:731} INFO - ::endgroup::
[2024-12-06T17:46:10.417+0000] {subprocess.py:78} INFO - Tmp dir root location: /tmp
[2024-12-06T17:46:10.418+0000] {subprocess.py:88} INFO - Running command: ['/usr/bin/bash', '-c', 'wget https://d37ci6vzurychx.cloudfront.net/trip-data/yellow_tripdata_2021-02.parquet -O /opt/***/output_2021-02.parquet']
[2024-12-06T17:46:10.430+0000] {subprocess.py:99} INFO - Output:
[2024-12-06T17:46:10.446+0000] {subprocess.py:106} INFO - --2024-12-06 17:46:10--  https://d37ci6vzurychx.cloudfront.net/trip-data/yellow_tripdata_2021-02.parquet
[2024-12-06T17:46:10.543+0000] {subprocess.py:106} INFO - Resolving d37ci6vzurychx.cloudfront.net (d37ci6vzurychx.cloudfront.net)... 18.154.99.47, 18.154.99.220, 18.154.99.225, ...
[2024-12-06T17:46:10.556+0000] {subprocess.py:106} INFO - Connecting to d37ci6vzurychx.cloudfront.net (d37ci6vzurychx.cloudfront.net)|18.154.99.47|:443... connected.
[2024-12-06T17:46:10.602+0000] {subprocess.py:106} INFO - HTTP request sent, awaiting response... 200 OK
[2024-12-06T17:46:10.604+0000] {subprocess.py:106} INFO - Length: 21777258 (21M) [application/x-www-form-urlencoded]
[2024-12-06T17:46:10.605+0000] {subprocess.py:106} INFO - Saving to: ‘/opt/***/output_2021-02.parquet’
[2024-12-06T17:46:10.605+0000] {subprocess.py:106} INFO - 
[2024-12-06T17:46:10.615+0000] {subprocess.py:106} INFO -      0K .......... .......... .......... .......... ..........  0% 3.73M 6s
[2024-12-06T17:46:10.618+0000] {subprocess.py:106} INFO -     50K .......... .......... .......... .......... ..........  0% 19.5M 3s
[2024-12-06T17:46:10.625+0000] {subprocess.py:106} INFO -    100K .......... .......... .......... .......... ..........  0% 6.67M 3s
[2024-12-06T17:46:10.633+0000] {subprocess.py:106} INFO -    150K .......... .......... .......... .......... ..........  0% 6.69M 3s
[2024-12-06T17:46:10.638+0000] {subprocess.py:106} INFO -    200K .......... .......... .......... .......... ..........  1% 16.2M 3s
[2024-12-06T17:46:10.648+0000] {subprocess.py:106} INFO -    250K .......... .......... .......... .......... ..........  1% 9.88M 3s
[2024-12-06T17:46:10.654+0000] {subprocess.py:106} INFO -    300K .......... .......... .......... .......... ..........  1% 3.74M 3s
[2024-12-06T17:46:10.655+0000] {subprocess.py:106} INFO -    350K .......... .......... .......... .......... ..........  1% 74.8M 3s
[2024-12-06T17:46:10.657+0000] {subprocess.py:106} INFO -    400K .......... .......... .......... .......... ..........  2% 40.8M 2s
[2024-12-06T17:46:10.671+0000] {subprocess.py:106} INFO -    450K .......... .......... .......... .......... ..........  2%  231M 2s
[2024-12-06T17:46:10.672+0000] {subprocess.py:106} INFO -    500K .......... .......... .......... .......... ..........  2%  124M 2s
[2024-12-06T17:46:10.672+0000] {subprocess.py:106} INFO -    550K .......... .......... .......... .......... ..........  2% 3.85M 2s
[2024-12-06T17:46:10.672+0000] {subprocess.py:106} INFO -    600K .......... .......... .......... .......... ..........  3% 31.4M 2s
[2024-12-06T17:46:10.673+0000] {subprocess.py:106} INFO -    650K .......... .......... .......... .......... ..........  3%  120M 2s
[2024-12-06T17:46:10.675+0000] {subprocess.py:106} INFO -    700K .......... .......... .......... .......... ..........  3%  107M 2s
[2024-12-06T17:46:10.681+0000] {subprocess.py:106} INFO -    750K .......... .......... .......... .......... ..........  3%  173M 2s
[2024-12-06T17:46:10.693+0000] {subprocess.py:106} INFO -    800K .......... .......... .......... .......... ..........  3%  242M 2s
[2024-12-06T17:46:10.701+0000] {subprocess.py:106} INFO -    850K .......... .......... .......... .......... ..........  4%  116M 2s
[2024-12-06T17:46:10.705+0000] {subprocess.py:106} INFO -    900K .......... .......... .......... .......... ..........  4%  114M 1s
[2024-12-06T17:46:10.706+0000] {subprocess.py:106} INFO -    950K .......... .......... .......... .......... ..........  4% 64.9M 1s
[2024-12-06T17:46:10.708+0000] {subprocess.py:106} INFO -   1000K .......... .......... .......... .......... ..........  4% 7.92M 1s
[2024-12-06T17:46:10.713+0000] {subprocess.py:106} INFO -   1050K .......... .......... .......... .......... ..........  5%  107M 1s
[2024-12-06T17:46:10.714+0000] {subprocess.py:106} INFO -   1100K .......... .......... .......... .......... ..........  5% 80.6M 1s
[2024-12-06T17:46:10.717+0000] {subprocess.py:106} INFO -   1150K .......... .......... .......... .......... ..........  5% 61.8M 1s
[2024-12-06T17:46:10.723+0000] {subprocess.py:106} INFO -   1200K .......... .......... .......... .......... ..........  5% 43.7M 1s
[2024-12-06T17:46:10.726+0000] {subprocess.py:106} INFO -   1250K .......... .......... .......... .......... ..........  6% 92.9M 1s
[2024-12-06T17:46:10.730+0000] {subprocess.py:106} INFO -   1300K .......... .......... .......... .......... ..........  6% 67.2M 1s
[2024-12-06T17:46:10.730+0000] {subprocess.py:106} INFO -   1350K .......... .......... .......... .......... ..........  6% 4.30M 1s
[2024-12-06T17:46:10.731+0000] {subprocess.py:106} INFO -   1400K .......... .......... .......... .......... ..........  6%  147M 1s
[2024-12-06T17:46:10.733+0000] {subprocess.py:106} INFO -   1450K .......... .......... .......... .......... ..........  7% 34.5M 1s
[2024-12-06T17:46:10.734+0000] {subprocess.py:106} INFO -   1500K .......... .......... .......... .......... ..........  7% 59.6M 1s
[2024-12-06T17:46:10.742+0000] {subprocess.py:106} INFO -   1550K .......... .......... .......... .......... ..........  7% 57.7M 1s
[2024-12-06T17:46:10.747+0000] {subprocess.py:106} INFO -   1600K .......... .......... .......... .......... ..........  7% 72.0M 1s
[2024-12-06T17:46:10.760+0000] {subprocess.py:106} INFO -   1650K .......... .......... .......... .......... ..........  7% 84.9M 1s
[2024-12-06T17:46:10.761+0000] {subprocess.py:106} INFO -   1700K .......... .......... .......... .......... ..........  8% 91.0M 1s
[2024-12-06T17:46:10.761+0000] {subprocess.py:106} INFO -   1750K .......... .......... .......... .......... ..........  8%  168M 1s
[2024-12-06T17:46:10.762+0000] {subprocess.py:106} INFO -   1800K .......... .......... .......... .......... ..........  8% 15.4M 1s
[2024-12-06T17:46:10.763+0000] {subprocess.py:106} INFO -   1850K .......... .......... .......... .......... ..........  8% 48.5M 1s
[2024-12-06T17:46:10.764+0000] {subprocess.py:106} INFO -   1900K .......... .......... .......... .......... ..........  9% 41.6M 1s
[2024-12-06T17:46:10.764+0000] {subprocess.py:106} INFO -   1950K .......... .......... .......... .......... ..........  9% 54.9M 1s
[2024-12-06T17:46:10.766+0000] {subprocess.py:106} INFO -   2000K .......... .......... .......... .......... ..........  9% 52.2M 1s
[2024-12-06T17:46:10.767+0000] {subprocess.py:106} INFO -   2050K .......... .......... .......... .......... ..........  9% 44.5M 1s
[2024-12-06T17:46:10.768+0000] {subprocess.py:106} INFO -   2100K .......... .......... .......... .......... .......... 10% 55.2M 1s
[2024-12-06T17:46:10.770+0000] {subprocess.py:106} INFO -   2150K .......... .......... .......... .......... .......... 10% 95.7M 1s
[2024-12-06T17:46:10.771+0000] {subprocess.py:106} INFO -   2200K .......... .......... .......... .......... .......... 10% 57.1M 1s
[2024-12-06T17:46:10.771+0000] {subprocess.py:106} INFO -   2250K .......... .......... .......... .......... .......... 10% 55.2M 1s
[2024-12-06T17:46:10.772+0000] {subprocess.py:106} INFO -   2300K .......... .......... .......... .......... .......... 11% 55.0M 1s
[2024-12-06T17:46:10.772+0000] {subprocess.py:106} INFO -   2350K .......... .......... .......... .......... .......... 11% 56.8M 1s
[2024-12-06T17:46:10.772+0000] {subprocess.py:106} INFO -   2400K .......... .......... .......... .......... .......... 11%  214M 1s
[2024-12-06T17:46:10.773+0000] {subprocess.py:106} INFO -   2450K .......... .......... .......... .......... .......... 11% 74.2M 1s
[2024-12-06T17:46:10.773+0000] {subprocess.py:106} INFO -   2500K .......... .......... .......... .......... .......... 11% 78.4M 1s
[2024-12-06T17:46:10.774+0000] {subprocess.py:106} INFO -   2550K .......... .......... .......... .......... .......... 12% 51.0M 1s
[2024-12-06T17:46:10.774+0000] {subprocess.py:106} INFO -   2600K .......... .......... .......... .......... .......... 12% 72.5M 1s
[2024-12-06T17:46:10.774+0000] {subprocess.py:106} INFO -   2650K .......... .......... .......... .......... .......... 12% 50.2M 1s
[2024-12-06T17:46:10.775+0000] {subprocess.py:106} INFO -   2700K .......... .......... .......... .......... .......... 12% 42.2M 1s
[2024-12-06T17:46:10.775+0000] {subprocess.py:106} INFO -   2750K .......... .......... .......... .......... .......... 13% 79.9M 1s
[2024-12-06T17:46:10.776+0000] {subprocess.py:106} INFO -   2800K .......... .......... .......... .......... .......... 13% 12.9M 1s
[2024-12-06T17:46:10.777+0000] {subprocess.py:106} INFO -   2850K .......... .......... .......... .......... .......... 13% 32.0M 1s
[2024-12-06T17:46:10.778+0000] {subprocess.py:106} INFO -   2900K .......... .......... .......... .......... .......... 13% 72.2M 1s
[2024-12-06T17:46:10.779+0000] {subprocess.py:106} INFO -   2950K .......... .......... .......... .......... .......... 14% 83.1M 1s
[2024-12-06T17:46:10.779+0000] {subprocess.py:106} INFO -   3000K .......... .......... .......... .......... .......... 14% 57.4M 1s
[2024-12-06T17:46:10.780+0000] {subprocess.py:106} INFO -   3050K .......... .......... .......... .......... .......... 14% 12.8M 1s
[2024-12-06T17:46:10.780+0000] {subprocess.py:106} INFO -   3100K .......... .......... .......... .......... .......... 14% 26.4M 1s
[2024-12-06T17:46:10.781+0000] {subprocess.py:106} INFO -   3150K .......... .......... .......... .......... .......... 15% 19.1M 1s
[2024-12-06T17:46:10.782+0000] {subprocess.py:106} INFO -   3200K .......... .......... .......... .......... .......... 15% 11.7M 1s
[2024-12-06T17:46:10.782+0000] {subprocess.py:106} INFO -   3250K .......... .......... .......... .......... .......... 15% 40.3M 1s
[2024-12-06T17:46:10.783+0000] {subprocess.py:106} INFO -   3300K .......... .......... .......... .......... .......... 15% 14.8M 1s
[2024-12-06T17:46:10.785+0000] {subprocess.py:106} INFO -   3350K .......... .......... .......... .......... .......... 15% 20.8M 1s
[2024-12-06T17:46:10.786+0000] {subprocess.py:106} INFO -   3400K .......... .......... .......... .......... .......... 16%  111M 1s
[2024-12-06T17:46:10.787+0000] {subprocess.py:106} INFO -   3450K .......... .......... .......... .......... .......... 16% 10.7M 1s
[2024-12-06T17:46:10.788+0000] {subprocess.py:106} INFO -   3500K .......... .......... .......... .......... .......... 16% 7.26M 1s
[2024-12-06T17:46:10.788+0000] {subprocess.py:106} INFO -   3550K .......... .......... .......... .......... .......... 16% 27.1M 1s
[2024-12-06T17:46:10.789+0000] {subprocess.py:106} INFO -   3600K .......... .......... .......... .......... .......... 17%  188M 1s
[2024-12-06T17:46:10.790+0000] {subprocess.py:106} INFO -   3650K .......... .......... .......... .......... .......... 17% 47.6M 1s
[2024-12-06T17:46:10.791+0000] {subprocess.py:106} INFO -   3700K .......... .......... .......... .......... .......... 17% 70.9M 1s
[2024-12-06T17:46:10.794+0000] {subprocess.py:106} INFO -   3750K .......... .......... .......... .......... .......... 17%  184M 1s
[2024-12-06T17:46:10.805+0000] {subprocess.py:106} INFO -   3800K .......... .......... .......... .......... .......... 18%  225M 1s
[2024-12-06T17:46:10.808+0000] {subprocess.py:106} INFO -   3850K .......... .......... .......... .......... .......... 18%  153M 1s
[2024-12-06T17:46:10.810+0000] {subprocess.py:106} INFO -   3900K .......... .......... .......... .......... .......... 18% 72.2M 1s
[2024-12-06T17:46:10.811+0000] {subprocess.py:106} INFO -   3950K .......... .......... .......... .......... .......... 18%  144M 1s
[2024-12-06T17:46:10.812+0000] {subprocess.py:106} INFO -   4000K .......... .......... .......... .......... .......... 19%  267M 1s
[2024-12-06T17:46:10.812+0000] {subprocess.py:106} INFO -   4050K .......... .......... .......... .......... .......... 19% 4.94M 1s
[2024-12-06T17:46:10.813+0000] {subprocess.py:106} INFO -   4100K .......... .......... .......... .......... .......... 19% 4.31M 1s
[2024-12-06T17:46:10.813+0000] {subprocess.py:106} INFO -   4150K .......... .......... .......... .......... .......... 19% 10.7M 1s
[2024-12-06T17:46:10.815+0000] {subprocess.py:106} INFO -   4200K .......... .......... .......... .......... .......... 19%  228M 1s
[2024-12-06T17:46:10.818+0000] {subprocess.py:106} INFO -   4250K .......... .......... .......... .......... .......... 20% 99.7M 1s
[2024-12-06T17:46:10.819+0000] {subprocess.py:106} INFO -   4300K .......... .......... .......... .......... .......... 20%  254M 1s
[2024-12-06T17:46:10.820+0000] {subprocess.py:106} INFO -   4350K .......... .......... .......... .......... .......... 20%  261M 1s
[2024-12-06T17:46:10.822+0000] {subprocess.py:106} INFO -   4400K .......... .......... .......... .......... .......... 20%  257M 1s
[2024-12-06T17:46:10.823+0000] {subprocess.py:106} INFO -   4450K .......... .......... .......... .......... .......... 21%  209M 1s
[2024-12-06T17:46:10.828+0000] {subprocess.py:106} INFO -   4500K .......... .......... .......... .......... .......... 21%  180M 1s
[2024-12-06T17:46:10.830+0000] {subprocess.py:106} INFO -   4550K .......... .......... .......... .......... .......... 21%  123M 1s
[2024-12-06T17:46:10.834+0000] {subprocess.py:106} INFO -   4600K .......... .......... .......... .......... .......... 21% 74.7M 1s
[2024-12-06T17:46:10.837+0000] {subprocess.py:106} INFO -   4650K .......... .......... .......... .......... .......... 22%  146M 1s
[2024-12-06T17:46:10.838+0000] {subprocess.py:106} INFO -   4700K .......... .......... .......... .......... .......... 22%  120M 1s
[2024-12-06T17:46:10.839+0000] {subprocess.py:106} INFO -   4750K .......... .......... .......... .......... .......... 22%  126M 1s
[2024-12-06T17:46:10.839+0000] {subprocess.py:106} INFO -   4800K .......... .......... .......... .......... .......... 22%  131M 1s
[2024-12-06T17:46:10.840+0000] {subprocess.py:106} INFO -   4850K .......... .......... .......... .......... .......... 23%  117M 1s
[2024-12-06T17:46:10.842+0000] {subprocess.py:106} INFO -   4900K .......... .......... .......... .......... .......... 23%  107M 1s
[2024-12-06T17:46:10.843+0000] {subprocess.py:106} INFO -   4950K .......... .......... .......... .......... .......... 23%  138M 1s
[2024-12-06T17:46:10.844+0000] {subprocess.py:106} INFO -   5000K .......... .......... .......... .......... .......... 23%  112M 1s
[2024-12-06T17:46:10.850+0000] {subprocess.py:106} INFO -   5050K .......... .......... .......... .......... .......... 23%  144M 1s
[2024-12-06T17:46:10.854+0000] {subprocess.py:106} INFO -   5100K .......... .......... .......... .......... .......... 24%  123M 1s
[2024-12-06T17:46:10.855+0000] {subprocess.py:106} INFO -   5150K .......... .......... .......... .......... .......... 24%  161M 1s
[2024-12-06T17:46:10.866+0000] {subprocess.py:106} INFO -   5200K .......... .......... .......... .......... .......... 24%  195M 1s
[2024-12-06T17:46:10.869+0000] {subprocess.py:106} INFO -   5250K .......... .......... .......... .......... .......... 24%  119M 1s
[2024-12-06T17:46:10.872+0000] {subprocess.py:106} INFO -   5300K .......... .......... .......... .......... .......... 25% 77.9M 1s
[2024-12-06T17:46:10.876+0000] {subprocess.py:106} INFO -   5350K .......... .......... .......... .......... .......... 25% 97.3M 1s
[2024-12-06T17:46:10.876+0000] {subprocess.py:106} INFO -   5400K .......... .......... .......... .......... .......... 25% 7.27M 1s
[2024-12-06T17:46:10.877+0000] {subprocess.py:106} INFO -   5450K .......... .......... .......... .......... .......... 25% 93.9M 1s
[2024-12-06T17:46:10.878+0000] {subprocess.py:106} INFO -   5500K .......... .......... .......... .......... .......... 26% 70.5M 1s
[2024-12-06T17:46:10.881+0000] {subprocess.py:106} INFO -   5550K .......... .......... .......... .......... .......... 26% 77.4M 1s
[2024-12-06T17:46:10.882+0000] {subprocess.py:106} INFO -   5600K .......... .......... .......... .......... .......... 26%  231M 1s
[2024-12-06T17:46:10.883+0000] {subprocess.py:106} INFO -   5650K .......... .......... .......... .......... .......... 26%  240M 1s
[2024-12-06T17:46:10.884+0000] {subprocess.py:106} INFO -   5700K .......... .......... .......... .......... .......... 27% 81.4M 1s
[2024-12-06T17:46:10.887+0000] {subprocess.py:106} INFO -   5750K .......... .......... .......... .......... .......... 27% 68.3M 1s
[2024-12-06T17:46:10.890+0000] {subprocess.py:106} INFO -   5800K .......... .......... .......... .......... .......... 27% 73.8M 1s
[2024-12-06T17:46:10.894+0000] {subprocess.py:106} INFO -   5850K .......... .......... .......... .......... .......... 27% 40.2M 1s
[2024-12-06T17:46:10.895+0000] {subprocess.py:106} INFO -   5900K .......... .......... .......... .......... .......... 27%  202M 1s
[2024-12-06T17:46:10.896+0000] {subprocess.py:106} INFO -   5950K .......... .......... .......... .......... .......... 28% 57.5M 1s
[2024-12-06T17:46:10.896+0000] {subprocess.py:106} INFO -   6000K .......... .......... .......... .......... .......... 28%  226M 1s
[2024-12-06T17:46:10.897+0000] {subprocess.py:106} INFO -   6050K .......... .......... .......... .......... .......... 28%  205M 1s
[2024-12-06T17:46:10.897+0000] {subprocess.py:106} INFO -   6100K .......... .......... .......... .......... .......... 28%  261M 1s
[2024-12-06T17:46:10.898+0000] {subprocess.py:106} INFO -   6150K .......... .......... .......... .......... .......... 29% 56.2M 1s
[2024-12-06T17:46:10.898+0000] {subprocess.py:106} INFO -   6200K .......... .......... .......... .......... .......... 29%  271M 1s
[2024-12-06T17:46:10.899+0000] {subprocess.py:106} INFO -   6250K .......... .......... .......... .......... .......... 29%  214M 1s
[2024-12-06T17:46:10.900+0000] {subprocess.py:106} INFO -   6300K .......... .......... .......... .......... .......... 29%  272M 0s
[2024-12-06T17:46:10.900+0000] {subprocess.py:106} INFO -   6350K .......... .......... .......... .......... .......... 30%  282M 0s
[2024-12-06T17:46:10.901+0000] {subprocess.py:106} INFO -   6400K .......... .......... .......... .......... .......... 30%  280M 0s
[2024-12-06T17:46:10.901+0000] {subprocess.py:106} INFO -   6450K .......... .......... .......... .......... .......... 30%  270M 0s
[2024-12-06T17:46:10.902+0000] {subprocess.py:106} INFO -   6500K .......... .......... .......... .......... .......... 30%  282M 0s
[2024-12-06T17:46:10.902+0000] {subprocess.py:106} INFO -   6550K .......... .......... .......... .......... .......... 31%  299M 0s
[2024-12-06T17:46:10.903+0000] {subprocess.py:106} INFO -   6600K .......... .......... .......... .......... .......... 31%  303M 0s
[2024-12-06T17:46:10.904+0000] {subprocess.py:106} INFO -   6650K .......... .......... .......... .......... .......... 31%  228M 0s
[2024-12-06T17:46:10.904+0000] {subprocess.py:106} INFO -   6700K .......... .......... .......... .......... .......... 31%  275M 0s
[2024-12-06T17:46:10.905+0000] {subprocess.py:106} INFO -   6750K .......... .......... .......... .......... .......... 31%  274M 0s
[2024-12-06T17:46:10.906+0000] {subprocess.py:106} INFO -   6800K .......... .......... .......... .......... .......... 32%  231M 0s
[2024-12-06T17:46:10.906+0000] {subprocess.py:106} INFO -   6850K .......... .......... .......... .......... .......... 32%  314M 0s
[2024-12-06T17:46:10.907+0000] {subprocess.py:106} INFO -   6900K .......... .......... .......... .......... .......... 32%  343M 0s
[2024-12-06T17:46:10.908+0000] {subprocess.py:106} INFO -   6950K .......... .......... .......... .......... .......... 32%  316M 0s
[2024-12-06T17:46:10.909+0000] {subprocess.py:106} INFO -   7000K .......... .......... .......... .......... .......... 33%  317M 0s
[2024-12-06T17:46:10.910+0000] {subprocess.py:106} INFO -   7050K .......... .......... .......... .......... .......... 33%  230M 0s
[2024-12-06T17:46:10.912+0000] {subprocess.py:106} INFO -   7100K .......... .......... .......... .......... .......... 33%  181M 0s
[2024-12-06T17:46:10.912+0000] {subprocess.py:106} INFO -   7150K .......... .......... .......... .......... .......... 33%  300M 0s
[2024-12-06T17:46:10.913+0000] {subprocess.py:106} INFO -   7200K .......... .......... .......... .......... .......... 34% 82.0M 0s
[2024-12-06T17:46:10.917+0000] {subprocess.py:106} INFO -   7250K .......... .......... .......... .......... .......... 34%  241M 0s
[2024-12-06T17:46:10.922+0000] {subprocess.py:106} INFO -   7300K .......... .......... .......... .......... .......... 34%  325M 0s
[2024-12-06T17:46:11.142+0000] {subprocess.py:106} INFO -   7350K .......... .......... .......... .......... .......... 34%  194M 0s
[2024-12-06T17:46:11.333+0000] {subprocess.py:106} INFO -   7400K .......... .......... .......... .......... .......... 35%  314M 0s
[2024-12-06T17:46:11.391+0000] {subprocess.py:106} INFO -   7450K .......... .......... .......... .......... .......... 35%  262M 0s
[2024-12-06T17:46:11.397+0000] {subprocess.py:106} INFO -   7500K .......... .......... .......... .......... .......... 35%  145M 0s
[2024-12-06T17:46:11.403+0000] {subprocess.py:106} INFO -   7550K .......... .......... .......... .......... .......... 35%  235M 0s
[2024-12-06T17:46:11.404+0000] {subprocess.py:106} INFO -   7600K .......... .......... .......... .......... .......... 35% 60.0M 0s
[2024-12-06T17:46:11.407+0000] {subprocess.py:106} INFO -   7650K .......... .......... .......... .......... .......... 36% 18.7M 0s
[2024-12-06T17:46:11.408+0000] {subprocess.py:106} INFO -   7700K .......... .......... .......... .......... .......... 36% 47.6M 0s
[2024-12-06T17:46:11.409+0000] {subprocess.py:106} INFO -   7750K .......... .......... .......... .......... .......... 36% 11.7M 0s
[2024-12-06T17:46:11.409+0000] {subprocess.py:106} INFO -   7800K .......... .......... .......... .......... .......... 36% 42.5M 0s
[2024-12-06T17:46:11.410+0000] {subprocess.py:106} INFO -   7850K .......... .......... .......... .......... .......... 37% 61.0M 0s
[2024-12-06T17:46:11.411+0000] {subprocess.py:106} INFO -   7900K .......... .......... .......... .......... .......... 37% 38.8M 0s
[2024-12-06T17:46:11.413+0000] {subprocess.py:106} INFO -   7950K .......... .......... .......... .......... .......... 37%  248M 0s
[2024-12-06T17:46:11.413+0000] {subprocess.py:106} INFO -   8000K .......... .......... .......... .......... .......... 37%  220M 0s
[2024-12-06T17:46:11.413+0000] {subprocess.py:106} INFO -   8050K .......... .......... .......... .......... .......... 38%  236M 0s
[2024-12-06T17:46:11.415+0000] {subprocess.py:106} INFO -   8100K .......... .......... .......... .......... .......... 38% 80.5M 0s
[2024-12-06T17:46:11.416+0000] {subprocess.py:106} INFO -   8150K .......... .......... .......... .......... .......... 38% 29.9M 0s
[2024-12-06T17:46:11.417+0000] {subprocess.py:106} INFO -   8200K .......... .......... .......... .......... .......... 38% 57.6M 0s
[2024-12-06T17:46:11.419+0000] {subprocess.py:106} INFO -   8250K .......... .......... .......... .......... .......... 39% 26.7M 0s
[2024-12-06T17:46:11.423+0000] {subprocess.py:106} INFO -   8300K .......... .......... .......... .......... .......... 39% 17.7M 0s
[2024-12-06T17:46:11.426+0000] {subprocess.py:106} INFO -   8350K .......... .......... .......... .......... .......... 39%  169M 0s
[2024-12-06T17:46:11.427+0000] {subprocess.py:106} INFO -   8400K .......... .......... .......... .......... .......... 39%  157M 0s
[2024-12-06T17:46:11.429+0000] {subprocess.py:106} INFO -   8450K .......... .......... .......... .......... .......... 39%  187M 0s
[2024-12-06T17:46:11.431+0000] {subprocess.py:106} INFO -   8500K .......... .......... .......... .......... .......... 40%  243M 0s
[2024-12-06T17:46:11.433+0000] {subprocess.py:106} INFO -   8550K .......... .......... .......... .......... .......... 40%  265M 0s
[2024-12-06T17:46:11.435+0000] {subprocess.py:106} INFO -   8600K .......... .......... .......... .......... .......... 40%  217M 0s
[2024-12-06T17:46:11.436+0000] {subprocess.py:106} INFO -   8650K .......... .......... .......... .......... .......... 40%  182M 0s
[2024-12-06T17:46:11.438+0000] {subprocess.py:106} INFO -   8700K .......... .......... .......... .......... .......... 41% 76.7M 0s
[2024-12-06T17:46:11.442+0000] {subprocess.py:106} INFO -   8750K .......... .......... .......... .......... .......... 41%  137M 0s
[2024-12-06T17:46:11.444+0000] {subprocess.py:106} INFO -   8800K .......... .......... .......... .......... .......... 41%  123M 0s
[2024-12-06T17:46:11.446+0000] {subprocess.py:106} INFO -   8850K .......... .......... .......... .......... .......... 41%  107M 0s
[2024-12-06T17:46:11.448+0000] {subprocess.py:106} INFO -   8900K .......... .......... .......... .......... .......... 42%  135M 0s
[2024-12-06T17:46:11.449+0000] {subprocess.py:106} INFO -   8950K .......... .......... .......... .......... .......... 42%  201M 0s
[2024-12-06T17:46:11.451+0000] {subprocess.py:106} INFO -   9000K .......... .......... .......... .......... .......... 42% 66.7M 0s
[2024-12-06T17:46:11.451+0000] {subprocess.py:106} INFO -   9050K .......... .......... .......... .......... .......... 42% 32.5M 0s
[2024-12-06T17:46:11.453+0000] {subprocess.py:106} INFO -   9100K .......... .......... .......... .......... .......... 43% 6.87M 0s
[2024-12-06T17:46:11.456+0000] {subprocess.py:106} INFO -   9150K .......... .......... .......... .......... .......... 43% 50.0M 0s
[2024-12-06T17:46:11.458+0000] {subprocess.py:106} INFO -   9200K .......... .......... .......... .......... .......... 43% 81.6M 0s
[2024-12-06T17:46:11.459+0000] {subprocess.py:106} INFO -   9250K .......... .......... .......... .......... .......... 43% 40.9M 0s
[2024-12-06T17:46:11.460+0000] {subprocess.py:106} INFO -   9300K .......... .......... .......... .......... .......... 43% 12.9M 0s
[2024-12-06T17:46:11.462+0000] {subprocess.py:106} INFO -   9350K .......... .......... .......... .......... .......... 44%  157M 0s
[2024-12-06T17:46:11.462+0000] {subprocess.py:106} INFO -   9400K .......... .......... .......... .......... .......... 44% 7.55M 0s
[2024-12-06T17:46:11.465+0000] {subprocess.py:106} INFO -   9450K .......... .......... .......... .......... .......... 44% 26.6M 0s
[2024-12-06T17:46:11.468+0000] {subprocess.py:106} INFO -   9500K .......... .......... .......... .......... .......... 44%  117M 0s
[2024-12-06T17:46:11.468+0000] {subprocess.py:106} INFO -   9550K .......... .......... .......... .......... .......... 45% 73.4M 0s
[2024-12-06T17:46:11.469+0000] {subprocess.py:106} INFO -   9600K .......... .......... .......... .......... .......... 45%  215M 0s
[2024-12-06T17:46:11.470+0000] {subprocess.py:106} INFO -   9650K .......... .......... .......... .......... .......... 45%  151M 0s
[2024-12-06T17:46:11.470+0000] {subprocess.py:106} INFO -   9700K .......... .......... .......... .......... .......... 45% 63.4M 0s
[2024-12-06T17:46:11.471+0000] {subprocess.py:106} INFO -   9750K .......... .......... .......... .......... .......... 46% 55.9M 0s
[2024-12-06T17:46:11.472+0000] {subprocess.py:106} INFO -   9800K .......... .......... .......... .......... .......... 46%  145M 0s
[2024-12-06T17:46:11.475+0000] {subprocess.py:106} INFO -   9850K .......... .......... .......... .......... .......... 46%  126M 0s
[2024-12-06T17:46:11.476+0000] {subprocess.py:106} INFO -   9900K .......... .......... .......... .......... .......... 46%  162M 0s
[2024-12-06T17:46:11.479+0000] {subprocess.py:106} INFO -   9950K .......... .......... .......... .......... .......... 47% 66.8M 0s
[2024-12-06T17:46:11.479+0000] {subprocess.py:106} INFO -  10000K .......... .......... .......... .......... .......... 47%  116M 0s
[2024-12-06T17:46:11.480+0000] {subprocess.py:106} INFO -  10050K .......... .......... .......... .......... .......... 47%  109M 0s
[2024-12-06T17:46:11.481+0000] {subprocess.py:106} INFO -  10100K .......... .......... .......... .......... .......... 47% 56.2M 0s
[2024-12-06T17:46:11.482+0000] {subprocess.py:106} INFO -  10150K .......... .......... .......... .......... .......... 47% 55.5M 0s
[2024-12-06T17:46:11.483+0000] {subprocess.py:106} INFO -  10200K .......... .......... .......... .......... .......... 48% 51.2M 0s
[2024-12-06T17:46:11.484+0000] {subprocess.py:106} INFO -  10250K .......... .......... .......... .......... .......... 48% 85.1M 0s
[2024-12-06T17:46:11.484+0000] {subprocess.py:106} INFO -  10300K .......... .......... .......... .......... .......... 48%  189M 0s
[2024-12-06T17:46:11.485+0000] {subprocess.py:106} INFO -  10350K .......... .......... .......... .......... .......... 48%  203M 0s
[2024-12-06T17:46:11.486+0000] {subprocess.py:106} INFO -  10400K .......... .......... .......... .......... .......... 49%  152M 0s
[2024-12-06T17:46:11.487+0000] {subprocess.py:106} INFO -  10450K .......... .......... .......... .......... .......... 49%  131M 0s
[2024-12-06T17:46:11.488+0000] {subprocess.py:106} INFO -  10500K .......... .......... .......... .......... .......... 49%  111M 0s
[2024-12-06T17:46:11.489+0000] {subprocess.py:106} INFO -  10550K .......... .......... .......... .......... .......... 49%  101M 0s
[2024-12-06T17:46:11.490+0000] {subprocess.py:106} INFO -  10600K .......... .......... .......... .......... .......... 50% 97.8M 0s
[2024-12-06T17:46:11.491+0000] {subprocess.py:106} INFO -  10650K .......... .......... .......... .......... .......... 50%  213M 0s
[2024-12-06T17:46:11.494+0000] {subprocess.py:106} INFO -  10700K .......... .......... .......... .......... .......... 50%  124M 0s
[2024-12-06T17:46:11.495+0000] {subprocess.py:106} INFO -  10750K .......... .......... .......... .......... .......... 50%  112M 0s
[2024-12-06T17:46:11.496+0000] {subprocess.py:106} INFO -  10800K .......... .......... .......... .......... .......... 51% 86.3M 0s
[2024-12-06T17:46:11.499+0000] {subprocess.py:106} INFO -  10850K .......... .......... .......... .......... .......... 51%  231M 0s
[2024-12-06T17:46:11.503+0000] {subprocess.py:106} INFO -  10900K .......... .......... .......... .......... .......... 51%  180M 0s
[2024-12-06T17:46:11.507+0000] {subprocess.py:106} INFO -  10950K .......... .......... .......... .......... .......... 51% 97.2M 0s
[2024-12-06T17:46:11.512+0000] {subprocess.py:106} INFO -  11000K .......... .......... .......... .......... .......... 51%  243M 0s
[2024-12-06T17:46:11.513+0000] {subprocess.py:106} INFO -  11050K .......... .......... .......... .......... .......... 52%  206M 0s
[2024-12-06T17:46:11.516+0000] {subprocess.py:106} INFO -  11100K .......... .......... .......... .......... .......... 52%  163M 0s
[2024-12-06T17:46:11.518+0000] {subprocess.py:106} INFO -  11150K .......... .......... .......... .......... .......... 52% 29.9M 0s
[2024-12-06T17:46:11.519+0000] {subprocess.py:106} INFO -  11200K .......... .......... .......... .......... .......... 52%  201M 0s
[2024-12-06T17:46:11.522+0000] {subprocess.py:106} INFO -  11250K .......... .......... .......... .......... .......... 53%  252M 0s
[2024-12-06T17:46:11.525+0000] {subprocess.py:106} INFO -  11300K .......... .......... .......... .......... .......... 53% 50.9M 0s
[2024-12-06T17:46:11.527+0000] {subprocess.py:106} INFO -  11350K .......... .......... .......... .......... .......... 53% 76.5M 0s
[2024-12-06T17:46:11.529+0000] {subprocess.py:106} INFO -  11400K .......... .......... .......... .......... .......... 53% 66.2M 0s
[2024-12-06T17:46:11.530+0000] {subprocess.py:106} INFO -  11450K .......... .......... .......... .......... .......... 54%  221M 0s
[2024-12-06T17:46:11.533+0000] {subprocess.py:106} INFO -  11500K .......... .......... .......... .......... .......... 54%  143M 0s
[2024-12-06T17:46:11.534+0000] {subprocess.py:106} INFO -  11550K .......... .......... .......... .......... .......... 54%  213M 0s
[2024-12-06T17:46:11.536+0000] {subprocess.py:106} INFO -  11600K .......... .......... .......... .......... .......... 54%  217M 0s
[2024-12-06T17:46:11.537+0000] {subprocess.py:106} INFO -  11650K .......... .......... .......... .......... .......... 55%  203M 0s
[2024-12-06T17:46:11.538+0000] {subprocess.py:106} INFO -  11700K .......... .......... .......... .......... .......... 55%  174M 0s
[2024-12-06T17:46:11.539+0000] {subprocess.py:106} INFO -  11750K .......... .......... .......... .......... .......... 55% 59.8M 0s
[2024-12-06T17:46:11.541+0000] {subprocess.py:106} INFO -  11800K .......... .......... .......... .......... .......... 55%  228M 0s
[2024-12-06T17:46:11.542+0000] {subprocess.py:106} INFO -  11850K .......... .......... .......... .......... .......... 55%  169M 0s
[2024-12-06T17:46:11.544+0000] {subprocess.py:106} INFO -  11900K .......... .......... .......... .......... .......... 56% 89.9M 0s
[2024-12-06T17:46:11.545+0000] {subprocess.py:106} INFO -  11950K .......... .......... .......... .......... .......... 56%  221M 0s
[2024-12-06T17:46:11.546+0000] {subprocess.py:106} INFO -  12000K .......... .......... .......... .......... .......... 56% 31.5M 0s
[2024-12-06T17:46:11.546+0000] {subprocess.py:106} INFO -  12050K .......... .......... .......... .......... .......... 56% 75.2M 0s
[2024-12-06T17:46:11.547+0000] {subprocess.py:106} INFO -  12100K .......... .......... .......... .......... .......... 57% 64.7M 0s
[2024-12-06T17:46:11.547+0000] {subprocess.py:106} INFO -  12150K .......... .......... .......... .......... .......... 57%  125M 0s
[2024-12-06T17:46:11.548+0000] {subprocess.py:106} INFO -  12200K .......... .......... .......... .......... .......... 57% 75.4M 0s
[2024-12-06T17:46:11.548+0000] {subprocess.py:106} INFO -  12250K .......... .......... .......... .......... .......... 57%  205M 0s
[2024-12-06T17:46:11.549+0000] {subprocess.py:106} INFO -  12300K .......... .......... .......... .......... .......... 58%  102M 0s
[2024-12-06T17:46:11.550+0000] {subprocess.py:106} INFO -  12350K .......... .......... .......... .......... .......... 58% 87.5M 0s
[2024-12-06T17:46:11.550+0000] {subprocess.py:106} INFO -  12400K .......... .......... .......... .......... .......... 58% 94.9M 0s
[2024-12-06T17:46:11.550+0000] {subprocess.py:106} INFO -  12450K .......... .......... .......... .......... .......... 58%  115M 0s
[2024-12-06T17:46:11.551+0000] {subprocess.py:106} INFO -  12500K .......... .......... .......... .......... .......... 59% 83.3M 0s
[2024-12-06T17:46:11.551+0000] {subprocess.py:106} INFO -  12550K .......... .......... .......... .......... .......... 59% 86.3M 0s
[2024-12-06T17:46:11.552+0000] {subprocess.py:106} INFO -  12600K .......... .......... .......... .......... .......... 59% 73.6M 0s
[2024-12-06T17:46:11.552+0000] {subprocess.py:106} INFO -  12650K .......... .......... .......... .......... .......... 59% 54.7M 0s
[2024-12-06T17:46:11.552+0000] {subprocess.py:106} INFO -  12700K .......... .......... .......... .......... .......... 59%  121M 0s
[2024-12-06T17:46:11.553+0000] {subprocess.py:106} INFO -  12750K .......... .......... .......... .......... .......... 60%  271M 0s
[2024-12-06T17:46:11.554+0000] {subprocess.py:106} INFO -  12800K .......... .......... .......... .......... .......... 60%  112M 0s
[2024-12-06T17:46:11.554+0000] {subprocess.py:106} INFO -  12850K .......... .......... .......... .......... .......... 60%  105M 0s
[2024-12-06T17:46:11.554+0000] {subprocess.py:106} INFO -  12900K .......... .......... .......... .......... .......... 60%  154M 0s
[2024-12-06T17:46:11.555+0000] {subprocess.py:106} INFO -  12950K .......... .......... .......... .......... .......... 61%  130M 0s
[2024-12-06T17:46:11.555+0000] {subprocess.py:106} INFO -  13000K .......... .......... .......... .......... .......... 61%  113M 0s
[2024-12-06T17:46:11.555+0000] {subprocess.py:106} INFO -  13050K .......... .......... .......... .......... .......... 61% 72.5M 0s
[2024-12-06T17:46:11.556+0000] {subprocess.py:106} INFO -  13100K .......... .......... .......... .......... .......... 61%  255M 0s
[2024-12-06T17:46:11.556+0000] {subprocess.py:106} INFO -  13150K .......... .......... .......... .......... .......... 62%  158M 0s
[2024-12-06T17:46:11.559+0000] {subprocess.py:106} INFO -  13200K .......... .......... .......... .......... .......... 62%  189M 0s
[2024-12-06T17:46:11.560+0000] {subprocess.py:106} INFO -  13250K .......... .......... .......... .......... .......... 62% 91.1M 0s
[2024-12-06T17:46:11.560+0000] {subprocess.py:106} INFO -  13300K .......... .......... .......... .......... .......... 62% 38.0M 0s
[2024-12-06T17:46:11.560+0000] {subprocess.py:106} INFO -  13350K .......... .......... .......... .......... .......... 63% 88.2M 0s
[2024-12-06T17:46:11.561+0000] {subprocess.py:106} INFO -  13400K .......... .......... .......... .......... .......... 63% 80.9M 0s
[2024-12-06T17:46:11.561+0000] {subprocess.py:106} INFO -  13450K .......... .......... .......... .......... .......... 63% 53.0M 0s
[2024-12-06T17:46:11.562+0000] {subprocess.py:106} INFO -  13500K .......... .......... .......... .......... .......... 63%  216M 0s
[2024-12-06T17:46:11.563+0000] {subprocess.py:106} INFO -  13550K .......... .......... .......... .......... .......... 63% 93.2M 0s
[2024-12-06T17:46:11.563+0000] {subprocess.py:106} INFO -  13600K .......... .......... .......... .......... .......... 64%  244M 0s
[2024-12-06T17:46:11.563+0000] {subprocess.py:106} INFO -  13650K .......... .......... .......... .......... .......... 64%  151M 0s
[2024-12-06T17:46:11.563+0000] {subprocess.py:106} INFO -  13700K .......... .......... .......... .......... .......... 64% 67.4M 0s
[2024-12-06T17:46:11.564+0000] {subprocess.py:106} INFO -  13750K .......... .......... .......... .......... .......... 64%  149M 0s
[2024-12-06T17:46:11.564+0000] {subprocess.py:106} INFO -  13800K .......... .......... .......... .......... .......... 65% 40.1M 0s
[2024-12-06T17:46:11.564+0000] {subprocess.py:106} INFO -  13850K .......... .......... .......... .......... .......... 65% 97.3M 0s
[2024-12-06T17:46:11.567+0000] {subprocess.py:106} INFO -  13900K .......... .......... .......... .......... .......... 65% 41.4M 0s
[2024-12-06T17:46:11.567+0000] {subprocess.py:106} INFO -  13950K .......... .......... .......... .......... .......... 65% 99.2M 0s
[2024-12-06T17:46:11.568+0000] {subprocess.py:106} INFO -  14000K .......... .......... .......... .......... .......... 66% 93.4M 0s
[2024-12-06T17:46:11.568+0000] {subprocess.py:106} INFO -  14050K .......... .......... .......... .......... .......... 66% 7.58M 0s
[2024-12-06T17:46:11.568+0000] {subprocess.py:106} INFO -  14100K .......... .......... .......... .......... .......... 66%  223K 0s
[2024-12-06T17:46:11.569+0000] {subprocess.py:106} INFO -  14150K .......... .......... .......... .......... .......... 66%  220K 0s
[2024-12-06T17:46:11.570+0000] {subprocess.py:106} INFO -  14200K .......... .......... .......... .......... .......... 67% 52.3M 0s
[2024-12-06T17:46:11.571+0000] {subprocess.py:106} INFO -  14250K .......... .......... .......... .......... .......... 67% 3.24M 0s
[2024-12-06T17:46:11.572+0000] {subprocess.py:106} INFO -  14300K .......... .......... .......... .......... .......... 67%  116M 0s
[2024-12-06T17:46:11.574+0000] {subprocess.py:106} INFO -  14350K .......... .......... .......... .......... .......... 67%  210M 0s
[2024-12-06T17:46:11.575+0000] {subprocess.py:106} INFO -  14400K .......... .......... .......... .......... .......... 67% 71.9M 0s
[2024-12-06T17:46:11.575+0000] {subprocess.py:106} INFO -  14450K .......... .......... .......... .......... .......... 68%  140M 0s
[2024-12-06T17:46:11.577+0000] {subprocess.py:106} INFO -  14500K .......... .......... .......... .......... .......... 68% 43.8M 0s
[2024-12-06T17:46:11.580+0000] {subprocess.py:106} INFO -  14550K .......... .......... .......... .......... .......... 68%  132M 0s
[2024-12-06T17:46:11.582+0000] {subprocess.py:106} INFO -  14600K .......... .......... .......... .......... .......... 68%  108M 0s
[2024-12-06T17:46:11.583+0000] {subprocess.py:106} INFO -  14650K .......... .......... .......... .......... .......... 69%  115M 0s
[2024-12-06T17:46:11.584+0000] {subprocess.py:106} INFO -  14700K .......... .......... .......... .......... .......... 69% 86.0M 0s
[2024-12-06T17:46:11.584+0000] {subprocess.py:106} INFO -  14750K .......... .......... .......... .......... .......... 69% 5.29M 0s
[2024-12-06T17:46:11.585+0000] {subprocess.py:106} INFO -  14800K .......... .......... .......... .......... .......... 69% 55.1M 0s
[2024-12-06T17:46:11.585+0000] {subprocess.py:106} INFO -  14850K .......... .......... .......... .......... .......... 70% 25.1M 0s
[2024-12-06T17:46:11.586+0000] {subprocess.py:106} INFO -  14900K .......... .......... .......... .......... .......... 70% 45.7M 0s
[2024-12-06T17:46:11.587+0000] {subprocess.py:106} INFO -  14950K .......... .......... .......... .......... .......... 70% 62.0M 0s
[2024-12-06T17:46:11.588+0000] {subprocess.py:106} INFO -  15000K .......... .......... .......... .......... .......... 70%  222M 0s
[2024-12-06T17:46:11.588+0000] {subprocess.py:106} INFO -  15050K .......... .......... .......... .......... .......... 71% 76.4M 0s
[2024-12-06T17:46:11.589+0000] {subprocess.py:106} INFO -  15100K .......... .......... .......... .......... .......... 71%  136M 0s
[2024-12-06T17:46:11.590+0000] {subprocess.py:106} INFO -  15150K .......... .......... .......... .......... .......... 71% 61.8M 0s
[2024-12-06T17:46:11.590+0000] {subprocess.py:106} INFO -  15200K .......... .......... .......... .......... .......... 71%  239M 0s
[2024-12-06T17:46:11.592+0000] {subprocess.py:106} INFO -  15250K .......... .......... .......... .......... .......... 71% 26.5M 0s
[2024-12-06T17:46:11.593+0000] {subprocess.py:106} INFO -  15300K .......... .......... .......... .......... .......... 72%  116M 0s
[2024-12-06T17:46:11.595+0000] {subprocess.py:106} INFO -  15350K .......... .......... .......... .......... .......... 72% 63.6M 0s
[2024-12-06T17:46:11.596+0000] {subprocess.py:106} INFO -  15400K .......... .......... .......... .......... .......... 72% 58.3M 0s
[2024-12-06T17:46:11.597+0000] {subprocess.py:106} INFO -  15450K .......... .......... .......... .......... .......... 72% 37.8M 0s
[2024-12-06T17:46:11.597+0000] {subprocess.py:106} INFO -  15500K .......... .......... .......... .......... .......... 73%  118M 0s
[2024-12-06T17:46:11.598+0000] {subprocess.py:106} INFO -  15550K .......... .......... .......... .......... .......... 73% 27.7M 0s
[2024-12-06T17:46:11.600+0000] {subprocess.py:106} INFO -  15600K .......... .......... .......... .......... .......... 73%  217M 0s
[2024-12-06T17:46:11.600+0000] {subprocess.py:106} INFO -  15650K .......... .......... .......... .......... .......... 73% 75.7M 0s
[2024-12-06T17:46:11.601+0000] {subprocess.py:106} INFO -  15700K .......... .......... .......... .......... .......... 74% 17.4M 0s
[2024-12-06T17:46:11.602+0000] {subprocess.py:106} INFO -  15750K .......... .......... .......... .......... .......... 74% 20.1M 0s
[2024-12-06T17:46:11.603+0000] {subprocess.py:106} INFO -  15800K .......... .......... .......... .......... .......... 74% 15.4M 0s
[2024-12-06T17:46:11.603+0000] {subprocess.py:106} INFO -  15850K .......... .......... .......... .......... .......... 74% 50.8M 0s
[2024-12-06T17:46:11.604+0000] {subprocess.py:106} INFO -  15900K .......... .......... .......... .......... .......... 74% 88.0M 0s
[2024-12-06T17:46:11.605+0000] {subprocess.py:106} INFO -  15950K .......... .......... .......... .......... .......... 75% 16.2M 0s
[2024-12-06T17:46:11.605+0000] {subprocess.py:106} INFO -  16000K .......... .......... .......... .......... .......... 75% 14.0M 0s
[2024-12-06T17:46:11.606+0000] {subprocess.py:106} INFO -  16050K .......... .......... .......... .......... .......... 75% 30.9M 0s
[2024-12-06T17:46:11.606+0000] {subprocess.py:106} INFO -  16100K .......... .......... .......... .......... .......... 75% 94.1M 0s
[2024-12-06T17:46:11.607+0000] {subprocess.py:106} INFO -  16150K .......... .......... .......... .......... .......... 76% 41.1M 0s
[2024-12-06T17:46:11.608+0000] {subprocess.py:106} INFO -  16200K .......... .......... .......... .......... .......... 76% 83.6M 0s
[2024-12-06T17:46:11.610+0000] {subprocess.py:106} INFO -  16250K .......... .......... .......... .......... .......... 76% 38.2M 0s
[2024-12-06T17:46:11.612+0000] {subprocess.py:106} INFO -  16300K .......... .......... .......... .......... .......... 76% 23.9M 0s
[2024-12-06T17:46:11.615+0000] {subprocess.py:106} INFO -  16350K .......... .......... .......... .......... .......... 77% 14.7M 0s
[2024-12-06T17:46:11.620+0000] {subprocess.py:106} INFO -  16400K .......... .......... .......... .......... .......... 77% 33.9M 0s
[2024-12-06T17:46:11.623+0000] {subprocess.py:106} INFO -  16450K .......... .......... .......... .......... .......... 77% 96.7M 0s
[2024-12-06T17:46:11.626+0000] {subprocess.py:106} INFO -  16500K .......... .......... .......... .......... .......... 77% 27.7M 0s
[2024-12-06T17:46:11.630+0000] {subprocess.py:106} INFO -  16550K .......... .......... .......... .......... .......... 78% 29.9M 0s
[2024-12-06T17:46:11.630+0000] {subprocess.py:106} INFO -  16600K .......... .......... .......... .......... .......... 78% 42.8M 0s
[2024-12-06T17:46:11.631+0000] {subprocess.py:106} INFO -  16650K .......... .......... .......... .......... .......... 78% 32.7M 0s
[2024-12-06T17:46:11.633+0000] {subprocess.py:106} INFO -  16700K .......... .......... .......... .......... .......... 78% 34.5M 0s
[2024-12-06T17:46:11.637+0000] {subprocess.py:106} INFO -  16750K .......... .......... .......... .......... .......... 78% 45.5M 0s
[2024-12-06T17:46:11.638+0000] {subprocess.py:106} INFO -  16800K .......... .......... .......... .......... .......... 79% 40.5M 0s
[2024-12-06T17:46:11.638+0000] {subprocess.py:106} INFO -  16850K .......... .......... .......... .......... .......... 79% 21.1M 0s
[2024-12-06T17:46:11.638+0000] {subprocess.py:106} INFO -  16900K .......... .......... .......... .......... .......... 79% 21.1M 0s
[2024-12-06T17:46:11.639+0000] {subprocess.py:106} INFO -  16950K .......... .......... .......... .......... .......... 79%  209M 0s
[2024-12-06T17:46:11.639+0000] {subprocess.py:106} INFO -  17000K .......... .......... .......... .......... .......... 80%  214M 0s
[2024-12-06T17:46:11.640+0000] {subprocess.py:106} INFO -  17050K .......... .......... .......... .......... .......... 80% 36.1M 0s
[2024-12-06T17:46:11.641+0000] {subprocess.py:106} INFO -  17100K .......... .......... .......... .......... .......... 80% 25.2M 0s
[2024-12-06T17:46:11.641+0000] {subprocess.py:106} INFO -  17150K .......... .......... .......... .......... .......... 80%  174M 0s
[2024-12-06T17:46:11.641+0000] {subprocess.py:106} INFO -  17200K .......... .......... .......... .......... .......... 81% 9.88M 0s
[2024-12-06T17:46:11.641+0000] {subprocess.py:106} INFO -  17250K .......... .......... .......... .......... .......... 81% 73.9M 0s
[2024-12-06T17:46:11.642+0000] {subprocess.py:106} INFO -  17300K .......... .......... .......... .......... .......... 81% 94.8M 0s
[2024-12-06T17:46:11.642+0000] {subprocess.py:106} INFO -  17350K .......... .......... .......... .......... .......... 81% 86.6M 0s
[2024-12-06T17:46:11.642+0000] {subprocess.py:106} INFO -  17400K .......... .......... .......... .......... .......... 82% 65.9M 0s
[2024-12-06T17:46:11.643+0000] {subprocess.py:106} INFO -  17450K .......... .......... .......... .......... .......... 82% 76.8M 0s
[2024-12-06T17:46:11.643+0000] {subprocess.py:106} INFO -  17500K .......... .......... .......... .......... .......... 82%  100M 0s
[2024-12-06T17:46:11.643+0000] {subprocess.py:106} INFO -  17550K .......... .......... .......... .......... .......... 82% 58.2M 0s
[2024-12-06T17:46:11.643+0000] {subprocess.py:106} INFO -  17600K .......... .......... .......... .......... .......... 82% 23.8M 0s
[2024-12-06T17:46:11.644+0000] {subprocess.py:106} INFO -  17650K .......... .......... .......... .......... .......... 83% 42.4M 0s
[2024-12-06T17:46:11.645+0000] {subprocess.py:106} INFO -  17700K .......... .......... .......... .......... .......... 83%  190M 0s
[2024-12-06T17:46:11.647+0000] {subprocess.py:106} INFO -  17750K .......... .......... .......... .......... .......... 83% 24.7M 0s
[2024-12-06T17:46:11.647+0000] {subprocess.py:106} INFO -  17800K .......... .......... .......... .......... .......... 83%  110M 0s
[2024-12-06T17:46:11.648+0000] {subprocess.py:106} INFO -  17850K .......... .......... .......... .......... .......... 84%  148M 0s
[2024-12-06T17:46:11.648+0000] {subprocess.py:106} INFO -  17900K .......... .......... .......... .......... .......... 84% 83.9M 0s
[2024-12-06T17:46:11.648+0000] {subprocess.py:106} INFO -  17950K .......... .......... .......... .......... .......... 84% 76.2M 0s
[2024-12-06T17:46:11.648+0000] {subprocess.py:106} INFO -  18000K .......... .......... .......... .......... .......... 84% 91.5M 0s
[2024-12-06T17:46:11.649+0000] {subprocess.py:106} INFO -  18050K .......... .......... .......... .......... .......... 85% 42.1M 0s
[2024-12-06T17:46:11.649+0000] {subprocess.py:106} INFO -  18100K .......... .......... .......... .......... .......... 85% 68.3M 0s
[2024-12-06T17:46:11.650+0000] {subprocess.py:106} INFO -  18150K .......... .......... .......... .......... .......... 85% 59.2M 0s
[2024-12-06T17:46:11.650+0000] {subprocess.py:106} INFO -  18200K .......... .......... .......... .......... .......... 85%  104M 0s
[2024-12-06T17:46:11.651+0000] {subprocess.py:106} INFO -  18250K .......... .......... .......... .......... .......... 86%  151M 0s
[2024-12-06T17:46:11.651+0000] {subprocess.py:106} INFO -  18300K .......... .......... .......... .......... .......... 86% 44.3M 0s
[2024-12-06T17:46:11.651+0000] {subprocess.py:106} INFO -  18350K .......... .......... .......... .......... .......... 86%  237M 0s
[2024-12-06T17:46:11.651+0000] {subprocess.py:106} INFO -  18400K .......... .......... .......... .......... .......... 86% 34.5M 0s
[2024-12-06T17:46:11.652+0000] {subprocess.py:106} INFO -  18450K .......... .......... .......... .......... .......... 86% 26.9M 0s
[2024-12-06T17:46:11.652+0000] {subprocess.py:106} INFO -  18500K .......... .......... .......... .......... .......... 87% 58.9M 0s
[2024-12-06T17:46:11.653+0000] {subprocess.py:106} INFO -  18550K .......... .......... .......... .......... .......... 87% 74.8M 0s
[2024-12-06T17:46:11.653+0000] {subprocess.py:106} INFO -  18600K .......... .......... .......... .......... .......... 87% 45.0M 0s
[2024-12-06T17:46:11.653+0000] {subprocess.py:106} INFO -  18650K .......... .......... .......... .......... .......... 87%  204M 0s
[2024-12-06T17:46:11.653+0000] {subprocess.py:106} INFO -  18700K .......... .......... .......... .......... .......... 88%  112M 0s
[2024-12-06T17:46:11.654+0000] {subprocess.py:106} INFO -  18750K .......... .......... .......... .......... .......... 88% 85.4M 0s
[2024-12-06T17:46:11.654+0000] {subprocess.py:106} INFO -  18800K .......... .......... .......... .......... .......... 88%  110M 0s
[2024-12-06T17:46:11.654+0000] {subprocess.py:106} INFO -  18850K .......... .......... .......... .......... .......... 88%  179M 0s
[2024-12-06T17:46:11.654+0000] {subprocess.py:106} INFO -  18900K .......... .......... .......... .......... .......... 89%  245M 0s
[2024-12-06T17:46:11.655+0000] {subprocess.py:106} INFO -  18950K .......... .......... .......... .......... .......... 89% 19.5M 0s
[2024-12-06T17:46:11.655+0000] {subprocess.py:106} INFO -  19000K .......... .......... .......... .......... .......... 89% 26.2M 0s
[2024-12-06T17:46:11.655+0000] {subprocess.py:106} INFO -  19050K .......... .......... .......... .......... .......... 89% 18.7M 0s
[2024-12-06T17:46:11.655+0000] {subprocess.py:106} INFO -  19100K .......... .......... .......... .......... .......... 90% 8.01M 0s
[2024-12-06T17:46:11.655+0000] {subprocess.py:106} INFO -  19150K .......... .......... .......... .......... .......... 90%  210M 0s
[2024-12-06T17:46:11.655+0000] {subprocess.py:106} INFO -  19200K .......... .......... .......... .......... .......... 90% 8.61M 0s
[2024-12-06T17:46:11.656+0000] {subprocess.py:106} INFO -  19250K .......... .......... .......... .......... .......... 90% 33.6M 0s
[2024-12-06T17:46:11.656+0000] {subprocess.py:106} INFO -  19300K .......... .......... .......... .......... .......... 90% 14.9M 0s
[2024-12-06T17:46:11.656+0000] {subprocess.py:106} INFO -  19350K .......... .......... .......... .......... .......... 91% 38.7M 0s
[2024-12-06T17:46:11.656+0000] {subprocess.py:106} INFO -  19400K .......... .......... .......... .......... .......... 91% 10.9M 0s
[2024-12-06T17:46:11.656+0000] {subprocess.py:106} INFO -  19450K .......... .......... .......... .......... .......... 91% 5.02M 0s
[2024-12-06T17:46:11.657+0000] {subprocess.py:106} INFO -  19500K .......... .......... .......... .......... .......... 91% 58.1M 0s
[2024-12-06T17:46:11.657+0000] {subprocess.py:106} INFO -  19550K .......... .......... .......... .......... .......... 92% 92.7M 0s
[2024-12-06T17:46:11.657+0000] {subprocess.py:106} INFO -  19600K .......... .......... .......... .......... .......... 92% 49.9M 0s
[2024-12-06T17:46:11.657+0000] {subprocess.py:106} INFO -  19650K .......... .......... .......... .......... .......... 92% 11.3M 0s
[2024-12-06T17:46:11.657+0000] {subprocess.py:106} INFO -  19700K .......... .......... .......... .......... .......... 92%  148M 0s
[2024-12-06T17:46:11.658+0000] {subprocess.py:106} INFO -  19750K .......... .......... .......... .......... .......... 93%  110M 0s
[2024-12-06T17:46:11.658+0000] {subprocess.py:106} INFO -  19800K .......... .......... .......... .......... .......... 93% 15.6M 0s
[2024-12-06T17:46:11.658+0000] {subprocess.py:106} INFO -  19850K .......... .......... .......... .......... .......... 93% 14.0M 0s
[2024-12-06T17:46:11.658+0000] {subprocess.py:106} INFO -  19900K .......... .......... .......... .......... .......... 93%  161M 0s
[2024-12-06T17:46:11.658+0000] {subprocess.py:106} INFO -  19950K .......... .......... .......... .......... .......... 94% 12.2M 0s
[2024-12-06T17:46:11.658+0000] {subprocess.py:106} INFO -  20000K .......... .......... .......... .......... .......... 94%  136M 0s
[2024-12-06T17:46:11.659+0000] {subprocess.py:106} INFO -  20050K .......... .......... .......... .......... .......... 94%  172M 0s
[2024-12-06T17:46:11.659+0000] {subprocess.py:106} INFO -  20100K .......... .......... .......... .......... .......... 94%  257M 0s
[2024-12-06T17:46:11.659+0000] {subprocess.py:106} INFO -  20150K .......... .......... .......... .......... .......... 94% 33.1M 0s
[2024-12-06T17:46:11.662+0000] {subprocess.py:106} INFO -  20200K .......... .......... .......... .......... .......... 95%  229M 0s
[2024-12-06T17:46:11.662+0000] {subprocess.py:106} INFO -  20250K .......... .......... .......... .......... .......... 95%  166M 0s
[2024-12-06T17:46:11.664+0000] {subprocess.py:106} INFO -  20300K .......... .......... .......... .......... .......... 95% 15.9M 0s
[2024-12-06T17:46:11.664+0000] {subprocess.py:106} INFO -  20350K .......... .......... .......... .......... .......... 95% 9.63M 0s
[2024-12-06T17:46:11.665+0000] {subprocess.py:106} INFO -  20400K .......... .......... .......... .......... .......... 96% 19.9M 0s
[2024-12-06T17:46:11.665+0000] {subprocess.py:106} INFO -  20450K .......... .......... .......... .......... .......... 96%  200M 0s
[2024-12-06T17:46:11.665+0000] {subprocess.py:106} INFO -  20500K .......... .......... .......... .......... .......... 96% 28.4M 0s
[2024-12-06T17:46:11.666+0000] {subprocess.py:106} INFO -  20550K .......... .......... .......... .......... .......... 96%  241M 0s
[2024-12-06T17:46:11.666+0000] {subprocess.py:106} INFO -  20600K .......... .......... .......... .......... .......... 97% 29.5M 0s
[2024-12-06T17:46:11.667+0000] {subprocess.py:106} INFO -  20650K .......... .......... .......... .......... .......... 97% 72.4M 0s
[2024-12-06T17:46:11.667+0000] {subprocess.py:106} INFO -  20700K .......... .......... .......... .......... .......... 97% 80.6M 0s
[2024-12-06T17:46:11.667+0000] {subprocess.py:106} INFO -  20750K .......... .......... .......... .......... .......... 97%  109M 0s
[2024-12-06T17:46:11.668+0000] {subprocess.py:106} INFO -  20800K .......... .......... .......... .......... .......... 98%  178M 0s
[2024-12-06T17:46:11.668+0000] {subprocess.py:106} INFO -  20850K .......... .......... .......... .......... .......... 98%  202M 0s
[2024-12-06T17:46:11.669+0000] {subprocess.py:106} INFO -  20900K .......... .......... .......... .......... .......... 98% 89.6M 0s
[2024-12-06T17:46:11.669+0000] {subprocess.py:106} INFO -  20950K .......... .......... .......... .......... .......... 98% 59.4M 0s
[2024-12-06T17:46:11.670+0000] {subprocess.py:106} INFO -  21000K .......... .......... .......... .......... .......... 98%  250M 0s
[2024-12-06T17:46:11.671+0000] {subprocess.py:106} INFO -  21050K .......... .......... .......... .......... .......... 99%  228M 0s
[2024-12-06T17:46:11.671+0000] {subprocess.py:106} INFO -  21100K .......... .......... .......... .......... .......... 99%  102M 0s
[2024-12-06T17:46:11.671+0000] {subprocess.py:106} INFO -  21150K .......... .......... .......... .......... .......... 99% 87.0M 0s
[2024-12-06T17:46:11.672+0000] {subprocess.py:106} INFO -  21200K .......... .......... .......... .......... .......... 99% 59.0M 0s
[2024-12-06T17:46:11.672+0000] {subprocess.py:106} INFO -  21250K .......... ......                                     100%  210M=1.0s
[2024-12-06T17:46:11.672+0000] {subprocess.py:106} INFO - 
[2024-12-06T17:46:11.672+0000] {subprocess.py:106} INFO - 2024-12-06 17:46:11 (21.4 MB/s) - ‘/opt/***/output_2021-02.parquet’ saved [21777258/21777258]
[2024-12-06T17:46:11.672+0000] {subprocess.py:106} INFO - 
[2024-12-06T17:46:11.673+0000] {subprocess.py:110} INFO - Command exited with return code 0
[2024-12-06T17:46:11.712+0000] {taskinstance.py:340} INFO - ::group::Post task execution logs
[2024-12-06T17:46:11.714+0000] {taskinstance.py:352} INFO - Marking task as SUCCESS. dag_id=LocalIngestionDag_v02, task_id=wget, run_id=scheduled__2021-02-02T06:00:00+00:00, execution_date=20210202T060000, start_date=20241206T174609, end_date=20241206T174611
[2024-12-06T17:46:11.745+0000] {local_task_job_runner.py:266} INFO - Task exited with return code 0
[2024-12-06T17:46:11.794+0000] {taskinstance.py:3895} INFO - 1 downstream tasks scheduled from follow-on schedule check
[2024-12-06T17:46:11.798+0000] {local_task_job_runner.py:245} INFO - ::endgroup::
