[2024-12-06T20:30:23.666+0000] {local_task_job_runner.py:123} INFO - ::group::Pre task execution logs
[2024-12-06T20:30:23.675+0000] {taskinstance.py:2613} INFO - Dependencies all met for dep_context=non-requeueable deps ti=<TaskInstance: LocalIngestionDag_v02.wget scheduled__2021-02-02T06:00:00+00:00 [queued]>
[2024-12-06T20:30:23.680+0000] {taskinstance.py:2613} INFO - Dependencies all met for dep_context=requeueable deps ti=<TaskInstance: LocalIngestionDag_v02.wget scheduled__2021-02-02T06:00:00+00:00 [queued]>
[2024-12-06T20:30:23.680+0000] {taskinstance.py:2866} INFO - Starting attempt 2 of 2
[2024-12-06T20:30:23.688+0000] {taskinstance.py:2889} INFO - Executing <Task(BashOperator): wget> on 2021-02-02 06:00:00+00:00
[2024-12-06T20:30:23.694+0000] {warnings.py:112} WARNING - /home/***/.local/lib/python3.12/site-packages/***/task/task_runner/standard_task_runner.py:70: DeprecationWarning: This process (pid=4142) is multi-threaded, use of fork() may lead to deadlocks in the child.
  pid = os.fork()

[2024-12-06T20:30:23.699+0000] {standard_task_runner.py:72} INFO - Started process 4144 to run task
[2024-12-06T20:30:23.696+0000] {standard_task_runner.py:104} INFO - Running: ['***', 'tasks', 'run', 'LocalIngestionDag_v02', 'wget', 'scheduled__2021-02-02T06:00:00+00:00', '--job-id', '88', '--raw', '--subdir', 'DAGS_FOLDER/data_ingestion_local.py', '--cfg-path', '/tmp/tmpfzhqir5x']
[2024-12-06T20:30:23.699+0000] {standard_task_runner.py:105} INFO - Job 88: Subtask wget
[2024-12-06T20:30:23.754+0000] {task_command.py:467} INFO - Running <TaskInstance: LocalIngestionDag_v02.wget scheduled__2021-02-02T06:00:00+00:00 [running]> on host 39ecaeffba2c
[2024-12-06T20:30:24.096+0000] {taskinstance.py:3132} INFO - Exporting env vars: AIRFLOW_CTX_DAG_OWNER='***' AIRFLOW_CTX_DAG_ID='LocalIngestionDag_v02' AIRFLOW_CTX_TASK_ID='wget' AIRFLOW_CTX_EXECUTION_DATE='2021-02-02T06:00:00+00:00' AIRFLOW_CTX_TRY_NUMBER='2' AIRFLOW_CTX_DAG_RUN_ID='scheduled__2021-02-02T06:00:00+00:00'
[2024-12-06T20:30:24.097+0000] {taskinstance.py:731} INFO - ::endgroup::
[2024-12-06T20:30:24.103+0000] {subprocess.py:78} INFO - Tmp dir root location: /tmp
[2024-12-06T20:30:24.104+0000] {subprocess.py:88} INFO - Running command: ['/usr/bin/bash', '-c', 'wget https://d37ci6vzurychx.cloudfront.net/trip-data/yellow_tripdata_2021-02.parquet -O /opt/***/output_2021-02.parquet']
[2024-12-06T20:30:24.110+0000] {subprocess.py:99} INFO - Output:
[2024-12-06T20:30:24.113+0000] {subprocess.py:106} INFO - --2024-12-06 20:30:24--  https://d37ci6vzurychx.cloudfront.net/trip-data/yellow_tripdata_2021-02.parquet
[2024-12-06T20:30:24.161+0000] {subprocess.py:106} INFO - Resolving d37ci6vzurychx.cloudfront.net (d37ci6vzurychx.cloudfront.net)... 52.84.160.73, 52.84.160.116, 52.84.160.213, ...
[2024-12-06T20:30:24.183+0000] {subprocess.py:106} INFO - Connecting to d37ci6vzurychx.cloudfront.net (d37ci6vzurychx.cloudfront.net)|52.84.160.73|:443... connected.
[2024-12-06T20:30:24.266+0000] {subprocess.py:106} INFO - HTTP request sent, awaiting response... 200 OK
[2024-12-06T20:30:24.267+0000] {subprocess.py:106} INFO - Length: 21777258 (21M) [application/x-www-form-urlencoded]
[2024-12-06T20:30:24.267+0000] {subprocess.py:106} INFO - Saving to: ‘/opt/***/output_2021-02.parquet’
[2024-12-06T20:30:24.270+0000] {subprocess.py:106} INFO - 
[2024-12-06T20:30:24.304+0000] {subprocess.py:106} INFO -      0K .......... .......... .......... .......... ..........  0% 1.37M 15s
[2024-12-06T20:30:24.306+0000] {subprocess.py:106} INFO -     50K .......... .......... .......... .......... ..........  0% 16.4M 8s
[2024-12-06T20:30:24.319+0000] {subprocess.py:106} INFO -    100K .......... .......... .......... .......... ..........  0% 3.44M 7s
[2024-12-06T20:30:24.326+0000] {subprocess.py:106} INFO -    150K .......... .......... .......... .......... ..........  0% 7.57M 6s
[2024-12-06T20:30:24.332+0000] {subprocess.py:106} INFO -    200K .......... .......... .......... .......... ..........  1% 8.56M 5s
[2024-12-06T20:30:24.335+0000] {subprocess.py:106} INFO -    250K .......... .......... .......... .......... ..........  1% 13.1M 5s
[2024-12-06T20:30:24.344+0000] {subprocess.py:106} INFO -    300K .......... .......... .......... .......... ..........  1% 5.45M 5s
[2024-12-06T20:30:24.347+0000] {subprocess.py:106} INFO -    350K .......... .......... .......... .......... ..........  1% 22.3M 4s
[2024-12-06T20:30:24.349+0000] {subprocess.py:106} INFO -    400K .......... .......... .......... .......... ..........  2% 19.6M 4s
[2024-12-06T20:30:24.358+0000] {subprocess.py:106} INFO -    450K .......... .......... .......... .......... ..........  2% 5.18M 4s
[2024-12-06T20:30:24.359+0000] {subprocess.py:106} INFO -    500K .......... .......... .......... .......... ..........  2%  206M 3s
[2024-12-06T20:30:24.359+0000] {subprocess.py:106} INFO -    550K .......... .......... .......... .......... ..........  2%  248M 3s
[2024-12-06T20:30:24.363+0000] {subprocess.py:106} INFO -    600K .......... .......... .......... .......... ..........  3% 10.9M 3s
[2024-12-06T20:30:24.364+0000] {subprocess.py:106} INFO -    650K .......... .......... .......... .......... ..........  3%  108M 3s
[2024-12-06T20:30:24.364+0000] {subprocess.py:106} INFO -    700K .......... .......... .......... .......... ..........  3% 61.3M 3s
[2024-12-06T20:30:24.367+0000] {subprocess.py:106} INFO -    750K .......... .......... .......... .......... ..........  3% 19.4M 3s
[2024-12-06T20:30:24.370+0000] {subprocess.py:106} INFO -    800K .......... .......... .......... .......... ..........  3% 14.4M 2s
[2024-12-06T20:30:24.372+0000] {subprocess.py:106} INFO -    850K .......... .......... .......... .......... ..........  4% 24.6M 2s
[2024-12-06T20:30:24.378+0000] {subprocess.py:106} INFO -    900K .......... .......... .......... .......... ..........  4% 9.54M 2s
[2024-12-06T20:30:24.380+0000] {subprocess.py:106} INFO -    950K .......... .......... .......... .......... ..........  4% 23.8M 2s
[2024-12-06T20:30:24.382+0000] {subprocess.py:106} INFO -   1000K .......... .......... .......... .......... ..........  4% 18.4M 2s
[2024-12-06T20:30:24.385+0000] {subprocess.py:106} INFO -   1050K .......... .......... .......... .......... ..........  5% 17.5M 2s
[2024-12-06T20:30:24.388+0000] {subprocess.py:106} INFO -   1100K .......... .......... .......... .......... ..........  5% 15.2M 2s
[2024-12-06T20:30:24.389+0000] {subprocess.py:106} INFO -   1150K .......... .......... .......... .......... ..........  5% 86.9M 2s
[2024-12-06T20:30:24.389+0000] {subprocess.py:106} INFO -   1200K .......... .......... .......... .......... ..........  5%  176M 2s
[2024-12-06T20:30:24.389+0000] {subprocess.py:106} INFO -   1250K .......... .......... .......... .......... ..........  6%  231M 2s
[2024-12-06T20:30:24.391+0000] {subprocess.py:106} INFO -   1300K .......... .......... .......... .......... ..........  6% 31.5M 2s
[2024-12-06T20:30:24.392+0000] {subprocess.py:106} INFO -   1350K .......... .......... .......... .......... ..........  6%  210M 2s
[2024-12-06T20:30:24.392+0000] {subprocess.py:106} INFO -   1400K .......... .......... .......... .......... ..........  6%  219M 2s
[2024-12-06T20:30:24.394+0000] {subprocess.py:106} INFO -   1450K .......... .......... .......... .......... ..........  7% 19.9M 2s
[2024-12-06T20:30:24.395+0000] {subprocess.py:106} INFO -   1500K .......... .......... .......... .......... ..........  7%  239M 2s
[2024-12-06T20:30:24.397+0000] {subprocess.py:106} INFO -   1550K .......... .......... .......... .......... ..........  7% 17.9M 2s
[2024-12-06T20:30:24.399+0000] {subprocess.py:106} INFO -   1600K .......... .......... .......... .......... ..........  7% 36.7M 2s
[2024-12-06T20:30:24.402+0000] {subprocess.py:106} INFO -   1650K .......... .......... .......... .......... ..........  7% 76.2M 2s
[2024-12-06T20:30:24.403+0000] {subprocess.py:106} INFO -   1700K .......... .......... .......... .......... ..........  8%  108M 1s
[2024-12-06T20:30:24.404+0000] {subprocess.py:106} INFO -   1750K .......... .......... .......... .......... ..........  8% 51.9M 1s
[2024-12-06T20:30:24.405+0000] {subprocess.py:106} INFO -   1800K .......... .......... .......... .......... ..........  8% 38.1M 1s
[2024-12-06T20:30:24.406+0000] {subprocess.py:106} INFO -   1850K .......... .......... .......... .......... ..........  8%  119M 1s
[2024-12-06T20:30:24.406+0000] {subprocess.py:106} INFO -   1900K .......... .......... .......... .......... ..........  9%  175M 1s
[2024-12-06T20:30:24.407+0000] {subprocess.py:106} INFO -   1950K .......... .......... .......... .......... ..........  9%  183M 1s
[2024-12-06T20:30:24.408+0000] {subprocess.py:106} INFO -   2000K .......... .......... .......... .......... ..........  9% 23.2M 1s
[2024-12-06T20:30:24.408+0000] {subprocess.py:106} INFO -   2050K .......... .......... .......... .......... ..........  9% 93.3M 1s
[2024-12-06T20:30:24.409+0000] {subprocess.py:106} INFO -   2100K .......... .......... .......... .......... .......... 10%  226M 1s
[2024-12-06T20:30:24.409+0000] {subprocess.py:106} INFO -   2150K .......... .......... .......... .......... .......... 10%  241M 1s
[2024-12-06T20:30:24.409+0000] {subprocess.py:106} INFO -   2200K .......... .......... .......... .......... .......... 10% 34.3M 1s
[2024-12-06T20:30:24.410+0000] {subprocess.py:106} INFO -   2250K .......... .......... .......... .......... .......... 10% 59.9M 1s
[2024-12-06T20:30:24.410+0000] {subprocess.py:106} INFO -   2300K .......... .......... .......... .......... .......... 11%  105M 1s
[2024-12-06T20:30:24.470+0000] {subprocess.py:106} INFO -   2350K .......... .......... .......... .......... .......... 11%  827K 2s
[2024-12-06T20:30:24.473+0000] {subprocess.py:106} INFO -   2400K .......... .......... .......... .......... .......... 11% 9.98M 2s
[2024-12-06T20:30:24.475+0000] {subprocess.py:106} INFO -   2450K .......... .......... .......... .......... .......... 11%  121M 2s
[2024-12-06T20:30:24.493+0000] {subprocess.py:106} INFO -   2500K .......... .......... .......... .......... .......... 11% 2.58M 2s
[2024-12-06T20:30:24.505+0000] {subprocess.py:106} INFO -   2550K .......... .......... .......... .......... .......... 12%  153M 2s
[2024-12-06T20:30:24.509+0000] {subprocess.py:106} INFO -   2600K .......... .......... .......... .......... .......... 12% 14.8M 2s
[2024-12-06T20:30:24.510+0000] {subprocess.py:106} INFO -   2650K .......... .......... .......... .......... .......... 12% 4.20M 2s
[2024-12-06T20:30:24.520+0000] {subprocess.py:106} INFO -   2700K .......... .......... .......... .......... .......... 12% 4.28M 2s
[2024-12-06T20:30:24.524+0000] {subprocess.py:106} INFO -   2750K .......... .......... .......... .......... .......... 13% 54.4M 2s
[2024-12-06T20:30:24.526+0000] {subprocess.py:106} INFO -   2800K .......... .......... .......... .......... .......... 13%  154M 2s
[2024-12-06T20:30:24.526+0000] {subprocess.py:106} INFO -   2850K .......... .......... .......... .......... .......... 13%  180M 2s
[2024-12-06T20:30:24.528+0000] {subprocess.py:106} INFO -   2900K .......... .......... .......... .......... .......... 13%  101M 2s
[2024-12-06T20:30:24.529+0000] {subprocess.py:106} INFO -   2950K .......... .......... .......... .......... .......... 14% 16.4M 2s
[2024-12-06T20:30:24.530+0000] {subprocess.py:106} INFO -   3000K .......... .......... .......... .......... .......... 14%  203M 2s
[2024-12-06T20:30:24.530+0000] {subprocess.py:106} INFO -   3050K .......... .......... .......... .......... .......... 14% 62.5M 2s
[2024-12-06T20:30:24.537+0000] {subprocess.py:106} INFO -   3100K .......... .......... .......... .......... .......... 14%  272M 1s
[2024-12-06T20:30:24.538+0000] {subprocess.py:106} INFO -   3150K .......... .......... .......... .......... .......... 15% 25.1M 1s
[2024-12-06T20:30:24.539+0000] {subprocess.py:106} INFO -   3200K .......... .......... .......... .......... .......... 15% 39.5M 1s
[2024-12-06T20:30:24.541+0000] {subprocess.py:106} INFO -   3250K .......... .......... .......... .......... .......... 15%  259M 1s
[2024-12-06T20:30:24.542+0000] {subprocess.py:106} INFO -   3300K .......... .......... .......... .......... .......... 15%  108M 1s
[2024-12-06T20:30:24.544+0000] {subprocess.py:106} INFO -   3350K .......... .......... .......... .......... .......... 15% 19.2M 1s
[2024-12-06T20:30:24.545+0000] {subprocess.py:106} INFO -   3400K .......... .......... .......... .......... .......... 16% 33.1M 1s
[2024-12-06T20:30:24.546+0000] {subprocess.py:106} INFO -   3450K .......... .......... .......... .......... .......... 16% 68.0M 1s
[2024-12-06T20:30:24.546+0000] {subprocess.py:106} INFO -   3500K .......... .......... .......... .......... .......... 16%  263M 1s
[2024-12-06T20:30:24.599+0000] {subprocess.py:106} INFO -   3550K .......... .......... .......... .......... .......... 16%  783K 2s
[2024-12-06T20:30:24.632+0000] {subprocess.py:106} INFO -   3600K .......... .......... .......... .......... .......... 17% 1.46M 2s
[2024-12-06T20:30:25.579+0000] {subprocess.py:106} INFO -   3650K .......... .......... .......... .......... .......... 17% 53.0K 6s
[2024-12-06T20:30:25.683+0000] {subprocess.py:106} INFO -   3700K .......... .......... .......... .......... .......... 17%  461K 7s
[2024-12-06T20:30:25.687+0000] {subprocess.py:106} INFO -   3750K .......... .......... .......... .......... .......... 17%  209M 7s
[2024-12-06T20:30:25.687+0000] {subprocess.py:106} INFO -   3800K .......... .......... .......... .......... .......... 18%  100M 6s
[2024-12-06T20:30:25.688+0000] {subprocess.py:106} INFO -   3850K .......... .......... .......... .......... .......... 18%  211M 6s
[2024-12-06T20:30:25.691+0000] {subprocess.py:106} INFO -   3900K .......... .......... .......... .......... .......... 18%  250M 6s
[2024-12-06T20:30:25.796+0000] {subprocess.py:106} INFO -   3950K .......... .......... .......... .......... .......... 18%  607K 6s
[2024-12-06T20:30:26.030+0000] {subprocess.py:106} INFO -   4000K .......... .......... .......... .......... .......... 19%  190K 7s
[2024-12-06T20:30:26.060+0000] {subprocess.py:106} INFO -   4050K .......... .......... .......... .......... .......... 19% 1.60M 8s
[2024-12-06T20:30:26.061+0000] {subprocess.py:106} INFO -   4100K .......... .......... .......... .......... .......... 19%  217M 7s
[2024-12-06T20:30:26.062+0000] {subprocess.py:106} INFO -   4150K .......... .......... .......... .......... .......... 19%  222M 7s
[2024-12-06T20:30:26.063+0000] {subprocess.py:106} INFO -   4200K .......... .......... .......... .......... .......... 19%  148M 7s
[2024-12-06T20:30:26.064+0000] {subprocess.py:106} INFO -   4250K .......... .......... .......... .......... .......... 20%  198M 7s
[2024-12-06T20:30:26.065+0000] {subprocess.py:106} INFO -   4300K .......... .......... .......... .......... .......... 20% 96.3M 7s
[2024-12-06T20:30:26.068+0000] {subprocess.py:106} INFO -   4350K .......... .......... .......... .......... .......... 20%  180M 7s
[2024-12-06T20:30:26.070+0000] {subprocess.py:106} INFO -   4400K .......... .......... .......... .......... .......... 20%  164M 7s
[2024-12-06T20:30:26.073+0000] {subprocess.py:106} INFO -   4450K .......... .......... .......... .......... .......... 21%  232M 7s
[2024-12-06T20:30:26.075+0000] {subprocess.py:106} INFO -   4500K .......... .......... .......... .......... .......... 21%  220M 7s
[2024-12-06T20:30:26.080+0000] {subprocess.py:106} INFO -   4550K .......... .......... .......... .......... .......... 21%  128M 7s
[2024-12-06T20:30:26.082+0000] {subprocess.py:106} INFO -   4600K .......... .......... .......... .......... .......... 21%  192M 6s
[2024-12-06T20:30:26.092+0000] {subprocess.py:106} INFO -   4650K .......... .......... .......... .......... .......... 22%  157M 6s
[2024-12-06T20:30:26.098+0000] {subprocess.py:106} INFO -   4700K .......... .......... .......... .......... .......... 22%  212M 6s
[2024-12-06T20:30:26.100+0000] {subprocess.py:106} INFO -   4750K .......... .......... .......... .......... .......... 22%  230M 6s
[2024-12-06T20:30:26.101+0000] {subprocess.py:106} INFO -   4800K .......... .......... .......... .......... .......... 22%  177M 6s
[2024-12-06T20:30:26.107+0000] {subprocess.py:106} INFO -   4850K .......... .......... .......... .......... .......... 23%  236M 6s
[2024-12-06T20:30:26.122+0000] {subprocess.py:106} INFO -   4900K .......... .......... .......... .......... .......... 23%  151M 6s
[2024-12-06T20:30:26.156+0000] {subprocess.py:106} INFO -   4950K .......... .......... .......... .......... .......... 23% 89.2M 6s
[2024-12-06T20:30:26.322+0000] {subprocess.py:106} INFO -   5000K .......... .......... .......... .......... .......... 23%  216M 6s
[2024-12-06T20:30:26.468+0000] {subprocess.py:106} INFO -   5050K .......... .......... .......... .......... .......... 23% 91.0M 6s
[2024-12-06T20:30:26.499+0000] {subprocess.py:106} INFO -   5100K .......... .......... .......... .......... .......... 24%  261M 6s
[2024-12-06T20:30:26.505+0000] {subprocess.py:106} INFO -   5150K .......... .......... .......... .......... .......... 24%  227M 6s
[2024-12-06T20:30:26.511+0000] {subprocess.py:106} INFO -   5200K .......... .......... .......... .......... .......... 24% 48.6M 5s
[2024-12-06T20:30:26.531+0000] {subprocess.py:106} INFO -   5250K .......... .......... .......... .......... .......... 24% 63.8M 5s
[2024-12-06T20:30:26.542+0000] {subprocess.py:106} INFO -   5300K .......... .......... .......... .......... .......... 25%  174M 5s
[2024-12-06T20:30:26.552+0000] {subprocess.py:106} INFO -   5350K .......... .......... .......... .......... .......... 25%  239M 5s
[2024-12-06T20:30:26.573+0000] {subprocess.py:106} INFO -   5400K .......... .......... .......... .......... .......... 25%  229M 5s
[2024-12-06T20:30:26.582+0000] {subprocess.py:106} INFO -   5450K .......... .......... .......... .......... .......... 25%  246M 5s
[2024-12-06T20:30:26.585+0000] {subprocess.py:106} INFO -   5500K .......... .......... .......... .......... .......... 26%  179M 5s
[2024-12-06T20:30:26.587+0000] {subprocess.py:106} INFO -   5550K .......... .......... .......... .......... .......... 26% 88.5M 5s
[2024-12-06T20:30:26.593+0000] {subprocess.py:106} INFO -   5600K .......... .......... .......... .......... .......... 26%  192M 5s
[2024-12-06T20:30:26.594+0000] {subprocess.py:106} INFO -   5650K .......... .......... .......... .......... .......... 26% 98.4M 5s
[2024-12-06T20:30:26.596+0000] {subprocess.py:106} INFO -   5700K .......... .......... .......... .......... .......... 27%  100M 5s
[2024-12-06T20:30:26.603+0000] {subprocess.py:106} INFO -   5750K .......... .......... .......... .......... .......... 27%  254M 5s
[2024-12-06T20:30:26.605+0000] {subprocess.py:106} INFO -   5800K .......... .......... .......... .......... .......... 27%  224M 5s
[2024-12-06T20:30:26.606+0000] {subprocess.py:106} INFO -   5850K .......... .......... .......... .......... .......... 27%  205M 5s
[2024-12-06T20:30:26.606+0000] {subprocess.py:106} INFO -   5900K .......... .......... .......... .......... .......... 27%  224M 5s
[2024-12-06T20:30:26.607+0000] {subprocess.py:106} INFO -   5950K .......... .......... .......... .......... .......... 28%  200M 5s
[2024-12-06T20:30:26.608+0000] {subprocess.py:106} INFO -   6000K .......... .......... .......... .......... .......... 28%  108M 5s
[2024-12-06T20:30:26.611+0000] {subprocess.py:106} INFO -   6050K .......... .......... .......... .......... .......... 28% 77.3M 4s
[2024-12-06T20:30:26.617+0000] {subprocess.py:106} INFO -   6100K .......... .......... .......... .......... .......... 28%  142M 4s
[2024-12-06T20:30:26.618+0000] {subprocess.py:106} INFO -   6150K .......... .......... .......... .......... .......... 29%  261M 4s
[2024-12-06T20:30:26.619+0000] {subprocess.py:106} INFO -   6200K .......... .......... .......... .......... .......... 29%  247M 4s
[2024-12-06T20:30:26.619+0000] {subprocess.py:106} INFO -   6250K .......... .......... .......... .......... .......... 29% 24.0M 4s
[2024-12-06T20:30:26.625+0000] {subprocess.py:106} INFO -   6300K .......... .......... .......... .......... .......... 29% 83.5M 4s
[2024-12-06T20:30:26.628+0000] {subprocess.py:106} INFO -   6350K .......... .......... .......... .......... .......... 30%  208M 4s
[2024-12-06T20:30:26.641+0000] {subprocess.py:106} INFO -   6400K .......... .......... .......... .......... .......... 30% 38.3M 4s
[2024-12-06T20:30:26.648+0000] {subprocess.py:106} INFO -   6450K .......... .......... .......... .......... .......... 30%  262M 4s
[2024-12-06T20:30:26.652+0000] {subprocess.py:106} INFO -   6500K .......... .......... .......... .......... .......... 30%  119M 4s
[2024-12-06T20:30:26.656+0000] {subprocess.py:106} INFO -   6550K .......... .......... .......... .......... .......... 31%  214M 4s
[2024-12-06T20:30:26.660+0000] {subprocess.py:106} INFO -   6600K .......... .......... .......... .......... .......... 31% 7.82M 4s
[2024-12-06T20:30:26.662+0000] {subprocess.py:106} INFO -   6650K .......... .......... .......... .......... .......... 31%  231M 4s
[2024-12-06T20:30:26.663+0000] {subprocess.py:106} INFO -   6700K .......... .......... .......... .......... .......... 31%  131M 4s
[2024-12-06T20:30:26.667+0000] {subprocess.py:106} INFO -   6750K .......... .......... .......... .......... .......... 31%  227M 4s
[2024-12-06T20:30:26.674+0000] {subprocess.py:106} INFO -   6800K .......... .......... .......... .......... .......... 32% 21.8M 4s
[2024-12-06T20:30:26.677+0000] {subprocess.py:106} INFO -   6850K .......... .......... .......... .......... .......... 32% 13.4M 4s
[2024-12-06T20:30:26.680+0000] {subprocess.py:106} INFO -   6900K .......... .......... .......... .......... .......... 32% 49.7M 4s
[2024-12-06T20:30:26.680+0000] {subprocess.py:106} INFO -   6950K .......... .......... .......... .......... .......... 32%  234M 4s
[2024-12-06T20:30:26.682+0000] {subprocess.py:106} INFO -   7000K .......... .......... .......... .......... .......... 33%  242M 4s
[2024-12-06T20:30:26.684+0000] {subprocess.py:106} INFO -   7050K .......... .......... .......... .......... .......... 33%  258M 4s
[2024-12-06T20:30:26.688+0000] {subprocess.py:106} INFO -   7100K .......... .......... .......... .......... .......... 33% 11.4M 4s
[2024-12-06T20:30:26.689+0000] {subprocess.py:106} INFO -   7150K .......... .......... .......... .......... .......... 33% 47.0M 4s
[2024-12-06T20:30:26.691+0000] {subprocess.py:106} INFO -   7200K .......... .......... .......... .......... .......... 34%  140M 4s
[2024-12-06T20:30:26.695+0000] {subprocess.py:106} INFO -   7250K .......... .......... .......... .......... .......... 34% 17.4M 4s
[2024-12-06T20:30:26.696+0000] {subprocess.py:106} INFO -   7300K .......... .......... .......... .......... .......... 34% 73.0M 3s
[2024-12-06T20:30:26.698+0000] {subprocess.py:106} INFO -   7350K .......... .......... .......... .......... .......... 34% 65.6M 3s
[2024-12-06T20:30:26.702+0000] {subprocess.py:106} INFO -   7400K .......... .......... .......... .......... .......... 35% 68.8M 3s
[2024-12-06T20:30:26.704+0000] {subprocess.py:106} INFO -   7450K .......... .......... .......... .......... .......... 35% 33.9M 3s
[2024-12-06T20:30:26.706+0000] {subprocess.py:106} INFO -   7500K .......... .......... .......... .......... .......... 35% 50.1M 3s
[2024-12-06T20:30:26.708+0000] {subprocess.py:106} INFO -   7550K .......... .......... .......... .......... .......... 35% 23.4M 3s
[2024-12-06T20:30:26.709+0000] {subprocess.py:106} INFO -   7600K .......... .......... .......... .......... .......... 35%  213M 3s
[2024-12-06T20:30:26.710+0000] {subprocess.py:106} INFO -   7650K .......... .......... .......... .......... .......... 36%  142M 3s
[2024-12-06T20:30:26.714+0000] {subprocess.py:106} INFO -   7700K .......... .......... .......... .......... .......... 36% 4.95M 3s
[2024-12-06T20:30:26.714+0000] {subprocess.py:106} INFO -   7750K .......... .......... .......... .......... .......... 36%  579K 3s
[2024-12-06T20:30:26.715+0000] {subprocess.py:106} INFO -   7800K .......... .......... .......... .......... .......... 36%  219K 4s
[2024-12-06T20:30:26.718+0000] {subprocess.py:106} INFO -   7850K .......... .......... .......... .......... .......... 37%  884K 4s
[2024-12-06T20:30:26.719+0000] {subprocess.py:106} INFO -   7900K .......... .......... .......... .......... .......... 37%  102M 4s
[2024-12-06T20:30:26.720+0000] {subprocess.py:106} INFO -   7950K .......... .......... .......... .......... .......... 37% 26.3M 4s
[2024-12-06T20:30:26.722+0000] {subprocess.py:106} INFO -   8000K .......... .......... .......... .......... .......... 37% 28.6M 4s
[2024-12-06T20:30:26.725+0000] {subprocess.py:106} INFO -   8050K .......... .......... .......... .......... .......... 38% 70.0M 4s
[2024-12-06T20:30:26.726+0000] {subprocess.py:106} INFO -   8100K .......... .......... .......... .......... .......... 38% 17.4M 4s
[2024-12-06T20:30:26.727+0000] {subprocess.py:106} INFO -   8150K .......... .......... .......... .......... .......... 38% 20.4M 4s
[2024-12-06T20:30:26.727+0000] {subprocess.py:106} INFO -   8200K .......... .......... .......... .......... .......... 38% 17.3M 4s
[2024-12-06T20:30:26.728+0000] {subprocess.py:106} INFO -   8250K .......... .......... .......... .......... .......... 39%  133M 3s
[2024-12-06T20:30:26.729+0000] {subprocess.py:106} INFO -   8300K .......... .......... .......... .......... .......... 39%  215M 3s
[2024-12-06T20:30:26.729+0000] {subprocess.py:106} INFO -   8350K .......... .......... .......... .......... .......... 39% 2.63M 3s
[2024-12-06T20:30:26.730+0000] {subprocess.py:106} INFO -   8400K .......... .......... .......... .......... .......... 39% 4.69M 3s
[2024-12-06T20:30:26.730+0000] {subprocess.py:106} INFO -   8450K .......... .......... .......... .......... .......... 39% 3.61M 3s
[2024-12-06T20:30:26.731+0000] {subprocess.py:106} INFO -   8500K .......... .......... .......... .......... .......... 40%  135M 3s
[2024-12-06T20:30:26.731+0000] {subprocess.py:106} INFO -   8550K .......... .......... .......... .......... .......... 40%  182M 3s
[2024-12-06T20:30:26.732+0000] {subprocess.py:106} INFO -   8600K .......... .......... .......... .......... .......... 40%  193M 3s
[2024-12-06T20:30:26.738+0000] {subprocess.py:106} INFO -   8650K .......... .......... .......... .......... .......... 40% 80.3M 3s
[2024-12-06T20:30:26.739+0000] {subprocess.py:106} INFO -   8700K .......... .......... .......... .......... .......... 41% 18.1M 3s
[2024-12-06T20:30:26.740+0000] {subprocess.py:106} INFO -   8750K .......... .......... .......... .......... .......... 41% 1.54M 3s
[2024-12-06T20:30:26.742+0000] {subprocess.py:106} INFO -   8800K .......... .......... .......... .......... .......... 41% 19.3M 3s
[2024-12-06T20:30:26.743+0000] {subprocess.py:106} INFO -   8850K .......... .......... .......... .......... .......... 41% 18.2M 3s
[2024-12-06T20:30:26.744+0000] {subprocess.py:106} INFO -   8900K .......... .......... .......... .......... .......... 42% 32.3M 3s
[2024-12-06T20:30:26.747+0000] {subprocess.py:106} INFO -   8950K .......... .......... .......... .......... .......... 42% 18.9M 3s
[2024-12-06T20:30:26.748+0000] {subprocess.py:106} INFO -   9000K .......... .......... .......... .......... .......... 42%  154M 3s
[2024-12-06T20:30:26.755+0000] {subprocess.py:106} INFO -   9050K .......... .......... .......... .......... .......... 42%  159M 3s
[2024-12-06T20:30:26.757+0000] {subprocess.py:106} INFO -   9100K .......... .......... .......... .......... .......... 43%  101M 3s
[2024-12-06T20:30:26.759+0000] {subprocess.py:106} INFO -   9150K .......... .......... .......... .......... .......... 43% 25.3M 3s
[2024-12-06T20:30:26.760+0000] {subprocess.py:106} INFO -   9200K .......... .......... .......... .......... .......... 43%  167M 3s
[2024-12-06T20:30:26.761+0000] {subprocess.py:106} INFO -   9250K .......... .......... .......... .......... .......... 43%  212M 3s
[2024-12-06T20:30:26.761+0000] {subprocess.py:106} INFO -   9300K .......... .......... .......... .......... .......... 43%  214M 3s
[2024-12-06T20:30:26.775+0000] {subprocess.py:106} INFO -   9350K .......... .......... .......... .......... .......... 44% 24.9M 3s
[2024-12-06T20:30:26.779+0000] {subprocess.py:106} INFO -   9400K .......... .......... .......... .......... .......... 44%  166M 3s
[2024-12-06T20:30:26.783+0000] {subprocess.py:106} INFO -   9450K .......... .......... .......... .......... .......... 44%  235M 3s
[2024-12-06T20:30:26.784+0000] {subprocess.py:106} INFO -   9500K .......... .......... .......... .......... .......... 44%  271M 3s
[2024-12-06T20:30:26.785+0000] {subprocess.py:106} INFO -   9550K .......... .......... .......... .......... .......... 45% 87.6M 3s
[2024-12-06T20:30:26.786+0000] {subprocess.py:106} INFO -   9600K .......... .......... .......... .......... .......... 45% 43.2M 3s
[2024-12-06T20:30:26.786+0000] {subprocess.py:106} INFO -   9650K .......... .......... .......... .......... .......... 45%  209M 3s
[2024-12-06T20:30:26.788+0000] {subprocess.py:106} INFO -   9700K .......... .......... .......... .......... .......... 45%  104M 3s
[2024-12-06T20:30:26.788+0000] {subprocess.py:106} INFO -   9750K .......... .......... .......... .......... .......... 46%  274M 3s
[2024-12-06T20:30:26.789+0000] {subprocess.py:106} INFO -   9800K .......... .......... .......... .......... .......... 46%  295M 3s
[2024-12-06T20:30:26.791+0000] {subprocess.py:106} INFO -   9850K .......... .......... .......... .......... .......... 46%  300M 3s
[2024-12-06T20:30:26.791+0000] {subprocess.py:106} INFO -   9900K .......... .......... .......... .......... .......... 46%  301M 3s
[2024-12-06T20:30:26.791+0000] {subprocess.py:106} INFO -   9950K .......... .......... .......... .......... .......... 47%  246M 3s
[2024-12-06T20:30:26.792+0000] {subprocess.py:106} INFO -  10000K .......... .......... .......... .......... .......... 47%  111M 3s
[2024-12-06T20:30:26.792+0000] {subprocess.py:106} INFO -  10050K .......... .......... .......... .......... .......... 47%  198M 3s
[2024-12-06T20:30:26.792+0000] {subprocess.py:106} INFO -  10100K .......... .......... .......... .......... .......... 47%  273M 3s
[2024-12-06T20:30:26.793+0000] {subprocess.py:106} INFO -  10150K .......... .......... .......... .......... .......... 47%  185M 3s
[2024-12-06T20:30:26.795+0000] {subprocess.py:106} INFO -  10200K .......... .......... .......... .......... .......... 48% 37.7M 3s
[2024-12-06T20:30:26.795+0000] {subprocess.py:106} INFO -  10250K .......... .......... .......... .......... .......... 48%  218M 2s
[2024-12-06T20:30:26.796+0000] {subprocess.py:106} INFO -  10300K .......... .......... .......... .......... .......... 48%  158M 2s
[2024-12-06T20:30:26.797+0000] {subprocess.py:106} INFO -  10350K .......... .......... .......... .......... .......... 48% 57.9M 2s
[2024-12-06T20:30:26.800+0000] {subprocess.py:106} INFO -  10400K .......... .......... .......... .......... .......... 49%  192M 2s
[2024-12-06T20:30:26.801+0000] {subprocess.py:106} INFO -  10450K .......... .......... .......... .......... .......... 49% 75.9M 2s
[2024-12-06T20:30:26.801+0000] {subprocess.py:106} INFO -  10500K .......... .......... .......... .......... .......... 49% 47.7M 2s
[2024-12-06T20:30:26.802+0000] {subprocess.py:106} INFO -  10550K .......... .......... .......... .......... .......... 49% 88.4M 2s
[2024-12-06T20:30:26.819+0000] {subprocess.py:106} INFO -  10600K .......... .......... .......... .......... .......... 50%  214M 2s
[2024-12-06T20:30:26.820+0000] {subprocess.py:106} INFO -  10650K .......... .......... .......... .......... .......... 50%  266M 2s
[2024-12-06T20:30:26.820+0000] {subprocess.py:106} INFO -  10700K .......... .......... .......... .......... .......... 50%  237M 2s
[2024-12-06T20:30:26.821+0000] {subprocess.py:106} INFO -  10750K .......... .......... .......... .......... .......... 50%  225M 2s
[2024-12-06T20:30:26.821+0000] {subprocess.py:106} INFO -  10800K .......... .......... .......... .......... .......... 51%  197M 2s
[2024-12-06T20:30:26.821+0000] {subprocess.py:106} INFO -  10850K .......... .......... .......... .......... .......... 51%  230M 2s
[2024-12-06T20:30:26.822+0000] {subprocess.py:106} INFO -  10900K .......... .......... .......... .......... .......... 51%  219M 2s
[2024-12-06T20:30:26.825+0000] {subprocess.py:106} INFO -  10950K .......... .......... .......... .......... .......... 51%  238M 2s
[2024-12-06T20:30:26.842+0000] {subprocess.py:106} INFO -  11000K .......... .......... .......... .......... .......... 51%  228M 2s
[2024-12-06T20:30:26.843+0000] {subprocess.py:106} INFO -  11050K .......... .......... .......... .......... .......... 52%  274M 2s
[2024-12-06T20:30:26.844+0000] {subprocess.py:106} INFO -  11100K .......... .......... .......... .......... .......... 52%  167M 2s
[2024-12-06T20:30:26.845+0000] {subprocess.py:106} INFO -  11150K .......... .......... .......... .......... .......... 52%  280M 2s
[2024-12-06T20:30:26.845+0000] {subprocess.py:106} INFO -  11200K .......... .......... .......... .......... .......... 52%  229M 2s
[2024-12-06T20:30:26.846+0000] {subprocess.py:106} INFO -  11250K .......... .......... .......... .......... .......... 53%  222M 2s
[2024-12-06T20:30:26.846+0000] {subprocess.py:106} INFO -  11300K .......... .......... .......... .......... .......... 53%  282M 2s
[2024-12-06T20:30:26.847+0000] {subprocess.py:106} INFO -  11350K .......... .......... .......... .......... .......... 53%  208M 2s
[2024-12-06T20:30:26.848+0000] {subprocess.py:106} INFO -  11400K .......... .......... .......... .......... .......... 53%  200M 2s
[2024-12-06T20:30:26.849+0000] {subprocess.py:106} INFO -  11450K .......... .......... .......... .......... .......... 54%  260M 2s
[2024-12-06T20:30:26.850+0000] {subprocess.py:106} INFO -  11500K .......... .......... .......... .......... .......... 54%  279M 2s
[2024-12-06T20:30:26.850+0000] {subprocess.py:106} INFO -  11550K .......... .......... .......... .......... .......... 54%  248M 2s
[2024-12-06T20:30:26.851+0000] {subprocess.py:106} INFO -  11600K .......... .......... .......... .......... .......... 54%  150M 2s
[2024-12-06T20:30:26.851+0000] {subprocess.py:106} INFO -  11650K .......... .......... .......... .......... .......... 55%  253M 2s
[2024-12-06T20:30:26.852+0000] {subprocess.py:106} INFO -  11700K .......... .......... .......... .......... .......... 55%  253M 2s
[2024-12-06T20:30:26.853+0000] {subprocess.py:106} INFO -  11750K .......... .......... .......... .......... .......... 55%  217M 2s
[2024-12-06T20:30:26.854+0000] {subprocess.py:106} INFO -  11800K .......... .......... .......... .......... .......... 55%  183M 2s
[2024-12-06T20:30:26.854+0000] {subprocess.py:106} INFO -  11850K .......... .......... .......... .......... .......... 55%  159M 2s
[2024-12-06T20:30:26.855+0000] {subprocess.py:106} INFO -  11900K .......... .......... .......... .......... .......... 56%  272M 2s
[2024-12-06T20:30:26.856+0000] {subprocess.py:106} INFO -  11950K .......... .......... .......... .......... .......... 56%  267M 2s
[2024-12-06T20:30:26.859+0000] {subprocess.py:106} INFO -  12000K .......... .......... .......... .......... .......... 56% 93.8M 2s
[2024-12-06T20:30:26.860+0000] {subprocess.py:106} INFO -  12050K .......... .......... .......... .......... .......... 56%  199M 2s
[2024-12-06T20:30:26.861+0000] {subprocess.py:106} INFO -  12100K .......... .......... .......... .......... .......... 57%  177M 2s
[2024-12-06T20:30:26.862+0000] {subprocess.py:106} INFO -  12150K .......... .......... .......... .......... .......... 57%  281M 2s
[2024-12-06T20:30:26.864+0000] {subprocess.py:106} INFO -  12200K .......... .......... .......... .......... .......... 57%  218M 2s
[2024-12-06T20:30:26.864+0000] {subprocess.py:106} INFO -  12250K .......... .......... .......... .......... .......... 57%  240M 2s
[2024-12-06T20:30:26.865+0000] {subprocess.py:106} INFO -  12300K .......... .......... .......... .......... .......... 58%  192M 2s
[2024-12-06T20:30:26.865+0000] {subprocess.py:106} INFO -  12350K .......... .......... .......... .......... .......... 58%  235M 2s
[2024-12-06T20:30:26.867+0000] {subprocess.py:106} INFO -  12400K .......... .......... .......... .......... .......... 58%  320M 2s
[2024-12-06T20:30:26.867+0000] {subprocess.py:106} INFO -  12450K .......... .......... .......... .......... .......... 58%  320M 2s
[2024-12-06T20:30:26.869+0000] {subprocess.py:106} INFO -  12500K .......... .......... .......... .......... .......... 59%  326M 2s
[2024-12-06T20:30:26.870+0000] {subprocess.py:106} INFO -  12550K .......... .......... .......... .......... .......... 59% 77.3M 2s
[2024-12-06T20:30:26.871+0000] {subprocess.py:106} INFO -  12600K .......... .......... .......... .......... .......... 59%  202M 2s
[2024-12-06T20:30:26.871+0000] {subprocess.py:106} INFO -  12650K .......... .......... .......... .......... .......... 59%  132M 2s
[2024-12-06T20:30:26.872+0000] {subprocess.py:106} INFO -  12700K .......... .......... .......... .......... .......... 59% 18.3M 2s
[2024-12-06T20:30:26.872+0000] {subprocess.py:106} INFO -  12750K .......... .......... .......... .......... .......... 60% 60.7M 2s
[2024-12-06T20:30:26.873+0000] {subprocess.py:106} INFO -  12800K .......... .......... .......... .......... .......... 60%  158M 2s
[2024-12-06T20:30:26.873+0000] {subprocess.py:106} INFO -  12850K .......... .......... .......... .......... .......... 60%  232M 2s
[2024-12-06T20:30:26.874+0000] {subprocess.py:106} INFO -  12900K .......... .......... .......... .......... .......... 60%  200M 2s
[2024-12-06T20:30:26.874+0000] {subprocess.py:106} INFO -  12950K .......... .......... .......... .......... .......... 61%  119M 1s
[2024-12-06T20:30:26.874+0000] {subprocess.py:106} INFO -  13000K .......... .......... .......... .......... .......... 61%  222M 1s
[2024-12-06T20:30:26.875+0000] {subprocess.py:106} INFO -  13050K .......... .......... .......... .......... .......... 61%  117M 1s
[2024-12-06T20:30:26.875+0000] {subprocess.py:106} INFO -  13100K .......... .......... .......... .......... .......... 61%  162M 1s
[2024-12-06T20:30:26.875+0000] {subprocess.py:106} INFO -  13150K .......... .......... .......... .......... .......... 62%  216M 1s
[2024-12-06T20:30:26.875+0000] {subprocess.py:106} INFO -  13200K .......... .......... .......... .......... .......... 62%  181M 1s
[2024-12-06T20:30:26.876+0000] {subprocess.py:106} INFO -  13250K .......... .......... .......... .......... .......... 62%  217M 1s
[2024-12-06T20:30:26.876+0000] {subprocess.py:106} INFO -  13300K .......... .......... .......... .......... .......... 62%  204M 1s
[2024-12-06T20:30:26.877+0000] {subprocess.py:106} INFO -  13350K .......... .......... .......... .......... .......... 63%  256M 1s
[2024-12-06T20:30:26.877+0000] {subprocess.py:106} INFO -  13400K .......... .......... .......... .......... .......... 63% 94.7M 1s
[2024-12-06T20:30:26.877+0000] {subprocess.py:106} INFO -  13450K .......... .......... .......... .......... .......... 63%  188M 1s
[2024-12-06T20:30:26.878+0000] {subprocess.py:106} INFO -  13500K .......... .......... .......... .......... .......... 63%  284M 1s
[2024-12-06T20:30:26.878+0000] {subprocess.py:106} INFO -  13550K .......... .......... .......... .......... .......... 63% 85.1M 1s
[2024-12-06T20:30:26.879+0000] {subprocess.py:106} INFO -  13600K .......... .......... .......... .......... .......... 64%  274M 1s
[2024-12-06T20:30:26.879+0000] {subprocess.py:106} INFO -  13650K .......... .......... .......... .......... .......... 64%  253M 1s
[2024-12-06T20:30:26.879+0000] {subprocess.py:106} INFO -  13700K .......... .......... .......... .......... .......... 64%  262M 1s
[2024-12-06T20:30:26.879+0000] {subprocess.py:106} INFO -  13750K .......... .......... .......... .......... .......... 64%  242M 1s
[2024-12-06T20:30:26.880+0000] {subprocess.py:106} INFO -  13800K .......... .......... .......... .......... .......... 65%  105M 1s
[2024-12-06T20:30:26.880+0000] {subprocess.py:106} INFO -  13850K .......... .......... .......... .......... .......... 65%  172M 1s
[2024-12-06T20:30:26.881+0000] {subprocess.py:106} INFO -  13900K .......... .......... .......... .......... .......... 65%  120M 1s
[2024-12-06T20:30:26.881+0000] {subprocess.py:106} INFO -  13950K .......... .......... .......... .......... .......... 65%  184M 1s
[2024-12-06T20:30:26.882+0000] {subprocess.py:106} INFO -  14000K .......... .......... .......... .......... .......... 66% 84.7M 1s
[2024-12-06T20:30:26.883+0000] {subprocess.py:106} INFO -  14050K .......... .......... .......... .......... .......... 66%  236M 1s
[2024-12-06T20:30:26.883+0000] {subprocess.py:106} INFO -  14100K .......... .......... .......... .......... .......... 66% 49.8M 1s
[2024-12-06T20:30:26.883+0000] {subprocess.py:106} INFO -  14150K .......... .......... .......... .......... .......... 66%  257M 1s
[2024-12-06T20:30:26.884+0000] {subprocess.py:106} INFO -  14200K .......... .......... .......... .......... .......... 67%  250M 1s
[2024-12-06T20:30:26.884+0000] {subprocess.py:106} INFO -  14250K .......... .......... .......... .......... .......... 67%  272M 1s
[2024-12-06T20:30:26.884+0000] {subprocess.py:106} INFO -  14300K .......... .......... .......... .......... .......... 67%  129M 1s
[2024-12-06T20:30:26.885+0000] {subprocess.py:106} INFO -  14350K .......... .......... .......... .......... .......... 67%  183M 1s
[2024-12-06T20:30:26.887+0000] {subprocess.py:106} INFO -  14400K .......... .......... .......... .......... .......... 67%  203M 1s
[2024-12-06T20:30:26.888+0000] {subprocess.py:106} INFO -  14450K .......... .......... .......... .......... .......... 68%  146M 1s
[2024-12-06T20:30:26.888+0000] {subprocess.py:106} INFO -  14500K .......... .......... .......... .......... .......... 68%  239M 1s
[2024-12-06T20:30:26.889+0000] {subprocess.py:106} INFO -  14550K .......... .......... .......... .......... .......... 68%  244M 1s
[2024-12-06T20:30:26.889+0000] {subprocess.py:106} INFO -  14600K .......... .......... .......... .......... .......... 68%  245M 1s
[2024-12-06T20:30:26.890+0000] {subprocess.py:106} INFO -  14650K .......... .......... .......... .......... .......... 69% 25.4M 1s
[2024-12-06T20:30:26.890+0000] {subprocess.py:106} INFO -  14700K .......... .......... .......... .......... .......... 69% 9.67M 1s
[2024-12-06T20:30:26.891+0000] {subprocess.py:106} INFO -  14750K .......... .......... .......... .......... .......... 69% 7.00M 1s
[2024-12-06T20:30:26.891+0000] {subprocess.py:106} INFO -  14800K .......... .......... .......... .......... .......... 69% 28.8M 1s
[2024-12-06T20:30:26.891+0000] {subprocess.py:106} INFO -  14850K .......... .......... .......... .......... .......... 70%  155M 1s
[2024-12-06T20:30:26.892+0000] {subprocess.py:106} INFO -  14900K .......... .......... .......... .......... .......... 70% 48.2M 1s
[2024-12-06T20:30:26.892+0000] {subprocess.py:106} INFO -  14950K .......... .......... .......... .......... .......... 70%  103M 1s
[2024-12-06T20:30:26.892+0000] {subprocess.py:106} INFO -  15000K .......... .......... .......... .......... .......... 70%  160M 1s
[2024-12-06T20:30:26.892+0000] {subprocess.py:106} INFO -  15050K .......... .......... .......... .......... .......... 71%  311M 1s
[2024-12-06T20:30:26.893+0000] {subprocess.py:106} INFO -  15100K .......... .......... .......... .......... .......... 71%  278M 1s
[2024-12-06T20:30:26.893+0000] {subprocess.py:106} INFO -  15150K .......... .......... .......... .......... .......... 71%  253M 1s
[2024-12-06T20:30:26.893+0000] {subprocess.py:106} INFO -  15200K .......... .......... .......... .......... .......... 71% 7.47M 1s
[2024-12-06T20:30:26.893+0000] {subprocess.py:106} INFO -  15250K .......... .......... .......... .......... .......... 71%  135M 1s
[2024-12-06T20:30:26.893+0000] {subprocess.py:106} INFO -  15300K .......... .......... .......... .......... .......... 72% 72.5M 1s
[2024-12-06T20:30:26.894+0000] {subprocess.py:106} INFO -  15350K .......... .......... .......... .......... .......... 72% 55.3M 1s
[2024-12-06T20:30:26.894+0000] {subprocess.py:106} INFO -  15400K .......... .......... .......... .......... .......... 72%  235M 1s
[2024-12-06T20:30:26.894+0000] {subprocess.py:106} INFO -  15450K .......... .......... .......... .......... .......... 72% 90.6M 1s
[2024-12-06T20:30:26.894+0000] {subprocess.py:106} INFO -  15500K .......... .......... .......... .......... .......... 73%  154M 1s
[2024-12-06T20:30:26.895+0000] {subprocess.py:106} INFO -  15550K .......... .......... .......... .......... .......... 73%  158M 1s
[2024-12-06T20:30:26.895+0000] {subprocess.py:106} INFO -  15600K .......... .......... .......... .......... .......... 73% 15.6M 1s
[2024-12-06T20:30:26.895+0000] {subprocess.py:106} INFO -  15650K .......... .......... .......... .......... .......... 73% 24.9M 1s
[2024-12-06T20:30:26.895+0000] {subprocess.py:106} INFO -  15700K .......... .......... .......... .......... .......... 74% 26.9M 1s
[2024-12-06T20:30:26.895+0000] {subprocess.py:106} INFO -  15750K .......... .......... .......... .......... .......... 74% 13.2M 1s
[2024-12-06T20:30:26.896+0000] {subprocess.py:106} INFO -  15800K .......... .......... .......... .......... .......... 74% 13.8M 1s
[2024-12-06T20:30:26.897+0000] {subprocess.py:106} INFO -  15850K .......... .......... .......... .......... .......... 74% 60.2M 1s
[2024-12-06T20:30:26.897+0000] {subprocess.py:106} INFO -  15900K .......... .......... .......... .......... .......... 74%  164M 1s
[2024-12-06T20:30:26.897+0000] {subprocess.py:106} INFO -  15950K .......... .......... .......... .......... .......... 75%  245M 1s
[2024-12-06T20:30:26.897+0000] {subprocess.py:106} INFO -  16000K .......... .......... .......... .......... .......... 75%  150M 1s
[2024-12-06T20:30:26.897+0000] {subprocess.py:106} INFO -  16050K .......... .......... .......... .......... .......... 75% 23.4M 1s
[2024-12-06T20:30:26.897+0000] {subprocess.py:106} INFO -  16100K .......... .......... .......... .......... .......... 75% 74.2M 1s
[2024-12-06T20:30:26.897+0000] {subprocess.py:106} INFO -  16150K .......... .......... .......... .......... .......... 76% 50.2M 1s
[2024-12-06T20:30:26.898+0000] {subprocess.py:106} INFO -  16200K .......... .......... .......... .......... .......... 76%  125M 1s
[2024-12-06T20:30:26.898+0000] {subprocess.py:106} INFO -  16250K .......... .......... .......... .......... .......... 76%  106M 1s
[2024-12-06T20:30:26.898+0000] {subprocess.py:106} INFO -  16300K .......... .......... .......... .......... .......... 76%  271M 1s
[2024-12-06T20:30:26.898+0000] {subprocess.py:106} INFO -  16350K .......... .......... .......... .......... .......... 77%  182M 1s
[2024-12-06T20:30:26.898+0000] {subprocess.py:106} INFO -  16400K .......... .......... .......... .......... .......... 77%  173M 1s
[2024-12-06T20:30:26.898+0000] {subprocess.py:106} INFO -  16450K .......... .......... .......... .......... .......... 77%  208M 1s
[2024-12-06T20:30:26.899+0000] {subprocess.py:106} INFO -  16500K .......... .......... .......... .......... .......... 77% 63.3M 1s
[2024-12-06T20:30:26.899+0000] {subprocess.py:106} INFO -  16550K .......... .......... .......... .......... .......... 78% 20.4M 1s
[2024-12-06T20:30:26.899+0000] {subprocess.py:106} INFO -  16600K .......... .......... .......... .......... .......... 78% 86.8M 1s
[2024-12-06T20:30:26.899+0000] {subprocess.py:106} INFO -  16650K .......... .......... .......... .......... .......... 78% 81.1M 1s
[2024-12-06T20:30:26.899+0000] {subprocess.py:106} INFO -  16700K .......... .......... .......... .......... .......... 78%  275M 1s
[2024-12-06T20:30:26.899+0000] {subprocess.py:106} INFO -  16750K .......... .......... .......... .......... .......... 78%  263M 1s
[2024-12-06T20:30:26.900+0000] {subprocess.py:106} INFO -  16800K .......... .......... .......... .......... .......... 79% 57.7M 1s
[2024-12-06T20:30:26.900+0000] {subprocess.py:106} INFO -  16850K .......... .......... .......... .......... .......... 79% 47.8M 1s
[2024-12-06T20:30:26.900+0000] {subprocess.py:106} INFO -  16900K .......... .......... .......... .......... .......... 79% 40.6M 1s
[2024-12-06T20:30:26.900+0000] {subprocess.py:106} INFO -  16950K .......... .......... .......... .......... .......... 79% 20.2M 1s
[2024-12-06T20:30:26.900+0000] {subprocess.py:106} INFO -  17000K .......... .......... .......... .......... .......... 80% 52.4M 1s
[2024-12-06T20:30:26.901+0000] {subprocess.py:106} INFO -  17050K .......... .......... .......... .......... .......... 80% 74.7M 1s
[2024-12-06T20:30:26.901+0000] {subprocess.py:106} INFO -  17100K .......... .......... .......... .......... .......... 80% 84.4M 1s
[2024-12-06T20:30:26.901+0000] {subprocess.py:106} INFO -  17150K .......... .......... .......... .......... .......... 80% 51.9M 1s
[2024-12-06T20:30:26.901+0000] {subprocess.py:106} INFO -  17200K .......... .......... .......... .......... .......... 81%  180M 1s
[2024-12-06T20:30:26.901+0000] {subprocess.py:106} INFO -  17250K .......... .......... .......... .......... .......... 81% 64.7M 1s
[2024-12-06T20:30:26.902+0000] {subprocess.py:106} INFO -  17300K .......... .......... .......... .......... .......... 81% 20.2M 1s
[2024-12-06T20:30:26.902+0000] {subprocess.py:106} INFO -  17350K .......... .......... .......... .......... .......... 81% 46.6M 1s
[2024-12-06T20:30:26.902+0000] {subprocess.py:106} INFO -  17400K .......... .......... .......... .......... .......... 82% 65.0M 1s
[2024-12-06T20:30:26.902+0000] {subprocess.py:106} INFO -  17450K .......... .......... .......... .......... .......... 82% 28.9M 1s
[2024-12-06T20:30:26.902+0000] {subprocess.py:106} INFO -  17500K .......... .......... .......... .......... .......... 82% 14.7M 1s
[2024-12-06T20:30:26.903+0000] {subprocess.py:106} INFO -  17550K .......... .......... .......... .......... .......... 82% 25.0M 1s
[2024-12-06T20:30:26.903+0000] {subprocess.py:106} INFO -  17600K .......... .......... .......... .......... .......... 82%  171M 1s
[2024-12-06T20:30:26.903+0000] {subprocess.py:106} INFO -  17650K .......... .......... .......... .......... .......... 83% 55.7M 0s
[2024-12-06T20:30:26.903+0000] {subprocess.py:106} INFO -  17700K .......... .......... .......... .......... .......... 83%  127M 0s
[2024-12-06T20:30:26.903+0000] {subprocess.py:106} INFO -  17750K .......... .......... .......... .......... .......... 83%  204M 0s
[2024-12-06T20:30:26.903+0000] {subprocess.py:106} INFO -  17800K .......... .......... .......... .......... .......... 83% 45.0M 0s
[2024-12-06T20:30:26.904+0000] {subprocess.py:106} INFO -  17850K .......... .......... .......... .......... .......... 84%  146M 0s
[2024-12-06T20:30:26.904+0000] {subprocess.py:106} INFO -  17900K .......... .......... .......... .......... .......... 84% 38.5M 0s
[2024-12-06T20:30:26.904+0000] {subprocess.py:106} INFO -  17950K .......... .......... .......... .......... .......... 84%  109M 0s
[2024-12-06T20:30:26.904+0000] {subprocess.py:106} INFO -  18000K .......... .......... .......... .......... .......... 84%  100M 0s
[2024-12-06T20:30:26.904+0000] {subprocess.py:106} INFO -  18050K .......... .......... .......... .......... .......... 85%  281M 0s
[2024-12-06T20:30:26.905+0000] {subprocess.py:106} INFO -  18100K .......... .......... .......... .......... .......... 85% 75.4M 0s
[2024-12-06T20:30:26.905+0000] {subprocess.py:106} INFO -  18150K .......... .......... .......... .......... .......... 85% 82.9M 0s
[2024-12-06T20:30:26.905+0000] {subprocess.py:106} INFO -  18200K .......... .......... .......... .......... .......... 85%  106M 0s
[2024-12-06T20:30:26.905+0000] {subprocess.py:106} INFO -  18250K .......... .......... .......... .......... .......... 86% 26.2M 0s
[2024-12-06T20:30:26.905+0000] {subprocess.py:106} INFO -  18300K .......... .......... .......... .......... .......... 86% 83.2M 0s
[2024-12-06T20:30:26.905+0000] {subprocess.py:106} INFO -  18350K .......... .......... .......... .......... .......... 86% 37.8M 0s
[2024-12-06T20:30:26.906+0000] {subprocess.py:106} INFO -  18400K .......... .......... .......... .......... .......... 86%  146M 0s
[2024-12-06T20:30:26.906+0000] {subprocess.py:106} INFO -  18450K .......... .......... .......... .......... .......... 86%  227M 0s
[2024-12-06T20:30:26.906+0000] {subprocess.py:106} INFO -  18500K .......... .......... .......... .......... .......... 87%  244M 0s
[2024-12-06T20:30:26.906+0000] {subprocess.py:106} INFO -  18550K .......... .......... .......... .......... .......... 87%  234M 0s
[2024-12-06T20:30:26.906+0000] {subprocess.py:106} INFO -  18600K .......... .......... .......... .......... .......... 87%  108M 0s
[2024-12-06T20:30:26.906+0000] {subprocess.py:106} INFO -  18650K .......... .......... .......... .......... .......... 87% 81.8M 0s
[2024-12-06T20:30:26.907+0000] {subprocess.py:106} INFO -  18700K .......... .......... .......... .......... .......... 88%  256M 0s
[2024-12-06T20:30:26.907+0000] {subprocess.py:106} INFO -  18750K .......... .......... .......... .......... .......... 88%  141M 0s
[2024-12-06T20:30:26.907+0000] {subprocess.py:106} INFO -  18800K .......... .......... .......... .......... .......... 88% 97.6M 0s
[2024-12-06T20:30:26.907+0000] {subprocess.py:106} INFO -  18850K .......... .......... .......... .......... .......... 88%  229M 0s
[2024-12-06T20:30:26.907+0000] {subprocess.py:106} INFO -  18900K .......... .......... .......... .......... .......... 89% 79.3M 0s
[2024-12-06T20:30:26.908+0000] {subprocess.py:106} INFO -  18950K .......... .......... .......... .......... .......... 89%  311M 0s
[2024-12-06T20:30:26.908+0000] {subprocess.py:106} INFO -  19000K .......... .......... .......... .......... .......... 89%  165M 0s
[2024-12-06T20:30:26.908+0000] {subprocess.py:106} INFO -  19050K .......... .......... .......... .......... .......... 89%  152M 0s
[2024-12-06T20:30:26.908+0000] {subprocess.py:106} INFO -  19100K .......... .......... .......... .......... .......... 90%  339M 0s
[2024-12-06T20:30:26.908+0000] {subprocess.py:106} INFO -  19150K .......... .......... .......... .......... .......... 90%  245M 0s
[2024-12-06T20:30:26.909+0000] {subprocess.py:106} INFO -  19200K .......... .......... .......... .......... .......... 90%  109M 0s
[2024-12-06T20:30:26.909+0000] {subprocess.py:106} INFO -  19250K .......... .......... .......... .......... .......... 90%  240M 0s
[2024-12-06T20:30:26.909+0000] {subprocess.py:106} INFO -  19300K .......... .......... .......... .......... .......... 90%  312M 0s
[2024-12-06T20:30:26.909+0000] {subprocess.py:106} INFO -  19350K .......... .......... .......... .......... .......... 91%  247M 0s
[2024-12-06T20:30:26.909+0000] {subprocess.py:106} INFO -  19400K .......... .......... .......... .......... .......... 91%  282M 0s
[2024-12-06T20:30:26.910+0000] {subprocess.py:106} INFO -  19450K .......... .......... .......... .......... .......... 91%  142M 0s
[2024-12-06T20:30:26.910+0000] {subprocess.py:106} INFO -  19500K .......... .......... .......... .......... .......... 91%  184M 0s
[2024-12-06T20:30:26.910+0000] {subprocess.py:106} INFO -  19550K .......... .......... .......... .......... .......... 92%  227M 0s
[2024-12-06T20:30:26.910+0000] {subprocess.py:106} INFO -  19600K .......... .......... .......... .......... .......... 92%  215M 0s
[2024-12-06T20:30:26.910+0000] {subprocess.py:106} INFO -  19650K .......... .......... .......... .......... .......... 92%  311M 0s
[2024-12-06T20:30:26.911+0000] {subprocess.py:106} INFO -  19700K .......... .......... .......... .......... .......... 92%  316M 0s
[2024-12-06T20:30:26.911+0000] {subprocess.py:106} INFO -  19750K .......... .......... .......... .......... .......... 93%  300M 0s
[2024-12-06T20:30:26.911+0000] {subprocess.py:106} INFO -  19800K .......... .......... .......... .......... .......... 93% 79.9M 0s
[2024-12-06T20:30:26.911+0000] {subprocess.py:106} INFO -  19850K .......... .......... .......... .......... .......... 93%  182M 0s
[2024-12-06T20:30:26.911+0000] {subprocess.py:106} INFO -  19900K .......... .......... .......... .......... .......... 93%  280M 0s
[2024-12-06T20:30:26.912+0000] {subprocess.py:106} INFO -  19950K .......... .......... .......... .......... .......... 94%  273M 0s
[2024-12-06T20:30:26.912+0000] {subprocess.py:106} INFO -  20000K .......... .......... .......... .......... .......... 94% 45.3M 0s
[2024-12-06T20:30:26.912+0000] {subprocess.py:106} INFO -  20050K .......... .......... .......... .......... .......... 94% 94.0M 0s
[2024-12-06T20:30:26.912+0000] {subprocess.py:106} INFO -  20100K .......... .......... .......... .......... .......... 94%  124M 0s
[2024-12-06T20:30:26.912+0000] {subprocess.py:106} INFO -  20150K .......... .......... .......... .......... .......... 94% 53.6M 0s
[2024-12-06T20:30:26.913+0000] {subprocess.py:106} INFO -  20200K .......... .......... .......... .......... .......... 95%  274M 0s
[2024-12-06T20:30:26.913+0000] {subprocess.py:106} INFO -  20250K .......... .......... .......... .......... .......... 95%  181M 0s
[2024-12-06T20:30:26.913+0000] {subprocess.py:106} INFO -  20300K .......... .......... .......... .......... .......... 95% 58.9M 0s
[2024-12-06T20:30:26.913+0000] {subprocess.py:106} INFO -  20350K .......... .......... .......... .......... .......... 95%  235M 0s
[2024-12-06T20:30:26.913+0000] {subprocess.py:106} INFO -  20400K .......... .......... .......... .......... .......... 96% 73.1M 0s
[2024-12-06T20:30:26.914+0000] {subprocess.py:106} INFO -  20450K .......... .......... .......... .......... .......... 96%  174M 0s
[2024-12-06T20:30:26.914+0000] {subprocess.py:106} INFO -  20500K .......... .......... .......... .......... .......... 96%  242M 0s
[2024-12-06T20:30:26.914+0000] {subprocess.py:106} INFO -  20550K .......... .......... .......... .......... .......... 96%  128M 0s
[2024-12-06T20:30:26.914+0000] {subprocess.py:106} INFO -  20600K .......... .......... .......... .......... .......... 97% 53.5M 0s
[2024-12-06T20:30:26.914+0000] {subprocess.py:106} INFO -  20650K .......... .......... .......... .......... .......... 97%  290M 0s
[2024-12-06T20:30:26.915+0000] {subprocess.py:106} INFO -  20700K .......... .......... .......... .......... .......... 97%  226M 0s
[2024-12-06T20:30:26.915+0000] {subprocess.py:106} INFO -  20750K .......... .......... .......... .......... .......... 97% 33.7M 0s
[2024-12-06T20:30:26.915+0000] {subprocess.py:106} INFO -  20800K .......... .......... .......... .......... .......... 98% 80.4M 0s
[2024-12-06T20:30:26.915+0000] {subprocess.py:106} INFO -  20850K .......... .......... .......... .......... .......... 98%  108M 0s
[2024-12-06T20:30:26.916+0000] {subprocess.py:106} INFO -  20900K .......... .......... .......... .......... .......... 98%  262M 0s
[2024-12-06T20:30:26.916+0000] {subprocess.py:106} INFO -  20950K .......... .......... .......... .......... .......... 98% 55.2M 0s
[2024-12-06T20:30:26.916+0000] {subprocess.py:106} INFO -  21000K .......... .......... .......... .......... .......... 98%  172M 0s
[2024-12-06T20:30:26.916+0000] {subprocess.py:106} INFO -  21050K .......... .......... .......... .......... .......... 99%  322M 0s
[2024-12-06T20:30:26.917+0000] {subprocess.py:106} INFO -  21100K .......... .......... .......... .......... .......... 99%  278M 0s
[2024-12-06T20:30:26.917+0000] {subprocess.py:106} INFO -  21150K .......... .......... .......... .......... .......... 99%  319M 0s
[2024-12-06T20:30:26.917+0000] {subprocess.py:106} INFO -  21200K .......... .......... .......... .......... .......... 99%  239M 0s
[2024-12-06T20:30:26.917+0000] {subprocess.py:106} INFO -  21250K .......... ......                                     100%  729M=2.5s
[2024-12-06T20:30:26.918+0000] {subprocess.py:106} INFO - 
[2024-12-06T20:30:26.918+0000] {subprocess.py:106} INFO - 2024-12-06 20:30:26 (8.40 MB/s) - ‘/opt/***/output_2021-02.parquet’ saved [21777258/21777258]
[2024-12-06T20:30:26.918+0000] {subprocess.py:106} INFO - 
[2024-12-06T20:30:26.919+0000] {subprocess.py:110} INFO - Command exited with return code 0
[2024-12-06T20:30:26.985+0000] {taskinstance.py:340} INFO - ::group::Post task execution logs
[2024-12-06T20:30:26.985+0000] {taskinstance.py:352} INFO - Marking task as SUCCESS. dag_id=LocalIngestionDag_v02, task_id=wget, run_id=scheduled__2021-02-02T06:00:00+00:00, execution_date=20210202T060000, start_date=20241206T203023, end_date=20241206T203026
[2024-12-06T20:30:27.103+0000] {local_task_job_runner.py:266} INFO - Task exited with return code 0
[2024-12-06T20:30:27.208+0000] {taskinstance.py:3895} INFO - 1 downstream tasks scheduled from follow-on schedule check
[2024-12-06T20:30:27.212+0000] {local_task_job_runner.py:245} INFO - ::endgroup::
