[2024-12-09T23:46:00.915+0000] {local_task_job_runner.py:123} INFO - ::group::Pre task execution logs
[2024-12-09T23:46:00.964+0000] {taskinstance.py:2613} INFO - Dependencies all met for dep_context=non-requeueable deps ti=<TaskInstance: homework_dag_v2.download_dataset scheduled__2021-06-01T00:00:00+00:00 [queued]>
[2024-12-09T23:46:00.983+0000] {taskinstance.py:2613} INFO - Dependencies all met for dep_context=requeueable deps ti=<TaskInstance: homework_dag_v2.download_dataset scheduled__2021-06-01T00:00:00+00:00 [queued]>
[2024-12-09T23:46:00.984+0000] {taskinstance.py:2866} INFO - Starting attempt 2 of 2
[2024-12-09T23:46:00.993+0000] {taskinstance.py:2889} INFO - Executing <Task(BashOperator): download_dataset> on 2021-06-01 00:00:00+00:00
[2024-12-09T23:46:01.022+0000] {warnings.py:112} WARNING - /home/***/.local/lib/python3.12/site-packages/***/task/task_runner/standard_task_runner.py:70: DeprecationWarning: This process (pid=11858) is multi-threaded, use of fork() may lead to deadlocks in the child.
  pid = os.fork()

[2024-12-09T23:46:01.044+0000] {standard_task_runner.py:72} INFO - Started process 11879 to run task
[2024-12-09T23:46:01.064+0000] {standard_task_runner.py:104} INFO - Running: ['***', 'tasks', 'run', 'homework_dag_v2', 'download_dataset', 'scheduled__2021-06-01T00:00:00+00:00', '--job-id', '174', '--raw', '--subdir', 'DAGS_FOLDER/homework_dag_v2.py', '--cfg-path', '/tmp/tmpolna0ua8']
[2024-12-09T23:46:01.115+0000] {standard_task_runner.py:105} INFO - Job 174: Subtask download_dataset
[2024-12-09T23:46:01.291+0000] {task_command.py:467} INFO - Running <TaskInstance: homework_dag_v2.download_dataset scheduled__2021-06-01T00:00:00+00:00 [running]> on host 39ecaeffba2c
[2024-12-09T23:46:01.347+0000] {taskinstance.py:3132} INFO - Exporting env vars: AIRFLOW_CTX_DAG_OWNER='***' AIRFLOW_CTX_DAG_ID='homework_dag_v2' AIRFLOW_CTX_TASK_ID='download_dataset' AIRFLOW_CTX_EXECUTION_DATE='2021-06-01T00:00:00+00:00' AIRFLOW_CTX_TRY_NUMBER='2' AIRFLOW_CTX_DAG_RUN_ID='scheduled__2021-06-01T00:00:00+00:00'
[2024-12-09T23:46:01.348+0000] {taskinstance.py:731} INFO - ::endgroup::
[2024-12-09T23:46:01.364+0000] {subprocess.py:78} INFO - Tmp dir root location: /tmp
[2024-12-09T23:46:01.365+0000] {subprocess.py:88} INFO - Running command: ['/usr/bin/bash', '-c', 'wget https://d37ci6vzurychx.cloudfront.net/trip-data/green_tripdata_2021-06.parquet -O /opt/***/green_tripdata_2021-06.parquet']
[2024-12-09T23:46:01.374+0000] {subprocess.py:99} INFO - Output:
[2024-12-09T23:46:01.377+0000] {subprocess.py:106} INFO - --2024-12-09 23:46:01--  https://d37ci6vzurychx.cloudfront.net/trip-data/green_tripdata_2021-06.parquet
[2024-12-09T23:46:01.396+0000] {subprocess.py:106} INFO - Resolving d37ci6vzurychx.cloudfront.net (d37ci6vzurychx.cloudfront.net)... 52.85.39.117, 52.85.39.97, 52.85.39.153, ...
[2024-12-09T23:46:01.410+0000] {subprocess.py:106} INFO - Connecting to d37ci6vzurychx.cloudfront.net (d37ci6vzurychx.cloudfront.net)|52.85.39.117|:443... connected.
[2024-12-09T23:46:01.840+0000] {subprocess.py:106} INFO - HTTP request sent, awaiting response... 200 OK
[2024-12-09T23:46:01.844+0000] {subprocess.py:106} INFO - Length: 1676692 (1.6M) [binary/octet-stream]
[2024-12-09T23:46:01.845+0000] {subprocess.py:106} INFO - Saving to: ‘/opt/***/green_tripdata_2021-06.parquet’
[2024-12-09T23:46:01.845+0000] {subprocess.py:106} INFO - 
[2024-12-09T23:46:01.906+0000] {subprocess.py:106} INFO -      0K .......... .......... .......... .......... ..........  3%  772K 2s
[2024-12-09T23:46:01.969+0000] {subprocess.py:106} INFO -     50K .......... .......... .......... .......... ..........  6%  778K 2s
[2024-12-09T23:46:02.026+0000] {subprocess.py:106} INFO -    100K .......... .......... .......... .......... ..........  9%  890K 2s
[2024-12-09T23:46:02.046+0000] {subprocess.py:106} INFO -    150K .......... .......... .......... .......... .......... 12% 2.41M 1s
[2024-12-09T23:46:02.047+0000] {subprocess.py:106} INFO -    200K .......... .......... .......... .......... .......... 15%  215M 1s
[2024-12-09T23:46:02.048+0000] {subprocess.py:106} INFO -    250K .......... .......... .......... .......... .......... 18%  188M 1s
[2024-12-09T23:46:02.089+0000] {subprocess.py:106} INFO -    300K .......... .......... .......... .......... .......... 21% 1.14M 1s
[2024-12-09T23:46:02.091+0000] {subprocess.py:106} INFO -    350K .......... .......... .......... .......... .......... 24% 28.0M 1s
[2024-12-09T23:46:02.101+0000] {subprocess.py:106} INFO -    400K .......... .......... .......... .......... .......... 27% 36.4M 1s
[2024-12-09T23:46:02.103+0000] {subprocess.py:106} INFO -    450K .......... .......... .......... .......... .......... 30% 4.42M 1s
[2024-12-09T23:46:02.119+0000] {subprocess.py:106} INFO -    500K .......... .......... .......... .......... .......... 33% 3.19M 1s
[2024-12-09T23:46:02.119+0000] {subprocess.py:106} INFO -    550K .......... .......... .......... .......... .......... 36% 96.9M 0s
[2024-12-09T23:46:02.149+0000] {subprocess.py:106} INFO -    600K .......... .......... .......... .......... .......... 39% 1.74M 0s
[2024-12-09T23:46:02.153+0000] {subprocess.py:106} INFO -    650K .......... .......... .......... .......... .......... 42% 13.3M 0s
[2024-12-09T23:46:02.154+0000] {subprocess.py:106} INFO -    700K .......... .......... .......... .......... .......... 45% 26.0M 0s
[2024-12-09T23:46:02.156+0000] {subprocess.py:106} INFO -    750K .......... .......... .......... .......... .......... 48% 15.1M 0s
[2024-12-09T23:46:02.158+0000] {subprocess.py:106} INFO -    800K .......... .......... .......... .......... .......... 51% 40.5M 0s
[2024-12-09T23:46:02.160+0000] {subprocess.py:106} INFO -    850K .......... .......... .......... .......... .......... 54%  173M 0s
[2024-12-09T23:46:02.160+0000] {subprocess.py:106} INFO -    900K .......... .......... .......... .......... .......... 58% 26.7M 0s
[2024-12-09T23:46:02.161+0000] {subprocess.py:106} INFO -    950K .......... .......... .......... .......... .......... 61% 48.6M 0s
[2024-12-09T23:46:02.163+0000] {subprocess.py:106} INFO -   1000K .......... .......... .......... .......... .......... 64% 32.1M 0s
[2024-12-09T23:46:02.165+0000] {subprocess.py:106} INFO -   1050K .......... .......... .......... .......... .......... 67% 25.1M 0s
[2024-12-09T23:46:02.167+0000] {subprocess.py:106} INFO -   1100K .......... .......... .......... .......... .......... 70% 40.8M 0s
[2024-12-09T23:46:02.170+0000] {subprocess.py:106} INFO -   1150K .......... .......... .......... .......... .......... 73% 11.1M 0s
[2024-12-09T23:46:02.172+0000] {subprocess.py:106} INFO -   1200K .......... .......... .......... .......... .......... 76% 42.8M 0s
[2024-12-09T23:46:02.208+0000] {subprocess.py:106} INFO -   1250K .......... .......... .......... .......... .......... 79% 1.30M 0s
[2024-12-09T23:46:02.209+0000] {subprocess.py:106} INFO -   1300K .......... .......... .......... .......... .......... 82%  246M 0s
[2024-12-09T23:46:02.212+0000] {subprocess.py:106} INFO -   1350K .......... .......... .......... .......... .......... 85% 38.9M 0s
[2024-12-09T23:46:02.213+0000] {subprocess.py:106} INFO -   1400K .......... .......... .......... .......... .......... 88% 78.1M 0s
[2024-12-09T23:46:02.213+0000] {subprocess.py:106} INFO -   1450K .......... .......... .......... .......... .......... 91%  144M 0s
[2024-12-09T23:46:02.214+0000] {subprocess.py:106} INFO -   1500K .......... .......... .......... .......... .......... 94% 74.1M 0s
[2024-12-09T23:46:02.215+0000] {subprocess.py:106} INFO -   1550K .......... .......... .......... .......... .......... 97% 51.6M 0s
[2024-12-09T23:46:02.215+0000] {subprocess.py:106} INFO -   1600K .......... .......... .......... .......              100%  111M=0.4s
[2024-12-09T23:46:02.215+0000] {subprocess.py:106} INFO - 
[2024-12-09T23:46:02.215+0000] {subprocess.py:106} INFO - 2024-12-09 23:46:02 (4.30 MB/s) - ‘/opt/***/green_tripdata_2021-06.parquet’ saved [1676692/1676692]
[2024-12-09T23:46:02.216+0000] {subprocess.py:106} INFO - 
[2024-12-09T23:46:02.216+0000] {subprocess.py:110} INFO - Command exited with return code 0
[2024-12-09T23:46:02.259+0000] {taskinstance.py:340} INFO - ::group::Post task execution logs
[2024-12-09T23:46:02.260+0000] {taskinstance.py:352} INFO - Marking task as SUCCESS. dag_id=homework_dag_v2, task_id=download_dataset, run_id=scheduled__2021-06-01T00:00:00+00:00, execution_date=20210601T000000, start_date=20241209T234600, end_date=20241209T234602
[2024-12-09T23:46:02.299+0000] {local_task_job_runner.py:266} INFO - Task exited with return code 0
[2024-12-09T23:46:02.354+0000] {taskinstance.py:3895} INFO - 1 downstream tasks scheduled from follow-on schedule check
[2024-12-09T23:46:02.360+0000] {local_task_job_runner.py:245} INFO - ::endgroup::
