[2024-12-04T00:00:06.201+0000] {local_task_job_runner.py:123} INFO - ::group::Pre task execution logs
[2024-12-04T00:00:06.211+0000] {taskinstance.py:2613} INFO - Dependencies all met for dep_context=non-requeueable deps ti=<TaskInstance: data_ingestion_gcs_dag.bigquery_external_table_task scheduled__2024-12-03T00:00:00+00:00 [queued]>
[2024-12-04T00:00:06.215+0000] {taskinstance.py:2613} INFO - Dependencies all met for dep_context=requeueable deps ti=<TaskInstance: data_ingestion_gcs_dag.bigquery_external_table_task scheduled__2024-12-03T00:00:00+00:00 [queued]>
[2024-12-04T00:00:06.215+0000] {taskinstance.py:2866} INFO - Starting attempt 1 of 2
[2024-12-04T00:00:06.222+0000] {taskinstance.py:2889} INFO - Executing <Task(BigQueryCreateExternalTableOperator): bigquery_external_table_task> on 2024-12-03 00:00:00+00:00
[2024-12-04T00:00:06.226+0000] {warnings.py:112} WARNING - /home/***/.local/lib/python3.12/site-packages/***/task/task_runner/standard_task_runner.py:70: DeprecationWarning: This process (pid=69433) is multi-threaded, use of fork() may lead to deadlocks in the child.
  pid = os.fork()

[2024-12-04T00:00:06.227+0000] {standard_task_runner.py:72} INFO - Started process 69434 to run task
[2024-12-04T00:00:06.227+0000] {standard_task_runner.py:104} INFO - Running: ['***', 'tasks', 'run', 'data_ingestion_gcs_dag', 'bigquery_external_table_task', 'scheduled__2024-12-03T00:00:00+00:00', '--job-id', '141', '--raw', '--subdir', 'DAGS_FOLDER/data_ingestion_gcs_dag.py', '--cfg-path', '/tmp/tmp2adyr3_f']
[2024-12-04T00:00:06.229+0000] {standard_task_runner.py:105} INFO - Job 141: Subtask bigquery_external_table_task
[2024-12-04T00:00:06.254+0000] {task_command.py:467} INFO - Running <TaskInstance: data_ingestion_gcs_dag.bigquery_external_table_task scheduled__2024-12-03T00:00:00+00:00 [running]> on host 4cef807186dc
[2024-12-04T00:00:06.295+0000] {taskinstance.py:3132} INFO - Exporting env vars: AIRFLOW_CTX_DAG_OWNER='***' AIRFLOW_CTX_DAG_ID='data_ingestion_gcs_dag' AIRFLOW_CTX_TASK_ID='bigquery_external_table_task' AIRFLOW_CTX_EXECUTION_DATE='2024-12-03T00:00:00+00:00' AIRFLOW_CTX_TRY_NUMBER='1' AIRFLOW_CTX_DAG_RUN_ID='scheduled__2024-12-03T00:00:00+00:00'
[2024-12-04T00:00:06.296+0000] {taskinstance.py:731} INFO - ::endgroup::
[2024-12-04T00:00:06.304+0000] {crypto.py:82} WARNING - empty cryptography key - values will not be stored encrypted.
[2024-12-04T00:00:06.305+0000] {connection.py:277} WARNING - Connection schemes (type: google_cloud_platform) shall not contain '_' according to RFC3986.
[2024-12-04T00:00:06.305+0000] {base.py:84} INFO - Retrieving connection 'google_cloud_default'
[2024-12-04T00:00:07.210+0000] {taskinstance.py:340} INFO - ::group::Post task execution logs
[2024-12-04T00:00:07.211+0000] {taskinstance.py:352} INFO - Marking task as SUCCESS. dag_id=data_ingestion_gcs_dag, task_id=bigquery_external_table_task, run_id=scheduled__2024-12-03T00:00:00+00:00, execution_date=20241203T000000, start_date=20241204T000006, end_date=20241204T000007
[2024-12-04T00:00:07.230+0000] {local_task_job_runner.py:266} INFO - Task exited with return code 0
[2024-12-04T00:00:07.239+0000] {taskinstance.py:3895} INFO - 0 downstream tasks scheduled from follow-on schedule check
[2024-12-04T00:00:07.240+0000] {local_task_job_runner.py:245} INFO - ::endgroup::
