[2024-12-06T17:46:20.894+0000] {local_task_job_runner.py:123} INFO - ::group::Pre task execution logs
[2024-12-06T17:46:20.948+0000] {taskinstance.py:2613} INFO - Dependencies all met for dep_context=non-requeueable deps ti=<TaskInstance: LocalIngestionDag_v02.wget scheduled__2021-04-02T06:00:00+00:00 [queued]>
[2024-12-06T17:46:20.980+0000] {taskinstance.py:2613} INFO - Dependencies all met for dep_context=requeueable deps ti=<TaskInstance: LocalIngestionDag_v02.wget scheduled__2021-04-02T06:00:00+00:00 [queued]>
[2024-12-06T17:46:20.983+0000] {taskinstance.py:2866} INFO - Starting attempt 1 of 1
[2024-12-06T17:46:20.996+0000] {taskinstance.py:2889} INFO - Executing <Task(BashOperator): wget> on 2021-04-02 06:00:00+00:00
[2024-12-06T17:46:21.001+0000] {warnings.py:112} WARNING - /home/***/.local/lib/python3.12/site-packages/***/task/task_runner/standard_task_runner.py:70: DeprecationWarning: This process (pid=2149) is multi-threaded, use of fork() may lead to deadlocks in the child.
  pid = os.fork()

[2024-12-06T17:46:21.002+0000] {standard_task_runner.py:72} INFO - Started process 2152 to run task
[2024-12-06T17:46:21.004+0000] {standard_task_runner.py:104} INFO - Running: ['***', 'tasks', 'run', 'LocalIngestionDag_v02', 'wget', 'scheduled__2021-04-02T06:00:00+00:00', '--job-id', '40', '--raw', '--subdir', 'DAGS_FOLDER/data_ingestion_local.py', '--cfg-path', '/tmp/tmpmzwkfdrm']
[2024-12-06T17:46:21.006+0000] {standard_task_runner.py:105} INFO - Job 40: Subtask wget
[2024-12-06T17:46:21.063+0000] {task_command.py:467} INFO - Running <TaskInstance: LocalIngestionDag_v02.wget scheduled__2021-04-02T06:00:00+00:00 [running]> on host 39ecaeffba2c
[2024-12-06T17:46:21.783+0000] {taskinstance.py:3132} INFO - Exporting env vars: AIRFLOW_CTX_DAG_OWNER='***' AIRFLOW_CTX_DAG_ID='LocalIngestionDag_v02' AIRFLOW_CTX_TASK_ID='wget' AIRFLOW_CTX_EXECUTION_DATE='2021-04-02T06:00:00+00:00' AIRFLOW_CTX_TRY_NUMBER='1' AIRFLOW_CTX_DAG_RUN_ID='scheduled__2021-04-02T06:00:00+00:00'
[2024-12-06T17:46:21.795+0000] {taskinstance.py:731} INFO - ::endgroup::
[2024-12-06T17:46:21.886+0000] {subprocess.py:78} INFO - Tmp dir root location: /tmp
[2024-12-06T17:46:21.887+0000] {subprocess.py:88} INFO - Running command: ['/usr/bin/bash', '-c', 'wget https://d37ci6vzurychx.cloudfront.net/trip-data/yellow_tripdata_2021-04.parquet -O /opt/***/output_2021-04.parquet']
[2024-12-06T17:46:21.915+0000] {subprocess.py:99} INFO - Output:
[2024-12-06T17:46:21.934+0000] {subprocess.py:106} INFO - --2024-12-06 17:46:21--  https://d37ci6vzurychx.cloudfront.net/trip-data/yellow_tripdata_2021-04.parquet
[2024-12-06T17:46:21.967+0000] {subprocess.py:106} INFO - Resolving d37ci6vzurychx.cloudfront.net (d37ci6vzurychx.cloudfront.net)... 18.154.99.47, 18.154.99.220, 18.154.99.225, ...
[2024-12-06T17:46:21.979+0000] {subprocess.py:106} INFO - Connecting to d37ci6vzurychx.cloudfront.net (d37ci6vzurychx.cloudfront.net)|18.154.99.47|:443... connected.
[2024-12-06T17:46:22.022+0000] {subprocess.py:106} INFO - HTTP request sent, awaiting response... 200 OK
[2024-12-06T17:46:22.023+0000] {subprocess.py:106} INFO - Length: 34018560 (32M) [application/x-www-form-urlencoded]
[2024-12-06T17:46:22.024+0000] {subprocess.py:106} INFO - Saving to: ‘/opt/***/output_2021-04.parquet’
[2024-12-06T17:46:22.025+0000] {subprocess.py:106} INFO - 
[2024-12-06T17:46:22.035+0000] {subprocess.py:106} INFO -      0K .......... .......... .......... .......... ..........  0% 4.22M 8s
[2024-12-06T17:46:22.038+0000] {subprocess.py:106} INFO -     50K .......... .......... .......... .......... ..........  0% 11.8M 5s
[2024-12-06T17:46:22.045+0000] {subprocess.py:106} INFO -    100K .......... .......... .......... .......... ..........  0% 6.88M 5s
[2024-12-06T17:46:22.049+0000] {subprocess.py:106} INFO -    150K .......... .......... .......... .......... ..........  0% 12.3M 4s
[2024-12-06T17:46:22.052+0000] {subprocess.py:106} INFO -    200K .......... .......... .......... .......... ..........  0% 17.5M 4s
[2024-12-06T17:46:22.056+0000] {subprocess.py:106} INFO -    250K .......... .......... .......... .......... ..........  0% 13.7M 4s
[2024-12-06T17:46:22.057+0000] {subprocess.py:106} INFO -    300K .......... .......... .......... .......... ..........  1% 26.4M 3s
[2024-12-06T17:46:22.059+0000] {subprocess.py:106} INFO -    350K .......... .......... .......... .......... ..........  1% 24.9M 3s
[2024-12-06T17:46:22.061+0000] {subprocess.py:106} INFO -    400K .......... .......... .......... .......... ..........  1% 26.3M 3s
[2024-12-06T17:46:22.063+0000] {subprocess.py:106} INFO -    450K .......... .......... .......... .......... ..........  1% 24.2M 3s
[2024-12-06T17:46:22.065+0000] {subprocess.py:106} INFO -    500K .......... .......... .......... .......... ..........  1% 32.7M 3s
[2024-12-06T17:46:22.067+0000] {subprocess.py:106} INFO -    550K .......... .......... .......... .......... ..........  1% 25.7M 2s
[2024-12-06T17:46:22.068+0000] {subprocess.py:106} INFO -    600K .......... .......... .......... .......... ..........  1% 31.1M 2s
[2024-12-06T17:46:22.071+0000] {subprocess.py:106} INFO -    650K .......... .......... .......... .......... ..........  2% 23.7M 2s
[2024-12-06T17:46:22.072+0000] {subprocess.py:106} INFO -    700K .......... .......... .......... .......... ..........  2% 89.9M 2s
[2024-12-06T17:46:22.072+0000] {subprocess.py:106} INFO -    750K .......... .......... .......... .......... ..........  2% 36.3M 2s
[2024-12-06T17:46:22.073+0000] {subprocess.py:106} INFO -    800K .......... .......... .......... .......... ..........  2% 50.5M 2s
[2024-12-06T17:46:22.074+0000] {subprocess.py:106} INFO -    850K .......... .......... .......... .......... ..........  2% 59.0M 2s
[2024-12-06T17:46:22.089+0000] {subprocess.py:106} INFO -    900K .......... .......... .......... .......... ..........  2% 3.21M 2s
[2024-12-06T17:46:22.097+0000] {subprocess.py:106} INFO -    950K .......... .......... .......... .......... ..........  3% 6.49M 2s
[2024-12-06T17:46:22.099+0000] {subprocess.py:106} INFO -   1000K .......... .......... .......... .......... ..........  3% 65.1M 2s
[2024-12-06T17:46:22.110+0000] {subprocess.py:106} INFO -   1050K .......... .......... .......... .......... ..........  3% 4.23M 3s
[2024-12-06T17:46:22.127+0000] {subprocess.py:106} INFO -   1100K .......... .......... .......... .......... ..........  3% 3.07M 3s
[2024-12-06T17:46:22.156+0000] {subprocess.py:106} INFO -   1150K .......... .......... .......... .......... ..........  3% 17.0M 3s
[2024-12-06T17:46:22.173+0000] {subprocess.py:106} INFO -   1200K .......... .......... .......... .......... ..........  3%  102M 3s
[2024-12-06T17:46:22.175+0000] {subprocess.py:106} INFO -   1250K .......... .......... .......... .......... ..........  3%  108M 3s
[2024-12-06T17:46:22.176+0000] {subprocess.py:106} INFO -   1300K .......... .......... .......... .......... ..........  4% 49.1M 3s
[2024-12-06T17:46:22.182+0000] {subprocess.py:106} INFO -   1350K .......... .......... .......... .......... ..........  4% 43.0M 2s
[2024-12-06T17:46:22.182+0000] {subprocess.py:106} INFO -   1400K .......... .......... .......... .......... ..........  4%  102M 2s
[2024-12-06T17:46:22.183+0000] {subprocess.py:106} INFO -   1450K .......... .......... .......... .......... ..........  4% 91.4M 2s
[2024-12-06T17:46:22.184+0000] {subprocess.py:106} INFO -   1500K .......... .......... .......... .......... ..........  4%  143M 2s
[2024-12-06T17:46:22.184+0000] {subprocess.py:106} INFO -   1550K .......... .......... .......... .......... ..........  4% 55.0M 2s
[2024-12-06T17:46:22.185+0000] {subprocess.py:106} INFO -   1600K .......... .......... .......... .......... ..........  4%  180M 2s
[2024-12-06T17:46:22.186+0000] {subprocess.py:106} INFO -   1650K .......... .......... .......... .......... ..........  5%  120M 2s
[2024-12-06T17:46:22.186+0000] {subprocess.py:106} INFO -   1700K .......... .......... .......... .......... ..........  5%  126M 2s
[2024-12-06T17:46:22.187+0000] {subprocess.py:106} INFO -   1750K .......... .......... .......... .......... ..........  5% 58.8M 2s
[2024-12-06T17:46:22.187+0000] {subprocess.py:106} INFO -   1800K .......... .......... .......... .......... ..........  5% 32.4M 2s
[2024-12-06T17:46:22.188+0000] {subprocess.py:106} INFO -   1850K .......... .......... .......... .......... ..........  5% 75.0M 2s
[2024-12-06T17:46:22.188+0000] {subprocess.py:106} INFO -   1900K .......... .......... .......... .......... ..........  5% 90.9M 2s
[2024-12-06T17:46:22.189+0000] {subprocess.py:106} INFO -   1950K .......... .......... .......... .......... ..........  6% 46.9M 2s
[2024-12-06T17:46:22.189+0000] {subprocess.py:106} INFO -   2000K .......... .......... .......... .......... ..........  6% 74.3M 2s
[2024-12-06T17:46:22.189+0000] {subprocess.py:106} INFO -   2050K .......... .......... .......... .......... ..........  6% 87.9M 2s
[2024-12-06T17:46:22.189+0000] {subprocess.py:106} INFO -   2100K .......... .......... .......... .......... ..........  6% 42.0M 2s
[2024-12-06T17:46:22.190+0000] {subprocess.py:106} INFO -   2150K .......... .......... .......... .......... ..........  6% 50.3M 2s
[2024-12-06T17:46:22.190+0000] {subprocess.py:106} INFO -   2200K .......... .......... .......... .......... ..........  6% 36.6M 2s
[2024-12-06T17:46:22.190+0000] {subprocess.py:106} INFO -   2250K .......... .......... .......... .......... ..........  6% 15.0M 2s
[2024-12-06T17:46:22.190+0000] {subprocess.py:106} INFO -   2300K .......... .......... .......... .......... ..........  7%  107M 2s
[2024-12-06T17:46:22.190+0000] {subprocess.py:106} INFO -   2350K .......... .......... .......... .......... ..........  7% 40.8M 2s
[2024-12-06T17:46:22.191+0000] {subprocess.py:106} INFO -   2400K .......... .......... .......... .......... ..........  7% 55.7M 2s
[2024-12-06T17:46:22.191+0000] {subprocess.py:106} INFO -   2450K .......... .......... .......... .......... ..........  7% 56.2M 2s
[2024-12-06T17:46:22.191+0000] {subprocess.py:106} INFO -   2500K .......... .......... .......... .......... ..........  7% 60.2M 2s
[2024-12-06T17:46:22.191+0000] {subprocess.py:106} INFO -   2550K .......... .......... .......... .......... ..........  7% 44.9M 2s
[2024-12-06T17:46:22.191+0000] {subprocess.py:106} INFO -   2600K .......... .......... .......... .......... ..........  7% 50.3M 2s
[2024-12-06T17:46:22.192+0000] {subprocess.py:106} INFO -   2650K .......... .......... .......... .......... ..........  8% 74.7M 1s
[2024-12-06T17:46:22.192+0000] {subprocess.py:106} INFO -   2700K .......... .......... .......... .......... ..........  8%  165M 1s
[2024-12-06T17:46:22.192+0000] {subprocess.py:106} INFO -   2750K .......... .......... .......... .......... ..........  8% 32.2M 1s
[2024-12-06T17:46:22.192+0000] {subprocess.py:106} INFO -   2800K .......... .......... .......... .......... ..........  8% 55.9M 1s
[2024-12-06T17:46:22.192+0000] {subprocess.py:106} INFO -   2850K .......... .......... .......... .......... ..........  8%  256M 1s
[2024-12-06T17:46:22.193+0000] {subprocess.py:106} INFO -   2900K .......... .......... .......... .......... ..........  8%  151M 1s
[2024-12-06T17:46:22.193+0000] {subprocess.py:106} INFO -   2950K .......... .......... .......... .......... ..........  9% 74.4M 1s
[2024-12-06T17:46:22.193+0000] {subprocess.py:106} INFO -   3000K .......... .......... .......... .......... ..........  9%  142M 1s
[2024-12-06T17:46:22.193+0000] {subprocess.py:106} INFO -   3050K .......... .......... .......... .......... ..........  9%  177M 1s
[2024-12-06T17:46:22.193+0000] {subprocess.py:106} INFO -   3100K .......... .......... .......... .......... ..........  9%  200M 1s
[2024-12-06T17:46:22.194+0000] {subprocess.py:106} INFO -   3150K .......... .......... .......... .......... ..........  9% 48.5M 1s
[2024-12-06T17:46:22.194+0000] {subprocess.py:106} INFO -   3200K .......... .......... .......... .......... ..........  9% 65.5M 1s
[2024-12-06T17:46:22.194+0000] {subprocess.py:106} INFO -   3250K .......... .......... .......... .......... ..........  9% 95.1M 1s
[2024-12-06T17:46:22.194+0000] {subprocess.py:106} INFO -   3300K .......... .......... .......... .......... .......... 10% 64.9M 1s
[2024-12-06T17:46:22.195+0000] {subprocess.py:106} INFO -   3350K .......... .......... .......... .......... .......... 10% 98.4M 1s
[2024-12-06T17:46:22.195+0000] {subprocess.py:106} INFO -   3400K .......... .......... .......... .......... .......... 10% 68.2M 1s
[2024-12-06T17:46:22.195+0000] {subprocess.py:106} INFO -   3450K .......... .......... .......... .......... .......... 10% 18.2M 1s
[2024-12-06T17:46:22.195+0000] {subprocess.py:106} INFO -   3500K .......... .......... .......... .......... .......... 10% 99.6M 1s
[2024-12-06T17:46:22.195+0000] {subprocess.py:106} INFO -   3550K .......... .......... .......... .......... .......... 10% 52.0M 1s
[2024-12-06T17:46:22.196+0000] {subprocess.py:106} INFO -   3600K .......... .......... .......... .......... .......... 10%  106M 1s
[2024-12-06T17:46:22.196+0000] {subprocess.py:106} INFO -   3650K .......... .......... .......... .......... .......... 11%  129M 1s
[2024-12-06T17:46:22.196+0000] {subprocess.py:106} INFO -   3700K .......... .......... .......... .......... .......... 11%  171M 1s
[2024-12-06T17:46:22.197+0000] {subprocess.py:106} INFO -   3750K .......... .......... .......... .......... .......... 11% 90.3M 1s
[2024-12-06T17:46:22.197+0000] {subprocess.py:106} INFO -   3800K .......... .......... .......... .......... .......... 11% 86.0M 1s
[2024-12-06T17:46:22.197+0000] {subprocess.py:106} INFO -   3850K .......... .......... .......... .......... .......... 11%  110M 1s
[2024-12-06T17:46:22.197+0000] {subprocess.py:106} INFO -   3900K .......... .......... .......... .......... .......... 11% 57.3M 1s
[2024-12-06T17:46:22.198+0000] {subprocess.py:106} INFO -   3950K .......... .......... .......... .......... .......... 12%  115M 1s
[2024-12-06T17:46:22.198+0000] {subprocess.py:106} INFO -   4000K .......... .......... .......... .......... .......... 12% 56.3M 1s
[2024-12-06T17:46:22.198+0000] {subprocess.py:106} INFO -   4050K .......... .......... .......... .......... .......... 12% 85.5M 1s
[2024-12-06T17:46:22.198+0000] {subprocess.py:106} INFO -   4100K .......... .......... .......... .......... .......... 12%  140M 1s
[2024-12-06T17:46:22.199+0000] {subprocess.py:106} INFO -   4150K .......... .......... .......... .......... .......... 12%  213M 1s
[2024-12-06T17:46:22.199+0000] {subprocess.py:106} INFO -   4200K .......... .......... .......... .......... .......... 12%  209M 1s
[2024-12-06T17:46:22.199+0000] {subprocess.py:106} INFO -   4250K .......... .......... .......... .......... .......... 12%  201M 1s
[2024-12-06T17:46:22.199+0000] {subprocess.py:106} INFO -   4300K .......... .......... .......... .......... .......... 13%  107M 1s
[2024-12-06T17:46:22.199+0000] {subprocess.py:106} INFO -   4350K .......... .......... .......... .......... .......... 13% 98.6M 1s
[2024-12-06T17:46:22.200+0000] {subprocess.py:106} INFO -   4400K .......... .......... .......... .......... .......... 13%  147M 1s
[2024-12-06T17:46:22.200+0000] {subprocess.py:106} INFO -   4450K .......... .......... .......... .......... .......... 13% 66.7M 1s
[2024-12-06T17:46:22.200+0000] {subprocess.py:106} INFO -   4500K .......... .......... .......... .......... .......... 13%  142M 1s
[2024-12-06T17:46:22.200+0000] {subprocess.py:106} INFO -   4550K .......... .......... .......... .......... .......... 13% 18.5M 1s
[2024-12-06T17:46:22.201+0000] {subprocess.py:106} INFO -   4600K .......... .......... .......... .......... .......... 13%  101M 1s
[2024-12-06T17:46:22.201+0000] {subprocess.py:106} INFO -   4650K .......... .......... .......... .......... .......... 14%  108M 1s
[2024-12-06T17:46:22.201+0000] {subprocess.py:106} INFO -   4700K .......... .......... .......... .......... .......... 14%  166M 1s
[2024-12-06T17:46:22.202+0000] {subprocess.py:106} INFO -   4750K .......... .......... .......... .......... .......... 14%  130M 1s
[2024-12-06T17:46:22.202+0000] {subprocess.py:106} INFO -   4800K .......... .......... .......... .......... .......... 14% 13.7M 1s
[2024-12-06T17:46:22.202+0000] {subprocess.py:106} INFO -   4850K .......... .......... .......... .......... .......... 14% 69.6M 1s
[2024-12-06T17:46:22.203+0000] {subprocess.py:106} INFO -   4900K .......... .......... .......... .......... .......... 14% 76.2M 1s
[2024-12-06T17:46:22.203+0000] {subprocess.py:106} INFO -   4950K .......... .......... .......... .......... .......... 15% 76.7M 1s
[2024-12-06T17:46:22.203+0000] {subprocess.py:106} INFO -   5000K .......... .......... .......... .......... .......... 15%  274M 1s
[2024-12-06T17:46:22.203+0000] {subprocess.py:106} INFO -   5050K .......... .......... .......... .......... .......... 15%  141M 1s
[2024-12-06T17:46:22.203+0000] {subprocess.py:106} INFO -   5100K .......... .......... .......... .......... .......... 15% 73.2M 1s
[2024-12-06T17:46:22.204+0000] {subprocess.py:106} INFO -   5150K .......... .......... .......... .......... .......... 15%  177M 1s
[2024-12-06T17:46:22.204+0000] {subprocess.py:106} INFO -   5200K .......... .......... .......... .......... .......... 15%  224M 1s
[2024-12-06T17:46:22.204+0000] {subprocess.py:106} INFO -   5250K .......... .......... .......... .......... .......... 15%  236M 1s
[2024-12-06T17:46:22.205+0000] {subprocess.py:106} INFO -   5300K .......... .......... .......... .......... .......... 16%  175M 1s
[2024-12-06T17:46:22.205+0000] {subprocess.py:106} INFO -   5350K .......... .......... .......... .......... .......... 16%  203M 1s
[2024-12-06T17:46:22.205+0000] {subprocess.py:106} INFO -   5400K .......... .......... .......... .......... .......... 16%  126M 1s
[2024-12-06T17:46:22.205+0000] {subprocess.py:106} INFO -   5450K .......... .......... .......... .......... .......... 16%  110M 1s
[2024-12-06T17:46:22.205+0000] {subprocess.py:106} INFO -   5500K .......... .......... .......... .......... .......... 16%  239M 1s
[2024-12-06T17:46:22.206+0000] {subprocess.py:106} INFO -   5550K .......... .......... .......... .......... .......... 16%  279M 1s
[2024-12-06T17:46:22.206+0000] {subprocess.py:106} INFO -   5600K .......... .......... .......... .......... .......... 17%  249M 1s
[2024-12-06T17:46:22.206+0000] {subprocess.py:106} INFO -   5650K .......... .......... .......... .......... .......... 17%  194M 1s
[2024-12-06T17:46:22.206+0000] {subprocess.py:106} INFO -   5700K .......... .......... .......... .......... .......... 17%  263M 1s
[2024-12-06T17:46:22.207+0000] {subprocess.py:106} INFO -   5750K .......... .......... .......... .......... .......... 17%  314M 1s
[2024-12-06T17:46:22.216+0000] {subprocess.py:106} INFO -   5800K .......... .......... .......... .......... .......... 17%  263M 1s
[2024-12-06T17:46:22.224+0000] {subprocess.py:106} INFO -   5850K .......... .......... .......... .......... .......... 17% 1.46M 1s
[2024-12-06T17:46:22.226+0000] {subprocess.py:106} INFO -   5900K .......... .......... .......... .......... .......... 17% 24.6M 1s
[2024-12-06T17:46:22.231+0000] {subprocess.py:106} INFO -   5950K .......... .......... .......... .......... .......... 18% 8.87M 1s
[2024-12-06T17:46:22.238+0000] {subprocess.py:106} INFO -   6000K .......... .......... .......... .......... .......... 18% 8.46M 1s
[2024-12-06T17:46:22.242+0000] {subprocess.py:106} INFO -   6050K .......... .......... .......... .......... .......... 18% 9.78M 1s
[2024-12-06T17:46:22.254+0000] {subprocess.py:106} INFO -   6100K .......... .......... .......... .......... .......... 18% 5.78M 1s
[2024-12-06T17:46:22.259+0000] {subprocess.py:106} INFO -   6150K .......... .......... .......... .......... .......... 18% 5.87M 1s
[2024-12-06T17:46:22.262+0000] {subprocess.py:106} INFO -   6200K .......... .......... .......... .......... .......... 18% 17.1M 1s
[2024-12-06T17:46:22.264+0000] {subprocess.py:106} INFO -   6250K .......... .......... .......... .......... .......... 18% 19.9M 1s
[2024-12-06T17:46:22.265+0000] {subprocess.py:106} INFO -   6300K .......... .......... .......... .......... .......... 19%  245M 1s
[2024-12-06T17:46:22.266+0000] {subprocess.py:106} INFO -   6350K .......... .......... .......... .......... .......... 19% 25.3M 1s
[2024-12-06T17:46:22.267+0000] {subprocess.py:106} INFO -   6400K .......... .......... .......... .......... .......... 19% 34.1M 1s
[2024-12-06T17:46:22.270+0000] {subprocess.py:106} INFO -   6450K .......... .......... .......... .......... .......... 19% 21.4M 1s
[2024-12-06T17:46:22.271+0000] {subprocess.py:106} INFO -   6500K .......... .......... .......... .......... .......... 19% 24.8M 1s
[2024-12-06T17:46:22.276+0000] {subprocess.py:106} INFO -   6550K .......... .......... .......... .......... .......... 19% 9.81M 1s
[2024-12-06T17:46:22.283+0000] {subprocess.py:106} INFO -   6600K .......... .......... .......... .......... .......... 20% 13.3M 1s
[2024-12-06T17:46:22.290+0000] {subprocess.py:106} INFO -   6650K .......... .......... .......... .......... .......... 20% 4.72M 1s
[2024-12-06T17:46:22.297+0000] {subprocess.py:106} INFO -   6700K .......... .......... .......... .......... .......... 20% 7.79M 1s
[2024-12-06T17:46:22.301+0000] {subprocess.py:106} INFO -   6750K .......... .......... .......... .......... .......... 20% 13.2M 1s
[2024-12-06T17:46:22.303+0000] {subprocess.py:106} INFO -   6800K .......... .......... .......... .......... .......... 20% 21.9M 1s
[2024-12-06T17:46:22.306+0000] {subprocess.py:106} INFO -   6850K .......... .......... .......... .......... .......... 20% 15.1M 1s
[2024-12-06T17:46:22.307+0000] {subprocess.py:106} INFO -   6900K .......... .......... .......... .......... .......... 20% 32.4M 1s
[2024-12-06T17:46:22.308+0000] {subprocess.py:106} INFO -   6950K .......... .......... .......... .......... .......... 21%  132M 1s
[2024-12-06T17:46:22.308+0000] {subprocess.py:106} INFO -   7000K .......... .......... .......... .......... .......... 21% 99.1M 1s
[2024-12-06T17:46:22.310+0000] {subprocess.py:106} INFO -   7050K .......... .......... .......... .......... .......... 21%  101M 1s
[2024-12-06T17:46:22.310+0000] {subprocess.py:106} INFO -   7100K .......... .......... .......... .......... .......... 21% 98.0M 1s
[2024-12-06T17:46:22.312+0000] {subprocess.py:106} INFO -   7150K .......... .......... .......... .......... .......... 21%  114M 1s
[2024-12-06T17:46:22.312+0000] {subprocess.py:106} INFO -   7200K .......... .......... .......... .......... .......... 21%  104M 1s
[2024-12-06T17:46:22.313+0000] {subprocess.py:106} INFO -   7250K .......... .......... .......... .......... .......... 21% 68.2M 1s
[2024-12-06T17:46:22.316+0000] {subprocess.py:106} INFO -   7300K .......... .......... .......... .......... .......... 22% 86.3M 1s
[2024-12-06T17:46:22.316+0000] {subprocess.py:106} INFO -   7350K .......... .......... .......... .......... .......... 22% 78.9M 1s
[2024-12-06T17:46:22.317+0000] {subprocess.py:106} INFO -   7400K .......... .......... .......... .......... .......... 22%  230M 1s
[2024-12-06T17:46:22.318+0000] {subprocess.py:106} INFO -   7450K .......... .......... .......... .......... .......... 22% 46.9M 1s
[2024-12-06T17:46:22.318+0000] {subprocess.py:106} INFO -   7500K .......... .......... .......... .......... .......... 22% 74.3M 1s
[2024-12-06T17:46:22.321+0000] {subprocess.py:106} INFO -   7550K .......... .......... .......... .......... .......... 22%  217M 1s
[2024-12-06T17:46:22.322+0000] {subprocess.py:106} INFO -   7600K .......... .......... .......... .......... .......... 23%  120M 1s
[2024-12-06T17:46:22.325+0000] {subprocess.py:106} INFO -   7650K .......... .......... .......... .......... .......... 23% 89.1M 1s
[2024-12-06T17:46:22.326+0000] {subprocess.py:106} INFO -   7700K .......... .......... .......... .......... .......... 23% 93.0M 1s
[2024-12-06T17:46:22.326+0000] {subprocess.py:106} INFO -   7750K .......... .......... .......... .......... .......... 23% 53.4M 1s
[2024-12-06T17:46:22.327+0000] {subprocess.py:106} INFO -   7800K .......... .......... .......... .......... .......... 23% 88.3M 1s
[2024-12-06T17:46:22.327+0000] {subprocess.py:106} INFO -   7850K .......... .......... .......... .......... .......... 23% 86.1M 1s
[2024-12-06T17:46:22.328+0000] {subprocess.py:106} INFO -   7900K .......... .......... .......... .......... .......... 23%  253M 1s
[2024-12-06T17:46:22.329+0000] {subprocess.py:106} INFO -   7950K .......... .......... .......... .......... .......... 24%  293M 1s
[2024-12-06T17:46:22.329+0000] {subprocess.py:106} INFO -   8000K .......... .......... .......... .......... .......... 24% 67.9M 1s
[2024-12-06T17:46:22.329+0000] {subprocess.py:106} INFO -   8050K .......... .......... .......... .......... .......... 24% 74.1M 1s
[2024-12-06T17:46:22.330+0000] {subprocess.py:106} INFO -   8100K .......... .......... .......... .......... .......... 24%  137M 1s
[2024-12-06T17:46:22.331+0000] {subprocess.py:106} INFO -   8150K .......... .......... .......... .......... .......... 24% 67.3M 1s
[2024-12-06T17:46:22.331+0000] {subprocess.py:106} INFO -   8200K .......... .......... .......... .......... .......... 24% 86.3M 1s
[2024-12-06T17:46:22.331+0000] {subprocess.py:106} INFO -   8250K .......... .......... .......... .......... .......... 24%  115M 1s
[2024-12-06T17:46:22.332+0000] {subprocess.py:106} INFO -   8300K .......... .......... .......... .......... .......... 25% 53.5M 1s
[2024-12-06T17:46:22.332+0000] {subprocess.py:106} INFO -   8350K .......... .......... .......... .......... .......... 25% 79.3M 1s
[2024-12-06T17:46:22.333+0000] {subprocess.py:106} INFO -   8400K .......... .......... .......... .......... .......... 25%  106M 1s
[2024-12-06T17:46:22.333+0000] {subprocess.py:106} INFO -   8450K .......... .......... .......... .......... .......... 25% 72.7M 1s
[2024-12-06T17:46:22.333+0000] {subprocess.py:106} INFO -   8500K .......... .......... .......... .......... .......... 25% 47.8M 1s
[2024-12-06T17:46:22.333+0000] {subprocess.py:106} INFO -   8550K .......... .......... .......... .......... .......... 25% 50.1M 1s
[2024-12-06T17:46:22.334+0000] {subprocess.py:106} INFO -   8600K .......... .......... .......... .......... .......... 26%  114M 1s
[2024-12-06T17:46:22.334+0000] {subprocess.py:106} INFO -   8650K .......... .......... .......... .......... .......... 26%  102M 1s
[2024-12-06T17:46:22.334+0000] {subprocess.py:106} INFO -   8700K .......... .......... .......... .......... .......... 26% 91.3M 1s
[2024-12-06T17:46:22.334+0000] {subprocess.py:106} INFO -   8750K .......... .......... .......... .......... .......... 26%  102M 1s
[2024-12-06T17:46:22.335+0000] {subprocess.py:106} INFO -   8800K .......... .......... .......... .......... .......... 26% 73.7M 1s
[2024-12-06T17:46:22.335+0000] {subprocess.py:106} INFO -   8850K .......... .......... .......... .......... .......... 26%  104M 1s
[2024-12-06T17:46:22.335+0000] {subprocess.py:106} INFO -   8900K .......... .......... .......... .......... .......... 26%  113M 1s
[2024-12-06T17:46:22.335+0000] {subprocess.py:106} INFO -   8950K .......... .......... .......... .......... .......... 27%  121M 1s
[2024-12-06T17:46:22.336+0000] {subprocess.py:106} INFO -   9000K .......... .......... .......... .......... .......... 27%  109M 1s
[2024-12-06T17:46:22.341+0000] {subprocess.py:106} INFO -   9050K .......... .......... .......... .......... .......... 27% 4.85M 1s
[2024-12-06T17:46:22.343+0000] {subprocess.py:106} INFO -   9100K .......... .......... .......... .......... .......... 27% 22.6M 1s
[2024-12-06T17:46:22.344+0000] {subprocess.py:106} INFO -   9150K .......... .......... .......... .......... .......... 27% 36.6M 1s
[2024-12-06T17:46:22.345+0000] {subprocess.py:106} INFO -   9200K .......... .......... .......... .......... .......... 27%  203M 1s
[2024-12-06T17:46:22.346+0000] {subprocess.py:106} INFO -   9250K .......... .......... .......... .......... .......... 27% 26.9M 1s
[2024-12-06T17:46:22.353+0000] {subprocess.py:106} INFO -   9300K .......... .......... .......... .......... .......... 28% 48.8M 1s
[2024-12-06T17:46:22.354+0000] {subprocess.py:106} INFO -   9350K .......... .......... .......... .......... .......... 28% 44.8M 1s
[2024-12-06T17:46:22.354+0000] {subprocess.py:106} INFO -   9400K .......... .......... .......... .......... .......... 28%  102M 1s
[2024-12-06T17:46:22.355+0000] {subprocess.py:106} INFO -   9450K .......... .......... .......... .......... .......... 28% 43.3M 1s
[2024-12-06T17:46:22.356+0000] {subprocess.py:106} INFO -   9500K .......... .......... .......... .......... .......... 28% 25.5M 1s
[2024-12-06T17:46:22.358+0000] {subprocess.py:106} INFO -   9550K .......... .......... .......... .......... .......... 28%  196M 1s
[2024-12-06T17:46:22.358+0000] {subprocess.py:106} INFO -   9600K .......... .......... .......... .......... .......... 29%  102M 1s
[2024-12-06T17:46:22.358+0000] {subprocess.py:106} INFO -   9650K .......... .......... .......... .......... .......... 29% 77.0M 1s
[2024-12-06T17:46:22.359+0000] {subprocess.py:106} INFO -   9700K .......... .......... .......... .......... .......... 29%  110M 1s
[2024-12-06T17:46:22.359+0000] {subprocess.py:106} INFO -   9750K .......... .......... .......... .......... .......... 29% 57.2M 1s
[2024-12-06T17:46:22.359+0000] {subprocess.py:106} INFO -   9800K .......... .......... .......... .......... .......... 29% 35.1M 1s
[2024-12-06T17:46:22.369+0000] {subprocess.py:106} INFO -   9850K .......... .......... .......... .......... .......... 29% 3.75M 1s
[2024-12-06T17:46:22.376+0000] {subprocess.py:106} INFO -   9900K .......... .......... .......... .......... .......... 29% 6.62M 1s
[2024-12-06T17:46:22.377+0000] {subprocess.py:106} INFO -   9950K .......... .......... .......... .......... .......... 30% 57.7M 1s
[2024-12-06T17:46:22.378+0000] {subprocess.py:106} INFO -  10000K .......... .......... .......... .......... .......... 30%  273M 1s
[2024-12-06T17:46:22.378+0000] {subprocess.py:106} INFO -  10050K .......... .......... .......... .......... .......... 30%  220M 1s
[2024-12-06T17:46:22.379+0000] {subprocess.py:106} INFO -  10100K .......... .......... .......... .......... .......... 30%  136M 1s
[2024-12-06T17:46:22.379+0000] {subprocess.py:106} INFO -  10150K .......... .......... .......... .......... .......... 30%  134M 1s
[2024-12-06T17:46:22.379+0000] {subprocess.py:106} INFO -  10200K .......... .......... .......... .......... .......... 30%  280M 1s
[2024-12-06T17:46:22.379+0000] {subprocess.py:106} INFO -  10250K .......... .......... .......... .......... .......... 31%  256M 1s
[2024-12-06T17:46:22.420+0000] {subprocess.py:106} INFO -  10300K .......... .......... .......... .......... .......... 31% 1.17M 1s
[2024-12-06T17:46:22.421+0000] {subprocess.py:106} INFO -  10350K .......... .......... .......... .......... .......... 31%  208M 1s
[2024-12-06T17:46:22.422+0000] {subprocess.py:106} INFO -  10400K .......... .......... .......... .......... .......... 31% 38.4M 1s
[2024-12-06T17:46:22.423+0000] {subprocess.py:106} INFO -  10450K .......... .......... .......... .......... .......... 31%  169M 1s
[2024-12-06T17:46:22.424+0000] {subprocess.py:106} INFO -  10500K .......... .......... .......... .......... .......... 31%  110M 1s
[2024-12-06T17:46:22.424+0000] {subprocess.py:106} INFO -  10550K .......... .......... .......... .......... .......... 31% 85.0M 1s
[2024-12-06T17:46:22.426+0000] {subprocess.py:106} INFO -  10600K .......... .......... .......... .......... .......... 32%  124M 1s
[2024-12-06T17:46:22.427+0000] {subprocess.py:106} INFO -  10650K .......... .......... .......... .......... .......... 32%  236M 1s
[2024-12-06T17:46:22.434+0000] {subprocess.py:106} INFO -  10700K .......... .......... .......... .......... .......... 32%  178M 1s
[2024-12-06T17:46:22.447+0000] {subprocess.py:106} INFO -  10750K .......... .......... .......... .......... .......... 32%  296M 1s
[2024-12-06T17:46:22.451+0000] {subprocess.py:106} INFO -  10800K .......... .......... .......... .......... .......... 32%  242M 1s
[2024-12-06T17:46:22.460+0000] {subprocess.py:106} INFO -  10850K .......... .......... .......... .......... .......... 32%  283M 1s
[2024-12-06T17:46:22.477+0000] {subprocess.py:106} INFO -  10900K .......... .......... .......... .......... .......... 32%  170M 1s
[2024-12-06T17:46:22.485+0000] {subprocess.py:106} INFO -  10950K .......... .......... .......... .......... .......... 33% 52.6M 1s
[2024-12-06T17:46:22.487+0000] {subprocess.py:106} INFO -  11000K .......... .......... .......... .......... .......... 33%  277M 1s
[2024-12-06T17:46:22.488+0000] {subprocess.py:106} INFO -  11050K .......... .......... .......... .......... .......... 33%  260M 1s
[2024-12-06T17:46:22.489+0000] {subprocess.py:106} INFO -  11100K .......... .......... .......... .......... .......... 33%  208M 1s
[2024-12-06T17:46:22.492+0000] {subprocess.py:106} INFO -  11150K .......... .......... .......... .......... .......... 33% 99.1M 1s
[2024-12-06T17:46:22.493+0000] {subprocess.py:106} INFO -  11200K .......... .......... .......... .......... .......... 33% 73.2M 1s
[2024-12-06T17:46:22.494+0000] {subprocess.py:106} INFO -  11250K .......... .......... .......... .......... .......... 34% 39.8M 1s
[2024-12-06T17:46:22.495+0000] {subprocess.py:106} INFO -  11300K .......... .......... .......... .......... .......... 34% 10.0M 1s
[2024-12-06T17:46:22.495+0000] {subprocess.py:106} INFO -  11350K .......... .......... .......... .......... .......... 34% 6.96M 1s
[2024-12-06T17:46:22.496+0000] {subprocess.py:106} INFO -  11400K .......... .......... .......... .......... .......... 34% 33.8M 1s
[2024-12-06T17:46:22.496+0000] {subprocess.py:106} INFO -  11450K .......... .......... .......... .......... .......... 34%  224M 1s
[2024-12-06T17:46:22.497+0000] {subprocess.py:106} INFO -  11500K .......... .......... .......... .......... .......... 34% 21.3M 1s
[2024-12-06T17:46:22.498+0000] {subprocess.py:106} INFO -  11550K .......... .......... .......... .......... .......... 34% 10.2M 1s
[2024-12-06T17:46:22.499+0000] {subprocess.py:106} INFO -  11600K .......... .......... .......... .......... .......... 35%  134M 1s
[2024-12-06T17:46:22.499+0000] {subprocess.py:106} INFO -  11650K .......... .......... .......... .......... .......... 35% 95.8M 1s
[2024-12-06T17:46:22.500+0000] {subprocess.py:106} INFO -  11700K .......... .......... .......... .......... .......... 35% 1.66M 1s
[2024-12-06T17:46:22.500+0000] {subprocess.py:106} INFO -  11750K .......... .......... .......... .......... .......... 35% 17.1M 1s
[2024-12-06T17:46:22.501+0000] {subprocess.py:106} INFO -  11800K .......... .......... .......... .......... .......... 35% 35.6M 1s
[2024-12-06T17:46:22.502+0000] {subprocess.py:106} INFO -  11850K .......... .......... .......... .......... .......... 35% 35.5M 1s
[2024-12-06T17:46:22.503+0000] {subprocess.py:106} INFO -  11900K .......... .......... .......... .......... .......... 35% 76.9M 1s
[2024-12-06T17:46:22.503+0000] {subprocess.py:106} INFO -  11950K .......... .......... .......... .......... .......... 36% 36.8M 1s
[2024-12-06T17:46:22.504+0000] {subprocess.py:106} INFO -  12000K .......... .......... .......... .......... .......... 36%  100M 1s
[2024-12-06T17:46:22.504+0000] {subprocess.py:106} INFO -  12050K .......... .......... .......... .......... .......... 36% 27.3M 1s
[2024-12-06T17:46:22.505+0000] {subprocess.py:106} INFO -  12100K .......... .......... .......... .......... .......... 36% 14.1M 1s
[2024-12-06T17:46:22.506+0000] {subprocess.py:106} INFO -  12150K .......... .......... .......... .......... .......... 36% 85.1M 1s
[2024-12-06T17:46:22.506+0000] {subprocess.py:106} INFO -  12200K .......... .......... .......... .......... .......... 36%  244M 1s
[2024-12-06T17:46:22.507+0000] {subprocess.py:106} INFO -  12250K .......... .......... .......... .......... .......... 37% 61.9M 1s
[2024-12-06T17:46:22.511+0000] {subprocess.py:106} INFO -  12300K .......... .......... .......... .......... .......... 37% 30.7M 1s
[2024-12-06T17:46:22.513+0000] {subprocess.py:106} INFO -  12350K .......... .......... .......... .......... .......... 37% 89.7M 1s
[2024-12-06T17:46:22.513+0000] {subprocess.py:106} INFO -  12400K .......... .......... .......... .......... .......... 37% 32.8M 1s
[2024-12-06T17:46:22.513+0000] {subprocess.py:106} INFO -  12450K .......... .......... .......... .......... .......... 37% 96.8M 1s
[2024-12-06T17:46:22.516+0000] {subprocess.py:106} INFO -  12500K .......... .......... .......... .......... .......... 37%  269M 1s
[2024-12-06T17:46:22.517+0000] {subprocess.py:106} INFO -  12550K .......... .......... .......... .......... .......... 37% 58.2M 1s
[2024-12-06T17:46:22.517+0000] {subprocess.py:106} INFO -  12600K .......... .......... .......... .......... .......... 38% 39.1M 1s
[2024-12-06T17:46:22.518+0000] {subprocess.py:106} INFO -  12650K .......... .......... .......... .......... .......... 38%  112M 1s
[2024-12-06T17:46:22.518+0000] {subprocess.py:106} INFO -  12700K .......... .......... .......... .......... .......... 38%  128M 1s
[2024-12-06T17:46:22.519+0000] {subprocess.py:106} INFO -  12750K .......... .......... .......... .......... .......... 38% 40.4M 1s
[2024-12-06T17:46:22.519+0000] {subprocess.py:106} INFO -  12800K .......... .......... .......... .......... .......... 38%  116M 1s
[2024-12-06T17:46:22.520+0000] {subprocess.py:106} INFO -  12850K .......... .......... .......... .......... .......... 38% 41.3M 1s
[2024-12-06T17:46:22.521+0000] {subprocess.py:106} INFO -  12900K .......... .......... .......... .......... .......... 38% 96.8M 1s
[2024-12-06T17:46:22.522+0000] {subprocess.py:106} INFO -  12950K .......... .......... .......... .......... .......... 39% 61.6M 1s
[2024-12-06T17:46:22.522+0000] {subprocess.py:106} INFO -  13000K .......... .......... .......... .......... .......... 39%  139M 1s
[2024-12-06T17:46:22.522+0000] {subprocess.py:106} INFO -  13050K .......... .......... .......... .......... .......... 39% 40.4M 1s
[2024-12-06T17:46:22.523+0000] {subprocess.py:106} INFO -  13100K .......... .......... .......... .......... .......... 39% 75.6M 1s
[2024-12-06T17:46:22.523+0000] {subprocess.py:106} INFO -  13150K .......... .......... .......... .......... .......... 39% 92.9M 1s
[2024-12-06T17:46:22.523+0000] {subprocess.py:106} INFO -  13200K .......... .......... .......... .......... .......... 39%  139M 1s
[2024-12-06T17:46:22.524+0000] {subprocess.py:106} INFO -  13250K .......... .......... .......... .......... .......... 40%  166M 1s
[2024-12-06T17:46:22.524+0000] {subprocess.py:106} INFO -  13300K .......... .......... .......... .......... .......... 40% 70.3M 1s
[2024-12-06T17:46:22.524+0000] {subprocess.py:106} INFO -  13350K .......... .......... .......... .......... .......... 40%  125M 1s
[2024-12-06T17:46:22.524+0000] {subprocess.py:106} INFO -  13400K .......... .......... .......... .......... .......... 40% 38.4M 1s
[2024-12-06T17:46:22.525+0000] {subprocess.py:106} INFO -  13450K .......... .......... .......... .......... .......... 40%  158M 1s
[2024-12-06T17:46:22.525+0000] {subprocess.py:106} INFO -  13500K .......... .......... .......... .......... .......... 40% 48.5M 1s
[2024-12-06T17:46:22.525+0000] {subprocess.py:106} INFO -  13550K .......... .......... .......... .......... .......... 40% 39.8M 1s
[2024-12-06T17:46:22.525+0000] {subprocess.py:106} INFO -  13600K .......... .......... .......... .......... .......... 41% 54.1M 1s
[2024-12-06T17:46:22.525+0000] {subprocess.py:106} INFO -  13650K .......... .......... .......... .......... .......... 41%  177M 1s
[2024-12-06T17:46:22.526+0000] {subprocess.py:106} INFO -  13700K .......... .......... .......... .......... .......... 41% 22.6M 1s
[2024-12-06T17:46:22.526+0000] {subprocess.py:106} INFO -  13750K .......... .......... .......... .......... .......... 41%  151M 1s
[2024-12-06T17:46:22.526+0000] {subprocess.py:106} INFO -  13800K .......... .......... .......... .......... .......... 41% 70.5M 1s
[2024-12-06T17:46:22.526+0000] {subprocess.py:106} INFO -  13850K .......... .......... .......... .......... .......... 41% 81.9M 1s
[2024-12-06T17:46:22.527+0000] {subprocess.py:106} INFO -  13900K .......... .......... .......... .......... .......... 41% 84.4M 1s
[2024-12-06T17:46:22.527+0000] {subprocess.py:106} INFO -  13950K .......... .......... .......... .......... .......... 42% 57.5M 1s
[2024-12-06T17:46:22.527+0000] {subprocess.py:106} INFO -  14000K .......... .......... .......... .......... .......... 42%  105M 1s
[2024-12-06T17:46:22.534+0000] {subprocess.py:106} INFO -  14050K .......... .......... .......... .......... .......... 42% 3.64M 1s
[2024-12-06T17:46:22.535+0000] {subprocess.py:106} INFO -  14100K .......... .......... .......... .......... .......... 42%  120M 1s
[2024-12-06T17:46:22.535+0000] {subprocess.py:106} INFO -  14150K .......... .......... .......... .......... .......... 42%  203M 1s
[2024-12-06T17:46:22.536+0000] {subprocess.py:106} INFO -  14200K .......... .......... .......... .......... .......... 42%  171M 1s
[2024-12-06T17:46:22.536+0000] {subprocess.py:106} INFO -  14250K .......... .......... .......... .......... .......... 43%  128M 1s
[2024-12-06T17:46:22.564+0000] {subprocess.py:106} INFO -  14300K .......... .......... .......... .......... .......... 43% 1.75M 1s
[2024-12-06T17:46:22.564+0000] {subprocess.py:106} INFO -  14350K .......... .......... .......... .......... .......... 43%  208M 1s
[2024-12-06T17:46:22.565+0000] {subprocess.py:106} INFO -  14400K .......... .......... .......... .......... .......... 43%  220M 1s
[2024-12-06T17:46:22.567+0000] {subprocess.py:106} INFO -  14450K .......... .......... .......... .......... .......... 43%  215M 1s
[2024-12-06T17:46:22.567+0000] {subprocess.py:106} INFO -  14500K .......... .......... .......... .......... .......... 43%  242M 1s
[2024-12-06T17:46:22.568+0000] {subprocess.py:106} INFO -  14550K .......... .......... .......... .......... .......... 43%  229M 1s
[2024-12-06T17:46:22.568+0000] {subprocess.py:106} INFO -  14600K .......... .......... .......... .......... .......... 44%  270M 1s
[2024-12-06T17:46:22.568+0000] {subprocess.py:106} INFO -  14650K .......... .......... .......... .......... .......... 44%  255M 1s
[2024-12-06T17:46:22.568+0000] {subprocess.py:106} INFO -  14700K .......... .......... .......... .......... .......... 44%  114M 1s
[2024-12-06T17:46:22.569+0000] {subprocess.py:106} INFO -  14750K .......... .......... .......... .......... .......... 44%  172M 1s
[2024-12-06T17:46:22.569+0000] {subprocess.py:106} INFO -  14800K .......... .......... .......... .......... .......... 44%  277M 1s
[2024-12-06T17:46:22.569+0000] {subprocess.py:106} INFO -  14850K .......... .......... .......... .......... .......... 44%  274M 1s
[2024-12-06T17:46:22.569+0000] {subprocess.py:106} INFO -  14900K .......... .......... .......... .......... .......... 45%  195M 1s
[2024-12-06T17:46:22.570+0000] {subprocess.py:106} INFO -  14950K .......... .......... .......... .......... .......... 45%  269M 1s
[2024-12-06T17:46:22.570+0000] {subprocess.py:106} INFO -  15000K .......... .......... .......... .......... .......... 45%  254M 1s
[2024-12-06T17:46:22.570+0000] {subprocess.py:106} INFO -  15050K .......... .......... .......... .......... .......... 45%  267M 1s
[2024-12-06T17:46:22.570+0000] {subprocess.py:106} INFO -  15100K .......... .......... .......... .......... .......... 45%  312M 1s
[2024-12-06T17:46:22.571+0000] {subprocess.py:106} INFO -  15150K .......... .......... .......... .......... .......... 45%  203M 1s
[2024-12-06T17:46:22.571+0000] {subprocess.py:106} INFO -  15200K .......... .......... .......... .......... .......... 45%  292M 1s
[2024-12-06T17:46:22.571+0000] {subprocess.py:106} INFO -  15250K .......... .......... .......... .......... .......... 46%  297M 1s
[2024-12-06T17:46:22.571+0000] {subprocess.py:106} INFO -  15300K .......... .......... .......... .......... .......... 46%  262M 1s
[2024-12-06T17:46:22.584+0000] {subprocess.py:106} INFO -  15350K .......... .......... .......... .......... .......... 46% 3.14M 1s
[2024-12-06T17:46:22.586+0000] {subprocess.py:106} INFO -  15400K .......... .......... .......... .......... .......... 46% 18.4M 1s
[2024-12-06T17:46:22.587+0000] {subprocess.py:106} INFO -  15450K .......... .......... .......... .......... .......... 46% 38.5M 1s
[2024-12-06T17:46:22.589+0000] {subprocess.py:106} INFO -  15500K .......... .......... .......... .......... .......... 46%  128M 1s
[2024-12-06T17:46:22.590+0000] {subprocess.py:106} INFO -  15550K .......... .......... .......... .......... .......... 46% 26.1M 1s
[2024-12-06T17:46:22.592+0000] {subprocess.py:106} INFO -  15600K .......... .......... .......... .......... .......... 47% 53.0M 1s
[2024-12-06T17:46:22.593+0000] {subprocess.py:106} INFO -  15650K .......... .......... .......... .......... .......... 47% 88.2M 1s
[2024-12-06T17:46:22.593+0000] {subprocess.py:106} INFO -  15700K .......... .......... .......... .......... .......... 47% 49.3M 1s
[2024-12-06T17:46:22.594+0000] {subprocess.py:106} INFO -  15750K .......... .......... .......... .......... .......... 47% 57.5M 1s
[2024-12-06T17:46:22.595+0000] {subprocess.py:106} INFO -  15800K .......... .......... .......... .......... .......... 47% 84.4M 1s
[2024-12-06T17:46:22.596+0000] {subprocess.py:106} INFO -  15850K .......... .......... .......... .......... .......... 47%  183M 1s
[2024-12-06T17:46:22.596+0000] {subprocess.py:106} INFO -  15900K .......... .......... .......... .......... .......... 48%  129M 1s
[2024-12-06T17:46:22.596+0000] {subprocess.py:106} INFO -  15950K .......... .......... .......... .......... .......... 48%  120M 1s
[2024-12-06T17:46:22.597+0000] {subprocess.py:106} INFO -  16000K .......... .......... .......... .......... .......... 48%  191M 1s
[2024-12-06T17:46:22.597+0000] {subprocess.py:106} INFO -  16050K .......... .......... .......... .......... .......... 48%  254M 1s
[2024-12-06T17:46:22.597+0000] {subprocess.py:106} INFO -  16100K .......... .......... .......... .......... .......... 48%  210M 1s
[2024-12-06T17:46:22.597+0000] {subprocess.py:106} INFO -  16150K .......... .......... .......... .......... .......... 48%  202M 1s
[2024-12-06T17:46:22.597+0000] {subprocess.py:106} INFO -  16200K .......... .......... .......... .......... .......... 48%  270M 1s
[2024-12-06T17:46:22.598+0000] {subprocess.py:106} INFO -  16250K .......... .......... .......... .......... .......... 49%  262M 1s
[2024-12-06T17:46:22.598+0000] {subprocess.py:106} INFO -  16300K .......... .......... .......... .......... .......... 49%  267M 1s
[2024-12-06T17:46:22.598+0000] {subprocess.py:106} INFO -  16350K .......... .......... .......... .......... .......... 49%  207M 1s
[2024-12-06T17:46:22.609+0000] {subprocess.py:106} INFO -  16400K .......... .......... .......... .......... .......... 49% 3.77M 1s
[2024-12-06T17:46:22.611+0000] {subprocess.py:106} INFO -  16450K .......... .......... .......... .......... .......... 49% 39.1M 1s
[2024-12-06T17:46:22.612+0000] {subprocess.py:106} INFO -  16500K .......... .......... .......... .......... .......... 49%  203M 1s
[2024-12-06T17:46:22.612+0000] {subprocess.py:106} INFO -  16550K .......... .......... .......... .......... .......... 49%  102M 1s
[2024-12-06T17:46:22.613+0000] {subprocess.py:106} INFO -  16600K .......... .......... .......... .......... .......... 50%  174M 1s
[2024-12-06T17:46:22.613+0000] {subprocess.py:106} INFO -  16650K .......... .......... .......... .......... .......... 50%  129M 1s
[2024-12-06T17:46:22.614+0000] {subprocess.py:106} INFO -  16700K .......... .......... .......... .......... .......... 50%  100M 1s
[2024-12-06T17:46:22.614+0000] {subprocess.py:106} INFO -  16750K .......... .......... .......... .......... .......... 50% 63.3M 1s
[2024-12-06T17:46:22.616+0000] {subprocess.py:106} INFO -  16800K .......... .......... .......... .......... .......... 50% 14.7M 1s
[2024-12-06T17:46:22.617+0000] {subprocess.py:106} INFO -  16850K .......... .......... .......... .......... .......... 50% 95.6M 1s
[2024-12-06T17:46:22.617+0000] {subprocess.py:106} INFO -  16900K .......... .......... .......... .......... .......... 51%  229M 1s
[2024-12-06T17:46:22.617+0000] {subprocess.py:106} INFO -  16950K .......... .......... .......... .......... .......... 51%  214M 1s
[2024-12-06T17:46:22.634+0000] {subprocess.py:106} INFO -  17000K .......... .......... .......... .......... .......... 51% 3.00M 1s
[2024-12-06T17:46:22.634+0000] {subprocess.py:106} INFO -  17050K .......... .......... .......... .......... .......... 51%  254M 1s
[2024-12-06T17:46:22.635+0000] {subprocess.py:106} INFO -  17100K .......... .......... .......... .......... .......... 51%  174M 1s
[2024-12-06T17:46:22.635+0000] {subprocess.py:106} INFO -  17150K .......... .......... .......... .......... .......... 51% 40.1M 1s
[2024-12-06T17:46:22.636+0000] {subprocess.py:106} INFO -  17200K .......... .......... .......... .......... .......... 51% 97.2M 1s
[2024-12-06T17:46:22.637+0000] {subprocess.py:106} INFO -  17250K .......... .......... .......... .......... .......... 52%  243M 1s
[2024-12-06T17:46:22.638+0000] {subprocess.py:106} INFO -  17300K .......... .......... .......... .......... .......... 52%  114M 1s
[2024-12-06T17:46:22.640+0000] {subprocess.py:106} INFO -  17350K .......... .......... .......... .......... .......... 52%  198M 1s
[2024-12-06T17:46:22.641+0000] {subprocess.py:106} INFO -  17400K .......... .......... .......... .......... .......... 52%  182M 1s
[2024-12-06T17:46:22.641+0000] {subprocess.py:106} INFO -  17450K .......... .......... .......... .......... .......... 52% 43.8M 1s
[2024-12-06T17:46:22.641+0000] {subprocess.py:106} INFO -  17500K .......... .......... .......... .......... .......... 52%  117M 1s
[2024-12-06T17:46:22.641+0000] {subprocess.py:106} INFO -  17550K .......... .......... .......... .......... .......... 52%  101M 1s
[2024-12-06T17:46:22.641+0000] {subprocess.py:106} INFO -  17600K .......... .......... .......... .......... .......... 53%  151M 1s
[2024-12-06T17:46:22.642+0000] {subprocess.py:106} INFO -  17650K .......... .......... .......... .......... .......... 53%  220M 1s
[2024-12-06T17:46:22.642+0000] {subprocess.py:106} INFO -  17700K .......... .......... .......... .......... .......... 53%  270M 1s
[2024-12-06T17:46:22.642+0000] {subprocess.py:106} INFO -  17750K .......... .......... .......... .......... .......... 53%  210M 1s
[2024-12-06T17:46:22.643+0000] {subprocess.py:106} INFO -  17800K .......... .......... .......... .......... .......... 53%  215M 1s
[2024-12-06T17:46:22.643+0000] {subprocess.py:106} INFO -  17850K .......... .......... .......... .......... .......... 53%  206M 1s
[2024-12-06T17:46:22.644+0000] {subprocess.py:106} INFO -  17900K .......... .......... .......... .......... .......... 54%  263M 1s
[2024-12-06T17:46:22.645+0000] {subprocess.py:106} INFO -  17950K .......... .......... .......... .......... .......... 54%  226M 1s
[2024-12-06T17:46:22.645+0000] {subprocess.py:106} INFO -  18000K .......... .......... .......... .......... .......... 54%  290M 1s
[2024-12-06T17:46:22.652+0000] {subprocess.py:106} INFO -  18050K .......... .......... .......... .......... .......... 54% 4.58M 1s
[2024-12-06T17:46:22.653+0000] {subprocess.py:106} INFO -  18100K .......... .......... .......... .......... .......... 54% 49.4M 1s
[2024-12-06T17:46:22.653+0000] {subprocess.py:106} INFO -  18150K .......... .......... .......... .......... .......... 54% 67.5M 1s
[2024-12-06T17:46:22.656+0000] {subprocess.py:106} INFO -  18200K .......... .......... .......... .......... .......... 54% 21.4M 1s
[2024-12-06T17:46:22.657+0000] {subprocess.py:106} INFO -  18250K .......... .......... .......... .......... .......... 55% 58.7M 1s
[2024-12-06T17:46:22.658+0000] {subprocess.py:106} INFO -  18300K .......... .......... .......... .......... .......... 55% 49.7M 1s
[2024-12-06T17:46:22.659+0000] {subprocess.py:106} INFO -  18350K .......... .......... .......... .......... .......... 55% 56.1M 1s
[2024-12-06T17:46:22.662+0000] {subprocess.py:106} INFO -  18400K .......... .......... .......... .......... .......... 55% 51.6M 1s
[2024-12-06T17:46:22.662+0000] {subprocess.py:106} INFO -  18450K .......... .......... .......... .......... .......... 55% 63.5M 1s
[2024-12-06T17:46:22.666+0000] {subprocess.py:106} INFO -  18500K .......... .......... .......... .......... .......... 55% 87.1M 1s
[2024-12-06T17:46:22.667+0000] {subprocess.py:106} INFO -  18550K .......... .......... .......... .......... .......... 55%  252M 1s
[2024-12-06T17:46:22.667+0000] {subprocess.py:106} INFO -  18600K .......... .......... .......... .......... .......... 56%  179M 0s
[2024-12-06T17:46:22.667+0000] {subprocess.py:106} INFO -  18650K .......... .......... .......... .......... .......... 56% 88.9M 0s
[2024-12-06T17:46:22.667+0000] {subprocess.py:106} INFO -  18700K .......... .......... .......... .......... .......... 56%  181M 0s
[2024-12-06T17:46:22.668+0000] {subprocess.py:106} INFO -  18750K .......... .......... .......... .......... .......... 56% 74.5M 0s
[2024-12-06T17:46:22.668+0000] {subprocess.py:106} INFO -  18800K .......... .......... .......... .......... .......... 56%  121M 0s
[2024-12-06T17:46:22.668+0000] {subprocess.py:106} INFO -  18850K .......... .......... .......... .......... .......... 56%  261M 0s
[2024-12-06T17:46:22.668+0000] {subprocess.py:106} INFO -  18900K .......... .......... .......... .......... .......... 57%  139M 0s
[2024-12-06T17:46:22.668+0000] {subprocess.py:106} INFO -  18950K .......... .......... .......... .......... .......... 57% 69.4M 0s
[2024-12-06T17:46:22.669+0000] {subprocess.py:106} INFO -  19000K .......... .......... .......... .......... .......... 57% 96.2M 0s
[2024-12-06T17:46:22.669+0000] {subprocess.py:106} INFO -  19050K .......... .......... .......... .......... .......... 57%  224M 0s
[2024-12-06T17:46:22.669+0000] {subprocess.py:106} INFO -  19100K .......... .......... .......... .......... .......... 57%  112M 0s
[2024-12-06T17:46:22.674+0000] {subprocess.py:106} INFO -  19150K .......... .......... .......... .......... .......... 57% 5.92M 0s
[2024-12-06T17:46:22.676+0000] {subprocess.py:106} INFO -  19200K .......... .......... .......... .......... .......... 57% 66.2M 0s
[2024-12-06T17:46:22.676+0000] {subprocess.py:106} INFO -  19250K .......... .......... .......... .......... .......... 58% 52.4M 0s
[2024-12-06T17:46:22.676+0000] {subprocess.py:106} INFO -  19300K .......... .......... .......... .......... .......... 58% 56.0M 0s
[2024-12-06T17:46:22.691+0000] {subprocess.py:106} INFO -  19350K .......... .......... .......... .......... .......... 58% 3.23M 0s
[2024-12-06T17:46:22.693+0000] {subprocess.py:106} INFO -  19400K .......... .......... .......... .......... .......... 58%  216M 0s
[2024-12-06T17:46:22.694+0000] {subprocess.py:106} INFO -  19450K .......... .......... .......... .......... .......... 58% 56.1M 0s
[2024-12-06T17:46:22.694+0000] {subprocess.py:106} INFO -  19500K .......... .......... .......... .......... .......... 58% 68.3M 0s
[2024-12-06T17:46:22.695+0000] {subprocess.py:106} INFO -  19550K .......... .......... .......... .......... .......... 58% 73.9M 0s
[2024-12-06T17:46:22.695+0000] {subprocess.py:106} INFO -  19600K .......... .......... .......... .......... .......... 59%  114M 0s
[2024-12-06T17:46:22.696+0000] {subprocess.py:106} INFO -  19650K .......... .......... .......... .......... .......... 59% 69.3M 0s
[2024-12-06T17:46:22.696+0000] {subprocess.py:106} INFO -  19700K .......... .......... .......... .......... .......... 59% 59.1M 0s
[2024-12-06T17:46:22.697+0000] {subprocess.py:106} INFO -  19750K .......... .......... .......... .......... .......... 59% 82.7M 0s
[2024-12-06T17:46:22.697+0000] {subprocess.py:106} INFO -  19800K .......... .......... .......... .......... .......... 59%  245M 0s
[2024-12-06T17:46:22.697+0000] {subprocess.py:106} INFO -  19850K .......... .......... .......... .......... .......... 59%  277M 0s
[2024-12-06T17:46:22.703+0000] {subprocess.py:106} INFO -  19900K .......... .......... .......... .......... .......... 60% 8.36M 0s
[2024-12-06T17:46:22.704+0000] {subprocess.py:106} INFO -  19950K .......... .......... .......... .......... .......... 60% 25.7M 0s
[2024-12-06T17:46:22.707+0000] {subprocess.py:106} INFO -  20000K .......... .......... .......... .......... .......... 60% 19.1M 0s
[2024-12-06T17:46:22.708+0000] {subprocess.py:106} INFO -  20050K .......... .......... .......... .......... .......... 60% 43.3M 0s
[2024-12-06T17:46:22.710+0000] {subprocess.py:106} INFO -  20100K .......... .......... .......... .......... .......... 60% 29.6M 0s
[2024-12-06T17:46:22.712+0000] {subprocess.py:106} INFO -  20150K .......... .......... .......... .......... .......... 60% 92.5M 0s
[2024-12-06T17:46:22.712+0000] {subprocess.py:106} INFO -  20200K .......... .......... .......... .......... .......... 60% 95.5M 0s
[2024-12-06T17:46:22.713+0000] {subprocess.py:106} INFO -  20250K .......... .......... .......... .......... .......... 61% 48.8M 0s
[2024-12-06T17:46:22.730+0000] {subprocess.py:106} INFO -  20300K .......... .......... .......... .......... .......... 61% 2.69M 0s
[2024-12-06T17:46:22.730+0000] {subprocess.py:106} INFO -  20350K .......... .......... .......... .......... .......... 61%  131M 0s
[2024-12-06T17:46:22.731+0000] {subprocess.py:106} INFO -  20400K .......... .......... .......... .......... .......... 61%  255M 0s
[2024-12-06T17:46:22.731+0000] {subprocess.py:106} INFO -  20450K .......... .......... .......... .......... .......... 61%  139M 0s
[2024-12-06T17:46:22.732+0000] {subprocess.py:106} INFO -  20500K .......... .......... .......... .......... .......... 61%  111M 0s
[2024-12-06T17:46:22.733+0000] {subprocess.py:106} INFO -  20550K .......... .......... .......... .......... .......... 62% 53.5M 0s
[2024-12-06T17:46:22.733+0000] {subprocess.py:106} INFO -  20600K .......... .......... .......... .......... .......... 62% 67.5M 0s
[2024-12-06T17:46:22.735+0000] {subprocess.py:106} INFO -  20650K .......... .......... .......... .......... .......... 62%  114M 0s
[2024-12-06T17:46:22.738+0000] {subprocess.py:106} INFO -  20700K .......... .......... .......... .......... .......... 62% 45.7M 0s
[2024-12-06T17:46:22.738+0000] {subprocess.py:106} INFO -  20750K .......... .......... .......... .......... .......... 62% 93.2M 0s
[2024-12-06T17:46:22.738+0000] {subprocess.py:106} INFO -  20800K .......... .......... .......... .......... .......... 62% 66.4M 0s
[2024-12-06T17:46:22.738+0000] {subprocess.py:106} INFO -  20850K .......... .......... .......... .......... .......... 62%  115M 0s
[2024-12-06T17:46:22.739+0000] {subprocess.py:106} INFO -  20900K .......... .......... .......... .......... .......... 63%  126M 0s
[2024-12-06T17:46:22.739+0000] {subprocess.py:106} INFO -  20950K .......... .......... .......... .......... .......... 63%  139M 0s
[2024-12-06T17:46:22.739+0000] {subprocess.py:106} INFO -  21000K .......... .......... .......... .......... .......... 63%  238M 0s
[2024-12-06T17:46:22.739+0000] {subprocess.py:106} INFO -  21050K .......... .......... .......... .......... .......... 63%  328M 0s
[2024-12-06T17:46:22.740+0000] {subprocess.py:106} INFO -  21100K .......... .......... .......... .......... .......... 63%  232M 0s
[2024-12-06T17:46:22.740+0000] {subprocess.py:106} INFO -  21150K .......... .......... .......... .......... .......... 63%  217M 0s
[2024-12-06T17:46:22.740+0000] {subprocess.py:106} INFO -  21200K .......... .......... .......... .......... .......... 63%  279M 0s
[2024-12-06T17:46:22.740+0000] {subprocess.py:106} INFO -  21250K .......... .......... .......... .......... .......... 64%  259M 0s
[2024-12-06T17:46:22.747+0000] {subprocess.py:106} INFO -  21300K .......... .......... .......... .......... .......... 64% 5.60M 0s
[2024-12-06T17:46:22.747+0000] {subprocess.py:106} INFO -  21350K .......... .......... .......... .......... .......... 64% 63.1M 0s
[2024-12-06T17:46:22.748+0000] {subprocess.py:106} INFO -  21400K .......... .......... .......... .......... .......... 64%  288M 0s
[2024-12-06T17:46:22.752+0000] {subprocess.py:106} INFO -  21450K .......... .......... .......... .......... .......... 64% 10.5M 0s
[2024-12-06T17:46:22.753+0000] {subprocess.py:106} INFO -  21500K .......... .......... .......... .......... .......... 64%  231M 0s
[2024-12-06T17:46:22.755+0000] {subprocess.py:106} INFO -  21550K .......... .......... .......... .......... .......... 65% 18.5M 0s
[2024-12-06T17:46:22.755+0000] {subprocess.py:106} INFO -  21600K .......... .......... .......... .......... .......... 65%  220M 0s
[2024-12-06T17:46:22.758+0000] {subprocess.py:106} INFO -  21650K .......... .......... .......... .......... .......... 65% 17.5M 0s
[2024-12-06T17:46:22.764+0000] {subprocess.py:106} INFO -  21700K .......... .......... .......... .......... .......... 65% 92.1M 0s
[2024-12-06T17:46:22.764+0000] {subprocess.py:106} INFO -  21750K .......... .......... .......... .......... .......... 65% 31.9M 0s
[2024-12-06T17:46:22.765+0000] {subprocess.py:106} INFO -  21800K .......... .......... .......... .......... .......... 65% 41.1M 0s
[2024-12-06T17:46:22.766+0000] {subprocess.py:106} INFO -  21850K .......... .......... .......... .......... .......... 65% 58.4M 0s
[2024-12-06T17:46:22.766+0000] {subprocess.py:106} INFO -  21900K .......... .......... .......... .......... .......... 66% 68.5M 0s
[2024-12-06T17:46:22.767+0000] {subprocess.py:106} INFO -  21950K .......... .......... .......... .......... .......... 66% 74.5M 0s
[2024-12-06T17:46:22.767+0000] {subprocess.py:106} INFO -  22000K .......... .......... .......... .......... .......... 66%  132M 0s
[2024-12-06T17:46:22.788+0000] {subprocess.py:106} INFO -  22050K .......... .......... .......... .......... .......... 66% 1.99M 0s
[2024-12-06T17:46:22.789+0000] {subprocess.py:106} INFO -  22100K .......... .......... .......... .......... .......... 66%  264M 0s
[2024-12-06T17:46:22.789+0000] {subprocess.py:106} INFO -  22150K .......... .......... .......... .......... .......... 66%  213M 0s
[2024-12-06T17:46:22.790+0000] {subprocess.py:106} INFO -  22200K .......... .......... .......... .......... .......... 66%  236M 0s
[2024-12-06T17:46:22.791+0000] {subprocess.py:106} INFO -  22250K .......... .......... .......... .......... .......... 67%  257M 0s
[2024-12-06T17:46:22.791+0000] {subprocess.py:106} INFO -  22300K .......... .......... .......... .......... .......... 67%  274M 0s
[2024-12-06T17:46:22.792+0000] {subprocess.py:106} INFO -  22350K .......... .......... .......... .......... .......... 67%  171M 0s
[2024-12-06T17:46:22.792+0000] {subprocess.py:106} INFO -  22400K .......... .......... .......... .......... .......... 67%  239M 0s
[2024-12-06T17:46:22.792+0000] {subprocess.py:106} INFO -  22450K .......... .......... .......... .......... .......... 67%  103M 0s
[2024-12-06T17:46:22.792+0000] {subprocess.py:106} INFO -  22500K .......... .......... .......... .......... .......... 67%  253M 0s
[2024-12-06T17:46:22.793+0000] {subprocess.py:106} INFO -  22550K .......... .......... .......... .......... .......... 68%  196M 0s
[2024-12-06T17:46:22.794+0000] {subprocess.py:106} INFO -  22600K .......... .......... .......... .......... .......... 68%  264M 0s
[2024-12-06T17:46:22.794+0000] {subprocess.py:106} INFO -  22650K .......... .......... .......... .......... .......... 68% 90.6M 0s
[2024-12-06T17:46:22.794+0000] {subprocess.py:106} INFO -  22700K .......... .......... .......... .......... .......... 68% 24.2M 0s
[2024-12-06T17:46:22.795+0000] {subprocess.py:106} INFO -  22750K .......... .......... .......... .......... .......... 68% 91.6M 0s
[2024-12-06T17:46:22.796+0000] {subprocess.py:106} INFO -  22800K .......... .......... .......... .......... .......... 68% 22.6M 0s
[2024-12-06T17:46:22.797+0000] {subprocess.py:106} INFO -  22850K .......... .......... .......... .......... .......... 68%  151M 0s
[2024-12-06T17:46:22.801+0000] {subprocess.py:106} INFO -  22900K .......... .......... .......... .......... .......... 69% 11.0M 0s
[2024-12-06T17:46:22.801+0000] {subprocess.py:106} INFO -  22950K .......... .......... .......... .......... .......... 69%  130M 0s
[2024-12-06T17:46:22.802+0000] {subprocess.py:106} INFO -  23000K .......... .......... .......... .......... .......... 69%  227M 0s
[2024-12-06T17:46:22.808+0000] {subprocess.py:106} INFO -  23050K .......... .......... .......... .......... .......... 69% 8.29M 0s
[2024-12-06T17:46:22.808+0000] {subprocess.py:106} INFO -  23100K .......... .......... .......... .......... .......... 69% 92.0M 0s
[2024-12-06T17:46:22.809+0000] {subprocess.py:106} INFO -  23150K .......... .......... .......... .......... .......... 69% 48.5M 0s
[2024-12-06T17:46:22.810+0000] {subprocess.py:106} INFO -  23200K .......... .......... .......... .......... .......... 69% 57.0M 0s
[2024-12-06T17:46:22.811+0000] {subprocess.py:106} INFO -  23250K .......... .......... .......... .......... .......... 70% 91.6M 0s
[2024-12-06T17:46:22.816+0000] {subprocess.py:106} INFO -  23300K .......... .......... .......... .......... .......... 70% 9.49M 0s
[2024-12-06T17:46:22.818+0000] {subprocess.py:106} INFO -  23350K .......... .......... .......... .......... .......... 70% 24.0M 0s
[2024-12-06T17:46:22.837+0000] {subprocess.py:106} INFO -  23400K .......... .......... .......... .......... .......... 70% 2.61M 0s
[2024-12-06T17:46:22.837+0000] {subprocess.py:106} INFO -  23450K .......... .......... .......... .......... .......... 70% 74.0M 0s
[2024-12-06T17:46:22.838+0000] {subprocess.py:106} INFO -  23500K .......... .......... .......... .......... .......... 70%  268M 0s
[2024-12-06T17:46:22.838+0000] {subprocess.py:106} INFO -  23550K .......... .......... .......... .......... .......... 71%  227M 0s
[2024-12-06T17:46:22.839+0000] {subprocess.py:106} INFO -  23600K .......... .......... .......... .......... .......... 71%  221M 0s
[2024-12-06T17:46:22.839+0000] {subprocess.py:106} INFO -  23650K .......... .......... .......... .......... .......... 71%  225M 0s
[2024-12-06T17:46:22.839+0000] {subprocess.py:106} INFO -  23700K .......... .......... .......... .......... .......... 71%  264M 0s
[2024-12-06T17:46:22.840+0000] {subprocess.py:106} INFO -  23750K .......... .......... .......... .......... .......... 71%  231M 0s
[2024-12-06T17:46:22.840+0000] {subprocess.py:106} INFO -  23800K .......... .......... .......... .......... .......... 71%  138M 0s
[2024-12-06T17:46:22.852+0000] {subprocess.py:106} INFO -  23850K .......... .......... .......... .......... .......... 71% 3.75M 0s
[2024-12-06T17:46:22.852+0000] {subprocess.py:106} INFO -  23900K .......... .......... .......... .......... .......... 72%  177M 0s
[2024-12-06T17:46:22.853+0000] {subprocess.py:106} INFO -  23950K .......... .......... .......... .......... .......... 72%  236M 0s
[2024-12-06T17:46:22.853+0000] {subprocess.py:106} INFO -  24000K .......... .......... .......... .......... .......... 72% 89.2M 0s
[2024-12-06T17:46:22.854+0000] {subprocess.py:106} INFO -  24050K .......... .......... .......... .......... .......... 72%  164M 0s
[2024-12-06T17:46:22.854+0000] {subprocess.py:106} INFO -  24100K .......... .......... .......... .......... .......... 72%  233M 0s
[2024-12-06T17:46:22.855+0000] {subprocess.py:106} INFO -  24150K .......... .......... .......... .......... .......... 72%  218M 0s
[2024-12-06T17:46:22.855+0000] {subprocess.py:106} INFO -  24200K .......... .......... .......... .......... .......... 72%  269M 0s
[2024-12-06T17:46:22.855+0000] {subprocess.py:106} INFO -  24250K .......... .......... .......... .......... .......... 73%  266M 0s
[2024-12-06T17:46:22.855+0000] {subprocess.py:106} INFO -  24300K .......... .......... .......... .......... .......... 73%  228M 0s
[2024-12-06T17:46:22.855+0000] {subprocess.py:106} INFO -  24350K .......... .......... .......... .......... .......... 73%  269M 0s
[2024-12-06T17:46:22.856+0000] {subprocess.py:106} INFO -  24400K .......... .......... .......... .......... .......... 73%  246M 0s
[2024-12-06T17:46:22.856+0000] {subprocess.py:106} INFO -  24450K .......... .......... .......... .......... .......... 73%  272M 0s
[2024-12-06T17:46:22.860+0000] {subprocess.py:106} INFO -  24500K .......... .......... .......... .......... .......... 73% 8.71M 0s
[2024-12-06T17:46:22.861+0000] {subprocess.py:106} INFO -  24550K .......... .......... .......... .......... .......... 74%  210M 0s
[2024-12-06T17:46:22.862+0000] {subprocess.py:106} INFO -  24600K .......... .......... .......... .......... .......... 74%  276M 0s
[2024-12-06T17:46:22.862+0000] {subprocess.py:106} INFO -  24650K .......... .......... .......... .......... .......... 74% 64.4M 0s
[2024-12-06T17:46:22.862+0000] {subprocess.py:106} INFO -  24700K .......... .......... .......... .......... .......... 74%  108M 0s
[2024-12-06T17:46:22.863+0000] {subprocess.py:106} INFO -  24750K .......... .......... .......... .......... .......... 74% 29.5M 0s
[2024-12-06T17:46:22.864+0000] {subprocess.py:106} INFO -  24800K .......... .......... .......... .......... .......... 74%  257M 0s
[2024-12-06T17:46:22.869+0000] {subprocess.py:106} INFO -  24850K .......... .......... .......... .......... .......... 74% 8.41M 0s
[2024-12-06T17:46:22.872+0000] {subprocess.py:106} INFO -  24900K .......... .......... .......... .......... .......... 75% 21.5M 0s
[2024-12-06T17:46:22.876+0000] {subprocess.py:106} INFO -  24950K .......... .......... .......... .......... .......... 75%  121M 0s
[2024-12-06T17:46:22.877+0000] {subprocess.py:106} INFO -  25000K .......... .......... .......... .......... .......... 75%  182M 0s
[2024-12-06T17:46:22.877+0000] {subprocess.py:106} INFO -  25050K .......... .......... .......... .......... .......... 75%  199M 0s
[2024-12-06T17:46:22.877+0000] {subprocess.py:106} INFO -  25100K .......... .......... .......... .......... .......... 75%  256M 0s
[2024-12-06T17:46:22.877+0000] {subprocess.py:106} INFO -  25150K .......... .......... .......... .......... .......... 75%  245M 0s
[2024-12-06T17:46:22.878+0000] {subprocess.py:106} INFO -  25200K .......... .......... .......... .......... .......... 76%  278M 0s
[2024-12-06T17:46:22.878+0000] {subprocess.py:106} INFO -  25250K .......... .......... .......... .......... .......... 76%  254M 0s
[2024-12-06T17:46:22.914+0000] {subprocess.py:106} INFO -  25300K .......... .......... .......... .......... .......... 76% 1.21M 0s
[2024-12-06T17:46:22.915+0000] {subprocess.py:106} INFO -  25350K .......... .......... .......... .......... .......... 76%  178M 0s
[2024-12-06T17:46:22.915+0000] {subprocess.py:106} INFO -  25400K .......... .......... .......... .......... .......... 76%  200M 0s
[2024-12-06T17:46:22.916+0000] {subprocess.py:106} INFO -  25450K .......... .......... .......... .......... .......... 76%  272M 0s
[2024-12-06T17:46:22.916+0000] {subprocess.py:106} INFO -  25500K .......... .......... .......... .......... .......... 76%  255M 0s
[2024-12-06T17:46:22.916+0000] {subprocess.py:106} INFO -  25550K .......... .......... .......... .......... .......... 77%  270M 0s
[2024-12-06T17:46:22.916+0000] {subprocess.py:106} INFO -  25600K .......... .......... .......... .......... .......... 77%  275M 0s
[2024-12-06T17:46:22.917+0000] {subprocess.py:106} INFO -  25650K .......... .......... .......... .......... .......... 77%  220M 0s
[2024-12-06T17:46:22.917+0000] {subprocess.py:106} INFO -  25700K .......... .......... .......... .......... .......... 77%  220M 0s
[2024-12-06T17:46:22.917+0000] {subprocess.py:106} INFO -  25750K .......... .......... .......... .......... .......... 77%  284M 0s
[2024-12-06T17:46:22.918+0000] {subprocess.py:106} INFO -  25800K .......... .......... .......... .......... .......... 77%  290M 0s
[2024-12-06T17:46:22.949+0000] {subprocess.py:106} INFO -  25850K .......... .......... .......... .......... .......... 77% 1.46M 0s
[2024-12-06T17:46:22.951+0000] {subprocess.py:106} INFO -  25900K .......... .......... .......... .......... .......... 78% 75.4M 0s
[2024-12-06T17:46:22.951+0000] {subprocess.py:106} INFO -  25950K .......... .......... .......... .......... .......... 78%  264M 0s
[2024-12-06T17:46:22.952+0000] {subprocess.py:106} INFO -  26000K .......... .......... .......... .......... .......... 78%  205M 0s
[2024-12-06T17:46:22.954+0000] {subprocess.py:106} INFO -  26050K .......... .......... .......... .......... .......... 78%  211M 0s
[2024-12-06T17:46:22.955+0000] {subprocess.py:106} INFO -  26100K .......... .......... .......... .......... .......... 78%  278M 0s
[2024-12-06T17:46:22.955+0000] {subprocess.py:106} INFO -  26150K .......... .......... .......... .......... .......... 78%  318M 0s
[2024-12-06T17:46:22.955+0000] {subprocess.py:106} INFO -  26200K .......... .......... .......... .......... .......... 79%  169M 0s
[2024-12-06T17:46:22.956+0000] {subprocess.py:106} INFO -  26250K .......... .......... .......... .......... .......... 79%  183M 0s
[2024-12-06T17:46:22.958+0000] {subprocess.py:106} INFO -  26300K .......... .......... .......... .......... .......... 79%  224M 0s
[2024-12-06T17:46:22.959+0000] {subprocess.py:106} INFO -  26350K .......... .......... .......... .......... .......... 79%  239M 0s
[2024-12-06T17:46:22.959+0000] {subprocess.py:106} INFO -  26400K .......... .......... .......... .......... .......... 79%  249M 0s
[2024-12-06T17:46:22.959+0000] {subprocess.py:106} INFO -  26450K .......... .......... .......... .......... .......... 79%  203M 0s
[2024-12-06T17:46:22.959+0000] {subprocess.py:106} INFO -  26500K .......... .......... .......... .......... .......... 79%  102M 0s
[2024-12-06T17:46:22.960+0000] {subprocess.py:106} INFO -  26550K .......... .......... .......... .......... .......... 80%  172M 0s
[2024-12-06T17:46:22.960+0000] {subprocess.py:106} INFO -  26600K .......... .......... .......... .......... .......... 80%  261M 0s
[2024-12-06T17:46:22.960+0000] {subprocess.py:106} INFO -  26650K .......... .......... .......... .......... .......... 80%  188M 0s
[2024-12-06T17:46:22.960+0000] {subprocess.py:106} INFO -  26700K .......... .......... .......... .......... .......... 80%  258M 0s
[2024-12-06T17:46:22.961+0000] {subprocess.py:106} INFO -  26750K .......... .......... .......... .......... .......... 80%  229M 0s
[2024-12-06T17:46:22.961+0000] {subprocess.py:106} INFO -  26800K .......... .......... .......... .......... .......... 80%  289M 0s
[2024-12-06T17:46:22.962+0000] {subprocess.py:106} INFO -  26850K .......... .......... .......... .......... .......... 80%  103M 0s
[2024-12-06T17:46:22.962+0000] {subprocess.py:106} INFO -  26900K .......... .......... .......... .......... .......... 81%  126M 0s
[2024-12-06T17:46:22.962+0000] {subprocess.py:106} INFO -  26950K .......... .......... .......... .......... .......... 81% 85.6M 0s
[2024-12-06T17:46:22.962+0000] {subprocess.py:106} INFO -  27000K .......... .......... .......... .......... .......... 81%  118M 0s
[2024-12-06T17:46:22.963+0000] {subprocess.py:106} INFO -  27050K .......... .......... .......... .......... .......... 81%  235M 0s
[2024-12-06T17:46:22.963+0000] {subprocess.py:106} INFO -  27100K .......... .......... .......... .......... .......... 81%  260M 0s
[2024-12-06T17:46:22.963+0000] {subprocess.py:106} INFO -  27150K .......... .......... .......... .......... .......... 81%  239M 0s
[2024-12-06T17:46:22.963+0000] {subprocess.py:106} INFO -  27200K .......... .......... .......... .......... .......... 82%  248M 0s
[2024-12-06T17:46:22.963+0000] {subprocess.py:106} INFO -  27250K .......... .......... .......... .......... .......... 82%  213M 0s
[2024-12-06T17:46:22.963+0000] {subprocess.py:106} INFO -  27300K .......... .......... .......... .......... .......... 82%  277M 0s
[2024-12-06T17:46:22.964+0000] {subprocess.py:106} INFO -  27350K .......... .......... .......... .......... .......... 82%  244M 0s
[2024-12-06T17:46:22.964+0000] {subprocess.py:106} INFO -  27400K .......... .......... .......... .......... .......... 82%  224M 0s
[2024-12-06T17:46:22.964+0000] {subprocess.py:106} INFO -  27450K .......... .......... .......... .......... .......... 82%  165M 0s
[2024-12-06T17:46:22.964+0000] {subprocess.py:106} INFO -  27500K .......... .......... .......... .......... .......... 82%  173M 0s
[2024-12-06T17:46:22.965+0000] {subprocess.py:106} INFO -  27550K .......... .......... .......... .......... .......... 83% 67.6M 0s
[2024-12-06T17:46:22.965+0000] {subprocess.py:106} INFO -  27600K .......... .......... .......... .......... .......... 83%  209M 0s
[2024-12-06T17:46:22.965+0000] {subprocess.py:106} INFO -  27650K .......... .......... .......... .......... .......... 83%  122M 0s
[2024-12-06T17:46:22.966+0000] {subprocess.py:106} INFO -  27700K .......... .......... .......... .......... .......... 83% 38.2M 0s
[2024-12-06T17:46:22.966+0000] {subprocess.py:106} INFO -  27750K .......... .......... .......... .......... .......... 83% 74.6M 0s
[2024-12-06T17:46:22.981+0000] {subprocess.py:106} INFO -  27800K .......... .......... .......... .......... .......... 83% 2.51M 0s
[2024-12-06T17:46:22.993+0000] {subprocess.py:106} INFO -  27850K .......... .......... .......... .......... .......... 83% 3.97M 0s
[2024-12-06T17:46:22.994+0000] {subprocess.py:106} INFO -  27900K .......... .......... .......... .......... .......... 84%  192M 0s
[2024-12-06T17:46:22.994+0000] {subprocess.py:106} INFO -  27950K .......... .......... .......... .......... .......... 84%  123M 0s
[2024-12-06T17:46:22.994+0000] {subprocess.py:106} INFO -  28000K .......... .......... .......... .......... .......... 84%  135M 0s
[2024-12-06T17:46:23.013+0000] {subprocess.py:106} INFO -  28050K .......... .......... .......... .......... .......... 84% 2.51M 0s
[2024-12-06T17:46:23.014+0000] {subprocess.py:106} INFO -  28100K .......... .......... .......... .......... .......... 84% 55.3M 0s
[2024-12-06T17:46:23.015+0000] {subprocess.py:106} INFO -  28150K .......... .......... .......... .......... .......... 84% 92.3M 0s
[2024-12-06T17:46:23.016+0000] {subprocess.py:106} INFO -  28200K .......... .......... .......... .......... .......... 85%  128M 0s
[2024-12-06T17:46:23.017+0000] {subprocess.py:106} INFO -  28250K .......... .......... .......... .......... .......... 85%  142M 0s
[2024-12-06T17:46:23.017+0000] {subprocess.py:106} INFO -  28300K .......... .......... .......... .......... .......... 85% 84.9M 0s
[2024-12-06T17:46:23.018+0000] {subprocess.py:106} INFO -  28350K .......... .......... .......... .......... .......... 85%  258M 0s
[2024-12-06T17:46:23.019+0000] {subprocess.py:106} INFO -  28400K .......... .......... .......... .......... .......... 85% 96.4M 0s
[2024-12-06T17:46:23.020+0000] {subprocess.py:106} INFO -  28450K .......... .......... .......... .......... .......... 85% 85.7M 0s
[2024-12-06T17:46:23.020+0000] {subprocess.py:106} INFO -  28500K .......... .......... .......... .......... .......... 85%  135M 0s
[2024-12-06T17:46:23.021+0000] {subprocess.py:106} INFO -  28550K .......... .......... .......... .......... .......... 86% 67.1M 0s
[2024-12-06T17:46:23.021+0000] {subprocess.py:106} INFO -  28600K .......... .......... .......... .......... .......... 86%  216M 0s
[2024-12-06T17:46:23.022+0000] {subprocess.py:106} INFO -  28650K .......... .......... .......... .......... .......... 86% 66.6M 0s
[2024-12-06T17:46:23.023+0000] {subprocess.py:106} INFO -  28700K .......... .......... .......... .......... .......... 86%  125M 0s
[2024-12-06T17:46:23.024+0000] {subprocess.py:106} INFO -  28750K .......... .......... .......... .......... .......... 86%  125M 0s
[2024-12-06T17:46:23.024+0000] {subprocess.py:106} INFO -  28800K .......... .......... .......... .......... .......... 86%  206M 0s
[2024-12-06T17:46:23.025+0000] {subprocess.py:106} INFO -  28850K .......... .......... .......... .......... .......... 86% 87.3M 0s
[2024-12-06T17:46:23.028+0000] {subprocess.py:106} INFO -  28900K .......... .......... .......... .......... .......... 87% 92.0M 0s
[2024-12-06T17:46:23.028+0000] {subprocess.py:106} INFO -  28950K .......... .......... .......... .......... .......... 87%  128M 0s
[2024-12-06T17:46:23.031+0000] {subprocess.py:106} INFO -  29000K .......... .......... .......... .......... .......... 87% 64.3M 0s
[2024-12-06T17:46:23.033+0000] {subprocess.py:106} INFO -  29050K .......... .......... .......... .......... .......... 87%  106M 0s
[2024-12-06T17:46:23.033+0000] {subprocess.py:106} INFO -  29100K .......... .......... .......... .......... .......... 87%  256M 0s
[2024-12-06T17:46:23.034+0000] {subprocess.py:106} INFO -  29150K .......... .......... .......... .......... .......... 87%  250M 0s
[2024-12-06T17:46:23.034+0000] {subprocess.py:106} INFO -  29200K .......... .......... .......... .......... .......... 88%  283M 0s
[2024-12-06T17:46:23.035+0000] {subprocess.py:106} INFO -  29250K .......... .......... .......... .......... .......... 88% 64.2M 0s
[2024-12-06T17:46:23.035+0000] {subprocess.py:106} INFO -  29300K .......... .......... .......... .......... .......... 88% 78.8M 0s
[2024-12-06T17:46:23.035+0000] {subprocess.py:106} INFO -  29350K .......... .......... .......... .......... .......... 88%  205M 0s
[2024-12-06T17:46:23.036+0000] {subprocess.py:106} INFO -  29400K .......... .......... .......... .......... .......... 88% 72.6M 0s
[2024-12-06T17:46:23.036+0000] {subprocess.py:106} INFO -  29450K .......... .......... .......... .......... .......... 88% 6.70M 0s
[2024-12-06T17:46:23.036+0000] {subprocess.py:106} INFO -  29500K .......... .......... .......... .......... .......... 88% 72.0M 0s
[2024-12-06T17:46:23.036+0000] {subprocess.py:106} INFO -  29550K .......... .......... .......... .......... .......... 89%  176M 0s
[2024-12-06T17:46:23.036+0000] {subprocess.py:106} INFO -  29600K .......... .......... .......... .......... .......... 89%  227M 0s
[2024-12-06T17:46:23.082+0000] {subprocess.py:106} INFO -  29650K .......... .......... .......... .......... .......... 89% 1.04M 0s
[2024-12-06T17:46:23.085+0000] {subprocess.py:106} INFO -  29700K .......... .......... .......... .......... .......... 89%  159M 0s
[2024-12-06T17:46:23.086+0000] {subprocess.py:106} INFO -  29750K .......... .......... .......... .......... .......... 89% 60.8M 0s
[2024-12-06T17:46:23.086+0000] {subprocess.py:106} INFO -  29800K .......... .......... .......... .......... .......... 89%  252M 0s
[2024-12-06T17:46:23.087+0000] {subprocess.py:106} INFO -  29850K .......... .......... .......... .......... .......... 90%  104M 0s
[2024-12-06T17:46:23.087+0000] {subprocess.py:106} INFO -  29900K .......... .......... .......... .......... .......... 90%  155M 0s
[2024-12-06T17:46:23.088+0000] {subprocess.py:106} INFO -  29950K .......... .......... .......... .......... .......... 90%  131M 0s
[2024-12-06T17:46:23.089+0000] {subprocess.py:106} INFO -  30000K .......... .......... .......... .......... .......... 90% 79.0M 0s
[2024-12-06T17:46:23.089+0000] {subprocess.py:106} INFO -  30050K .......... .......... .......... .......... .......... 90% 73.6M 0s
[2024-12-06T17:46:23.089+0000] {subprocess.py:106} INFO -  30100K .......... .......... .......... .......... .......... 90%  140M 0s
[2024-12-06T17:46:23.090+0000] {subprocess.py:106} INFO -  30150K .......... .......... .......... .......... .......... 90%  110M 0s
[2024-12-06T17:46:23.090+0000] {subprocess.py:106} INFO -  30200K .......... .......... .......... .......... .......... 91% 70.6M 0s
[2024-12-06T17:46:23.091+0000] {subprocess.py:106} INFO -  30250K .......... .......... .......... .......... .......... 91%  119M 0s
[2024-12-06T17:46:23.092+0000] {subprocess.py:106} INFO -  30300K .......... .......... .......... .......... .......... 91%  132M 0s
[2024-12-06T17:46:23.092+0000] {subprocess.py:106} INFO -  30350K .......... .......... .......... .......... .......... 91%  102M 0s
[2024-12-06T17:46:23.093+0000] {subprocess.py:106} INFO -  30400K .......... .......... .......... .......... .......... 91%  239M 0s
[2024-12-06T17:46:23.094+0000] {subprocess.py:106} INFO -  30450K .......... .......... .......... .......... .......... 91% 42.0M 0s
[2024-12-06T17:46:23.096+0000] {subprocess.py:106} INFO -  30500K .......... .......... .......... .......... .......... 91% 62.9M 0s
[2024-12-06T17:46:23.097+0000] {subprocess.py:106} INFO -  30550K .......... .......... .......... .......... .......... 92%  136M 0s
[2024-12-06T17:46:23.097+0000] {subprocess.py:106} INFO -  30600K .......... .......... .......... .......... .......... 92% 53.8M 0s
[2024-12-06T17:46:23.098+0000] {subprocess.py:106} INFO -  30650K .......... .......... .......... .......... .......... 92% 74.4M 0s
[2024-12-06T17:46:23.098+0000] {subprocess.py:106} INFO -  30700K .......... .......... .......... .......... .......... 92%  149M 0s
[2024-12-06T17:46:23.099+0000] {subprocess.py:106} INFO -  30750K .......... .......... .......... .......... .......... 92%  170M 0s
[2024-12-06T17:46:23.100+0000] {subprocess.py:106} INFO -  30800K .......... .......... .......... .......... .......... 92%  217M 0s
[2024-12-06T17:46:23.101+0000] {subprocess.py:106} INFO -  30850K .......... .......... .......... .......... .......... 93%  104M 0s
[2024-12-06T17:46:23.101+0000] {subprocess.py:106} INFO -  30900K .......... .......... .......... .......... .......... 93%  201M 0s
[2024-12-06T17:46:23.104+0000] {subprocess.py:106} INFO -  30950K .......... .......... .......... .......... .......... 93% 20.7M 0s
[2024-12-06T17:46:23.104+0000] {subprocess.py:106} INFO -  31000K .......... .......... .......... .......... .......... 93%  184M 0s
[2024-12-06T17:46:23.105+0000] {subprocess.py:106} INFO -  31050K .......... .......... .......... .......... .......... 93%  149M 0s
[2024-12-06T17:46:23.105+0000] {subprocess.py:106} INFO -  31100K .......... .......... .......... .......... .......... 93% 44.6M 0s
[2024-12-06T17:46:23.106+0000] {subprocess.py:106} INFO -  31150K .......... .......... .......... .......... .......... 93% 95.5M 0s
[2024-12-06T17:46:23.106+0000] {subprocess.py:106} INFO -  31200K .......... .......... .......... .......... .......... 94% 75.9M 0s
[2024-12-06T17:46:23.106+0000] {subprocess.py:106} INFO -  31250K .......... .......... .......... .......... .......... 94% 61.4M 0s
[2024-12-06T17:46:23.106+0000] {subprocess.py:106} INFO -  31300K .......... .......... .......... .......... .......... 94% 61.0M 0s
[2024-12-06T17:46:23.106+0000] {subprocess.py:106} INFO -  31350K .......... .......... .......... .......... .......... 94%  175M 0s
[2024-12-06T17:46:23.107+0000] {subprocess.py:106} INFO -  31400K .......... .......... .......... .......... .......... 94%  144M 0s
[2024-12-06T17:46:23.108+0000] {subprocess.py:106} INFO -  31450K .......... .......... .......... .......... .......... 94% 84.5M 0s
[2024-12-06T17:46:23.108+0000] {subprocess.py:106} INFO -  31500K .......... .......... .......... .......... .......... 94% 74.4M 0s
[2024-12-06T17:46:23.108+0000] {subprocess.py:106} INFO -  31550K .......... .......... .......... .......... .......... 95%  114M 0s
[2024-12-06T17:46:23.123+0000] {subprocess.py:106} INFO -  31600K .......... .......... .......... .......... .......... 95% 2.41M 0s
[2024-12-06T17:46:23.124+0000] {subprocess.py:106} INFO -  31650K .......... .......... .......... .......... .......... 95% 84.8M 0s
[2024-12-06T17:46:23.124+0000] {subprocess.py:106} INFO -  31700K .......... .......... .......... .......... .......... 95%  256M 0s
[2024-12-06T17:46:23.124+0000] {subprocess.py:106} INFO -  31750K .......... .......... .......... .......... .......... 95%  261M 0s
[2024-12-06T17:46:23.124+0000] {subprocess.py:106} INFO -  31800K .......... .......... .......... .......... .......... 95%  282M 0s
[2024-12-06T17:46:23.145+0000] {subprocess.py:106} INFO -  31850K .......... .......... .......... .......... .......... 96% 2.32M 0s
[2024-12-06T17:46:23.146+0000] {subprocess.py:106} INFO -  31900K .......... .......... .......... .......... .......... 96%  195M 0s
[2024-12-06T17:46:23.147+0000] {subprocess.py:106} INFO -  31950K .......... .......... .......... .......... .......... 96%  198M 0s
[2024-12-06T17:46:23.148+0000] {subprocess.py:106} INFO -  32000K .......... .......... .......... .......... .......... 96%  228M 0s
[2024-12-06T17:46:23.149+0000] {subprocess.py:106} INFO -  32050K .......... .......... .......... .......... .......... 96%  203M 0s
[2024-12-06T17:46:23.149+0000] {subprocess.py:106} INFO -  32100K .......... .......... .......... .......... .......... 96%  141M 0s
[2024-12-06T17:46:23.150+0000] {subprocess.py:106} INFO -  32150K .......... .......... .......... .......... .......... 96%  267M 0s
[2024-12-06T17:46:23.150+0000] {subprocess.py:106} INFO -  32200K .......... .......... .......... .......... .......... 97%  218M 0s
[2024-12-06T17:46:23.150+0000] {subprocess.py:106} INFO -  32250K .......... .......... .......... .......... .......... 97%  220M 0s
[2024-12-06T17:46:23.151+0000] {subprocess.py:106} INFO -  32300K .......... .......... .......... .......... .......... 97%  204M 0s
[2024-12-06T17:46:23.151+0000] {subprocess.py:106} INFO -  32350K .......... .......... .......... .......... .......... 97%  133M 0s
[2024-12-06T17:46:23.151+0000] {subprocess.py:106} INFO -  32400K .......... .......... .......... .......... .......... 97%  204M 0s
[2024-12-06T17:46:23.151+0000] {subprocess.py:106} INFO -  32450K .......... .......... .......... .......... .......... 97%  259M 0s
[2024-12-06T17:46:23.151+0000] {subprocess.py:106} INFO -  32500K .......... .......... .......... .......... .......... 97%  230M 0s
[2024-12-06T17:46:23.152+0000] {subprocess.py:106} INFO -  32550K .......... .......... .......... .......... .......... 98%  249M 0s
[2024-12-06T17:46:23.152+0000] {subprocess.py:106} INFO -  32600K .......... .......... .......... .......... .......... 98%  254M 0s
[2024-12-06T17:46:23.152+0000] {subprocess.py:106} INFO -  32650K .......... .......... .......... .......... .......... 98%  218M 0s
[2024-12-06T17:46:23.152+0000] {subprocess.py:106} INFO -  32700K .......... .......... .......... .......... .......... 98%  206M 0s
[2024-12-06T17:46:23.152+0000] {subprocess.py:106} INFO -  32750K .......... .......... .......... .......... .......... 98%  196M 0s
[2024-12-06T17:46:23.152+0000] {subprocess.py:106} INFO -  32800K .......... .......... .......... .......... .......... 98%  230M 0s
[2024-12-06T17:46:23.153+0000] {subprocess.py:106} INFO -  32850K .......... .......... .......... .......... .......... 99%  276M 0s
[2024-12-06T17:46:23.153+0000] {subprocess.py:106} INFO -  32900K .......... .......... .......... .......... .......... 99%  104M 0s
[2024-12-06T17:46:23.153+0000] {subprocess.py:106} INFO -  32950K .......... .......... .......... .......... .......... 99%  265M 0s
[2024-12-06T17:46:23.153+0000] {subprocess.py:106} INFO -  33000K .......... .......... .......... .......... .......... 99%  266M 0s
[2024-12-06T17:46:23.153+0000] {subprocess.py:106} INFO -  33050K .......... .......... .......... .......... .......... 99%  263M 0s
[2024-12-06T17:46:23.157+0000] {subprocess.py:106} INFO -  33100K .......... .......... .......... .......... .......... 99% 8.26M 0s
[2024-12-06T17:46:23.160+0000] {subprocess.py:106} INFO -  33150K .......... .......... .......... .......... .......... 99%  133M 0s
[2024-12-06T17:46:23.161+0000] {subprocess.py:106} INFO -  33200K .......... .......... .                               100%  186M=1.1s
[2024-12-06T17:46:23.161+0000] {subprocess.py:106} INFO - 
[2024-12-06T17:46:23.163+0000] {subprocess.py:106} INFO - 2024-12-06 17:46:23 (28.6 MB/s) - ‘/opt/***/output_2021-04.parquet’ saved [34018560/34018560]
[2024-12-06T17:46:23.164+0000] {subprocess.py:106} INFO - 
[2024-12-06T17:46:23.164+0000] {subprocess.py:110} INFO - Command exited with return code 0
[2024-12-06T17:46:23.228+0000] {taskinstance.py:340} INFO - ::group::Post task execution logs
[2024-12-06T17:46:23.229+0000] {taskinstance.py:352} INFO - Marking task as SUCCESS. dag_id=LocalIngestionDag_v02, task_id=wget, run_id=scheduled__2021-04-02T06:00:00+00:00, execution_date=20210402T060000, start_date=20241206T174620, end_date=20241206T174623
[2024-12-06T17:46:23.260+0000] {local_task_job_runner.py:266} INFO - Task exited with return code 0
[2024-12-06T17:46:23.302+0000] {taskinstance.py:3895} INFO - 1 downstream tasks scheduled from follow-on schedule check
[2024-12-06T17:46:23.303+0000] {local_task_job_runner.py:245} INFO - ::endgroup::
