[2024-12-06T20:30:35.525+0000] {local_task_job_runner.py:123} INFO - ::group::Pre task execution logs
[2024-12-06T20:30:35.538+0000] {taskinstance.py:2613} INFO - Dependencies all met for dep_context=non-requeueable deps ti=<TaskInstance: LocalIngestionDag_v02.wget scheduled__2021-04-02T06:00:00+00:00 [queued]>
[2024-12-06T20:30:35.548+0000] {taskinstance.py:2613} INFO - Dependencies all met for dep_context=requeueable deps ti=<TaskInstance: LocalIngestionDag_v02.wget scheduled__2021-04-02T06:00:00+00:00 [queued]>
[2024-12-06T20:30:35.549+0000] {taskinstance.py:2866} INFO - Starting attempt 2 of 2
[2024-12-06T20:30:35.934+0000] {taskinstance.py:2889} INFO - Executing <Task(BashOperator): wget> on 2021-04-02 06:00:00+00:00
[2024-12-06T20:30:35.943+0000] {warnings.py:112} WARNING - /home/***/.local/lib/python3.12/site-packages/***/task/task_runner/standard_task_runner.py:70: DeprecationWarning: This process (pid=4204) is multi-threaded, use of fork() may lead to deadlocks in the child.
  pid = os.fork()

[2024-12-06T20:30:35.946+0000] {standard_task_runner.py:72} INFO - Started process 4209 to run task
[2024-12-06T20:30:35.947+0000] {standard_task_runner.py:104} INFO - Running: ['***', 'tasks', 'run', 'LocalIngestionDag_v02', 'wget', 'scheduled__2021-04-02T06:00:00+00:00', '--job-id', '94', '--raw', '--subdir', 'DAGS_FOLDER/data_ingestion_local.py', '--cfg-path', '/tmp/tmpci5_04gr']
[2024-12-06T20:30:35.950+0000] {standard_task_runner.py:105} INFO - Job 94: Subtask wget
[2024-12-06T20:30:35.993+0000] {task_command.py:467} INFO - Running <TaskInstance: LocalIngestionDag_v02.wget scheduled__2021-04-02T06:00:00+00:00 [running]> on host 39ecaeffba2c
[2024-12-06T20:30:36.069+0000] {taskinstance.py:3132} INFO - Exporting env vars: AIRFLOW_CTX_DAG_OWNER='***' AIRFLOW_CTX_DAG_ID='LocalIngestionDag_v02' AIRFLOW_CTX_TASK_ID='wget' AIRFLOW_CTX_EXECUTION_DATE='2021-04-02T06:00:00+00:00' AIRFLOW_CTX_TRY_NUMBER='2' AIRFLOW_CTX_DAG_RUN_ID='scheduled__2021-04-02T06:00:00+00:00'
[2024-12-06T20:30:36.071+0000] {taskinstance.py:731} INFO - ::endgroup::
[2024-12-06T20:30:36.085+0000] {subprocess.py:78} INFO - Tmp dir root location: /tmp
[2024-12-06T20:30:36.086+0000] {subprocess.py:88} INFO - Running command: ['/usr/bin/bash', '-c', 'wget https://d37ci6vzurychx.cloudfront.net/trip-data/yellow_tripdata_2021-04.parquet -O /opt/***/output_2021-04.parquet']
[2024-12-06T20:30:36.093+0000] {subprocess.py:99} INFO - Output:
[2024-12-06T20:30:36.096+0000] {subprocess.py:106} INFO - --2024-12-06 20:30:36--  https://d37ci6vzurychx.cloudfront.net/trip-data/yellow_tripdata_2021-04.parquet
[2024-12-06T20:30:36.112+0000] {subprocess.py:106} INFO - Resolving d37ci6vzurychx.cloudfront.net (d37ci6vzurychx.cloudfront.net)... 52.84.160.73, 52.84.160.116, 52.84.160.213, ...
[2024-12-06T20:30:36.135+0000] {subprocess.py:106} INFO - Connecting to d37ci6vzurychx.cloudfront.net (d37ci6vzurychx.cloudfront.net)|52.84.160.73|:443... connected.
[2024-12-06T20:30:36.215+0000] {subprocess.py:106} INFO - HTTP request sent, awaiting response... 200 OK
[2024-12-06T20:30:36.216+0000] {subprocess.py:106} INFO - Length: 34018560 (32M) [application/x-www-form-urlencoded]
[2024-12-06T20:30:36.216+0000] {subprocess.py:106} INFO - Saving to: ‘/opt/***/output_2021-04.parquet’
[2024-12-06T20:30:36.219+0000] {subprocess.py:106} INFO - 
[2024-12-06T20:30:36.240+0000] {subprocess.py:106} INFO -      0K .......... .......... .......... .......... ..........  0% 1.96M 17s
[2024-12-06T20:30:36.250+0000] {subprocess.py:106} INFO -     50K .......... .......... .......... .......... ..........  0% 4.97M 12s
[2024-12-06T20:30:36.263+0000] {subprocess.py:106} INFO -    100K .......... .......... .......... .......... ..........  0% 3.91M 10s
[2024-12-06T20:30:36.269+0000] {subprocess.py:106} INFO -    150K .......... .......... .......... .......... ..........  0% 7.09M 9s
[2024-12-06T20:30:36.276+0000] {subprocess.py:106} INFO -    200K .......... .......... .......... .......... ..........  0% 7.41M 8s
[2024-12-06T20:30:36.281+0000] {subprocess.py:106} INFO -    250K .......... .......... .......... .......... ..........  0% 9.33M 7s
[2024-12-06T20:30:36.285+0000] {subprocess.py:106} INFO -    300K .......... .......... .......... .......... ..........  1% 12.1M 7s
[2024-12-06T20:30:36.290+0000] {subprocess.py:106} INFO -    350K .......... .......... .......... .......... ..........  1% 9.66M 6s
[2024-12-06T20:30:36.293+0000] {subprocess.py:106} INFO -    400K .......... .......... .......... .......... ..........  1% 17.3M 6s
[2024-12-06T20:30:36.297+0000] {subprocess.py:106} INFO -    450K .......... .......... .......... .......... ..........  1% 13.6M 5s
[2024-12-06T20:30:36.299+0000] {subprocess.py:106} INFO -    500K .......... .......... .......... .......... ..........  1% 18.9M 5s
[2024-12-06T20:30:36.302+0000] {subprocess.py:106} INFO -    550K .......... .......... .......... .......... ..........  1% 15.7M 5s
[2024-12-06T20:30:36.304+0000] {subprocess.py:106} INFO -    600K .......... .......... .......... .......... ..........  1% 26.8M 4s
[2024-12-06T20:30:36.306+0000] {subprocess.py:106} INFO -    650K .......... .......... .......... .......... ..........  2% 21.2M 4s
[2024-12-06T20:30:36.309+0000] {subprocess.py:106} INFO -    700K .......... .......... .......... .......... ..........  2% 24.1M 4s
[2024-12-06T20:30:36.310+0000] {subprocess.py:106} INFO -    750K .......... .......... .......... .......... ..........  2% 25.8M 4s
[2024-12-06T20:30:36.313+0000] {subprocess.py:106} INFO -    800K .......... .......... .......... .......... ..........  2% 22.4M 4s
[2024-12-06T20:30:36.315+0000] {subprocess.py:106} INFO -    850K .......... .......... .......... .......... ..........  2% 25.6M 4s
[2024-12-06T20:30:36.316+0000] {subprocess.py:106} INFO -    900K .......... .......... .......... .......... ..........  2% 32.8M 3s
[2024-12-06T20:30:36.317+0000] {subprocess.py:106} INFO -    950K .......... .......... .......... .......... ..........  3% 37.2M 3s
[2024-12-06T20:30:36.326+0000] {subprocess.py:106} INFO -   1000K .......... .......... .......... .......... ..........  3% 5.80M 3s
[2024-12-06T20:30:36.374+0000] {subprocess.py:106} INFO -   1050K .......... .......... .......... .......... ..........  3% 1.02M 5s
[2024-12-06T20:30:36.392+0000] {subprocess.py:106} INFO -   1100K .......... .......... .......... .......... ..........  3% 6.21M 5s
[2024-12-06T20:30:36.402+0000] {subprocess.py:106} INFO -   1150K .......... .......... .......... .......... ..........  3% 57.2M 4s
[2024-12-06T20:30:36.407+0000] {subprocess.py:106} INFO -   1200K .......... .......... .......... .......... ..........  3% 2.96M 5s
[2024-12-06T20:30:36.412+0000] {subprocess.py:106} INFO -   1250K .......... .......... .......... .......... ..........  3% 5.27M 5s
[2024-12-06T20:30:36.413+0000] {subprocess.py:106} INFO -   1300K .......... .......... .......... .......... ..........  4% 15.3M 5s
[2024-12-06T20:30:36.415+0000] {subprocess.py:106} INFO -   1350K .......... .......... .......... .......... ..........  4%  173M 4s
[2024-12-06T20:30:36.417+0000] {subprocess.py:106} INFO -   1400K .......... .......... .......... .......... ..........  4% 15.2M 4s
[2024-12-06T20:30:36.418+0000] {subprocess.py:106} INFO -   1450K .......... .......... .......... .......... ..........  4% 68.3M 4s
[2024-12-06T20:30:36.424+0000] {subprocess.py:106} INFO -   1500K .......... .......... .......... .......... ..........  4% 73.8M 4s
[2024-12-06T20:30:36.427+0000] {subprocess.py:106} INFO -   1550K .......... .......... .......... .......... ..........  4% 81.7M 4s
[2024-12-06T20:30:36.430+0000] {subprocess.py:106} INFO -   1600K .......... .......... .......... .......... ..........  4% 42.6M 4s
[2024-12-06T20:30:36.431+0000] {subprocess.py:106} INFO -   1650K .......... .......... .......... .......... ..........  5% 76.0M 4s
[2024-12-06T20:30:36.431+0000] {subprocess.py:106} INFO -   1700K .......... .......... .......... .......... ..........  5% 14.6M 4s
[2024-12-06T20:30:36.432+0000] {subprocess.py:106} INFO -   1750K .......... .......... .......... .......... ..........  5% 10.5M 4s
[2024-12-06T20:30:36.433+0000] {subprocess.py:106} INFO -   1800K .......... .......... .......... .......... ..........  5% 13.5M 4s
[2024-12-06T20:30:36.438+0000] {subprocess.py:106} INFO -   1850K .......... .......... .......... .......... ..........  5% 61.0M 4s
[2024-12-06T20:30:36.439+0000] {subprocess.py:106} INFO -   1900K .......... .......... .......... .......... ..........  5% 99.3M 3s
[2024-12-06T20:30:36.443+0000] {subprocess.py:106} INFO -   1950K .......... .......... .......... .......... ..........  6%  199M 3s
[2024-12-06T20:30:36.445+0000] {subprocess.py:106} INFO -   2000K .......... .......... .......... .......... ..........  6% 52.8M 3s
[2024-12-06T20:30:36.447+0000] {subprocess.py:106} INFO -   2050K .......... .......... .......... .......... ..........  6% 10.6M 3s
[2024-12-06T20:30:36.447+0000] {subprocess.py:106} INFO -   2100K .......... .......... .......... .......... ..........  6% 76.3M 3s
[2024-12-06T20:30:36.448+0000] {subprocess.py:106} INFO -   2150K .......... .......... .......... .......... ..........  6% 22.2M 3s
[2024-12-06T20:30:36.449+0000] {subprocess.py:106} INFO -   2200K .......... .......... .......... .......... ..........  6%  144M 3s
[2024-12-06T20:30:36.450+0000] {subprocess.py:106} INFO -   2250K .......... .......... .......... .......... ..........  6% 65.8M 3s
[2024-12-06T20:30:36.451+0000] {subprocess.py:106} INFO -   2300K .......... .......... .......... .......... ..........  7% 97.3M 3s
[2024-12-06T20:30:36.452+0000] {subprocess.py:106} INFO -   2350K .......... .......... .......... .......... ..........  7% 87.6M 3s
[2024-12-06T20:30:36.453+0000] {subprocess.py:106} INFO -   2400K .......... .......... .......... .......... ..........  7% 9.16M 3s
[2024-12-06T20:30:36.454+0000] {subprocess.py:106} INFO -   2450K .......... .......... .......... .......... ..........  7% 57.0M 3s
[2024-12-06T20:30:36.456+0000] {subprocess.py:106} INFO -   2500K .......... .......... .......... .......... ..........  7%  182M 3s
[2024-12-06T20:30:36.459+0000] {subprocess.py:106} INFO -   2550K .......... .......... .......... .......... ..........  7% 23.4M 3s
[2024-12-06T20:30:36.460+0000] {subprocess.py:106} INFO -   2600K .......... .......... .......... .......... ..........  7%  135M 3s
[2024-12-06T20:30:36.460+0000] {subprocess.py:106} INFO -   2650K .......... .......... .......... .......... ..........  8% 80.3M 3s
[2024-12-06T20:30:36.461+0000] {subprocess.py:106} INFO -   2700K .......... .......... .......... .......... ..........  8%  136M 3s
[2024-12-06T20:30:36.462+0000] {subprocess.py:106} INFO -   2750K .......... .......... .......... .......... ..........  8% 16.6M 3s
[2024-12-06T20:30:36.463+0000] {subprocess.py:106} INFO -   2800K .......... .......... .......... .......... ..........  8%  190M 3s
[2024-12-06T20:30:36.464+0000] {subprocess.py:106} INFO -   2850K .......... .......... .......... .......... ..........  8%  329M 3s
[2024-12-06T20:30:36.465+0000] {subprocess.py:106} INFO -   2900K .......... .......... .......... .......... ..........  8% 87.1M 2s
[2024-12-06T20:30:36.470+0000] {subprocess.py:106} INFO -   2950K .......... .......... .......... .......... ..........  9% 63.1M 2s
[2024-12-06T20:30:36.472+0000] {subprocess.py:106} INFO -   3000K .......... .......... .......... .......... ..........  9% 60.9M 2s
[2024-12-06T20:30:36.475+0000] {subprocess.py:106} INFO -   3050K .......... .......... .......... .......... ..........  9%  123M 2s
[2024-12-06T20:30:36.475+0000] {subprocess.py:106} INFO -   3100K .......... .......... .......... .......... ..........  9%  221M 2s
[2024-12-06T20:30:36.480+0000] {subprocess.py:106} INFO -   3150K .......... .......... .......... .......... ..........  9% 86.7M 2s
[2024-12-06T20:30:36.482+0000] {subprocess.py:106} INFO -   3200K .......... .......... .......... .......... ..........  9% 65.8M 2s
[2024-12-06T20:30:36.483+0000] {subprocess.py:106} INFO -   3250K .......... .......... .......... .......... ..........  9%  197M 2s
[2024-12-06T20:30:36.487+0000] {subprocess.py:106} INFO -   3300K .......... .......... .......... .......... .......... 10% 52.4M 2s
[2024-12-06T20:30:36.488+0000] {subprocess.py:106} INFO -   3350K .......... .......... .......... .......... .......... 10% 38.5M 2s
[2024-12-06T20:30:36.489+0000] {subprocess.py:106} INFO -   3400K .......... .......... .......... .......... .......... 10% 51.0M 2s
[2024-12-06T20:30:36.489+0000] {subprocess.py:106} INFO -   3450K .......... .......... .......... .......... .......... 10%  144M 2s
[2024-12-06T20:30:36.490+0000] {subprocess.py:106} INFO -   3500K .......... .......... .......... .......... .......... 10% 94.3M 2s
[2024-12-06T20:30:36.494+0000] {subprocess.py:106} INFO -   3550K .......... .......... .......... .......... .......... 10%  180M 2s
[2024-12-06T20:30:36.495+0000] {subprocess.py:106} INFO -   3600K .......... .......... .......... .......... .......... 10%  158M 2s
[2024-12-06T20:30:36.499+0000] {subprocess.py:106} INFO -   3650K .......... .......... .......... .......... .......... 11%  218M 2s
[2024-12-06T20:30:36.499+0000] {subprocess.py:106} INFO -   3700K .......... .......... .......... .......... .......... 11%  225M 2s
[2024-12-06T20:30:36.500+0000] {subprocess.py:106} INFO -   3750K .......... .......... .......... .......... .......... 11%  164M 2s
[2024-12-06T20:30:36.501+0000] {subprocess.py:106} INFO -   3800K .......... .......... .......... .......... .......... 11%  187M 2s
[2024-12-06T20:30:36.503+0000] {subprocess.py:106} INFO -   3850K .......... .......... .......... .......... .......... 11% 38.9M 2s
[2024-12-06T20:30:36.504+0000] {subprocess.py:106} INFO -   3900K .......... .......... .......... .......... .......... 11%  187M 2s
[2024-12-06T20:30:36.505+0000] {subprocess.py:106} INFO -   3950K .......... .......... .......... .......... .......... 12% 77.6M 2s
[2024-12-06T20:30:36.507+0000] {subprocess.py:106} INFO -   4000K .......... .......... .......... .......... .......... 12%  127M 2s
[2024-12-06T20:30:36.512+0000] {subprocess.py:106} INFO -   4050K .......... .......... .......... .......... .......... 12% 77.2M 2s
[2024-12-06T20:30:36.513+0000] {subprocess.py:106} INFO -   4100K .......... .......... .......... .......... .......... 12% 27.0M 2s
[2024-12-06T20:30:36.513+0000] {subprocess.py:106} INFO -   4150K .......... .......... .......... .......... .......... 12%  258M 2s
[2024-12-06T20:30:36.513+0000] {subprocess.py:106} INFO -   4200K .......... .......... .......... .......... .......... 12% 4.13M 2s
[2024-12-06T20:30:36.513+0000] {subprocess.py:106} INFO -   4250K .......... .......... .......... .......... .......... 12%  208M 2s
[2024-12-06T20:30:36.514+0000] {subprocess.py:106} INFO -   4300K .......... .......... .......... .......... .......... 13% 47.5M 2s
[2024-12-06T20:30:36.514+0000] {subprocess.py:106} INFO -   4350K .......... .......... .......... .......... .......... 13%  123M 2s
[2024-12-06T20:30:36.514+0000] {subprocess.py:106} INFO -   4400K .......... .......... .......... .......... .......... 13%  131M 2s
[2024-12-06T20:30:36.514+0000] {subprocess.py:106} INFO -   4450K .......... .......... .......... .......... .......... 13% 88.2M 2s
[2024-12-06T20:30:36.515+0000] {subprocess.py:106} INFO -   4500K .......... .......... .......... .......... .......... 13%  190M 2s
[2024-12-06T20:30:36.515+0000] {subprocess.py:106} INFO -   4550K .......... .......... .......... .......... .......... 13% 3.71M 2s
[2024-12-06T20:30:36.515+0000] {subprocess.py:106} INFO -   4600K .......... .......... .......... .......... .......... 13% 51.5M 2s
[2024-12-06T20:30:36.515+0000] {subprocess.py:106} INFO -   4650K .......... .......... .......... .......... .......... 14%  198M 2s
[2024-12-06T20:30:36.516+0000] {subprocess.py:106} INFO -   4700K .......... .......... .......... .......... .......... 14%  102M 2s
[2024-12-06T20:30:36.516+0000] {subprocess.py:106} INFO -   4750K .......... .......... .......... .......... .......... 14% 33.9M 2s
[2024-12-06T20:30:36.516+0000] {subprocess.py:106} INFO -   4800K .......... .......... .......... .......... .......... 14%  112M 2s
[2024-12-06T20:30:36.516+0000] {subprocess.py:106} INFO -   4850K .......... .......... .......... .......... .......... 14% 31.3M 2s
[2024-12-06T20:30:36.517+0000] {subprocess.py:106} INFO -   4900K .......... .......... .......... .......... .......... 14%  148M 2s
[2024-12-06T20:30:36.517+0000] {subprocess.py:106} INFO -   4950K .......... .......... .......... .......... .......... 15%  246M 2s
[2024-12-06T20:30:36.517+0000] {subprocess.py:106} INFO -   5000K .......... .......... .......... .......... .......... 15%  254M 2s
[2024-12-06T20:30:36.517+0000] {subprocess.py:106} INFO -   5050K .......... .......... .......... .......... .......... 15% 77.6M 2s
[2024-12-06T20:30:36.518+0000] {subprocess.py:106} INFO -   5100K .......... .......... .......... .......... .......... 15%  124M 2s
[2024-12-06T20:30:36.518+0000] {subprocess.py:106} INFO -   5150K .......... .......... .......... .......... .......... 15%  142M 2s
[2024-12-06T20:30:36.518+0000] {subprocess.py:106} INFO -   5200K .......... .......... .......... .......... .......... 15% 60.7M 2s
[2024-12-06T20:30:36.518+0000] {subprocess.py:106} INFO -   5250K .......... .......... .......... .......... .......... 15%  122M 2s
[2024-12-06T20:30:36.519+0000] {subprocess.py:106} INFO -   5300K .......... .......... .......... .......... .......... 16%  256M 2s
[2024-12-06T20:30:36.519+0000] {subprocess.py:106} INFO -   5350K .......... .......... .......... .......... .......... 16%  280M 2s
[2024-12-06T20:30:36.520+0000] {subprocess.py:106} INFO -   5400K .......... .......... .......... .......... .......... 16%  259M 1s
[2024-12-06T20:30:36.520+0000] {subprocess.py:106} INFO -   5450K .......... .......... .......... .......... .......... 16% 62.2M 1s
[2024-12-06T20:30:36.521+0000] {subprocess.py:106} INFO -   5500K .......... .......... .......... .......... .......... 16% 76.2M 1s
[2024-12-06T20:30:36.522+0000] {subprocess.py:106} INFO -   5550K .......... .......... .......... .......... .......... 16% 83.1M 1s
[2024-12-06T20:30:36.524+0000] {subprocess.py:106} INFO -   5600K .......... .......... .......... .......... .......... 17% 61.2M 1s
[2024-12-06T20:30:36.524+0000] {subprocess.py:106} INFO -   5650K .......... .......... .......... .......... .......... 17% 4.78M 1s
[2024-12-06T20:30:36.525+0000] {subprocess.py:106} INFO -   5700K .......... .......... .......... .......... .......... 17%  260M 1s
[2024-12-06T20:30:36.525+0000] {subprocess.py:106} INFO -   5750K .......... .......... .......... .......... .......... 17% 93.5M 1s
[2024-12-06T20:30:36.525+0000] {subprocess.py:106} INFO -   5800K .......... .......... .......... .......... .......... 17%  178M 1s
[2024-12-06T20:30:36.525+0000] {subprocess.py:106} INFO -   5850K .......... .......... .......... .......... .......... 17%  291M 1s
[2024-12-06T20:30:36.527+0000] {subprocess.py:106} INFO -   5900K .......... .......... .......... .......... .......... 17% 9.23M 1s
[2024-12-06T20:30:36.527+0000] {subprocess.py:106} INFO -   5950K .......... .......... .......... .......... .......... 18%  227M 1s
[2024-12-06T20:30:36.531+0000] {subprocess.py:106} INFO -   6000K .......... .......... .......... .......... .......... 18% 11.4M 1s
[2024-12-06T20:30:36.532+0000] {subprocess.py:106} INFO -   6050K .......... .......... .......... .......... .......... 18% 73.5M 1s
[2024-12-06T20:30:36.533+0000] {subprocess.py:106} INFO -   6100K .......... .......... .......... .......... .......... 18% 47.9M 1s
[2024-12-06T20:30:36.534+0000] {subprocess.py:106} INFO -   6150K .......... .......... .......... .......... .......... 18% 60.8M 1s
[2024-12-06T20:30:36.535+0000] {subprocess.py:106} INFO -   6200K .......... .......... .......... .......... .......... 18% 64.6M 1s
[2024-12-06T20:30:36.536+0000] {subprocess.py:106} INFO -   6250K .......... .......... .......... .......... .......... 18% 94.8M 1s
[2024-12-06T20:30:36.537+0000] {subprocess.py:106} INFO -   6300K .......... .......... .......... .......... .......... 19% 94.5M 1s
[2024-12-06T20:30:36.538+0000] {subprocess.py:106} INFO -   6350K .......... .......... .......... .......... .......... 19% 42.4M 1s
[2024-12-06T20:30:36.539+0000] {subprocess.py:106} INFO -   6400K .......... .......... .......... .......... .......... 19%  236M 1s
[2024-12-06T20:30:36.540+0000] {subprocess.py:106} INFO -   6450K .......... .......... .......... .......... .......... 19%  104M 1s
[2024-12-06T20:30:36.540+0000] {subprocess.py:106} INFO -   6500K .......... .......... .......... .......... .......... 19%  101M 1s
[2024-12-06T20:30:36.540+0000] {subprocess.py:106} INFO -   6550K .......... .......... .......... .......... .......... 19%  229M 1s
[2024-12-06T20:30:36.540+0000] {subprocess.py:106} INFO -   6600K .......... .......... .......... .......... .......... 20%  278M 1s
[2024-12-06T20:30:36.540+0000] {subprocess.py:106} INFO -   6650K .......... .......... .......... .......... .......... 20% 67.5M 1s
[2024-12-06T20:30:36.540+0000] {subprocess.py:106} INFO -   6700K .......... .......... .......... .......... .......... 20%  251M 1s
[2024-12-06T20:30:36.541+0000] {subprocess.py:106} INFO -   6750K .......... .......... .......... .......... .......... 20%  292M 1s
[2024-12-06T20:30:36.541+0000] {subprocess.py:106} INFO -   6800K .......... .......... .......... .......... .......... 20%  230M 1s
[2024-12-06T20:30:36.556+0000] {subprocess.py:106} INFO -   6850K .......... .......... .......... .......... .......... 20% 2.87M 1s
[2024-12-06T20:30:36.559+0000] {subprocess.py:106} INFO -   6900K .......... .......... .......... .......... .......... 20%  245M 1s
[2024-12-06T20:30:36.560+0000] {subprocess.py:106} INFO -   6950K .......... .......... .......... .......... .......... 21% 18.2M 1s
[2024-12-06T20:30:36.561+0000] {subprocess.py:106} INFO -   7000K .......... .......... .......... .......... .......... 21% 74.1M 1s
[2024-12-06T20:30:36.562+0000] {subprocess.py:106} INFO -   7050K .......... .......... .......... .......... .......... 21% 21.5M 1s
[2024-12-06T20:30:36.563+0000] {subprocess.py:106} INFO -   7100K .......... .......... .......... .......... .......... 21% 48.8M 1s
[2024-12-06T20:30:36.564+0000] {subprocess.py:106} INFO -   7150K .......... .......... .......... .......... .......... 21%  155M 1s
[2024-12-06T20:30:36.566+0000] {subprocess.py:106} INFO -   7200K .......... .......... .......... .......... .......... 21%  136M 1s
[2024-12-06T20:30:36.567+0000] {subprocess.py:106} INFO -   7250K .......... .......... .......... .......... .......... 21%  110M 1s
[2024-12-06T20:30:36.567+0000] {subprocess.py:106} INFO -   7300K .......... .......... .......... .......... .......... 22%  161M 1s
[2024-12-06T20:30:36.567+0000] {subprocess.py:106} INFO -   7350K .......... .......... .......... .......... .......... 22%  126M 1s
[2024-12-06T20:30:36.570+0000] {subprocess.py:106} INFO -   7400K .......... .......... .......... .......... .......... 22% 9.48M 1s
[2024-12-06T20:30:36.571+0000] {subprocess.py:106} INFO -   7450K .......... .......... .......... .......... .......... 22%  155M 1s
[2024-12-06T20:30:36.572+0000] {subprocess.py:106} INFO -   7500K .......... .......... .......... .......... .......... 22%  178M 1s
[2024-12-06T20:30:36.573+0000] {subprocess.py:106} INFO -   7550K .......... .......... .......... .......... .......... 22% 24.5M 1s
[2024-12-06T20:30:36.574+0000] {subprocess.py:106} INFO -   7600K .......... .......... .......... .......... .......... 23% 31.9M 1s
[2024-12-06T20:30:36.577+0000] {subprocess.py:106} INFO -   7650K .......... .......... .......... .......... .......... 23% 19.6M 1s
[2024-12-06T20:30:36.578+0000] {subprocess.py:106} INFO -   7700K .......... .......... .......... .......... .......... 23%  201M 1s
[2024-12-06T20:30:36.583+0000] {subprocess.py:106} INFO -   7750K .......... .......... .......... .......... .......... 23% 25.9M 1s
[2024-12-06T20:30:36.585+0000] {subprocess.py:106} INFO -   7800K .......... .......... .......... .......... .......... 23%  118M 1s
[2024-12-06T20:30:36.586+0000] {subprocess.py:106} INFO -   7850K .......... .......... .......... .......... .......... 23%  126M 1s
[2024-12-06T20:30:36.588+0000] {subprocess.py:106} INFO -   7900K .......... .......... .......... .......... .......... 23% 92.2M 1s
[2024-12-06T20:30:36.594+0000] {subprocess.py:106} INFO -   7950K .......... .......... .......... .......... .......... 24% 39.7M 1s
[2024-12-06T20:30:36.597+0000] {subprocess.py:106} INFO -   8000K .......... .......... .......... .......... .......... 24% 50.8M 1s
[2024-12-06T20:30:36.599+0000] {subprocess.py:106} INFO -   8050K .......... .......... .......... .......... .......... 24% 19.2M 1s
[2024-12-06T20:30:36.600+0000] {subprocess.py:106} INFO -   8100K .......... .......... .......... .......... .......... 24% 19.4M 1s
[2024-12-06T20:30:36.600+0000] {subprocess.py:106} INFO -   8150K .......... .......... .......... .......... .......... 24% 21.9M 1s
[2024-12-06T20:30:36.601+0000] {subprocess.py:106} INFO -   8200K .......... .......... .......... .......... .......... 24% 31.1M 1s
[2024-12-06T20:30:36.601+0000] {subprocess.py:106} INFO -   8250K .......... .......... .......... .......... .......... 24% 57.0M 1s
[2024-12-06T20:30:36.601+0000] {subprocess.py:106} INFO -   8300K .......... .......... .......... .......... .......... 25% 7.08M 1s
[2024-12-06T20:30:36.603+0000] {subprocess.py:106} INFO -   8350K .......... .......... .......... .......... .......... 25%  141M 1s
[2024-12-06T20:30:36.605+0000] {subprocess.py:106} INFO -   8400K .......... .......... .......... .......... .......... 25% 58.8M 1s
[2024-12-06T20:30:36.607+0000] {subprocess.py:106} INFO -   8450K .......... .......... .......... .......... .......... 25%  211M 1s
[2024-12-06T20:30:36.614+0000] {subprocess.py:106} INFO -   8500K .......... .......... .......... .......... .......... 25% 3.67M 1s
[2024-12-06T20:30:36.618+0000] {subprocess.py:106} INFO -   8550K .......... .......... .......... .......... .......... 25%  247M 1s
[2024-12-06T20:30:36.634+0000] {subprocess.py:106} INFO -   8600K .......... .......... .......... .......... .......... 26% 2.44M 1s
[2024-12-06T20:30:36.635+0000] {subprocess.py:106} INFO -   8650K .......... .......... .......... .......... .......... 26%  279M 1s
[2024-12-06T20:30:36.638+0000] {subprocess.py:106} INFO -   8700K .......... .......... .......... .......... .......... 26% 91.4M 1s
[2024-12-06T20:30:36.638+0000] {subprocess.py:106} INFO -   8750K .......... .......... .......... .......... .......... 26%  113M 1s
[2024-12-06T20:30:36.638+0000] {subprocess.py:106} INFO -   8800K .......... .......... .......... .......... .......... 26%  160M 1s
[2024-12-06T20:30:36.640+0000] {subprocess.py:106} INFO -   8850K .......... .......... .......... .......... .......... 26%  227M 1s
[2024-12-06T20:30:36.640+0000] {subprocess.py:106} INFO -   8900K .......... .......... .......... .......... .......... 26%  295M 1s
[2024-12-06T20:30:36.641+0000] {subprocess.py:106} INFO -   8950K .......... .......... .......... .......... .......... 27%  132M 1s
[2024-12-06T20:30:36.642+0000] {subprocess.py:106} INFO -   9000K .......... .......... .......... .......... .......... 27%  152M 1s
[2024-12-06T20:30:36.643+0000] {subprocess.py:106} INFO -   9050K .......... .......... .......... .......... .......... 27%  226M 1s
[2024-12-06T20:30:36.644+0000] {subprocess.py:106} INFO -   9100K .......... .......... .......... .......... .......... 27%  198M 1s
[2024-12-06T20:30:36.645+0000] {subprocess.py:106} INFO -   9150K .......... .......... .......... .......... .......... 27%  178M 1s
[2024-12-06T20:30:36.648+0000] {subprocess.py:106} INFO -   9200K .......... .......... .......... .......... .......... 27%  260M 1s
[2024-12-06T20:30:36.648+0000] {subprocess.py:106} INFO -   9250K .......... .......... .......... .......... .......... 27%  258M 1s
[2024-12-06T20:30:36.649+0000] {subprocess.py:106} INFO -   9300K .......... .......... .......... .......... .......... 28%  283M 1s
[2024-12-06T20:30:36.649+0000] {subprocess.py:106} INFO -   9350K .......... .......... .......... .......... .......... 28%  319M 1s
[2024-12-06T20:30:36.649+0000] {subprocess.py:106} INFO -   9400K .......... .......... .......... .......... .......... 28%  251M 1s
[2024-12-06T20:30:36.649+0000] {subprocess.py:106} INFO -   9450K .......... .......... .......... .......... .......... 28%  266M 1s
[2024-12-06T20:30:36.649+0000] {subprocess.py:106} INFO -   9500K .......... .......... .......... .......... .......... 28%  147M 1s
[2024-12-06T20:30:36.650+0000] {subprocess.py:106} INFO -   9550K .......... .......... .......... .......... .......... 28%  220M 1s
[2024-12-06T20:30:36.650+0000] {subprocess.py:106} INFO -   9600K .......... .......... .......... .......... .......... 29%  297M 1s
[2024-12-06T20:30:36.650+0000] {subprocess.py:106} INFO -   9650K .......... .......... .......... .......... .......... 29%  292M 1s
[2024-12-06T20:30:36.650+0000] {subprocess.py:106} INFO -   9700K .......... .......... .......... .......... .......... 29%  190M 1s
[2024-12-06T20:30:36.650+0000] {subprocess.py:106} INFO -   9750K .......... .......... .......... .......... .......... 29% 90.4M 1s
[2024-12-06T20:30:36.650+0000] {subprocess.py:106} INFO -   9800K .......... .......... .......... .......... .......... 29%  143M 1s
[2024-12-06T20:30:36.651+0000] {subprocess.py:106} INFO -   9850K .......... .......... .......... .......... .......... 29%  294M 1s
[2024-12-06T20:30:36.651+0000] {subprocess.py:106} INFO -   9900K .......... .......... .......... .......... .......... 29%  204M 1s
[2024-12-06T20:30:36.651+0000] {subprocess.py:106} INFO -   9950K .......... .......... .......... .......... .......... 30%  253M 1s
[2024-12-06T20:30:36.651+0000] {subprocess.py:106} INFO -  10000K .......... .......... .......... .......... .......... 30%  135M 1s
[2024-12-06T20:30:36.654+0000] {subprocess.py:106} INFO -  10050K .......... .......... .......... .......... .......... 30% 3.90M 1s
[2024-12-06T20:30:36.658+0000] {subprocess.py:106} INFO -  10100K .......... .......... .......... .......... .......... 30% 84.5M 1s
[2024-12-06T20:30:36.659+0000] {subprocess.py:106} INFO -  10150K .......... .......... .......... .......... .......... 30% 76.6M 1s
[2024-12-06T20:30:36.660+0000] {subprocess.py:106} INFO -  10200K .......... .......... .......... .......... .......... 30% 89.6M 1s
[2024-12-06T20:30:36.663+0000] {subprocess.py:106} INFO -  10250K .......... .......... .......... .......... .......... 31% 96.2M 1s
[2024-12-06T20:30:36.663+0000] {subprocess.py:106} INFO -  10300K .......... .......... .......... .......... .......... 31%  136M 1s
[2024-12-06T20:30:36.664+0000] {subprocess.py:106} INFO -  10350K .......... .......... .......... .......... .......... 31%  197M 1s
[2024-12-06T20:30:36.665+0000] {subprocess.py:106} INFO -  10400K .......... .......... .......... .......... .......... 31%  209M 1s
[2024-12-06T20:30:36.665+0000] {subprocess.py:106} INFO -  10450K .......... .......... .......... .......... .......... 31%  287M 1s
[2024-12-06T20:30:36.665+0000] {subprocess.py:106} INFO -  10500K .......... .......... .......... .......... .......... 31%  272M 1s
[2024-12-06T20:30:36.666+0000] {subprocess.py:106} INFO -  10550K .......... .......... .......... .......... .......... 31% 54.8M 1s
[2024-12-06T20:30:36.666+0000] {subprocess.py:106} INFO -  10600K .......... .......... .......... .......... .......... 32%  191M 1s
[2024-12-06T20:30:36.666+0000] {subprocess.py:106} INFO -  10650K .......... .......... .......... .......... .......... 32%  115M 1s
[2024-12-06T20:30:36.666+0000] {subprocess.py:106} INFO -  10700K .......... .......... .......... .......... .......... 32% 43.7M 1s
[2024-12-06T20:30:36.667+0000] {subprocess.py:106} INFO -  10750K .......... .......... .......... .......... .......... 32% 63.6M 1s
[2024-12-06T20:30:36.667+0000] {subprocess.py:106} INFO -  10800K .......... .......... .......... .......... .......... 32% 52.5M 1s
[2024-12-06T20:30:36.667+0000] {subprocess.py:106} INFO -  10850K .......... .......... .......... .......... .......... 32% 93.6M 1s
[2024-12-06T20:30:36.667+0000] {subprocess.py:106} INFO -  10900K .......... .......... .......... .......... .......... 32% 88.5M 1s
[2024-12-06T20:30:36.667+0000] {subprocess.py:106} INFO -  10950K .......... .......... .......... .......... .......... 33%  244M 1s
[2024-12-06T20:30:36.682+0000] {subprocess.py:106} INFO -  11000K .......... .......... .......... .......... .......... 33% 2.56M 1s
[2024-12-06T20:30:36.683+0000] {subprocess.py:106} INFO -  11050K .......... .......... .......... .......... .......... 33% 60.0M 1s
[2024-12-06T20:30:36.685+0000] {subprocess.py:106} INFO -  11100K .......... .......... .......... .......... .......... 33% 31.5M 1s
[2024-12-06T20:30:36.693+0000] {subprocess.py:106} INFO -  11150K .......... .......... .......... .......... .......... 33% 13.3M 1s
[2024-12-06T20:30:36.695+0000] {subprocess.py:106} INFO -  11200K .......... .......... .......... .......... .......... 33% 65.8M 1s
[2024-12-06T20:30:36.696+0000] {subprocess.py:106} INFO -  11250K .......... .......... .......... .......... .......... 34% 40.1M 1s
[2024-12-06T20:30:36.699+0000] {subprocess.py:106} INFO -  11300K .......... .......... .......... .......... .......... 34%  207M 1s
[2024-12-06T20:30:36.700+0000] {subprocess.py:106} INFO -  11350K .......... .......... .......... .......... .......... 34% 28.6M 1s
[2024-12-06T20:30:36.701+0000] {subprocess.py:106} INFO -  11400K .......... .......... .......... .......... .......... 34% 22.5M 1s
[2024-12-06T20:30:36.702+0000] {subprocess.py:106} INFO -  11450K .......... .......... .......... .......... .......... 34% 37.9M 1s
[2024-12-06T20:30:36.703+0000] {subprocess.py:106} INFO -  11500K .......... .......... .......... .......... .......... 34% 59.8M 1s
[2024-12-06T20:30:36.704+0000] {subprocess.py:106} INFO -  11550K .......... .......... .......... .......... .......... 34% 32.0M 1s
[2024-12-06T20:30:36.706+0000] {subprocess.py:106} INFO -  11600K .......... .......... .......... .......... .......... 35%  205M 1s
[2024-12-06T20:30:36.709+0000] {subprocess.py:106} INFO -  11650K .......... .......... .......... .......... .......... 35% 56.4M 1s
[2024-12-06T20:30:36.709+0000] {subprocess.py:106} INFO -  11700K .......... .......... .......... .......... .......... 35% 53.2M 1s
[2024-12-06T20:30:36.711+0000] {subprocess.py:106} INFO -  11750K .......... .......... .......... .......... .......... 35% 9.11M 1s
[2024-12-06T20:30:36.721+0000] {subprocess.py:106} INFO -  11800K .......... .......... .......... .......... .......... 35%  175M 1s
[2024-12-06T20:30:36.725+0000] {subprocess.py:106} INFO -  11850K .......... .......... .......... .......... .......... 35% 52.7M 1s
[2024-12-06T20:30:36.726+0000] {subprocess.py:106} INFO -  11900K .......... .......... .......... .......... .......... 35% 50.4M 1s
[2024-12-06T20:30:36.727+0000] {subprocess.py:106} INFO -  11950K .......... .......... .......... .......... .......... 36% 45.3M 1s
[2024-12-06T20:30:36.729+0000] {subprocess.py:106} INFO -  12000K .......... .......... .......... .......... .......... 36% 85.5M 1s
[2024-12-06T20:30:36.732+0000] {subprocess.py:106} INFO -  12050K .......... .......... .......... .......... .......... 36% 88.2M 1s
[2024-12-06T20:30:36.739+0000] {subprocess.py:106} INFO -  12100K .......... .......... .......... .......... .......... 36% 27.5M 1s
[2024-12-06T20:30:36.740+0000] {subprocess.py:106} INFO -  12150K .......... .......... .......... .......... .......... 36% 33.7M 1s
[2024-12-06T20:30:36.744+0000] {subprocess.py:106} INFO -  12200K .......... .......... .......... .......... .......... 36%  268M 1s
[2024-12-06T20:30:36.745+0000] {subprocess.py:106} INFO -  12250K .......... .......... .......... .......... .......... 37% 63.1M 1s
[2024-12-06T20:30:36.746+0000] {subprocess.py:106} INFO -  12300K .......... .......... .......... .......... .......... 37%  125M 1s
[2024-12-06T20:30:36.746+0000] {subprocess.py:106} INFO -  12350K .......... .......... .......... .......... .......... 37% 13.5M 1s
[2024-12-06T20:30:36.746+0000] {subprocess.py:106} INFO -  12400K .......... .......... .......... .......... .......... 37%  108M 1s
[2024-12-06T20:30:36.747+0000] {subprocess.py:106} INFO -  12450K .......... .......... .......... .......... .......... 37% 19.6M 1s
[2024-12-06T20:30:36.755+0000] {subprocess.py:106} INFO -  12500K .......... .......... .......... .......... .......... 37% 1.43M 1s
[2024-12-06T20:30:36.760+0000] {subprocess.py:106} INFO -  12550K .......... .......... .......... .......... .......... 37%  139M 1s
[2024-12-06T20:30:36.761+0000] {subprocess.py:106} INFO -  12600K .......... .......... .......... .......... .......... 38%  181M 1s
[2024-12-06T20:30:36.763+0000] {subprocess.py:106} INFO -  12650K .......... .......... .......... .......... .......... 38%  152M 1s
[2024-12-06T20:30:36.764+0000] {subprocess.py:106} INFO -  12700K .......... .......... .......... .......... .......... 38%  182M 1s
[2024-12-06T20:30:36.764+0000] {subprocess.py:106} INFO -  12750K .......... .......... .......... .......... .......... 38%  150M 1s
[2024-12-06T20:30:36.765+0000] {subprocess.py:106} INFO -  12800K .......... .......... .......... .......... .......... 38%  238M 1s
[2024-12-06T20:30:36.767+0000] {subprocess.py:106} INFO -  12850K .......... .......... .......... .......... .......... 38%  121M 1s
[2024-12-06T20:30:36.767+0000] {subprocess.py:106} INFO -  12900K .......... .......... .......... .......... .......... 38% 96.0M 1s
[2024-12-06T20:30:36.768+0000] {subprocess.py:106} INFO -  12950K .......... .......... .......... .......... .......... 39% 95.7M 1s
[2024-12-06T20:30:36.769+0000] {subprocess.py:106} INFO -  13000K .......... .......... .......... .......... .......... 39%  256M 1s
[2024-12-06T20:30:36.770+0000] {subprocess.py:106} INFO -  13050K .......... .......... .......... .......... .......... 39%  169M 1s
[2024-12-06T20:30:36.770+0000] {subprocess.py:106} INFO -  13100K .......... .......... .......... .......... .......... 39%  169M 1s
[2024-12-06T20:30:36.771+0000] {subprocess.py:106} INFO -  13150K .......... .......... .......... .......... .......... 39%  168M 1s
[2024-12-06T20:30:36.772+0000] {subprocess.py:106} INFO -  13200K .......... .......... .......... .......... .......... 39%  259M 1s
[2024-12-06T20:30:36.772+0000] {subprocess.py:106} INFO -  13250K .......... .......... .......... .......... .......... 40%  142M 1s
[2024-12-06T20:30:36.772+0000] {subprocess.py:106} INFO -  13300K .......... .......... .......... .......... .......... 40%  183M 1s
[2024-12-06T20:30:36.773+0000] {subprocess.py:106} INFO -  13350K .......... .......... .......... .......... .......... 40% 74.9M 1s
[2024-12-06T20:30:36.773+0000] {subprocess.py:106} INFO -  13400K .......... .......... .......... .......... .......... 40%  161M 1s
[2024-12-06T20:30:36.774+0000] {subprocess.py:106} INFO -  13450K .......... .......... .......... .......... .......... 40%  213M 1s
[2024-12-06T20:30:36.775+0000] {subprocess.py:106} INFO -  13500K .......... .......... .......... .......... .......... 40%  241M 1s
[2024-12-06T20:30:36.776+0000] {subprocess.py:106} INFO -  13550K .......... .......... .......... .......... .......... 40% 67.6M 1s
[2024-12-06T20:30:36.776+0000] {subprocess.py:106} INFO -  13600K .......... .......... .......... .......... .......... 41%  142M 1s
[2024-12-06T20:30:36.777+0000] {subprocess.py:106} INFO -  13650K .......... .......... .......... .......... .......... 41%  136M 1s
[2024-12-06T20:30:36.780+0000] {subprocess.py:106} INFO -  13700K .......... .......... .......... .......... .......... 41% 60.9M 1s
[2024-12-06T20:30:36.781+0000] {subprocess.py:106} INFO -  13750K .......... .......... .......... .......... .......... 41%  103M 1s
[2024-12-06T20:30:36.782+0000] {subprocess.py:106} INFO -  13800K .......... .......... .......... .......... .......... 41%  132M 1s
[2024-12-06T20:30:36.782+0000] {subprocess.py:106} INFO -  13850K .......... .......... .......... .......... .......... 41%  156M 1s
[2024-12-06T20:30:36.782+0000] {subprocess.py:106} INFO -  13900K .......... .......... .......... .......... .......... 41%  201M 1s
[2024-12-06T20:30:36.783+0000] {subprocess.py:106} INFO -  13950K .......... .......... .......... .......... .......... 42%  110M 1s
[2024-12-06T20:30:36.783+0000] {subprocess.py:106} INFO -  14000K .......... .......... .......... .......... .......... 42% 63.0M 1s
[2024-12-06T20:30:36.784+0000] {subprocess.py:106} INFO -  14050K .......... .......... .......... .......... .......... 42%  202M 1s
[2024-12-06T20:30:36.789+0000] {subprocess.py:106} INFO -  14100K .......... .......... .......... .......... .......... 42%  265M 1s
[2024-12-06T20:30:36.793+0000] {subprocess.py:106} INFO -  14150K .......... .......... .......... .......... .......... 42%  229M 1s
[2024-12-06T20:30:36.795+0000] {subprocess.py:106} INFO -  14200K .......... .......... .......... .......... .......... 42%  273M 1s
[2024-12-06T20:30:36.796+0000] {subprocess.py:106} INFO -  14250K .......... .......... .......... .......... .......... 43%  223M 1s
[2024-12-06T20:30:36.797+0000] {subprocess.py:106} INFO -  14300K .......... .......... .......... .......... .......... 43%  172M 1s
[2024-12-06T20:30:36.802+0000] {subprocess.py:106} INFO -  14350K .......... .......... .......... .......... .......... 43% 3.66M 1s
[2024-12-06T20:30:36.804+0000] {subprocess.py:106} INFO -  14400K .......... .......... .......... .......... .......... 43% 5.04M 1s
[2024-12-06T20:30:36.806+0000] {subprocess.py:106} INFO -  14450K .......... .......... .......... .......... .......... 43% 19.7M 1s
[2024-12-06T20:30:36.808+0000] {subprocess.py:106} INFO -  14500K .......... .......... .......... .......... .......... 43% 12.8M 1s
[2024-12-06T20:30:36.809+0000] {subprocess.py:106} INFO -  14550K .......... .......... .......... .......... .......... 43% 43.7M 1s
[2024-12-06T20:30:36.812+0000] {subprocess.py:106} INFO -  14600K .......... .......... .......... .......... .......... 44% 76.1M 1s
[2024-12-06T20:30:36.813+0000] {subprocess.py:106} INFO -  14650K .......... .......... .......... .......... .......... 44%  127M 1s
[2024-12-06T20:30:36.814+0000] {subprocess.py:106} INFO -  14700K .......... .......... .......... .......... .......... 44% 11.9M 1s
[2024-12-06T20:30:36.816+0000] {subprocess.py:106} INFO -  14750K .......... .......... .......... .......... .......... 44%  145M 1s
[2024-12-06T20:30:36.817+0000] {subprocess.py:106} INFO -  14800K .......... .......... .......... .......... .......... 44% 32.6M 1s
[2024-12-06T20:30:36.818+0000] {subprocess.py:106} INFO -  14850K .......... .......... .......... .......... .......... 44%  121M 1s
[2024-12-06T20:30:36.819+0000] {subprocess.py:106} INFO -  14900K .......... .......... .......... .......... .......... 45% 67.1M 1s
[2024-12-06T20:30:36.820+0000] {subprocess.py:106} INFO -  14950K .......... .......... .......... .......... .......... 45% 27.2M 1s
[2024-12-06T20:30:36.824+0000] {subprocess.py:106} INFO -  15000K .......... .......... .......... .......... .......... 45% 30.6M 1s
[2024-12-06T20:30:36.825+0000] {subprocess.py:106} INFO -  15050K .......... .......... .......... .......... .......... 45% 42.1M 1s
[2024-12-06T20:30:36.826+0000] {subprocess.py:106} INFO -  15100K .......... .......... .......... .......... .......... 45% 28.6M 1s
[2024-12-06T20:30:36.827+0000] {subprocess.py:106} INFO -  15150K .......... .......... .......... .......... .......... 45% 58.8M 1s
[2024-12-06T20:30:36.828+0000] {subprocess.py:106} INFO -  15200K .......... .......... .......... .......... .......... 45% 27.7M 1s
[2024-12-06T20:30:36.829+0000] {subprocess.py:106} INFO -  15250K .......... .......... .......... .......... .......... 46% 32.2M 1s
[2024-12-06T20:30:36.830+0000] {subprocess.py:106} INFO -  15300K .......... .......... .......... .......... .......... 46%  249M 1s
[2024-12-06T20:30:36.831+0000] {subprocess.py:106} INFO -  15350K .......... .......... .......... .......... .......... 46% 92.8M 1s
[2024-12-06T20:30:36.833+0000] {subprocess.py:106} INFO -  15400K .......... .......... .......... .......... .......... 46%  188M 1s
[2024-12-06T20:30:36.834+0000] {subprocess.py:106} INFO -  15450K .......... .......... .......... .......... .......... 46% 76.3M 1s
[2024-12-06T20:30:36.835+0000] {subprocess.py:106} INFO -  15500K .......... .......... .......... .......... .......... 46% 9.67M 1s
[2024-12-06T20:30:36.837+0000] {subprocess.py:106} INFO -  15550K .......... .......... .......... .......... .......... 46% 20.2M 1s
[2024-12-06T20:30:36.839+0000] {subprocess.py:106} INFO -  15600K .......... .......... .......... .......... .......... 47% 29.8M 1s
[2024-12-06T20:30:36.842+0000] {subprocess.py:106} INFO -  15650K .......... .......... .......... .......... .......... 47% 58.1M 1s
[2024-12-06T20:30:36.842+0000] {subprocess.py:106} INFO -  15700K .......... .......... .......... .......... .......... 47% 40.2M 1s
[2024-12-06T20:30:36.843+0000] {subprocess.py:106} INFO -  15750K .......... .......... .......... .......... .......... 47%  230M 1s
[2024-12-06T20:30:36.843+0000] {subprocess.py:106} INFO -  15800K .......... .......... .......... .......... .......... 47% 34.5M 1s
[2024-12-06T20:30:36.844+0000] {subprocess.py:106} INFO -  15850K .......... .......... .......... .......... .......... 47%  160M 1s
[2024-12-06T20:30:36.844+0000] {subprocess.py:106} INFO -  15900K .......... .......... .......... .......... .......... 48%  123M 1s
[2024-12-06T20:30:36.844+0000] {subprocess.py:106} INFO -  15950K .......... .......... .......... .......... .......... 48%  185M 1s
[2024-12-06T20:30:36.844+0000] {subprocess.py:106} INFO -  16000K .......... .......... .......... .......... .......... 48% 88.7M 1s
[2024-12-06T20:30:36.845+0000] {subprocess.py:106} INFO -  16050K .......... .......... .......... .......... .......... 48% 40.2M 1s
[2024-12-06T20:30:36.845+0000] {subprocess.py:106} INFO -  16100K .......... .......... .......... .......... .......... 48% 30.1M 1s
[2024-12-06T20:30:36.846+0000] {subprocess.py:106} INFO -  16150K .......... .......... .......... .......... .......... 48% 24.3M 1s
[2024-12-06T20:30:36.846+0000] {subprocess.py:106} INFO -  16200K .......... .......... .......... .......... .......... 48% 46.1M 1s
[2024-12-06T20:30:36.846+0000] {subprocess.py:106} INFO -  16250K .......... .......... .......... .......... .......... 49% 52.2M 1s
[2024-12-06T20:30:36.847+0000] {subprocess.py:106} INFO -  16300K .......... .......... .......... .......... .......... 49%  154M 1s
[2024-12-06T20:30:36.847+0000] {subprocess.py:106} INFO -  16350K .......... .......... .......... .......... .......... 49% 57.8M 1s
[2024-12-06T20:30:36.847+0000] {subprocess.py:106} INFO -  16400K .......... .......... .......... .......... .......... 49%  297M 1s
[2024-12-06T20:30:36.847+0000] {subprocess.py:106} INFO -  16450K .......... .......... .......... .......... .......... 49%  104M 1s
[2024-12-06T20:30:36.847+0000] {subprocess.py:106} INFO -  16500K .......... .......... .......... .......... .......... 49%  186M 1s
[2024-12-06T20:30:36.848+0000] {subprocess.py:106} INFO -  16550K .......... .......... .......... .......... .......... 49% 94.0M 1s
[2024-12-06T20:30:36.848+0000] {subprocess.py:106} INFO -  16600K .......... .......... .......... .......... .......... 50%  129M 1s
[2024-12-06T20:30:36.848+0000] {subprocess.py:106} INFO -  16650K .......... .......... .......... .......... .......... 50%  202M 1s
[2024-12-06T20:30:36.848+0000] {subprocess.py:106} INFO -  16700K .......... .......... .......... .......... .......... 50%  296M 1s
[2024-12-06T20:30:36.849+0000] {subprocess.py:106} INFO -  16750K .......... .......... .......... .......... .......... 50%  180M 1s
[2024-12-06T20:30:36.849+0000] {subprocess.py:106} INFO -  16800K .......... .......... .......... .......... .......... 50%  216M 1s
[2024-12-06T20:30:36.849+0000] {subprocess.py:106} INFO -  16850K .......... .......... .......... .......... .......... 50%  178M 1s
[2024-12-06T20:30:36.850+0000] {subprocess.py:106} INFO -  16900K .......... .......... .......... .......... .......... 51%  236M 1s
[2024-12-06T20:30:36.862+0000] {subprocess.py:106} INFO -  16950K .......... .......... .......... .......... .......... 51% 2.57M 1s
[2024-12-06T20:30:36.863+0000] {subprocess.py:106} INFO -  17000K .......... .......... .......... .......... .......... 51%  238M 1s
[2024-12-06T20:30:36.865+0000] {subprocess.py:106} INFO -  17050K .......... .......... .......... .......... .......... 51% 22.6M 1s
[2024-12-06T20:30:36.865+0000] {subprocess.py:106} INFO -  17100K .......... .......... .......... .......... .......... 51%  189M 1s
[2024-12-06T20:30:36.867+0000] {subprocess.py:106} INFO -  17150K .......... .......... .......... .......... .......... 51% 25.3M 1s
[2024-12-06T20:30:36.869+0000] {subprocess.py:106} INFO -  17200K .......... .......... .......... .......... .......... 51% 24.7M 1s
[2024-12-06T20:30:36.870+0000] {subprocess.py:106} INFO -  17250K .......... .......... .......... .......... .......... 52% 50.2M 1s
[2024-12-06T20:30:36.871+0000] {subprocess.py:106} INFO -  17300K .......... .......... .......... .......... .......... 52% 91.3M 1s
[2024-12-06T20:30:36.872+0000] {subprocess.py:106} INFO -  17350K .......... .......... .......... .......... .......... 52% 30.1M 1s
[2024-12-06T20:30:36.872+0000] {subprocess.py:106} INFO -  17400K .......... .......... .......... .......... .......... 52%  157M 1s
[2024-12-06T20:30:36.875+0000] {subprocess.py:106} INFO -  17450K .......... .......... .......... .......... .......... 52% 17.5M 1s
[2024-12-06T20:30:36.880+0000] {subprocess.py:106} INFO -  17500K .......... .......... .......... .......... .......... 52% 9.40M 1s
[2024-12-06T20:30:36.888+0000] {subprocess.py:106} INFO -  17550K .......... .......... .......... .......... .......... 52% 14.5M 1s
[2024-12-06T20:30:36.897+0000] {subprocess.py:106} INFO -  17600K .......... .......... .......... .......... .......... 53% 5.05M 1s
[2024-12-06T20:30:36.900+0000] {subprocess.py:106} INFO -  17650K .......... .......... .......... .......... .......... 53% 8.69M 1s
[2024-12-06T20:30:36.902+0000] {subprocess.py:106} INFO -  17700K .......... .......... .......... .......... .......... 53% 87.4M 1s
[2024-12-06T20:30:36.904+0000] {subprocess.py:106} INFO -  17750K .......... .......... .......... .......... .......... 53% 18.0M 1s
[2024-12-06T20:30:36.905+0000] {subprocess.py:106} INFO -  17800K .......... .......... .......... .......... .......... 53% 22.7M 1s
[2024-12-06T20:30:36.906+0000] {subprocess.py:106} INFO -  17850K .......... .......... .......... .......... .......... 53% 26.6M 1s
[2024-12-06T20:30:36.910+0000] {subprocess.py:106} INFO -  17900K .......... .......... .......... .......... .......... 54%  183M 1s
[2024-12-06T20:30:36.912+0000] {subprocess.py:106} INFO -  17950K .......... .......... .......... .......... .......... 54% 14.0M 1s
[2024-12-06T20:30:36.920+0000] {subprocess.py:106} INFO -  18000K .......... .......... .......... .......... .......... 54% 5.14M 1s
[2024-12-06T20:30:36.921+0000] {subprocess.py:106} INFO -  18050K .......... .......... .......... .......... .......... 54%  145M 1s
[2024-12-06T20:30:36.922+0000] {subprocess.py:106} INFO -  18100K .......... .......... .......... .......... .......... 54% 92.9M 1s
[2024-12-06T20:30:36.923+0000] {subprocess.py:106} INFO -  18150K .......... .......... .......... .......... .......... 54% 83.8M 1s
[2024-12-06T20:30:36.923+0000] {subprocess.py:106} INFO -  18200K .......... .......... .......... .......... .......... 54%  244M 1s
[2024-12-06T20:30:36.927+0000] {subprocess.py:106} INFO -  18250K .......... .......... .......... .......... .......... 55%  149M 1s
[2024-12-06T20:30:36.930+0000] {subprocess.py:106} INFO -  18300K .......... .......... .......... .......... .......... 55%  224M 1s
[2024-12-06T20:30:36.931+0000] {subprocess.py:106} INFO -  18350K .......... .......... .......... .......... .......... 55%  142M 1s
[2024-12-06T20:30:36.932+0000] {subprocess.py:106} INFO -  18400K .......... .......... .......... .......... .......... 55%  239M 1s
[2024-12-06T20:30:36.935+0000] {subprocess.py:106} INFO -  18450K .......... .......... .......... .......... .......... 55%  185M 1s
[2024-12-06T20:30:36.936+0000] {subprocess.py:106} INFO -  18500K .......... .......... .......... .......... .......... 55% 41.9M 1s
[2024-12-06T20:30:36.937+0000] {subprocess.py:106} INFO -  18550K .......... .......... .......... .......... .......... 55% 90.2M 1s
[2024-12-06T20:30:36.941+0000] {subprocess.py:106} INFO -  18600K .......... .......... .......... .......... .......... 56% 80.5M 1s
[2024-12-06T20:30:36.943+0000] {subprocess.py:106} INFO -  18650K .......... .......... .......... .......... .......... 56% 99.6M 1s
[2024-12-06T20:30:36.944+0000] {subprocess.py:106} INFO -  18700K .......... .......... .......... .......... .......... 56%  127M 1s
[2024-12-06T20:30:36.946+0000] {subprocess.py:106} INFO -  18750K .......... .......... .......... .......... .......... 56%  191M 1s
[2024-12-06T20:30:36.947+0000] {subprocess.py:106} INFO -  18800K .......... .......... .......... .......... .......... 56%  134M 1s
[2024-12-06T20:30:36.947+0000] {subprocess.py:106} INFO -  18850K .......... .......... .......... .......... .......... 56% 73.6M 1s
[2024-12-06T20:30:36.949+0000] {subprocess.py:106} INFO -  18900K .......... .......... .......... .......... .......... 57%  107M 1s
[2024-12-06T20:30:36.950+0000] {subprocess.py:106} INFO -  18950K .......... .......... .......... .......... .......... 57% 67.7M 1s
[2024-12-06T20:30:36.951+0000] {subprocess.py:106} INFO -  19000K .......... .......... .......... .......... .......... 57% 60.8M 1s
[2024-12-06T20:30:36.951+0000] {subprocess.py:106} INFO -  19050K .......... .......... .......... .......... .......... 57%  204M 1s
[2024-12-06T20:30:36.952+0000] {subprocess.py:106} INFO -  19100K .......... .......... .......... .......... .......... 57%  153M 1s
[2024-12-06T20:30:36.954+0000] {subprocess.py:106} INFO -  19150K .......... .......... .......... .......... .......... 57%  215M 1s
[2024-12-06T20:30:36.955+0000] {subprocess.py:106} INFO -  19200K .......... .......... .......... .......... .......... 57% 44.6M 1s
[2024-12-06T20:30:36.956+0000] {subprocess.py:106} INFO -  19250K .......... .......... .......... .......... .......... 58% 33.0M 1s
[2024-12-06T20:30:36.958+0000] {subprocess.py:106} INFO -  19300K .......... .......... .......... .......... .......... 58%  124M 1s
[2024-12-06T20:30:36.959+0000] {subprocess.py:106} INFO -  19350K .......... .......... .......... .......... .......... 58% 91.0M 1s
[2024-12-06T20:30:36.960+0000] {subprocess.py:106} INFO -  19400K .......... .......... .......... .......... .......... 58% 54.6M 1s
[2024-12-06T20:30:36.961+0000] {subprocess.py:106} INFO -  19450K .......... .......... .......... .......... .......... 58% 67.4M 1s
[2024-12-06T20:30:36.962+0000] {subprocess.py:106} INFO -  19500K .......... .......... .......... .......... .......... 58% 22.5M 1s
[2024-12-06T20:30:36.963+0000] {subprocess.py:106} INFO -  19550K .......... .......... .......... .......... .......... 58% 77.9M 1s
[2024-12-06T20:30:36.963+0000] {subprocess.py:106} INFO -  19600K .......... .......... .......... .......... .......... 59% 48.8M 0s
[2024-12-06T20:30:36.964+0000] {subprocess.py:106} INFO -  19650K .......... .......... .......... .......... .......... 59% 23.7M 0s
[2024-12-06T20:30:36.964+0000] {subprocess.py:106} INFO -  19700K .......... .......... .......... .......... .......... 59% 33.4M 0s
[2024-12-06T20:30:36.965+0000] {subprocess.py:106} INFO -  19750K .......... .......... .......... .......... .......... 59% 35.6M 0s
[2024-12-06T20:30:36.966+0000] {subprocess.py:106} INFO -  19800K .......... .......... .......... .......... .......... 59% 20.9M 0s
[2024-12-06T20:30:36.966+0000] {subprocess.py:106} INFO -  19850K .......... .......... .......... .......... .......... 59% 17.7M 0s
[2024-12-06T20:30:36.967+0000] {subprocess.py:106} INFO -  19900K .......... .......... .......... .......... .......... 60% 43.1M 0s
[2024-12-06T20:30:36.967+0000] {subprocess.py:106} INFO -  19950K .......... .......... .......... .......... .......... 60% 9.65M 0s
[2024-12-06T20:30:36.967+0000] {subprocess.py:106} INFO -  20000K .......... .......... .......... .......... .......... 60%  198M 0s
[2024-12-06T20:30:36.967+0000] {subprocess.py:106} INFO -  20050K .......... .......... .......... .......... .......... 60%  206M 0s
[2024-12-06T20:30:36.968+0000] {subprocess.py:106} INFO -  20100K .......... .......... .......... .......... .......... 60% 9.82M 0s
[2024-12-06T20:30:36.968+0000] {subprocess.py:106} INFO -  20150K .......... .......... .......... .......... .......... 60% 50.8M 0s
[2024-12-06T20:30:36.982+0000] {subprocess.py:106} INFO -  20200K .......... .......... .......... .......... .......... 60% 2.35M 0s
[2024-12-06T20:30:36.983+0000] {subprocess.py:106} INFO -  20250K .......... .......... .......... .......... .......... 61% 90.6M 0s
[2024-12-06T20:30:36.984+0000] {subprocess.py:106} INFO -  20300K .......... .......... .......... .......... .......... 61%  166M 0s
[2024-12-06T20:30:36.985+0000] {subprocess.py:106} INFO -  20350K .......... .......... .......... .......... .......... 61%  296M 0s
[2024-12-06T20:30:36.985+0000] {subprocess.py:106} INFO -  20400K .......... .......... .......... .......... .......... 61%  289M 0s
[2024-12-06T20:30:36.985+0000] {subprocess.py:106} INFO -  20450K .......... .......... .......... .......... .......... 61% 80.8M 0s
[2024-12-06T20:30:36.985+0000] {subprocess.py:106} INFO -  20500K .......... .......... .......... .......... .......... 61%  137M 0s
[2024-12-06T20:30:36.986+0000] {subprocess.py:106} INFO -  20550K .......... .......... .......... .......... .......... 62%  193M 0s
[2024-12-06T20:30:36.986+0000] {subprocess.py:106} INFO -  20600K .......... .......... .......... .......... .......... 62%  127M 0s
[2024-12-06T20:30:36.987+0000] {subprocess.py:106} INFO -  20650K .......... .......... .......... .......... .......... 62%  174M 0s
[2024-12-06T20:30:36.987+0000] {subprocess.py:106} INFO -  20700K .......... .......... .......... .......... .......... 62%  262M 0s
[2024-12-06T20:30:36.987+0000] {subprocess.py:106} INFO -  20750K .......... .......... .......... .......... .......... 62%  167M 0s
[2024-12-06T20:30:36.988+0000] {subprocess.py:106} INFO -  20800K .......... .......... .......... .......... .......... 62%  174M 0s
[2024-12-06T20:30:37.001+0000] {subprocess.py:106} INFO -  20850K .......... .......... .......... .......... .......... 62% 3.25M 0s
[2024-12-06T20:30:37.003+0000] {subprocess.py:106} INFO -  20900K .......... .......... .......... .......... .......... 63% 32.6M 0s
[2024-12-06T20:30:37.004+0000] {subprocess.py:106} INFO -  20950K .......... .......... .......... .......... .......... 63% 79.5M 0s
[2024-12-06T20:30:37.007+0000] {subprocess.py:106} INFO -  21000K .......... .......... .......... .......... .......... 63% 41.6M 0s
[2024-12-06T20:30:37.008+0000] {subprocess.py:106} INFO -  21050K .......... .......... .......... .......... .......... 63%  146M 0s
[2024-12-06T20:30:37.008+0000] {subprocess.py:106} INFO -  21100K .......... .......... .......... .......... .......... 63% 57.5M 0s
[2024-12-06T20:30:37.009+0000] {subprocess.py:106} INFO -  21150K .......... .......... .......... .......... .......... 63%  237M 0s
[2024-12-06T20:30:37.009+0000] {subprocess.py:106} INFO -  21200K .......... .......... .......... .......... .......... 63%  227M 0s
[2024-12-06T20:30:37.009+0000] {subprocess.py:106} INFO -  21250K .......... .......... .......... .......... .......... 64%  100M 0s
[2024-12-06T20:30:37.010+0000] {subprocess.py:106} INFO -  21300K .......... .......... .......... .......... .......... 64%  169M 0s
[2024-12-06T20:30:37.011+0000] {subprocess.py:106} INFO -  21350K .......... .......... .......... .......... .......... 64%  185M 0s
[2024-12-06T20:30:37.012+0000] {subprocess.py:106} INFO -  21400K .......... .......... .......... .......... .......... 64% 68.0M 0s
[2024-12-06T20:30:37.012+0000] {subprocess.py:106} INFO -  21450K .......... .......... .......... .......... .......... 64% 97.2M 0s
[2024-12-06T20:30:37.013+0000] {subprocess.py:106} INFO -  21500K .......... .......... .......... .......... .......... 64% 57.3M 0s
[2024-12-06T20:30:37.013+0000] {subprocess.py:106} INFO -  21550K .......... .......... .......... .......... .......... 65%  212M 0s
[2024-12-06T20:30:37.014+0000] {subprocess.py:106} INFO -  21600K .......... .......... .......... .......... .......... 65%  221M 0s
[2024-12-06T20:30:37.014+0000] {subprocess.py:106} INFO -  21650K .......... .......... .......... .......... .......... 65%  262M 0s
[2024-12-06T20:30:37.014+0000] {subprocess.py:106} INFO -  21700K .......... .......... .......... .......... .......... 65%  279M 0s
[2024-12-06T20:30:37.015+0000] {subprocess.py:106} INFO -  21750K .......... .......... .......... .......... .......... 65%  189M 0s
[2024-12-06T20:30:37.015+0000] {subprocess.py:106} INFO -  21800K .......... .......... .......... .......... .......... 65% 42.7M 0s
[2024-12-06T20:30:37.016+0000] {subprocess.py:106} INFO -  21850K .......... .......... .......... .......... .......... 65% 79.7M 0s
[2024-12-06T20:30:37.016+0000] {subprocess.py:106} INFO -  21900K .......... .......... .......... .......... .......... 66%  159M 0s
[2024-12-06T20:30:37.065+0000] {subprocess.py:106} INFO -  21950K .......... .......... .......... .......... .......... 66% 1.02M 0s
[2024-12-06T20:30:37.071+0000] {subprocess.py:106} INFO -  22000K .......... .......... .......... .......... .......... 66% 4.28M 0s
[2024-12-06T20:30:37.072+0000] {subprocess.py:106} INFO -  22050K .......... .......... .......... .......... .......... 66%  203M 0s
[2024-12-06T20:30:37.073+0000] {subprocess.py:106} INFO -  22100K .......... .......... .......... .......... .......... 66% 32.2M 0s
[2024-12-06T20:30:37.075+0000] {subprocess.py:106} INFO -  22150K .......... .......... .......... .......... .......... 66%  218M 0s
[2024-12-06T20:30:37.077+0000] {subprocess.py:106} INFO -  22200K .......... .......... .......... .......... .......... 66% 16.2M 0s
[2024-12-06T20:30:37.079+0000] {subprocess.py:106} INFO -  22250K .......... .......... .......... .......... .......... 67% 39.1M 0s
[2024-12-06T20:30:37.080+0000] {subprocess.py:106} INFO -  22300K .......... .......... .......... .......... .......... 67% 25.6M 0s
[2024-12-06T20:30:37.082+0000] {subprocess.py:106} INFO -  22350K .......... .......... .......... .......... .......... 67% 29.3M 0s
[2024-12-06T20:30:37.083+0000] {subprocess.py:106} INFO -  22400K .......... .......... .......... .......... .......... 67% 27.2M 0s
[2024-12-06T20:30:37.087+0000] {subprocess.py:106} INFO -  22450K .......... .......... .......... .......... .......... 67%  243M 0s
[2024-12-06T20:30:37.090+0000] {subprocess.py:106} INFO -  22500K .......... .......... .......... .......... .......... 67%  127M 0s
[2024-12-06T20:30:37.092+0000] {subprocess.py:106} INFO -  22550K .......... .......... .......... .......... .......... 68% 54.5M 0s
[2024-12-06T20:30:37.092+0000] {subprocess.py:106} INFO -  22600K .......... .......... .......... .......... .......... 68%  220M 0s
[2024-12-06T20:30:37.093+0000] {subprocess.py:106} INFO -  22650K .......... .......... .......... .......... .......... 68%  198M 0s
[2024-12-06T20:30:37.095+0000] {subprocess.py:106} INFO -  22700K .......... .......... .......... .......... .......... 68%  222M 0s
[2024-12-06T20:30:37.095+0000] {subprocess.py:106} INFO -  22750K .......... .......... .......... .......... .......... 68%  257M 0s
[2024-12-06T20:30:37.097+0000] {subprocess.py:106} INFO -  22800K .......... .......... .......... .......... .......... 68%  211M 0s
[2024-12-06T20:30:37.101+0000] {subprocess.py:106} INFO -  22850K .......... .......... .......... .......... .......... 68%  144M 0s
[2024-12-06T20:30:37.102+0000] {subprocess.py:106} INFO -  22900K .......... .......... .......... .......... .......... 69%  288M 0s
[2024-12-06T20:30:37.106+0000] {subprocess.py:106} INFO -  22950K .......... .......... .......... .......... .......... 69% 43.0M 0s
[2024-12-06T20:30:37.107+0000] {subprocess.py:106} INFO -  23000K .......... .......... .......... .......... .......... 69% 77.0M 0s
[2024-12-06T20:30:37.110+0000] {subprocess.py:106} INFO -  23050K .......... .......... .......... .......... .......... 69% 72.2M 0s
[2024-12-06T20:30:37.111+0000] {subprocess.py:106} INFO -  23100K .......... .......... .......... .......... .......... 69% 52.8M 0s
[2024-12-06T20:30:37.113+0000] {subprocess.py:106} INFO -  23150K .......... .......... .......... .......... .......... 69%  244M 0s
[2024-12-06T20:30:37.115+0000] {subprocess.py:106} INFO -  23200K .......... .......... .......... .......... .......... 69% 53.9M 0s
[2024-12-06T20:30:37.118+0000] {subprocess.py:106} INFO -  23250K .......... .......... .......... .......... .......... 70% 49.0M 0s
[2024-12-06T20:30:37.118+0000] {subprocess.py:106} INFO -  23300K .......... .......... .......... .......... .......... 70%  117M 0s
[2024-12-06T20:30:37.122+0000] {subprocess.py:106} INFO -  23350K .......... .......... .......... .......... .......... 70% 70.9M 0s
[2024-12-06T20:30:37.125+0000] {subprocess.py:106} INFO -  23400K .......... .......... .......... .......... .......... 70% 42.0M 0s
[2024-12-06T20:30:37.126+0000] {subprocess.py:106} INFO -  23450K .......... .......... .......... .......... .......... 70% 36.3M 0s
[2024-12-06T20:30:37.127+0000] {subprocess.py:106} INFO -  23500K .......... .......... .......... .......... .......... 70%  101M 0s
[2024-12-06T20:30:37.127+0000] {subprocess.py:106} INFO -  23550K .......... .......... .......... .......... .......... 71%  176M 0s
[2024-12-06T20:30:37.128+0000] {subprocess.py:106} INFO -  23600K .......... .......... .......... .......... .......... 71%  229M 0s
[2024-12-06T20:30:37.129+0000] {subprocess.py:106} INFO -  23650K .......... .......... .......... .......... .......... 71% 96.2M 0s
[2024-12-06T20:30:37.129+0000] {subprocess.py:106} INFO -  23700K .......... .......... .......... .......... .......... 71% 92.2M 0s
[2024-12-06T20:30:37.130+0000] {subprocess.py:106} INFO -  23750K .......... .......... .......... .......... .......... 71% 80.8M 0s
[2024-12-06T20:30:37.130+0000] {subprocess.py:106} INFO -  23800K .......... .......... .......... .......... .......... 71% 39.6M 0s
[2024-12-06T20:30:37.130+0000] {subprocess.py:106} INFO -  23850K .......... .......... .......... .......... .......... 71% 47.6M 0s
[2024-12-06T20:30:37.130+0000] {subprocess.py:106} INFO -  23900K .......... .......... .......... .......... .......... 72% 67.8M 0s
[2024-12-06T20:30:37.130+0000] {subprocess.py:106} INFO -  23950K .......... .......... .......... .......... .......... 72% 66.2M 0s
[2024-12-06T20:30:37.130+0000] {subprocess.py:106} INFO -  24000K .......... .......... .......... .......... .......... 72% 23.6M 0s
[2024-12-06T20:30:37.131+0000] {subprocess.py:106} INFO -  24050K .......... .......... .......... .......... .......... 72% 40.0M 0s
[2024-12-06T20:30:37.131+0000] {subprocess.py:106} INFO -  24100K .......... .......... .......... .......... .......... 72%  197M 0s
[2024-12-06T20:30:37.131+0000] {subprocess.py:106} INFO -  24150K .......... .......... .......... .......... .......... 72%  216M 0s
[2024-12-06T20:30:37.132+0000] {subprocess.py:106} INFO -  24200K .......... .......... .......... .......... .......... 72%  225M 0s
[2024-12-06T20:30:37.132+0000] {subprocess.py:106} INFO -  24250K .......... .......... .......... .......... .......... 73% 24.0M 0s
[2024-12-06T20:30:37.133+0000] {subprocess.py:106} INFO -  24300K .......... .......... .......... .......... .......... 73% 10.4M 0s
[2024-12-06T20:30:37.133+0000] {subprocess.py:106} INFO -  24350K .......... .......... .......... .......... .......... 73% 31.6M 0s
[2024-12-06T20:30:37.133+0000] {subprocess.py:106} INFO -  24400K .......... .......... .......... .......... .......... 73% 12.0M 0s
[2024-12-06T20:30:37.134+0000] {subprocess.py:106} INFO -  24450K .......... .......... .......... .......... .......... 73% 73.3M 0s
[2024-12-06T20:30:37.134+0000] {subprocess.py:106} INFO -  24500K .......... .......... .......... .......... .......... 73% 12.8M 0s
[2024-12-06T20:30:37.134+0000] {subprocess.py:106} INFO -  24550K .......... .......... .......... .......... .......... 74% 17.2M 0s
[2024-12-06T20:30:37.134+0000] {subprocess.py:106} INFO -  24600K .......... .......... .......... .......... .......... 74% 98.7M 0s
[2024-12-06T20:30:37.147+0000] {subprocess.py:106} INFO -  24650K .......... .......... .......... .......... .......... 74% 2.26M 0s
[2024-12-06T20:30:37.151+0000] {subprocess.py:106} INFO -  24700K .......... .......... .......... .......... .......... 74% 46.8M 0s
[2024-12-06T20:30:37.152+0000] {subprocess.py:106} INFO -  24750K .......... .......... .......... .......... .......... 74% 84.7M 0s
[2024-12-06T20:30:37.154+0000] {subprocess.py:106} INFO -  24800K .......... .......... .......... .......... .......... 74% 79.8M 0s
[2024-12-06T20:30:37.154+0000] {subprocess.py:106} INFO -  24850K .......... .......... .......... .......... .......... 74% 68.6M 0s
[2024-12-06T20:30:37.155+0000] {subprocess.py:106} INFO -  24900K .......... .......... .......... .......... .......... 75%  131M 0s
[2024-12-06T20:30:37.157+0000] {subprocess.py:106} INFO -  24950K .......... .......... .......... .......... .......... 75% 71.0M 0s
[2024-12-06T20:30:37.160+0000] {subprocess.py:106} INFO -  25000K .......... .......... .......... .......... .......... 75% 70.7M 0s
[2024-12-06T20:30:37.167+0000] {subprocess.py:106} INFO -  25050K .......... .......... .......... .......... .......... 75% 29.1M 0s
[2024-12-06T20:30:37.169+0000] {subprocess.py:106} INFO -  25100K .......... .......... .......... .......... .......... 75% 27.1M 0s
[2024-12-06T20:30:37.171+0000] {subprocess.py:106} INFO -  25150K .......... .......... .......... .......... .......... 75% 61.3M 0s
[2024-12-06T20:30:37.171+0000] {subprocess.py:106} INFO -  25200K .......... .......... .......... .......... .......... 76% 28.9M 0s
[2024-12-06T20:30:37.172+0000] {subprocess.py:106} INFO -  25250K .......... .......... .......... .......... .......... 76% 80.9M 0s
[2024-12-06T20:30:37.173+0000] {subprocess.py:106} INFO -  25300K .......... .......... .......... .......... .......... 76% 56.5M 0s
[2024-12-06T20:30:37.174+0000] {subprocess.py:106} INFO -  25350K .......... .......... .......... .......... .......... 76%  178M 0s
[2024-12-06T20:30:37.175+0000] {subprocess.py:106} INFO -  25400K .......... .......... .......... .......... .......... 76% 75.9M 0s
[2024-12-06T20:30:37.176+0000] {subprocess.py:106} INFO -  25450K .......... .......... .......... .......... .......... 76%  221M 0s
[2024-12-06T20:30:37.177+0000] {subprocess.py:106} INFO -  25500K .......... .......... .......... .......... .......... 76% 58.6M 0s
[2024-12-06T20:30:37.178+0000] {subprocess.py:106} INFO -  25550K .......... .......... .......... .......... .......... 77% 64.0M 0s
[2024-12-06T20:30:37.179+0000] {subprocess.py:106} INFO -  25600K .......... .......... .......... .......... .......... 77% 45.7M 0s
[2024-12-06T20:30:37.180+0000] {subprocess.py:106} INFO -  25650K .......... .......... .......... .......... .......... 77% 42.7M 0s
[2024-12-06T20:30:37.180+0000] {subprocess.py:106} INFO -  25700K .......... .......... .......... .......... .......... 77% 15.3M 0s
[2024-12-06T20:30:37.181+0000] {subprocess.py:106} INFO -  25750K .......... .......... .......... .......... .......... 77% 23.3M 0s
[2024-12-06T20:30:37.181+0000] {subprocess.py:106} INFO -  25800K .......... .......... .......... .......... .......... 77% 54.2M 0s
[2024-12-06T20:30:37.182+0000] {subprocess.py:106} INFO -  25850K .......... .......... .......... .......... .......... 77%  116M 0s
[2024-12-06T20:30:37.182+0000] {subprocess.py:106} INFO -  25900K .......... .......... .......... .......... .......... 78% 78.8M 0s
[2024-12-06T20:30:37.182+0000] {subprocess.py:106} INFO -  25950K .......... .......... .......... .......... .......... 78% 28.3M 0s
[2024-12-06T20:30:37.183+0000] {subprocess.py:106} INFO -  26000K .......... .......... .......... .......... .......... 78% 27.2M 0s
[2024-12-06T20:30:37.183+0000] {subprocess.py:106} INFO -  26050K .......... .......... .......... .......... .......... 78% 9.37M 0s
[2024-12-06T20:30:37.183+0000] {subprocess.py:106} INFO -  26100K .......... .......... .......... .......... .......... 78% 57.3M 0s
[2024-12-06T20:30:37.183+0000] {subprocess.py:106} INFO -  26150K .......... .......... .......... .......... .......... 78%  132M 0s
[2024-12-06T20:30:37.183+0000] {subprocess.py:106} INFO -  26200K .......... .......... .......... .......... .......... 79% 80.2M 0s
[2024-12-06T20:30:37.209+0000] {subprocess.py:106} INFO -  26250K .......... .......... .......... .......... .......... 79% 1.84M 0s
[2024-12-06T20:30:37.210+0000] {subprocess.py:106} INFO -  26300K .......... .......... .......... .......... .......... 79% 45.1M 0s
[2024-12-06T20:30:37.212+0000] {subprocess.py:106} INFO -  26350K .......... .......... .......... .......... .......... 79% 70.3M 0s
[2024-12-06T20:30:37.212+0000] {subprocess.py:106} INFO -  26400K .......... .......... .......... .......... .......... 79%  167M 0s
[2024-12-06T20:30:37.213+0000] {subprocess.py:106} INFO -  26450K .......... .......... .......... .......... .......... 79% 29.4M 0s
[2024-12-06T20:30:37.213+0000] {subprocess.py:106} INFO -  26500K .......... .......... .......... .......... .......... 79%  177M 0s
[2024-12-06T20:30:37.214+0000] {subprocess.py:106} INFO -  26550K .......... .......... .......... .......... .......... 80% 64.6M 0s
[2024-12-06T20:30:37.214+0000] {subprocess.py:106} INFO -  26600K .......... .......... .......... .......... .......... 80% 91.5M 0s
[2024-12-06T20:30:37.215+0000] {subprocess.py:106} INFO -  26650K .......... .......... .......... .......... .......... 80%  103M 0s
[2024-12-06T20:30:37.216+0000] {subprocess.py:106} INFO -  26700K .......... .......... .......... .......... .......... 80% 67.0M 0s
[2024-12-06T20:30:37.217+0000] {subprocess.py:106} INFO -  26750K .......... .......... .......... .......... .......... 80% 33.7M 0s
[2024-12-06T20:30:37.218+0000] {subprocess.py:106} INFO -  26800K .......... .......... .......... .......... .......... 80% 41.6M 0s
[2024-12-06T20:30:37.218+0000] {subprocess.py:106} INFO -  26850K .......... .......... .......... .......... .......... 80%  202M 0s
[2024-12-06T20:30:37.219+0000] {subprocess.py:106} INFO -  26900K .......... .......... .......... .......... .......... 81% 36.7M 0s
[2024-12-06T20:30:37.221+0000] {subprocess.py:106} INFO -  26950K .......... .......... .......... .......... .......... 81%  186M 0s
[2024-12-06T20:30:37.222+0000] {subprocess.py:106} INFO -  27000K .......... .......... .......... .......... .......... 81%  128M 0s
[2024-12-06T20:30:37.222+0000] {subprocess.py:106} INFO -  27050K .......... .......... .......... .......... .......... 81%  115M 0s
[2024-12-06T20:30:37.222+0000] {subprocess.py:106} INFO -  27100K .......... .......... .......... .......... .......... 81% 84.1M 0s
[2024-12-06T20:30:37.223+0000] {subprocess.py:106} INFO -  27150K .......... .......... .......... .......... .......... 81%  268M 0s
[2024-12-06T20:30:37.223+0000] {subprocess.py:106} INFO -  27200K .......... .......... .......... .......... .......... 82%  233M 0s
[2024-12-06T20:30:37.224+0000] {subprocess.py:106} INFO -  27250K .......... .......... .......... .......... .......... 82%  265M 0s
[2024-12-06T20:30:37.224+0000] {subprocess.py:106} INFO -  27300K .......... .......... .......... .......... .......... 82%  239M 0s
[2024-12-06T20:30:37.243+0000] {subprocess.py:106} INFO -  27350K .......... .......... .......... .......... .......... 82% 2.31M 0s
[2024-12-06T20:30:37.248+0000] {subprocess.py:106} INFO -  27400K .......... .......... .......... .......... .......... 82% 71.1M 0s
[2024-12-06T20:30:37.250+0000] {subprocess.py:106} INFO -  27450K .......... .......... .......... .......... .......... 82% 43.7M 0s
[2024-12-06T20:30:37.250+0000] {subprocess.py:106} INFO -  27500K .......... .......... .......... .......... .......... 82%  104M 0s
[2024-12-06T20:30:37.251+0000] {subprocess.py:106} INFO -  27550K .......... .......... .......... .......... .......... 83%  114M 0s
[2024-12-06T20:30:37.251+0000] {subprocess.py:106} INFO -  27600K .......... .......... .......... .......... .......... 83% 70.4M 0s
[2024-12-06T20:30:37.251+0000] {subprocess.py:106} INFO -  27650K .......... .......... .......... .......... .......... 83%  151M 0s
[2024-12-06T20:30:37.251+0000] {subprocess.py:106} INFO -  27700K .......... .......... .......... .......... .......... 83%  101M 0s
[2024-12-06T20:30:37.252+0000] {subprocess.py:106} INFO -  27750K .......... .......... .......... .......... .......... 83%  194M 0s
[2024-12-06T20:30:37.252+0000] {subprocess.py:106} INFO -  27800K .......... .......... .......... .......... .......... 83%  162M 0s
[2024-12-06T20:30:37.253+0000] {subprocess.py:106} INFO -  27850K .......... .......... .......... .......... .......... 83%  232M 0s
[2024-12-06T20:30:37.253+0000] {subprocess.py:106} INFO -  27900K .......... .......... .......... .......... .......... 84%  279M 0s
[2024-12-06T20:30:37.253+0000] {subprocess.py:106} INFO -  27950K .......... .......... .......... .......... .......... 84%  208M 0s
[2024-12-06T20:30:37.253+0000] {subprocess.py:106} INFO -  28000K .......... .......... .......... .......... .......... 84%  190M 0s
[2024-12-06T20:30:37.255+0000] {subprocess.py:106} INFO -  28050K .......... .......... .......... .......... .......... 84%  193M 0s
[2024-12-06T20:30:37.256+0000] {subprocess.py:106} INFO -  28100K .......... .......... .......... .......... .......... 84%  268M 0s
[2024-12-06T20:30:37.256+0000] {subprocess.py:106} INFO -  28150K .......... .......... .......... .......... .......... 84%  229M 0s
[2024-12-06T20:30:37.256+0000] {subprocess.py:106} INFO -  28200K .......... .......... .......... .......... .......... 85%  246M 0s
[2024-12-06T20:30:37.256+0000] {subprocess.py:106} INFO -  28250K .......... .......... .......... .......... .......... 85%  241M 0s
[2024-12-06T20:30:37.257+0000] {subprocess.py:106} INFO -  28300K .......... .......... .......... .......... .......... 85%  267M 0s
[2024-12-06T20:30:37.257+0000] {subprocess.py:106} INFO -  28350K .......... .......... .......... .......... .......... 85%  125M 0s
[2024-12-06T20:30:37.257+0000] {subprocess.py:106} INFO -  28400K .......... .......... .......... .......... .......... 85%  291M 0s
[2024-12-06T20:30:37.257+0000] {subprocess.py:106} INFO -  28450K .......... .......... .......... .......... .......... 85%  204M 0s
[2024-12-06T20:30:37.258+0000] {subprocess.py:106} INFO -  28500K .......... .......... .......... .......... .......... 85%  236M 0s
[2024-12-06T20:30:37.258+0000] {subprocess.py:106} INFO -  28550K .......... .......... .......... .......... .......... 86%  262M 0s
[2024-12-06T20:30:37.258+0000] {subprocess.py:106} INFO -  28600K .......... .......... .......... .......... .......... 86%  257M 0s
[2024-12-06T20:30:37.262+0000] {subprocess.py:106} INFO -  28650K .......... .......... .......... .......... .......... 86% 4.43M 0s
[2024-12-06T20:30:37.263+0000] {subprocess.py:106} INFO -  28700K .......... .......... .......... .......... .......... 86% 46.9M 0s
[2024-12-06T20:30:37.265+0000] {subprocess.py:106} INFO -  28750K .......... .......... .......... .......... .......... 86% 31.7M 0s
[2024-12-06T20:30:37.266+0000] {subprocess.py:106} INFO -  28800K .......... .......... .......... .......... .......... 86% 49.1M 0s
[2024-12-06T20:30:37.270+0000] {subprocess.py:106} INFO -  28850K .......... .......... .......... .......... .......... 86% 12.2M 0s
[2024-12-06T20:30:37.271+0000] {subprocess.py:106} INFO -  28900K .......... .......... .......... .......... .......... 87% 69.2M 0s
[2024-12-06T20:30:37.272+0000] {subprocess.py:106} INFO -  28950K .......... .......... .......... .......... .......... 87% 62.4M 0s
[2024-12-06T20:30:37.274+0000] {subprocess.py:106} INFO -  29000K .......... .......... .......... .......... .......... 87% 98.4M 0s
[2024-12-06T20:30:37.275+0000] {subprocess.py:106} INFO -  29050K .......... .......... .......... .......... .......... 87% 70.7M 0s
[2024-12-06T20:30:37.276+0000] {subprocess.py:106} INFO -  29100K .......... .......... .......... .......... .......... 87% 23.3M 0s
[2024-12-06T20:30:37.277+0000] {subprocess.py:106} INFO -  29150K .......... .......... .......... .......... .......... 87% 36.3M 0s
[2024-12-06T20:30:37.277+0000] {subprocess.py:106} INFO -  29200K .......... .......... .......... .......... .......... 88% 65.9M 0s
[2024-12-06T20:30:37.277+0000] {subprocess.py:106} INFO -  29250K .......... .......... .......... .......... .......... 88% 70.8M 0s
[2024-12-06T20:30:37.278+0000] {subprocess.py:106} INFO -  29300K .......... .......... .......... .......... .......... 88% 50.8M 0s
[2024-12-06T20:30:37.280+0000] {subprocess.py:106} INFO -  29350K .......... .......... .......... .......... .......... 88%  122M 0s
[2024-12-06T20:30:37.280+0000] {subprocess.py:106} INFO -  29400K .......... .......... .......... .......... .......... 88% 92.3M 0s
[2024-12-06T20:30:37.281+0000] {subprocess.py:106} INFO -  29450K .......... .......... .......... .......... .......... 88% 33.6M 0s
[2024-12-06T20:30:37.283+0000] {subprocess.py:106} INFO -  29500K .......... .......... .......... .......... .......... 88% 52.7M 0s
[2024-12-06T20:30:37.283+0000] {subprocess.py:106} INFO -  29550K .......... .......... .......... .......... .......... 89%  103M 0s
[2024-12-06T20:30:37.296+0000] {subprocess.py:106} INFO -  29600K .......... .......... .......... .......... .......... 89% 3.61M 0s
[2024-12-06T20:30:37.297+0000] {subprocess.py:106} INFO -  29650K .......... .......... .......... .......... .......... 89% 36.3M 0s
[2024-12-06T20:30:37.300+0000] {subprocess.py:106} INFO -  29700K .......... .......... .......... .......... .......... 89% 95.0M 0s
[2024-12-06T20:30:37.301+0000] {subprocess.py:106} INFO -  29750K .......... .......... .......... .......... .......... 89%  182M 0s
[2024-12-06T20:30:37.301+0000] {subprocess.py:106} INFO -  29800K .......... .......... .......... .......... .......... 89% 60.5M 0s
[2024-12-06T20:30:37.302+0000] {subprocess.py:106} INFO -  29850K .......... .......... .......... .......... .......... 90% 27.2M 0s
[2024-12-06T20:30:37.303+0000] {subprocess.py:106} INFO -  29900K .......... .......... .......... .......... .......... 90% 67.7M 0s
[2024-12-06T20:30:37.303+0000] {subprocess.py:106} INFO -  29950K .......... .......... .......... .......... .......... 90%  188M 0s
[2024-12-06T20:30:37.304+0000] {subprocess.py:106} INFO -  30000K .......... .......... .......... .......... .......... 90%  283M 0s
[2024-12-06T20:30:37.307+0000] {subprocess.py:106} INFO -  30050K .......... .......... .......... .......... .......... 90%  221M 0s
[2024-12-06T20:30:37.308+0000] {subprocess.py:106} INFO -  30100K .......... .......... .......... .......... .......... 90% 76.3M 0s
[2024-12-06T20:30:37.309+0000] {subprocess.py:106} INFO -  30150K .......... .......... .......... .......... .......... 90% 83.4M 0s
[2024-12-06T20:30:37.310+0000] {subprocess.py:106} INFO -  30200K .......... .......... .......... .......... .......... 91%  291M 0s
[2024-12-06T20:30:37.310+0000] {subprocess.py:106} INFO -  30250K .......... .......... .......... .......... .......... 91%  292M 0s
[2024-12-06T20:30:37.311+0000] {subprocess.py:106} INFO -  30300K .......... .......... .......... .......... .......... 91% 66.7M 0s
[2024-12-06T20:30:37.312+0000] {subprocess.py:106} INFO -  30350K .......... .......... .......... .......... .......... 91%  140M 0s
[2024-12-06T20:30:37.313+0000] {subprocess.py:106} INFO -  30400K .......... .......... .......... .......... .......... 91% 73.2M 0s
[2024-12-06T20:30:37.313+0000] {subprocess.py:106} INFO -  30450K .......... .......... .......... .......... .......... 91%  133M 0s
[2024-12-06T20:30:37.313+0000] {subprocess.py:106} INFO -  30500K .......... .......... .......... .......... .......... 91%  169M 0s
[2024-12-06T20:30:37.314+0000] {subprocess.py:106} INFO -  30550K .......... .......... .......... .......... .......... 92%  202M 0s
[2024-12-06T20:30:37.315+0000] {subprocess.py:106} INFO -  30600K .......... .......... .......... .......... .......... 92%  118M 0s
[2024-12-06T20:30:37.315+0000] {subprocess.py:106} INFO -  30650K .......... .......... .......... .......... .......... 92%  320M 0s
[2024-12-06T20:30:37.315+0000] {subprocess.py:106} INFO -  30700K .......... .......... .......... .......... .......... 92%  253M 0s
[2024-12-06T20:30:37.316+0000] {subprocess.py:106} INFO -  30750K .......... .......... .......... .......... .......... 92% 73.6M 0s
[2024-12-06T20:30:37.316+0000] {subprocess.py:106} INFO -  30800K .......... .......... .......... .......... .......... 92% 95.1M 0s
[2024-12-06T20:30:37.317+0000] {subprocess.py:106} INFO -  30850K .......... .......... .......... .......... .......... 93% 96.9M 0s
[2024-12-06T20:30:37.317+0000] {subprocess.py:106} INFO -  30900K .......... .......... .......... .......... .......... 93% 76.8M 0s
[2024-12-06T20:30:37.317+0000] {subprocess.py:106} INFO -  30950K .......... .......... .......... .......... .......... 93%  152M 0s
[2024-12-06T20:30:37.317+0000] {subprocess.py:106} INFO -  31000K .......... .......... .......... .......... .......... 93%  110M 0s
[2024-12-06T20:30:37.318+0000] {subprocess.py:106} INFO -  31050K .......... .......... .......... .......... .......... 93% 64.4M 0s
[2024-12-06T20:30:37.318+0000] {subprocess.py:106} INFO -  31100K .......... .......... .......... .......... .......... 93% 31.5M 0s
[2024-12-06T20:30:37.318+0000] {subprocess.py:106} INFO -  31150K .......... .......... .......... .......... .......... 93% 24.1M 0s
[2024-12-06T20:30:37.318+0000] {subprocess.py:106} INFO -  31200K .......... .......... .......... .......... .......... 94% 66.4M 0s
[2024-12-06T20:30:37.319+0000] {subprocess.py:106} INFO -  31250K .......... .......... .......... .......... .......... 94% 53.5M 0s
[2024-12-06T20:30:37.323+0000] {subprocess.py:106} INFO -  31300K .......... .......... .......... .......... .......... 94% 11.5M 0s
[2024-12-06T20:30:37.324+0000] {subprocess.py:106} INFO -  31350K .......... .......... .......... .......... .......... 94% 31.3M 0s
[2024-12-06T20:30:37.324+0000] {subprocess.py:106} INFO -  31400K .......... .......... .......... .......... .......... 94% 71.0M 0s
[2024-12-06T20:30:37.325+0000] {subprocess.py:106} INFO -  31450K .......... .......... .......... .......... .......... 94% 21.9M 0s
[2024-12-06T20:30:37.325+0000] {subprocess.py:106} INFO -  31500K .......... .......... .......... .......... .......... 94%  170M 0s
[2024-12-06T20:30:37.326+0000] {subprocess.py:106} INFO -  31550K .......... .......... .......... .......... .......... 95%  149M 0s
[2024-12-06T20:30:37.326+0000] {subprocess.py:106} INFO -  31600K .......... .......... .......... .......... .......... 95% 34.7M 0s
[2024-12-06T20:30:37.327+0000] {subprocess.py:106} INFO -  31650K .......... .......... .......... .......... .......... 95% 77.3M 0s
[2024-12-06T20:30:37.329+0000] {subprocess.py:106} INFO -  31700K .......... .......... .......... .......... .......... 95% 29.8M 0s
[2024-12-06T20:30:37.330+0000] {subprocess.py:106} INFO -  31750K .......... .......... .......... .......... .......... 95% 59.0M 0s
[2024-12-06T20:30:37.331+0000] {subprocess.py:106} INFO -  31800K .......... .......... .......... .......... .......... 95% 32.1M 0s
[2024-12-06T20:30:37.333+0000] {subprocess.py:106} INFO -  31850K .......... .......... .......... .......... .......... 96% 30.0M 0s
[2024-12-06T20:30:37.334+0000] {subprocess.py:106} INFO -  31900K .......... .......... .......... .......... .......... 96% 34.7M 0s
[2024-12-06T20:30:37.335+0000] {subprocess.py:106} INFO -  31950K .......... .......... .......... .......... .......... 96% 37.7M 0s
[2024-12-06T20:30:37.336+0000] {subprocess.py:106} INFO -  32000K .......... .......... .......... .......... .......... 96% 44.2M 0s
[2024-12-06T20:30:37.338+0000] {subprocess.py:106} INFO -  32050K .......... .......... .......... .......... .......... 96% 32.3M 0s
[2024-12-06T20:30:37.339+0000] {subprocess.py:106} INFO -  32100K .......... .......... .......... .......... .......... 96% 53.3M 0s
[2024-12-06T20:30:37.340+0000] {subprocess.py:106} INFO -  32150K .......... .......... .......... .......... .......... 96% 37.3M 0s
[2024-12-06T20:30:37.341+0000] {subprocess.py:106} INFO -  32200K .......... .......... .......... .......... .......... 97% 42.2M 0s
[2024-12-06T20:30:37.342+0000] {subprocess.py:106} INFO -  32250K .......... .......... .......... .......... .......... 97% 57.3M 0s
[2024-12-06T20:30:37.343+0000] {subprocess.py:106} INFO -  32300K .......... .......... .......... .......... .......... 97% 38.3M 0s
[2024-12-06T20:30:37.345+0000] {subprocess.py:106} INFO -  32350K .......... .......... .......... .......... .......... 97% 31.3M 0s
[2024-12-06T20:30:37.346+0000] {subprocess.py:106} INFO -  32400K .......... .......... .......... .......... .......... 97% 45.6M 0s
[2024-12-06T20:30:37.347+0000] {subprocess.py:106} INFO -  32450K .......... .......... .......... .......... .......... 97% 79.4M 0s
[2024-12-06T20:30:37.348+0000] {subprocess.py:106} INFO -  32500K .......... .......... .......... .......... .......... 97% 44.8M 0s
[2024-12-06T20:30:37.349+0000] {subprocess.py:106} INFO -  32550K .......... .......... .......... .......... .......... 98% 33.2M 0s
[2024-12-06T20:30:37.350+0000] {subprocess.py:106} INFO -  32600K .......... .......... .......... .......... .......... 98% 49.3M 0s
[2024-12-06T20:30:37.352+0000] {subprocess.py:106} INFO -  32650K .......... .......... .......... .......... .......... 98% 41.1M 0s
[2024-12-06T20:30:37.353+0000] {subprocess.py:106} INFO -  32700K .......... .......... .......... .......... .......... 98% 64.0M 0s
[2024-12-06T20:30:37.354+0000] {subprocess.py:106} INFO -  32750K .......... .......... .......... .......... .......... 98% 28.1M 0s
[2024-12-06T20:30:37.355+0000] {subprocess.py:106} INFO -  32800K .......... .......... .......... .......... .......... 98% 59.2M 0s
[2024-12-06T20:30:37.356+0000] {subprocess.py:106} INFO -  32850K .......... .......... .......... .......... .......... 99% 40.5M 0s
[2024-12-06T20:30:37.357+0000] {subprocess.py:106} INFO -  32900K .......... .......... .......... .......... .......... 99% 50.1M 0s
[2024-12-06T20:30:37.358+0000] {subprocess.py:106} INFO -  32950K .......... .......... .......... .......... .......... 99% 49.6M 0s
[2024-12-06T20:30:37.359+0000] {subprocess.py:106} INFO -  33000K .......... .......... .......... .......... .......... 99% 37.4M 0s
[2024-12-06T20:30:37.360+0000] {subprocess.py:106} INFO -  33050K .......... .......... .......... .......... .......... 99% 53.2M 0s
[2024-12-06T20:30:37.361+0000] {subprocess.py:106} INFO -  33100K .......... .......... .......... .......... .......... 99% 37.8M 0s
[2024-12-06T20:30:37.363+0000] {subprocess.py:106} INFO -  33150K .......... .......... .......... .......... .......... 99% 43.4M 0s
[2024-12-06T20:30:37.363+0000] {subprocess.py:106} INFO -  33200K .......... .......... .                               100%  232M=1.1s
[2024-12-06T20:30:37.363+0000] {subprocess.py:106} INFO - 
[2024-12-06T20:30:37.364+0000] {subprocess.py:106} INFO - 2024-12-06 20:30:37 (28.3 MB/s) - ‘/opt/***/output_2021-04.parquet’ saved [34018560/34018560]
[2024-12-06T20:30:37.364+0000] {subprocess.py:106} INFO - 
[2024-12-06T20:30:37.364+0000] {subprocess.py:110} INFO - Command exited with return code 0
[2024-12-06T20:30:37.389+0000] {taskinstance.py:340} INFO - ::group::Post task execution logs
[2024-12-06T20:30:37.390+0000] {taskinstance.py:352} INFO - Marking task as SUCCESS. dag_id=LocalIngestionDag_v02, task_id=wget, run_id=scheduled__2021-04-02T06:00:00+00:00, execution_date=20210402T060000, start_date=20241206T203035, end_date=20241206T203037
[2024-12-06T20:30:37.422+0000] {local_task_job_runner.py:266} INFO - Task exited with return code 0
[2024-12-06T20:30:37.436+0000] {taskinstance.py:3895} INFO - 1 downstream tasks scheduled from follow-on schedule check
[2024-12-06T20:30:37.437+0000] {local_task_job_runner.py:245} INFO - ::endgroup::
